[2024-05-02 11:05:24,153] {taskinstance.py:877} INFO - Dependencies all met for <TaskInstance: json_file.step2_Decidewhichtask 2024-05-02T11:05:16.753874+00:00 [queued]>
[2024-05-02 11:05:24,191] {taskinstance.py:877} INFO - Dependencies all met for <TaskInstance: json_file.step2_Decidewhichtask 2024-05-02T11:05:16.753874+00:00 [queued]>
[2024-05-02 11:05:24,194] {taskinstance.py:1068} INFO - 
--------------------------------------------------------------------------------
[2024-05-02 11:05:24,195] {taskinstance.py:1069} INFO - Starting attempt 1 of 1
[2024-05-02 11:05:24,196] {taskinstance.py:1070} INFO - 
--------------------------------------------------------------------------------
[2024-05-02 11:05:24,218] {taskinstance.py:1089} INFO - Executing <Task(BranchPythonOperator): step2_Decidewhichtask> on 2024-05-02T11:05:16.753874+00:00
[2024-05-02 11:05:24,245] {standard_task_runner.py:76} INFO - Running: ['airflow', 'tasks', 'run', 'json_file', 'step2_Decidewhichtask', '2024-05-02T11:05:16.753874+00:00', '--job-id', '14231', '--pool', 'default_pool', '--raw', '--subdir', 'DAGS_FOLDER/json_file.py', '--cfg-path', '/tmp/tmp0gka37fs', '--error-file', '/tmp/tmpum33fd68']
[2024-05-02 11:05:24,247] {standard_task_runner.py:77} INFO - Job 14231: Subtask step2_Decidewhichtask
[2024-05-02 11:05:24,233] {standard_task_runner.py:52} INFO - Started process 398 to run task
[2024-05-02 11:05:24,429] {logging_mixin.py:104} INFO - Running <TaskInstance: json_file.step2_Decidewhichtask 2024-05-02T11:05:16.753874+00:00 [running]> on host c6f0c13ba6da
[2024-05-02 11:05:24,557] {taskinstance.py:1283} INFO - Exporting the following env vars:
AIRFLOW_CTX_DAG_OWNER=airflow
AIRFLOW_CTX_DAG_ID=json_file
AIRFLOW_CTX_TASK_ID=step2_Decidewhichtask
AIRFLOW_CTX_EXECUTION_DATE=2024-05-02T11:05:16.753874+00:00
AIRFLOW_CTX_DAG_RUN_ID=manual__2024-05-02T11:05:16.753874+00:00
[2024-05-02 11:05:24,578] {python.py:118} INFO - Done. Returned value was: step2_dummy_pari
[2024-05-02 11:05:24,579] {skipmixin.py:124} INFO - Following branch step2_dummy_pari
[2024-05-02 11:05:24,617] {skipmixin.py:155} INFO - Skipping tasks ['step2_dummy_dispari']
[2024-05-02 11:05:24,749] {taskinstance.py:1192} INFO - Marking task as SUCCESS. dag_id=json_file, task_id=step2_Decidewhichtask, execution_date=20240502T110516, start_date=20240502T110524, end_date=20240502T110524
[2024-05-02 11:05:24,838] {taskinstance.py:1246} INFO - 1 downstream tasks scheduled from follow-on schedule check
[2024-05-02 11:05:24,880] {local_task_job.py:146} INFO - Task exited with return code 0
