[2024-04-26 07:57:09,518] {taskinstance.py:877} INFO - Dependencies all met for <TaskInstance: json_file.step2_JsonRead 2024-04-26T07:57:06.948875+00:00 [queued]>
[2024-04-26 07:57:09,546] {taskinstance.py:877} INFO - Dependencies all met for <TaskInstance: json_file.step2_JsonRead 2024-04-26T07:57:06.948875+00:00 [queued]>
[2024-04-26 07:57:09,548] {taskinstance.py:1068} INFO - 
--------------------------------------------------------------------------------
[2024-04-26 07:57:09,548] {taskinstance.py:1069} INFO - Starting attempt 1 of 1
[2024-04-26 07:57:09,549] {taskinstance.py:1070} INFO - 
--------------------------------------------------------------------------------
[2024-04-26 07:57:09,580] {taskinstance.py:1089} INFO - Executing <Task(PythonOperator): step2_JsonRead> on 2024-04-26T07:57:06.948875+00:00
[2024-04-26 07:57:09,593] {standard_task_runner.py:52} INFO - Started process 95 to run task
[2024-04-26 07:57:09,605] {standard_task_runner.py:76} INFO - Running: ['airflow', 'tasks', 'run', 'json_file', 'step2_JsonRead', '2024-04-26T07:57:06.948875+00:00', '--job-id', '14048', '--pool', 'default_pool', '--raw', '--subdir', 'DAGS_FOLDER/json_file.py', '--cfg-path', '/tmp/tmptb7e89sg', '--error-file', '/tmp/tmpsfmdqcwc']
[2024-04-26 07:57:09,606] {standard_task_runner.py:77} INFO - Job 14048: Subtask step2_JsonRead
[2024-04-26 07:57:09,779] {logging_mixin.py:104} INFO - Running <TaskInstance: json_file.step2_JsonRead 2024-04-26T07:57:06.948875+00:00 [running]> on host c6f0c13ba6da
[2024-04-26 07:57:09,935] {taskinstance.py:1283} INFO - Exporting the following env vars:
AIRFLOW_CTX_DAG_OWNER=airflow
AIRFLOW_CTX_DAG_ID=json_file
AIRFLOW_CTX_TASK_ID=step2_JsonRead
AIRFLOW_CTX_EXECUTION_DATE=2024-04-26T07:57:06.948875+00:00
AIRFLOW_CTX_DAG_RUN_ID=manual__2024-04-26T07:57:06.948875+00:00
[2024-04-26 07:57:09,941] {python.py:118} INFO - Done. Returned value was: echo 'step2'
[2024-04-26 07:57:10,034] {taskinstance.py:1192} INFO - Marking task as SUCCESS. dag_id=json_file, task_id=step2_JsonRead, execution_date=20240426T075706, start_date=20240426T075709, end_date=20240426T075710
[2024-04-26 07:57:10,113] {taskinstance.py:1246} INFO - 1 downstream tasks scheduled from follow-on schedule check
[2024-04-26 07:57:10,161] {local_task_job.py:146} INFO - Task exited with return code 0
