[2024-04-30 16:09:50,404] {taskinstance.py:877} INFO - Dependencies all met for <TaskInstance: json_file.step2_JsonRead 2024-04-25T17:34:06.305463+00:00 [queued]>
[2024-04-30 16:09:50,628] {taskinstance.py:877} INFO - Dependencies all met for <TaskInstance: json_file.step2_JsonRead 2024-04-25T17:34:06.305463+00:00 [queued]>
[2024-04-30 16:09:50,632] {taskinstance.py:1068} INFO - 
--------------------------------------------------------------------------------
[2024-04-30 16:09:50,636] {taskinstance.py:1069} INFO - Starting attempt 1 of 1
[2024-04-30 16:09:50,645] {taskinstance.py:1070} INFO - 
--------------------------------------------------------------------------------
[2024-04-30 16:09:50,726] {taskinstance.py:1089} INFO - Executing <Task(PythonOperator): step2_JsonRead> on 2024-04-25T17:34:06.305463+00:00
[2024-04-30 16:09:50,768] {standard_task_runner.py:52} INFO - Started process 59 to run task
[2024-04-30 16:09:51,072] {standard_task_runner.py:76} INFO - Running: ['airflow', 'tasks', 'run', 'json_file', 'step2_JsonRead', '2024-04-25T17:34:06.305463+00:00', '--job-id', '14086', '--pool', 'default_pool', '--raw', '--subdir', 'DAGS_FOLDER/json_file.py', '--cfg-path', '/tmp/tmp5k9_2_j0', '--error-file', '/tmp/tmpapzlxun3']
[2024-04-30 16:09:51,092] {standard_task_runner.py:77} INFO - Job 14086: Subtask step2_JsonRead
[2024-04-30 16:09:52,137] {logging_mixin.py:104} INFO - Running <TaskInstance: json_file.step2_JsonRead 2024-04-25T17:34:06.305463+00:00 [running]> on host c6f0c13ba6da
[2024-04-30 16:09:53,038] {taskinstance.py:1283} INFO - Exporting the following env vars:
AIRFLOW_CTX_DAG_OWNER=airflow
AIRFLOW_CTX_DAG_ID=json_file
AIRFLOW_CTX_TASK_ID=step2_JsonRead
AIRFLOW_CTX_EXECUTION_DATE=2024-04-25T17:34:06.305463+00:00
AIRFLOW_CTX_DAG_RUN_ID=scheduled__2024-04-25T17:34:06.305463+00:00
[2024-04-30 16:09:53,082] {python.py:118} INFO - Done. Returned value was: echo 'step2'
[2024-04-30 16:09:53,313] {taskinstance.py:1192} INFO - Marking task as SUCCESS. dag_id=json_file, task_id=step2_JsonRead, execution_date=20240425T173406, start_date=20240430T160950, end_date=20240430T160953
[2024-04-30 16:09:53,754] {taskinstance.py:1246} INFO - 1 downstream tasks scheduled from follow-on schedule check
[2024-04-30 16:09:53,918] {local_task_job.py:146} INFO - Task exited with return code 0
