[2024-05-02 11:04:22,995] {taskinstance.py:877} INFO - Dependencies all met for <TaskInstance: json_file.step1_JsonRead 2024-05-02T11:04:20.702296+00:00 [queued]>
[2024-05-02 11:04:23,084] {taskinstance.py:877} INFO - Dependencies all met for <TaskInstance: json_file.step1_JsonRead 2024-05-02T11:04:20.702296+00:00 [queued]>
[2024-05-02 11:04:23,086] {taskinstance.py:1068} INFO - 
--------------------------------------------------------------------------------
[2024-05-02 11:04:23,086] {taskinstance.py:1069} INFO - Starting attempt 1 of 1
[2024-05-02 11:04:23,087] {taskinstance.py:1070} INFO - 
--------------------------------------------------------------------------------
[2024-05-02 11:04:23,110] {taskinstance.py:1089} INFO - Executing <Task(PythonOperator): step1_JsonRead> on 2024-05-02T11:04:20.702296+00:00
[2024-05-02 11:04:23,130] {standard_task_runner.py:52} INFO - Started process 361 to run task
[2024-05-02 11:04:23,241] {standard_task_runner.py:76} INFO - Running: ['airflow', 'tasks', 'run', 'json_file', 'step1_JsonRead', '2024-05-02T11:04:20.702296+00:00', '--job-id', '14215', '--pool', 'default_pool', '--raw', '--subdir', 'DAGS_FOLDER/json_file.py', '--cfg-path', '/tmp/tmpjwixhs0d', '--error-file', '/tmp/tmpjz_0z1m8']
[2024-05-02 11:04:23,244] {standard_task_runner.py:77} INFO - Job 14215: Subtask step1_JsonRead
[2024-05-02 11:04:23,612] {logging_mixin.py:104} INFO - Running <TaskInstance: json_file.step1_JsonRead 2024-05-02T11:04:20.702296+00:00 [running]> on host c6f0c13ba6da
[2024-05-02 11:04:23,796] {taskinstance.py:1283} INFO - Exporting the following env vars:
AIRFLOW_CTX_DAG_OWNER=airflow
AIRFLOW_CTX_DAG_ID=json_file
AIRFLOW_CTX_TASK_ID=step1_JsonRead
AIRFLOW_CTX_EXECUTION_DATE=2024-05-02T11:04:20.702296+00:00
AIRFLOW_CTX_DAG_RUN_ID=manual__2024-05-02T11:04:20.702296+00:00
[2024-05-02 11:04:23,800] {python.py:118} INFO - Done. Returned value was: echo 'step1'
[2024-05-02 11:04:23,931] {taskinstance.py:1192} INFO - Marking task as SUCCESS. dag_id=json_file, task_id=step1_JsonRead, execution_date=20240502T110420, start_date=20240502T110423, end_date=20240502T110423
[2024-05-02 11:04:24,019] {taskinstance.py:1246} INFO - 1 downstream tasks scheduled from follow-on schedule check
[2024-05-02 11:04:24,071] {local_task_job.py:146} INFO - Task exited with return code 0
