[2024-04-30 16:09:50,371] {taskinstance.py:877} INFO - Dependencies all met for <TaskInstance: json_file.step3_JsonRead 2024-04-25T17:34:06.305463+00:00 [queued]>
[2024-04-30 16:09:50,525] {taskinstance.py:877} INFO - Dependencies all met for <TaskInstance: json_file.step3_JsonRead 2024-04-25T17:34:06.305463+00:00 [queued]>
[2024-04-30 16:09:50,530] {taskinstance.py:1068} INFO - 
--------------------------------------------------------------------------------
[2024-04-30 16:09:50,535] {taskinstance.py:1069} INFO - Starting attempt 1 of 1
[2024-04-30 16:09:50,538] {taskinstance.py:1070} INFO - 
--------------------------------------------------------------------------------
[2024-04-30 16:09:50,662] {taskinstance.py:1089} INFO - Executing <Task(PythonOperator): step3_JsonRead> on 2024-04-25T17:34:06.305463+00:00
[2024-04-30 16:09:51,353] {standard_task_runner.py:76} INFO - Running: ['airflow', 'tasks', 'run', 'json_file', 'step3_JsonRead', '2024-04-25T17:34:06.305463+00:00', '--job-id', '14084', '--pool', 'default_pool', '--raw', '--subdir', 'DAGS_FOLDER/json_file.py', '--cfg-path', '/tmp/tmp744dmv1j', '--error-file', '/tmp/tmpzgse_0tw']
[2024-04-30 16:09:51,385] {standard_task_runner.py:77} INFO - Job 14084: Subtask step3_JsonRead
[2024-04-30 16:09:50,772] {standard_task_runner.py:52} INFO - Started process 58 to run task
[2024-04-30 16:09:52,409] {logging_mixin.py:104} INFO - Running <TaskInstance: json_file.step3_JsonRead 2024-04-25T17:34:06.305463+00:00 [running]> on host c6f0c13ba6da
[2024-04-30 16:09:53,209] {taskinstance.py:1283} INFO - Exporting the following env vars:
AIRFLOW_CTX_DAG_OWNER=airflow
AIRFLOW_CTX_DAG_ID=json_file
AIRFLOW_CTX_TASK_ID=step3_JsonRead
AIRFLOW_CTX_EXECUTION_DATE=2024-04-25T17:34:06.305463+00:00
AIRFLOW_CTX_DAG_RUN_ID=scheduled__2024-04-25T17:34:06.305463+00:00
[2024-04-30 16:09:53,255] {python.py:118} INFO - Done. Returned value was: echo 'step3'
[2024-04-30 16:09:53,637] {taskinstance.py:1192} INFO - Marking task as SUCCESS. dag_id=json_file, task_id=step3_JsonRead, execution_date=20240425T173406, start_date=20240430T160950, end_date=20240430T160953
[2024-04-30 16:09:53,957] {taskinstance.py:1246} INFO - 0 downstream tasks scheduled from follow-on schedule check
[2024-04-30 16:09:54,086] {local_task_job.py:146} INFO - Task exited with return code 0
