[2024-05-02 11:16:17,948] {taskinstance.py:877} INFO - Dependencies all met for <TaskInstance: json_file_chain.step3_Decidewhichtask 2024-05-02T11:16:04.171857+00:00 [queued]>
[2024-05-02 11:16:17,972] {taskinstance.py:877} INFO - Dependencies all met for <TaskInstance: json_file_chain.step3_Decidewhichtask 2024-05-02T11:16:04.171857+00:00 [queued]>
[2024-05-02 11:16:17,972] {taskinstance.py:1068} INFO - 
--------------------------------------------------------------------------------
[2024-05-02 11:16:17,976] {taskinstance.py:1069} INFO - Starting attempt 1 of 1
[2024-05-02 11:16:17,978] {taskinstance.py:1070} INFO - 
--------------------------------------------------------------------------------
[2024-05-02 11:16:17,991] {taskinstance.py:1089} INFO - Executing <Task(BranchPythonOperator): step3_Decidewhichtask> on 2024-05-02T11:16:04.171857+00:00
[2024-05-02 11:16:18,009] {standard_task_runner.py:76} INFO - Running: ['airflow', 'tasks', 'run', 'json_file_chain', 'step3_Decidewhichtask', '2024-05-02T11:16:04.171857+00:00', '--job-id', '14250', '--pool', 'default_pool', '--raw', '--subdir', 'DAGS_FOLDER/json_file_chain.py', '--cfg-path', '/tmp/tmpczcyztwx', '--error-file', '/tmp/tmpjdpnhzvk']
[2024-05-02 11:16:18,004] {standard_task_runner.py:52} INFO - Started process 441 to run task
[2024-05-02 11:16:18,013] {standard_task_runner.py:77} INFO - Job 14250: Subtask step3_Decidewhichtask
[2024-05-02 11:16:18,095] {logging_mixin.py:104} INFO - Running <TaskInstance: json_file_chain.step3_Decidewhichtask 2024-05-02T11:16:04.171857+00:00 [running]> on host c6f0c13ba6da
[2024-05-02 11:16:18,137] {taskinstance.py:1283} INFO - Exporting the following env vars:
AIRFLOW_CTX_DAG_OWNER=airflow
AIRFLOW_CTX_DAG_ID=json_file_chain
AIRFLOW_CTX_TASK_ID=step3_Decidewhichtask
AIRFLOW_CTX_EXECUTION_DATE=2024-05-02T11:16:04.171857+00:00
AIRFLOW_CTX_DAG_RUN_ID=manual__2024-05-02T11:16:04.171857+00:00
[2024-05-02 11:16:18,145] {python.py:118} INFO - Done. Returned value was: step3_dummy_dispari
[2024-05-02 11:16:18,146] {skipmixin.py:124} INFO - Following branch step3_dummy_dispari
[2024-05-02 11:16:18,155] {skipmixin.py:155} INFO - Skipping tasks ['step3_dummy_pari']
[2024-05-02 11:16:18,203] {taskinstance.py:1192} INFO - Marking task as SUCCESS. dag_id=json_file_chain, task_id=step3_Decidewhichtask, execution_date=20240502T111604, start_date=20240502T111617, end_date=20240502T111618
[2024-05-02 11:16:18,235] {taskinstance.py:1246} INFO - 1 downstream tasks scheduled from follow-on schedule check
[2024-05-02 11:16:18,269] {local_task_job.py:146} INFO - Task exited with return code 0
