[2024-04-26 08:03:02,813] {taskinstance.py:877} INFO - Dependencies all met for <TaskInstance: json_file.step2_BashCommand 2024-04-26T08:03:00.159028+00:00 [queued]>
[2024-04-26 08:03:02,825] {taskinstance.py:877} INFO - Dependencies all met for <TaskInstance: json_file.step2_BashCommand 2024-04-26T08:03:00.159028+00:00 [queued]>
[2024-04-26 08:03:02,825] {taskinstance.py:1068} INFO - 
--------------------------------------------------------------------------------
[2024-04-26 08:03:02,825] {taskinstance.py:1069} INFO - Starting attempt 1 of 1
[2024-04-26 08:03:02,826] {taskinstance.py:1070} INFO - 
--------------------------------------------------------------------------------
[2024-04-26 08:03:02,841] {taskinstance.py:1089} INFO - Executing <Task(BashOperator): step2_BashCommand> on 2024-04-26T08:03:00.159028+00:00
[2024-04-26 08:03:02,845] {standard_task_runner.py:52} INFO - Started process 123 to run task
[2024-04-26 08:03:02,849] {standard_task_runner.py:76} INFO - Running: ['airflow', 'tasks', 'run', 'json_file', 'step2_BashCommand', '2024-04-26T08:03:00.159028+00:00', '--job-id', '14058', '--pool', 'default_pool', '--raw', '--subdir', 'DAGS_FOLDER/json_file.py', '--cfg-path', '/tmp/tmpuak_uti4', '--error-file', '/tmp/tmpzqw8kpc6']
[2024-04-26 08:03:02,850] {standard_task_runner.py:77} INFO - Job 14058: Subtask step2_BashCommand
[2024-04-26 08:03:02,898] {logging_mixin.py:104} INFO - Running <TaskInstance: json_file.step2_BashCommand 2024-04-26T08:03:00.159028+00:00 [running]> on host c6f0c13ba6da
[2024-04-26 08:03:02,950] {taskinstance.py:1283} INFO - Exporting the following env vars:
AIRFLOW_CTX_DAG_OWNER=airflow
AIRFLOW_CTX_DAG_ID=json_file
AIRFLOW_CTX_TASK_ID=step2_BashCommand
AIRFLOW_CTX_EXECUTION_DATE=2024-04-26T08:03:00.159028+00:00
AIRFLOW_CTX_DAG_RUN_ID=manual__2024-04-26T08:03:00.159028+00:00
[2024-04-26 08:03:02,950] {bash.py:135} INFO - Tmp dir root location: 
 /tmp
[2024-04-26 08:03:02,959] {bash.py:158} INFO - Running command: echo 'step2'
[2024-04-26 08:03:02,979] {bash.py:169} INFO - Output:
[2024-04-26 08:03:02,982] {bash.py:173} INFO - step2
[2024-04-26 08:03:02,982] {bash.py:177} INFO - Command exited with return code 0
[2024-04-26 08:03:03,014] {taskinstance.py:1192} INFO - Marking task as SUCCESS. dag_id=json_file, task_id=step2_BashCommand, execution_date=20240426T080300, start_date=20240426T080302, end_date=20240426T080303
[2024-04-26 08:03:03,056] {taskinstance.py:1246} INFO - 1 downstream tasks scheduled from follow-on schedule check
[2024-04-26 08:03:03,064] {local_task_job.py:146} INFO - Task exited with return code 0
