[2024-05-02 11:00:54,352] {taskinstance.py:877} INFO - Dependencies all met for <TaskInstance: json_file_chain.step1_Decidewhichtask 2024-05-02T11:00:48.039496+00:00 [queued]>
[2024-05-02 11:00:54,370] {taskinstance.py:877} INFO - Dependencies all met for <TaskInstance: json_file_chain.step1_Decidewhichtask 2024-05-02T11:00:48.039496+00:00 [queued]>
[2024-05-02 11:00:54,371] {taskinstance.py:1068} INFO - 
--------------------------------------------------------------------------------
[2024-05-02 11:00:54,371] {taskinstance.py:1069} INFO - Starting attempt 1 of 1
[2024-05-02 11:00:54,372] {taskinstance.py:1070} INFO - 
--------------------------------------------------------------------------------
[2024-05-02 11:00:54,382] {taskinstance.py:1089} INFO - Executing <Task(BranchPythonOperator): step1_Decidewhichtask> on 2024-05-02T11:00:48.039496+00:00
[2024-05-02 11:00:54,388] {standard_task_runner.py:52} INFO - Started process 350 to run task
[2024-05-02 11:00:54,392] {standard_task_runner.py:76} INFO - Running: ['airflow', 'tasks', 'run', 'json_file_chain', 'step1_Decidewhichtask', '2024-05-02T11:00:48.039496+00:00', '--job-id', '14211', '--pool', 'default_pool', '--raw', '--subdir', 'DAGS_FOLDER/json_file_chain.py', '--cfg-path', '/tmp/tmplue23zol', '--error-file', '/tmp/tmps607ezdi']
[2024-05-02 11:00:54,393] {standard_task_runner.py:77} INFO - Job 14211: Subtask step1_Decidewhichtask
[2024-05-02 11:00:54,451] {logging_mixin.py:104} INFO - Running <TaskInstance: json_file_chain.step1_Decidewhichtask 2024-05-02T11:00:48.039496+00:00 [running]> on host c6f0c13ba6da
[2024-05-02 11:00:54,516] {taskinstance.py:1283} INFO - Exporting the following env vars:
AIRFLOW_CTX_DAG_OWNER=airflow
AIRFLOW_CTX_DAG_ID=json_file_chain
AIRFLOW_CTX_TASK_ID=step1_Decidewhichtask
AIRFLOW_CTX_EXECUTION_DATE=2024-05-02T11:00:48.039496+00:00
AIRFLOW_CTX_DAG_RUN_ID=manual__2024-05-02T11:00:48.039496+00:00
[2024-05-02 11:00:54,542] {python.py:118} INFO - Done. Returned value was: step1_dummy_dispari
[2024-05-02 11:00:54,543] {skipmixin.py:124} INFO - Following branch step1_dummy_dispari
[2024-05-02 11:00:54,552] {skipmixin.py:155} INFO - Skipping tasks ['step1_dummy_pari']
[2024-05-02 11:00:54,617] {taskinstance.py:1192} INFO - Marking task as SUCCESS. dag_id=json_file_chain, task_id=step1_Decidewhichtask, execution_date=20240502T110048, start_date=20240502T110054, end_date=20240502T110054
[2024-05-02 11:00:54,660] {taskinstance.py:1246} INFO - 1 downstream tasks scheduled from follow-on schedule check
[2024-05-02 11:00:54,688] {local_task_job.py:146} INFO - Task exited with return code 0
