[2024-04-30 16:11:34,491] {taskinstance.py:877} INFO - Dependencies all met for <TaskInstance: json_file.step1_JsonRead 2024-04-30T16:11:03.994995+00:00 [queued]>
[2024-04-30 16:11:34,580] {taskinstance.py:877} INFO - Dependencies all met for <TaskInstance: json_file.step1_JsonRead 2024-04-30T16:11:03.994995+00:00 [queued]>
[2024-04-30 16:11:34,581] {taskinstance.py:1068} INFO - 
--------------------------------------------------------------------------------
[2024-04-30 16:11:34,584] {taskinstance.py:1069} INFO - Starting attempt 1 of 1
[2024-04-30 16:11:34,585] {taskinstance.py:1070} INFO - 
--------------------------------------------------------------------------------
[2024-04-30 16:11:34,649] {taskinstance.py:1089} INFO - Executing <Task(PythonOperator): step1_JsonRead> on 2024-04-30T16:11:03.994995+00:00
[2024-04-30 16:11:34,739] {standard_task_runner.py:76} INFO - Running: ['airflow', 'tasks', 'run', 'json_file', 'step1_JsonRead', '2024-04-30T16:11:03.994995+00:00', '--job-id', '14102', '--pool', 'default_pool', '--raw', '--subdir', 'DAGS_FOLDER/json_file.py', '--cfg-path', '/tmp/tmpyrt60cql', '--error-file', '/tmp/tmpnhkdcbr9']
[2024-04-30 16:11:34,781] {standard_task_runner.py:77} INFO - Job 14102: Subtask step1_JsonRead
[2024-04-30 16:11:34,669] {standard_task_runner.py:52} INFO - Started process 96 to run task
[2024-04-30 16:11:35,688] {logging_mixin.py:104} INFO - Running <TaskInstance: json_file.step1_JsonRead 2024-04-30T16:11:03.994995+00:00 [running]> on host c6f0c13ba6da
[2024-04-30 16:11:35,963] {taskinstance.py:1283} INFO - Exporting the following env vars:
AIRFLOW_CTX_DAG_OWNER=airflow
AIRFLOW_CTX_DAG_ID=json_file
AIRFLOW_CTX_TASK_ID=step1_JsonRead
AIRFLOW_CTX_EXECUTION_DATE=2024-04-30T16:11:03.994995+00:00
AIRFLOW_CTX_DAG_RUN_ID=manual__2024-04-30T16:11:03.994995+00:00
[2024-04-30 16:11:35,973] {python.py:118} INFO - Done. Returned value was: echo 'step1'
[2024-04-30 16:11:36,203] {taskinstance.py:1192} INFO - Marking task as SUCCESS. dag_id=json_file, task_id=step1_JsonRead, execution_date=20240430T161103, start_date=20240430T161134, end_date=20240430T161136
[2024-04-30 16:11:36,349] {taskinstance.py:1246} INFO - 1 downstream tasks scheduled from follow-on schedule check
[2024-04-30 16:11:36,403] {local_task_job.py:146} INFO - Task exited with return code 0
