[2024-05-02 07:36:53,277] {taskinstance.py:877} INFO - Dependencies all met for <TaskInstance: json_file_chain.step3_Decidewhichtask 2024-05-02T07:26:42.635254+00:00 [queued]>
[2024-05-02 07:36:53,306] {taskinstance.py:877} INFO - Dependencies all met for <TaskInstance: json_file_chain.step3_Decidewhichtask 2024-05-02T07:26:42.635254+00:00 [queued]>
[2024-05-02 07:36:53,307] {taskinstance.py:1068} INFO - 
--------------------------------------------------------------------------------
[2024-05-02 07:36:53,307] {taskinstance.py:1069} INFO - Starting attempt 1 of 1
[2024-05-02 07:36:53,308] {taskinstance.py:1070} INFO - 
--------------------------------------------------------------------------------
[2024-05-02 07:36:53,322] {taskinstance.py:1089} INFO - Executing <Task(BranchPythonOperator): step3_Decidewhichtask> on 2024-05-02T07:26:42.635254+00:00
[2024-05-02 07:36:53,328] {standard_task_runner.py:52} INFO - Started process 195 to run task
[2024-05-02 07:36:53,336] {standard_task_runner.py:76} INFO - Running: ['airflow', 'tasks', 'run', 'json_file_chain', 'step3_Decidewhichtask', '2024-05-02T07:26:42.635254+00:00', '--job-id', '14144', '--pool', 'default_pool', '--raw', '--subdir', 'DAGS_FOLDER/json_file_chain.py', '--cfg-path', '/tmp/tmpp382bbrj', '--error-file', '/tmp/tmpm_xpwkk4']
[2024-05-02 07:36:53,337] {standard_task_runner.py:77} INFO - Job 14144: Subtask step3_Decidewhichtask
[2024-05-02 07:36:53,401] {logging_mixin.py:104} INFO - Running <TaskInstance: json_file_chain.step3_Decidewhichtask 2024-05-02T07:26:42.635254+00:00 [running]> on host c6f0c13ba6da
[2024-05-02 07:36:53,458] {taskinstance.py:1283} INFO - Exporting the following env vars:
AIRFLOW_CTX_DAG_OWNER=airflow
AIRFLOW_CTX_DAG_ID=json_file_chain
AIRFLOW_CTX_TASK_ID=step3_Decidewhichtask
AIRFLOW_CTX_EXECUTION_DATE=2024-05-02T07:26:42.635254+00:00
AIRFLOW_CTX_DAG_RUN_ID=manual__2024-05-02T07:26:42.635254+00:00
[2024-05-02 07:36:53,471] {python.py:118} INFO - Done. Returned value was: step3_dummy_dispari
[2024-05-02 07:36:53,472] {skipmixin.py:124} INFO - Following branch step3_dummy_dispari
[2024-05-02 07:36:53,484] {skipmixin.py:155} INFO - Skipping tasks ['step3_dummy_pari']
[2024-05-02 07:36:53,554] {taskinstance.py:1192} INFO - Marking task as SUCCESS. dag_id=json_file_chain, task_id=step3_Decidewhichtask, execution_date=20240502T072642, start_date=20240502T073653, end_date=20240502T073653
[2024-05-02 07:36:53,598] {taskinstance.py:1246} INFO - 1 downstream tasks scheduled from follow-on schedule check
[2024-05-02 07:36:53,632] {local_task_job.py:146} INFO - Task exited with return code 0
