[2024-05-02 10:13:16,987] {taskinstance.py:877} INFO - Dependencies all met for <TaskInstance: json_file_chain.step1_Decidewhichtask 2024-05-02T10:13:11.186091+00:00 [queued]>
[2024-05-02 10:13:17,013] {taskinstance.py:877} INFO - Dependencies all met for <TaskInstance: json_file_chain.step1_Decidewhichtask 2024-05-02T10:13:11.186091+00:00 [queued]>
[2024-05-02 10:13:17,013] {taskinstance.py:1068} INFO - 
--------------------------------------------------------------------------------
[2024-05-02 10:13:17,014] {taskinstance.py:1069} INFO - Starting attempt 1 of 1
[2024-05-02 10:13:17,014] {taskinstance.py:1070} INFO - 
--------------------------------------------------------------------------------
[2024-05-02 10:13:17,027] {taskinstance.py:1089} INFO - Executing <Task(BranchPythonOperator): step1_Decidewhichtask> on 2024-05-02T10:13:11.186091+00:00
[2024-05-02 10:13:17,038] {standard_task_runner.py:76} INFO - Running: ['airflow', 'tasks', 'run', 'json_file_chain', 'step1_Decidewhichtask', '2024-05-02T10:13:11.186091+00:00', '--job-id', '14169', '--pool', 'default_pool', '--raw', '--subdir', 'DAGS_FOLDER/json_file_chain.py', '--cfg-path', '/tmp/tmpc7kl2k_x', '--error-file', '/tmp/tmp6y1gbv4c']
[2024-05-02 10:13:17,039] {standard_task_runner.py:77} INFO - Job 14169: Subtask step1_Decidewhichtask
[2024-05-02 10:13:17,034] {standard_task_runner.py:52} INFO - Started process 252 to run task
[2024-05-02 10:13:17,155] {logging_mixin.py:104} INFO - Running <TaskInstance: json_file_chain.step1_Decidewhichtask 2024-05-02T10:13:11.186091+00:00 [running]> on host c6f0c13ba6da
[2024-05-02 10:13:17,227] {taskinstance.py:1283} INFO - Exporting the following env vars:
AIRFLOW_CTX_DAG_OWNER=airflow
AIRFLOW_CTX_DAG_ID=json_file_chain
AIRFLOW_CTX_TASK_ID=step1_Decidewhichtask
AIRFLOW_CTX_EXECUTION_DATE=2024-05-02T10:13:11.186091+00:00
AIRFLOW_CTX_DAG_RUN_ID=manual__2024-05-02T10:13:11.186091+00:00
[2024-05-02 10:13:17,247] {python.py:118} INFO - Done. Returned value was: step1_dummy_dispari
[2024-05-02 10:13:17,248] {skipmixin.py:124} INFO - Following branch step1_dummy_dispari
[2024-05-02 10:13:17,261] {skipmixin.py:155} INFO - Skipping tasks ['step1_dummy_pari']
[2024-05-02 10:13:17,344] {taskinstance.py:1192} INFO - Marking task as SUCCESS. dag_id=json_file_chain, task_id=step1_Decidewhichtask, execution_date=20240502T101311, start_date=20240502T101316, end_date=20240502T101317
[2024-05-02 10:13:17,399] {taskinstance.py:1246} INFO - 0 downstream tasks scheduled from follow-on schedule check
[2024-05-02 10:13:17,425] {local_task_job.py:146} INFO - Task exited with return code 0
