[2024-05-02 11:16:16,421] {taskinstance.py:877} INFO - Dependencies all met for <TaskInstance: json_file_chain.step3_BashCommand 2024-05-02T11:16:04.171857+00:00 [queued]>
[2024-05-02 11:16:16,438] {taskinstance.py:877} INFO - Dependencies all met for <TaskInstance: json_file_chain.step3_BashCommand 2024-05-02T11:16:04.171857+00:00 [queued]>
[2024-05-02 11:16:16,439] {taskinstance.py:1068} INFO - 
--------------------------------------------------------------------------------
[2024-05-02 11:16:16,439] {taskinstance.py:1069} INFO - Starting attempt 1 of 1
[2024-05-02 11:16:16,440] {taskinstance.py:1070} INFO - 
--------------------------------------------------------------------------------
[2024-05-02 11:16:16,452] {taskinstance.py:1089} INFO - Executing <Task(BashOperator): step3_BashCommand> on 2024-05-02T11:16:04.171857+00:00
[2024-05-02 11:16:16,459] {standard_task_runner.py:52} INFO - Started process 438 to run task
[2024-05-02 11:16:16,463] {standard_task_runner.py:76} INFO - Running: ['airflow', 'tasks', 'run', 'json_file_chain', 'step3_BashCommand', '2024-05-02T11:16:04.171857+00:00', '--job-id', '14249', '--pool', 'default_pool', '--raw', '--subdir', 'DAGS_FOLDER/json_file_chain.py', '--cfg-path', '/tmp/tmp57asarsg', '--error-file', '/tmp/tmp_6xincjd']
[2024-05-02 11:16:16,464] {standard_task_runner.py:77} INFO - Job 14249: Subtask step3_BashCommand
[2024-05-02 11:16:16,517] {logging_mixin.py:104} INFO - Running <TaskInstance: json_file_chain.step3_BashCommand 2024-05-02T11:16:04.171857+00:00 [running]> on host c6f0c13ba6da
[2024-05-02 11:16:16,576] {taskinstance.py:1283} INFO - Exporting the following env vars:
AIRFLOW_CTX_DAG_OWNER=airflow
AIRFLOW_CTX_DAG_ID=json_file_chain
AIRFLOW_CTX_TASK_ID=step3_BashCommand
AIRFLOW_CTX_EXECUTION_DATE=2024-05-02T11:16:04.171857+00:00
AIRFLOW_CTX_DAG_RUN_ID=manual__2024-05-02T11:16:04.171857+00:00
[2024-05-02 11:16:16,577] {bash.py:135} INFO - Tmp dir root location: 
 /tmp
[2024-05-02 11:16:16,579] {bash.py:158} INFO - Running command: echo 'step3'
[2024-05-02 11:16:16,589] {bash.py:169} INFO - Output:
[2024-05-02 11:16:16,591] {bash.py:173} INFO - step3
[2024-05-02 11:16:16,592] {bash.py:177} INFO - Command exited with return code 0
[2024-05-02 11:16:16,625] {taskinstance.py:1192} INFO - Marking task as SUCCESS. dag_id=json_file_chain, task_id=step3_BashCommand, execution_date=20240502T111604, start_date=20240502T111616, end_date=20240502T111616
[2024-05-02 11:16:16,656] {taskinstance.py:1246} INFO - 1 downstream tasks scheduled from follow-on schedule check
[2024-05-02 11:16:16,678] {local_task_job.py:146} INFO - Task exited with return code 0
