[2024-05-02 11:16:06,201] {taskinstance.py:877} INFO - Dependencies all met for <TaskInstance: json_file_chain.step1_JsonRead 2024-05-02T11:16:04.171857+00:00 [queued]>
[2024-05-02 11:16:06,232] {taskinstance.py:877} INFO - Dependencies all met for <TaskInstance: json_file_chain.step1_JsonRead 2024-05-02T11:16:04.171857+00:00 [queued]>
[2024-05-02 11:16:06,232] {taskinstance.py:1068} INFO - 
--------------------------------------------------------------------------------
[2024-05-02 11:16:06,233] {taskinstance.py:1069} INFO - Starting attempt 1 of 1
[2024-05-02 11:16:06,233] {taskinstance.py:1070} INFO - 
--------------------------------------------------------------------------------
[2024-05-02 11:16:06,248] {taskinstance.py:1089} INFO - Executing <Task(PythonOperator): step1_JsonRead> on 2024-05-02T11:16:04.171857+00:00
[2024-05-02 11:16:06,263] {standard_task_runner.py:76} INFO - Running: ['airflow', 'tasks', 'run', 'json_file_chain', 'step1_JsonRead', '2024-05-02T11:16:04.171857+00:00', '--job-id', '14242', '--pool', 'default_pool', '--raw', '--subdir', 'DAGS_FOLDER/json_file_chain.py', '--cfg-path', '/tmp/tmpig2w8yl4', '--error-file', '/tmp/tmpa3bntqrv']
[2024-05-02 11:16:06,256] {standard_task_runner.py:52} INFO - Started process 422 to run task
[2024-05-02 11:16:06,265] {standard_task_runner.py:77} INFO - Job 14242: Subtask step1_JsonRead
[2024-05-02 11:16:06,372] {logging_mixin.py:104} INFO - Running <TaskInstance: json_file_chain.step1_JsonRead 2024-05-02T11:16:04.171857+00:00 [running]> on host c6f0c13ba6da
[2024-05-02 11:16:06,474] {taskinstance.py:1283} INFO - Exporting the following env vars:
AIRFLOW_CTX_DAG_OWNER=airflow
AIRFLOW_CTX_DAG_ID=json_file_chain
AIRFLOW_CTX_TASK_ID=step1_JsonRead
AIRFLOW_CTX_EXECUTION_DATE=2024-05-02T11:16:04.171857+00:00
AIRFLOW_CTX_DAG_RUN_ID=manual__2024-05-02T11:16:04.171857+00:00
[2024-05-02 11:16:06,478] {python.py:118} INFO - Done. Returned value was: echo 'step1'
[2024-05-02 11:16:06,517] {taskinstance.py:1192} INFO - Marking task as SUCCESS. dag_id=json_file_chain, task_id=step1_JsonRead, execution_date=20240502T111604, start_date=20240502T111606, end_date=20240502T111606
[2024-05-02 11:16:06,588] {taskinstance.py:1246} INFO - 1 downstream tasks scheduled from follow-on schedule check
[2024-05-02 11:16:06,608] {local_task_job.py:146} INFO - Task exited with return code 0
