[2024-05-02 11:10:59,204] {taskinstance.py:877} INFO - Dependencies all met for <TaskInstance: json_file_chain.step1_JsonRead 2024-05-02T11:10:56.924203+00:00 [queued]>
[2024-05-02 11:10:59,261] {taskinstance.py:877} INFO - Dependencies all met for <TaskInstance: json_file_chain.step1_JsonRead 2024-05-02T11:10:56.924203+00:00 [queued]>
[2024-05-02 11:10:59,262] {taskinstance.py:1068} INFO - 
--------------------------------------------------------------------------------
[2024-05-02 11:10:59,263] {taskinstance.py:1069} INFO - Starting attempt 1 of 1
[2024-05-02 11:10:59,263] {taskinstance.py:1070} INFO - 
--------------------------------------------------------------------------------
[2024-05-02 11:10:59,287] {taskinstance.py:1089} INFO - Executing <Task(PythonOperator): step1_JsonRead> on 2024-05-02T11:10:56.924203+00:00
[2024-05-02 11:10:59,293] {standard_task_runner.py:52} INFO - Started process 401 to run task
[2024-05-02 11:10:59,301] {standard_task_runner.py:76} INFO - Running: ['airflow', 'tasks', 'run', 'json_file_chain', 'step1_JsonRead', '2024-05-02T11:10:56.924203+00:00', '--job-id', '14233', '--pool', 'default_pool', '--raw', '--subdir', 'DAGS_FOLDER/json_file_chain.py', '--cfg-path', '/tmp/tmpoqm465w6', '--error-file', '/tmp/tmpwh6ahynu']
[2024-05-02 11:10:59,312] {standard_task_runner.py:77} INFO - Job 14233: Subtask step1_JsonRead
[2024-05-02 11:10:59,405] {logging_mixin.py:104} INFO - Running <TaskInstance: json_file_chain.step1_JsonRead 2024-05-02T11:10:56.924203+00:00 [running]> on host c6f0c13ba6da
[2024-05-02 11:10:59,503] {taskinstance.py:1283} INFO - Exporting the following env vars:
AIRFLOW_CTX_DAG_OWNER=airflow
AIRFLOW_CTX_DAG_ID=json_file_chain
AIRFLOW_CTX_TASK_ID=step1_JsonRead
AIRFLOW_CTX_EXECUTION_DATE=2024-05-02T11:10:56.924203+00:00
AIRFLOW_CTX_DAG_RUN_ID=manual__2024-05-02T11:10:56.924203+00:00
[2024-05-02 11:10:59,507] {python.py:118} INFO - Done. Returned value was: echo 'step1'
[2024-05-02 11:10:59,537] {taskinstance.py:1192} INFO - Marking task as SUCCESS. dag_id=json_file_chain, task_id=step1_JsonRead, execution_date=20240502T111056, start_date=20240502T111059, end_date=20240502T111059
[2024-05-02 11:10:59,586] {taskinstance.py:1246} INFO - 1 downstream tasks scheduled from follow-on schedule check
[2024-05-02 11:10:59,618] {local_task_job.py:146} INFO - Task exited with return code 0
