[2024-05-02 11:04:27,447] {taskinstance.py:877} INFO - Dependencies all met for <TaskInstance: json_file.step1_Decidewhichtask 2024-05-02T11:04:20.702296+00:00 [queued]>
[2024-05-02 11:04:27,491] {taskinstance.py:877} INFO - Dependencies all met for <TaskInstance: json_file.step1_Decidewhichtask 2024-05-02T11:04:20.702296+00:00 [queued]>
[2024-05-02 11:04:27,492] {taskinstance.py:1068} INFO - 
--------------------------------------------------------------------------------
[2024-05-02 11:04:27,494] {taskinstance.py:1069} INFO - Starting attempt 1 of 1
[2024-05-02 11:04:27,496] {taskinstance.py:1070} INFO - 
--------------------------------------------------------------------------------
[2024-05-02 11:04:27,515] {taskinstance.py:1089} INFO - Executing <Task(BranchPythonOperator): step1_Decidewhichtask> on 2024-05-02T11:04:20.702296+00:00
[2024-05-02 11:04:27,538] {standard_task_runner.py:76} INFO - Running: ['airflow', 'tasks', 'run', 'json_file', 'step1_Decidewhichtask', '2024-05-02T11:04:20.702296+00:00', '--job-id', '14221', '--pool', 'default_pool', '--raw', '--subdir', 'DAGS_FOLDER/json_file.py', '--cfg-path', '/tmp/tmpcutftgh0', '--error-file', '/tmp/tmpdi6z051l']
[2024-05-02 11:04:27,525] {standard_task_runner.py:52} INFO - Started process 376 to run task
[2024-05-02 11:04:27,542] {standard_task_runner.py:77} INFO - Job 14221: Subtask step1_Decidewhichtask
[2024-05-02 11:04:27,650] {logging_mixin.py:104} INFO - Running <TaskInstance: json_file.step1_Decidewhichtask 2024-05-02T11:04:20.702296+00:00 [running]> on host c6f0c13ba6da
[2024-05-02 11:04:27,732] {taskinstance.py:1283} INFO - Exporting the following env vars:
AIRFLOW_CTX_DAG_OWNER=airflow
AIRFLOW_CTX_DAG_ID=json_file
AIRFLOW_CTX_TASK_ID=step1_Decidewhichtask
AIRFLOW_CTX_EXECUTION_DATE=2024-05-02T11:04:20.702296+00:00
AIRFLOW_CTX_DAG_RUN_ID=manual__2024-05-02T11:04:20.702296+00:00
[2024-05-02 11:04:27,771] {python.py:118} INFO - Done. Returned value was: step1_dummy_dispari
[2024-05-02 11:04:27,772] {skipmixin.py:124} INFO - Following branch step1_dummy_dispari
[2024-05-02 11:04:27,795] {skipmixin.py:155} INFO - Skipping tasks ['step1_dummy_pari']
[2024-05-02 11:04:27,873] {taskinstance.py:1192} INFO - Marking task as SUCCESS. dag_id=json_file, task_id=step1_Decidewhichtask, execution_date=20240502T110420, start_date=20240502T110427, end_date=20240502T110427
[2024-05-02 11:04:27,942] {taskinstance.py:1246} INFO - 1 downstream tasks scheduled from follow-on schedule check
[2024-05-02 11:04:27,960] {local_task_job.py:146} INFO - Task exited with return code 0
