[2024-05-02 10:32:21,804] {taskinstance.py:877} INFO - Dependencies all met for <TaskInstance: json_file_chain.step1_BashCommand 2024-05-02T10:32:18.089424+00:00 [queued]>
[2024-05-02 10:32:21,824] {taskinstance.py:877} INFO - Dependencies all met for <TaskInstance: json_file_chain.step1_BashCommand 2024-05-02T10:32:18.089424+00:00 [queued]>
[2024-05-02 10:32:21,825] {taskinstance.py:1068} INFO - 
--------------------------------------------------------------------------------
[2024-05-02 10:32:21,825] {taskinstance.py:1069} INFO - Starting attempt 1 of 1
[2024-05-02 10:32:21,825] {taskinstance.py:1070} INFO - 
--------------------------------------------------------------------------------
[2024-05-02 10:32:21,834] {taskinstance.py:1089} INFO - Executing <Task(BashOperator): step1_BashCommand> on 2024-05-02T10:32:18.089424+00:00
[2024-05-02 10:32:21,841] {standard_task_runner.py:76} INFO - Running: ['airflow', 'tasks', 'run', 'json_file_chain', 'step1_BashCommand', '2024-05-02T10:32:18.089424+00:00', '--job-id', '14180', '--pool', 'default_pool', '--raw', '--subdir', 'DAGS_FOLDER/json_file_chain.py', '--cfg-path', '/tmp/tmpltzcpwdq', '--error-file', '/tmp/tmpsh3fizb2']
[2024-05-02 10:32:21,837] {standard_task_runner.py:52} INFO - Started process 277 to run task
[2024-05-02 10:32:21,842] {standard_task_runner.py:77} INFO - Job 14180: Subtask step1_BashCommand
[2024-05-02 10:32:21,885] {logging_mixin.py:104} INFO - Running <TaskInstance: json_file_chain.step1_BashCommand 2024-05-02T10:32:18.089424+00:00 [running]> on host c6f0c13ba6da
[2024-05-02 10:32:21,948] {taskinstance.py:1283} INFO - Exporting the following env vars:
AIRFLOW_CTX_DAG_OWNER=airflow
AIRFLOW_CTX_DAG_ID=json_file_chain
AIRFLOW_CTX_TASK_ID=step1_BashCommand
AIRFLOW_CTX_EXECUTION_DATE=2024-05-02T10:32:18.089424+00:00
AIRFLOW_CTX_DAG_RUN_ID=manual__2024-05-02T10:32:18.089424+00:00
[2024-05-02 10:32:21,949] {bash.py:135} INFO - Tmp dir root location: 
 /tmp
[2024-05-02 10:32:21,961] {bash.py:158} INFO - Running command: echo 'step1'
[2024-05-02 10:32:21,977] {bash.py:169} INFO - Output:
[2024-05-02 10:32:22,015] {bash.py:173} INFO - step1
[2024-05-02 10:32:22,017] {bash.py:177} INFO - Command exited with return code 0
[2024-05-02 10:32:22,092] {taskinstance.py:1192} INFO - Marking task as SUCCESS. dag_id=json_file_chain, task_id=step1_BashCommand, execution_date=20240502T103218, start_date=20240502T103221, end_date=20240502T103222
[2024-05-02 10:32:22,133] {taskinstance.py:1246} INFO - 1 downstream tasks scheduled from follow-on schedule check
[2024-05-02 10:32:22,177] {local_task_job.py:146} INFO - Task exited with return code 0
