[2024-04-30 16:09:57,586] {taskinstance.py:877} INFO - Dependencies all met for <TaskInstance: json_file.step1_BashCommand 2024-04-25T17:34:06.305463+00:00 [queued]>
[2024-04-30 16:09:57,819] {taskinstance.py:877} INFO - Dependencies all met for <TaskInstance: json_file.step1_BashCommand 2024-04-25T17:34:06.305463+00:00 [queued]>
[2024-04-30 16:09:57,820] {taskinstance.py:1068} INFO - 
--------------------------------------------------------------------------------
[2024-04-30 16:09:57,822] {taskinstance.py:1069} INFO - Starting attempt 1 of 1
[2024-04-30 16:09:57,824] {taskinstance.py:1070} INFO - 
--------------------------------------------------------------------------------
[2024-04-30 16:09:58,139] {taskinstance.py:1089} INFO - Executing <Task(BashOperator): step1_BashCommand> on 2024-04-25T17:34:06.305463+00:00
[2024-04-30 16:09:58,192] {standard_task_runner.py:52} INFO - Started process 72 to run task
[2024-04-30 16:09:58,288] {standard_task_runner.py:76} INFO - Running: ['airflow', 'tasks', 'run', 'json_file', 'step1_BashCommand', '2024-04-25T17:34:06.305463+00:00', '--job-id', '14092', '--pool', 'default_pool', '--raw', '--subdir', 'DAGS_FOLDER/json_file.py', '--cfg-path', '/tmp/tmphv7bd2u4', '--error-file', '/tmp/tmp1iqgfpew']
[2024-04-30 16:09:58,289] {standard_task_runner.py:77} INFO - Job 14092: Subtask step1_BashCommand
[2024-04-30 16:09:58,889] {logging_mixin.py:104} INFO - Running <TaskInstance: json_file.step1_BashCommand 2024-04-25T17:34:06.305463+00:00 [running]> on host c6f0c13ba6da
[2024-04-30 16:09:59,366] {taskinstance.py:1283} INFO - Exporting the following env vars:
AIRFLOW_CTX_DAG_OWNER=airflow
AIRFLOW_CTX_DAG_ID=json_file
AIRFLOW_CTX_TASK_ID=step1_BashCommand
AIRFLOW_CTX_EXECUTION_DATE=2024-04-25T17:34:06.305463+00:00
AIRFLOW_CTX_DAG_RUN_ID=scheduled__2024-04-25T17:34:06.305463+00:00
[2024-04-30 16:09:59,373] {bash.py:135} INFO - Tmp dir root location: 
 /tmp
[2024-04-30 16:09:59,376] {bash.py:158} INFO - Running command: echo 'step1'
[2024-04-30 16:09:59,412] {bash.py:169} INFO - Output:
[2024-04-30 16:09:59,419] {bash.py:173} INFO - step1
[2024-04-30 16:09:59,420] {bash.py:177} INFO - Command exited with return code 0
[2024-04-30 16:09:59,584] {taskinstance.py:1192} INFO - Marking task as SUCCESS. dag_id=json_file, task_id=step1_BashCommand, execution_date=20240425T173406, start_date=20240430T160957, end_date=20240430T160959
[2024-04-30 16:09:59,751] {taskinstance.py:1246} INFO - 1 downstream tasks scheduled from follow-on schedule check
[2024-04-30 16:09:59,806] {local_task_job.py:146} INFO - Task exited with return code 0
