[2024-04-26 07:57:11,220] {taskinstance.py:877} INFO - Dependencies all met for <TaskInstance: json_file.step2_BashCommand 2024-04-26T07:57:06.948875+00:00 [queued]>
[2024-04-26 07:57:11,239] {taskinstance.py:877} INFO - Dependencies all met for <TaskInstance: json_file.step2_BashCommand 2024-04-26T07:57:06.948875+00:00 [queued]>
[2024-04-26 07:57:11,241] {taskinstance.py:1068} INFO - 
--------------------------------------------------------------------------------
[2024-04-26 07:57:11,242] {taskinstance.py:1069} INFO - Starting attempt 1 of 1
[2024-04-26 07:57:11,243] {taskinstance.py:1070} INFO - 
--------------------------------------------------------------------------------
[2024-04-26 07:57:11,266] {taskinstance.py:1089} INFO - Executing <Task(BashOperator): step2_BashCommand> on 2024-04-26T07:57:06.948875+00:00
[2024-04-26 07:57:11,275] {standard_task_runner.py:52} INFO - Started process 102 to run task
[2024-04-26 07:57:11,279] {standard_task_runner.py:76} INFO - Running: ['airflow', 'tasks', 'run', 'json_file', 'step2_BashCommand', '2024-04-26T07:57:06.948875+00:00', '--job-id', '14049', '--pool', 'default_pool', '--raw', '--subdir', 'DAGS_FOLDER/json_file.py', '--cfg-path', '/tmp/tmp28zrxjic', '--error-file', '/tmp/tmpkq4nt8_x']
[2024-04-26 07:57:11,283] {standard_task_runner.py:77} INFO - Job 14049: Subtask step2_BashCommand
[2024-04-26 07:57:11,357] {logging_mixin.py:104} INFO - Running <TaskInstance: json_file.step2_BashCommand 2024-04-26T07:57:06.948875+00:00 [running]> on host c6f0c13ba6da
[2024-04-26 07:57:11,447] {taskinstance.py:1283} INFO - Exporting the following env vars:
AIRFLOW_CTX_DAG_OWNER=airflow
AIRFLOW_CTX_DAG_ID=json_file
AIRFLOW_CTX_TASK_ID=step2_BashCommand
AIRFLOW_CTX_EXECUTION_DATE=2024-04-26T07:57:06.948875+00:00
AIRFLOW_CTX_DAG_RUN_ID=manual__2024-04-26T07:57:06.948875+00:00
[2024-04-26 07:57:11,448] {bash.py:135} INFO - Tmp dir root location: 
 /tmp
[2024-04-26 07:57:11,464] {bash.py:158} INFO - Running command: echo 'step2'
[2024-04-26 07:57:11,484] {bash.py:169} INFO - Output:
[2024-04-26 07:57:11,530] {bash.py:173} INFO - step2
[2024-04-26 07:57:11,532] {bash.py:177} INFO - Command exited with return code 0
[2024-04-26 07:57:11,585] {taskinstance.py:1192} INFO - Marking task as SUCCESS. dag_id=json_file, task_id=step2_BashCommand, execution_date=20240426T075706, start_date=20240426T075711, end_date=20240426T075711
[2024-04-26 07:57:11,633] {taskinstance.py:1246} INFO - 1 downstream tasks scheduled from follow-on schedule check
[2024-04-26 07:57:11,661] {local_task_job.py:146} INFO - Task exited with return code 0
