[2024-05-02 07:36:50,599] {taskinstance.py:877} INFO - Dependencies all met for <TaskInstance: json_file_chain.step2_Decidewhichtask 2024-05-02T07:26:42.635254+00:00 [queued]>
[2024-05-02 07:36:50,820] {taskinstance.py:877} INFO - Dependencies all met for <TaskInstance: json_file_chain.step2_Decidewhichtask 2024-05-02T07:26:42.635254+00:00 [queued]>
[2024-05-02 07:36:50,822] {taskinstance.py:1068} INFO - 
--------------------------------------------------------------------------------
[2024-05-02 07:36:50,837] {taskinstance.py:1069} INFO - Starting attempt 1 of 1
[2024-05-02 07:36:50,838] {taskinstance.py:1070} INFO - 
--------------------------------------------------------------------------------
[2024-05-02 07:36:50,935] {taskinstance.py:1089} INFO - Executing <Task(BranchPythonOperator): step2_Decidewhichtask> on 2024-05-02T07:26:42.635254+00:00
[2024-05-02 07:36:51,054] {standard_task_runner.py:76} INFO - Running: ['airflow', 'tasks', 'run', 'json_file_chain', 'step2_Decidewhichtask', '2024-05-02T07:26:42.635254+00:00', '--job-id', '14140', '--pool', 'default_pool', '--raw', '--subdir', 'DAGS_FOLDER/json_file_chain.py', '--cfg-path', '/tmp/tmp1bymc2h0', '--error-file', '/tmp/tmpy7e4pcvl']
[2024-05-02 07:36:51,079] {standard_task_runner.py:77} INFO - Job 14140: Subtask step2_Decidewhichtask
[2024-05-02 07:36:50,982] {standard_task_runner.py:52} INFO - Started process 184 to run task
[2024-05-02 07:36:51,535] {logging_mixin.py:104} INFO - Running <TaskInstance: json_file_chain.step2_Decidewhichtask 2024-05-02T07:26:42.635254+00:00 [running]> on host c6f0c13ba6da
[2024-05-02 07:36:51,723] {taskinstance.py:1283} INFO - Exporting the following env vars:
AIRFLOW_CTX_DAG_OWNER=airflow
AIRFLOW_CTX_DAG_ID=json_file_chain
AIRFLOW_CTX_TASK_ID=step2_Decidewhichtask
AIRFLOW_CTX_EXECUTION_DATE=2024-05-02T07:26:42.635254+00:00
AIRFLOW_CTX_DAG_RUN_ID=manual__2024-05-02T07:26:42.635254+00:00
[2024-05-02 07:36:51,790] {python.py:118} INFO - Done. Returned value was: step2_dummy_pari
[2024-05-02 07:36:51,796] {skipmixin.py:124} INFO - Following branch step2_dummy_pari
[2024-05-02 07:36:51,819] {skipmixin.py:155} INFO - Skipping tasks ['step2_dummy_dispari']
[2024-05-02 07:36:52,020] {taskinstance.py:1192} INFO - Marking task as SUCCESS. dag_id=json_file_chain, task_id=step2_Decidewhichtask, execution_date=20240502T072642, start_date=20240502T073650, end_date=20240502T073652
[2024-05-02 07:36:52,164] {taskinstance.py:1246} INFO - 1 downstream tasks scheduled from follow-on schedule check
[2024-05-02 07:36:52,224] {local_task_job.py:146} INFO - Task exited with return code 0
