[2024-05-02 11:04:25,822] {taskinstance.py:877} INFO - Dependencies all met for <TaskInstance: json_file.step3_BashCommand 2024-05-02T11:04:20.702296+00:00 [queued]>
[2024-05-02 11:04:25,857] {taskinstance.py:877} INFO - Dependencies all met for <TaskInstance: json_file.step3_BashCommand 2024-05-02T11:04:20.702296+00:00 [queued]>
[2024-05-02 11:04:25,858] {taskinstance.py:1068} INFO - 
--------------------------------------------------------------------------------
[2024-05-02 11:04:25,858] {taskinstance.py:1069} INFO - Starting attempt 1 of 1
[2024-05-02 11:04:25,859] {taskinstance.py:1070} INFO - 
--------------------------------------------------------------------------------
[2024-05-02 11:04:25,872] {taskinstance.py:1089} INFO - Executing <Task(BashOperator): step3_BashCommand> on 2024-05-02T11:04:20.702296+00:00
[2024-05-02 11:04:25,892] {standard_task_runner.py:76} INFO - Running: ['airflow', 'tasks', 'run', 'json_file', 'step3_BashCommand', '2024-05-02T11:04:20.702296+00:00', '--job-id', '14218', '--pool', 'default_pool', '--raw', '--subdir', 'DAGS_FOLDER/json_file.py', '--cfg-path', '/tmp/tmpyjbertce', '--error-file', '/tmp/tmp9s9443mw']
[2024-05-02 11:04:25,893] {standard_task_runner.py:77} INFO - Job 14218: Subtask step3_BashCommand
[2024-05-02 11:04:25,886] {standard_task_runner.py:52} INFO - Started process 369 to run task
[2024-05-02 11:04:25,981] {logging_mixin.py:104} INFO - Running <TaskInstance: json_file.step3_BashCommand 2024-05-02T11:04:20.702296+00:00 [running]> on host c6f0c13ba6da
[2024-05-02 11:04:26,084] {taskinstance.py:1283} INFO - Exporting the following env vars:
AIRFLOW_CTX_DAG_OWNER=airflow
AIRFLOW_CTX_DAG_ID=json_file
AIRFLOW_CTX_TASK_ID=step3_BashCommand
AIRFLOW_CTX_EXECUTION_DATE=2024-05-02T11:04:20.702296+00:00
AIRFLOW_CTX_DAG_RUN_ID=manual__2024-05-02T11:04:20.702296+00:00
[2024-05-02 11:04:26,085] {bash.py:135} INFO - Tmp dir root location: 
 /tmp
[2024-05-02 11:04:26,098] {bash.py:158} INFO - Running command: echo 'step3'
[2024-05-02 11:04:26,138] {bash.py:169} INFO - Output:
[2024-05-02 11:04:26,170] {bash.py:173} INFO - step3
[2024-05-02 11:04:26,172] {bash.py:177} INFO - Command exited with return code 0
[2024-05-02 11:04:26,233] {taskinstance.py:1192} INFO - Marking task as SUCCESS. dag_id=json_file, task_id=step3_BashCommand, execution_date=20240502T110420, start_date=20240502T110425, end_date=20240502T110426
[2024-05-02 11:04:26,324] {taskinstance.py:1246} INFO - 1 downstream tasks scheduled from follow-on schedule check
[2024-05-02 11:04:26,362] {local_task_job.py:146} INFO - Task exited with return code 0
