[2024-05-02 07:36:42,402] {taskinstance.py:877} INFO - Dependencies all met for <TaskInstance: json_file_chain.step3_JsonRead 2024-05-02T07:35:07.638548+00:00 [queued]>
[2024-05-02 07:36:42,468] {taskinstance.py:877} INFO - Dependencies all met for <TaskInstance: json_file_chain.step3_JsonRead 2024-05-02T07:35:07.638548+00:00 [queued]>
[2024-05-02 07:36:42,469] {taskinstance.py:1068} INFO - 
--------------------------------------------------------------------------------
[2024-05-02 07:36:42,470] {taskinstance.py:1069} INFO - Starting attempt 1 of 1
[2024-05-02 07:36:42,472] {taskinstance.py:1070} INFO - 
--------------------------------------------------------------------------------
[2024-05-02 07:36:42,525] {taskinstance.py:1089} INFO - Executing <Task(PythonOperator): step3_JsonRead> on 2024-05-02T07:35:07.638548+00:00
[2024-05-02 07:36:42,616] {standard_task_runner.py:76} INFO - Running: ['airflow', 'tasks', 'run', 'json_file_chain', 'step3_JsonRead', '2024-05-02T07:35:07.638548+00:00', '--job-id', '14121', '--pool', 'default_pool', '--raw', '--subdir', 'DAGS_FOLDER/json_file_chain.py', '--cfg-path', '/tmp/tmpctluza2l', '--error-file', '/tmp/tmps07wsbzw']
[2024-05-02 07:36:42,553] {standard_task_runner.py:52} INFO - Started process 143 to run task
[2024-05-02 07:36:42,626] {standard_task_runner.py:77} INFO - Job 14121: Subtask step3_JsonRead
[2024-05-02 07:36:43,414] {logging_mixin.py:104} INFO - Running <TaskInstance: json_file_chain.step3_JsonRead 2024-05-02T07:35:07.638548+00:00 [running]> on host c6f0c13ba6da
[2024-05-02 07:36:44,237] {taskinstance.py:1283} INFO - Exporting the following env vars:
AIRFLOW_CTX_DAG_OWNER=airflow
AIRFLOW_CTX_DAG_ID=json_file_chain
AIRFLOW_CTX_TASK_ID=step3_JsonRead
AIRFLOW_CTX_EXECUTION_DATE=2024-05-02T07:35:07.638548+00:00
AIRFLOW_CTX_DAG_RUN_ID=manual__2024-05-02T07:35:07.638548+00:00
[2024-05-02 07:36:44,254] {python.py:118} INFO - Done. Returned value was: echo 'step3'
[2024-05-02 07:36:44,378] {taskinstance.py:1192} INFO - Marking task as SUCCESS. dag_id=json_file_chain, task_id=step3_JsonRead, execution_date=20240502T073507, start_date=20240502T073642, end_date=20240502T073644
[2024-05-02 07:36:44,589] {taskinstance.py:1246} INFO - 1 downstream tasks scheduled from follow-on schedule check
[2024-05-02 07:36:44,646] {local_task_job.py:146} INFO - Task exited with return code 0
