[2024-04-26 07:49:27,406] {taskinstance.py:877} INFO - Dependencies all met for <TaskInstance: json_file.step2_JsonRead 2024-04-26T07:49:22.964773+00:00 [queued]>
[2024-04-26 07:49:27,433] {taskinstance.py:877} INFO - Dependencies all met for <TaskInstance: json_file.step2_JsonRead 2024-04-26T07:49:22.964773+00:00 [queued]>
[2024-04-26 07:49:27,434] {taskinstance.py:1068} INFO - 
--------------------------------------------------------------------------------
[2024-04-26 07:49:27,434] {taskinstance.py:1069} INFO - Starting attempt 1 of 1
[2024-04-26 07:49:27,434] {taskinstance.py:1070} INFO - 
--------------------------------------------------------------------------------
[2024-04-26 07:49:27,458] {taskinstance.py:1089} INFO - Executing <Task(PythonOperator): step2_JsonRead> on 2024-04-26T07:49:22.964773+00:00
[2024-04-26 07:49:27,483] {standard_task_runner.py:52} INFO - Started process 55 to run task
[2024-04-26 07:49:27,501] {standard_task_runner.py:76} INFO - Running: ['airflow', 'tasks', 'run', 'json_file', 'step2_JsonRead', '2024-04-26T07:49:22.964773+00:00', '--job-id', '14029', '--pool', 'default_pool', '--raw', '--subdir', 'DAGS_FOLDER/json_file.py', '--cfg-path', '/tmp/tmp55nmgq_y', '--error-file', '/tmp/tmpvl4m2bkd']
[2024-04-26 07:49:27,507] {standard_task_runner.py:77} INFO - Job 14029: Subtask step2_JsonRead
[2024-04-26 07:49:27,641] {logging_mixin.py:104} INFO - Running <TaskInstance: json_file.step2_JsonRead 2024-04-26T07:49:22.964773+00:00 [running]> on host c6f0c13ba6da
[2024-04-26 07:49:27,931] {taskinstance.py:1283} INFO - Exporting the following env vars:
AIRFLOW_CTX_DAG_OWNER=airflow
AIRFLOW_CTX_DAG_ID=json_file
AIRFLOW_CTX_TASK_ID=step2_JsonRead
AIRFLOW_CTX_EXECUTION_DATE=2024-04-26T07:49:22.964773+00:00
AIRFLOW_CTX_DAG_RUN_ID=manual__2024-04-26T07:49:22.964773+00:00
[2024-04-26 07:49:27,939] {python.py:118} INFO - Done. Returned value was: echo 'step2'
[2024-04-26 07:49:28,158] {taskinstance.py:1192} INFO - Marking task as SUCCESS. dag_id=json_file, task_id=step2_JsonRead, execution_date=20240426T074922, start_date=20240426T074927, end_date=20240426T074928
[2024-04-26 07:49:28,231] {taskinstance.py:1246} INFO - 1 downstream tasks scheduled from follow-on schedule check
[2024-04-26 07:49:28,261] {local_task_job.py:146} INFO - Task exited with return code 0
