[2024-04-25 01:24:38,199] {scheduler_job.py:182} INFO - Started process (PID=10521) to work on /home/airflow/.local/lib/python3.6/site-packages/airflow/example_dags/example_task_group.py
[2024-04-25 01:24:38,205] {scheduler_job.py:629} INFO - Processing file /home/airflow/.local/lib/python3.6/site-packages/airflow/example_dags/example_task_group.py for tasks to queue
[2024-04-25 01:24:38,207] {logging_mixin.py:104} INFO - [2024-04-25 01:24:38,207] {dagbag.py:451} INFO - Filling up the DagBag from /home/airflow/.local/lib/python3.6/site-packages/airflow/example_dags/example_task_group.py
[2024-04-25 01:24:38,407] {scheduler_job.py:639} INFO - DAG(s) dict_keys(['example_task_group']) retrieved from /home/airflow/.local/lib/python3.6/site-packages/airflow/example_dags/example_task_group.py
[2024-04-25 01:24:39,164] {logging_mixin.py:104} INFO - [2024-04-25 01:24:39,164] {dag.py:1824} INFO - Sync 1 DAGs
[2024-04-25 01:24:39,249] {logging_mixin.py:104} INFO - [2024-04-25 01:24:39,249] {dag.py:2280} INFO - Setting next_dagrun for example_task_group to 2024-04-23 00:00:00+00:00
[2024-04-25 01:24:39,347] {scheduler_job.py:190} INFO - Processing /home/airflow/.local/lib/python3.6/site-packages/airflow/example_dags/example_task_group.py took 1.169 seconds
[2024-04-25 20:55:04,174] {scheduler_job.py:182} INFO - Started process (PID=10548) to work on /home/airflow/.local/lib/python3.6/site-packages/airflow/example_dags/example_task_group.py
[2024-04-25 20:55:04,195] {scheduler_job.py:629} INFO - Processing file /home/airflow/.local/lib/python3.6/site-packages/airflow/example_dags/example_task_group.py for tasks to queue
[2024-04-25 20:55:04,205] {logging_mixin.py:104} INFO - [2024-04-25 20:55:04,205] {dagbag.py:451} INFO - Filling up the DagBag from /home/airflow/.local/lib/python3.6/site-packages/airflow/example_dags/example_task_group.py
[2024-04-25 20:55:04,261] {scheduler_job.py:639} INFO - DAG(s) dict_keys(['example_task_group']) retrieved from /home/airflow/.local/lib/python3.6/site-packages/airflow/example_dags/example_task_group.py
[2024-04-25 20:55:04,512] {logging_mixin.py:104} INFO - [2024-04-25 20:55:04,512] {dag.py:1824} INFO - Sync 1 DAGs
[2024-04-25 20:55:04,702] {logging_mixin.py:104} INFO - [2024-04-25 20:55:04,701] {dag.py:2280} INFO - Setting next_dagrun for example_task_group to 2024-04-23 00:00:00+00:00
[2024-04-25 20:55:04,971] {scheduler_job.py:190} INFO - Processing /home/airflow/.local/lib/python3.6/site-packages/airflow/example_dags/example_task_group.py took 0.868 seconds
[2024-04-25 20:56:06,354] {scheduler_job.py:182} INFO - Started process (PID=10581) to work on /home/airflow/.local/lib/python3.6/site-packages/airflow/example_dags/example_task_group.py
[2024-04-25 20:56:06,358] {scheduler_job.py:629} INFO - Processing file /home/airflow/.local/lib/python3.6/site-packages/airflow/example_dags/example_task_group.py for tasks to queue
[2024-04-25 20:56:06,367] {logging_mixin.py:104} INFO - [2024-04-25 20:56:06,367] {dagbag.py:451} INFO - Filling up the DagBag from /home/airflow/.local/lib/python3.6/site-packages/airflow/example_dags/example_task_group.py
[2024-04-25 20:56:06,415] {scheduler_job.py:639} INFO - DAG(s) dict_keys(['example_task_group']) retrieved from /home/airflow/.local/lib/python3.6/site-packages/airflow/example_dags/example_task_group.py
[2024-04-25 20:56:06,511] {logging_mixin.py:104} INFO - [2024-04-25 20:56:06,510] {dag.py:1824} INFO - Sync 1 DAGs
[2024-04-25 20:56:06,577] {logging_mixin.py:104} INFO - [2024-04-25 20:56:06,577] {dag.py:2280} INFO - Setting next_dagrun for example_task_group to 2024-04-23 00:00:00+00:00
[2024-04-25 20:56:06,634] {scheduler_job.py:190} INFO - Processing /home/airflow/.local/lib/python3.6/site-packages/airflow/example_dags/example_task_group.py took 0.290 seconds
[2024-04-25 20:56:37,169] {scheduler_job.py:182} INFO - Started process (PID=10623) to work on /home/airflow/.local/lib/python3.6/site-packages/airflow/example_dags/example_task_group.py
[2024-04-25 20:56:37,183] {scheduler_job.py:629} INFO - Processing file /home/airflow/.local/lib/python3.6/site-packages/airflow/example_dags/example_task_group.py for tasks to queue
[2024-04-25 20:56:37,184] {logging_mixin.py:104} INFO - [2024-04-25 20:56:37,184] {dagbag.py:451} INFO - Filling up the DagBag from /home/airflow/.local/lib/python3.6/site-packages/airflow/example_dags/example_task_group.py
[2024-04-25 20:56:37,218] {scheduler_job.py:639} INFO - DAG(s) dict_keys(['example_task_group']) retrieved from /home/airflow/.local/lib/python3.6/site-packages/airflow/example_dags/example_task_group.py
[2024-04-25 20:56:37,380] {logging_mixin.py:104} INFO - [2024-04-25 20:56:37,380] {dag.py:1824} INFO - Sync 1 DAGs
[2024-04-25 20:56:37,461] {logging_mixin.py:104} INFO - [2024-04-25 20:56:37,461] {dag.py:2280} INFO - Setting next_dagrun for example_task_group to 2024-04-23 00:00:00+00:00
[2024-04-25 20:56:37,542] {scheduler_job.py:190} INFO - Processing /home/airflow/.local/lib/python3.6/site-packages/airflow/example_dags/example_task_group.py took 0.379 seconds
