[2024-04-25 01:24:36,411] {scheduler_job.py:182} INFO - Started process (PID=10517) to work on /home/airflow/.local/lib/python3.6/site-packages/airflow/example_dags/example_trigger_target_dag.py
[2024-04-25 01:24:36,421] {scheduler_job.py:629} INFO - Processing file /home/airflow/.local/lib/python3.6/site-packages/airflow/example_dags/example_trigger_target_dag.py for tasks to queue
[2024-04-25 01:24:36,433] {logging_mixin.py:104} INFO - [2024-04-25 01:24:36,426] {dagbag.py:451} INFO - Filling up the DagBag from /home/airflow/.local/lib/python3.6/site-packages/airflow/example_dags/example_trigger_target_dag.py
[2024-04-25 01:24:36,657] {scheduler_job.py:639} INFO - DAG(s) dict_keys(['example_trigger_target_dag']) retrieved from /home/airflow/.local/lib/python3.6/site-packages/airflow/example_dags/example_trigger_target_dag.py
[2024-04-25 01:24:36,905] {logging_mixin.py:104} INFO - [2024-04-25 01:24:36,905] {dag.py:1824} INFO - Sync 1 DAGs
[2024-04-25 01:24:37,177] {logging_mixin.py:104} INFO - [2024-04-25 01:24:37,176] {dag.py:2280} INFO - Setting next_dagrun for example_trigger_target_dag to None
[2024-04-25 01:24:37,318] {scheduler_job.py:190} INFO - Processing /home/airflow/.local/lib/python3.6/site-packages/airflow/example_dags/example_trigger_target_dag.py took 0.942 seconds
[2024-04-25 20:54:50,025] {scheduler_job.py:182} INFO - Started process (PID=10544) to work on /home/airflow/.local/lib/python3.6/site-packages/airflow/example_dags/example_trigger_target_dag.py
[2024-04-25 20:54:51,123] {scheduler_job.py:629} INFO - Processing file /home/airflow/.local/lib/python3.6/site-packages/airflow/example_dags/example_trigger_target_dag.py for tasks to queue
[2024-04-25 20:54:51,356] {logging_mixin.py:104} INFO - [2024-04-25 20:54:51,353] {dagbag.py:451} INFO - Filling up the DagBag from /home/airflow/.local/lib/python3.6/site-packages/airflow/example_dags/example_trigger_target_dag.py
[2024-04-25 20:54:52,500] {scheduler_job.py:639} INFO - DAG(s) dict_keys(['example_trigger_target_dag']) retrieved from /home/airflow/.local/lib/python3.6/site-packages/airflow/example_dags/example_trigger_target_dag.py
[2024-04-25 20:54:55,696] {logging_mixin.py:104} INFO - [2024-04-25 20:54:55,696] {dag.py:1824} INFO - Sync 1 DAGs
[2024-04-25 20:54:55,992] {logging_mixin.py:104} INFO - [2024-04-25 20:54:55,991] {dag.py:2280} INFO - Setting next_dagrun for example_trigger_target_dag to None
[2024-04-25 20:54:56,773] {scheduler_job.py:190} INFO - Processing /home/airflow/.local/lib/python3.6/site-packages/airflow/example_dags/example_trigger_target_dag.py took 7.373 seconds
[2024-04-25 20:56:01,625] {scheduler_job.py:182} INFO - Started process (PID=10577) to work on /home/airflow/.local/lib/python3.6/site-packages/airflow/example_dags/example_trigger_target_dag.py
[2024-04-25 20:56:01,641] {scheduler_job.py:629} INFO - Processing file /home/airflow/.local/lib/python3.6/site-packages/airflow/example_dags/example_trigger_target_dag.py for tasks to queue
[2024-04-25 20:56:01,714] {logging_mixin.py:104} INFO - [2024-04-25 20:56:01,714] {dagbag.py:451} INFO - Filling up the DagBag from /home/airflow/.local/lib/python3.6/site-packages/airflow/example_dags/example_trigger_target_dag.py
[2024-04-25 20:56:03,557] {scheduler_job.py:639} INFO - DAG(s) dict_keys(['example_trigger_target_dag']) retrieved from /home/airflow/.local/lib/python3.6/site-packages/airflow/example_dags/example_trigger_target_dag.py
[2024-04-25 20:56:04,461] {logging_mixin.py:104} INFO - [2024-04-25 20:56:04,449] {dag.py:1824} INFO - Sync 1 DAGs
[2024-04-25 20:56:04,555] {logging_mixin.py:104} INFO - [2024-04-25 20:56:04,555] {dag.py:2280} INFO - Setting next_dagrun for example_trigger_target_dag to None
[2024-04-25 20:56:04,800] {scheduler_job.py:190} INFO - Processing /home/airflow/.local/lib/python3.6/site-packages/airflow/example_dags/example_trigger_target_dag.py took 3.264 seconds
[2024-04-25 20:56:35,660] {scheduler_job.py:182} INFO - Started process (PID=10621) to work on /home/airflow/.local/lib/python3.6/site-packages/airflow/example_dags/example_trigger_target_dag.py
[2024-04-25 20:56:35,682] {scheduler_job.py:629} INFO - Processing file /home/airflow/.local/lib/python3.6/site-packages/airflow/example_dags/example_trigger_target_dag.py for tasks to queue
[2024-04-25 20:56:35,696] {logging_mixin.py:104} INFO - [2024-04-25 20:56:35,695] {dagbag.py:451} INFO - Filling up the DagBag from /home/airflow/.local/lib/python3.6/site-packages/airflow/example_dags/example_trigger_target_dag.py
[2024-04-25 20:56:35,747] {scheduler_job.py:639} INFO - DAG(s) dict_keys(['example_trigger_target_dag']) retrieved from /home/airflow/.local/lib/python3.6/site-packages/airflow/example_dags/example_trigger_target_dag.py
[2024-04-25 20:56:35,853] {logging_mixin.py:104} INFO - [2024-04-25 20:56:35,853] {dag.py:1824} INFO - Sync 1 DAGs
[2024-04-25 20:56:35,914] {logging_mixin.py:104} INFO - [2024-04-25 20:56:35,914] {dag.py:2280} INFO - Setting next_dagrun for example_trigger_target_dag to None
[2024-04-25 20:56:35,968] {scheduler_job.py:190} INFO - Processing /home/airflow/.local/lib/python3.6/site-packages/airflow/example_dags/example_trigger_target_dag.py took 0.324 seconds
