[2024-04-25 20:55:38,303] {scheduler_job.py:182} INFO - Started process (PID=10560) to work on /home/airflow/.local/lib/python3.6/site-packages/airflow/example_dags/example_short_circuit_operator.py
[2024-04-25 20:55:38,322] {scheduler_job.py:629} INFO - Processing file /home/airflow/.local/lib/python3.6/site-packages/airflow/example_dags/example_short_circuit_operator.py for tasks to queue
[2024-04-25 20:55:38,327] {logging_mixin.py:104} INFO - [2024-04-25 20:55:38,327] {dagbag.py:451} INFO - Filling up the DagBag from /home/airflow/.local/lib/python3.6/site-packages/airflow/example_dags/example_short_circuit_operator.py
[2024-04-25 20:55:38,400] {scheduler_job.py:639} INFO - DAG(s) dict_keys(['example_short_circuit_operator']) retrieved from /home/airflow/.local/lib/python3.6/site-packages/airflow/example_dags/example_short_circuit_operator.py
[2024-04-25 20:55:38,762] {logging_mixin.py:104} INFO - [2024-04-25 20:55:38,762] {dag.py:1824} INFO - Sync 1 DAGs
[2024-04-25 20:55:38,863] {logging_mixin.py:104} INFO - [2024-04-25 20:55:38,863] {dag.py:2280} INFO - Setting next_dagrun for example_short_circuit_operator to 2024-04-23 00:00:00+00:00
[2024-04-25 20:55:38,987] {scheduler_job.py:190} INFO - Processing /home/airflow/.local/lib/python3.6/site-packages/airflow/example_dags/example_short_circuit_operator.py took 0.691 seconds
[2024-04-25 20:56:12,143] {scheduler_job.py:182} INFO - Started process (PID=10597) to work on /home/airflow/.local/lib/python3.6/site-packages/airflow/example_dags/example_short_circuit_operator.py
[2024-04-25 20:56:12,147] {scheduler_job.py:629} INFO - Processing file /home/airflow/.local/lib/python3.6/site-packages/airflow/example_dags/example_short_circuit_operator.py for tasks to queue
[2024-04-25 20:56:12,150] {logging_mixin.py:104} INFO - [2024-04-25 20:56:12,150] {dagbag.py:451} INFO - Filling up the DagBag from /home/airflow/.local/lib/python3.6/site-packages/airflow/example_dags/example_short_circuit_operator.py
[2024-04-25 20:56:12,207] {scheduler_job.py:639} INFO - DAG(s) dict_keys(['example_short_circuit_operator']) retrieved from /home/airflow/.local/lib/python3.6/site-packages/airflow/example_dags/example_short_circuit_operator.py
[2024-04-25 20:56:12,320] {logging_mixin.py:104} INFO - [2024-04-25 20:56:12,319] {dag.py:1824} INFO - Sync 1 DAGs
[2024-04-25 20:56:12,384] {logging_mixin.py:104} INFO - [2024-04-25 20:56:12,383] {dag.py:2280} INFO - Setting next_dagrun for example_short_circuit_operator to 2024-04-23 00:00:00+00:00
[2024-04-25 20:56:12,470] {scheduler_job.py:190} INFO - Processing /home/airflow/.local/lib/python3.6/site-packages/airflow/example_dags/example_short_circuit_operator.py took 0.334 seconds
[2024-04-25 20:56:42,947] {scheduler_job.py:182} INFO - Started process (PID=10635) to work on /home/airflow/.local/lib/python3.6/site-packages/airflow/example_dags/example_short_circuit_operator.py
[2024-04-25 20:56:42,960] {scheduler_job.py:629} INFO - Processing file /home/airflow/.local/lib/python3.6/site-packages/airflow/example_dags/example_short_circuit_operator.py for tasks to queue
[2024-04-25 20:56:42,968] {logging_mixin.py:104} INFO - [2024-04-25 20:56:42,968] {dagbag.py:451} INFO - Filling up the DagBag from /home/airflow/.local/lib/python3.6/site-packages/airflow/example_dags/example_short_circuit_operator.py
[2024-04-25 20:56:43,000] {scheduler_job.py:639} INFO - DAG(s) dict_keys(['example_short_circuit_operator']) retrieved from /home/airflow/.local/lib/python3.6/site-packages/airflow/example_dags/example_short_circuit_operator.py
[2024-04-25 20:56:43,112] {logging_mixin.py:104} INFO - [2024-04-25 20:56:43,111] {dag.py:1824} INFO - Sync 1 DAGs
[2024-04-25 20:56:43,210] {logging_mixin.py:104} INFO - [2024-04-25 20:56:43,210] {dag.py:2280} INFO - Setting next_dagrun for example_short_circuit_operator to 2024-04-23 00:00:00+00:00
[2024-04-25 20:56:43,276] {scheduler_job.py:190} INFO - Processing /home/airflow/.local/lib/python3.6/site-packages/airflow/example_dags/example_short_circuit_operator.py took 0.345 seconds
