[2024-04-25 01:24:39,476] {scheduler_job.py:182} INFO - Started process (PID=10522) to work on /home/airflow/.local/lib/python3.6/site-packages/airflow/example_dags/example_branch_operator.py
[2024-04-25 01:24:39,491] {scheduler_job.py:629} INFO - Processing file /home/airflow/.local/lib/python3.6/site-packages/airflow/example_dags/example_branch_operator.py for tasks to queue
[2024-04-25 01:24:39,495] {logging_mixin.py:104} INFO - [2024-04-25 01:24:39,495] {dagbag.py:451} INFO - Filling up the DagBag from /home/airflow/.local/lib/python3.6/site-packages/airflow/example_dags/example_branch_operator.py
[2024-04-25 01:24:39,719] {scheduler_job.py:639} INFO - DAG(s) dict_keys(['example_branch_operator']) retrieved from /home/airflow/.local/lib/python3.6/site-packages/airflow/example_dags/example_branch_operator.py
[2024-04-25 01:24:41,359] {logging_mixin.py:104} INFO - [2024-04-25 01:24:41,343] {dag.py:1824} INFO - Sync 1 DAGs
[2024-04-25 20:54:03,332] {logging_mixin.py:104} INFO - [2024-04-25 20:54:03,332] {dag.py:2280} INFO - Setting next_dagrun for example_branch_operator to 2024-04-23 00:00:00+00:00
[2024-04-25 20:54:03,628] {scheduler_job.py:190} INFO - Processing /home/airflow/.local/lib/python3.6/site-packages/airflow/example_dags/example_branch_operator.py took 5.033 seconds
[2024-04-25 20:55:04,451] {scheduler_job.py:182} INFO - Started process (PID=10549) to work on /home/airflow/.local/lib/python3.6/site-packages/airflow/example_dags/example_branch_operator.py
[2024-04-25 20:55:04,497] {scheduler_job.py:629} INFO - Processing file /home/airflow/.local/lib/python3.6/site-packages/airflow/example_dags/example_branch_operator.py for tasks to queue
[2024-04-25 20:55:04,556] {logging_mixin.py:104} INFO - [2024-04-25 20:55:04,556] {dagbag.py:451} INFO - Filling up the DagBag from /home/airflow/.local/lib/python3.6/site-packages/airflow/example_dags/example_branch_operator.py
[2024-04-25 20:55:05,384] {scheduler_job.py:639} INFO - DAG(s) dict_keys(['example_branch_operator']) retrieved from /home/airflow/.local/lib/python3.6/site-packages/airflow/example_dags/example_branch_operator.py
[2024-04-25 20:55:05,774] {logging_mixin.py:104} INFO - [2024-04-25 20:55:05,774] {dag.py:1824} INFO - Sync 1 DAGs
[2024-04-25 20:55:06,993] {logging_mixin.py:104} INFO - [2024-04-25 20:55:06,993] {dag.py:2280} INFO - Setting next_dagrun for example_branch_operator to 2024-04-23 00:00:00+00:00
[2024-04-25 20:55:09,103] {scheduler_job.py:190} INFO - Processing /home/airflow/.local/lib/python3.6/site-packages/airflow/example_dags/example_branch_operator.py took 4.660 seconds
[2024-04-25 20:56:06,416] {scheduler_job.py:182} INFO - Started process (PID=10582) to work on /home/airflow/.local/lib/python3.6/site-packages/airflow/example_dags/example_branch_operator.py
[2024-04-25 20:56:06,419] {scheduler_job.py:629} INFO - Processing file /home/airflow/.local/lib/python3.6/site-packages/airflow/example_dags/example_branch_operator.py for tasks to queue
[2024-04-25 20:56:06,428] {logging_mixin.py:104} INFO - [2024-04-25 20:56:06,421] {dagbag.py:451} INFO - Filling up the DagBag from /home/airflow/.local/lib/python3.6/site-packages/airflow/example_dags/example_branch_operator.py
[2024-04-25 20:56:06,482] {scheduler_job.py:639} INFO - DAG(s) dict_keys(['example_branch_operator']) retrieved from /home/airflow/.local/lib/python3.6/site-packages/airflow/example_dags/example_branch_operator.py
[2024-04-25 20:56:06,589] {logging_mixin.py:104} INFO - [2024-04-25 20:56:06,589] {dag.py:1824} INFO - Sync 1 DAGs
[2024-04-25 20:56:06,691] {logging_mixin.py:104} INFO - [2024-04-25 20:56:06,691] {dag.py:2280} INFO - Setting next_dagrun for example_branch_operator to 2024-04-23 00:00:00+00:00
[2024-04-25 20:56:06,805] {scheduler_job.py:190} INFO - Processing /home/airflow/.local/lib/python3.6/site-packages/airflow/example_dags/example_branch_operator.py took 0.409 seconds
[2024-04-25 20:56:37,703] {scheduler_job.py:182} INFO - Started process (PID=10625) to work on /home/airflow/.local/lib/python3.6/site-packages/airflow/example_dags/example_branch_operator.py
[2024-04-25 20:56:37,708] {scheduler_job.py:629} INFO - Processing file /home/airflow/.local/lib/python3.6/site-packages/airflow/example_dags/example_branch_operator.py for tasks to queue
[2024-04-25 20:56:37,720] {logging_mixin.py:104} INFO - [2024-04-25 20:56:37,720] {dagbag.py:451} INFO - Filling up the DagBag from /home/airflow/.local/lib/python3.6/site-packages/airflow/example_dags/example_branch_operator.py
[2024-04-25 20:56:37,761] {scheduler_job.py:639} INFO - DAG(s) dict_keys(['example_branch_operator']) retrieved from /home/airflow/.local/lib/python3.6/site-packages/airflow/example_dags/example_branch_operator.py
[2024-04-25 20:56:37,844] {logging_mixin.py:104} INFO - [2024-04-25 20:56:37,844] {dag.py:1824} INFO - Sync 1 DAGs
[2024-04-25 20:56:37,920] {logging_mixin.py:104} INFO - [2024-04-25 20:56:37,920] {dag.py:2280} INFO - Setting next_dagrun for example_branch_operator to 2024-04-23 00:00:00+00:00
[2024-04-25 20:56:37,988] {scheduler_job.py:190} INFO - Processing /home/airflow/.local/lib/python3.6/site-packages/airflow/example_dags/example_branch_operator.py took 0.299 seconds
