[2024-04-25 20:55:43,814] {scheduler_job.py:182} INFO - Started process (PID=10567) to work on /home/airflow/.local/lib/python3.6/site-packages/airflow/example_dags/example_kubernetes_executor.py
[2024-04-25 20:55:43,829] {scheduler_job.py:629} INFO - Processing file /home/airflow/.local/lib/python3.6/site-packages/airflow/example_dags/example_kubernetes_executor.py for tasks to queue
[2024-04-25 20:55:43,837] {logging_mixin.py:104} INFO - [2024-04-25 20:55:43,837] {dagbag.py:451} INFO - Filling up the DagBag from /home/airflow/.local/lib/python3.6/site-packages/airflow/example_dags/example_kubernetes_executor.py
[2024-04-25 20:55:43,933] {scheduler_job.py:639} INFO - DAG(s) dict_keys(['example_kubernetes_executor']) retrieved from /home/airflow/.local/lib/python3.6/site-packages/airflow/example_dags/example_kubernetes_executor.py
[2024-04-25 20:55:44,101] {logging_mixin.py:104} INFO - [2024-04-25 20:55:44,100] {dag.py:1824} INFO - Sync 1 DAGs
[2024-04-25 20:55:44,235] {logging_mixin.py:104} INFO - [2024-04-25 20:55:44,235] {dag.py:2280} INFO - Setting next_dagrun for example_kubernetes_executor to None
[2024-04-25 20:55:44,402] {scheduler_job.py:190} INFO - Processing /home/airflow/.local/lib/python3.6/site-packages/airflow/example_dags/example_kubernetes_executor.py took 0.616 seconds
[2024-04-25 20:56:15,523] {scheduler_job.py:182} INFO - Started process (PID=10605) to work on /home/airflow/.local/lib/python3.6/site-packages/airflow/example_dags/example_kubernetes_executor.py
[2024-04-25 20:56:15,540] {scheduler_job.py:629} INFO - Processing file /home/airflow/.local/lib/python3.6/site-packages/airflow/example_dags/example_kubernetes_executor.py for tasks to queue
[2024-04-25 20:56:15,551] {logging_mixin.py:104} INFO - [2024-04-25 20:56:15,551] {dagbag.py:451} INFO - Filling up the DagBag from /home/airflow/.local/lib/python3.6/site-packages/airflow/example_dags/example_kubernetes_executor.py
[2024-04-25 20:56:15,634] {scheduler_job.py:639} INFO - DAG(s) dict_keys(['example_kubernetes_executor']) retrieved from /home/airflow/.local/lib/python3.6/site-packages/airflow/example_dags/example_kubernetes_executor.py
[2024-04-25 20:56:15,897] {logging_mixin.py:104} INFO - [2024-04-25 20:56:15,897] {dag.py:1824} INFO - Sync 1 DAGs
[2024-04-25 20:56:15,980] {logging_mixin.py:104} INFO - [2024-04-25 20:56:15,980] {dag.py:2280} INFO - Setting next_dagrun for example_kubernetes_executor to None
[2024-04-25 20:56:16,091] {scheduler_job.py:190} INFO - Processing /home/airflow/.local/lib/python3.6/site-packages/airflow/example_dags/example_kubernetes_executor.py took 0.575 seconds
[2024-04-25 20:56:47,808] {scheduler_job.py:182} INFO - Started process (PID=10641) to work on /home/airflow/.local/lib/python3.6/site-packages/airflow/example_dags/example_kubernetes_executor.py
[2024-04-25 20:56:47,892] {scheduler_job.py:629} INFO - Processing file /home/airflow/.local/lib/python3.6/site-packages/airflow/example_dags/example_kubernetes_executor.py for tasks to queue
[2024-04-25 20:56:47,948] {logging_mixin.py:104} INFO - [2024-04-25 20:56:47,948] {dagbag.py:451} INFO - Filling up the DagBag from /home/airflow/.local/lib/python3.6/site-packages/airflow/example_dags/example_kubernetes_executor.py
[2024-04-25 20:56:49,280] {scheduler_job.py:639} INFO - DAG(s) dict_keys(['example_kubernetes_executor']) retrieved from /home/airflow/.local/lib/python3.6/site-packages/airflow/example_dags/example_kubernetes_executor.py
[2024-04-25 20:56:49,442] {logging_mixin.py:104} INFO - [2024-04-25 20:56:49,442] {dag.py:1824} INFO - Sync 1 DAGs
[2024-04-25 20:56:49,487] {logging_mixin.py:104} INFO - [2024-04-25 20:56:49,487] {dag.py:2280} INFO - Setting next_dagrun for example_kubernetes_executor to None
[2024-04-25 20:56:49,625] {scheduler_job.py:190} INFO - Processing /home/airflow/.local/lib/python3.6/site-packages/airflow/example_dags/example_kubernetes_executor.py took 1.835 seconds
