[2024-04-25 20:55:47,040] {scheduler_job.py:182} INFO - Started process (PID=10571) to work on /home/airflow/.local/lib/python3.6/site-packages/airflow/example_dags/example_nested_branch_dag.py
[2024-04-25 20:55:47,066] {scheduler_job.py:629} INFO - Processing file /home/airflow/.local/lib/python3.6/site-packages/airflow/example_dags/example_nested_branch_dag.py for tasks to queue
[2024-04-25 20:55:47,126] {logging_mixin.py:104} INFO - [2024-04-25 20:55:47,125] {dagbag.py:451} INFO - Filling up the DagBag from /home/airflow/.local/lib/python3.6/site-packages/airflow/example_dags/example_nested_branch_dag.py
[2024-04-25 20:55:47,224] {scheduler_job.py:639} INFO - DAG(s) dict_keys(['example_nested_branch_dag']) retrieved from /home/airflow/.local/lib/python3.6/site-packages/airflow/example_dags/example_nested_branch_dag.py
[2024-04-25 20:55:47,368] {logging_mixin.py:104} INFO - [2024-04-25 20:55:47,368] {dag.py:1824} INFO - Sync 1 DAGs
[2024-04-25 20:55:47,528] {logging_mixin.py:104} INFO - [2024-04-25 20:55:47,527] {dag.py:2280} INFO - Setting next_dagrun for example_nested_branch_dag to 2024-04-23 00:00:00+00:00
[2024-04-25 20:55:47,736] {scheduler_job.py:190} INFO - Processing /home/airflow/.local/lib/python3.6/site-packages/airflow/example_dags/example_nested_branch_dag.py took 0.720 seconds
[2024-04-25 20:56:18,599] {scheduler_job.py:182} INFO - Started process (PID=10608) to work on /home/airflow/.local/lib/python3.6/site-packages/airflow/example_dags/example_nested_branch_dag.py
[2024-04-25 20:56:18,618] {scheduler_job.py:629} INFO - Processing file /home/airflow/.local/lib/python3.6/site-packages/airflow/example_dags/example_nested_branch_dag.py for tasks to queue
[2024-04-25 20:56:18,625] {logging_mixin.py:104} INFO - [2024-04-25 20:56:18,623] {dagbag.py:451} INFO - Filling up the DagBag from /home/airflow/.local/lib/python3.6/site-packages/airflow/example_dags/example_nested_branch_dag.py
[2024-04-25 20:56:18,909] {scheduler_job.py:639} INFO - DAG(s) dict_keys(['example_nested_branch_dag']) retrieved from /home/airflow/.local/lib/python3.6/site-packages/airflow/example_dags/example_nested_branch_dag.py
[2024-04-25 20:56:19,043] {logging_mixin.py:104} INFO - [2024-04-25 20:56:19,042] {dag.py:1824} INFO - Sync 1 DAGs
[2024-04-25 20:56:19,185] {logging_mixin.py:104} INFO - [2024-04-25 20:56:19,185] {dag.py:2280} INFO - Setting next_dagrun for example_nested_branch_dag to 2024-04-23 00:00:00+00:00
[2024-04-25 20:56:19,300] {scheduler_job.py:190} INFO - Processing /home/airflow/.local/lib/python3.6/site-packages/airflow/example_dags/example_nested_branch_dag.py took 0.753 seconds
[2024-04-25 20:56:51,467] {scheduler_job.py:182} INFO - Started process (PID=10646) to work on /home/airflow/.local/lib/python3.6/site-packages/airflow/example_dags/example_nested_branch_dag.py
[2024-04-25 20:56:51,478] {scheduler_job.py:629} INFO - Processing file /home/airflow/.local/lib/python3.6/site-packages/airflow/example_dags/example_nested_branch_dag.py for tasks to queue
[2024-04-25 20:56:51,491] {logging_mixin.py:104} INFO - [2024-04-25 20:56:51,488] {dagbag.py:451} INFO - Filling up the DagBag from /home/airflow/.local/lib/python3.6/site-packages/airflow/example_dags/example_nested_branch_dag.py
[2024-04-25 20:56:51,653] {scheduler_job.py:639} INFO - DAG(s) dict_keys(['example_nested_branch_dag']) retrieved from /home/airflow/.local/lib/python3.6/site-packages/airflow/example_dags/example_nested_branch_dag.py
[2024-04-25 20:56:51,748] {logging_mixin.py:104} INFO - [2024-04-25 20:56:51,747] {dag.py:1824} INFO - Sync 1 DAGs
[2024-04-25 20:56:51,870] {logging_mixin.py:104} INFO - [2024-04-25 20:56:51,869] {dag.py:2280} INFO - Setting next_dagrun for example_nested_branch_dag to 2024-04-23 00:00:00+00:00
[2024-04-25 20:56:52,076] {scheduler_job.py:190} INFO - Processing /home/airflow/.local/lib/python3.6/site-packages/airflow/example_dags/example_nested_branch_dag.py took 0.713 seconds
