[2024-04-25 20:55:35,459] {scheduler_job.py:182} INFO - Started process (PID=10558) to work on /home/airflow/.local/lib/python3.6/site-packages/airflow/example_dags/example_bash_operator.py
[2024-04-25 20:55:35,475] {scheduler_job.py:629} INFO - Processing file /home/airflow/.local/lib/python3.6/site-packages/airflow/example_dags/example_bash_operator.py for tasks to queue
[2024-04-25 20:55:35,490] {logging_mixin.py:104} INFO - [2024-04-25 20:55:35,490] {dagbag.py:451} INFO - Filling up the DagBag from /home/airflow/.local/lib/python3.6/site-packages/airflow/example_dags/example_bash_operator.py
[2024-04-25 20:55:37,064] {scheduler_job.py:639} INFO - DAG(s) dict_keys(['example_bash_operator']) retrieved from /home/airflow/.local/lib/python3.6/site-packages/airflow/example_dags/example_bash_operator.py
[2024-04-25 20:55:37,719] {logging_mixin.py:104} INFO - [2024-04-25 20:55:37,719] {dag.py:1824} INFO - Sync 1 DAGs
[2024-04-25 20:55:37,848] {logging_mixin.py:104} INFO - [2024-04-25 20:55:37,848] {dag.py:2280} INFO - Setting next_dagrun for example_bash_operator to 2024-04-23 00:00:00+00:00
[2024-04-25 20:55:37,956] {scheduler_job.py:190} INFO - Processing /home/airflow/.local/lib/python3.6/site-packages/airflow/example_dags/example_bash_operator.py took 3.005 seconds
[2024-04-25 20:56:10,019] {scheduler_job.py:182} INFO - Started process (PID=10595) to work on /home/airflow/.local/lib/python3.6/site-packages/airflow/example_dags/example_bash_operator.py
[2024-04-25 20:56:10,036] {scheduler_job.py:629} INFO - Processing file /home/airflow/.local/lib/python3.6/site-packages/airflow/example_dags/example_bash_operator.py for tasks to queue
[2024-04-25 20:56:10,050] {logging_mixin.py:104} INFO - [2024-04-25 20:56:10,049] {dagbag.py:451} INFO - Filling up the DagBag from /home/airflow/.local/lib/python3.6/site-packages/airflow/example_dags/example_bash_operator.py
[2024-04-25 20:56:10,352] {scheduler_job.py:639} INFO - DAG(s) dict_keys(['example_bash_operator']) retrieved from /home/airflow/.local/lib/python3.6/site-packages/airflow/example_dags/example_bash_operator.py
[2024-04-25 20:56:11,208] {logging_mixin.py:104} INFO - [2024-04-25 20:56:11,208] {dag.py:1824} INFO - Sync 1 DAGs
[2024-04-25 20:56:11,569] {logging_mixin.py:104} INFO - [2024-04-25 20:56:11,569] {dag.py:2280} INFO - Setting next_dagrun for example_bash_operator to 2024-04-23 00:00:00+00:00
[2024-04-25 20:56:11,646] {scheduler_job.py:190} INFO - Processing /home/airflow/.local/lib/python3.6/site-packages/airflow/example_dags/example_bash_operator.py took 1.634 seconds
[2024-04-25 20:56:41,764] {scheduler_job.py:182} INFO - Started process (PID=10633) to work on /home/airflow/.local/lib/python3.6/site-packages/airflow/example_dags/example_bash_operator.py
[2024-04-25 20:56:41,776] {scheduler_job.py:629} INFO - Processing file /home/airflow/.local/lib/python3.6/site-packages/airflow/example_dags/example_bash_operator.py for tasks to queue
[2024-04-25 20:56:41,779] {logging_mixin.py:104} INFO - [2024-04-25 20:56:41,778] {dagbag.py:451} INFO - Filling up the DagBag from /home/airflow/.local/lib/python3.6/site-packages/airflow/example_dags/example_bash_operator.py
[2024-04-25 20:56:41,813] {scheduler_job.py:639} INFO - DAG(s) dict_keys(['example_bash_operator']) retrieved from /home/airflow/.local/lib/python3.6/site-packages/airflow/example_dags/example_bash_operator.py
[2024-04-25 20:56:41,905] {logging_mixin.py:104} INFO - [2024-04-25 20:56:41,905] {dag.py:1824} INFO - Sync 1 DAGs
[2024-04-25 20:56:41,983] {logging_mixin.py:104} INFO - [2024-04-25 20:56:41,983] {dag.py:2280} INFO - Setting next_dagrun for example_bash_operator to 2024-04-23 00:00:00+00:00
[2024-04-25 20:56:42,824] {scheduler_job.py:190} INFO - Processing /home/airflow/.local/lib/python3.6/site-packages/airflow/example_dags/example_bash_operator.py took 1.067 seconds
