[2024-04-25 20:55:39,293] {scheduler_job.py:182} INFO - Started process (PID=10561) to work on /home/airflow/.local/lib/python3.6/site-packages/airflow/example_dags/example_latest_only_with_trigger.py
[2024-04-25 20:55:39,296] {scheduler_job.py:629} INFO - Processing file /home/airflow/.local/lib/python3.6/site-packages/airflow/example_dags/example_latest_only_with_trigger.py for tasks to queue
[2024-04-25 20:55:39,307] {logging_mixin.py:104} INFO - [2024-04-25 20:55:39,307] {dagbag.py:451} INFO - Filling up the DagBag from /home/airflow/.local/lib/python3.6/site-packages/airflow/example_dags/example_latest_only_with_trigger.py
[2024-04-25 20:55:39,354] {scheduler_job.py:639} INFO - DAG(s) dict_keys(['latest_only_with_trigger']) retrieved from /home/airflow/.local/lib/python3.6/site-packages/airflow/example_dags/example_latest_only_with_trigger.py
[2024-04-25 20:55:39,508] {logging_mixin.py:104} INFO - [2024-04-25 20:55:39,508] {dag.py:1824} INFO - Sync 1 DAGs
[2024-04-25 20:55:39,591] {logging_mixin.py:104} INFO - [2024-04-25 20:55:39,591] {dag.py:2280} INFO - Setting next_dagrun for latest_only_with_trigger to 2024-04-23 00:00:00+00:00
[2024-04-25 20:55:39,669] {scheduler_job.py:190} INFO - Processing /home/airflow/.local/lib/python3.6/site-packages/airflow/example_dags/example_latest_only_with_trigger.py took 0.382 seconds
[2024-04-25 20:56:13,727] {scheduler_job.py:182} INFO - Started process (PID=10601) to work on /home/airflow/.local/lib/python3.6/site-packages/airflow/example_dags/example_latest_only_with_trigger.py
[2024-04-25 20:56:13,739] {scheduler_job.py:629} INFO - Processing file /home/airflow/.local/lib/python3.6/site-packages/airflow/example_dags/example_latest_only_with_trigger.py for tasks to queue
[2024-04-25 20:56:13,742] {logging_mixin.py:104} INFO - [2024-04-25 20:56:13,741] {dagbag.py:451} INFO - Filling up the DagBag from /home/airflow/.local/lib/python3.6/site-packages/airflow/example_dags/example_latest_only_with_trigger.py
[2024-04-25 20:56:13,779] {scheduler_job.py:639} INFO - DAG(s) dict_keys(['latest_only_with_trigger']) retrieved from /home/airflow/.local/lib/python3.6/site-packages/airflow/example_dags/example_latest_only_with_trigger.py
[2024-04-25 20:56:13,916] {logging_mixin.py:104} INFO - [2024-04-25 20:56:13,916] {dag.py:1824} INFO - Sync 1 DAGs
[2024-04-25 20:56:14,027] {logging_mixin.py:104} INFO - [2024-04-25 20:56:14,026] {dag.py:2280} INFO - Setting next_dagrun for latest_only_with_trigger to 2024-04-23 00:00:00+00:00
[2024-04-25 20:56:14,125] {scheduler_job.py:190} INFO - Processing /home/airflow/.local/lib/python3.6/site-packages/airflow/example_dags/example_latest_only_with_trigger.py took 0.404 seconds
[2024-04-25 20:56:45,356] {scheduler_job.py:182} INFO - Started process (PID=10639) to work on /home/airflow/.local/lib/python3.6/site-packages/airflow/example_dags/example_latest_only_with_trigger.py
[2024-04-25 20:56:45,361] {scheduler_job.py:629} INFO - Processing file /home/airflow/.local/lib/python3.6/site-packages/airflow/example_dags/example_latest_only_with_trigger.py for tasks to queue
[2024-04-25 20:56:45,372] {logging_mixin.py:104} INFO - [2024-04-25 20:56:45,372] {dagbag.py:451} INFO - Filling up the DagBag from /home/airflow/.local/lib/python3.6/site-packages/airflow/example_dags/example_latest_only_with_trigger.py
[2024-04-25 20:56:45,398] {scheduler_job.py:639} INFO - DAG(s) dict_keys(['latest_only_with_trigger']) retrieved from /home/airflow/.local/lib/python3.6/site-packages/airflow/example_dags/example_latest_only_with_trigger.py
[2024-04-25 20:56:45,635] {logging_mixin.py:104} INFO - [2024-04-25 20:56:45,635] {dag.py:1824} INFO - Sync 1 DAGs
[2024-04-25 20:56:46,217] {logging_mixin.py:104} INFO - [2024-04-25 20:56:46,217] {dag.py:2280} INFO - Setting next_dagrun for latest_only_with_trigger to 2024-04-23 00:00:00+00:00
[2024-04-25 20:56:46,475] {scheduler_job.py:190} INFO - Processing /home/airflow/.local/lib/python3.6/site-packages/airflow/example_dags/example_latest_only_with_trigger.py took 1.135 seconds
