[2024-04-25 20:55:44,938] {scheduler_job.py:182} INFO - Started process (PID=10568) to work on /home/airflow/.local/lib/python3.6/site-packages/airflow/example_dags/example_branch_python_dop_operator_3.py
[2024-04-25 20:55:44,950] {scheduler_job.py:629} INFO - Processing file /home/airflow/.local/lib/python3.6/site-packages/airflow/example_dags/example_branch_python_dop_operator_3.py for tasks to queue
[2024-04-25 20:55:44,959] {logging_mixin.py:104} INFO - [2024-04-25 20:55:44,959] {dagbag.py:451} INFO - Filling up the DagBag from /home/airflow/.local/lib/python3.6/site-packages/airflow/example_dags/example_branch_python_dop_operator_3.py
[2024-04-25 20:55:45,012] {scheduler_job.py:639} INFO - DAG(s) dict_keys(['example_branch_dop_operator_v3']) retrieved from /home/airflow/.local/lib/python3.6/site-packages/airflow/example_dags/example_branch_python_dop_operator_3.py
[2024-04-25 20:55:45,178] {logging_mixin.py:104} INFO - [2024-04-25 20:55:45,178] {dag.py:1824} INFO - Sync 1 DAGs
[2024-04-25 20:55:45,353] {logging_mixin.py:104} INFO - [2024-04-25 20:55:45,342] {dag.py:2280} INFO - Setting next_dagrun for example_branch_dop_operator_v3 to 2024-04-23 00:00:00+00:00
[2024-04-25 20:55:45,555] {scheduler_job.py:190} INFO - Processing /home/airflow/.local/lib/python3.6/site-packages/airflow/example_dags/example_branch_python_dop_operator_3.py took 0.622 seconds
[2024-04-25 20:56:16,308] {scheduler_job.py:182} INFO - Started process (PID=10606) to work on /home/airflow/.local/lib/python3.6/site-packages/airflow/example_dags/example_branch_python_dop_operator_3.py
[2024-04-25 20:56:16,312] {scheduler_job.py:629} INFO - Processing file /home/airflow/.local/lib/python3.6/site-packages/airflow/example_dags/example_branch_python_dop_operator_3.py for tasks to queue
[2024-04-25 20:56:16,330] {logging_mixin.py:104} INFO - [2024-04-25 20:56:16,328] {dagbag.py:451} INFO - Filling up the DagBag from /home/airflow/.local/lib/python3.6/site-packages/airflow/example_dags/example_branch_python_dop_operator_3.py
[2024-04-25 20:56:16,442] {scheduler_job.py:639} INFO - DAG(s) dict_keys(['example_branch_dop_operator_v3']) retrieved from /home/airflow/.local/lib/python3.6/site-packages/airflow/example_dags/example_branch_python_dop_operator_3.py
[2024-04-25 20:56:16,724] {logging_mixin.py:104} INFO - [2024-04-25 20:56:16,723] {dag.py:1824} INFO - Sync 1 DAGs
[2024-04-25 20:56:17,090] {logging_mixin.py:104} INFO - [2024-04-25 20:56:17,090] {dag.py:2280} INFO - Setting next_dagrun for example_branch_dop_operator_v3 to 2024-04-23 00:00:00+00:00
[2024-04-25 20:56:17,279] {scheduler_job.py:190} INFO - Processing /home/airflow/.local/lib/python3.6/site-packages/airflow/example_dags/example_branch_python_dop_operator_3.py took 0.987 seconds
[2024-04-25 20:56:49,778] {scheduler_job.py:182} INFO - Started process (PID=10643) to work on /home/airflow/.local/lib/python3.6/site-packages/airflow/example_dags/example_branch_python_dop_operator_3.py
[2024-04-25 20:56:49,795] {scheduler_job.py:629} INFO - Processing file /home/airflow/.local/lib/python3.6/site-packages/airflow/example_dags/example_branch_python_dop_operator_3.py for tasks to queue
[2024-04-25 20:56:49,812] {logging_mixin.py:104} INFO - [2024-04-25 20:56:49,811] {dagbag.py:451} INFO - Filling up the DagBag from /home/airflow/.local/lib/python3.6/site-packages/airflow/example_dags/example_branch_python_dop_operator_3.py
[2024-04-25 20:56:50,020] {scheduler_job.py:639} INFO - DAG(s) dict_keys(['example_branch_dop_operator_v3']) retrieved from /home/airflow/.local/lib/python3.6/site-packages/airflow/example_dags/example_branch_python_dop_operator_3.py
[2024-04-25 20:56:50,210] {logging_mixin.py:104} INFO - [2024-04-25 20:56:50,210] {dag.py:1824} INFO - Sync 1 DAGs
[2024-04-25 20:56:50,458] {logging_mixin.py:104} INFO - [2024-04-25 20:56:50,457] {dag.py:2280} INFO - Setting next_dagrun for example_branch_dop_operator_v3 to 2024-04-23 00:00:00+00:00
[2024-04-25 20:56:50,560] {scheduler_job.py:190} INFO - Processing /home/airflow/.local/lib/python3.6/site-packages/airflow/example_dags/example_branch_python_dop_operator_3.py took 0.828 seconds
