[2024-04-25 01:24:38,117] {scheduler_job.py:182} INFO - Started process (PID=10520) to work on /home/airflow/.local/lib/python3.6/site-packages/airflow/example_dags/example_latest_only.py
[2024-04-25 01:24:38,184] {scheduler_job.py:629} INFO - Processing file /home/airflow/.local/lib/python3.6/site-packages/airflow/example_dags/example_latest_only.py for tasks to queue
[2024-04-25 01:24:38,186] {logging_mixin.py:104} INFO - [2024-04-25 01:24:38,186] {dagbag.py:451} INFO - Filling up the DagBag from /home/airflow/.local/lib/python3.6/site-packages/airflow/example_dags/example_latest_only.py
[2024-04-25 01:24:38,223] {scheduler_job.py:639} INFO - DAG(s) dict_keys(['latest_only']) retrieved from /home/airflow/.local/lib/python3.6/site-packages/airflow/example_dags/example_latest_only.py
[2024-04-25 01:24:38,857] {logging_mixin.py:104} INFO - [2024-04-25 01:24:38,856] {dag.py:1824} INFO - Sync 1 DAGs
[2024-04-25 01:24:39,140] {logging_mixin.py:104} INFO - [2024-04-25 01:24:39,140] {dag.py:2280} INFO - Setting next_dagrun for latest_only to 2024-04-23 00:00:00+00:00
[2024-04-25 01:24:39,248] {scheduler_job.py:190} INFO - Processing /home/airflow/.local/lib/python3.6/site-packages/airflow/example_dags/example_latest_only.py took 1.149 seconds
[2024-04-25 20:54:57,995] {scheduler_job.py:182} INFO - Started process (PID=10547) to work on /home/airflow/.local/lib/python3.6/site-packages/airflow/example_dags/example_latest_only.py
[2024-04-25 20:54:58,007] {scheduler_job.py:629} INFO - Processing file /home/airflow/.local/lib/python3.6/site-packages/airflow/example_dags/example_latest_only.py for tasks to queue
[2024-04-25 20:54:58,210] {logging_mixin.py:104} INFO - [2024-04-25 20:54:58,210] {dagbag.py:451} INFO - Filling up the DagBag from /home/airflow/.local/lib/python3.6/site-packages/airflow/example_dags/example_latest_only.py
[2024-04-25 20:54:58,548] {scheduler_job.py:639} INFO - DAG(s) dict_keys(['latest_only']) retrieved from /home/airflow/.local/lib/python3.6/site-packages/airflow/example_dags/example_latest_only.py
[2024-04-25 20:54:59,458] {logging_mixin.py:104} INFO - [2024-04-25 20:54:59,458] {dag.py:1824} INFO - Sync 1 DAGs
[2024-04-25 20:55:02,067] {logging_mixin.py:104} INFO - [2024-04-25 20:55:02,067] {dag.py:2280} INFO - Setting next_dagrun for latest_only to 2024-04-23 00:00:00+00:00
[2024-04-25 20:55:03,330] {scheduler_job.py:190} INFO - Processing /home/airflow/.local/lib/python3.6/site-packages/airflow/example_dags/example_latest_only.py took 5.319 seconds
[2024-04-25 20:56:05,749] {scheduler_job.py:182} INFO - Started process (PID=10580) to work on /home/airflow/.local/lib/python3.6/site-packages/airflow/example_dags/example_latest_only.py
[2024-04-25 20:56:05,773] {scheduler_job.py:629} INFO - Processing file /home/airflow/.local/lib/python3.6/site-packages/airflow/example_dags/example_latest_only.py for tasks to queue
[2024-04-25 20:56:05,777] {logging_mixin.py:104} INFO - [2024-04-25 20:56:05,777] {dagbag.py:451} INFO - Filling up the DagBag from /home/airflow/.local/lib/python3.6/site-packages/airflow/example_dags/example_latest_only.py
[2024-04-25 20:56:05,938] {scheduler_job.py:639} INFO - DAG(s) dict_keys(['latest_only']) retrieved from /home/airflow/.local/lib/python3.6/site-packages/airflow/example_dags/example_latest_only.py
[2024-04-25 20:56:06,194] {logging_mixin.py:104} INFO - [2024-04-25 20:56:06,194] {dag.py:1824} INFO - Sync 1 DAGs
[2024-04-25 20:56:06,259] {logging_mixin.py:104} INFO - [2024-04-25 20:56:06,259] {dag.py:2280} INFO - Setting next_dagrun for latest_only to 2024-04-23 00:00:00+00:00
[2024-04-25 20:56:06,312] {scheduler_job.py:190} INFO - Processing /home/airflow/.local/lib/python3.6/site-packages/airflow/example_dags/example_latest_only.py took 0.577 seconds
[2024-04-25 20:56:38,167] {scheduler_job.py:182} INFO - Started process (PID=10626) to work on /home/airflow/.local/lib/python3.6/site-packages/airflow/example_dags/example_latest_only.py
[2024-04-25 20:56:38,172] {scheduler_job.py:629} INFO - Processing file /home/airflow/.local/lib/python3.6/site-packages/airflow/example_dags/example_latest_only.py for tasks to queue
[2024-04-25 20:56:38,174] {logging_mixin.py:104} INFO - [2024-04-25 20:56:38,174] {dagbag.py:451} INFO - Filling up the DagBag from /home/airflow/.local/lib/python3.6/site-packages/airflow/example_dags/example_latest_only.py
[2024-04-25 20:56:38,194] {scheduler_job.py:639} INFO - DAG(s) dict_keys(['latest_only']) retrieved from /home/airflow/.local/lib/python3.6/site-packages/airflow/example_dags/example_latest_only.py
[2024-04-25 20:56:38,288] {logging_mixin.py:104} INFO - [2024-04-25 20:56:38,287] {dag.py:1824} INFO - Sync 1 DAGs
[2024-04-25 20:56:38,355] {logging_mixin.py:104} INFO - [2024-04-25 20:56:38,355] {dag.py:2280} INFO - Setting next_dagrun for latest_only to 2024-04-23 00:00:00+00:00
[2024-04-25 20:56:38,404] {scheduler_job.py:190} INFO - Processing /home/airflow/.local/lib/python3.6/site-packages/airflow/example_dags/example_latest_only.py took 0.253 seconds
