[2024-04-25 20:55:40,862] {scheduler_job.py:182} INFO - Started process (PID=10565) to work on /home/airflow/.local/lib/python3.6/site-packages/airflow/example_dags/example_xcom.py
[2024-04-25 20:55:40,922] {scheduler_job.py:629} INFO - Processing file /home/airflow/.local/lib/python3.6/site-packages/airflow/example_dags/example_xcom.py for tasks to queue
[2024-04-25 20:55:40,957] {logging_mixin.py:104} INFO - [2024-04-25 20:55:40,956] {dagbag.py:451} INFO - Filling up the DagBag from /home/airflow/.local/lib/python3.6/site-packages/airflow/example_dags/example_xcom.py
[2024-04-25 20:55:41,071] {scheduler_job.py:639} INFO - DAG(s) dict_keys(['example_xcom']) retrieved from /home/airflow/.local/lib/python3.6/site-packages/airflow/example_dags/example_xcom.py
[2024-04-25 20:55:41,686] {logging_mixin.py:104} INFO - [2024-04-25 20:55:41,686] {dag.py:1824} INFO - Sync 1 DAGs
[2024-04-25 20:55:41,912] {logging_mixin.py:104} INFO - [2024-04-25 20:55:41,912] {dag.py:2280} INFO - Setting next_dagrun for example_xcom to None
[2024-04-25 20:55:42,777] {scheduler_job.py:190} INFO - Processing /home/airflow/.local/lib/python3.6/site-packages/airflow/example_dags/example_xcom.py took 1.932 seconds
[2024-04-25 20:56:14,229] {scheduler_job.py:182} INFO - Started process (PID=10603) to work on /home/airflow/.local/lib/python3.6/site-packages/airflow/example_dags/example_xcom.py
[2024-04-25 20:56:14,241] {scheduler_job.py:629} INFO - Processing file /home/airflow/.local/lib/python3.6/site-packages/airflow/example_dags/example_xcom.py for tasks to queue
[2024-04-25 20:56:14,251] {logging_mixin.py:104} INFO - [2024-04-25 20:56:14,251] {dagbag.py:451} INFO - Filling up the DagBag from /home/airflow/.local/lib/python3.6/site-packages/airflow/example_dags/example_xcom.py
[2024-04-25 20:56:14,284] {scheduler_job.py:639} INFO - DAG(s) dict_keys(['example_xcom']) retrieved from /home/airflow/.local/lib/python3.6/site-packages/airflow/example_dags/example_xcom.py
[2024-04-25 20:56:14,400] {logging_mixin.py:104} INFO - [2024-04-25 20:56:14,399] {dag.py:1824} INFO - Sync 1 DAGs
[2024-04-25 20:56:14,462] {logging_mixin.py:104} INFO - [2024-04-25 20:56:14,462] {dag.py:2280} INFO - Setting next_dagrun for example_xcom to None
[2024-04-25 20:56:14,525] {scheduler_job.py:190} INFO - Processing /home/airflow/.local/lib/python3.6/site-packages/airflow/example_dags/example_xcom.py took 0.302 seconds
[2024-04-25 20:56:49,486] {scheduler_job.py:182} INFO - Started process (PID=10642) to work on /home/airflow/.local/lib/python3.6/site-packages/airflow/example_dags/example_xcom.py
[2024-04-25 20:56:49,490] {scheduler_job.py:629} INFO - Processing file /home/airflow/.local/lib/python3.6/site-packages/airflow/example_dags/example_xcom.py for tasks to queue
[2024-04-25 20:56:49,497] {logging_mixin.py:104} INFO - [2024-04-25 20:56:49,497] {dagbag.py:451} INFO - Filling up the DagBag from /home/airflow/.local/lib/python3.6/site-packages/airflow/example_dags/example_xcom.py
[2024-04-25 20:56:49,676] {scheduler_job.py:639} INFO - DAG(s) dict_keys(['example_xcom']) retrieved from /home/airflow/.local/lib/python3.6/site-packages/airflow/example_dags/example_xcom.py
[2024-04-25 20:56:49,773] {logging_mixin.py:104} INFO - [2024-04-25 20:56:49,773] {dag.py:1824} INFO - Sync 1 DAGs
[2024-04-25 20:56:49,896] {logging_mixin.py:104} INFO - [2024-04-25 20:56:49,896] {dag.py:2280} INFO - Setting next_dagrun for example_xcom to None
[2024-04-25 20:56:50,036] {scheduler_job.py:190} INFO - Processing /home/airflow/.local/lib/python3.6/site-packages/airflow/example_dags/example_xcom.py took 0.556 seconds
