[2024-04-25 20:55:48,084] {scheduler_job.py:182} INFO - Started process (PID=10572) to work on /home/airflow/.local/lib/python3.6/site-packages/airflow/example_dags/example_subdag_operator.py
[2024-04-25 20:55:48,142] {scheduler_job.py:629} INFO - Processing file /home/airflow/.local/lib/python3.6/site-packages/airflow/example_dags/example_subdag_operator.py for tasks to queue
[2024-04-25 20:55:48,235] {logging_mixin.py:104} INFO - [2024-04-25 20:55:48,234] {dagbag.py:451} INFO - Filling up the DagBag from /home/airflow/.local/lib/python3.6/site-packages/airflow/example_dags/example_subdag_operator.py
[2024-04-25 20:55:49,113] {scheduler_job.py:639} INFO - DAG(s) dict_keys(['example_subdag_operator.section-1', 'example_subdag_operator.section-2', 'example_subdag_operator']) retrieved from /home/airflow/.local/lib/python3.6/site-packages/airflow/example_dags/example_subdag_operator.py
[2024-04-25 20:55:49,584] {logging_mixin.py:104} INFO - [2024-04-25 20:55:49,583] {dag.py:1824} INFO - Sync 3 DAGs
[2024-04-25 20:55:50,129] {logging_mixin.py:104} INFO - [2024-04-25 20:55:50,129] {dag.py:2280} INFO - Setting next_dagrun for example_subdag_operator to 2024-04-23 00:00:00+00:00
[2024-04-25 20:55:50,169] {logging_mixin.py:104} INFO - [2024-04-25 20:55:50,169] {dag.py:2280} INFO - Setting next_dagrun for example_subdag_operator.section-1 to None
[2024-04-25 20:55:50,176] {logging_mixin.py:104} INFO - [2024-04-25 20:55:50,175] {dag.py:2280} INFO - Setting next_dagrun for example_subdag_operator.section-2 to None
[2024-04-25 20:55:50,388] {logging_mixin.py:104} INFO - [2024-04-25 20:55:50,387] {dag.py:1824} INFO - Sync 2 DAGs
[2024-04-25 20:55:50,429] {logging_mixin.py:104} INFO - [2024-04-25 20:55:50,429] {dag.py:2280} INFO - Setting next_dagrun for example_subdag_operator.section-1 to None
[2024-04-25 20:55:50,440] {logging_mixin.py:104} INFO - [2024-04-25 20:55:50,440] {dag.py:2280} INFO - Setting next_dagrun for example_subdag_operator.section-2 to None
[2024-04-25 20:55:50,490] {scheduler_job.py:190} INFO - Processing /home/airflow/.local/lib/python3.6/site-packages/airflow/example_dags/example_subdag_operator.py took 2.446 seconds
[2024-04-25 20:56:21,119] {scheduler_job.py:182} INFO - Started process (PID=10610) to work on /home/airflow/.local/lib/python3.6/site-packages/airflow/example_dags/example_subdag_operator.py
[2024-04-25 20:56:21,125] {scheduler_job.py:629} INFO - Processing file /home/airflow/.local/lib/python3.6/site-packages/airflow/example_dags/example_subdag_operator.py for tasks to queue
[2024-04-25 20:56:21,139] {logging_mixin.py:104} INFO - [2024-04-25 20:56:21,138] {dagbag.py:451} INFO - Filling up the DagBag from /home/airflow/.local/lib/python3.6/site-packages/airflow/example_dags/example_subdag_operator.py
[2024-04-25 20:56:21,536] {scheduler_job.py:639} INFO - DAG(s) dict_keys(['example_subdag_operator.section-1', 'example_subdag_operator.section-2', 'example_subdag_operator']) retrieved from /home/airflow/.local/lib/python3.6/site-packages/airflow/example_dags/example_subdag_operator.py
[2024-04-25 20:56:21,670] {logging_mixin.py:104} INFO - [2024-04-25 20:56:21,670] {dag.py:1824} INFO - Sync 3 DAGs
[2024-04-25 20:56:21,746] {logging_mixin.py:104} INFO - [2024-04-25 20:56:21,746] {dag.py:2280} INFO - Setting next_dagrun for example_subdag_operator to 2024-04-23 00:00:00+00:00
[2024-04-25 20:56:21,754] {logging_mixin.py:104} INFO - [2024-04-25 20:56:21,754] {dag.py:2280} INFO - Setting next_dagrun for example_subdag_operator.section-1 to None
[2024-04-25 20:56:21,757] {logging_mixin.py:104} INFO - [2024-04-25 20:56:21,756] {dag.py:2280} INFO - Setting next_dagrun for example_subdag_operator.section-2 to None
[2024-04-25 20:56:21,821] {logging_mixin.py:104} INFO - [2024-04-25 20:56:21,821] {dag.py:1824} INFO - Sync 2 DAGs
[2024-04-25 20:56:21,884] {logging_mixin.py:104} INFO - [2024-04-25 20:56:21,884] {dag.py:2280} INFO - Setting next_dagrun for example_subdag_operator.section-1 to None
[2024-04-25 20:56:21,885] {logging_mixin.py:104} INFO - [2024-04-25 20:56:21,885] {dag.py:2280} INFO - Setting next_dagrun for example_subdag_operator.section-2 to None
[2024-04-25 20:56:21,934] {scheduler_job.py:190} INFO - Processing /home/airflow/.local/lib/python3.6/site-packages/airflow/example_dags/example_subdag_operator.py took 0.971 seconds
[2024-04-25 20:56:52,625] {scheduler_job.py:182} INFO - Started process (PID=10648) to work on /home/airflow/.local/lib/python3.6/site-packages/airflow/example_dags/example_subdag_operator.py
[2024-04-25 20:56:52,675] {scheduler_job.py:629} INFO - Processing file /home/airflow/.local/lib/python3.6/site-packages/airflow/example_dags/example_subdag_operator.py for tasks to queue
[2024-04-25 20:56:52,684] {logging_mixin.py:104} INFO - [2024-04-25 20:56:52,677] {dagbag.py:451} INFO - Filling up the DagBag from /home/airflow/.local/lib/python3.6/site-packages/airflow/example_dags/example_subdag_operator.py
[2024-04-25 20:56:53,118] {scheduler_job.py:639} INFO - DAG(s) dict_keys(['example_subdag_operator.section-1', 'example_subdag_operator.section-2', 'example_subdag_operator']) retrieved from /home/airflow/.local/lib/python3.6/site-packages/airflow/example_dags/example_subdag_operator.py
[2024-04-25 20:56:53,302] {logging_mixin.py:104} INFO - [2024-04-25 20:56:53,301] {dag.py:1824} INFO - Sync 3 DAGs
[2024-04-25 20:56:53,491] {logging_mixin.py:104} INFO - [2024-04-25 20:56:53,491] {dag.py:2280} INFO - Setting next_dagrun for example_subdag_operator to 2024-04-23 00:00:00+00:00
[2024-04-25 20:56:53,512] {logging_mixin.py:104} INFO - [2024-04-25 20:56:53,512] {dag.py:2280} INFO - Setting next_dagrun for example_subdag_operator.section-1 to None
[2024-04-25 20:56:53,519] {logging_mixin.py:104} INFO - [2024-04-25 20:56:53,519] {dag.py:2280} INFO - Setting next_dagrun for example_subdag_operator.section-2 to None
[2024-04-25 20:56:53,808] {logging_mixin.py:104} INFO - [2024-04-25 20:56:53,807] {dag.py:1824} INFO - Sync 2 DAGs
[2024-04-25 20:56:53,875] {logging_mixin.py:104} INFO - [2024-04-25 20:56:53,875] {dag.py:2280} INFO - Setting next_dagrun for example_subdag_operator.section-1 to None
[2024-04-25 20:56:53,896] {logging_mixin.py:104} INFO - [2024-04-25 20:56:53,896] {dag.py:2280} INFO - Setting next_dagrun for example_subdag_operator.section-2 to None
[2024-04-25 20:56:53,962] {scheduler_job.py:190} INFO - Processing /home/airflow/.local/lib/python3.6/site-packages/airflow/example_dags/example_subdag_operator.py took 1.351 seconds
