[2024-04-25 20:55:31,490] {scheduler_job.py:182} INFO - Started process (PID=10555) to work on /home/airflow/.local/lib/python3.6/site-packages/airflow/example_dags/example_skip_dag.py
[2024-04-25 20:55:31,508] {scheduler_job.py:629} INFO - Processing file /home/airflow/.local/lib/python3.6/site-packages/airflow/example_dags/example_skip_dag.py for tasks to queue
[2024-04-25 20:55:31,527] {logging_mixin.py:104} INFO - [2024-04-25 20:55:31,527] {dagbag.py:451} INFO - Filling up the DagBag from /home/airflow/.local/lib/python3.6/site-packages/airflow/example_dags/example_skip_dag.py
[2024-04-25 20:55:32,011] {scheduler_job.py:639} INFO - DAG(s) dict_keys(['example_skip_dag']) retrieved from /home/airflow/.local/lib/python3.6/site-packages/airflow/example_dags/example_skip_dag.py
[2024-04-25 20:55:33,846] {logging_mixin.py:104} INFO - [2024-04-25 20:55:33,846] {dag.py:1824} INFO - Sync 1 DAGs
[2024-04-25 20:55:34,046] {logging_mixin.py:104} INFO - [2024-04-25 20:55:34,046] {dag.py:2280} INFO - Setting next_dagrun for example_skip_dag to 2024-04-23 00:00:00+00:00
[2024-04-25 20:55:34,359] {scheduler_job.py:190} INFO - Processing /home/airflow/.local/lib/python3.6/site-packages/airflow/example_dags/example_skip_dag.py took 2.887 seconds
[2024-04-25 20:56:08,605] {scheduler_job.py:182} INFO - Started process (PID=10587) to work on /home/airflow/.local/lib/python3.6/site-packages/airflow/example_dags/example_skip_dag.py
[2024-04-25 20:56:08,644] {scheduler_job.py:629} INFO - Processing file /home/airflow/.local/lib/python3.6/site-packages/airflow/example_dags/example_skip_dag.py for tasks to queue
[2024-04-25 20:56:08,657] {logging_mixin.py:104} INFO - [2024-04-25 20:56:08,657] {dagbag.py:451} INFO - Filling up the DagBag from /home/airflow/.local/lib/python3.6/site-packages/airflow/example_dags/example_skip_dag.py
[2024-04-25 20:56:08,797] {scheduler_job.py:639} INFO - DAG(s) dict_keys(['example_skip_dag']) retrieved from /home/airflow/.local/lib/python3.6/site-packages/airflow/example_dags/example_skip_dag.py
[2024-04-25 20:56:09,203] {logging_mixin.py:104} INFO - [2024-04-25 20:56:09,203] {dag.py:1824} INFO - Sync 1 DAGs
[2024-04-25 20:56:09,634] {logging_mixin.py:104} INFO - [2024-04-25 20:56:09,634] {dag.py:2280} INFO - Setting next_dagrun for example_skip_dag to 2024-04-23 00:00:00+00:00
[2024-04-25 20:56:09,715] {scheduler_job.py:190} INFO - Processing /home/airflow/.local/lib/python3.6/site-packages/airflow/example_dags/example_skip_dag.py took 1.173 seconds
[2024-04-25 20:56:40,555] {scheduler_job.py:182} INFO - Started process (PID=10631) to work on /home/airflow/.local/lib/python3.6/site-packages/airflow/example_dags/example_skip_dag.py
[2024-04-25 20:56:40,568] {scheduler_job.py:629} INFO - Processing file /home/airflow/.local/lib/python3.6/site-packages/airflow/example_dags/example_skip_dag.py for tasks to queue
[2024-04-25 20:56:40,571] {logging_mixin.py:104} INFO - [2024-04-25 20:56:40,571] {dagbag.py:451} INFO - Filling up the DagBag from /home/airflow/.local/lib/python3.6/site-packages/airflow/example_dags/example_skip_dag.py
[2024-04-25 20:56:40,604] {scheduler_job.py:639} INFO - DAG(s) dict_keys(['example_skip_dag']) retrieved from /home/airflow/.local/lib/python3.6/site-packages/airflow/example_dags/example_skip_dag.py
[2024-04-25 20:56:40,698] {logging_mixin.py:104} INFO - [2024-04-25 20:56:40,698] {dag.py:1824} INFO - Sync 1 DAGs
[2024-04-25 20:56:40,759] {logging_mixin.py:104} INFO - [2024-04-25 20:56:40,759] {dag.py:2280} INFO - Setting next_dagrun for example_skip_dag to 2024-04-23 00:00:00+00:00
[2024-04-25 20:56:40,838] {scheduler_job.py:190} INFO - Processing /home/airflow/.local/lib/python3.6/site-packages/airflow/example_dags/example_skip_dag.py took 0.291 seconds
