[2024-04-25 20:55:20,468] {scheduler_job.py:182} INFO - Started process (PID=10553) to work on /home/airflow/.local/lib/python3.6/site-packages/airflow/example_dags/example_trigger_controller_dag.py
[2024-04-25 20:55:20,506] {scheduler_job.py:629} INFO - Processing file /home/airflow/.local/lib/python3.6/site-packages/airflow/example_dags/example_trigger_controller_dag.py for tasks to queue
[2024-04-25 20:55:20,546] {logging_mixin.py:104} INFO - [2024-04-25 20:55:20,545] {dagbag.py:451} INFO - Filling up the DagBag from /home/airflow/.local/lib/python3.6/site-packages/airflow/example_dags/example_trigger_controller_dag.py
[2024-04-25 20:55:20,997] {scheduler_job.py:639} INFO - DAG(s) dict_keys(['example_trigger_controller_dag']) retrieved from /home/airflow/.local/lib/python3.6/site-packages/airflow/example_dags/example_trigger_controller_dag.py
[2024-04-25 20:55:28,555] {logging_mixin.py:104} INFO - [2024-04-25 20:55:28,528] {dag.py:1824} INFO - Sync 1 DAGs
[2024-04-25 20:55:29,216] {logging_mixin.py:104} INFO - [2024-04-25 20:55:29,216] {dag.py:2280} INFO - Setting next_dagrun for example_trigger_controller_dag to 2024-04-23 00:00:00+00:00
[2024-04-25 20:55:29,990] {scheduler_job.py:190} INFO - Processing /home/airflow/.local/lib/python3.6/site-packages/airflow/example_dags/example_trigger_controller_dag.py took 9.881 seconds
[2024-04-25 20:56:07,434] {scheduler_job.py:182} INFO - Started process (PID=10585) to work on /home/airflow/.local/lib/python3.6/site-packages/airflow/example_dags/example_trigger_controller_dag.py
[2024-04-25 20:56:07,446] {scheduler_job.py:629} INFO - Processing file /home/airflow/.local/lib/python3.6/site-packages/airflow/example_dags/example_trigger_controller_dag.py for tasks to queue
[2024-04-25 20:56:07,454] {logging_mixin.py:104} INFO - [2024-04-25 20:56:07,453] {dagbag.py:451} INFO - Filling up the DagBag from /home/airflow/.local/lib/python3.6/site-packages/airflow/example_dags/example_trigger_controller_dag.py
[2024-04-25 20:56:07,557] {scheduler_job.py:639} INFO - DAG(s) dict_keys(['example_trigger_controller_dag']) retrieved from /home/airflow/.local/lib/python3.6/site-packages/airflow/example_dags/example_trigger_controller_dag.py
[2024-04-25 20:56:07,766] {logging_mixin.py:104} INFO - [2024-04-25 20:56:07,766] {dag.py:1824} INFO - Sync 1 DAGs
[2024-04-25 20:56:07,862] {logging_mixin.py:104} INFO - [2024-04-25 20:56:07,862] {dag.py:2280} INFO - Setting next_dagrun for example_trigger_controller_dag to 2024-04-23 00:00:00+00:00
[2024-04-25 20:56:08,252] {scheduler_job.py:190} INFO - Processing /home/airflow/.local/lib/python3.6/site-packages/airflow/example_dags/example_trigger_controller_dag.py took 0.826 seconds
[2024-04-25 20:56:38,567] {scheduler_job.py:182} INFO - Started process (PID=10628) to work on /home/airflow/.local/lib/python3.6/site-packages/airflow/example_dags/example_trigger_controller_dag.py
[2024-04-25 20:56:38,572] {scheduler_job.py:629} INFO - Processing file /home/airflow/.local/lib/python3.6/site-packages/airflow/example_dags/example_trigger_controller_dag.py for tasks to queue
[2024-04-25 20:56:38,574] {logging_mixin.py:104} INFO - [2024-04-25 20:56:38,574] {dagbag.py:451} INFO - Filling up the DagBag from /home/airflow/.local/lib/python3.6/site-packages/airflow/example_dags/example_trigger_controller_dag.py
[2024-04-25 20:56:38,605] {scheduler_job.py:639} INFO - DAG(s) dict_keys(['example_trigger_controller_dag']) retrieved from /home/airflow/.local/lib/python3.6/site-packages/airflow/example_dags/example_trigger_controller_dag.py
[2024-04-25 20:56:38,702] {logging_mixin.py:104} INFO - [2024-04-25 20:56:38,702] {dag.py:1824} INFO - Sync 1 DAGs
[2024-04-25 20:56:38,770] {logging_mixin.py:104} INFO - [2024-04-25 20:56:38,770] {dag.py:2280} INFO - Setting next_dagrun for example_trigger_controller_dag to 2024-04-23 00:00:00+00:00
[2024-04-25 20:56:38,818] {scheduler_job.py:190} INFO - Processing /home/airflow/.local/lib/python3.6/site-packages/airflow/example_dags/example_trigger_controller_dag.py took 0.266 seconds
