[2024-04-25 20:55:45,042] {scheduler_job.py:182} INFO - Started process (PID=10569) to work on /home/airflow/.local/lib/python3.6/site-packages/airflow/example_dags/example_external_task_marker_dag.py
[2024-04-25 20:55:45,048] {scheduler_job.py:629} INFO - Processing file /home/airflow/.local/lib/python3.6/site-packages/airflow/example_dags/example_external_task_marker_dag.py for tasks to queue
[2024-04-25 20:55:45,067] {logging_mixin.py:104} INFO - [2024-04-25 20:55:45,067] {dagbag.py:451} INFO - Filling up the DagBag from /home/airflow/.local/lib/python3.6/site-packages/airflow/example_dags/example_external_task_marker_dag.py
[2024-04-25 20:55:45,164] {scheduler_job.py:639} INFO - DAG(s) dict_keys(['example_external_task_marker_parent', 'example_external_task_marker_child']) retrieved from /home/airflow/.local/lib/python3.6/site-packages/airflow/example_dags/example_external_task_marker_dag.py
[2024-04-25 20:55:45,526] {logging_mixin.py:104} INFO - [2024-04-25 20:55:45,526] {dag.py:1824} INFO - Sync 2 DAGs
[2024-04-25 20:55:45,641] {logging_mixin.py:104} INFO - [2024-04-25 20:55:45,641] {dag.py:2280} INFO - Setting next_dagrun for example_external_task_marker_child to None
[2024-04-25 20:55:45,656] {logging_mixin.py:104} INFO - [2024-04-25 20:55:45,656] {dag.py:2280} INFO - Setting next_dagrun for example_external_task_marker_parent to None
[2024-04-25 20:55:45,816] {scheduler_job.py:190} INFO - Processing /home/airflow/.local/lib/python3.6/site-packages/airflow/example_dags/example_external_task_marker_dag.py took 0.782 seconds
[2024-04-25 20:56:16,924] {scheduler_job.py:182} INFO - Started process (PID=10607) to work on /home/airflow/.local/lib/python3.6/site-packages/airflow/example_dags/example_external_task_marker_dag.py
[2024-04-25 20:56:16,930] {scheduler_job.py:629} INFO - Processing file /home/airflow/.local/lib/python3.6/site-packages/airflow/example_dags/example_external_task_marker_dag.py for tasks to queue
[2024-04-25 20:56:16,937] {logging_mixin.py:104} INFO - [2024-04-25 20:56:16,937] {dagbag.py:451} INFO - Filling up the DagBag from /home/airflow/.local/lib/python3.6/site-packages/airflow/example_dags/example_external_task_marker_dag.py
[2024-04-25 20:56:17,226] {scheduler_job.py:639} INFO - DAG(s) dict_keys(['example_external_task_marker_parent', 'example_external_task_marker_child']) retrieved from /home/airflow/.local/lib/python3.6/site-packages/airflow/example_dags/example_external_task_marker_dag.py
[2024-04-25 20:56:17,463] {logging_mixin.py:104} INFO - [2024-04-25 20:56:17,463] {dag.py:1824} INFO - Sync 2 DAGs
[2024-04-25 20:56:17,543] {logging_mixin.py:104} INFO - [2024-04-25 20:56:17,543] {dag.py:2280} INFO - Setting next_dagrun for example_external_task_marker_child to None
[2024-04-25 20:56:17,556] {logging_mixin.py:104} INFO - [2024-04-25 20:56:17,556] {dag.py:2280} INFO - Setting next_dagrun for example_external_task_marker_parent to None
[2024-04-25 20:56:17,610] {scheduler_job.py:190} INFO - Processing /home/airflow/.local/lib/python3.6/site-packages/airflow/example_dags/example_external_task_marker_dag.py took 0.719 seconds
[2024-04-25 20:56:50,307] {scheduler_job.py:182} INFO - Started process (PID=10644) to work on /home/airflow/.local/lib/python3.6/site-packages/airflow/example_dags/example_external_task_marker_dag.py
[2024-04-25 20:56:50,325] {scheduler_job.py:629} INFO - Processing file /home/airflow/.local/lib/python3.6/site-packages/airflow/example_dags/example_external_task_marker_dag.py for tasks to queue
[2024-04-25 20:56:50,340] {logging_mixin.py:104} INFO - [2024-04-25 20:56:50,340] {dagbag.py:451} INFO - Filling up the DagBag from /home/airflow/.local/lib/python3.6/site-packages/airflow/example_dags/example_external_task_marker_dag.py
[2024-04-25 20:56:50,478] {scheduler_job.py:639} INFO - DAG(s) dict_keys(['example_external_task_marker_parent', 'example_external_task_marker_child']) retrieved from /home/airflow/.local/lib/python3.6/site-packages/airflow/example_dags/example_external_task_marker_dag.py
[2024-04-25 20:56:50,780] {logging_mixin.py:104} INFO - [2024-04-25 20:56:50,780] {dag.py:1824} INFO - Sync 2 DAGs
[2024-04-25 20:56:50,969] {logging_mixin.py:104} INFO - [2024-04-25 20:56:50,968] {dag.py:2280} INFO - Setting next_dagrun for example_external_task_marker_child to None
[2024-04-25 20:56:50,997] {logging_mixin.py:104} INFO - [2024-04-25 20:56:50,997] {dag.py:2280} INFO - Setting next_dagrun for example_external_task_marker_parent to None
[2024-04-25 20:56:51,120] {scheduler_job.py:190} INFO - Processing /home/airflow/.local/lib/python3.6/site-packages/airflow/example_dags/example_external_task_marker_dag.py took 0.832 seconds
