[2024-04-25 20:55:38,200] {scheduler_job.py:182} INFO - Started process (PID=10559) to work on /home/airflow/.local/lib/python3.6/site-packages/airflow/example_dags/example_complex.py
[2024-04-25 20:55:38,213] {scheduler_job.py:629} INFO - Processing file /home/airflow/.local/lib/python3.6/site-packages/airflow/example_dags/example_complex.py for tasks to queue
[2024-04-25 20:55:38,216] {logging_mixin.py:104} INFO - [2024-04-25 20:55:38,216] {dagbag.py:451} INFO - Filling up the DagBag from /home/airflow/.local/lib/python3.6/site-packages/airflow/example_dags/example_complex.py
[2024-04-25 20:55:38,317] {scheduler_job.py:639} INFO - DAG(s) dict_keys(['example_complex']) retrieved from /home/airflow/.local/lib/python3.6/site-packages/airflow/example_dags/example_complex.py
[2024-04-25 20:55:38,570] {logging_mixin.py:104} INFO - [2024-04-25 20:55:38,570] {dag.py:1824} INFO - Sync 1 DAGs
[2024-04-25 20:55:38,906] {logging_mixin.py:104} INFO - [2024-04-25 20:55:38,906] {dag.py:2280} INFO - Setting next_dagrun for example_complex to None
[2024-04-25 20:55:39,033] {scheduler_job.py:190} INFO - Processing /home/airflow/.local/lib/python3.6/site-packages/airflow/example_dags/example_complex.py took 0.847 seconds
[2024-04-25 20:56:10,185] {scheduler_job.py:182} INFO - Started process (PID=10596) to work on /home/airflow/.local/lib/python3.6/site-packages/airflow/example_dags/example_complex.py
[2024-04-25 20:56:10,191] {scheduler_job.py:629} INFO - Processing file /home/airflow/.local/lib/python3.6/site-packages/airflow/example_dags/example_complex.py for tasks to queue
[2024-04-25 20:56:10,211] {logging_mixin.py:104} INFO - [2024-04-25 20:56:10,211] {dagbag.py:451} INFO - Filling up the DagBag from /home/airflow/.local/lib/python3.6/site-packages/airflow/example_dags/example_complex.py
[2024-04-25 20:56:10,659] {scheduler_job.py:639} INFO - DAG(s) dict_keys(['example_complex']) retrieved from /home/airflow/.local/lib/python3.6/site-packages/airflow/example_dags/example_complex.py
[2024-04-25 20:56:10,861] {logging_mixin.py:104} INFO - [2024-04-25 20:56:10,860] {dag.py:1824} INFO - Sync 1 DAGs
[2024-04-25 20:56:11,041] {logging_mixin.py:104} INFO - [2024-04-25 20:56:11,041] {dag.py:2280} INFO - Setting next_dagrun for example_complex to None
[2024-04-25 20:56:11,594] {scheduler_job.py:190} INFO - Processing /home/airflow/.local/lib/python3.6/site-packages/airflow/example_dags/example_complex.py took 1.435 seconds
[2024-04-25 20:56:41,964] {scheduler_job.py:182} INFO - Started process (PID=10634) to work on /home/airflow/.local/lib/python3.6/site-packages/airflow/example_dags/example_complex.py
[2024-04-25 20:56:41,972] {scheduler_job.py:629} INFO - Processing file /home/airflow/.local/lib/python3.6/site-packages/airflow/example_dags/example_complex.py for tasks to queue
[2024-04-25 20:56:41,977] {logging_mixin.py:104} INFO - [2024-04-25 20:56:41,977] {dagbag.py:451} INFO - Filling up the DagBag from /home/airflow/.local/lib/python3.6/site-packages/airflow/example_dags/example_complex.py
[2024-04-25 20:56:42,107] {scheduler_job.py:639} INFO - DAG(s) dict_keys(['example_complex']) retrieved from /home/airflow/.local/lib/python3.6/site-packages/airflow/example_dags/example_complex.py
[2024-04-25 20:56:42,429] {logging_mixin.py:104} INFO - [2024-04-25 20:56:42,429] {dag.py:1824} INFO - Sync 1 DAGs
[2024-04-25 20:56:42,571] {logging_mixin.py:104} INFO - [2024-04-25 20:56:42,571] {dag.py:2280} INFO - Setting next_dagrun for example_complex to None
[2024-04-25 20:56:42,861] {scheduler_job.py:190} INFO - Processing /home/airflow/.local/lib/python3.6/site-packages/airflow/example_dags/example_complex.py took 0.904 seconds
