[2024-04-25 20:55:50,269] {scheduler_job.py:182} INFO - Started process (PID=10573) to work on /home/airflow/.local/lib/python3.6/site-packages/airflow/example_dags/example_xcomargs.py
[2024-04-25 20:55:50,366] {scheduler_job.py:629} INFO - Processing file /home/airflow/.local/lib/python3.6/site-packages/airflow/example_dags/example_xcomargs.py for tasks to queue
[2024-04-25 20:55:50,434] {logging_mixin.py:104} INFO - [2024-04-25 20:55:50,431] {dagbag.py:451} INFO - Filling up the DagBag from /home/airflow/.local/lib/python3.6/site-packages/airflow/example_dags/example_xcomargs.py
[2024-04-25 20:55:50,699] {scheduler_job.py:639} INFO - DAG(s) dict_keys(['example_xcom_args', 'example_xcom_args_with_operators']) retrieved from /home/airflow/.local/lib/python3.6/site-packages/airflow/example_dags/example_xcomargs.py
[2024-04-25 20:55:53,157] {logging_mixin.py:104} INFO - [2024-04-25 20:55:53,157] {dag.py:1824} INFO - Sync 2 DAGs
[2024-04-25 20:55:55,539] {logging_mixin.py:104} INFO - [2024-04-25 20:55:55,539] {dag.py:2280} INFO - Setting next_dagrun for example_xcom_args to None
[2024-04-25 20:55:55,580] {logging_mixin.py:104} INFO - [2024-04-25 20:55:55,580] {dag.py:2280} INFO - Setting next_dagrun for example_xcom_args_with_operators to None
[2024-04-25 20:55:55,700] {scheduler_job.py:190} INFO - Processing /home/airflow/.local/lib/python3.6/site-packages/airflow/example_dags/example_xcomargs.py took 6.292 seconds
[2024-04-25 20:56:26,324] {scheduler_job.py:182} INFO - Started process (PID=10617) to work on /home/airflow/.local/lib/python3.6/site-packages/airflow/example_dags/example_xcomargs.py
[2024-04-25 20:56:26,337] {scheduler_job.py:629} INFO - Processing file /home/airflow/.local/lib/python3.6/site-packages/airflow/example_dags/example_xcomargs.py for tasks to queue
[2024-04-25 20:56:26,357] {logging_mixin.py:104} INFO - [2024-04-25 20:56:26,357] {dagbag.py:451} INFO - Filling up the DagBag from /home/airflow/.local/lib/python3.6/site-packages/airflow/example_dags/example_xcomargs.py
[2024-04-25 20:56:26,468] {scheduler_job.py:639} INFO - DAG(s) dict_keys(['example_xcom_args', 'example_xcom_args_with_operators']) retrieved from /home/airflow/.local/lib/python3.6/site-packages/airflow/example_dags/example_xcomargs.py
[2024-04-25 20:56:26,769] {logging_mixin.py:104} INFO - [2024-04-25 20:56:26,769] {dag.py:1824} INFO - Sync 2 DAGs
[2024-04-25 20:56:26,841] {logging_mixin.py:104} INFO - [2024-04-25 20:56:26,841] {dag.py:2280} INFO - Setting next_dagrun for example_xcom_args to None
[2024-04-25 20:56:26,854] {logging_mixin.py:104} INFO - [2024-04-25 20:56:26,854] {dag.py:2280} INFO - Setting next_dagrun for example_xcom_args_with_operators to None
[2024-04-25 20:56:26,931] {scheduler_job.py:190} INFO - Processing /home/airflow/.local/lib/python3.6/site-packages/airflow/example_dags/example_xcomargs.py took 0.623 seconds
[2024-04-25 20:56:57,278] {scheduler_job.py:182} INFO - Started process (PID=10649) to work on /home/airflow/.local/lib/python3.6/site-packages/airflow/example_dags/example_xcomargs.py
[2024-04-25 20:56:57,291] {scheduler_job.py:629} INFO - Processing file /home/airflow/.local/lib/python3.6/site-packages/airflow/example_dags/example_xcomargs.py for tasks to queue
[2024-04-25 20:56:57,293] {logging_mixin.py:104} INFO - [2024-04-25 20:56:57,293] {dagbag.py:451} INFO - Filling up the DagBag from /home/airflow/.local/lib/python3.6/site-packages/airflow/example_dags/example_xcomargs.py
[2024-04-25 20:56:57,355] {scheduler_job.py:639} INFO - DAG(s) dict_keys(['example_xcom_args', 'example_xcom_args_with_operators']) retrieved from /home/airflow/.local/lib/python3.6/site-packages/airflow/example_dags/example_xcomargs.py
[2024-04-25 20:56:57,548] {logging_mixin.py:104} INFO - [2024-04-25 20:56:57,548] {dag.py:1824} INFO - Sync 2 DAGs
[2024-04-25 20:56:57,635] {logging_mixin.py:104} INFO - [2024-04-25 20:56:57,635] {dag.py:2280} INFO - Setting next_dagrun for example_xcom_args to None
[2024-04-25 20:56:57,663] {logging_mixin.py:104} INFO - [2024-04-25 20:56:57,662] {dag.py:2280} INFO - Setting next_dagrun for example_xcom_args_with_operators to None
[2024-04-25 20:56:58,627] {scheduler_job.py:190} INFO - Processing /home/airflow/.local/lib/python3.6/site-packages/airflow/example_dags/example_xcomargs.py took 1.358 seconds
