[2024-04-25 01:24:36,412] {scheduler_job.py:182} INFO - Started process (PID=10518) to work on /home/airflow/.local/lib/python3.6/site-packages/airflow/example_dags/tutorial_etl_dag.py
[2024-04-25 01:24:36,433] {scheduler_job.py:629} INFO - Processing file /home/airflow/.local/lib/python3.6/site-packages/airflow/example_dags/tutorial_etl_dag.py for tasks to queue
[2024-04-25 01:24:36,436] {logging_mixin.py:104} INFO - [2024-04-25 01:24:36,436] {dagbag.py:451} INFO - Filling up the DagBag from /home/airflow/.local/lib/python3.6/site-packages/airflow/example_dags/tutorial_etl_dag.py
[2024-04-25 01:24:36,644] {scheduler_job.py:639} INFO - DAG(s) dict_keys(['tutorial_etl_dag']) retrieved from /home/airflow/.local/lib/python3.6/site-packages/airflow/example_dags/tutorial_etl_dag.py
[2024-04-25 01:24:36,905] {logging_mixin.py:104} INFO - [2024-04-25 01:24:36,905] {dag.py:1824} INFO - Sync 1 DAGs
[2024-04-25 01:24:37,165] {logging_mixin.py:104} INFO - [2024-04-25 01:24:37,157] {dag.py:2280} INFO - Setting next_dagrun for tutorial_etl_dag to None
[2024-04-25 01:24:37,303] {scheduler_job.py:190} INFO - Processing /home/airflow/.local/lib/python3.6/site-packages/airflow/example_dags/tutorial_etl_dag.py took 0.946 seconds
[2024-04-25 20:54:49,328] {scheduler_job.py:182} INFO - Started process (PID=10545) to work on /home/airflow/.local/lib/python3.6/site-packages/airflow/example_dags/tutorial_etl_dag.py
[2024-04-25 20:54:50,996] {scheduler_job.py:629} INFO - Processing file /home/airflow/.local/lib/python3.6/site-packages/airflow/example_dags/tutorial_etl_dag.py for tasks to queue
[2024-04-25 20:54:51,377] {logging_mixin.py:104} INFO - [2024-04-25 20:54:51,374] {dagbag.py:451} INFO - Filling up the DagBag from /home/airflow/.local/lib/python3.6/site-packages/airflow/example_dags/tutorial_etl_dag.py
[2024-04-25 20:54:53,057] {scheduler_job.py:639} INFO - DAG(s) dict_keys(['tutorial_etl_dag']) retrieved from /home/airflow/.local/lib/python3.6/site-packages/airflow/example_dags/tutorial_etl_dag.py
[2024-04-25 20:54:53,987] {logging_mixin.py:104} INFO - [2024-04-25 20:54:53,987] {dag.py:1824} INFO - Sync 1 DAGs
[2024-04-25 20:54:55,808] {logging_mixin.py:104} INFO - [2024-04-25 20:54:55,808] {dag.py:2280} INFO - Setting next_dagrun for tutorial_etl_dag to None
[2024-04-25 20:54:56,818] {scheduler_job.py:190} INFO - Processing /home/airflow/.local/lib/python3.6/site-packages/airflow/example_dags/tutorial_etl_dag.py took 7.509 seconds
[2024-04-25 20:56:05,064] {scheduler_job.py:182} INFO - Started process (PID=10579) to work on /home/airflow/.local/lib/python3.6/site-packages/airflow/example_dags/tutorial_etl_dag.py
[2024-04-25 20:56:05,077] {scheduler_job.py:629} INFO - Processing file /home/airflow/.local/lib/python3.6/site-packages/airflow/example_dags/tutorial_etl_dag.py for tasks to queue
[2024-04-25 20:56:05,080] {logging_mixin.py:104} INFO - [2024-04-25 20:56:05,080] {dagbag.py:451} INFO - Filling up the DagBag from /home/airflow/.local/lib/python3.6/site-packages/airflow/example_dags/tutorial_etl_dag.py
[2024-04-25 20:56:05,439] {scheduler_job.py:639} INFO - DAG(s) dict_keys(['tutorial_etl_dag']) retrieved from /home/airflow/.local/lib/python3.6/site-packages/airflow/example_dags/tutorial_etl_dag.py
[2024-04-25 20:56:05,608] {logging_mixin.py:104} INFO - [2024-04-25 20:56:05,608] {dag.py:1824} INFO - Sync 1 DAGs
[2024-04-25 20:56:05,685] {logging_mixin.py:104} INFO - [2024-04-25 20:56:05,684] {dag.py:2280} INFO - Setting next_dagrun for tutorial_etl_dag to None
[2024-04-25 20:56:06,243] {scheduler_job.py:190} INFO - Processing /home/airflow/.local/lib/python3.6/site-packages/airflow/example_dags/tutorial_etl_dag.py took 1.187 seconds
[2024-04-25 20:56:37,181] {scheduler_job.py:182} INFO - Started process (PID=10624) to work on /home/airflow/.local/lib/python3.6/site-packages/airflow/example_dags/tutorial_etl_dag.py
[2024-04-25 20:56:37,185] {scheduler_job.py:629} INFO - Processing file /home/airflow/.local/lib/python3.6/site-packages/airflow/example_dags/tutorial_etl_dag.py for tasks to queue
[2024-04-25 20:56:37,190] {logging_mixin.py:104} INFO - [2024-04-25 20:56:37,187] {dagbag.py:451} INFO - Filling up the DagBag from /home/airflow/.local/lib/python3.6/site-packages/airflow/example_dags/tutorial_etl_dag.py
[2024-04-25 20:56:37,227] {scheduler_job.py:639} INFO - DAG(s) dict_keys(['tutorial_etl_dag']) retrieved from /home/airflow/.local/lib/python3.6/site-packages/airflow/example_dags/tutorial_etl_dag.py
[2024-04-25 20:56:37,331] {logging_mixin.py:104} INFO - [2024-04-25 20:56:37,331] {dag.py:1824} INFO - Sync 1 DAGs
[2024-04-25 20:56:37,385] {logging_mixin.py:104} INFO - [2024-04-25 20:56:37,385] {dag.py:2280} INFO - Setting next_dagrun for tutorial_etl_dag to None
[2024-04-25 20:56:37,512] {scheduler_job.py:190} INFO - Processing /home/airflow/.local/lib/python3.6/site-packages/airflow/example_dags/tutorial_etl_dag.py took 0.348 seconds
