[2024-04-25 01:24:37,655] {scheduler_job.py:182} INFO - Started process (PID=10519) to work on /home/airflow/.local/lib/python3.6/site-packages/airflow/example_dags/tutorial.py
[2024-04-25 01:24:37,691] {scheduler_job.py:629} INFO - Processing file /home/airflow/.local/lib/python3.6/site-packages/airflow/example_dags/tutorial.py for tasks to queue
[2024-04-25 01:24:37,699] {logging_mixin.py:104} INFO - [2024-04-25 01:24:37,698] {dagbag.py:451} INFO - Filling up the DagBag from /home/airflow/.local/lib/python3.6/site-packages/airflow/example_dags/tutorial.py
[2024-04-25 01:24:37,719] {scheduler_job.py:639} INFO - DAG(s) dict_keys(['tutorial']) retrieved from /home/airflow/.local/lib/python3.6/site-packages/airflow/example_dags/tutorial.py
[2024-04-25 01:24:37,905] {logging_mixin.py:104} INFO - [2024-04-25 01:24:37,905] {dag.py:1824} INFO - Sync 1 DAGs
[2024-04-25 01:24:37,951] {logging_mixin.py:104} INFO - [2024-04-25 01:24:37,951] {dag.py:2280} INFO - Setting next_dagrun for tutorial to 2024-04-23 00:00:00+00:00
[2024-04-25 01:24:38,008] {scheduler_job.py:190} INFO - Processing /home/airflow/.local/lib/python3.6/site-packages/airflow/example_dags/tutorial.py took 0.368 seconds
[2024-04-25 20:54:57,957] {scheduler_job.py:182} INFO - Started process (PID=10546) to work on /home/airflow/.local/lib/python3.6/site-packages/airflow/example_dags/tutorial.py
[2024-04-25 20:54:58,008] {scheduler_job.py:629} INFO - Processing file /home/airflow/.local/lib/python3.6/site-packages/airflow/example_dags/tutorial.py for tasks to queue
[2024-04-25 20:54:58,155] {logging_mixin.py:104} INFO - [2024-04-25 20:54:58,154] {dagbag.py:451} INFO - Filling up the DagBag from /home/airflow/.local/lib/python3.6/site-packages/airflow/example_dags/tutorial.py
[2024-04-25 20:54:58,210] {scheduler_job.py:639} INFO - DAG(s) dict_keys(['tutorial']) retrieved from /home/airflow/.local/lib/python3.6/site-packages/airflow/example_dags/tutorial.py
[2024-04-25 20:55:02,312] {logging_mixin.py:104} INFO - [2024-04-25 20:55:02,311] {dag.py:1824} INFO - Sync 1 DAGs
[2024-04-25 20:55:02,951] {logging_mixin.py:104} INFO - [2024-04-25 20:55:02,951] {dag.py:2280} INFO - Setting next_dagrun for tutorial to 2024-04-23 00:00:00+00:00
[2024-04-25 20:55:03,838] {scheduler_job.py:190} INFO - Processing /home/airflow/.local/lib/python3.6/site-packages/airflow/example_dags/tutorial.py took 5.791 seconds
[2024-04-25 20:56:04,579] {scheduler_job.py:182} INFO - Started process (PID=10578) to work on /home/airflow/.local/lib/python3.6/site-packages/airflow/example_dags/tutorial.py
[2024-04-25 20:56:04,588] {scheduler_job.py:629} INFO - Processing file /home/airflow/.local/lib/python3.6/site-packages/airflow/example_dags/tutorial.py for tasks to queue
[2024-04-25 20:56:04,601] {logging_mixin.py:104} INFO - [2024-04-25 20:56:04,601] {dagbag.py:451} INFO - Filling up the DagBag from /home/airflow/.local/lib/python3.6/site-packages/airflow/example_dags/tutorial.py
[2024-04-25 20:56:04,900] {scheduler_job.py:639} INFO - DAG(s) dict_keys(['tutorial']) retrieved from /home/airflow/.local/lib/python3.6/site-packages/airflow/example_dags/tutorial.py
[2024-04-25 20:56:05,040] {logging_mixin.py:104} INFO - [2024-04-25 20:56:05,039] {dag.py:1824} INFO - Sync 1 DAGs
[2024-04-25 20:56:05,117] {logging_mixin.py:104} INFO - [2024-04-25 20:56:05,117] {dag.py:2280} INFO - Setting next_dagrun for tutorial to 2024-04-23 00:00:00+00:00
[2024-04-25 20:56:05,443] {scheduler_job.py:190} INFO - Processing /home/airflow/.local/lib/python3.6/site-packages/airflow/example_dags/tutorial.py took 0.889 seconds
[2024-04-25 20:56:35,844] {scheduler_job.py:182} INFO - Started process (PID=10622) to work on /home/airflow/.local/lib/python3.6/site-packages/airflow/example_dags/tutorial.py
[2024-04-25 20:56:35,857] {scheduler_job.py:629} INFO - Processing file /home/airflow/.local/lib/python3.6/site-packages/airflow/example_dags/tutorial.py for tasks to queue
[2024-04-25 20:56:35,861] {logging_mixin.py:104} INFO - [2024-04-25 20:56:35,860] {dagbag.py:451} INFO - Filling up the DagBag from /home/airflow/.local/lib/python3.6/site-packages/airflow/example_dags/tutorial.py
[2024-04-25 20:56:35,892] {scheduler_job.py:639} INFO - DAG(s) dict_keys(['tutorial']) retrieved from /home/airflow/.local/lib/python3.6/site-packages/airflow/example_dags/tutorial.py
[2024-04-25 20:56:36,005] {logging_mixin.py:104} INFO - [2024-04-25 20:56:36,005] {dag.py:1824} INFO - Sync 1 DAGs
[2024-04-25 20:56:36,095] {logging_mixin.py:104} INFO - [2024-04-25 20:56:36,095] {dag.py:2280} INFO - Setting next_dagrun for tutorial to 2024-04-23 00:00:00+00:00
[2024-04-25 20:56:36,147] {scheduler_job.py:190} INFO - Processing /home/airflow/.local/lib/python3.6/site-packages/airflow/example_dags/tutorial.py took 0.310 seconds
