[2024-05-02 10:38:00,302] {taskinstance.py:877} INFO - Dependencies all met for <TaskInstance: json_file.step2_BashCommand 2024-05-02T10:37:55.365221+00:00 [queued]>
[2024-05-02 10:38:00,342] {taskinstance.py:877} INFO - Dependencies all met for <TaskInstance: json_file.step2_BashCommand 2024-05-02T10:37:55.365221+00:00 [queued]>
[2024-05-02 10:38:00,343] {taskinstance.py:1068} INFO - 
--------------------------------------------------------------------------------
[2024-05-02 10:38:00,343] {taskinstance.py:1069} INFO - Starting attempt 1 of 1
[2024-05-02 10:38:00,343] {taskinstance.py:1070} INFO - 
--------------------------------------------------------------------------------
[2024-05-02 10:38:00,370] {taskinstance.py:1089} INFO - Executing <Task(BashOperator): step2_BashCommand> on 2024-05-02T10:37:55.365221+00:00
[2024-05-02 10:38:00,379] {standard_task_runner.py:52} INFO - Started process 300 to run task
[2024-05-02 10:38:00,527] {standard_task_runner.py:76} INFO - Running: ['airflow', 'tasks', 'run', 'json_file', 'step2_BashCommand', '2024-05-02T10:37:55.365221+00:00', '--job-id', '14189', '--pool', 'default_pool', '--raw', '--subdir', 'DAGS_FOLDER/json_file.py', '--cfg-path', '/tmp/tmpda6o77pk', '--error-file', '/tmp/tmp9dg40an4']
[2024-05-02 10:38:00,530] {standard_task_runner.py:77} INFO - Job 14189: Subtask step2_BashCommand
[2024-05-02 10:38:00,926] {logging_mixin.py:104} INFO - Running <TaskInstance: json_file.step2_BashCommand 2024-05-02T10:37:55.365221+00:00 [running]> on host c6f0c13ba6da
[2024-05-02 10:38:01,246] {taskinstance.py:1283} INFO - Exporting the following env vars:
AIRFLOW_CTX_DAG_OWNER=airflow
AIRFLOW_CTX_DAG_ID=json_file
AIRFLOW_CTX_TASK_ID=step2_BashCommand
AIRFLOW_CTX_EXECUTION_DATE=2024-05-02T10:37:55.365221+00:00
AIRFLOW_CTX_DAG_RUN_ID=manual__2024-05-02T10:37:55.365221+00:00
[2024-05-02 10:38:01,247] {bash.py:135} INFO - Tmp dir root location: 
 /tmp
[2024-05-02 10:38:01,250] {bash.py:158} INFO - Running command: echo 'step2'
[2024-05-02 10:38:01,267] {bash.py:169} INFO - Output:
[2024-05-02 10:38:01,269] {bash.py:173} INFO - step2
[2024-05-02 10:38:01,270] {bash.py:177} INFO - Command exited with return code 0
[2024-05-02 10:38:01,331] {taskinstance.py:1192} INFO - Marking task as SUCCESS. dag_id=json_file, task_id=step2_BashCommand, execution_date=20240502T103755, start_date=20240502T103800, end_date=20240502T103801
[2024-05-02 10:38:01,392] {taskinstance.py:1246} INFO - 1 downstream tasks scheduled from follow-on schedule check
[2024-05-02 10:38:01,422] {local_task_job.py:146} INFO - Task exited with return code 0
