[2024-04-30 16:09:57,096] {taskinstance.py:877} INFO - Dependencies all met for <TaskInstance: json_file.step2_BashCommand 2024-04-29T16:09:31.898112+00:00 [queued]>
[2024-04-30 16:09:57,199] {taskinstance.py:877} INFO - Dependencies all met for <TaskInstance: json_file.step2_BashCommand 2024-04-29T16:09:31.898112+00:00 [queued]>
[2024-04-30 16:09:57,202] {taskinstance.py:1068} INFO - 
--------------------------------------------------------------------------------
[2024-04-30 16:09:57,204] {taskinstance.py:1069} INFO - Starting attempt 1 of 1
[2024-04-30 16:09:57,206] {taskinstance.py:1070} INFO - 
--------------------------------------------------------------------------------
[2024-04-30 16:09:57,237] {taskinstance.py:1089} INFO - Executing <Task(BashOperator): step2_BashCommand> on 2024-04-29T16:09:31.898112+00:00
[2024-04-30 16:09:57,286] {standard_task_runner.py:76} INFO - Running: ['airflow', 'tasks', 'run', 'json_file', 'step2_BashCommand', '2024-04-29T16:09:31.898112+00:00', '--job-id', '14091', '--pool', 'default_pool', '--raw', '--subdir', 'DAGS_FOLDER/json_file.py', '--cfg-path', '/tmp/tmp79u6creq', '--error-file', '/tmp/tmpsxh51bln']
[2024-04-30 16:09:57,293] {standard_task_runner.py:77} INFO - Job 14091: Subtask step2_BashCommand
[2024-04-30 16:09:57,258] {standard_task_runner.py:52} INFO - Started process 70 to run task
[2024-04-30 16:09:57,848] {logging_mixin.py:104} INFO - Running <TaskInstance: json_file.step2_BashCommand 2024-04-29T16:09:31.898112+00:00 [running]> on host c6f0c13ba6da
[2024-04-30 16:09:59,161] {taskinstance.py:1283} INFO - Exporting the following env vars:
AIRFLOW_CTX_DAG_OWNER=airflow
AIRFLOW_CTX_DAG_ID=json_file
AIRFLOW_CTX_TASK_ID=step2_BashCommand
AIRFLOW_CTX_EXECUTION_DATE=2024-04-29T16:09:31.898112+00:00
AIRFLOW_CTX_DAG_RUN_ID=scheduled__2024-04-29T16:09:31.898112+00:00
[2024-04-30 16:09:59,184] {bash.py:135} INFO - Tmp dir root location: 
 /tmp
[2024-04-30 16:09:59,200] {bash.py:158} INFO - Running command: echo 'step2'
[2024-04-30 16:09:59,260] {bash.py:169} INFO - Output:
[2024-04-30 16:09:59,287] {bash.py:173} INFO - step2
[2024-04-30 16:09:59,290] {bash.py:177} INFO - Command exited with return code 0
[2024-04-30 16:09:59,430] {taskinstance.py:1192} INFO - Marking task as SUCCESS. dag_id=json_file, task_id=step2_BashCommand, execution_date=20240429T160931, start_date=20240430T160957, end_date=20240430T160959
[2024-04-30 16:09:59,601] {taskinstance.py:1246} INFO - 1 downstream tasks scheduled from follow-on schedule check
[2024-04-30 16:09:59,713] {local_task_job.py:146} INFO - Task exited with return code 0
