[2024-05-02 10:44:32,037] {taskinstance.py:877} INFO - Dependencies all met for <TaskInstance: json_file_chain.step1_JsonRead 2024-05-02T10:44:30.020880+00:00 [queued]>
[2024-05-02 10:44:32,055] {taskinstance.py:877} INFO - Dependencies all met for <TaskInstance: json_file_chain.step1_JsonRead 2024-05-02T10:44:30.020880+00:00 [queued]>
[2024-05-02 10:44:32,056] {taskinstance.py:1068} INFO - 
--------------------------------------------------------------------------------
[2024-05-02 10:44:32,056] {taskinstance.py:1069} INFO - Starting attempt 1 of 1
[2024-05-02 10:44:32,057] {taskinstance.py:1070} INFO - 
--------------------------------------------------------------------------------
[2024-05-02 10:44:32,067] {taskinstance.py:1089} INFO - Executing <Task(PythonOperator): step1_JsonRead> on 2024-05-02T10:44:30.020880+00:00
[2024-05-02 10:44:32,077] {standard_task_runner.py:76} INFO - Running: ['airflow', 'tasks', 'run', 'json_file_chain', 'step1_JsonRead', '2024-05-02T10:44:30.020880+00:00', '--job-id', '14194', '--pool', 'default_pool', '--raw', '--subdir', 'DAGS_FOLDER/json_file_chain.py', '--cfg-path', '/tmp/tmpojz7acl5', '--error-file', '/tmp/tmp3h0k3pwy']
[2024-05-02 10:44:32,073] {standard_task_runner.py:52} INFO - Started process 310 to run task
[2024-05-02 10:44:32,078] {standard_task_runner.py:77} INFO - Job 14194: Subtask step1_JsonRead
[2024-05-02 10:44:32,139] {logging_mixin.py:104} INFO - Running <TaskInstance: json_file_chain.step1_JsonRead 2024-05-02T10:44:30.020880+00:00 [running]> on host c6f0c13ba6da
[2024-05-02 10:44:32,207] {taskinstance.py:1283} INFO - Exporting the following env vars:
AIRFLOW_CTX_DAG_OWNER=airflow
AIRFLOW_CTX_DAG_ID=json_file_chain
AIRFLOW_CTX_TASK_ID=step1_JsonRead
AIRFLOW_CTX_EXECUTION_DATE=2024-05-02T10:44:30.020880+00:00
AIRFLOW_CTX_DAG_RUN_ID=manual__2024-05-02T10:44:30.020880+00:00
[2024-05-02 10:44:32,210] {python.py:118} INFO - Done. Returned value was: echo 'step1'
[2024-05-02 10:44:32,242] {taskinstance.py:1192} INFO - Marking task as SUCCESS. dag_id=json_file_chain, task_id=step1_JsonRead, execution_date=20240502T104430, start_date=20240502T104432, end_date=20240502T104432
[2024-05-02 10:44:32,275] {taskinstance.py:1246} INFO - 1 downstream tasks scheduled from follow-on schedule check
[2024-05-02 10:44:32,297] {local_task_job.py:146} INFO - Task exited with return code 0
