[2024-04-26 07:49:27,417] {taskinstance.py:877} INFO - Dependencies all met for <TaskInstance: json_file.step1_JsonRead 2024-04-26T07:49:22.964773+00:00 [queued]>
[2024-04-26 07:49:27,445] {taskinstance.py:877} INFO - Dependencies all met for <TaskInstance: json_file.step1_JsonRead 2024-04-26T07:49:22.964773+00:00 [queued]>
[2024-04-26 07:49:27,445] {taskinstance.py:1068} INFO - 
--------------------------------------------------------------------------------
[2024-04-26 07:49:27,446] {taskinstance.py:1069} INFO - Starting attempt 1 of 1
[2024-04-26 07:49:27,446] {taskinstance.py:1070} INFO - 
--------------------------------------------------------------------------------
[2024-04-26 07:49:27,469] {taskinstance.py:1089} INFO - Executing <Task(PythonOperator): step1_JsonRead> on 2024-04-26T07:49:22.964773+00:00
[2024-04-26 07:49:27,480] {standard_task_runner.py:52} INFO - Started process 54 to run task
[2024-04-26 07:49:27,486] {standard_task_runner.py:76} INFO - Running: ['airflow', 'tasks', 'run', 'json_file', 'step1_JsonRead', '2024-04-26T07:49:22.964773+00:00', '--job-id', '14028', '--pool', 'default_pool', '--raw', '--subdir', 'DAGS_FOLDER/json_file.py', '--cfg-path', '/tmp/tmpucmopl9h', '--error-file', '/tmp/tmp1_2tj6cm']
[2024-04-26 07:49:27,488] {standard_task_runner.py:77} INFO - Job 14028: Subtask step1_JsonRead
[2024-04-26 07:49:27,678] {logging_mixin.py:104} INFO - Running <TaskInstance: json_file.step1_JsonRead 2024-04-26T07:49:22.964773+00:00 [running]> on host c6f0c13ba6da
[2024-04-26 07:49:27,945] {taskinstance.py:1283} INFO - Exporting the following env vars:
AIRFLOW_CTX_DAG_OWNER=airflow
AIRFLOW_CTX_DAG_ID=json_file
AIRFLOW_CTX_TASK_ID=step1_JsonRead
AIRFLOW_CTX_EXECUTION_DATE=2024-04-26T07:49:22.964773+00:00
AIRFLOW_CTX_DAG_RUN_ID=manual__2024-04-26T07:49:22.964773+00:00
[2024-04-26 07:49:27,964] {python.py:118} INFO - Done. Returned value was: echo 'step1'
[2024-04-26 07:49:28,030] {taskinstance.py:1192} INFO - Marking task as SUCCESS. dag_id=json_file, task_id=step1_JsonRead, execution_date=20240426T074922, start_date=20240426T074927, end_date=20240426T074928
[2024-04-26 07:49:28,198] {taskinstance.py:1246} INFO - 1 downstream tasks scheduled from follow-on schedule check
[2024-04-26 07:49:28,226] {local_task_job.py:146} INFO - Task exited with return code 0
