[2024-04-25 20:55:40,677] {taskinstance.py:877} INFO - Dependencies all met for <TaskInstance: json_file.step1_JsonRead 2024-04-24T17:34:06.305463+00:00 [queued]>
[2024-04-25 20:55:40,799] {taskinstance.py:877} INFO - Dependencies all met for <TaskInstance: json_file.step1_JsonRead 2024-04-24T17:34:06.305463+00:00 [queued]>
[2024-04-25 20:55:40,819] {taskinstance.py:1068} INFO - 
--------------------------------------------------------------------------------
[2024-04-25 20:55:40,825] {taskinstance.py:1069} INFO - Starting attempt 1 of 1
[2024-04-25 20:55:40,826] {taskinstance.py:1070} INFO - 
--------------------------------------------------------------------------------
[2024-04-25 20:55:41,027] {taskinstance.py:1089} INFO - Executing <Task(PythonOperator): step1_JsonRead> on 2024-04-24T17:34:06.305463+00:00
[2024-04-25 20:55:41,097] {standard_task_runner.py:52} INFO - Started process 496 to run task
[2024-04-25 20:55:42,800] {standard_task_runner.py:76} INFO - Running: ['airflow', 'tasks', 'run', 'json_file', 'step1_JsonRead', '2024-04-24T17:34:06.305463+00:00', '--job-id', '14020', '--pool', 'default_pool', '--raw', '--subdir', 'DAGS_FOLDER/json_file.py', '--cfg-path', '/tmp/tmpcdb26y1v', '--error-file', '/tmp/tmplac48501']
[2024-04-25 20:55:42,816] {standard_task_runner.py:77} INFO - Job 14020: Subtask step1_JsonRead
[2024-04-25 20:55:43,416] {logging_mixin.py:104} INFO - Running <TaskInstance: json_file.step1_JsonRead 2024-04-24T17:34:06.305463+00:00 [running]> on host c6f0c13ba6da
[2024-04-25 20:55:44,190] {taskinstance.py:1283} INFO - Exporting the following env vars:
AIRFLOW_CTX_DAG_OWNER=airflow
AIRFLOW_CTX_DAG_ID=json_file
AIRFLOW_CTX_TASK_ID=step1_JsonRead
AIRFLOW_CTX_EXECUTION_DATE=2024-04-24T17:34:06.305463+00:00
AIRFLOW_CTX_DAG_RUN_ID=scheduled__2024-04-24T17:34:06.305463+00:00
[2024-04-25 20:55:44,221] {python.py:118} INFO - Done. Returned value was: echo 'step1'
[2024-04-25 20:55:44,559] {taskinstance.py:1192} INFO - Marking task as SUCCESS. dag_id=json_file, task_id=step1_JsonRead, execution_date=20240424T173406, start_date=20240425T205540, end_date=20240425T205544
[2024-04-25 20:55:48,175] {local_task_job.py:188} WARNING - State of this instance has been externally set to success. Terminating instance.
[2024-04-25 20:55:48,333] {process_utils.py:100} INFO - Sending Signals.SIGTERM to GPID 496
[2024-04-25 20:56:08,223] {taskinstance.py:1265} ERROR - Received SIGTERM. Terminating subprocesses.
[2024-04-25 20:56:08,516] {process_utils.py:66} INFO - Process psutil.Process(pid=496, status='terminated', exitcode=1, started='20:55:40') (496) terminated with exit code 1
