[2024-04-26 07:49:29,022] {taskinstance.py:877} INFO - Dependencies all met for <TaskInstance: json_file.step3_BashCommand 2024-04-26T07:49:22.964773+00:00 [queued]>
[2024-04-26 07:49:29,036] {taskinstance.py:877} INFO - Dependencies all met for <TaskInstance: json_file.step3_BashCommand 2024-04-26T07:49:22.964773+00:00 [queued]>
[2024-04-26 07:49:29,037] {taskinstance.py:1068} INFO - 
--------------------------------------------------------------------------------
[2024-04-26 07:49:29,037] {taskinstance.py:1069} INFO - Starting attempt 1 of 1
[2024-04-26 07:49:29,037] {taskinstance.py:1070} INFO - 
--------------------------------------------------------------------------------
[2024-04-26 07:49:29,057] {taskinstance.py:1089} INFO - Executing <Task(BashOperator): step3_BashCommand> on 2024-04-26T07:49:22.964773+00:00
[2024-04-26 07:49:29,062] {standard_task_runner.py:52} INFO - Started process 61 to run task
[2024-04-26 07:49:29,069] {standard_task_runner.py:76} INFO - Running: ['airflow', 'tasks', 'run', 'json_file', 'step3_BashCommand', '2024-04-26T07:49:22.964773+00:00', '--job-id', '14033', '--pool', 'default_pool', '--raw', '--subdir', 'DAGS_FOLDER/json_file.py', '--cfg-path', '/tmp/tmp40z9jy89', '--error-file', '/tmp/tmp3mxhu0k7']
[2024-04-26 07:49:29,070] {standard_task_runner.py:77} INFO - Job 14033: Subtask step3_BashCommand
[2024-04-26 07:49:29,124] {logging_mixin.py:104} INFO - Running <TaskInstance: json_file.step3_BashCommand 2024-04-26T07:49:22.964773+00:00 [running]> on host c6f0c13ba6da
[2024-04-26 07:49:29,187] {taskinstance.py:1283} INFO - Exporting the following env vars:
AIRFLOW_CTX_DAG_OWNER=airflow
AIRFLOW_CTX_DAG_ID=json_file
AIRFLOW_CTX_TASK_ID=step3_BashCommand
AIRFLOW_CTX_EXECUTION_DATE=2024-04-26T07:49:22.964773+00:00
AIRFLOW_CTX_DAG_RUN_ID=manual__2024-04-26T07:49:22.964773+00:00
[2024-04-26 07:49:29,188] {bash.py:135} INFO - Tmp dir root location: 
 /tmp
[2024-04-26 07:49:29,192] {bash.py:158} INFO - Running command: echo 'step3'
[2024-04-26 07:49:29,221] {bash.py:169} INFO - Output:
[2024-04-26 07:49:29,268] {bash.py:173} INFO - step3
[2024-04-26 07:49:29,270] {bash.py:177} INFO - Command exited with return code 0
[2024-04-26 07:49:29,307] {taskinstance.py:1192} INFO - Marking task as SUCCESS. dag_id=json_file, task_id=step3_BashCommand, execution_date=20240426T074922, start_date=20240426T074929, end_date=20240426T074929
[2024-04-26 07:49:29,363] {taskinstance.py:1246} INFO - 1 downstream tasks scheduled from follow-on schedule check
[2024-04-26 07:49:29,402] {local_task_job.py:146} INFO - Task exited with return code 0
