[2024-04-24 22:20:33,261] {taskinstance.py:877} INFO - Dependencies all met for <TaskInstance: json_file.step1_BashCommand 2024-04-24T22:20:23.881582+00:00 [queued]>
[2024-04-24 22:20:33,309] {taskinstance.py:877} INFO - Dependencies all met for <TaskInstance: json_file.step1_BashCommand 2024-04-24T22:20:23.881582+00:00 [queued]>
[2024-04-24 22:20:33,310] {taskinstance.py:1068} INFO - 
--------------------------------------------------------------------------------
[2024-04-24 22:20:33,311] {taskinstance.py:1069} INFO - Starting attempt 1 of 1
[2024-04-24 22:20:33,311] {taskinstance.py:1070} INFO - 
--------------------------------------------------------------------------------
[2024-04-24 22:20:33,333] {taskinstance.py:1089} INFO - Executing <Task(BashOperator): step1_BashCommand> on 2024-04-24T22:20:23.881582+00:00
[2024-04-24 22:20:33,367] {standard_task_runner.py:76} INFO - Running: ['airflow', 'tasks', 'run', 'json_file', 'step1_BashCommand', '2024-04-24T22:20:23.881582+00:00', '--job-id', '14014', '--pool', 'default_pool', '--raw', '--subdir', 'DAGS_FOLDER/json_file.py', '--cfg-path', '/tmp/tmp1h8vo44q', '--error-file', '/tmp/tmp53sm5h7f']
[2024-04-24 22:20:33,372] {standard_task_runner.py:77} INFO - Job 14014: Subtask step1_BashCommand
[2024-04-24 22:20:33,354] {standard_task_runner.py:52} INFO - Started process 483 to run task
[2024-04-24 22:20:33,562] {logging_mixin.py:104} INFO - Running <TaskInstance: json_file.step1_BashCommand 2024-04-24T22:20:23.881582+00:00 [running]> on host c6f0c13ba6da
[2024-04-24 22:20:33,708] {taskinstance.py:1283} INFO - Exporting the following env vars:
AIRFLOW_CTX_DAG_OWNER=airflow
AIRFLOW_CTX_DAG_ID=json_file
AIRFLOW_CTX_TASK_ID=step1_BashCommand
AIRFLOW_CTX_EXECUTION_DATE=2024-04-24T22:20:23.881582+00:00
AIRFLOW_CTX_DAG_RUN_ID=manual__2024-04-24T22:20:23.881582+00:00
[2024-04-24 22:20:33,710] {bash.py:135} INFO - Tmp dir root location: 
 /tmp
[2024-04-24 22:20:33,713] {bash.py:158} INFO - Running command: echo 'step1'
[2024-04-24 22:20:33,734] {bash.py:169} INFO - Output:
[2024-04-24 22:20:33,746] {bash.py:173} INFO - step1
[2024-04-24 22:20:33,748] {bash.py:177} INFO - Command exited with return code 0
[2024-04-24 22:20:33,806] {taskinstance.py:1192} INFO - Marking task as SUCCESS. dag_id=json_file, task_id=step1_BashCommand, execution_date=20240424T222023, start_date=20240424T222033, end_date=20240424T222033
[2024-04-24 22:20:33,874] {taskinstance.py:1246} INFO - 1 downstream tasks scheduled from follow-on schedule check
[2024-04-24 22:20:33,901] {local_task_job.py:146} INFO - Task exited with return code 0
