[2024-05-02 10:36:34,029] {taskinstance.py:877} INFO - Dependencies all met for <TaskInstance: json_file_chain.step1_JsonRead 2024-05-02T10:36:31.085571+00:00 [queued]>
[2024-05-02 10:36:34,055] {taskinstance.py:877} INFO - Dependencies all met for <TaskInstance: json_file_chain.step1_JsonRead 2024-05-02T10:36:31.085571+00:00 [queued]>
[2024-05-02 10:36:34,056] {taskinstance.py:1068} INFO - 
--------------------------------------------------------------------------------
[2024-05-02 10:36:34,056] {taskinstance.py:1069} INFO - Starting attempt 1 of 1
[2024-05-02 10:36:34,057] {taskinstance.py:1070} INFO - 
--------------------------------------------------------------------------------
[2024-05-02 10:36:34,072] {taskinstance.py:1089} INFO - Executing <Task(PythonOperator): step1_JsonRead> on 2024-05-02T10:36:31.085571+00:00
[2024-05-02 10:36:34,078] {standard_task_runner.py:52} INFO - Started process 282 to run task
[2024-05-02 10:36:34,083] {standard_task_runner.py:76} INFO - Running: ['airflow', 'tasks', 'run', 'json_file_chain', 'step1_JsonRead', '2024-05-02T10:36:31.085571+00:00', '--job-id', '14182', '--pool', 'default_pool', '--raw', '--subdir', 'DAGS_FOLDER/json_file_chain.py', '--cfg-path', '/tmp/tmpvvmvwm6j', '--error-file', '/tmp/tmpwuf1yhkm']
[2024-05-02 10:36:34,084] {standard_task_runner.py:77} INFO - Job 14182: Subtask step1_JsonRead
[2024-05-02 10:36:34,219] {logging_mixin.py:104} INFO - Running <TaskInstance: json_file_chain.step1_JsonRead 2024-05-02T10:36:31.085571+00:00 [running]> on host c6f0c13ba6da
[2024-05-02 10:36:34,346] {taskinstance.py:1283} INFO - Exporting the following env vars:
AIRFLOW_CTX_DAG_OWNER=airflow
AIRFLOW_CTX_DAG_ID=json_file_chain
AIRFLOW_CTX_TASK_ID=step1_JsonRead
AIRFLOW_CTX_EXECUTION_DATE=2024-05-02T10:36:31.085571+00:00
AIRFLOW_CTX_DAG_RUN_ID=manual__2024-05-02T10:36:31.085571+00:00
[2024-05-02 10:36:34,351] {python.py:118} INFO - Done. Returned value was: echo 'step1'
[2024-05-02 10:36:34,390] {taskinstance.py:1192} INFO - Marking task as SUCCESS. dag_id=json_file_chain, task_id=step1_JsonRead, execution_date=20240502T103631, start_date=20240502T103634, end_date=20240502T103634
[2024-05-02 10:36:34,444] {taskinstance.py:1246} INFO - 1 downstream tasks scheduled from follow-on schedule check
[2024-05-02 10:36:34,465] {local_task_job.py:146} INFO - Task exited with return code 0
