[2024-05-02 11:11:07,552] {taskinstance.py:877} INFO - Dependencies all met for <TaskInstance: json_file_chain.step3_JsonRead 2024-05-02T11:10:56.924203+00:00 [queued]>
[2024-05-02 11:11:07,573] {taskinstance.py:877} INFO - Dependencies all met for <TaskInstance: json_file_chain.step3_JsonRead 2024-05-02T11:10:56.924203+00:00 [queued]>
[2024-05-02 11:11:07,574] {taskinstance.py:1068} INFO - 
--------------------------------------------------------------------------------
[2024-05-02 11:11:07,574] {taskinstance.py:1069} INFO - Starting attempt 1 of 1
[2024-05-02 11:11:07,574] {taskinstance.py:1070} INFO - 
--------------------------------------------------------------------------------
[2024-05-02 11:11:07,586] {taskinstance.py:1089} INFO - Executing <Task(PythonOperator): step3_JsonRead> on 2024-05-02T11:10:56.924203+00:00
[2024-05-02 11:11:07,595] {standard_task_runner.py:76} INFO - Running: ['airflow', 'tasks', 'run', 'json_file_chain', 'step3_JsonRead', '2024-05-02T11:10:56.924203+00:00', '--job-id', '14239', '--pool', 'default_pool', '--raw', '--subdir', 'DAGS_FOLDER/json_file_chain.py', '--cfg-path', '/tmp/tmp85xugt68', '--error-file', '/tmp/tmpbc86ueu8']
[2024-05-02 11:11:07,589] {standard_task_runner.py:52} INFO - Started process 415 to run task
[2024-05-02 11:11:07,596] {standard_task_runner.py:77} INFO - Job 14239: Subtask step3_JsonRead
[2024-05-02 11:11:07,642] {logging_mixin.py:104} INFO - Running <TaskInstance: json_file_chain.step3_JsonRead 2024-05-02T11:10:56.924203+00:00 [running]> on host c6f0c13ba6da
[2024-05-02 11:11:07,682] {taskinstance.py:1283} INFO - Exporting the following env vars:
AIRFLOW_CTX_DAG_OWNER=airflow
AIRFLOW_CTX_DAG_ID=json_file_chain
AIRFLOW_CTX_TASK_ID=step3_JsonRead
AIRFLOW_CTX_EXECUTION_DATE=2024-05-02T11:10:56.924203+00:00
AIRFLOW_CTX_DAG_RUN_ID=manual__2024-05-02T11:10:56.924203+00:00
[2024-05-02 11:11:07,683] {python.py:118} INFO - Done. Returned value was: echo 'step3'
[2024-05-02 11:11:07,707] {taskinstance.py:1192} INFO - Marking task as SUCCESS. dag_id=json_file_chain, task_id=step3_JsonRead, execution_date=20240502T111056, start_date=20240502T111107, end_date=20240502T111107
[2024-05-02 11:11:07,737] {taskinstance.py:1246} INFO - 1 downstream tasks scheduled from follow-on schedule check
[2024-05-02 11:11:07,771] {local_task_job.py:146} INFO - Task exited with return code 0
