[2024-04-24 22:20:35,365] {taskinstance.py:877} INFO - Dependencies all met for <TaskInstance: json_file.step3_Decidewhichtask 2024-04-24T22:20:23.881582+00:00 [queued]>
[2024-04-24 22:20:35,404] {taskinstance.py:877} INFO - Dependencies all met for <TaskInstance: json_file.step3_Decidewhichtask 2024-04-24T22:20:23.881582+00:00 [queued]>
[2024-04-24 22:20:35,404] {taskinstance.py:1068} INFO - 
--------------------------------------------------------------------------------
[2024-04-24 22:20:35,405] {taskinstance.py:1069} INFO - Starting attempt 1 of 1
[2024-04-24 22:20:35,406] {taskinstance.py:1070} INFO - 
--------------------------------------------------------------------------------
[2024-04-24 22:20:35,428] {taskinstance.py:1089} INFO - Executing <Task(BranchPythonOperator): step3_Decidewhichtask> on 2024-04-24T22:20:23.881582+00:00
[2024-04-24 22:20:35,439] {standard_task_runner.py:52} INFO - Started process 492 to run task
[2024-04-24 22:20:35,447] {standard_task_runner.py:76} INFO - Running: ['airflow', 'tasks', 'run', 'json_file', 'step3_Decidewhichtask', '2024-04-24T22:20:23.881582+00:00', '--job-id', '14016', '--pool', 'default_pool', '--raw', '--subdir', 'DAGS_FOLDER/json_file.py', '--cfg-path', '/tmp/tmpdiibi8ks', '--error-file', '/tmp/tmpc3nat89a']
[2024-04-24 22:20:35,448] {standard_task_runner.py:77} INFO - Job 14016: Subtask step3_Decidewhichtask
[2024-04-24 22:20:35,523] {logging_mixin.py:104} INFO - Running <TaskInstance: json_file.step3_Decidewhichtask 2024-04-24T22:20:23.881582+00:00 [running]> on host c6f0c13ba6da
[2024-04-24 22:20:35,606] {taskinstance.py:1283} INFO - Exporting the following env vars:
AIRFLOW_CTX_DAG_OWNER=airflow
AIRFLOW_CTX_DAG_ID=json_file
AIRFLOW_CTX_TASK_ID=step3_Decidewhichtask
AIRFLOW_CTX_EXECUTION_DATE=2024-04-24T22:20:23.881582+00:00
AIRFLOW_CTX_DAG_RUN_ID=manual__2024-04-24T22:20:23.881582+00:00
[2024-04-24 22:20:35,621] {python.py:118} INFO - Done. Returned value was: step1_dummy_dispari
[2024-04-24 22:20:35,626] {skipmixin.py:124} INFO - Following branch step1_dummy_dispari
[2024-04-24 22:20:35,653] {skipmixin.py:155} INFO - Skipping tasks ['step3_dummy_pari', 'step3_dummy_dispari']
[2024-04-24 22:20:35,751] {taskinstance.py:1192} INFO - Marking task as SUCCESS. dag_id=json_file, task_id=step3_Decidewhichtask, execution_date=20240424T222023, start_date=20240424T222035, end_date=20240424T222035
[2024-04-24 22:20:35,799] {taskinstance.py:1246} INFO - 0 downstream tasks scheduled from follow-on schedule check
[2024-04-24 22:20:35,830] {local_task_job.py:146} INFO - Task exited with return code 0
