[2024-05-02 11:05:18,710] {taskinstance.py:877} INFO - Dependencies all met for <TaskInstance: json_file.step2_JsonRead 2024-05-02T11:05:16.753874+00:00 [queued]>
[2024-05-02 11:05:18,748] {taskinstance.py:877} INFO - Dependencies all met for <TaskInstance: json_file.step2_JsonRead 2024-05-02T11:05:16.753874+00:00 [queued]>
[2024-05-02 11:05:18,750] {taskinstance.py:1068} INFO - 
--------------------------------------------------------------------------------
[2024-05-02 11:05:18,751] {taskinstance.py:1069} INFO - Starting attempt 1 of 1
[2024-05-02 11:05:18,755] {taskinstance.py:1070} INFO - 
--------------------------------------------------------------------------------
[2024-05-02 11:05:18,789] {taskinstance.py:1089} INFO - Executing <Task(PythonOperator): step2_JsonRead> on 2024-05-02T11:05:16.753874+00:00
[2024-05-02 11:05:18,806] {standard_task_runner.py:52} INFO - Started process 383 to run task
[2024-05-02 11:05:18,817] {standard_task_runner.py:76} INFO - Running: ['airflow', 'tasks', 'run', 'json_file', 'step2_JsonRead', '2024-05-02T11:05:16.753874+00:00', '--job-id', '14225', '--pool', 'default_pool', '--raw', '--subdir', 'DAGS_FOLDER/json_file.py', '--cfg-path', '/tmp/tmp0q7tevcg', '--error-file', '/tmp/tmpv9myiv8p']
[2024-05-02 11:05:18,818] {standard_task_runner.py:77} INFO - Job 14225: Subtask step2_JsonRead
[2024-05-02 11:05:18,961] {logging_mixin.py:104} INFO - Running <TaskInstance: json_file.step2_JsonRead 2024-05-02T11:05:16.753874+00:00 [running]> on host c6f0c13ba6da
[2024-05-02 11:05:19,038] {taskinstance.py:1283} INFO - Exporting the following env vars:
AIRFLOW_CTX_DAG_OWNER=airflow
AIRFLOW_CTX_DAG_ID=json_file
AIRFLOW_CTX_TASK_ID=step2_JsonRead
AIRFLOW_CTX_EXECUTION_DATE=2024-05-02T11:05:16.753874+00:00
AIRFLOW_CTX_DAG_RUN_ID=manual__2024-05-02T11:05:16.753874+00:00
[2024-05-02 11:05:19,042] {python.py:118} INFO - Done. Returned value was: echo 'step2'
[2024-05-02 11:05:19,082] {taskinstance.py:1192} INFO - Marking task as SUCCESS. dag_id=json_file, task_id=step2_JsonRead, execution_date=20240502T110516, start_date=20240502T110518, end_date=20240502T110519
[2024-05-02 11:05:19,138] {taskinstance.py:1246} INFO - 1 downstream tasks scheduled from follow-on schedule check
[2024-05-02 11:05:19,164] {local_task_job.py:146} INFO - Task exited with return code 0
