[2024-04-30 16:11:34,501] {taskinstance.py:877} INFO - Dependencies all met for <TaskInstance: json_file.step2_JsonRead 2024-04-30T16:11:03.994995+00:00 [queued]>
[2024-04-30 16:11:34,553] {taskinstance.py:877} INFO - Dependencies all met for <TaskInstance: json_file.step2_JsonRead 2024-04-30T16:11:03.994995+00:00 [queued]>
[2024-04-30 16:11:34,556] {taskinstance.py:1068} INFO - 
--------------------------------------------------------------------------------
[2024-04-30 16:11:34,559] {taskinstance.py:1069} INFO - Starting attempt 1 of 1
[2024-04-30 16:11:34,561] {taskinstance.py:1070} INFO - 
--------------------------------------------------------------------------------
[2024-04-30 16:11:34,617] {taskinstance.py:1089} INFO - Executing <Task(PythonOperator): step2_JsonRead> on 2024-04-30T16:11:03.994995+00:00
[2024-04-30 16:11:34,817] {standard_task_runner.py:76} INFO - Running: ['airflow', 'tasks', 'run', 'json_file', 'step2_JsonRead', '2024-04-30T16:11:03.994995+00:00', '--job-id', '14103', '--pool', 'default_pool', '--raw', '--subdir', 'DAGS_FOLDER/json_file.py', '--cfg-path', '/tmp/tmpl933hoid', '--error-file', '/tmp/tmpfkfjm_uz']
[2024-04-30 16:11:34,665] {standard_task_runner.py:52} INFO - Started process 95 to run task
[2024-04-30 16:11:34,819] {standard_task_runner.py:77} INFO - Job 14103: Subtask step2_JsonRead
[2024-04-30 16:11:35,674] {logging_mixin.py:104} INFO - Running <TaskInstance: json_file.step2_JsonRead 2024-04-30T16:11:03.994995+00:00 [running]> on host c6f0c13ba6da
[2024-04-30 16:11:36,020] {taskinstance.py:1283} INFO - Exporting the following env vars:
AIRFLOW_CTX_DAG_OWNER=airflow
AIRFLOW_CTX_DAG_ID=json_file
AIRFLOW_CTX_TASK_ID=step2_JsonRead
AIRFLOW_CTX_EXECUTION_DATE=2024-04-30T16:11:03.994995+00:00
AIRFLOW_CTX_DAG_RUN_ID=manual__2024-04-30T16:11:03.994995+00:00
[2024-04-30 16:11:36,035] {python.py:118} INFO - Done. Returned value was: echo 'step2'
[2024-04-30 16:11:36,261] {taskinstance.py:1192} INFO - Marking task as SUCCESS. dag_id=json_file, task_id=step2_JsonRead, execution_date=20240430T161103, start_date=20240430T161134, end_date=20240430T161136
[2024-04-30 16:11:36,380] {taskinstance.py:1246} INFO - 1 downstream tasks scheduled from follow-on schedule check
[2024-04-30 16:11:36,443] {local_task_job.py:146} INFO - Task exited with return code 0
