[2024-05-02 11:16:12,480] {taskinstance.py:877} INFO - Dependencies all met for <TaskInstance: json_file_chain.step2_BashCommand 2024-05-02T11:16:04.171857+00:00 [queued]>
[2024-05-02 11:16:12,499] {taskinstance.py:877} INFO - Dependencies all met for <TaskInstance: json_file_chain.step2_BashCommand 2024-05-02T11:16:04.171857+00:00 [queued]>
[2024-05-02 11:16:12,499] {taskinstance.py:1068} INFO - 
--------------------------------------------------------------------------------
[2024-05-02 11:16:12,500] {taskinstance.py:1069} INFO - Starting attempt 1 of 1
[2024-05-02 11:16:12,500] {taskinstance.py:1070} INFO - 
--------------------------------------------------------------------------------
[2024-05-02 11:16:12,510] {taskinstance.py:1089} INFO - Executing <Task(BashOperator): step2_BashCommand> on 2024-05-02T11:16:04.171857+00:00
[2024-05-02 11:16:12,519] {standard_task_runner.py:76} INFO - Running: ['airflow', 'tasks', 'run', 'json_file_chain', 'step2_BashCommand', '2024-05-02T11:16:04.171857+00:00', '--job-id', '14246', '--pool', 'default_pool', '--raw', '--subdir', 'DAGS_FOLDER/json_file_chain.py', '--cfg-path', '/tmp/tmpxoi64qak', '--error-file', '/tmp/tmp02srkdje']
[2024-05-02 11:16:12,515] {standard_task_runner.py:52} INFO - Started process 431 to run task
[2024-05-02 11:16:12,520] {standard_task_runner.py:77} INFO - Job 14246: Subtask step2_BashCommand
[2024-05-02 11:16:12,572] {logging_mixin.py:104} INFO - Running <TaskInstance: json_file_chain.step2_BashCommand 2024-05-02T11:16:04.171857+00:00 [running]> on host c6f0c13ba6da
[2024-05-02 11:16:12,639] {taskinstance.py:1283} INFO - Exporting the following env vars:
AIRFLOW_CTX_DAG_OWNER=airflow
AIRFLOW_CTX_DAG_ID=json_file_chain
AIRFLOW_CTX_TASK_ID=step2_BashCommand
AIRFLOW_CTX_EXECUTION_DATE=2024-05-02T11:16:04.171857+00:00
AIRFLOW_CTX_DAG_RUN_ID=manual__2024-05-02T11:16:04.171857+00:00
[2024-05-02 11:16:12,642] {bash.py:135} INFO - Tmp dir root location: 
 /tmp
[2024-05-02 11:16:12,644] {bash.py:158} INFO - Running command: echo 'step2'
[2024-05-02 11:16:12,656] {bash.py:169} INFO - Output:
[2024-05-02 11:16:12,657] {bash.py:173} INFO - step2
[2024-05-02 11:16:12,657] {bash.py:177} INFO - Command exited with return code 0
[2024-05-02 11:16:12,691] {taskinstance.py:1192} INFO - Marking task as SUCCESS. dag_id=json_file_chain, task_id=step2_BashCommand, execution_date=20240502T111604, start_date=20240502T111612, end_date=20240502T111612
[2024-05-02 11:16:12,721] {taskinstance.py:1246} INFO - 1 downstream tasks scheduled from follow-on schedule check
[2024-05-02 11:16:12,738] {local_task_job.py:146} INFO - Task exited with return code 0
