[2024-05-02 11:05:18,721] {taskinstance.py:877} INFO - Dependencies all met for <TaskInstance: json_file.step3_JsonRead 2024-05-02T11:05:16.753874+00:00 [queued]>
[2024-05-02 11:05:18,762] {taskinstance.py:877} INFO - Dependencies all met for <TaskInstance: json_file.step3_JsonRead 2024-05-02T11:05:16.753874+00:00 [queued]>
[2024-05-02 11:05:18,763] {taskinstance.py:1068} INFO - 
--------------------------------------------------------------------------------
[2024-05-02 11:05:18,764] {taskinstance.py:1069} INFO - Starting attempt 1 of 1
[2024-05-02 11:05:18,764] {taskinstance.py:1070} INFO - 
--------------------------------------------------------------------------------
[2024-05-02 11:05:18,808] {taskinstance.py:1089} INFO - Executing <Task(PythonOperator): step3_JsonRead> on 2024-05-02T11:05:16.753874+00:00
[2024-05-02 11:05:18,821] {standard_task_runner.py:52} INFO - Started process 384 to run task
[2024-05-02 11:05:18,850] {standard_task_runner.py:76} INFO - Running: ['airflow', 'tasks', 'run', 'json_file', 'step3_JsonRead', '2024-05-02T11:05:16.753874+00:00', '--job-id', '14226', '--pool', 'default_pool', '--raw', '--subdir', 'DAGS_FOLDER/json_file.py', '--cfg-path', '/tmp/tmp6ga55704', '--error-file', '/tmp/tmpkdxnyui6']
[2024-05-02 11:05:18,856] {standard_task_runner.py:77} INFO - Job 14226: Subtask step3_JsonRead
[2024-05-02 11:05:18,978] {logging_mixin.py:104} INFO - Running <TaskInstance: json_file.step3_JsonRead 2024-05-02T11:05:16.753874+00:00 [running]> on host c6f0c13ba6da
[2024-05-02 11:05:19,051] {taskinstance.py:1283} INFO - Exporting the following env vars:
AIRFLOW_CTX_DAG_OWNER=airflow
AIRFLOW_CTX_DAG_ID=json_file
AIRFLOW_CTX_TASK_ID=step3_JsonRead
AIRFLOW_CTX_EXECUTION_DATE=2024-05-02T11:05:16.753874+00:00
AIRFLOW_CTX_DAG_RUN_ID=manual__2024-05-02T11:05:16.753874+00:00
[2024-05-02 11:05:19,054] {python.py:118} INFO - Done. Returned value was: echo 'step3'
[2024-05-02 11:05:19,097] {taskinstance.py:1192} INFO - Marking task as SUCCESS. dag_id=json_file, task_id=step3_JsonRead, execution_date=20240502T110516, start_date=20240502T110518, end_date=20240502T110519
[2024-05-02 11:05:19,163] {taskinstance.py:1246} INFO - 1 downstream tasks scheduled from follow-on schedule check
[2024-05-02 11:05:19,181] {local_task_job.py:146} INFO - Task exited with return code 0
