[2024-05-02 07:36:47,462] {taskinstance.py:877} INFO - Dependencies all met for <TaskInstance: json_file_chain.step1_JsonRead 2024-05-02T07:35:07.638548+00:00 [queued]>
[2024-05-02 07:36:47,537] {taskinstance.py:877} INFO - Dependencies all met for <TaskInstance: json_file_chain.step1_JsonRead 2024-05-02T07:35:07.638548+00:00 [queued]>
[2024-05-02 07:36:47,538] {taskinstance.py:1068} INFO - 
--------------------------------------------------------------------------------
[2024-05-02 07:36:47,538] {taskinstance.py:1069} INFO - Starting attempt 1 of 1
[2024-05-02 07:36:47,539] {taskinstance.py:1070} INFO - 
--------------------------------------------------------------------------------
[2024-05-02 07:36:47,573] {taskinstance.py:1089} INFO - Executing <Task(PythonOperator): step1_JsonRead> on 2024-05-02T07:35:07.638548+00:00
[2024-05-02 07:36:47,586] {standard_task_runner.py:52} INFO - Started process 158 to run task
[2024-05-02 07:36:47,622] {standard_task_runner.py:76} INFO - Running: ['airflow', 'tasks', 'run', 'json_file_chain', 'step1_JsonRead', '2024-05-02T07:35:07.638548+00:00', '--job-id', '14129', '--pool', 'default_pool', '--raw', '--subdir', 'DAGS_FOLDER/json_file_chain.py', '--cfg-path', '/tmp/tmp2qnrrcj8', '--error-file', '/tmp/tmpt1qz_dme']
[2024-05-02 07:36:47,623] {standard_task_runner.py:77} INFO - Job 14129: Subtask step1_JsonRead
[2024-05-02 07:36:48,223] {logging_mixin.py:104} INFO - Running <TaskInstance: json_file_chain.step1_JsonRead 2024-05-02T07:35:07.638548+00:00 [running]> on host c6f0c13ba6da
[2024-05-02 07:36:48,545] {taskinstance.py:1283} INFO - Exporting the following env vars:
AIRFLOW_CTX_DAG_OWNER=airflow
AIRFLOW_CTX_DAG_ID=json_file_chain
AIRFLOW_CTX_TASK_ID=step1_JsonRead
AIRFLOW_CTX_EXECUTION_DATE=2024-05-02T07:35:07.638548+00:00
AIRFLOW_CTX_DAG_RUN_ID=manual__2024-05-02T07:35:07.638548+00:00
[2024-05-02 07:36:48,552] {python.py:118} INFO - Done. Returned value was: echo 'step1'
[2024-05-02 07:36:48,603] {taskinstance.py:1192} INFO - Marking task as SUCCESS. dag_id=json_file_chain, task_id=step1_JsonRead, execution_date=20240502T073507, start_date=20240502T073647, end_date=20240502T073648
[2024-05-02 07:36:48,654] {taskinstance.py:1246} INFO - 1 downstream tasks scheduled from follow-on schedule check
[2024-05-02 07:36:48,679] {local_task_job.py:146} INFO - Task exited with return code 0
