[2024-05-02 10:38:00,309] {taskinstance.py:877} INFO - Dependencies all met for <TaskInstance: json_file.step1_BashCommand 2024-05-02T10:37:55.365221+00:00 [queued]>
[2024-05-02 10:38:00,360] {taskinstance.py:877} INFO - Dependencies all met for <TaskInstance: json_file.step1_BashCommand 2024-05-02T10:37:55.365221+00:00 [queued]>
[2024-05-02 10:38:00,361] {taskinstance.py:1068} INFO - 
--------------------------------------------------------------------------------
[2024-05-02 10:38:00,362] {taskinstance.py:1069} INFO - Starting attempt 1 of 1
[2024-05-02 10:38:00,362] {taskinstance.py:1070} INFO - 
--------------------------------------------------------------------------------
[2024-05-02 10:38:00,410] {taskinstance.py:1089} INFO - Executing <Task(BashOperator): step1_BashCommand> on 2024-05-02T10:37:55.365221+00:00
[2024-05-02 10:38:00,417] {standard_task_runner.py:52} INFO - Started process 301 to run task
[2024-05-02 10:38:00,513] {standard_task_runner.py:76} INFO - Running: ['airflow', 'tasks', 'run', 'json_file', 'step1_BashCommand', '2024-05-02T10:37:55.365221+00:00', '--job-id', '14190', '--pool', 'default_pool', '--raw', '--subdir', 'DAGS_FOLDER/json_file.py', '--cfg-path', '/tmp/tmplz_bnut9', '--error-file', '/tmp/tmp44tl9ouv']
[2024-05-02 10:38:00,528] {standard_task_runner.py:77} INFO - Job 14190: Subtask step1_BashCommand
[2024-05-02 10:38:00,851] {logging_mixin.py:104} INFO - Running <TaskInstance: json_file.step1_BashCommand 2024-05-02T10:37:55.365221+00:00 [running]> on host c6f0c13ba6da
[2024-05-02 10:38:01,056] {taskinstance.py:1283} INFO - Exporting the following env vars:
AIRFLOW_CTX_DAG_OWNER=airflow
AIRFLOW_CTX_DAG_ID=json_file
AIRFLOW_CTX_TASK_ID=step1_BashCommand
AIRFLOW_CTX_EXECUTION_DATE=2024-05-02T10:37:55.365221+00:00
AIRFLOW_CTX_DAG_RUN_ID=manual__2024-05-02T10:37:55.365221+00:00
[2024-05-02 10:38:01,058] {bash.py:135} INFO - Tmp dir root location: 
 /tmp
[2024-05-02 10:38:01,066] {bash.py:158} INFO - Running command: echo 'step1'
[2024-05-02 10:38:01,113] {bash.py:169} INFO - Output:
[2024-05-02 10:38:01,167] {bash.py:173} INFO - step1
[2024-05-02 10:38:01,169] {bash.py:177} INFO - Command exited with return code 0
[2024-05-02 10:38:01,238] {taskinstance.py:1192} INFO - Marking task as SUCCESS. dag_id=json_file, task_id=step1_BashCommand, execution_date=20240502T103755, start_date=20240502T103800, end_date=20240502T103801
[2024-05-02 10:38:01,301] {taskinstance.py:1246} INFO - 1 downstream tasks scheduled from follow-on schedule check
[2024-05-02 10:38:01,341] {local_task_job.py:146} INFO - Task exited with return code 0
