[2024-05-02 07:37:41,437] {taskinstance.py:877} INFO - Dependencies all met for <TaskInstance: json_file_chain.step1_Decidewhichtask 2024-05-02T07:37:36.669532+00:00 [queued]>
[2024-05-02 07:37:41,478] {taskinstance.py:877} INFO - Dependencies all met for <TaskInstance: json_file_chain.step1_Decidewhichtask 2024-05-02T07:37:36.669532+00:00 [queued]>
[2024-05-02 07:37:41,479] {taskinstance.py:1068} INFO - 
--------------------------------------------------------------------------------
[2024-05-02 07:37:41,480] {taskinstance.py:1069} INFO - Starting attempt 1 of 1
[2024-05-02 07:37:41,481] {taskinstance.py:1070} INFO - 
--------------------------------------------------------------------------------
[2024-05-02 07:37:41,504] {taskinstance.py:1089} INFO - Executing <Task(BranchPythonOperator): step1_Decidewhichtask> on 2024-05-02T07:37:36.669532+00:00
[2024-05-02 07:37:41,518] {standard_task_runner.py:76} INFO - Running: ['airflow', 'tasks', 'run', 'json_file_chain', 'step1_Decidewhichtask', '2024-05-02T07:37:36.669532+00:00', '--job-id', '14148', '--pool', 'default_pool', '--raw', '--subdir', 'DAGS_FOLDER/json_file_chain.py', '--cfg-path', '/tmp/tmpqb34prhh', '--error-file', '/tmp/tmp1d2to67o']
[2024-05-02 07:37:41,520] {standard_task_runner.py:77} INFO - Job 14148: Subtask step1_Decidewhichtask
[2024-05-02 07:37:41,517] {standard_task_runner.py:52} INFO - Started process 203 to run task
[2024-05-02 07:37:41,654] {logging_mixin.py:104} INFO - Running <TaskInstance: json_file_chain.step1_Decidewhichtask 2024-05-02T07:37:36.669532+00:00 [running]> on host c6f0c13ba6da
[2024-05-02 07:37:41,735] {taskinstance.py:1283} INFO - Exporting the following env vars:
AIRFLOW_CTX_DAG_OWNER=airflow
AIRFLOW_CTX_DAG_ID=json_file_chain
AIRFLOW_CTX_TASK_ID=step1_Decidewhichtask
AIRFLOW_CTX_EXECUTION_DATE=2024-05-02T07:37:36.669532+00:00
AIRFLOW_CTX_DAG_RUN_ID=manual__2024-05-02T07:37:36.669532+00:00
[2024-05-02 07:37:41,772] {python.py:118} INFO - Done. Returned value was: step1_dummy_dispari
[2024-05-02 07:37:41,772] {skipmixin.py:124} INFO - Following branch step1_dummy_dispari
[2024-05-02 07:37:41,781] {skipmixin.py:155} INFO - Skipping tasks ['step1_dummy_pari']
[2024-05-02 07:37:41,863] {taskinstance.py:1192} INFO - Marking task as SUCCESS. dag_id=json_file_chain, task_id=step1_Decidewhichtask, execution_date=20240502T073736, start_date=20240502T073741, end_date=20240502T073741
[2024-05-02 07:37:41,901] {taskinstance.py:1246} INFO - 0 downstream tasks scheduled from follow-on schedule check
[2024-05-02 07:37:41,941] {local_task_job.py:146} INFO - Task exited with return code 0
