[2024-04-26 08:04:23,862] {taskinstance.py:877} INFO - Dependencies all met for <TaskInstance: json_file.step3_JsonRead 2024-04-26T08:04:22.171039+00:00 [queued]>
[2024-04-26 08:04:23,877] {taskinstance.py:877} INFO - Dependencies all met for <TaskInstance: json_file.step3_JsonRead 2024-04-26T08:04:22.171039+00:00 [queued]>
[2024-04-26 08:04:23,878] {taskinstance.py:1068} INFO - 
--------------------------------------------------------------------------------
[2024-04-26 08:04:23,878] {taskinstance.py:1069} INFO - Starting attempt 1 of 1
[2024-04-26 08:04:23,879] {taskinstance.py:1070} INFO - 
--------------------------------------------------------------------------------
[2024-04-26 08:04:23,897] {taskinstance.py:1089} INFO - Executing <Task(PythonOperator): step3_JsonRead> on 2024-04-26T08:04:22.171039+00:00
[2024-04-26 08:04:23,923] {standard_task_runner.py:76} INFO - Running: ['airflow', 'tasks', 'run', 'json_file', 'step3_JsonRead', '2024-04-26T08:04:22.171039+00:00', '--job-id', '14064', '--pool', 'default_pool', '--raw', '--subdir', 'DAGS_FOLDER/json_file.py', '--cfg-path', '/tmp/tmpnm5qt0hb', '--error-file', '/tmp/tmp4v2s85av']
[2024-04-26 08:04:23,943] {standard_task_runner.py:77} INFO - Job 14064: Subtask step3_JsonRead
[2024-04-26 08:04:23,904] {standard_task_runner.py:52} INFO - Started process 137 to run task
[2024-04-26 08:04:24,405] {logging_mixin.py:104} INFO - Running <TaskInstance: json_file.step3_JsonRead 2024-04-26T08:04:22.171039+00:00 [running]> on host c6f0c13ba6da
[2024-04-26 08:04:24,631] {taskinstance.py:1283} INFO - Exporting the following env vars:
AIRFLOW_CTX_DAG_OWNER=airflow
AIRFLOW_CTX_DAG_ID=json_file
AIRFLOW_CTX_TASK_ID=step3_JsonRead
AIRFLOW_CTX_EXECUTION_DATE=2024-04-26T08:04:22.171039+00:00
AIRFLOW_CTX_DAG_RUN_ID=manual__2024-04-26T08:04:22.171039+00:00
[2024-04-26 08:04:24,637] {python.py:118} INFO - Done. Returned value was: echo 'step3'
[2024-04-26 08:04:24,706] {taskinstance.py:1192} INFO - Marking task as SUCCESS. dag_id=json_file, task_id=step3_JsonRead, execution_date=20240426T080422, start_date=20240426T080423, end_date=20240426T080424
[2024-04-26 08:04:24,827] {taskinstance.py:1246} INFO - 1 downstream tasks scheduled from follow-on schedule check
[2024-04-26 08:04:24,847] {local_task_job.py:146} INFO - Task exited with return code 0
