[2024-04-26 08:04:26,393] {taskinstance.py:877} INFO - Dependencies all met for <TaskInstance: json_file.step2_BashCommand 2024-04-26T08:04:22.171039+00:00 [queued]>
[2024-04-26 08:04:26,406] {taskinstance.py:877} INFO - Dependencies all met for <TaskInstance: json_file.step2_BashCommand 2024-04-26T08:04:22.171039+00:00 [queued]>
[2024-04-26 08:04:26,407] {taskinstance.py:1068} INFO - 
--------------------------------------------------------------------------------
[2024-04-26 08:04:26,407] {taskinstance.py:1069} INFO - Starting attempt 1 of 1
[2024-04-26 08:04:26,407] {taskinstance.py:1070} INFO - 
--------------------------------------------------------------------------------
[2024-04-26 08:04:26,430] {taskinstance.py:1089} INFO - Executing <Task(BashOperator): step2_BashCommand> on 2024-04-26T08:04:22.171039+00:00
[2024-04-26 08:04:26,438] {standard_task_runner.py:52} INFO - Started process 145 to run task
[2024-04-26 08:04:26,447] {standard_task_runner.py:76} INFO - Running: ['airflow', 'tasks', 'run', 'json_file', 'step2_BashCommand', '2024-04-26T08:04:22.171039+00:00', '--job-id', '14069', '--pool', 'default_pool', '--raw', '--subdir', 'DAGS_FOLDER/json_file.py', '--cfg-path', '/tmp/tmpnfsu8bpo', '--error-file', '/tmp/tmpvkdas_tc']
[2024-04-26 08:04:26,448] {standard_task_runner.py:77} INFO - Job 14069: Subtask step2_BashCommand
[2024-04-26 08:04:26,588] {logging_mixin.py:104} INFO - Running <TaskInstance: json_file.step2_BashCommand 2024-04-26T08:04:22.171039+00:00 [running]> on host c6f0c13ba6da
[2024-04-26 08:04:26,719] {taskinstance.py:1283} INFO - Exporting the following env vars:
AIRFLOW_CTX_DAG_OWNER=airflow
AIRFLOW_CTX_DAG_ID=json_file
AIRFLOW_CTX_TASK_ID=step2_BashCommand
AIRFLOW_CTX_EXECUTION_DATE=2024-04-26T08:04:22.171039+00:00
AIRFLOW_CTX_DAG_RUN_ID=manual__2024-04-26T08:04:22.171039+00:00
[2024-04-26 08:04:26,720] {bash.py:135} INFO - Tmp dir root location: 
 /tmp
[2024-04-26 08:04:26,723] {bash.py:158} INFO - Running command: echo 'step2'
[2024-04-26 08:04:26,747] {bash.py:169} INFO - Output:
[2024-04-26 08:04:26,748] {bash.py:173} INFO - step2
[2024-04-26 08:04:26,749] {bash.py:177} INFO - Command exited with return code 0
[2024-04-26 08:04:26,779] {taskinstance.py:1192} INFO - Marking task as SUCCESS. dag_id=json_file, task_id=step2_BashCommand, execution_date=20240426T080422, start_date=20240426T080426, end_date=20240426T080426
[2024-04-26 08:04:26,807] {taskinstance.py:1246} INFO - 1 downstream tasks scheduled from follow-on schedule check
[2024-04-26 08:04:26,820] {local_task_job.py:146} INFO - Task exited with return code 0
