[2024-04-30 16:09:36,288] {scheduler_job.py:182} INFO - Started process (PID=51) to work on /opt/airflow/dags/date&time_dag.py
[2024-04-30 16:09:36,294] {scheduler_job.py:629} INFO - Processing file /opt/airflow/dags/date&time_dag.py for tasks to queue
[2024-04-30 16:09:36,298] {logging_mixin.py:104} INFO - [2024-04-30 16:09:36,298] {dagbag.py:451} INFO - Filling up the DagBag from /opt/airflow/dags/date&time_dag.py
[2024-04-30 16:09:36,484] {scheduler_job.py:639} INFO - DAG(s) dict_keys(['datetime_dag']) retrieved from /opt/airflow/dags/date&time_dag.py
[2024-04-30 16:09:36,593] {logging_mixin.py:104} INFO - [2024-04-30 16:09:36,592] {dag.py:1824} INFO - Sync 1 DAGs
[2024-04-30 16:09:36,682] {logging_mixin.py:104} INFO - [2024-04-30 16:09:36,682] {dag.py:2280} INFO - Setting next_dagrun for datetime_dag to 2024-04-29 16:09:36.681488+00:00
[2024-04-30 16:09:36,776] {scheduler_job.py:190} INFO - Processing /opt/airflow/dags/date&time_dag.py took 0.510 seconds
[2024-04-30 16:10:07,408] {scheduler_job.py:182} INFO - Started process (PID=124) to work on /opt/airflow/dags/date&time_dag.py
[2024-04-30 16:10:07,423] {scheduler_job.py:629} INFO - Processing file /opt/airflow/dags/date&time_dag.py for tasks to queue
[2024-04-30 16:10:07,425] {logging_mixin.py:104} INFO - [2024-04-30 16:10:07,424] {dagbag.py:451} INFO - Filling up the DagBag from /opt/airflow/dags/date&time_dag.py
[2024-04-30 16:10:07,595] {scheduler_job.py:639} INFO - DAG(s) dict_keys(['datetime_dag']) retrieved from /opt/airflow/dags/date&time_dag.py
[2024-04-30 16:10:07,683] {logging_mixin.py:104} INFO - [2024-04-30 16:10:07,682] {dag.py:1824} INFO - Sync 1 DAGs
[2024-04-30 16:10:07,736] {logging_mixin.py:104} INFO - [2024-04-30 16:10:07,736] {dag.py:2280} INFO - Setting next_dagrun for datetime_dag to 2024-04-29 16:10:07.735953+00:00
[2024-04-30 16:10:07,765] {scheduler_job.py:190} INFO - Processing /opt/airflow/dags/date&time_dag.py took 0.375 seconds
[2024-04-30 16:10:38,159] {scheduler_job.py:182} INFO - Started process (PID=156) to work on /opt/airflow/dags/date&time_dag.py
[2024-04-30 16:10:38,171] {scheduler_job.py:629} INFO - Processing file /opt/airflow/dags/date&time_dag.py for tasks to queue
[2024-04-30 16:10:38,173] {logging_mixin.py:104} INFO - [2024-04-30 16:10:38,173] {dagbag.py:451} INFO - Filling up the DagBag from /opt/airflow/dags/date&time_dag.py
[2024-04-30 16:10:38,314] {scheduler_job.py:639} INFO - DAG(s) dict_keys(['datetime_dag']) retrieved from /opt/airflow/dags/date&time_dag.py
[2024-04-30 16:10:38,397] {logging_mixin.py:104} INFO - [2024-04-30 16:10:38,396] {dag.py:1824} INFO - Sync 1 DAGs
[2024-04-30 16:10:38,447] {logging_mixin.py:104} INFO - [2024-04-30 16:10:38,446] {dag.py:2280} INFO - Setting next_dagrun for datetime_dag to 2024-04-29 16:10:38.446538+00:00
[2024-04-30 16:10:38,486] {scheduler_job.py:190} INFO - Processing /opt/airflow/dags/date&time_dag.py took 0.342 seconds
[2024-04-30 16:11:25,969] {scheduler_job.py:182} INFO - Started process (PID=221) to work on /opt/airflow/dags/date&time_dag.py
[2024-04-30 16:11:25,972] {scheduler_job.py:629} INFO - Processing file /opt/airflow/dags/date&time_dag.py for tasks to queue
[2024-04-30 16:11:25,974] {logging_mixin.py:104} INFO - [2024-04-30 16:11:25,974] {dagbag.py:451} INFO - Filling up the DagBag from /opt/airflow/dags/date&time_dag.py
[2024-04-30 16:11:26,427] {scheduler_job.py:639} INFO - DAG(s) dict_keys(['datetime_dag']) retrieved from /opt/airflow/dags/date&time_dag.py
[2024-04-30 16:11:26,513] {logging_mixin.py:104} INFO - [2024-04-30 16:11:26,512] {dag.py:1824} INFO - Sync 1 DAGs
[2024-04-30 16:11:26,613] {logging_mixin.py:104} INFO - [2024-04-30 16:11:26,613] {dag.py:2280} INFO - Setting next_dagrun for datetime_dag to 2024-04-29 16:11:26.613185+00:00
[2024-04-30 16:11:26,683] {scheduler_job.py:190} INFO - Processing /opt/airflow/dags/date&time_dag.py took 0.725 seconds
[2024-04-30 16:11:56,829] {scheduler_job.py:182} INFO - Started process (PID=265) to work on /opt/airflow/dags/date&time_dag.py
[2024-04-30 16:11:56,836] {scheduler_job.py:629} INFO - Processing file /opt/airflow/dags/date&time_dag.py for tasks to queue
[2024-04-30 16:11:56,839] {logging_mixin.py:104} INFO - [2024-04-30 16:11:56,838] {dagbag.py:451} INFO - Filling up the DagBag from /opt/airflow/dags/date&time_dag.py
[2024-04-30 16:11:56,914] {scheduler_job.py:639} INFO - DAG(s) dict_keys(['datetime_dag']) retrieved from /opt/airflow/dags/date&time_dag.py
[2024-04-30 16:11:57,025] {logging_mixin.py:104} INFO - [2024-04-30 16:11:57,023] {dag.py:1824} INFO - Sync 1 DAGs
[2024-04-30 16:11:57,064] {logging_mixin.py:104} INFO - [2024-04-30 16:11:57,063] {dag.py:2280} INFO - Setting next_dagrun for datetime_dag to 2024-04-29 16:11:57.063477+00:00
[2024-04-30 16:11:57,125] {scheduler_job.py:190} INFO - Processing /opt/airflow/dags/date&time_dag.py took 0.308 seconds
[2024-04-30 16:12:27,735] {scheduler_job.py:182} INFO - Started process (PID=296) to work on /opt/airflow/dags/date&time_dag.py
[2024-04-30 16:12:27,756] {scheduler_job.py:629} INFO - Processing file /opt/airflow/dags/date&time_dag.py for tasks to queue
[2024-04-30 16:12:27,760] {logging_mixin.py:104} INFO - [2024-04-30 16:12:27,760] {dagbag.py:451} INFO - Filling up the DagBag from /opt/airflow/dags/date&time_dag.py
[2024-04-30 16:12:27,980] {scheduler_job.py:639} INFO - DAG(s) dict_keys(['datetime_dag']) retrieved from /opt/airflow/dags/date&time_dag.py
[2024-04-30 16:12:28,054] {logging_mixin.py:104} INFO - [2024-04-30 16:12:28,054] {dag.py:1824} INFO - Sync 1 DAGs
[2024-04-30 16:12:28,109] {logging_mixin.py:104} INFO - [2024-04-30 16:12:28,109] {dag.py:2280} INFO - Setting next_dagrun for datetime_dag to 2024-04-29 16:12:28.109195+00:00
[2024-04-30 16:12:28,195] {scheduler_job.py:190} INFO - Processing /opt/airflow/dags/date&time_dag.py took 0.471 seconds
[2024-04-30 16:12:58,326] {scheduler_job.py:182} INFO - Started process (PID=326) to work on /opt/airflow/dags/date&time_dag.py
[2024-04-30 16:12:58,328] {scheduler_job.py:629} INFO - Processing file /opt/airflow/dags/date&time_dag.py for tasks to queue
[2024-04-30 16:12:58,328] {logging_mixin.py:104} INFO - [2024-04-30 16:12:58,328] {dagbag.py:451} INFO - Filling up the DagBag from /opt/airflow/dags/date&time_dag.py
[2024-04-30 16:12:58,355] {scheduler_job.py:639} INFO - DAG(s) dict_keys(['datetime_dag']) retrieved from /opt/airflow/dags/date&time_dag.py
[2024-04-30 16:12:58,376] {logging_mixin.py:104} INFO - [2024-04-30 16:12:58,376] {dag.py:1824} INFO - Sync 1 DAGs
[2024-04-30 16:12:58,393] {logging_mixin.py:104} INFO - [2024-04-30 16:12:58,393] {dag.py:2280} INFO - Setting next_dagrun for datetime_dag to 2024-04-29 16:12:58.393157+00:00
[2024-04-30 16:12:58,403] {scheduler_job.py:190} INFO - Processing /opt/airflow/dags/date&time_dag.py took 0.081 seconds
[2024-04-30 16:13:28,877] {scheduler_job.py:182} INFO - Started process (PID=360) to work on /opt/airflow/dags/date&time_dag.py
[2024-04-30 16:13:28,879] {scheduler_job.py:629} INFO - Processing file /opt/airflow/dags/date&time_dag.py for tasks to queue
[2024-04-30 16:13:28,881] {logging_mixin.py:104} INFO - [2024-04-30 16:13:28,880] {dagbag.py:451} INFO - Filling up the DagBag from /opt/airflow/dags/date&time_dag.py
[2024-04-30 16:13:28,922] {scheduler_job.py:639} INFO - DAG(s) dict_keys(['datetime_dag']) retrieved from /opt/airflow/dags/date&time_dag.py
[2024-04-30 16:13:28,952] {logging_mixin.py:104} INFO - [2024-04-30 16:13:28,951] {dag.py:1824} INFO - Sync 1 DAGs
[2024-04-30 16:13:28,971] {logging_mixin.py:104} INFO - [2024-04-30 16:13:28,971] {dag.py:2280} INFO - Setting next_dagrun for datetime_dag to 2024-04-29 16:13:28.971074+00:00
[2024-04-30 16:13:28,985] {scheduler_job.py:190} INFO - Processing /opt/airflow/dags/date&time_dag.py took 0.112 seconds
[2024-04-30 16:13:59,593] {scheduler_job.py:182} INFO - Started process (PID=408) to work on /opt/airflow/dags/date&time_dag.py
[2024-04-30 16:13:59,603] {scheduler_job.py:629} INFO - Processing file /opt/airflow/dags/date&time_dag.py for tasks to queue
[2024-04-30 16:13:59,614] {logging_mixin.py:104} INFO - [2024-04-30 16:13:59,614] {dagbag.py:451} INFO - Filling up the DagBag from /opt/airflow/dags/date&time_dag.py
[2024-04-30 16:13:59,750] {scheduler_job.py:639} INFO - DAG(s) dict_keys(['datetime_dag']) retrieved from /opt/airflow/dags/date&time_dag.py
[2024-04-30 16:13:59,797] {logging_mixin.py:104} INFO - [2024-04-30 16:13:59,797] {dag.py:1824} INFO - Sync 1 DAGs
[2024-04-30 16:13:59,830] {logging_mixin.py:104} INFO - [2024-04-30 16:13:59,830] {dag.py:2280} INFO - Setting next_dagrun for datetime_dag to 2024-04-29 16:13:59.830467+00:00
[2024-04-30 16:13:59,845] {scheduler_job.py:190} INFO - Processing /opt/airflow/dags/date&time_dag.py took 0.277 seconds
[2024-04-30 16:14:30,784] {scheduler_job.py:182} INFO - Started process (PID=440) to work on /opt/airflow/dags/date&time_dag.py
[2024-04-30 16:14:30,786] {scheduler_job.py:629} INFO - Processing file /opt/airflow/dags/date&time_dag.py for tasks to queue
[2024-04-30 16:14:30,787] {logging_mixin.py:104} INFO - [2024-04-30 16:14:30,787] {dagbag.py:451} INFO - Filling up the DagBag from /opt/airflow/dags/date&time_dag.py
[2024-04-30 16:14:30,817] {scheduler_job.py:639} INFO - DAG(s) dict_keys(['datetime_dag']) retrieved from /opt/airflow/dags/date&time_dag.py
[2024-04-30 16:14:30,842] {logging_mixin.py:104} INFO - [2024-04-30 16:14:30,842] {dag.py:1824} INFO - Sync 1 DAGs
[2024-04-30 16:14:30,858] {logging_mixin.py:104} INFO - [2024-04-30 16:14:30,858] {dag.py:2280} INFO - Setting next_dagrun for datetime_dag to 2024-04-29 16:14:30.857923+00:00
[2024-04-30 16:14:30,868] {scheduler_job.py:190} INFO - Processing /opt/airflow/dags/date&time_dag.py took 0.087 seconds
[2024-04-30 16:15:01,211] {scheduler_job.py:182} INFO - Started process (PID=472) to work on /opt/airflow/dags/date&time_dag.py
[2024-04-30 16:15:01,214] {scheduler_job.py:629} INFO - Processing file /opt/airflow/dags/date&time_dag.py for tasks to queue
[2024-04-30 16:15:01,215] {logging_mixin.py:104} INFO - [2024-04-30 16:15:01,215] {dagbag.py:451} INFO - Filling up the DagBag from /opt/airflow/dags/date&time_dag.py
[2024-04-30 16:15:01,249] {scheduler_job.py:639} INFO - DAG(s) dict_keys(['datetime_dag']) retrieved from /opt/airflow/dags/date&time_dag.py
[2024-04-30 16:15:01,272] {logging_mixin.py:104} INFO - [2024-04-30 16:15:01,272] {dag.py:1824} INFO - Sync 1 DAGs
[2024-04-30 16:15:01,308] {logging_mixin.py:104} INFO - [2024-04-30 16:15:01,308] {dag.py:2280} INFO - Setting next_dagrun for datetime_dag to 2024-04-29 16:15:01.308269+00:00
[2024-04-30 16:15:01,317] {scheduler_job.py:190} INFO - Processing /opt/airflow/dags/date&time_dag.py took 0.111 seconds
[2024-04-30 16:15:32,174] {scheduler_job.py:182} INFO - Started process (PID=504) to work on /opt/airflow/dags/date&time_dag.py
[2024-04-30 16:15:32,175] {scheduler_job.py:629} INFO - Processing file /opt/airflow/dags/date&time_dag.py for tasks to queue
[2024-04-30 16:15:32,176] {logging_mixin.py:104} INFO - [2024-04-30 16:15:32,175] {dagbag.py:451} INFO - Filling up the DagBag from /opt/airflow/dags/date&time_dag.py
[2024-04-30 16:15:32,252] {scheduler_job.py:639} INFO - DAG(s) dict_keys(['datetime_dag']) retrieved from /opt/airflow/dags/date&time_dag.py
[2024-04-30 16:15:32,357] {logging_mixin.py:104} INFO - [2024-04-30 16:15:32,357] {dag.py:1824} INFO - Sync 1 DAGs
[2024-04-30 16:15:32,379] {logging_mixin.py:104} INFO - [2024-04-30 16:15:32,379] {dag.py:2280} INFO - Setting next_dagrun for datetime_dag to 2024-04-29 16:15:32.379491+00:00
[2024-04-30 16:15:32,392] {scheduler_job.py:190} INFO - Processing /opt/airflow/dags/date&time_dag.py took 0.221 seconds
[2024-04-30 16:16:02,964] {scheduler_job.py:182} INFO - Started process (PID=536) to work on /opt/airflow/dags/date&time_dag.py
[2024-04-30 16:16:02,965] {scheduler_job.py:629} INFO - Processing file /opt/airflow/dags/date&time_dag.py for tasks to queue
[2024-04-30 16:16:02,966] {logging_mixin.py:104} INFO - [2024-04-30 16:16:02,966] {dagbag.py:451} INFO - Filling up the DagBag from /opt/airflow/dags/date&time_dag.py
[2024-04-30 16:16:03,107] {scheduler_job.py:639} INFO - DAG(s) dict_keys(['datetime_dag']) retrieved from /opt/airflow/dags/date&time_dag.py
[2024-04-30 16:16:03,269] {logging_mixin.py:104} INFO - [2024-04-30 16:16:03,268] {dag.py:1824} INFO - Sync 1 DAGs
[2024-04-30 16:16:03,292] {logging_mixin.py:104} INFO - [2024-04-30 16:16:03,292] {dag.py:2280} INFO - Setting next_dagrun for datetime_dag to 2024-04-29 16:16:03.292289+00:00
[2024-04-30 16:16:03,302] {scheduler_job.py:190} INFO - Processing /opt/airflow/dags/date&time_dag.py took 0.344 seconds
[2024-04-30 16:16:33,494] {scheduler_job.py:182} INFO - Started process (PID=568) to work on /opt/airflow/dags/date&time_dag.py
[2024-04-30 16:16:33,496] {scheduler_job.py:629} INFO - Processing file /opt/airflow/dags/date&time_dag.py for tasks to queue
[2024-04-30 16:16:33,498] {logging_mixin.py:104} INFO - [2024-04-30 16:16:33,497] {dagbag.py:451} INFO - Filling up the DagBag from /opt/airflow/dags/date&time_dag.py
[2024-04-30 16:16:33,528] {scheduler_job.py:639} INFO - DAG(s) dict_keys(['datetime_dag']) retrieved from /opt/airflow/dags/date&time_dag.py
[2024-04-30 16:16:33,599] {logging_mixin.py:104} INFO - [2024-04-30 16:16:33,599] {dag.py:1824} INFO - Sync 1 DAGs
[2024-04-30 16:16:33,645] {logging_mixin.py:104} INFO - [2024-04-30 16:16:33,645] {dag.py:2280} INFO - Setting next_dagrun for datetime_dag to 2024-04-29 16:16:33.645354+00:00
[2024-04-30 16:16:33,653] {scheduler_job.py:190} INFO - Processing /opt/airflow/dags/date&time_dag.py took 0.165 seconds
[2024-04-30 16:17:04,405] {scheduler_job.py:182} INFO - Started process (PID=600) to work on /opt/airflow/dags/date&time_dag.py
[2024-04-30 16:17:04,406] {scheduler_job.py:629} INFO - Processing file /opt/airflow/dags/date&time_dag.py for tasks to queue
[2024-04-30 16:17:04,407] {logging_mixin.py:104} INFO - [2024-04-30 16:17:04,407] {dagbag.py:451} INFO - Filling up the DagBag from /opt/airflow/dags/date&time_dag.py
[2024-04-30 16:17:04,436] {scheduler_job.py:639} INFO - DAG(s) dict_keys(['datetime_dag']) retrieved from /opt/airflow/dags/date&time_dag.py
[2024-04-30 16:17:04,457] {logging_mixin.py:104} INFO - [2024-04-30 16:17:04,457] {dag.py:1824} INFO - Sync 1 DAGs
[2024-04-30 16:17:04,471] {logging_mixin.py:104} INFO - [2024-04-30 16:17:04,471] {dag.py:2280} INFO - Setting next_dagrun for datetime_dag to 2024-04-29 16:17:04.471621+00:00
[2024-04-30 16:17:04,482] {scheduler_job.py:190} INFO - Processing /opt/airflow/dags/date&time_dag.py took 0.081 seconds
[2024-04-30 16:17:35,126] {scheduler_job.py:182} INFO - Started process (PID=632) to work on /opt/airflow/dags/date&time_dag.py
[2024-04-30 16:17:35,127] {scheduler_job.py:629} INFO - Processing file /opt/airflow/dags/date&time_dag.py for tasks to queue
[2024-04-30 16:17:35,128] {logging_mixin.py:104} INFO - [2024-04-30 16:17:35,128] {dagbag.py:451} INFO - Filling up the DagBag from /opt/airflow/dags/date&time_dag.py
[2024-04-30 16:17:35,186] {scheduler_job.py:639} INFO - DAG(s) dict_keys(['datetime_dag']) retrieved from /opt/airflow/dags/date&time_dag.py
[2024-04-30 16:17:35,223] {logging_mixin.py:104} INFO - [2024-04-30 16:17:35,223] {dag.py:1824} INFO - Sync 1 DAGs
[2024-04-30 16:17:35,245] {logging_mixin.py:104} INFO - [2024-04-30 16:17:35,245] {dag.py:2280} INFO - Setting next_dagrun for datetime_dag to 2024-04-29 16:17:35.244938+00:00
[2024-04-30 16:17:35,256] {scheduler_job.py:190} INFO - Processing /opt/airflow/dags/date&time_dag.py took 0.134 seconds
[2024-04-30 16:18:06,101] {scheduler_job.py:182} INFO - Started process (PID=664) to work on /opt/airflow/dags/date&time_dag.py
[2024-04-30 16:18:06,103] {scheduler_job.py:629} INFO - Processing file /opt/airflow/dags/date&time_dag.py for tasks to queue
[2024-04-30 16:18:06,104] {logging_mixin.py:104} INFO - [2024-04-30 16:18:06,104] {dagbag.py:451} INFO - Filling up the DagBag from /opt/airflow/dags/date&time_dag.py
[2024-04-30 16:18:06,132] {scheduler_job.py:639} INFO - DAG(s) dict_keys(['datetime_dag']) retrieved from /opt/airflow/dags/date&time_dag.py
[2024-04-30 16:18:06,152] {logging_mixin.py:104} INFO - [2024-04-30 16:18:06,151] {dag.py:1824} INFO - Sync 1 DAGs
[2024-04-30 16:18:06,170] {logging_mixin.py:104} INFO - [2024-04-30 16:18:06,170] {dag.py:2280} INFO - Setting next_dagrun for datetime_dag to 2024-04-29 16:18:06.170077+00:00
[2024-04-30 16:18:06,182] {scheduler_job.py:190} INFO - Processing /opt/airflow/dags/date&time_dag.py took 0.084 seconds
[2024-04-30 16:18:36,425] {scheduler_job.py:182} INFO - Started process (PID=696) to work on /opt/airflow/dags/date&time_dag.py
[2024-04-30 16:18:36,426] {scheduler_job.py:629} INFO - Processing file /opt/airflow/dags/date&time_dag.py for tasks to queue
[2024-04-30 16:18:36,427] {logging_mixin.py:104} INFO - [2024-04-30 16:18:36,427] {dagbag.py:451} INFO - Filling up the DagBag from /opt/airflow/dags/date&time_dag.py
[2024-04-30 16:18:36,454] {scheduler_job.py:639} INFO - DAG(s) dict_keys(['datetime_dag']) retrieved from /opt/airflow/dags/date&time_dag.py
[2024-04-30 16:18:36,475] {logging_mixin.py:104} INFO - [2024-04-30 16:18:36,475] {dag.py:1824} INFO - Sync 1 DAGs
[2024-04-30 16:18:36,492] {logging_mixin.py:104} INFO - [2024-04-30 16:18:36,492] {dag.py:2280} INFO - Setting next_dagrun for datetime_dag to 2024-04-29 16:18:36.491830+00:00
[2024-04-30 16:18:36,502] {scheduler_job.py:190} INFO - Processing /opt/airflow/dags/date&time_dag.py took 0.081 seconds
[2024-04-30 16:19:06,969] {scheduler_job.py:182} INFO - Started process (PID=728) to work on /opt/airflow/dags/date&time_dag.py
[2024-04-30 16:19:06,971] {scheduler_job.py:629} INFO - Processing file /opt/airflow/dags/date&time_dag.py for tasks to queue
[2024-04-30 16:19:06,973] {logging_mixin.py:104} INFO - [2024-04-30 16:19:06,973] {dagbag.py:451} INFO - Filling up the DagBag from /opt/airflow/dags/date&time_dag.py
[2024-04-30 16:19:07,002] {scheduler_job.py:639} INFO - DAG(s) dict_keys(['datetime_dag']) retrieved from /opt/airflow/dags/date&time_dag.py
[2024-04-30 16:19:07,022] {logging_mixin.py:104} INFO - [2024-04-30 16:19:07,022] {dag.py:1824} INFO - Sync 1 DAGs
[2024-04-30 16:19:07,039] {logging_mixin.py:104} INFO - [2024-04-30 16:19:07,039] {dag.py:2280} INFO - Setting next_dagrun for datetime_dag to 2024-04-29 16:19:07.039715+00:00
[2024-04-30 16:19:07,050] {scheduler_job.py:190} INFO - Processing /opt/airflow/dags/date&time_dag.py took 0.085 seconds
[2024-04-30 16:19:37,389] {scheduler_job.py:182} INFO - Started process (PID=760) to work on /opt/airflow/dags/date&time_dag.py
[2024-04-30 16:19:37,391] {scheduler_job.py:629} INFO - Processing file /opt/airflow/dags/date&time_dag.py for tasks to queue
[2024-04-30 16:19:37,392] {logging_mixin.py:104} INFO - [2024-04-30 16:19:37,392] {dagbag.py:451} INFO - Filling up the DagBag from /opt/airflow/dags/date&time_dag.py
[2024-04-30 16:19:37,423] {scheduler_job.py:639} INFO - DAG(s) dict_keys(['datetime_dag']) retrieved from /opt/airflow/dags/date&time_dag.py
[2024-04-30 16:19:37,443] {logging_mixin.py:104} INFO - [2024-04-30 16:19:37,443] {dag.py:1824} INFO - Sync 1 DAGs
[2024-04-30 16:19:37,463] {logging_mixin.py:104} INFO - [2024-04-30 16:19:37,463] {dag.py:2280} INFO - Setting next_dagrun for datetime_dag to 2024-04-29 16:19:37.463391+00:00
[2024-04-30 16:19:37,472] {scheduler_job.py:190} INFO - Processing /opt/airflow/dags/date&time_dag.py took 0.087 seconds
[2024-04-30 16:20:07,807] {scheduler_job.py:182} INFO - Started process (PID=792) to work on /opt/airflow/dags/date&time_dag.py
[2024-04-30 16:20:07,809] {scheduler_job.py:629} INFO - Processing file /opt/airflow/dags/date&time_dag.py for tasks to queue
[2024-04-30 16:20:07,809] {logging_mixin.py:104} INFO - [2024-04-30 16:20:07,809] {dagbag.py:451} INFO - Filling up the DagBag from /opt/airflow/dags/date&time_dag.py
[2024-04-30 16:20:07,839] {scheduler_job.py:639} INFO - DAG(s) dict_keys(['datetime_dag']) retrieved from /opt/airflow/dags/date&time_dag.py
[2024-04-30 16:20:07,859] {logging_mixin.py:104} INFO - [2024-04-30 16:20:07,859] {dag.py:1824} INFO - Sync 1 DAGs
[2024-04-30 16:20:07,876] {logging_mixin.py:104} INFO - [2024-04-30 16:20:07,876] {dag.py:2280} INFO - Setting next_dagrun for datetime_dag to 2024-04-29 16:20:07.876155+00:00
[2024-04-30 16:20:07,887] {scheduler_job.py:190} INFO - Processing /opt/airflow/dags/date&time_dag.py took 0.083 seconds
[2024-04-30 16:20:38,317] {scheduler_job.py:182} INFO - Started process (PID=824) to work on /opt/airflow/dags/date&time_dag.py
[2024-04-30 16:20:38,319] {scheduler_job.py:629} INFO - Processing file /opt/airflow/dags/date&time_dag.py for tasks to queue
[2024-04-30 16:20:38,320] {logging_mixin.py:104} INFO - [2024-04-30 16:20:38,320] {dagbag.py:451} INFO - Filling up the DagBag from /opt/airflow/dags/date&time_dag.py
[2024-04-30 16:20:38,355] {scheduler_job.py:639} INFO - DAG(s) dict_keys(['datetime_dag']) retrieved from /opt/airflow/dags/date&time_dag.py
[2024-04-30 16:20:38,376] {logging_mixin.py:104} INFO - [2024-04-30 16:20:38,376] {dag.py:1824} INFO - Sync 1 DAGs
[2024-04-30 16:20:38,395] {logging_mixin.py:104} INFO - [2024-04-30 16:20:38,395] {dag.py:2280} INFO - Setting next_dagrun for datetime_dag to 2024-04-29 16:20:38.395096+00:00
[2024-04-30 16:20:38,405] {scheduler_job.py:190} INFO - Processing /opt/airflow/dags/date&time_dag.py took 0.090 seconds
[2024-04-30 16:21:08,816] {scheduler_job.py:182} INFO - Started process (PID=856) to work on /opt/airflow/dags/date&time_dag.py
[2024-04-30 16:21:08,818] {scheduler_job.py:629} INFO - Processing file /opt/airflow/dags/date&time_dag.py for tasks to queue
[2024-04-30 16:21:08,819] {logging_mixin.py:104} INFO - [2024-04-30 16:21:08,818] {dagbag.py:451} INFO - Filling up the DagBag from /opt/airflow/dags/date&time_dag.py
[2024-04-30 16:21:08,848] {scheduler_job.py:639} INFO - DAG(s) dict_keys(['datetime_dag']) retrieved from /opt/airflow/dags/date&time_dag.py
[2024-04-30 16:21:08,868] {logging_mixin.py:104} INFO - [2024-04-30 16:21:08,868] {dag.py:1824} INFO - Sync 1 DAGs
[2024-04-30 16:21:08,886] {logging_mixin.py:104} INFO - [2024-04-30 16:21:08,886] {dag.py:2280} INFO - Setting next_dagrun for datetime_dag to 2024-04-29 16:21:08.886181+00:00
[2024-04-30 16:21:08,897] {scheduler_job.py:190} INFO - Processing /opt/airflow/dags/date&time_dag.py took 0.084 seconds
[2024-04-30 16:21:39,393] {scheduler_job.py:182} INFO - Started process (PID=888) to work on /opt/airflow/dags/date&time_dag.py
[2024-04-30 16:21:39,394] {scheduler_job.py:629} INFO - Processing file /opt/airflow/dags/date&time_dag.py for tasks to queue
[2024-04-30 16:21:39,395] {logging_mixin.py:104} INFO - [2024-04-30 16:21:39,395] {dagbag.py:451} INFO - Filling up the DagBag from /opt/airflow/dags/date&time_dag.py
[2024-04-30 16:21:39,422] {scheduler_job.py:639} INFO - DAG(s) dict_keys(['datetime_dag']) retrieved from /opt/airflow/dags/date&time_dag.py
[2024-04-30 16:21:39,443] {logging_mixin.py:104} INFO - [2024-04-30 16:21:39,443] {dag.py:1824} INFO - Sync 1 DAGs
[2024-04-30 16:21:39,458] {logging_mixin.py:104} INFO - [2024-04-30 16:21:39,458] {dag.py:2280} INFO - Setting next_dagrun for datetime_dag to 2024-04-29 16:21:39.458148+00:00
[2024-04-30 16:21:39,468] {scheduler_job.py:190} INFO - Processing /opt/airflow/dags/date&time_dag.py took 0.079 seconds
[2024-04-30 16:22:09,958] {scheduler_job.py:182} INFO - Started process (PID=920) to work on /opt/airflow/dags/date&time_dag.py
[2024-04-30 16:22:09,959] {scheduler_job.py:629} INFO - Processing file /opt/airflow/dags/date&time_dag.py for tasks to queue
[2024-04-30 16:22:09,960] {logging_mixin.py:104} INFO - [2024-04-30 16:22:09,960] {dagbag.py:451} INFO - Filling up the DagBag from /opt/airflow/dags/date&time_dag.py
[2024-04-30 16:22:09,989] {scheduler_job.py:639} INFO - DAG(s) dict_keys(['datetime_dag']) retrieved from /opt/airflow/dags/date&time_dag.py
[2024-04-30 16:22:10,012] {logging_mixin.py:104} INFO - [2024-04-30 16:22:10,012] {dag.py:1824} INFO - Sync 1 DAGs
[2024-04-30 16:22:10,028] {logging_mixin.py:104} INFO - [2024-04-30 16:22:10,028] {dag.py:2280} INFO - Setting next_dagrun for datetime_dag to 2024-04-29 16:22:10.028238+00:00
[2024-04-30 16:22:10,039] {scheduler_job.py:190} INFO - Processing /opt/airflow/dags/date&time_dag.py took 0.085 seconds
[2024-04-30 16:22:40,606] {scheduler_job.py:182} INFO - Started process (PID=952) to work on /opt/airflow/dags/date&time_dag.py
[2024-04-30 16:22:40,607] {scheduler_job.py:629} INFO - Processing file /opt/airflow/dags/date&time_dag.py for tasks to queue
[2024-04-30 16:22:40,609] {logging_mixin.py:104} INFO - [2024-04-30 16:22:40,609] {dagbag.py:451} INFO - Filling up the DagBag from /opt/airflow/dags/date&time_dag.py
[2024-04-30 16:22:40,645] {scheduler_job.py:639} INFO - DAG(s) dict_keys(['datetime_dag']) retrieved from /opt/airflow/dags/date&time_dag.py
[2024-04-30 16:22:40,668] {logging_mixin.py:104} INFO - [2024-04-30 16:22:40,668] {dag.py:1824} INFO - Sync 1 DAGs
[2024-04-30 16:22:40,689] {logging_mixin.py:104} INFO - [2024-04-30 16:22:40,689] {dag.py:2280} INFO - Setting next_dagrun for datetime_dag to 2024-04-29 16:22:40.689314+00:00
[2024-04-30 16:22:40,699] {scheduler_job.py:190} INFO - Processing /opt/airflow/dags/date&time_dag.py took 0.097 seconds
[2024-04-30 16:23:11,147] {scheduler_job.py:182} INFO - Started process (PID=984) to work on /opt/airflow/dags/date&time_dag.py
[2024-04-30 16:23:11,148] {scheduler_job.py:629} INFO - Processing file /opt/airflow/dags/date&time_dag.py for tasks to queue
[2024-04-30 16:23:11,149] {logging_mixin.py:104} INFO - [2024-04-30 16:23:11,149] {dagbag.py:451} INFO - Filling up the DagBag from /opt/airflow/dags/date&time_dag.py
[2024-04-30 16:23:11,184] {scheduler_job.py:639} INFO - DAG(s) dict_keys(['datetime_dag']) retrieved from /opt/airflow/dags/date&time_dag.py
[2024-04-30 16:23:11,211] {logging_mixin.py:104} INFO - [2024-04-30 16:23:11,211] {dag.py:1824} INFO - Sync 1 DAGs
[2024-04-30 16:23:11,232] {logging_mixin.py:104} INFO - [2024-04-30 16:23:11,232] {dag.py:2280} INFO - Setting next_dagrun for datetime_dag to 2024-04-29 16:23:11.232163+00:00
[2024-04-30 16:23:11,243] {scheduler_job.py:190} INFO - Processing /opt/airflow/dags/date&time_dag.py took 0.100 seconds
[2024-04-30 16:23:41,642] {scheduler_job.py:182} INFO - Started process (PID=1016) to work on /opt/airflow/dags/date&time_dag.py
[2024-04-30 16:23:41,643] {scheduler_job.py:629} INFO - Processing file /opt/airflow/dags/date&time_dag.py for tasks to queue
[2024-04-30 16:23:41,644] {logging_mixin.py:104} INFO - [2024-04-30 16:23:41,644] {dagbag.py:451} INFO - Filling up the DagBag from /opt/airflow/dags/date&time_dag.py
[2024-04-30 16:23:41,676] {scheduler_job.py:639} INFO - DAG(s) dict_keys(['datetime_dag']) retrieved from /opt/airflow/dags/date&time_dag.py
[2024-04-30 16:23:41,698] {logging_mixin.py:104} INFO - [2024-04-30 16:23:41,698] {dag.py:1824} INFO - Sync 1 DAGs
[2024-04-30 16:23:41,714] {logging_mixin.py:104} INFO - [2024-04-30 16:23:41,714] {dag.py:2280} INFO - Setting next_dagrun for datetime_dag to 2024-04-29 16:23:41.714129+00:00
[2024-04-30 16:23:41,727] {scheduler_job.py:190} INFO - Processing /opt/airflow/dags/date&time_dag.py took 0.089 seconds
[2024-04-30 16:24:12,309] {scheduler_job.py:182} INFO - Started process (PID=1048) to work on /opt/airflow/dags/date&time_dag.py
[2024-04-30 16:24:12,311] {scheduler_job.py:629} INFO - Processing file /opt/airflow/dags/date&time_dag.py for tasks to queue
[2024-04-30 16:24:12,312] {logging_mixin.py:104} INFO - [2024-04-30 16:24:12,312] {dagbag.py:451} INFO - Filling up the DagBag from /opt/airflow/dags/date&time_dag.py
[2024-04-30 16:24:12,341] {scheduler_job.py:639} INFO - DAG(s) dict_keys(['datetime_dag']) retrieved from /opt/airflow/dags/date&time_dag.py
[2024-04-30 16:24:12,364] {logging_mixin.py:104} INFO - [2024-04-30 16:24:12,364] {dag.py:1824} INFO - Sync 1 DAGs
[2024-04-30 16:24:12,380] {logging_mixin.py:104} INFO - [2024-04-30 16:24:12,380] {dag.py:2280} INFO - Setting next_dagrun for datetime_dag to 2024-04-29 16:24:12.379979+00:00
[2024-04-30 16:24:12,391] {scheduler_job.py:190} INFO - Processing /opt/airflow/dags/date&time_dag.py took 0.086 seconds
[2024-04-30 16:24:42,796] {scheduler_job.py:182} INFO - Started process (PID=1080) to work on /opt/airflow/dags/date&time_dag.py
[2024-04-30 16:24:42,798] {scheduler_job.py:629} INFO - Processing file /opt/airflow/dags/date&time_dag.py for tasks to queue
[2024-04-30 16:24:42,799] {logging_mixin.py:104} INFO - [2024-04-30 16:24:42,798] {dagbag.py:451} INFO - Filling up the DagBag from /opt/airflow/dags/date&time_dag.py
[2024-04-30 16:24:42,829] {scheduler_job.py:639} INFO - DAG(s) dict_keys(['datetime_dag']) retrieved from /opt/airflow/dags/date&time_dag.py
[2024-04-30 16:24:42,854] {logging_mixin.py:104} INFO - [2024-04-30 16:24:42,854] {dag.py:1824} INFO - Sync 1 DAGs
[2024-04-30 16:24:42,869] {logging_mixin.py:104} INFO - [2024-04-30 16:24:42,869] {dag.py:2280} INFO - Setting next_dagrun for datetime_dag to 2024-04-29 16:24:42.869724+00:00
[2024-04-30 16:24:42,880] {scheduler_job.py:190} INFO - Processing /opt/airflow/dags/date&time_dag.py took 0.086 seconds
[2024-04-30 16:25:13,584] {scheduler_job.py:182} INFO - Started process (PID=1112) to work on /opt/airflow/dags/date&time_dag.py
[2024-04-30 16:25:13,585] {scheduler_job.py:629} INFO - Processing file /opt/airflow/dags/date&time_dag.py for tasks to queue
[2024-04-30 16:25:13,586] {logging_mixin.py:104} INFO - [2024-04-30 16:25:13,586] {dagbag.py:451} INFO - Filling up the DagBag from /opt/airflow/dags/date&time_dag.py
[2024-04-30 16:25:13,619] {scheduler_job.py:639} INFO - DAG(s) dict_keys(['datetime_dag']) retrieved from /opt/airflow/dags/date&time_dag.py
[2024-04-30 16:25:13,640] {logging_mixin.py:104} INFO - [2024-04-30 16:25:13,640] {dag.py:1824} INFO - Sync 1 DAGs
[2024-04-30 16:25:13,655] {logging_mixin.py:104} INFO - [2024-04-30 16:25:13,655] {dag.py:2280} INFO - Setting next_dagrun for datetime_dag to 2024-04-29 16:25:13.655688+00:00
[2024-04-30 16:25:13,666] {scheduler_job.py:190} INFO - Processing /opt/airflow/dags/date&time_dag.py took 0.085 seconds
[2024-04-30 16:25:44,169] {scheduler_job.py:182} INFO - Started process (PID=1144) to work on /opt/airflow/dags/date&time_dag.py
[2024-04-30 16:25:44,170] {scheduler_job.py:629} INFO - Processing file /opt/airflow/dags/date&time_dag.py for tasks to queue
[2024-04-30 16:25:44,171] {logging_mixin.py:104} INFO - [2024-04-30 16:25:44,171] {dagbag.py:451} INFO - Filling up the DagBag from /opt/airflow/dags/date&time_dag.py
[2024-04-30 16:25:44,202] {scheduler_job.py:639} INFO - DAG(s) dict_keys(['datetime_dag']) retrieved from /opt/airflow/dags/date&time_dag.py
[2024-04-30 16:25:44,222] {logging_mixin.py:104} INFO - [2024-04-30 16:25:44,222] {dag.py:1824} INFO - Sync 1 DAGs
[2024-04-30 16:25:44,238] {logging_mixin.py:104} INFO - [2024-04-30 16:25:44,238] {dag.py:2280} INFO - Setting next_dagrun for datetime_dag to 2024-04-29 16:25:44.237955+00:00
[2024-04-30 16:25:44,249] {scheduler_job.py:190} INFO - Processing /opt/airflow/dags/date&time_dag.py took 0.084 seconds
[2024-04-30 16:26:14,610] {scheduler_job.py:182} INFO - Started process (PID=1176) to work on /opt/airflow/dags/date&time_dag.py
[2024-04-30 16:26:14,611] {scheduler_job.py:629} INFO - Processing file /opt/airflow/dags/date&time_dag.py for tasks to queue
[2024-04-30 16:26:14,612] {logging_mixin.py:104} INFO - [2024-04-30 16:26:14,612] {dagbag.py:451} INFO - Filling up the DagBag from /opt/airflow/dags/date&time_dag.py
[2024-04-30 16:26:14,640] {scheduler_job.py:639} INFO - DAG(s) dict_keys(['datetime_dag']) retrieved from /opt/airflow/dags/date&time_dag.py
[2024-04-30 16:26:14,663] {logging_mixin.py:104} INFO - [2024-04-30 16:26:14,663] {dag.py:1824} INFO - Sync 1 DAGs
[2024-04-30 16:26:14,680] {logging_mixin.py:104} INFO - [2024-04-30 16:26:14,680] {dag.py:2280} INFO - Setting next_dagrun for datetime_dag to 2024-04-29 16:26:14.680073+00:00
[2024-04-30 16:26:14,689] {scheduler_job.py:190} INFO - Processing /opt/airflow/dags/date&time_dag.py took 0.082 seconds
[2024-04-30 16:26:45,191] {scheduler_job.py:182} INFO - Started process (PID=1208) to work on /opt/airflow/dags/date&time_dag.py
[2024-04-30 16:26:45,194] {scheduler_job.py:629} INFO - Processing file /opt/airflow/dags/date&time_dag.py for tasks to queue
[2024-04-30 16:26:45,195] {logging_mixin.py:104} INFO - [2024-04-30 16:26:45,195] {dagbag.py:451} INFO - Filling up the DagBag from /opt/airflow/dags/date&time_dag.py
[2024-04-30 16:26:45,225] {scheduler_job.py:639} INFO - DAG(s) dict_keys(['datetime_dag']) retrieved from /opt/airflow/dags/date&time_dag.py
[2024-04-30 16:26:45,246] {logging_mixin.py:104} INFO - [2024-04-30 16:26:45,246] {dag.py:1824} INFO - Sync 1 DAGs
[2024-04-30 16:26:45,264] {logging_mixin.py:104} INFO - [2024-04-30 16:26:45,264] {dag.py:2280} INFO - Setting next_dagrun for datetime_dag to 2024-04-29 16:26:45.264121+00:00
[2024-04-30 16:26:45,273] {scheduler_job.py:190} INFO - Processing /opt/airflow/dags/date&time_dag.py took 0.085 seconds
[2024-04-30 16:27:15,620] {scheduler_job.py:182} INFO - Started process (PID=1240) to work on /opt/airflow/dags/date&time_dag.py
[2024-04-30 16:27:15,621] {scheduler_job.py:629} INFO - Processing file /opt/airflow/dags/date&time_dag.py for tasks to queue
[2024-04-30 16:27:15,622] {logging_mixin.py:104} INFO - [2024-04-30 16:27:15,622] {dagbag.py:451} INFO - Filling up the DagBag from /opt/airflow/dags/date&time_dag.py
[2024-04-30 16:27:15,649] {scheduler_job.py:639} INFO - DAG(s) dict_keys(['datetime_dag']) retrieved from /opt/airflow/dags/date&time_dag.py
[2024-04-30 16:27:15,670] {logging_mixin.py:104} INFO - [2024-04-30 16:27:15,670] {dag.py:1824} INFO - Sync 1 DAGs
[2024-04-30 16:27:15,684] {logging_mixin.py:104} INFO - [2024-04-30 16:27:15,683] {dag.py:2280} INFO - Setting next_dagrun for datetime_dag to 2024-04-29 16:27:15.683880+00:00
[2024-04-30 16:27:15,692] {scheduler_job.py:190} INFO - Processing /opt/airflow/dags/date&time_dag.py took 0.076 seconds
[2024-04-30 16:27:46,144] {scheduler_job.py:182} INFO - Started process (PID=1272) to work on /opt/airflow/dags/date&time_dag.py
[2024-04-30 16:27:46,145] {scheduler_job.py:629} INFO - Processing file /opt/airflow/dags/date&time_dag.py for tasks to queue
[2024-04-30 16:27:46,146] {logging_mixin.py:104} INFO - [2024-04-30 16:27:46,146] {dagbag.py:451} INFO - Filling up the DagBag from /opt/airflow/dags/date&time_dag.py
[2024-04-30 16:27:46,169] {scheduler_job.py:639} INFO - DAG(s) dict_keys(['datetime_dag']) retrieved from /opt/airflow/dags/date&time_dag.py
[2024-04-30 16:27:46,186] {logging_mixin.py:104} INFO - [2024-04-30 16:27:46,186] {dag.py:1824} INFO - Sync 1 DAGs
[2024-04-30 16:27:46,201] {logging_mixin.py:104} INFO - [2024-04-30 16:27:46,201] {dag.py:2280} INFO - Setting next_dagrun for datetime_dag to 2024-04-29 16:27:46.201017+00:00
[2024-04-30 16:27:46,211] {scheduler_job.py:190} INFO - Processing /opt/airflow/dags/date&time_dag.py took 0.071 seconds
[2024-04-30 16:28:16,712] {scheduler_job.py:182} INFO - Started process (PID=1304) to work on /opt/airflow/dags/date&time_dag.py
[2024-04-30 16:28:16,714] {scheduler_job.py:629} INFO - Processing file /opt/airflow/dags/date&time_dag.py for tasks to queue
[2024-04-30 16:28:16,714] {logging_mixin.py:104} INFO - [2024-04-30 16:28:16,714] {dagbag.py:451} INFO - Filling up the DagBag from /opt/airflow/dags/date&time_dag.py
[2024-04-30 16:28:16,744] {scheduler_job.py:639} INFO - DAG(s) dict_keys(['datetime_dag']) retrieved from /opt/airflow/dags/date&time_dag.py
[2024-04-30 16:28:16,765] {logging_mixin.py:104} INFO - [2024-04-30 16:28:16,765] {dag.py:1824} INFO - Sync 1 DAGs
[2024-04-30 16:28:16,780] {logging_mixin.py:104} INFO - [2024-04-30 16:28:16,780] {dag.py:2280} INFO - Setting next_dagrun for datetime_dag to 2024-04-29 16:28:16.780551+00:00
[2024-04-30 16:28:16,791] {scheduler_job.py:190} INFO - Processing /opt/airflow/dags/date&time_dag.py took 0.081 seconds
[2024-04-30 16:28:47,247] {scheduler_job.py:182} INFO - Started process (PID=1336) to work on /opt/airflow/dags/date&time_dag.py
[2024-04-30 16:28:47,249] {scheduler_job.py:629} INFO - Processing file /opt/airflow/dags/date&time_dag.py for tasks to queue
[2024-04-30 16:28:47,250] {logging_mixin.py:104} INFO - [2024-04-30 16:28:47,250] {dagbag.py:451} INFO - Filling up the DagBag from /opt/airflow/dags/date&time_dag.py
[2024-04-30 16:28:47,277] {scheduler_job.py:639} INFO - DAG(s) dict_keys(['datetime_dag']) retrieved from /opt/airflow/dags/date&time_dag.py
[2024-04-30 16:28:47,296] {logging_mixin.py:104} INFO - [2024-04-30 16:28:47,296] {dag.py:1824} INFO - Sync 1 DAGs
[2024-04-30 16:28:47,311] {logging_mixin.py:104} INFO - [2024-04-30 16:28:47,310] {dag.py:2280} INFO - Setting next_dagrun for datetime_dag to 2024-04-29 16:28:47.310878+00:00
[2024-04-30 16:28:47,322] {scheduler_job.py:190} INFO - Processing /opt/airflow/dags/date&time_dag.py took 0.078 seconds
[2024-04-30 16:29:17,806] {scheduler_job.py:182} INFO - Started process (PID=1368) to work on /opt/airflow/dags/date&time_dag.py
[2024-04-30 16:29:17,808] {scheduler_job.py:629} INFO - Processing file /opt/airflow/dags/date&time_dag.py for tasks to queue
[2024-04-30 16:29:17,809] {logging_mixin.py:104} INFO - [2024-04-30 16:29:17,809] {dagbag.py:451} INFO - Filling up the DagBag from /opt/airflow/dags/date&time_dag.py
[2024-04-30 16:29:17,846] {scheduler_job.py:639} INFO - DAG(s) dict_keys(['datetime_dag']) retrieved from /opt/airflow/dags/date&time_dag.py
[2024-04-30 16:29:17,871] {logging_mixin.py:104} INFO - [2024-04-30 16:29:17,871] {dag.py:1824} INFO - Sync 1 DAGs
[2024-04-30 16:29:17,891] {logging_mixin.py:104} INFO - [2024-04-30 16:29:17,891] {dag.py:2280} INFO - Setting next_dagrun for datetime_dag to 2024-04-29 16:29:17.890948+00:00
[2024-04-30 16:29:17,904] {scheduler_job.py:190} INFO - Processing /opt/airflow/dags/date&time_dag.py took 0.102 seconds
[2024-04-30 16:29:48,356] {scheduler_job.py:182} INFO - Started process (PID=1400) to work on /opt/airflow/dags/date&time_dag.py
[2024-04-30 16:29:48,357] {scheduler_job.py:629} INFO - Processing file /opt/airflow/dags/date&time_dag.py for tasks to queue
[2024-04-30 16:29:48,358] {logging_mixin.py:104} INFO - [2024-04-30 16:29:48,357] {dagbag.py:451} INFO - Filling up the DagBag from /opt/airflow/dags/date&time_dag.py
[2024-04-30 16:29:48,382] {scheduler_job.py:639} INFO - DAG(s) dict_keys(['datetime_dag']) retrieved from /opt/airflow/dags/date&time_dag.py
[2024-04-30 16:29:48,398] {logging_mixin.py:104} INFO - [2024-04-30 16:29:48,398] {dag.py:1824} INFO - Sync 1 DAGs
[2024-04-30 16:29:48,412] {logging_mixin.py:104} INFO - [2024-04-30 16:29:48,411] {dag.py:2280} INFO - Setting next_dagrun for datetime_dag to 2024-04-29 16:29:48.411867+00:00
[2024-04-30 16:29:48,420] {scheduler_job.py:190} INFO - Processing /opt/airflow/dags/date&time_dag.py took 0.068 seconds
[2024-04-30 16:30:18,926] {scheduler_job.py:182} INFO - Started process (PID=1432) to work on /opt/airflow/dags/date&time_dag.py
[2024-04-30 16:30:18,927] {scheduler_job.py:629} INFO - Processing file /opt/airflow/dags/date&time_dag.py for tasks to queue
[2024-04-30 16:30:18,928] {logging_mixin.py:104} INFO - [2024-04-30 16:30:18,928] {dagbag.py:451} INFO - Filling up the DagBag from /opt/airflow/dags/date&time_dag.py
[2024-04-30 16:30:18,958] {scheduler_job.py:639} INFO - DAG(s) dict_keys(['datetime_dag']) retrieved from /opt/airflow/dags/date&time_dag.py
[2024-04-30 16:30:18,979] {logging_mixin.py:104} INFO - [2024-04-30 16:30:18,979] {dag.py:1824} INFO - Sync 1 DAGs
[2024-04-30 16:30:18,994] {logging_mixin.py:104} INFO - [2024-04-30 16:30:18,994] {dag.py:2280} INFO - Setting next_dagrun for datetime_dag to 2024-04-29 16:30:18.993970+00:00
[2024-04-30 16:30:19,003] {scheduler_job.py:190} INFO - Processing /opt/airflow/dags/date&time_dag.py took 0.082 seconds
[2024-04-30 16:30:49,798] {scheduler_job.py:182} INFO - Started process (PID=1464) to work on /opt/airflow/dags/date&time_dag.py
[2024-04-30 16:30:49,800] {scheduler_job.py:629} INFO - Processing file /opt/airflow/dags/date&time_dag.py for tasks to queue
[2024-04-30 16:30:49,801] {logging_mixin.py:104} INFO - [2024-04-30 16:30:49,801] {dagbag.py:451} INFO - Filling up the DagBag from /opt/airflow/dags/date&time_dag.py
[2024-04-30 16:30:49,838] {scheduler_job.py:639} INFO - DAG(s) dict_keys(['datetime_dag']) retrieved from /opt/airflow/dags/date&time_dag.py
[2024-04-30 16:30:49,879] {logging_mixin.py:104} INFO - [2024-04-30 16:30:49,879] {dag.py:1824} INFO - Sync 1 DAGs
[2024-04-30 16:30:49,906] {logging_mixin.py:104} INFO - [2024-04-30 16:30:49,906] {dag.py:2280} INFO - Setting next_dagrun for datetime_dag to 2024-04-29 16:30:49.906437+00:00
[2024-04-30 16:30:49,920] {scheduler_job.py:190} INFO - Processing /opt/airflow/dags/date&time_dag.py took 0.125 seconds
[2024-04-30 16:31:20,471] {scheduler_job.py:182} INFO - Started process (PID=1496) to work on /opt/airflow/dags/date&time_dag.py
[2024-04-30 16:31:20,474] {scheduler_job.py:629} INFO - Processing file /opt/airflow/dags/date&time_dag.py for tasks to queue
[2024-04-30 16:31:20,476] {logging_mixin.py:104} INFO - [2024-04-30 16:31:20,476] {dagbag.py:451} INFO - Filling up the DagBag from /opt/airflow/dags/date&time_dag.py
[2024-04-30 16:31:20,526] {scheduler_job.py:639} INFO - DAG(s) dict_keys(['datetime_dag']) retrieved from /opt/airflow/dags/date&time_dag.py
[2024-04-30 16:31:20,567] {logging_mixin.py:104} INFO - [2024-04-30 16:31:20,567] {dag.py:1824} INFO - Sync 1 DAGs
[2024-04-30 16:31:20,600] {logging_mixin.py:104} INFO - [2024-04-30 16:31:20,600] {dag.py:2280} INFO - Setting next_dagrun for datetime_dag to 2024-04-29 16:31:20.599400+00:00
[2024-04-30 16:31:20,619] {scheduler_job.py:190} INFO - Processing /opt/airflow/dags/date&time_dag.py took 0.152 seconds
[2024-04-30 16:31:50,821] {scheduler_job.py:182} INFO - Started process (PID=1528) to work on /opt/airflow/dags/date&time_dag.py
[2024-04-30 16:31:50,824] {scheduler_job.py:629} INFO - Processing file /opt/airflow/dags/date&time_dag.py for tasks to queue
[2024-04-30 16:31:50,828] {logging_mixin.py:104} INFO - [2024-04-30 16:31:50,828] {dagbag.py:451} INFO - Filling up the DagBag from /opt/airflow/dags/date&time_dag.py
[2024-04-30 16:31:50,878] {scheduler_job.py:639} INFO - DAG(s) dict_keys(['datetime_dag']) retrieved from /opt/airflow/dags/date&time_dag.py
[2024-04-30 16:31:50,908] {logging_mixin.py:104} INFO - [2024-04-30 16:31:50,908] {dag.py:1824} INFO - Sync 1 DAGs
[2024-04-30 16:31:50,930] {logging_mixin.py:104} INFO - [2024-04-30 16:31:50,930] {dag.py:2280} INFO - Setting next_dagrun for datetime_dag to 2024-04-29 16:31:50.930053+00:00
[2024-04-30 16:31:50,940] {scheduler_job.py:190} INFO - Processing /opt/airflow/dags/date&time_dag.py took 0.124 seconds
[2024-04-30 16:32:21,793] {scheduler_job.py:182} INFO - Started process (PID=1560) to work on /opt/airflow/dags/date&time_dag.py
[2024-04-30 16:32:21,794] {scheduler_job.py:629} INFO - Processing file /opt/airflow/dags/date&time_dag.py for tasks to queue
[2024-04-30 16:32:21,795] {logging_mixin.py:104} INFO - [2024-04-30 16:32:21,795] {dagbag.py:451} INFO - Filling up the DagBag from /opt/airflow/dags/date&time_dag.py
[2024-04-30 16:32:21,823] {scheduler_job.py:639} INFO - DAG(s) dict_keys(['datetime_dag']) retrieved from /opt/airflow/dags/date&time_dag.py
[2024-04-30 16:32:21,843] {logging_mixin.py:104} INFO - [2024-04-30 16:32:21,843] {dag.py:1824} INFO - Sync 1 DAGs
[2024-04-30 16:32:21,858] {logging_mixin.py:104} INFO - [2024-04-30 16:32:21,858] {dag.py:2280} INFO - Setting next_dagrun for datetime_dag to 2024-04-29 16:32:21.858507+00:00
[2024-04-30 16:32:21,867] {scheduler_job.py:190} INFO - Processing /opt/airflow/dags/date&time_dag.py took 0.077 seconds
[2024-04-30 16:32:52,376] {scheduler_job.py:182} INFO - Started process (PID=1592) to work on /opt/airflow/dags/date&time_dag.py
[2024-04-30 16:32:52,377] {scheduler_job.py:629} INFO - Processing file /opt/airflow/dags/date&time_dag.py for tasks to queue
[2024-04-30 16:32:52,378] {logging_mixin.py:104} INFO - [2024-04-30 16:32:52,378] {dagbag.py:451} INFO - Filling up the DagBag from /opt/airflow/dags/date&time_dag.py
[2024-04-30 16:32:52,404] {scheduler_job.py:639} INFO - DAG(s) dict_keys(['datetime_dag']) retrieved from /opt/airflow/dags/date&time_dag.py
[2024-04-30 16:32:52,421] {logging_mixin.py:104} INFO - [2024-04-30 16:32:52,421] {dag.py:1824} INFO - Sync 1 DAGs
[2024-04-30 16:32:52,434] {logging_mixin.py:104} INFO - [2024-04-30 16:32:52,434] {dag.py:2280} INFO - Setting next_dagrun for datetime_dag to 2024-04-29 16:32:52.434479+00:00
[2024-04-30 16:32:52,448] {scheduler_job.py:190} INFO - Processing /opt/airflow/dags/date&time_dag.py took 0.075 seconds
[2024-04-30 16:33:22,943] {scheduler_job.py:182} INFO - Started process (PID=1624) to work on /opt/airflow/dags/date&time_dag.py
[2024-04-30 16:33:22,945] {scheduler_job.py:629} INFO - Processing file /opt/airflow/dags/date&time_dag.py for tasks to queue
[2024-04-30 16:33:22,946] {logging_mixin.py:104} INFO - [2024-04-30 16:33:22,946] {dagbag.py:451} INFO - Filling up the DagBag from /opt/airflow/dags/date&time_dag.py
[2024-04-30 16:33:22,985] {scheduler_job.py:639} INFO - DAG(s) dict_keys(['datetime_dag']) retrieved from /opt/airflow/dags/date&time_dag.py
[2024-04-30 16:33:23,006] {logging_mixin.py:104} INFO - [2024-04-30 16:33:23,006] {dag.py:1824} INFO - Sync 1 DAGs
[2024-04-30 16:33:23,021] {logging_mixin.py:104} INFO - [2024-04-30 16:33:23,021] {dag.py:2280} INFO - Setting next_dagrun for datetime_dag to 2024-04-29 16:33:23.021433+00:00
[2024-04-30 16:33:23,032] {scheduler_job.py:190} INFO - Processing /opt/airflow/dags/date&time_dag.py took 0.093 seconds
[2024-04-30 16:33:53,545] {scheduler_job.py:182} INFO - Started process (PID=1656) to work on /opt/airflow/dags/date&time_dag.py
[2024-04-30 16:33:53,546] {scheduler_job.py:629} INFO - Processing file /opt/airflow/dags/date&time_dag.py for tasks to queue
[2024-04-30 16:33:53,547] {logging_mixin.py:104} INFO - [2024-04-30 16:33:53,547] {dagbag.py:451} INFO - Filling up the DagBag from /opt/airflow/dags/date&time_dag.py
[2024-04-30 16:33:53,573] {scheduler_job.py:639} INFO - DAG(s) dict_keys(['datetime_dag']) retrieved from /opt/airflow/dags/date&time_dag.py
[2024-04-30 16:33:53,590] {logging_mixin.py:104} INFO - [2024-04-30 16:33:53,590] {dag.py:1824} INFO - Sync 1 DAGs
[2024-04-30 16:33:53,604] {logging_mixin.py:104} INFO - [2024-04-30 16:33:53,604] {dag.py:2280} INFO - Setting next_dagrun for datetime_dag to 2024-04-29 16:33:53.604640+00:00
[2024-04-30 16:33:53,614] {scheduler_job.py:190} INFO - Processing /opt/airflow/dags/date&time_dag.py took 0.072 seconds
[2024-04-30 16:34:24,132] {scheduler_job.py:182} INFO - Started process (PID=1688) to work on /opt/airflow/dags/date&time_dag.py
[2024-04-30 16:34:24,133] {scheduler_job.py:629} INFO - Processing file /opt/airflow/dags/date&time_dag.py for tasks to queue
[2024-04-30 16:34:24,134] {logging_mixin.py:104} INFO - [2024-04-30 16:34:24,134] {dagbag.py:451} INFO - Filling up the DagBag from /opt/airflow/dags/date&time_dag.py
[2024-04-30 16:34:24,159] {scheduler_job.py:639} INFO - DAG(s) dict_keys(['datetime_dag']) retrieved from /opt/airflow/dags/date&time_dag.py
[2024-04-30 16:34:24,178] {logging_mixin.py:104} INFO - [2024-04-30 16:34:24,178] {dag.py:1824} INFO - Sync 1 DAGs
[2024-04-30 16:34:24,193] {logging_mixin.py:104} INFO - [2024-04-30 16:34:24,193] {dag.py:2280} INFO - Setting next_dagrun for datetime_dag to 2024-04-29 16:34:24.193251+00:00
[2024-04-30 16:34:24,203] {scheduler_job.py:190} INFO - Processing /opt/airflow/dags/date&time_dag.py took 0.075 seconds
[2024-04-30 16:34:54,806] {scheduler_job.py:182} INFO - Started process (PID=1720) to work on /opt/airflow/dags/date&time_dag.py
[2024-04-30 16:34:54,807] {scheduler_job.py:629} INFO - Processing file /opt/airflow/dags/date&time_dag.py for tasks to queue
[2024-04-30 16:34:54,808] {logging_mixin.py:104} INFO - [2024-04-30 16:34:54,808] {dagbag.py:451} INFO - Filling up the DagBag from /opt/airflow/dags/date&time_dag.py
[2024-04-30 16:34:54,836] {scheduler_job.py:639} INFO - DAG(s) dict_keys(['datetime_dag']) retrieved from /opt/airflow/dags/date&time_dag.py
[2024-04-30 16:34:54,855] {logging_mixin.py:104} INFO - [2024-04-30 16:34:54,855] {dag.py:1824} INFO - Sync 1 DAGs
[2024-04-30 16:34:54,869] {logging_mixin.py:104} INFO - [2024-04-30 16:34:54,869] {dag.py:2280} INFO - Setting next_dagrun for datetime_dag to 2024-04-29 16:34:54.869474+00:00
[2024-04-30 16:34:54,877] {scheduler_job.py:190} INFO - Processing /opt/airflow/dags/date&time_dag.py took 0.075 seconds
[2024-04-30 16:35:25,389] {scheduler_job.py:182} INFO - Started process (PID=1752) to work on /opt/airflow/dags/date&time_dag.py
[2024-04-30 16:35:25,390] {scheduler_job.py:629} INFO - Processing file /opt/airflow/dags/date&time_dag.py for tasks to queue
[2024-04-30 16:35:25,391] {logging_mixin.py:104} INFO - [2024-04-30 16:35:25,391] {dagbag.py:451} INFO - Filling up the DagBag from /opt/airflow/dags/date&time_dag.py
[2024-04-30 16:35:25,417] {scheduler_job.py:639} INFO - DAG(s) dict_keys(['datetime_dag']) retrieved from /opt/airflow/dags/date&time_dag.py
[2024-04-30 16:35:25,436] {logging_mixin.py:104} INFO - [2024-04-30 16:35:25,436] {dag.py:1824} INFO - Sync 1 DAGs
[2024-04-30 16:35:25,451] {logging_mixin.py:104} INFO - [2024-04-30 16:35:25,451] {dag.py:2280} INFO - Setting next_dagrun for datetime_dag to 2024-04-29 16:35:25.451749+00:00
[2024-04-30 16:35:25,462] {scheduler_job.py:190} INFO - Processing /opt/airflow/dags/date&time_dag.py took 0.076 seconds
[2024-04-30 16:35:55,909] {scheduler_job.py:182} INFO - Started process (PID=1784) to work on /opt/airflow/dags/date&time_dag.py
[2024-04-30 16:35:55,910] {scheduler_job.py:629} INFO - Processing file /opt/airflow/dags/date&time_dag.py for tasks to queue
[2024-04-30 16:35:55,911] {logging_mixin.py:104} INFO - [2024-04-30 16:35:55,911] {dagbag.py:451} INFO - Filling up the DagBag from /opt/airflow/dags/date&time_dag.py
[2024-04-30 16:35:55,939] {scheduler_job.py:639} INFO - DAG(s) dict_keys(['datetime_dag']) retrieved from /opt/airflow/dags/date&time_dag.py
[2024-04-30 16:35:55,958] {logging_mixin.py:104} INFO - [2024-04-30 16:35:55,958] {dag.py:1824} INFO - Sync 1 DAGs
[2024-04-30 16:35:55,975] {logging_mixin.py:104} INFO - [2024-04-30 16:35:55,975] {dag.py:2280} INFO - Setting next_dagrun for datetime_dag to 2024-04-29 16:35:55.974984+00:00
[2024-04-30 16:35:55,985] {scheduler_job.py:190} INFO - Processing /opt/airflow/dags/date&time_dag.py took 0.080 seconds
[2024-04-30 16:36:26,492] {scheduler_job.py:182} INFO - Started process (PID=1816) to work on /opt/airflow/dags/date&time_dag.py
[2024-04-30 16:36:26,493] {scheduler_job.py:629} INFO - Processing file /opt/airflow/dags/date&time_dag.py for tasks to queue
[2024-04-30 16:36:26,494] {logging_mixin.py:104} INFO - [2024-04-30 16:36:26,494] {dagbag.py:451} INFO - Filling up the DagBag from /opt/airflow/dags/date&time_dag.py
[2024-04-30 16:36:26,521] {scheduler_job.py:639} INFO - DAG(s) dict_keys(['datetime_dag']) retrieved from /opt/airflow/dags/date&time_dag.py
[2024-04-30 16:36:26,542] {logging_mixin.py:104} INFO - [2024-04-30 16:36:26,542] {dag.py:1824} INFO - Sync 1 DAGs
[2024-04-30 16:36:26,557] {logging_mixin.py:104} INFO - [2024-04-30 16:36:26,557] {dag.py:2280} INFO - Setting next_dagrun for datetime_dag to 2024-04-29 16:36:26.557217+00:00
[2024-04-30 16:36:26,568] {scheduler_job.py:190} INFO - Processing /opt/airflow/dags/date&time_dag.py took 0.080 seconds
[2024-04-30 16:36:57,031] {scheduler_job.py:182} INFO - Started process (PID=1848) to work on /opt/airflow/dags/date&time_dag.py
[2024-04-30 16:36:57,033] {scheduler_job.py:629} INFO - Processing file /opt/airflow/dags/date&time_dag.py for tasks to queue
[2024-04-30 16:36:57,034] {logging_mixin.py:104} INFO - [2024-04-30 16:36:57,033] {dagbag.py:451} INFO - Filling up the DagBag from /opt/airflow/dags/date&time_dag.py
[2024-04-30 16:36:57,063] {scheduler_job.py:639} INFO - DAG(s) dict_keys(['datetime_dag']) retrieved from /opt/airflow/dags/date&time_dag.py
[2024-04-30 16:36:57,082] {logging_mixin.py:104} INFO - [2024-04-30 16:36:57,081] {dag.py:1824} INFO - Sync 1 DAGs
[2024-04-30 16:36:57,098] {logging_mixin.py:104} INFO - [2024-04-30 16:36:57,097] {dag.py:2280} INFO - Setting next_dagrun for datetime_dag to 2024-04-29 16:36:57.097837+00:00
[2024-04-30 16:36:57,107] {scheduler_job.py:190} INFO - Processing /opt/airflow/dags/date&time_dag.py took 0.080 seconds
[2024-04-30 16:37:27,619] {scheduler_job.py:182} INFO - Started process (PID=1880) to work on /opt/airflow/dags/date&time_dag.py
[2024-04-30 16:37:27,620] {scheduler_job.py:629} INFO - Processing file /opt/airflow/dags/date&time_dag.py for tasks to queue
[2024-04-30 16:37:27,621] {logging_mixin.py:104} INFO - [2024-04-30 16:37:27,621] {dagbag.py:451} INFO - Filling up the DagBag from /opt/airflow/dags/date&time_dag.py
[2024-04-30 16:37:27,646] {scheduler_job.py:639} INFO - DAG(s) dict_keys(['datetime_dag']) retrieved from /opt/airflow/dags/date&time_dag.py
[2024-04-30 16:37:27,666] {logging_mixin.py:104} INFO - [2024-04-30 16:37:27,666] {dag.py:1824} INFO - Sync 1 DAGs
[2024-04-30 16:37:27,681] {logging_mixin.py:104} INFO - [2024-04-30 16:37:27,681] {dag.py:2280} INFO - Setting next_dagrun for datetime_dag to 2024-04-29 16:37:27.681459+00:00
[2024-04-30 16:37:27,691] {scheduler_job.py:190} INFO - Processing /opt/airflow/dags/date&time_dag.py took 0.076 seconds
[2024-04-30 16:37:58,024] {scheduler_job.py:182} INFO - Started process (PID=1912) to work on /opt/airflow/dags/date&time_dag.py
[2024-04-30 16:37:58,025] {scheduler_job.py:629} INFO - Processing file /opt/airflow/dags/date&time_dag.py for tasks to queue
[2024-04-30 16:37:58,026] {logging_mixin.py:104} INFO - [2024-04-30 16:37:58,026] {dagbag.py:451} INFO - Filling up the DagBag from /opt/airflow/dags/date&time_dag.py
[2024-04-30 16:37:58,061] {scheduler_job.py:639} INFO - DAG(s) dict_keys(['datetime_dag']) retrieved from /opt/airflow/dags/date&time_dag.py
[2024-04-30 16:37:58,087] {logging_mixin.py:104} INFO - [2024-04-30 16:37:58,087] {dag.py:1824} INFO - Sync 1 DAGs
[2024-04-30 16:37:58,105] {logging_mixin.py:104} INFO - [2024-04-30 16:37:58,105] {dag.py:2280} INFO - Setting next_dagrun for datetime_dag to 2024-04-29 16:37:58.105403+00:00
[2024-04-30 16:37:58,116] {scheduler_job.py:190} INFO - Processing /opt/airflow/dags/date&time_dag.py took 0.095 seconds
[2024-04-30 16:38:28,568] {scheduler_job.py:182} INFO - Started process (PID=1944) to work on /opt/airflow/dags/date&time_dag.py
[2024-04-30 16:38:28,570] {scheduler_job.py:629} INFO - Processing file /opt/airflow/dags/date&time_dag.py for tasks to queue
[2024-04-30 16:38:28,570] {logging_mixin.py:104} INFO - [2024-04-30 16:38:28,570] {dagbag.py:451} INFO - Filling up the DagBag from /opt/airflow/dags/date&time_dag.py
[2024-04-30 16:38:28,599] {scheduler_job.py:639} INFO - DAG(s) dict_keys(['datetime_dag']) retrieved from /opt/airflow/dags/date&time_dag.py
[2024-04-30 16:38:28,622] {logging_mixin.py:104} INFO - [2024-04-30 16:38:28,621] {dag.py:1824} INFO - Sync 1 DAGs
[2024-04-30 16:38:28,639] {logging_mixin.py:104} INFO - [2024-04-30 16:38:28,639] {dag.py:2280} INFO - Setting next_dagrun for datetime_dag to 2024-04-29 16:38:28.639251+00:00
[2024-04-30 16:38:28,648] {scheduler_job.py:190} INFO - Processing /opt/airflow/dags/date&time_dag.py took 0.083 seconds
[2024-04-30 16:38:59,170] {scheduler_job.py:182} INFO - Started process (PID=1976) to work on /opt/airflow/dags/date&time_dag.py
[2024-04-30 16:38:59,171] {scheduler_job.py:629} INFO - Processing file /opt/airflow/dags/date&time_dag.py for tasks to queue
[2024-04-30 16:38:59,172] {logging_mixin.py:104} INFO - [2024-04-30 16:38:59,172] {dagbag.py:451} INFO - Filling up the DagBag from /opt/airflow/dags/date&time_dag.py
[2024-04-30 16:38:59,203] {scheduler_job.py:639} INFO - DAG(s) dict_keys(['datetime_dag']) retrieved from /opt/airflow/dags/date&time_dag.py
[2024-04-30 16:38:59,221] {logging_mixin.py:104} INFO - [2024-04-30 16:38:59,221] {dag.py:1824} INFO - Sync 1 DAGs
[2024-04-30 16:38:59,236] {logging_mixin.py:104} INFO - [2024-04-30 16:38:59,236] {dag.py:2280} INFO - Setting next_dagrun for datetime_dag to 2024-04-29 16:38:59.236287+00:00
[2024-04-30 16:38:59,246] {scheduler_job.py:190} INFO - Processing /opt/airflow/dags/date&time_dag.py took 0.082 seconds
[2024-04-30 16:39:29,658] {scheduler_job.py:182} INFO - Started process (PID=2008) to work on /opt/airflow/dags/date&time_dag.py
[2024-04-30 16:39:29,659] {scheduler_job.py:629} INFO - Processing file /opt/airflow/dags/date&time_dag.py for tasks to queue
[2024-04-30 16:39:29,660] {logging_mixin.py:104} INFO - [2024-04-30 16:39:29,660] {dagbag.py:451} INFO - Filling up the DagBag from /opt/airflow/dags/date&time_dag.py
[2024-04-30 16:39:29,689] {scheduler_job.py:639} INFO - DAG(s) dict_keys(['datetime_dag']) retrieved from /opt/airflow/dags/date&time_dag.py
[2024-04-30 16:39:29,707] {logging_mixin.py:104} INFO - [2024-04-30 16:39:29,707] {dag.py:1824} INFO - Sync 1 DAGs
[2024-04-30 16:39:29,722] {logging_mixin.py:104} INFO - [2024-04-30 16:39:29,722] {dag.py:2280} INFO - Setting next_dagrun for datetime_dag to 2024-04-29 16:39:29.722040+00:00
[2024-04-30 16:39:29,732] {scheduler_job.py:190} INFO - Processing /opt/airflow/dags/date&time_dag.py took 0.078 seconds
[2024-04-30 16:40:00,312] {scheduler_job.py:182} INFO - Started process (PID=2040) to work on /opt/airflow/dags/date&time_dag.py
[2024-04-30 16:40:00,313] {scheduler_job.py:629} INFO - Processing file /opt/airflow/dags/date&time_dag.py for tasks to queue
[2024-04-30 16:40:00,314] {logging_mixin.py:104} INFO - [2024-04-30 16:40:00,314] {dagbag.py:451} INFO - Filling up the DagBag from /opt/airflow/dags/date&time_dag.py
[2024-04-30 16:40:00,341] {scheduler_job.py:639} INFO - DAG(s) dict_keys(['datetime_dag']) retrieved from /opt/airflow/dags/date&time_dag.py
[2024-04-30 16:40:00,358] {logging_mixin.py:104} INFO - [2024-04-30 16:40:00,358] {dag.py:1824} INFO - Sync 1 DAGs
[2024-04-30 16:40:00,370] {logging_mixin.py:104} INFO - [2024-04-30 16:40:00,370] {dag.py:2280} INFO - Setting next_dagrun for datetime_dag to 2024-04-29 16:40:00.370770+00:00
[2024-04-30 16:40:00,380] {scheduler_job.py:190} INFO - Processing /opt/airflow/dags/date&time_dag.py took 0.072 seconds
[2024-04-30 16:40:30,677] {scheduler_job.py:182} INFO - Started process (PID=2072) to work on /opt/airflow/dags/date&time_dag.py
[2024-04-30 16:40:30,679] {scheduler_job.py:629} INFO - Processing file /opt/airflow/dags/date&time_dag.py for tasks to queue
[2024-04-30 16:40:30,680] {logging_mixin.py:104} INFO - [2024-04-30 16:40:30,680] {dagbag.py:451} INFO - Filling up the DagBag from /opt/airflow/dags/date&time_dag.py
[2024-04-30 16:40:30,708] {scheduler_job.py:639} INFO - DAG(s) dict_keys(['datetime_dag']) retrieved from /opt/airflow/dags/date&time_dag.py
[2024-04-30 16:40:30,728] {logging_mixin.py:104} INFO - [2024-04-30 16:40:30,728] {dag.py:1824} INFO - Sync 1 DAGs
[2024-04-30 16:40:30,743] {logging_mixin.py:104} INFO - [2024-04-30 16:40:30,742] {dag.py:2280} INFO - Setting next_dagrun for datetime_dag to 2024-04-29 16:40:30.742804+00:00
[2024-04-30 16:40:30,753] {scheduler_job.py:190} INFO - Processing /opt/airflow/dags/date&time_dag.py took 0.079 seconds
[2024-04-30 16:41:01,254] {scheduler_job.py:182} INFO - Started process (PID=2104) to work on /opt/airflow/dags/date&time_dag.py
[2024-04-30 16:41:01,256] {scheduler_job.py:629} INFO - Processing file /opt/airflow/dags/date&time_dag.py for tasks to queue
[2024-04-30 16:41:01,256] {logging_mixin.py:104} INFO - [2024-04-30 16:41:01,256] {dagbag.py:451} INFO - Filling up the DagBag from /opt/airflow/dags/date&time_dag.py
[2024-04-30 16:41:01,283] {scheduler_job.py:639} INFO - DAG(s) dict_keys(['datetime_dag']) retrieved from /opt/airflow/dags/date&time_dag.py
[2024-04-30 16:41:01,300] {logging_mixin.py:104} INFO - [2024-04-30 16:41:01,300] {dag.py:1824} INFO - Sync 1 DAGs
[2024-04-30 16:41:01,314] {logging_mixin.py:104} INFO - [2024-04-30 16:41:01,314] {dag.py:2280} INFO - Setting next_dagrun for datetime_dag to 2024-04-29 16:41:01.314693+00:00
[2024-04-30 16:41:01,324] {scheduler_job.py:190} INFO - Processing /opt/airflow/dags/date&time_dag.py took 0.073 seconds
[2024-04-30 16:41:31,908] {scheduler_job.py:182} INFO - Started process (PID=2136) to work on /opt/airflow/dags/date&time_dag.py
[2024-04-30 16:41:31,909] {scheduler_job.py:629} INFO - Processing file /opt/airflow/dags/date&time_dag.py for tasks to queue
[2024-04-30 16:41:31,910] {logging_mixin.py:104} INFO - [2024-04-30 16:41:31,910] {dagbag.py:451} INFO - Filling up the DagBag from /opt/airflow/dags/date&time_dag.py
[2024-04-30 16:41:31,938] {scheduler_job.py:639} INFO - DAG(s) dict_keys(['datetime_dag']) retrieved from /opt/airflow/dags/date&time_dag.py
[2024-04-30 16:41:31,957] {logging_mixin.py:104} INFO - [2024-04-30 16:41:31,957] {dag.py:1824} INFO - Sync 1 DAGs
[2024-04-30 16:41:31,971] {logging_mixin.py:104} INFO - [2024-04-30 16:41:31,971] {dag.py:2280} INFO - Setting next_dagrun for datetime_dag to 2024-04-29 16:41:31.971597+00:00
[2024-04-30 16:41:31,982] {scheduler_job.py:190} INFO - Processing /opt/airflow/dags/date&time_dag.py took 0.078 seconds
