[2024-04-30 16:09:42,180] {scheduler_job.py:182} INFO - Started process (PID=76) to work on /opt/airflow/dags/input_json.py
[2024-04-30 16:09:42,185] {scheduler_job.py:629} INFO - Processing file /opt/airflow/dags/input_json.py for tasks to queue
[2024-04-30 16:09:42,187] {logging_mixin.py:104} INFO - [2024-04-30 16:09:42,186] {dagbag.py:451} INFO - Filling up the DagBag from /opt/airflow/dags/input_json.py
[2024-04-30 16:09:42,266] {scheduler_job.py:639} INFO - DAG(s) dict_keys(['input_json']) retrieved from /opt/airflow/dags/input_json.py
[2024-04-30 16:09:42,317] {logging_mixin.py:104} INFO - [2024-04-30 16:09:42,316] {dag.py:1824} INFO - Sync 1 DAGs
[2024-04-30 16:09:42,382] {logging_mixin.py:104} INFO - [2024-04-30 16:09:42,381] {dag.py:2280} INFO - Setting next_dagrun for input_json to 2024-04-29 00:00:00+00:00
[2024-04-30 16:09:42,404] {scheduler_job.py:190} INFO - Processing /opt/airflow/dags/input_json.py took 0.231 seconds
[2024-04-30 16:10:13,703] {scheduler_job.py:182} INFO - Started process (PID=143) to work on /opt/airflow/dags/input_json.py
[2024-04-30 16:10:13,716] {scheduler_job.py:629} INFO - Processing file /opt/airflow/dags/input_json.py for tasks to queue
[2024-04-30 16:10:13,735] {logging_mixin.py:104} INFO - [2024-04-30 16:10:13,735] {dagbag.py:451} INFO - Filling up the DagBag from /opt/airflow/dags/input_json.py
[2024-04-30 16:10:13,952] {scheduler_job.py:639} INFO - DAG(s) dict_keys(['input_json']) retrieved from /opt/airflow/dags/input_json.py
[2024-04-30 16:10:14,036] {logging_mixin.py:104} INFO - [2024-04-30 16:10:14,036] {dag.py:1824} INFO - Sync 1 DAGs
[2024-04-30 16:10:14,148] {logging_mixin.py:104} INFO - [2024-04-30 16:10:14,148] {dag.py:2280} INFO - Setting next_dagrun for input_json to 2024-04-29 00:00:00+00:00
[2024-04-30 16:10:14,185] {scheduler_job.py:190} INFO - Processing /opt/airflow/dags/input_json.py took 0.501 seconds
[2024-04-30 16:10:45,467] {scheduler_job.py:182} INFO - Started process (PID=175) to work on /opt/airflow/dags/input_json.py
[2024-04-30 16:10:45,476] {scheduler_job.py:629} INFO - Processing file /opt/airflow/dags/input_json.py for tasks to queue
[2024-04-30 16:10:45,478] {logging_mixin.py:104} INFO - [2024-04-30 16:10:45,477] {dagbag.py:451} INFO - Filling up the DagBag from /opt/airflow/dags/input_json.py
[2024-04-30 16:10:45,566] {scheduler_job.py:639} INFO - DAG(s) dict_keys(['input_json']) retrieved from /opt/airflow/dags/input_json.py
[2024-04-30 16:10:45,624] {logging_mixin.py:104} INFO - [2024-04-30 16:10:45,623] {dag.py:1824} INFO - Sync 1 DAGs
[2024-04-30 16:10:45,700] {logging_mixin.py:104} INFO - [2024-04-30 16:10:45,700] {dag.py:2280} INFO - Setting next_dagrun for input_json to 2024-04-29 00:00:00+00:00
[2024-04-30 16:10:45,724] {scheduler_job.py:190} INFO - Processing /opt/airflow/dags/input_json.py took 0.268 seconds
[2024-04-30 16:11:28,309] {scheduler_job.py:182} INFO - Started process (PID=227) to work on /opt/airflow/dags/input_json.py
[2024-04-30 16:11:28,324] {scheduler_job.py:629} INFO - Processing file /opt/airflow/dags/input_json.py for tasks to queue
[2024-04-30 16:11:28,333] {logging_mixin.py:104} INFO - [2024-04-30 16:11:28,332] {dagbag.py:451} INFO - Filling up the DagBag from /opt/airflow/dags/input_json.py
[2024-04-30 16:11:28,800] {scheduler_job.py:639} INFO - DAG(s) dict_keys(['input_json']) retrieved from /opt/airflow/dags/input_json.py
[2024-04-30 16:11:28,983] {logging_mixin.py:104} INFO - [2024-04-30 16:11:28,983] {dag.py:1824} INFO - Sync 1 DAGs
[2024-04-30 16:11:29,140] {logging_mixin.py:104} INFO - [2024-04-30 16:11:29,140] {dag.py:2280} INFO - Setting next_dagrun for input_json to 2024-04-29 00:00:00+00:00
[2024-04-30 16:11:29,410] {scheduler_job.py:190} INFO - Processing /opt/airflow/dags/input_json.py took 1.108 seconds
[2024-04-30 16:11:59,642] {scheduler_job.py:182} INFO - Started process (PID=271) to work on /opt/airflow/dags/input_json.py
[2024-04-30 16:11:59,645] {scheduler_job.py:629} INFO - Processing file /opt/airflow/dags/input_json.py for tasks to queue
[2024-04-30 16:11:59,646] {logging_mixin.py:104} INFO - [2024-04-30 16:11:59,646] {dagbag.py:451} INFO - Filling up the DagBag from /opt/airflow/dags/input_json.py
[2024-04-30 16:11:59,695] {scheduler_job.py:639} INFO - DAG(s) dict_keys(['input_json']) retrieved from /opt/airflow/dags/input_json.py
[2024-04-30 16:11:59,738] {logging_mixin.py:104} INFO - [2024-04-30 16:11:59,738] {dag.py:1824} INFO - Sync 1 DAGs
[2024-04-30 16:11:59,819] {logging_mixin.py:104} INFO - [2024-04-30 16:11:59,819] {dag.py:2280} INFO - Setting next_dagrun for input_json to 2024-04-29 00:00:00+00:00
[2024-04-30 16:11:59,860] {scheduler_job.py:190} INFO - Processing /opt/airflow/dags/input_json.py took 0.221 seconds
[2024-04-30 16:12:30,458] {scheduler_job.py:182} INFO - Started process (PID=302) to work on /opt/airflow/dags/input_json.py
[2024-04-30 16:12:30,471] {scheduler_job.py:629} INFO - Processing file /opt/airflow/dags/input_json.py for tasks to queue
[2024-04-30 16:12:30,478] {logging_mixin.py:104} INFO - [2024-04-30 16:12:30,477] {dagbag.py:451} INFO - Filling up the DagBag from /opt/airflow/dags/input_json.py
[2024-04-30 16:12:30,804] {scheduler_job.py:639} INFO - DAG(s) dict_keys(['input_json']) retrieved from /opt/airflow/dags/input_json.py
[2024-04-30 16:12:30,912] {logging_mixin.py:104} INFO - [2024-04-30 16:12:30,911] {dag.py:1824} INFO - Sync 1 DAGs
[2024-04-30 16:12:31,011] {logging_mixin.py:104} INFO - [2024-04-30 16:12:31,011] {dag.py:2280} INFO - Setting next_dagrun for input_json to 2024-04-29 00:00:00+00:00
[2024-04-30 16:12:31,043] {scheduler_job.py:190} INFO - Processing /opt/airflow/dags/input_json.py took 0.593 seconds
[2024-04-30 16:13:01,728] {scheduler_job.py:182} INFO - Started process (PID=334) to work on /opt/airflow/dags/input_json.py
[2024-04-30 16:13:01,730] {scheduler_job.py:629} INFO - Processing file /opt/airflow/dags/input_json.py for tasks to queue
[2024-04-30 16:13:01,731] {logging_mixin.py:104} INFO - [2024-04-30 16:13:01,731] {dagbag.py:451} INFO - Filling up the DagBag from /opt/airflow/dags/input_json.py
[2024-04-30 16:13:01,784] {scheduler_job.py:639} INFO - DAG(s) dict_keys(['input_json']) retrieved from /opt/airflow/dags/input_json.py
[2024-04-30 16:13:01,836] {logging_mixin.py:104} INFO - [2024-04-30 16:13:01,835] {dag.py:1824} INFO - Sync 1 DAGs
[2024-04-30 16:13:01,984] {logging_mixin.py:104} INFO - [2024-04-30 16:13:01,983] {dag.py:2280} INFO - Setting next_dagrun for input_json to 2024-04-29 00:00:00+00:00
[2024-04-30 16:13:02,020] {scheduler_job.py:190} INFO - Processing /opt/airflow/dags/input_json.py took 0.298 seconds
[2024-04-30 16:13:32,152] {scheduler_job.py:182} INFO - Started process (PID=366) to work on /opt/airflow/dags/input_json.py
[2024-04-30 16:13:32,154] {scheduler_job.py:629} INFO - Processing file /opt/airflow/dags/input_json.py for tasks to queue
[2024-04-30 16:13:32,156] {logging_mixin.py:104} INFO - [2024-04-30 16:13:32,156] {dagbag.py:451} INFO - Filling up the DagBag from /opt/airflow/dags/input_json.py
[2024-04-30 16:13:32,207] {scheduler_job.py:639} INFO - DAG(s) dict_keys(['input_json']) retrieved from /opt/airflow/dags/input_json.py
[2024-04-30 16:13:32,233] {logging_mixin.py:104} INFO - [2024-04-30 16:13:32,233] {dag.py:1824} INFO - Sync 1 DAGs
[2024-04-30 16:13:32,260] {logging_mixin.py:104} INFO - [2024-04-30 16:13:32,259] {dag.py:2280} INFO - Setting next_dagrun for input_json to 2024-04-29 00:00:00+00:00
[2024-04-30 16:13:32,274] {scheduler_job.py:190} INFO - Processing /opt/airflow/dags/input_json.py took 0.126 seconds
[2024-04-30 16:14:03,059] {scheduler_job.py:182} INFO - Started process (PID=414) to work on /opt/airflow/dags/input_json.py
[2024-04-30 16:14:03,061] {scheduler_job.py:629} INFO - Processing file /opt/airflow/dags/input_json.py for tasks to queue
[2024-04-30 16:14:03,065] {logging_mixin.py:104} INFO - [2024-04-30 16:14:03,065] {dagbag.py:451} INFO - Filling up the DagBag from /opt/airflow/dags/input_json.py
[2024-04-30 16:14:03,122] {scheduler_job.py:639} INFO - DAG(s) dict_keys(['input_json']) retrieved from /opt/airflow/dags/input_json.py
[2024-04-30 16:14:03,154] {logging_mixin.py:104} INFO - [2024-04-30 16:14:03,154] {dag.py:1824} INFO - Sync 1 DAGs
[2024-04-30 16:14:03,198] {logging_mixin.py:104} INFO - [2024-04-30 16:14:03,198] {dag.py:2280} INFO - Setting next_dagrun for input_json to 2024-04-29 00:00:00+00:00
[2024-04-30 16:14:03,211] {scheduler_job.py:190} INFO - Processing /opt/airflow/dags/input_json.py took 0.158 seconds
[2024-04-30 16:14:34,113] {scheduler_job.py:182} INFO - Started process (PID=446) to work on /opt/airflow/dags/input_json.py
[2024-04-30 16:14:34,115] {scheduler_job.py:629} INFO - Processing file /opt/airflow/dags/input_json.py for tasks to queue
[2024-04-30 16:14:34,116] {logging_mixin.py:104} INFO - [2024-04-30 16:14:34,116] {dagbag.py:451} INFO - Filling up the DagBag from /opt/airflow/dags/input_json.py
[2024-04-30 16:14:34,150] {scheduler_job.py:639} INFO - DAG(s) dict_keys(['input_json']) retrieved from /opt/airflow/dags/input_json.py
[2024-04-30 16:14:34,172] {logging_mixin.py:104} INFO - [2024-04-30 16:14:34,172] {dag.py:1824} INFO - Sync 1 DAGs
[2024-04-30 16:14:34,196] {logging_mixin.py:104} INFO - [2024-04-30 16:14:34,196] {dag.py:2280} INFO - Setting next_dagrun for input_json to 2024-04-29 00:00:00+00:00
[2024-04-30 16:14:34,207] {scheduler_job.py:190} INFO - Processing /opt/airflow/dags/input_json.py took 0.097 seconds
[2024-04-30 16:15:04,440] {scheduler_job.py:182} INFO - Started process (PID=478) to work on /opt/airflow/dags/input_json.py
[2024-04-30 16:15:04,442] {scheduler_job.py:629} INFO - Processing file /opt/airflow/dags/input_json.py for tasks to queue
[2024-04-30 16:15:04,444] {logging_mixin.py:104} INFO - [2024-04-30 16:15:04,443] {dagbag.py:451} INFO - Filling up the DagBag from /opt/airflow/dags/input_json.py
[2024-04-30 16:15:04,482] {scheduler_job.py:639} INFO - DAG(s) dict_keys(['input_json']) retrieved from /opt/airflow/dags/input_json.py
[2024-04-30 16:15:04,511] {logging_mixin.py:104} INFO - [2024-04-30 16:15:04,511] {dag.py:1824} INFO - Sync 1 DAGs
[2024-04-30 16:15:04,537] {logging_mixin.py:104} INFO - [2024-04-30 16:15:04,537] {dag.py:2280} INFO - Setting next_dagrun for input_json to 2024-04-29 00:00:00+00:00
[2024-04-30 16:15:04,552] {scheduler_job.py:190} INFO - Processing /opt/airflow/dags/input_json.py took 0.115 seconds
[2024-04-30 16:15:34,725] {scheduler_job.py:182} INFO - Started process (PID=510) to work on /opt/airflow/dags/input_json.py
[2024-04-30 16:15:34,728] {scheduler_job.py:629} INFO - Processing file /opt/airflow/dags/input_json.py for tasks to queue
[2024-04-30 16:15:34,730] {logging_mixin.py:104} INFO - [2024-04-30 16:15:34,730] {dagbag.py:451} INFO - Filling up the DagBag from /opt/airflow/dags/input_json.py
[2024-04-30 16:15:34,785] {scheduler_job.py:639} INFO - DAG(s) dict_keys(['input_json']) retrieved from /opt/airflow/dags/input_json.py
[2024-04-30 16:15:34,812] {logging_mixin.py:104} INFO - [2024-04-30 16:15:34,812] {dag.py:1824} INFO - Sync 1 DAGs
[2024-04-30 16:15:34,835] {logging_mixin.py:104} INFO - [2024-04-30 16:15:34,835] {dag.py:2280} INFO - Setting next_dagrun for input_json to 2024-04-29 00:00:00+00:00
[2024-04-30 16:15:34,844] {scheduler_job.py:190} INFO - Processing /opt/airflow/dags/input_json.py took 0.130 seconds
[2024-04-30 16:16:05,400] {scheduler_job.py:182} INFO - Started process (PID=540) to work on /opt/airflow/dags/input_json.py
[2024-04-30 16:16:05,402] {scheduler_job.py:629} INFO - Processing file /opt/airflow/dags/input_json.py for tasks to queue
[2024-04-30 16:16:05,403] {logging_mixin.py:104} INFO - [2024-04-30 16:16:05,403] {dagbag.py:451} INFO - Filling up the DagBag from /opt/airflow/dags/input_json.py
[2024-04-30 16:16:05,444] {scheduler_job.py:639} INFO - DAG(s) dict_keys(['input_json']) retrieved from /opt/airflow/dags/input_json.py
[2024-04-30 16:16:05,471] {logging_mixin.py:104} INFO - [2024-04-30 16:16:05,471] {dag.py:1824} INFO - Sync 1 DAGs
[2024-04-30 16:16:05,499] {logging_mixin.py:104} INFO - [2024-04-30 16:16:05,499] {dag.py:2280} INFO - Setting next_dagrun for input_json to 2024-04-29 00:00:00+00:00
[2024-04-30 16:16:05,518] {scheduler_job.py:190} INFO - Processing /opt/airflow/dags/input_json.py took 0.122 seconds
[2024-04-30 16:16:35,746] {scheduler_job.py:182} INFO - Started process (PID=572) to work on /opt/airflow/dags/input_json.py
[2024-04-30 16:16:35,748] {scheduler_job.py:629} INFO - Processing file /opt/airflow/dags/input_json.py for tasks to queue
[2024-04-30 16:16:35,749] {logging_mixin.py:104} INFO - [2024-04-30 16:16:35,749] {dagbag.py:451} INFO - Filling up the DagBag from /opt/airflow/dags/input_json.py
[2024-04-30 16:16:35,780] {scheduler_job.py:639} INFO - DAG(s) dict_keys(['input_json']) retrieved from /opt/airflow/dags/input_json.py
[2024-04-30 16:16:35,813] {logging_mixin.py:104} INFO - [2024-04-30 16:16:35,813] {dag.py:1824} INFO - Sync 1 DAGs
[2024-04-30 16:16:35,875] {logging_mixin.py:104} INFO - [2024-04-30 16:16:35,875] {dag.py:2280} INFO - Setting next_dagrun for input_json to 2024-04-29 00:00:00+00:00
[2024-04-30 16:16:35,890] {scheduler_job.py:190} INFO - Processing /opt/airflow/dags/input_json.py took 0.147 seconds
[2024-04-30 16:17:06,607] {scheduler_job.py:182} INFO - Started process (PID=604) to work on /opt/airflow/dags/input_json.py
[2024-04-30 16:17:06,608] {scheduler_job.py:629} INFO - Processing file /opt/airflow/dags/input_json.py for tasks to queue
[2024-04-30 16:17:06,609] {logging_mixin.py:104} INFO - [2024-04-30 16:17:06,609] {dagbag.py:451} INFO - Filling up the DagBag from /opt/airflow/dags/input_json.py
[2024-04-30 16:17:06,636] {scheduler_job.py:639} INFO - DAG(s) dict_keys(['input_json']) retrieved from /opt/airflow/dags/input_json.py
[2024-04-30 16:17:06,653] {logging_mixin.py:104} INFO - [2024-04-30 16:17:06,653] {dag.py:1824} INFO - Sync 1 DAGs
[2024-04-30 16:17:06,674] {logging_mixin.py:104} INFO - [2024-04-30 16:17:06,674] {dag.py:2280} INFO - Setting next_dagrun for input_json to 2024-04-29 00:00:00+00:00
[2024-04-30 16:17:06,684] {scheduler_job.py:190} INFO - Processing /opt/airflow/dags/input_json.py took 0.080 seconds
[2024-04-30 16:17:37,527] {scheduler_job.py:182} INFO - Started process (PID=636) to work on /opt/airflow/dags/input_json.py
[2024-04-30 16:17:37,530] {scheduler_job.py:629} INFO - Processing file /opt/airflow/dags/input_json.py for tasks to queue
[2024-04-30 16:17:37,531] {logging_mixin.py:104} INFO - [2024-04-30 16:17:37,531] {dagbag.py:451} INFO - Filling up the DagBag from /opt/airflow/dags/input_json.py
[2024-04-30 16:17:37,569] {scheduler_job.py:639} INFO - DAG(s) dict_keys(['input_json']) retrieved from /opt/airflow/dags/input_json.py
[2024-04-30 16:17:37,610] {logging_mixin.py:104} INFO - [2024-04-30 16:17:37,609] {dag.py:1824} INFO - Sync 1 DAGs
[2024-04-30 16:17:37,657] {logging_mixin.py:104} INFO - [2024-04-30 16:17:37,657] {dag.py:2280} INFO - Setting next_dagrun for input_json to 2024-04-29 00:00:00+00:00
[2024-04-30 16:17:37,670] {scheduler_job.py:190} INFO - Processing /opt/airflow/dags/input_json.py took 0.147 seconds
[2024-04-30 16:18:08,286] {scheduler_job.py:182} INFO - Started process (PID=668) to work on /opt/airflow/dags/input_json.py
[2024-04-30 16:18:08,288] {scheduler_job.py:629} INFO - Processing file /opt/airflow/dags/input_json.py for tasks to queue
[2024-04-30 16:18:08,288] {logging_mixin.py:104} INFO - [2024-04-30 16:18:08,288] {dagbag.py:451} INFO - Filling up the DagBag from /opt/airflow/dags/input_json.py
[2024-04-30 16:18:08,318] {scheduler_job.py:639} INFO - DAG(s) dict_keys(['input_json']) retrieved from /opt/airflow/dags/input_json.py
[2024-04-30 16:18:08,346] {logging_mixin.py:104} INFO - [2024-04-30 16:18:08,346] {dag.py:1824} INFO - Sync 1 DAGs
[2024-04-30 16:18:08,375] {logging_mixin.py:104} INFO - [2024-04-30 16:18:08,375] {dag.py:2280} INFO - Setting next_dagrun for input_json to 2024-04-29 00:00:00+00:00
[2024-04-30 16:18:08,386] {scheduler_job.py:190} INFO - Processing /opt/airflow/dags/input_json.py took 0.102 seconds
[2024-04-30 16:18:38,674] {scheduler_job.py:182} INFO - Started process (PID=700) to work on /opt/airflow/dags/input_json.py
[2024-04-30 16:18:38,675] {scheduler_job.py:629} INFO - Processing file /opt/airflow/dags/input_json.py for tasks to queue
[2024-04-30 16:18:38,677] {logging_mixin.py:104} INFO - [2024-04-30 16:18:38,676] {dagbag.py:451} INFO - Filling up the DagBag from /opt/airflow/dags/input_json.py
[2024-04-30 16:18:38,719] {scheduler_job.py:639} INFO - DAG(s) dict_keys(['input_json']) retrieved from /opt/airflow/dags/input_json.py
[2024-04-30 16:18:38,755] {logging_mixin.py:104} INFO - [2024-04-30 16:18:38,755] {dag.py:1824} INFO - Sync 1 DAGs
[2024-04-30 16:18:38,800] {logging_mixin.py:104} INFO - [2024-04-30 16:18:38,800] {dag.py:2280} INFO - Setting next_dagrun for input_json to 2024-04-29 00:00:00+00:00
[2024-04-30 16:18:38,810] {scheduler_job.py:190} INFO - Processing /opt/airflow/dags/input_json.py took 0.141 seconds
[2024-04-30 16:19:09,171] {scheduler_job.py:182} INFO - Started process (PID=732) to work on /opt/airflow/dags/input_json.py
[2024-04-30 16:19:09,172] {scheduler_job.py:629} INFO - Processing file /opt/airflow/dags/input_json.py for tasks to queue
[2024-04-30 16:19:09,173] {logging_mixin.py:104} INFO - [2024-04-30 16:19:09,173] {dagbag.py:451} INFO - Filling up the DagBag from /opt/airflow/dags/input_json.py
[2024-04-30 16:19:09,204] {scheduler_job.py:639} INFO - DAG(s) dict_keys(['input_json']) retrieved from /opt/airflow/dags/input_json.py
[2024-04-30 16:19:09,228] {logging_mixin.py:104} INFO - [2024-04-30 16:19:09,228] {dag.py:1824} INFO - Sync 1 DAGs
[2024-04-30 16:19:09,251] {logging_mixin.py:104} INFO - [2024-04-30 16:19:09,250] {dag.py:2280} INFO - Setting next_dagrun for input_json to 2024-04-29 00:00:00+00:00
[2024-04-30 16:19:09,260] {scheduler_job.py:190} INFO - Processing /opt/airflow/dags/input_json.py took 0.094 seconds
[2024-04-30 16:19:39,613] {scheduler_job.py:182} INFO - Started process (PID=764) to work on /opt/airflow/dags/input_json.py
[2024-04-30 16:19:39,614] {scheduler_job.py:629} INFO - Processing file /opt/airflow/dags/input_json.py for tasks to queue
[2024-04-30 16:19:39,615] {logging_mixin.py:104} INFO - [2024-04-30 16:19:39,614] {dagbag.py:451} INFO - Filling up the DagBag from /opt/airflow/dags/input_json.py
[2024-04-30 16:19:39,645] {scheduler_job.py:639} INFO - DAG(s) dict_keys(['input_json']) retrieved from /opt/airflow/dags/input_json.py
[2024-04-30 16:19:39,664] {logging_mixin.py:104} INFO - [2024-04-30 16:19:39,664] {dag.py:1824} INFO - Sync 1 DAGs
[2024-04-30 16:19:39,688] {logging_mixin.py:104} INFO - [2024-04-30 16:19:39,688] {dag.py:2280} INFO - Setting next_dagrun for input_json to 2024-04-29 00:00:00+00:00
[2024-04-30 16:19:39,697] {scheduler_job.py:190} INFO - Processing /opt/airflow/dags/input_json.py took 0.088 seconds
[2024-04-30 16:20:10,011] {scheduler_job.py:182} INFO - Started process (PID=796) to work on /opt/airflow/dags/input_json.py
[2024-04-30 16:20:10,013] {scheduler_job.py:629} INFO - Processing file /opt/airflow/dags/input_json.py for tasks to queue
[2024-04-30 16:20:10,014] {logging_mixin.py:104} INFO - [2024-04-30 16:20:10,014] {dagbag.py:451} INFO - Filling up the DagBag from /opt/airflow/dags/input_json.py
[2024-04-30 16:20:10,044] {scheduler_job.py:639} INFO - DAG(s) dict_keys(['input_json']) retrieved from /opt/airflow/dags/input_json.py
[2024-04-30 16:20:10,063] {logging_mixin.py:104} INFO - [2024-04-30 16:20:10,063] {dag.py:1824} INFO - Sync 1 DAGs
[2024-04-30 16:20:10,085] {logging_mixin.py:104} INFO - [2024-04-30 16:20:10,085] {dag.py:2280} INFO - Setting next_dagrun for input_json to 2024-04-29 00:00:00+00:00
[2024-04-30 16:20:10,095] {scheduler_job.py:190} INFO - Processing /opt/airflow/dags/input_json.py took 0.087 seconds
[2024-04-30 16:20:40,508] {scheduler_job.py:182} INFO - Started process (PID=828) to work on /opt/airflow/dags/input_json.py
[2024-04-30 16:20:40,509] {scheduler_job.py:629} INFO - Processing file /opt/airflow/dags/input_json.py for tasks to queue
[2024-04-30 16:20:40,511] {logging_mixin.py:104} INFO - [2024-04-30 16:20:40,510] {dagbag.py:451} INFO - Filling up the DagBag from /opt/airflow/dags/input_json.py
[2024-04-30 16:20:40,542] {scheduler_job.py:639} INFO - DAG(s) dict_keys(['input_json']) retrieved from /opt/airflow/dags/input_json.py
[2024-04-30 16:20:40,560] {logging_mixin.py:104} INFO - [2024-04-30 16:20:40,560] {dag.py:1824} INFO - Sync 1 DAGs
[2024-04-30 16:20:40,582] {logging_mixin.py:104} INFO - [2024-04-30 16:20:40,582] {dag.py:2280} INFO - Setting next_dagrun for input_json to 2024-04-29 00:00:00+00:00
[2024-04-30 16:20:40,592] {scheduler_job.py:190} INFO - Processing /opt/airflow/dags/input_json.py took 0.087 seconds
[2024-04-30 16:21:11,015] {scheduler_job.py:182} INFO - Started process (PID=860) to work on /opt/airflow/dags/input_json.py
[2024-04-30 16:21:11,016] {scheduler_job.py:629} INFO - Processing file /opt/airflow/dags/input_json.py for tasks to queue
[2024-04-30 16:21:11,017] {logging_mixin.py:104} INFO - [2024-04-30 16:21:11,016] {dagbag.py:451} INFO - Filling up the DagBag from /opt/airflow/dags/input_json.py
[2024-04-30 16:21:11,045] {scheduler_job.py:639} INFO - DAG(s) dict_keys(['input_json']) retrieved from /opt/airflow/dags/input_json.py
[2024-04-30 16:21:11,067] {logging_mixin.py:104} INFO - [2024-04-30 16:21:11,066] {dag.py:1824} INFO - Sync 1 DAGs
[2024-04-30 16:21:11,090] {logging_mixin.py:104} INFO - [2024-04-30 16:21:11,090] {dag.py:2280} INFO - Setting next_dagrun for input_json to 2024-04-29 00:00:00+00:00
[2024-04-30 16:21:11,101] {scheduler_job.py:190} INFO - Processing /opt/airflow/dags/input_json.py took 0.090 seconds
[2024-04-30 16:21:41,597] {scheduler_job.py:182} INFO - Started process (PID=892) to work on /opt/airflow/dags/input_json.py
[2024-04-30 16:21:41,599] {scheduler_job.py:629} INFO - Processing file /opt/airflow/dags/input_json.py for tasks to queue
[2024-04-30 16:21:41,600] {logging_mixin.py:104} INFO - [2024-04-30 16:21:41,599] {dagbag.py:451} INFO - Filling up the DagBag from /opt/airflow/dags/input_json.py
[2024-04-30 16:21:41,630] {scheduler_job.py:639} INFO - DAG(s) dict_keys(['input_json']) retrieved from /opt/airflow/dags/input_json.py
[2024-04-30 16:21:41,650] {logging_mixin.py:104} INFO - [2024-04-30 16:21:41,650] {dag.py:1824} INFO - Sync 1 DAGs
[2024-04-30 16:21:41,672] {logging_mixin.py:104} INFO - [2024-04-30 16:21:41,672] {dag.py:2280} INFO - Setting next_dagrun for input_json to 2024-04-29 00:00:00+00:00
[2024-04-30 16:21:41,682] {scheduler_job.py:190} INFO - Processing /opt/airflow/dags/input_json.py took 0.089 seconds
[2024-04-30 16:22:12,163] {scheduler_job.py:182} INFO - Started process (PID=924) to work on /opt/airflow/dags/input_json.py
[2024-04-30 16:22:12,164] {scheduler_job.py:629} INFO - Processing file /opt/airflow/dags/input_json.py for tasks to queue
[2024-04-30 16:22:12,166] {logging_mixin.py:104} INFO - [2024-04-30 16:22:12,165] {dagbag.py:451} INFO - Filling up the DagBag from /opt/airflow/dags/input_json.py
[2024-04-30 16:22:12,193] {scheduler_job.py:639} INFO - DAG(s) dict_keys(['input_json']) retrieved from /opt/airflow/dags/input_json.py
[2024-04-30 16:22:12,212] {logging_mixin.py:104} INFO - [2024-04-30 16:22:12,211] {dag.py:1824} INFO - Sync 1 DAGs
[2024-04-30 16:22:12,232] {logging_mixin.py:104} INFO - [2024-04-30 16:22:12,232] {dag.py:2280} INFO - Setting next_dagrun for input_json to 2024-04-29 00:00:00+00:00
[2024-04-30 16:22:12,241] {scheduler_job.py:190} INFO - Processing /opt/airflow/dags/input_json.py took 0.081 seconds
[2024-04-30 16:22:42,829] {scheduler_job.py:182} INFO - Started process (PID=956) to work on /opt/airflow/dags/input_json.py
[2024-04-30 16:22:42,830] {scheduler_job.py:629} INFO - Processing file /opt/airflow/dags/input_json.py for tasks to queue
[2024-04-30 16:22:42,831] {logging_mixin.py:104} INFO - [2024-04-30 16:22:42,831] {dagbag.py:451} INFO - Filling up the DagBag from /opt/airflow/dags/input_json.py
[2024-04-30 16:22:42,864] {scheduler_job.py:639} INFO - DAG(s) dict_keys(['input_json']) retrieved from /opt/airflow/dags/input_json.py
[2024-04-30 16:22:42,891] {logging_mixin.py:104} INFO - [2024-04-30 16:22:42,890] {dag.py:1824} INFO - Sync 1 DAGs
[2024-04-30 16:22:42,917] {logging_mixin.py:104} INFO - [2024-04-30 16:22:42,917] {dag.py:2280} INFO - Setting next_dagrun for input_json to 2024-04-29 00:00:00+00:00
[2024-04-30 16:22:42,927] {scheduler_job.py:190} INFO - Processing /opt/airflow/dags/input_json.py took 0.102 seconds
[2024-04-30 16:23:13,390] {scheduler_job.py:182} INFO - Started process (PID=988) to work on /opt/airflow/dags/input_json.py
[2024-04-30 16:23:13,391] {scheduler_job.py:629} INFO - Processing file /opt/airflow/dags/input_json.py for tasks to queue
[2024-04-30 16:23:13,392] {logging_mixin.py:104} INFO - [2024-04-30 16:23:13,392] {dagbag.py:451} INFO - Filling up the DagBag from /opt/airflow/dags/input_json.py
[2024-04-30 16:23:13,425] {scheduler_job.py:639} INFO - DAG(s) dict_keys(['input_json']) retrieved from /opt/airflow/dags/input_json.py
[2024-04-30 16:23:13,449] {logging_mixin.py:104} INFO - [2024-04-30 16:23:13,449] {dag.py:1824} INFO - Sync 1 DAGs
[2024-04-30 16:23:13,473] {logging_mixin.py:104} INFO - [2024-04-30 16:23:13,473] {dag.py:2280} INFO - Setting next_dagrun for input_json to 2024-04-29 00:00:00+00:00
[2024-04-30 16:23:13,488] {scheduler_job.py:190} INFO - Processing /opt/airflow/dags/input_json.py took 0.101 seconds
[2024-04-30 16:23:43,874] {scheduler_job.py:182} INFO - Started process (PID=1020) to work on /opt/airflow/dags/input_json.py
[2024-04-30 16:23:43,876] {scheduler_job.py:629} INFO - Processing file /opt/airflow/dags/input_json.py for tasks to queue
[2024-04-30 16:23:43,877] {logging_mixin.py:104} INFO - [2024-04-30 16:23:43,877] {dagbag.py:451} INFO - Filling up the DagBag from /opt/airflow/dags/input_json.py
[2024-04-30 16:23:43,911] {scheduler_job.py:639} INFO - DAG(s) dict_keys(['input_json']) retrieved from /opt/airflow/dags/input_json.py
[2024-04-30 16:23:43,930] {logging_mixin.py:104} INFO - [2024-04-30 16:23:43,930] {dag.py:1824} INFO - Sync 1 DAGs
[2024-04-30 16:23:43,958] {logging_mixin.py:104} INFO - [2024-04-30 16:23:43,958] {dag.py:2280} INFO - Setting next_dagrun for input_json to 2024-04-29 00:00:00+00:00
[2024-04-30 16:23:43,967] {scheduler_job.py:190} INFO - Processing /opt/airflow/dags/input_json.py took 0.100 seconds
[2024-04-30 16:24:14,527] {scheduler_job.py:182} INFO - Started process (PID=1052) to work on /opt/airflow/dags/input_json.py
[2024-04-30 16:24:14,529] {scheduler_job.py:629} INFO - Processing file /opt/airflow/dags/input_json.py for tasks to queue
[2024-04-30 16:24:14,530] {logging_mixin.py:104} INFO - [2024-04-30 16:24:14,530] {dagbag.py:451} INFO - Filling up the DagBag from /opt/airflow/dags/input_json.py
[2024-04-30 16:24:14,560] {scheduler_job.py:639} INFO - DAG(s) dict_keys(['input_json']) retrieved from /opt/airflow/dags/input_json.py
[2024-04-30 16:24:14,577] {logging_mixin.py:104} INFO - [2024-04-30 16:24:14,577] {dag.py:1824} INFO - Sync 1 DAGs
[2024-04-30 16:24:14,601] {logging_mixin.py:104} INFO - [2024-04-30 16:24:14,601] {dag.py:2280} INFO - Setting next_dagrun for input_json to 2024-04-29 00:00:00+00:00
[2024-04-30 16:24:14,613] {scheduler_job.py:190} INFO - Processing /opt/airflow/dags/input_json.py took 0.088 seconds
[2024-04-30 16:24:45,011] {scheduler_job.py:182} INFO - Started process (PID=1084) to work on /opt/airflow/dags/input_json.py
[2024-04-30 16:24:45,013] {scheduler_job.py:629} INFO - Processing file /opt/airflow/dags/input_json.py for tasks to queue
[2024-04-30 16:24:45,014] {logging_mixin.py:104} INFO - [2024-04-30 16:24:45,013] {dagbag.py:451} INFO - Filling up the DagBag from /opt/airflow/dags/input_json.py
[2024-04-30 16:24:45,044] {scheduler_job.py:639} INFO - DAG(s) dict_keys(['input_json']) retrieved from /opt/airflow/dags/input_json.py
[2024-04-30 16:24:45,067] {logging_mixin.py:104} INFO - [2024-04-30 16:24:45,067] {dag.py:1824} INFO - Sync 1 DAGs
[2024-04-30 16:24:45,091] {logging_mixin.py:104} INFO - [2024-04-30 16:24:45,091] {dag.py:2280} INFO - Setting next_dagrun for input_json to 2024-04-29 00:00:00+00:00
[2024-04-30 16:24:45,101] {scheduler_job.py:190} INFO - Processing /opt/airflow/dags/input_json.py took 0.093 seconds
[2024-04-30 16:25:15,795] {scheduler_job.py:182} INFO - Started process (PID=1116) to work on /opt/airflow/dags/input_json.py
[2024-04-30 16:25:15,797] {scheduler_job.py:629} INFO - Processing file /opt/airflow/dags/input_json.py for tasks to queue
[2024-04-30 16:25:15,797] {logging_mixin.py:104} INFO - [2024-04-30 16:25:15,797] {dagbag.py:451} INFO - Filling up the DagBag from /opt/airflow/dags/input_json.py
[2024-04-30 16:25:15,829] {scheduler_job.py:639} INFO - DAG(s) dict_keys(['input_json']) retrieved from /opt/airflow/dags/input_json.py
[2024-04-30 16:25:15,847] {logging_mixin.py:104} INFO - [2024-04-30 16:25:15,847] {dag.py:1824} INFO - Sync 1 DAGs
[2024-04-30 16:25:15,869] {logging_mixin.py:104} INFO - [2024-04-30 16:25:15,869] {dag.py:2280} INFO - Setting next_dagrun for input_json to 2024-04-29 00:00:00+00:00
[2024-04-30 16:25:15,884] {scheduler_job.py:190} INFO - Processing /opt/airflow/dags/input_json.py took 0.091 seconds
[2024-04-30 16:25:46,382] {scheduler_job.py:182} INFO - Started process (PID=1148) to work on /opt/airflow/dags/input_json.py
[2024-04-30 16:25:46,384] {scheduler_job.py:629} INFO - Processing file /opt/airflow/dags/input_json.py for tasks to queue
[2024-04-30 16:25:46,384] {logging_mixin.py:104} INFO - [2024-04-30 16:25:46,384] {dagbag.py:451} INFO - Filling up the DagBag from /opt/airflow/dags/input_json.py
[2024-04-30 16:25:46,413] {scheduler_job.py:639} INFO - DAG(s) dict_keys(['input_json']) retrieved from /opt/airflow/dags/input_json.py
[2024-04-30 16:25:46,432] {logging_mixin.py:104} INFO - [2024-04-30 16:25:46,432] {dag.py:1824} INFO - Sync 1 DAGs
[2024-04-30 16:25:46,453] {logging_mixin.py:104} INFO - [2024-04-30 16:25:46,452] {dag.py:2280} INFO - Setting next_dagrun for input_json to 2024-04-29 00:00:00+00:00
[2024-04-30 16:25:46,462] {scheduler_job.py:190} INFO - Processing /opt/airflow/dags/input_json.py took 0.083 seconds
[2024-04-30 16:26:16,795] {scheduler_job.py:182} INFO - Started process (PID=1180) to work on /opt/airflow/dags/input_json.py
[2024-04-30 16:26:16,798] {scheduler_job.py:629} INFO - Processing file /opt/airflow/dags/input_json.py for tasks to queue
[2024-04-30 16:26:16,799] {logging_mixin.py:104} INFO - [2024-04-30 16:26:16,799] {dagbag.py:451} INFO - Filling up the DagBag from /opt/airflow/dags/input_json.py
[2024-04-30 16:26:16,827] {scheduler_job.py:639} INFO - DAG(s) dict_keys(['input_json']) retrieved from /opt/airflow/dags/input_json.py
[2024-04-30 16:26:16,846] {logging_mixin.py:104} INFO - [2024-04-30 16:26:16,846] {dag.py:1824} INFO - Sync 1 DAGs
[2024-04-30 16:26:16,867] {logging_mixin.py:104} INFO - [2024-04-30 16:26:16,867] {dag.py:2280} INFO - Setting next_dagrun for input_json to 2024-04-29 00:00:00+00:00
[2024-04-30 16:26:16,881] {scheduler_job.py:190} INFO - Processing /opt/airflow/dags/input_json.py took 0.089 seconds
[2024-04-30 16:26:47,389] {scheduler_job.py:182} INFO - Started process (PID=1212) to work on /opt/airflow/dags/input_json.py
[2024-04-30 16:26:47,392] {scheduler_job.py:629} INFO - Processing file /opt/airflow/dags/input_json.py for tasks to queue
[2024-04-30 16:26:47,393] {logging_mixin.py:104} INFO - [2024-04-30 16:26:47,393] {dagbag.py:451} INFO - Filling up the DagBag from /opt/airflow/dags/input_json.py
[2024-04-30 16:26:47,427] {scheduler_job.py:639} INFO - DAG(s) dict_keys(['input_json']) retrieved from /opt/airflow/dags/input_json.py
[2024-04-30 16:26:47,454] {logging_mixin.py:104} INFO - [2024-04-30 16:26:47,454] {dag.py:1824} INFO - Sync 1 DAGs
[2024-04-30 16:26:47,481] {logging_mixin.py:104} INFO - [2024-04-30 16:26:47,480] {dag.py:2280} INFO - Setting next_dagrun for input_json to 2024-04-29 00:00:00+00:00
[2024-04-30 16:26:47,492] {scheduler_job.py:190} INFO - Processing /opt/airflow/dags/input_json.py took 0.106 seconds
[2024-04-30 16:27:17,832] {scheduler_job.py:182} INFO - Started process (PID=1244) to work on /opt/airflow/dags/input_json.py
[2024-04-30 16:27:17,833] {scheduler_job.py:629} INFO - Processing file /opt/airflow/dags/input_json.py for tasks to queue
[2024-04-30 16:27:17,834] {logging_mixin.py:104} INFO - [2024-04-30 16:27:17,834] {dagbag.py:451} INFO - Filling up the DagBag from /opt/airflow/dags/input_json.py
[2024-04-30 16:27:17,867] {scheduler_job.py:639} INFO - DAG(s) dict_keys(['input_json']) retrieved from /opt/airflow/dags/input_json.py
[2024-04-30 16:27:17,887] {logging_mixin.py:104} INFO - [2024-04-30 16:27:17,887] {dag.py:1824} INFO - Sync 1 DAGs
[2024-04-30 16:27:17,911] {logging_mixin.py:104} INFO - [2024-04-30 16:27:17,911] {dag.py:2280} INFO - Setting next_dagrun for input_json to 2024-04-29 00:00:00+00:00
[2024-04-30 16:27:17,919] {scheduler_job.py:190} INFO - Processing /opt/airflow/dags/input_json.py took 0.092 seconds
[2024-04-30 16:27:48,318] {scheduler_job.py:182} INFO - Started process (PID=1276) to work on /opt/airflow/dags/input_json.py
[2024-04-30 16:27:48,319] {scheduler_job.py:629} INFO - Processing file /opt/airflow/dags/input_json.py for tasks to queue
[2024-04-30 16:27:48,320] {logging_mixin.py:104} INFO - [2024-04-30 16:27:48,319] {dagbag.py:451} INFO - Filling up the DagBag from /opt/airflow/dags/input_json.py
[2024-04-30 16:27:48,342] {scheduler_job.py:639} INFO - DAG(s) dict_keys(['input_json']) retrieved from /opt/airflow/dags/input_json.py
[2024-04-30 16:27:48,359] {logging_mixin.py:104} INFO - [2024-04-30 16:27:48,359] {dag.py:1824} INFO - Sync 1 DAGs
[2024-04-30 16:27:48,379] {logging_mixin.py:104} INFO - [2024-04-30 16:27:48,379] {dag.py:2280} INFO - Setting next_dagrun for input_json to 2024-04-29 00:00:00+00:00
[2024-04-30 16:27:48,389] {scheduler_job.py:190} INFO - Processing /opt/airflow/dags/input_json.py took 0.074 seconds
[2024-04-30 16:28:18,941] {scheduler_job.py:182} INFO - Started process (PID=1308) to work on /opt/airflow/dags/input_json.py
[2024-04-30 16:28:18,942] {scheduler_job.py:629} INFO - Processing file /opt/airflow/dags/input_json.py for tasks to queue
[2024-04-30 16:28:18,943] {logging_mixin.py:104} INFO - [2024-04-30 16:28:18,943] {dagbag.py:451} INFO - Filling up the DagBag from /opt/airflow/dags/input_json.py
[2024-04-30 16:28:18,973] {scheduler_job.py:639} INFO - DAG(s) dict_keys(['input_json']) retrieved from /opt/airflow/dags/input_json.py
[2024-04-30 16:28:18,995] {logging_mixin.py:104} INFO - [2024-04-30 16:28:18,995] {dag.py:1824} INFO - Sync 1 DAGs
[2024-04-30 16:28:19,018] {logging_mixin.py:104} INFO - [2024-04-30 16:28:19,018] {dag.py:2280} INFO - Setting next_dagrun for input_json to 2024-04-29 00:00:00+00:00
[2024-04-30 16:28:19,028] {scheduler_job.py:190} INFO - Processing /opt/airflow/dags/input_json.py took 0.090 seconds
[2024-04-30 16:28:49,455] {scheduler_job.py:182} INFO - Started process (PID=1340) to work on /opt/airflow/dags/input_json.py
[2024-04-30 16:28:49,456] {scheduler_job.py:629} INFO - Processing file /opt/airflow/dags/input_json.py for tasks to queue
[2024-04-30 16:28:49,457] {logging_mixin.py:104} INFO - [2024-04-30 16:28:49,457] {dagbag.py:451} INFO - Filling up the DagBag from /opt/airflow/dags/input_json.py
[2024-04-30 16:28:49,484] {scheduler_job.py:639} INFO - DAG(s) dict_keys(['input_json']) retrieved from /opt/airflow/dags/input_json.py
[2024-04-30 16:28:49,502] {logging_mixin.py:104} INFO - [2024-04-30 16:28:49,502] {dag.py:1824} INFO - Sync 1 DAGs
[2024-04-30 16:28:49,523] {logging_mixin.py:104} INFO - [2024-04-30 16:28:49,523] {dag.py:2280} INFO - Setting next_dagrun for input_json to 2024-04-29 00:00:00+00:00
[2024-04-30 16:28:49,531] {scheduler_job.py:190} INFO - Processing /opt/airflow/dags/input_json.py took 0.081 seconds
[2024-04-30 16:29:20,028] {scheduler_job.py:182} INFO - Started process (PID=1372) to work on /opt/airflow/dags/input_json.py
[2024-04-30 16:29:20,029] {scheduler_job.py:629} INFO - Processing file /opt/airflow/dags/input_json.py for tasks to queue
[2024-04-30 16:29:20,030] {logging_mixin.py:104} INFO - [2024-04-30 16:29:20,030] {dagbag.py:451} INFO - Filling up the DagBag from /opt/airflow/dags/input_json.py
[2024-04-30 16:29:20,056] {scheduler_job.py:639} INFO - DAG(s) dict_keys(['input_json']) retrieved from /opt/airflow/dags/input_json.py
[2024-04-30 16:29:20,074] {logging_mixin.py:104} INFO - [2024-04-30 16:29:20,074] {dag.py:1824} INFO - Sync 1 DAGs
[2024-04-30 16:29:20,096] {logging_mixin.py:104} INFO - [2024-04-30 16:29:20,095] {dag.py:2280} INFO - Setting next_dagrun for input_json to 2024-04-29 00:00:00+00:00
[2024-04-30 16:29:20,105] {scheduler_job.py:190} INFO - Processing /opt/airflow/dags/input_json.py took 0.080 seconds
[2024-04-30 16:29:50,536] {scheduler_job.py:182} INFO - Started process (PID=1404) to work on /opt/airflow/dags/input_json.py
[2024-04-30 16:29:50,537] {scheduler_job.py:629} INFO - Processing file /opt/airflow/dags/input_json.py for tasks to queue
[2024-04-30 16:29:50,538] {logging_mixin.py:104} INFO - [2024-04-30 16:29:50,538] {dagbag.py:451} INFO - Filling up the DagBag from /opt/airflow/dags/input_json.py
[2024-04-30 16:29:50,564] {scheduler_job.py:639} INFO - DAG(s) dict_keys(['input_json']) retrieved from /opt/airflow/dags/input_json.py
[2024-04-30 16:29:50,582] {logging_mixin.py:104} INFO - [2024-04-30 16:29:50,582] {dag.py:1824} INFO - Sync 1 DAGs
[2024-04-30 16:29:50,609] {logging_mixin.py:104} INFO - [2024-04-30 16:29:50,609] {dag.py:2280} INFO - Setting next_dagrun for input_json to 2024-04-29 00:00:00+00:00
[2024-04-30 16:29:50,627] {scheduler_job.py:190} INFO - Processing /opt/airflow/dags/input_json.py took 0.094 seconds
[2024-04-30 16:30:21,136] {scheduler_job.py:182} INFO - Started process (PID=1436) to work on /opt/airflow/dags/input_json.py
[2024-04-30 16:30:21,137] {scheduler_job.py:629} INFO - Processing file /opt/airflow/dags/input_json.py for tasks to queue
[2024-04-30 16:30:21,137] {logging_mixin.py:104} INFO - [2024-04-30 16:30:21,137] {dagbag.py:451} INFO - Filling up the DagBag from /opt/airflow/dags/input_json.py
[2024-04-30 16:30:21,167] {scheduler_job.py:639} INFO - DAG(s) dict_keys(['input_json']) retrieved from /opt/airflow/dags/input_json.py
[2024-04-30 16:30:21,188] {logging_mixin.py:104} INFO - [2024-04-30 16:30:21,187] {dag.py:1824} INFO - Sync 1 DAGs
[2024-04-30 16:30:21,209] {logging_mixin.py:104} INFO - [2024-04-30 16:30:21,209] {dag.py:2280} INFO - Setting next_dagrun for input_json to 2024-04-29 00:00:00+00:00
[2024-04-30 16:30:21,218] {scheduler_job.py:190} INFO - Processing /opt/airflow/dags/input_json.py took 0.086 seconds
[2024-04-30 16:30:52,080] {scheduler_job.py:182} INFO - Started process (PID=1468) to work on /opt/airflow/dags/input_json.py
[2024-04-30 16:30:52,082] {scheduler_job.py:629} INFO - Processing file /opt/airflow/dags/input_json.py for tasks to queue
[2024-04-30 16:30:52,083] {logging_mixin.py:104} INFO - [2024-04-30 16:30:52,083] {dagbag.py:451} INFO - Filling up the DagBag from /opt/airflow/dags/input_json.py
[2024-04-30 16:30:52,121] {scheduler_job.py:639} INFO - DAG(s) dict_keys(['input_json']) retrieved from /opt/airflow/dags/input_json.py
[2024-04-30 16:30:52,150] {logging_mixin.py:104} INFO - [2024-04-30 16:30:52,150] {dag.py:1824} INFO - Sync 1 DAGs
[2024-04-30 16:30:52,183] {logging_mixin.py:104} INFO - [2024-04-30 16:30:52,183] {dag.py:2280} INFO - Setting next_dagrun for input_json to 2024-04-29 00:00:00+00:00
[2024-04-30 16:30:52,196] {scheduler_job.py:190} INFO - Processing /opt/airflow/dags/input_json.py took 0.120 seconds
[2024-04-30 16:31:22,781] {scheduler_job.py:182} INFO - Started process (PID=1500) to work on /opt/airflow/dags/input_json.py
[2024-04-30 16:31:22,782] {scheduler_job.py:629} INFO - Processing file /opt/airflow/dags/input_json.py for tasks to queue
[2024-04-30 16:31:22,783] {logging_mixin.py:104} INFO - [2024-04-30 16:31:22,783] {dagbag.py:451} INFO - Filling up the DagBag from /opt/airflow/dags/input_json.py
[2024-04-30 16:31:22,825] {scheduler_job.py:639} INFO - DAG(s) dict_keys(['input_json']) retrieved from /opt/airflow/dags/input_json.py
[2024-04-30 16:31:22,855] {logging_mixin.py:104} INFO - [2024-04-30 16:31:22,855] {dag.py:1824} INFO - Sync 1 DAGs
[2024-04-30 16:31:22,891] {logging_mixin.py:104} INFO - [2024-04-30 16:31:22,891] {dag.py:2280} INFO - Setting next_dagrun for input_json to 2024-04-29 00:00:00+00:00
[2024-04-30 16:31:22,904] {scheduler_job.py:190} INFO - Processing /opt/airflow/dags/input_json.py took 0.129 seconds
[2024-04-30 16:31:53,126] {scheduler_job.py:182} INFO - Started process (PID=1532) to work on /opt/airflow/dags/input_json.py
[2024-04-30 16:31:53,130] {scheduler_job.py:629} INFO - Processing file /opt/airflow/dags/input_json.py for tasks to queue
[2024-04-30 16:31:53,132] {logging_mixin.py:104} INFO - [2024-04-30 16:31:53,131] {dagbag.py:451} INFO - Filling up the DagBag from /opt/airflow/dags/input_json.py
[2024-04-30 16:31:53,189] {scheduler_job.py:639} INFO - DAG(s) dict_keys(['input_json']) retrieved from /opt/airflow/dags/input_json.py
[2024-04-30 16:31:53,219] {logging_mixin.py:104} INFO - [2024-04-30 16:31:53,219] {dag.py:1824} INFO - Sync 1 DAGs
[2024-04-30 16:31:53,259] {logging_mixin.py:104} INFO - [2024-04-30 16:31:53,259] {dag.py:2280} INFO - Setting next_dagrun for input_json to 2024-04-29 00:00:00+00:00
[2024-04-30 16:31:53,269] {scheduler_job.py:190} INFO - Processing /opt/airflow/dags/input_json.py took 0.148 seconds
[2024-04-30 16:32:24,007] {scheduler_job.py:182} INFO - Started process (PID=1564) to work on /opt/airflow/dags/input_json.py
[2024-04-30 16:32:24,009] {scheduler_job.py:629} INFO - Processing file /opt/airflow/dags/input_json.py for tasks to queue
[2024-04-30 16:32:24,010] {logging_mixin.py:104} INFO - [2024-04-30 16:32:24,010] {dagbag.py:451} INFO - Filling up the DagBag from /opt/airflow/dags/input_json.py
[2024-04-30 16:32:24,044] {scheduler_job.py:639} INFO - DAG(s) dict_keys(['input_json']) retrieved from /opt/airflow/dags/input_json.py
[2024-04-30 16:32:24,065] {logging_mixin.py:104} INFO - [2024-04-30 16:32:24,065] {dag.py:1824} INFO - Sync 1 DAGs
[2024-04-30 16:32:24,088] {logging_mixin.py:104} INFO - [2024-04-30 16:32:24,088] {dag.py:2280} INFO - Setting next_dagrun for input_json to 2024-04-29 00:00:00+00:00
[2024-04-30 16:32:24,099] {scheduler_job.py:190} INFO - Processing /opt/airflow/dags/input_json.py took 0.097 seconds
[2024-04-30 16:32:54,553] {scheduler_job.py:182} INFO - Started process (PID=1596) to work on /opt/airflow/dags/input_json.py
[2024-04-30 16:32:54,554] {scheduler_job.py:629} INFO - Processing file /opt/airflow/dags/input_json.py for tasks to queue
[2024-04-30 16:32:54,555] {logging_mixin.py:104} INFO - [2024-04-30 16:32:54,555] {dagbag.py:451} INFO - Filling up the DagBag from /opt/airflow/dags/input_json.py
[2024-04-30 16:32:54,585] {scheduler_job.py:639} INFO - DAG(s) dict_keys(['input_json']) retrieved from /opt/airflow/dags/input_json.py
[2024-04-30 16:32:54,606] {logging_mixin.py:104} INFO - [2024-04-30 16:32:54,606] {dag.py:1824} INFO - Sync 1 DAGs
[2024-04-30 16:32:54,629] {logging_mixin.py:104} INFO - [2024-04-30 16:32:54,629] {dag.py:2280} INFO - Setting next_dagrun for input_json to 2024-04-29 00:00:00+00:00
[2024-04-30 16:32:54,640] {scheduler_job.py:190} INFO - Processing /opt/airflow/dags/input_json.py took 0.089 seconds
[2024-04-30 16:33:25,140] {scheduler_job.py:182} INFO - Started process (PID=1628) to work on /opt/airflow/dags/input_json.py
[2024-04-30 16:33:25,141] {scheduler_job.py:629} INFO - Processing file /opt/airflow/dags/input_json.py for tasks to queue
[2024-04-30 16:33:25,142] {logging_mixin.py:104} INFO - [2024-04-30 16:33:25,142] {dagbag.py:451} INFO - Filling up the DagBag from /opt/airflow/dags/input_json.py
[2024-04-30 16:33:25,168] {scheduler_job.py:639} INFO - DAG(s) dict_keys(['input_json']) retrieved from /opt/airflow/dags/input_json.py
[2024-04-30 16:33:25,186] {logging_mixin.py:104} INFO - [2024-04-30 16:33:25,186] {dag.py:1824} INFO - Sync 1 DAGs
[2024-04-30 16:33:25,206] {logging_mixin.py:104} INFO - [2024-04-30 16:33:25,206] {dag.py:2280} INFO - Setting next_dagrun for input_json to 2024-04-29 00:00:00+00:00
[2024-04-30 16:33:25,216] {scheduler_job.py:190} INFO - Processing /opt/airflow/dags/input_json.py took 0.080 seconds
[2024-04-30 16:33:55,745] {scheduler_job.py:182} INFO - Started process (PID=1660) to work on /opt/airflow/dags/input_json.py
[2024-04-30 16:33:55,746] {scheduler_job.py:629} INFO - Processing file /opt/airflow/dags/input_json.py for tasks to queue
[2024-04-30 16:33:55,746] {logging_mixin.py:104} INFO - [2024-04-30 16:33:55,746] {dagbag.py:451} INFO - Filling up the DagBag from /opt/airflow/dags/input_json.py
[2024-04-30 16:33:55,774] {scheduler_job.py:639} INFO - DAG(s) dict_keys(['input_json']) retrieved from /opt/airflow/dags/input_json.py
[2024-04-30 16:33:55,795] {logging_mixin.py:104} INFO - [2024-04-30 16:33:55,795] {dag.py:1824} INFO - Sync 1 DAGs
[2024-04-30 16:33:55,822] {logging_mixin.py:104} INFO - [2024-04-30 16:33:55,822] {dag.py:2280} INFO - Setting next_dagrun for input_json to 2024-04-29 00:00:00+00:00
[2024-04-30 16:33:55,832] {scheduler_job.py:190} INFO - Processing /opt/airflow/dags/input_json.py took 0.091 seconds
[2024-04-30 16:34:26,321] {scheduler_job.py:182} INFO - Started process (PID=1692) to work on /opt/airflow/dags/input_json.py
[2024-04-30 16:34:26,323] {scheduler_job.py:629} INFO - Processing file /opt/airflow/dags/input_json.py for tasks to queue
[2024-04-30 16:34:26,324] {logging_mixin.py:104} INFO - [2024-04-30 16:34:26,324] {dagbag.py:451} INFO - Filling up the DagBag from /opt/airflow/dags/input_json.py
[2024-04-30 16:34:26,348] {scheduler_job.py:639} INFO - DAG(s) dict_keys(['input_json']) retrieved from /opt/airflow/dags/input_json.py
[2024-04-30 16:34:26,365] {logging_mixin.py:104} INFO - [2024-04-30 16:34:26,365] {dag.py:1824} INFO - Sync 1 DAGs
[2024-04-30 16:34:26,386] {logging_mixin.py:104} INFO - [2024-04-30 16:34:26,386] {dag.py:2280} INFO - Setting next_dagrun for input_json to 2024-04-29 00:00:00+00:00
[2024-04-30 16:34:26,397] {scheduler_job.py:190} INFO - Processing /opt/airflow/dags/input_json.py took 0.078 seconds
[2024-04-30 16:34:57,001] {scheduler_job.py:182} INFO - Started process (PID=1724) to work on /opt/airflow/dags/input_json.py
[2024-04-30 16:34:57,002] {scheduler_job.py:629} INFO - Processing file /opt/airflow/dags/input_json.py for tasks to queue
[2024-04-30 16:34:57,003] {logging_mixin.py:104} INFO - [2024-04-30 16:34:57,003] {dagbag.py:451} INFO - Filling up the DagBag from /opt/airflow/dags/input_json.py
[2024-04-30 16:34:57,030] {scheduler_job.py:639} INFO - DAG(s) dict_keys(['input_json']) retrieved from /opt/airflow/dags/input_json.py
[2024-04-30 16:34:57,049] {logging_mixin.py:104} INFO - [2024-04-30 16:34:57,049] {dag.py:1824} INFO - Sync 1 DAGs
[2024-04-30 16:34:57,077] {logging_mixin.py:104} INFO - [2024-04-30 16:34:57,076] {dag.py:2280} INFO - Setting next_dagrun for input_json to 2024-04-29 00:00:00+00:00
[2024-04-30 16:34:57,087] {scheduler_job.py:190} INFO - Processing /opt/airflow/dags/input_json.py took 0.089 seconds
[2024-04-30 16:35:27,587] {scheduler_job.py:182} INFO - Started process (PID=1756) to work on /opt/airflow/dags/input_json.py
[2024-04-30 16:35:27,588] {scheduler_job.py:629} INFO - Processing file /opt/airflow/dags/input_json.py for tasks to queue
[2024-04-30 16:35:27,588] {logging_mixin.py:104} INFO - [2024-04-30 16:35:27,588] {dagbag.py:451} INFO - Filling up the DagBag from /opt/airflow/dags/input_json.py
[2024-04-30 16:35:27,616] {scheduler_job.py:639} INFO - DAG(s) dict_keys(['input_json']) retrieved from /opt/airflow/dags/input_json.py
[2024-04-30 16:35:27,637] {logging_mixin.py:104} INFO - [2024-04-30 16:35:27,637] {dag.py:1824} INFO - Sync 1 DAGs
[2024-04-30 16:35:27,660] {logging_mixin.py:104} INFO - [2024-04-30 16:35:27,660] {dag.py:2280} INFO - Setting next_dagrun for input_json to 2024-04-29 00:00:00+00:00
[2024-04-30 16:35:27,670] {scheduler_job.py:190} INFO - Processing /opt/airflow/dags/input_json.py took 0.086 seconds
[2024-04-30 16:35:58,112] {scheduler_job.py:182} INFO - Started process (PID=1788) to work on /opt/airflow/dags/input_json.py
[2024-04-30 16:35:58,114] {scheduler_job.py:629} INFO - Processing file /opt/airflow/dags/input_json.py for tasks to queue
[2024-04-30 16:35:58,115] {logging_mixin.py:104} INFO - [2024-04-30 16:35:58,115] {dagbag.py:451} INFO - Filling up the DagBag from /opt/airflow/dags/input_json.py
[2024-04-30 16:35:58,149] {scheduler_job.py:639} INFO - DAG(s) dict_keys(['input_json']) retrieved from /opt/airflow/dags/input_json.py
[2024-04-30 16:35:58,172] {logging_mixin.py:104} INFO - [2024-04-30 16:35:58,172] {dag.py:1824} INFO - Sync 1 DAGs
[2024-04-30 16:35:58,207] {logging_mixin.py:104} INFO - [2024-04-30 16:35:58,207] {dag.py:2280} INFO - Setting next_dagrun for input_json to 2024-04-29 00:00:00+00:00
[2024-04-30 16:35:58,219] {scheduler_job.py:190} INFO - Processing /opt/airflow/dags/input_json.py took 0.111 seconds
[2024-04-30 16:36:28,698] {scheduler_job.py:182} INFO - Started process (PID=1820) to work on /opt/airflow/dags/input_json.py
[2024-04-30 16:36:28,700] {scheduler_job.py:629} INFO - Processing file /opt/airflow/dags/input_json.py for tasks to queue
[2024-04-30 16:36:28,700] {logging_mixin.py:104} INFO - [2024-04-30 16:36:28,700] {dagbag.py:451} INFO - Filling up the DagBag from /opt/airflow/dags/input_json.py
[2024-04-30 16:36:28,729] {scheduler_job.py:639} INFO - DAG(s) dict_keys(['input_json']) retrieved from /opt/airflow/dags/input_json.py
[2024-04-30 16:36:28,748] {logging_mixin.py:104} INFO - [2024-04-30 16:36:28,748] {dag.py:1824} INFO - Sync 1 DAGs
[2024-04-30 16:36:28,773] {logging_mixin.py:104} INFO - [2024-04-30 16:36:28,773] {dag.py:2280} INFO - Setting next_dagrun for input_json to 2024-04-29 00:00:00+00:00
[2024-04-30 16:36:28,785] {scheduler_job.py:190} INFO - Processing /opt/airflow/dags/input_json.py took 0.091 seconds
[2024-04-30 16:36:59,270] {scheduler_job.py:182} INFO - Started process (PID=1852) to work on /opt/airflow/dags/input_json.py
[2024-04-30 16:36:59,271] {scheduler_job.py:629} INFO - Processing file /opt/airflow/dags/input_json.py for tasks to queue
[2024-04-30 16:36:59,271] {logging_mixin.py:104} INFO - [2024-04-30 16:36:59,271] {dagbag.py:451} INFO - Filling up the DagBag from /opt/airflow/dags/input_json.py
[2024-04-30 16:36:59,300] {scheduler_job.py:639} INFO - DAG(s) dict_keys(['input_json']) retrieved from /opt/airflow/dags/input_json.py
[2024-04-30 16:36:59,320] {logging_mixin.py:104} INFO - [2024-04-30 16:36:59,319] {dag.py:1824} INFO - Sync 1 DAGs
[2024-04-30 16:36:59,341] {logging_mixin.py:104} INFO - [2024-04-30 16:36:59,341] {dag.py:2280} INFO - Setting next_dagrun for input_json to 2024-04-29 00:00:00+00:00
[2024-04-30 16:36:59,352] {scheduler_job.py:190} INFO - Processing /opt/airflow/dags/input_json.py took 0.085 seconds
[2024-04-30 16:37:29,821] {scheduler_job.py:182} INFO - Started process (PID=1884) to work on /opt/airflow/dags/input_json.py
[2024-04-30 16:37:29,822] {scheduler_job.py:629} INFO - Processing file /opt/airflow/dags/input_json.py for tasks to queue
[2024-04-30 16:37:29,823] {logging_mixin.py:104} INFO - [2024-04-30 16:37:29,823] {dagbag.py:451} INFO - Filling up the DagBag from /opt/airflow/dags/input_json.py
[2024-04-30 16:37:29,850] {scheduler_job.py:639} INFO - DAG(s) dict_keys(['input_json']) retrieved from /opt/airflow/dags/input_json.py
[2024-04-30 16:37:29,871] {logging_mixin.py:104} INFO - [2024-04-30 16:37:29,871] {dag.py:1824} INFO - Sync 1 DAGs
[2024-04-30 16:37:29,894] {logging_mixin.py:104} INFO - [2024-04-30 16:37:29,894] {dag.py:2280} INFO - Setting next_dagrun for input_json to 2024-04-29 00:00:00+00:00
[2024-04-30 16:37:29,904] {scheduler_job.py:190} INFO - Processing /opt/airflow/dags/input_json.py took 0.087 seconds
[2024-04-30 16:38:00,222] {scheduler_job.py:182} INFO - Started process (PID=1916) to work on /opt/airflow/dags/input_json.py
[2024-04-30 16:38:00,223] {scheduler_job.py:629} INFO - Processing file /opt/airflow/dags/input_json.py for tasks to queue
[2024-04-30 16:38:00,224] {logging_mixin.py:104} INFO - [2024-04-30 16:38:00,224] {dagbag.py:451} INFO - Filling up the DagBag from /opt/airflow/dags/input_json.py
[2024-04-30 16:38:00,250] {scheduler_job.py:639} INFO - DAG(s) dict_keys(['input_json']) retrieved from /opt/airflow/dags/input_json.py
[2024-04-30 16:38:00,267] {logging_mixin.py:104} INFO - [2024-04-30 16:38:00,267] {dag.py:1824} INFO - Sync 1 DAGs
[2024-04-30 16:38:00,289] {logging_mixin.py:104} INFO - [2024-04-30 16:38:00,289] {dag.py:2280} INFO - Setting next_dagrun for input_json to 2024-04-29 00:00:00+00:00
[2024-04-30 16:38:00,298] {scheduler_job.py:190} INFO - Processing /opt/airflow/dags/input_json.py took 0.079 seconds
[2024-04-30 16:38:30,778] {scheduler_job.py:182} INFO - Started process (PID=1948) to work on /opt/airflow/dags/input_json.py
[2024-04-30 16:38:30,779] {scheduler_job.py:629} INFO - Processing file /opt/airflow/dags/input_json.py for tasks to queue
[2024-04-30 16:38:30,780] {logging_mixin.py:104} INFO - [2024-04-30 16:38:30,780] {dagbag.py:451} INFO - Filling up the DagBag from /opt/airflow/dags/input_json.py
[2024-04-30 16:38:30,807] {scheduler_job.py:639} INFO - DAG(s) dict_keys(['input_json']) retrieved from /opt/airflow/dags/input_json.py
[2024-04-30 16:38:30,827] {logging_mixin.py:104} INFO - [2024-04-30 16:38:30,826] {dag.py:1824} INFO - Sync 1 DAGs
[2024-04-30 16:38:30,860] {logging_mixin.py:104} INFO - [2024-04-30 16:38:30,860] {dag.py:2280} INFO - Setting next_dagrun for input_json to 2024-04-29 00:00:00+00:00
[2024-04-30 16:38:30,871] {scheduler_job.py:190} INFO - Processing /opt/airflow/dags/input_json.py took 0.095 seconds
[2024-04-30 16:39:01,378] {scheduler_job.py:182} INFO - Started process (PID=1980) to work on /opt/airflow/dags/input_json.py
[2024-04-30 16:39:01,379] {scheduler_job.py:629} INFO - Processing file /opt/airflow/dags/input_json.py for tasks to queue
[2024-04-30 16:39:01,380] {logging_mixin.py:104} INFO - [2024-04-30 16:39:01,380] {dagbag.py:451} INFO - Filling up the DagBag from /opt/airflow/dags/input_json.py
[2024-04-30 16:39:01,408] {scheduler_job.py:639} INFO - DAG(s) dict_keys(['input_json']) retrieved from /opt/airflow/dags/input_json.py
[2024-04-30 16:39:01,425] {logging_mixin.py:104} INFO - [2024-04-30 16:39:01,425] {dag.py:1824} INFO - Sync 1 DAGs
[2024-04-30 16:39:01,446] {logging_mixin.py:104} INFO - [2024-04-30 16:39:01,446] {dag.py:2280} INFO - Setting next_dagrun for input_json to 2024-04-29 00:00:00+00:00
[2024-04-30 16:39:01,454] {scheduler_job.py:190} INFO - Processing /opt/airflow/dags/input_json.py took 0.079 seconds
[2024-04-30 16:39:31,822] {scheduler_job.py:182} INFO - Started process (PID=2012) to work on /opt/airflow/dags/input_json.py
[2024-04-30 16:39:31,824] {scheduler_job.py:629} INFO - Processing file /opt/airflow/dags/input_json.py for tasks to queue
[2024-04-30 16:39:31,824] {logging_mixin.py:104} INFO - [2024-04-30 16:39:31,824] {dagbag.py:451} INFO - Filling up the DagBag from /opt/airflow/dags/input_json.py
[2024-04-30 16:39:31,852] {scheduler_job.py:639} INFO - DAG(s) dict_keys(['input_json']) retrieved from /opt/airflow/dags/input_json.py
[2024-04-30 16:39:31,869] {logging_mixin.py:104} INFO - [2024-04-30 16:39:31,869] {dag.py:1824} INFO - Sync 1 DAGs
[2024-04-30 16:39:31,888] {logging_mixin.py:104} INFO - [2024-04-30 16:39:31,888] {dag.py:2280} INFO - Setting next_dagrun for input_json to 2024-04-29 00:00:00+00:00
[2024-04-30 16:39:31,899] {scheduler_job.py:190} INFO - Processing /opt/airflow/dags/input_json.py took 0.079 seconds
[2024-04-30 16:40:02,470] {scheduler_job.py:182} INFO - Started process (PID=2044) to work on /opt/airflow/dags/input_json.py
[2024-04-30 16:40:02,471] {scheduler_job.py:629} INFO - Processing file /opt/airflow/dags/input_json.py for tasks to queue
[2024-04-30 16:40:02,472] {logging_mixin.py:104} INFO - [2024-04-30 16:40:02,472] {dagbag.py:451} INFO - Filling up the DagBag from /opt/airflow/dags/input_json.py
[2024-04-30 16:40:02,497] {scheduler_job.py:639} INFO - DAG(s) dict_keys(['input_json']) retrieved from /opt/airflow/dags/input_json.py
[2024-04-30 16:40:02,514] {logging_mixin.py:104} INFO - [2024-04-30 16:40:02,514] {dag.py:1824} INFO - Sync 1 DAGs
[2024-04-30 16:40:02,535] {logging_mixin.py:104} INFO - [2024-04-30 16:40:02,534] {dag.py:2280} INFO - Setting next_dagrun for input_json to 2024-04-29 00:00:00+00:00
[2024-04-30 16:40:02,544] {scheduler_job.py:190} INFO - Processing /opt/airflow/dags/input_json.py took 0.077 seconds
[2024-04-30 16:40:32,911] {scheduler_job.py:182} INFO - Started process (PID=2076) to work on /opt/airflow/dags/input_json.py
[2024-04-30 16:40:32,912] {scheduler_job.py:629} INFO - Processing file /opt/airflow/dags/input_json.py for tasks to queue
[2024-04-30 16:40:32,913] {logging_mixin.py:104} INFO - [2024-04-30 16:40:32,913] {dagbag.py:451} INFO - Filling up the DagBag from /opt/airflow/dags/input_json.py
[2024-04-30 16:40:32,951] {scheduler_job.py:639} INFO - DAG(s) dict_keys(['input_json']) retrieved from /opt/airflow/dags/input_json.py
[2024-04-30 16:40:32,970] {logging_mixin.py:104} INFO - [2024-04-30 16:40:32,970] {dag.py:1824} INFO - Sync 1 DAGs
[2024-04-30 16:40:32,992] {logging_mixin.py:104} INFO - [2024-04-30 16:40:32,992] {dag.py:2280} INFO - Setting next_dagrun for input_json to 2024-04-29 00:00:00+00:00
[2024-04-30 16:40:33,001] {scheduler_job.py:190} INFO - Processing /opt/airflow/dags/input_json.py took 0.093 seconds
[2024-04-30 16:41:03,466] {scheduler_job.py:182} INFO - Started process (PID=2108) to work on /opt/airflow/dags/input_json.py
[2024-04-30 16:41:03,468] {scheduler_job.py:629} INFO - Processing file /opt/airflow/dags/input_json.py for tasks to queue
[2024-04-30 16:41:03,468] {logging_mixin.py:104} INFO - [2024-04-30 16:41:03,468] {dagbag.py:451} INFO - Filling up the DagBag from /opt/airflow/dags/input_json.py
[2024-04-30 16:41:03,498] {scheduler_job.py:639} INFO - DAG(s) dict_keys(['input_json']) retrieved from /opt/airflow/dags/input_json.py
[2024-04-30 16:41:03,519] {logging_mixin.py:104} INFO - [2024-04-30 16:41:03,518] {dag.py:1824} INFO - Sync 1 DAGs
[2024-04-30 16:41:03,541] {logging_mixin.py:104} INFO - [2024-04-30 16:41:03,541] {dag.py:2280} INFO - Setting next_dagrun for input_json to 2024-04-29 00:00:00+00:00
[2024-04-30 16:41:03,551] {scheduler_job.py:190} INFO - Processing /opt/airflow/dags/input_json.py took 0.088 seconds
[2024-04-30 16:41:34,113] {scheduler_job.py:182} INFO - Started process (PID=2140) to work on /opt/airflow/dags/input_json.py
[2024-04-30 16:41:34,114] {scheduler_job.py:629} INFO - Processing file /opt/airflow/dags/input_json.py for tasks to queue
[2024-04-30 16:41:34,115] {logging_mixin.py:104} INFO - [2024-04-30 16:41:34,115] {dagbag.py:451} INFO - Filling up the DagBag from /opt/airflow/dags/input_json.py
[2024-04-30 16:41:34,140] {scheduler_job.py:639} INFO - DAG(s) dict_keys(['input_json']) retrieved from /opt/airflow/dags/input_json.py
[2024-04-30 16:41:34,157] {logging_mixin.py:104} INFO - [2024-04-30 16:41:34,157] {dag.py:1824} INFO - Sync 1 DAGs
[2024-04-30 16:41:34,176] {logging_mixin.py:104} INFO - [2024-04-30 16:41:34,176] {dag.py:2280} INFO - Setting next_dagrun for input_json to 2024-04-29 00:00:00+00:00
[2024-04-30 16:41:34,185] {scheduler_job.py:190} INFO - Processing /opt/airflow/dags/input_json.py took 0.076 seconds
