[2024-04-30 16:09:40,612] {scheduler_job.py:182} INFO - Started process (PID=72) to work on /opt/airflow/dags/json_file.py
[2024-04-30 16:09:40,616] {scheduler_job.py:629} INFO - Processing file /opt/airflow/dags/json_file.py for tasks to queue
[2024-04-30 16:09:40,617] {logging_mixin.py:104} INFO - [2024-04-30 16:09:40,617] {dagbag.py:451} INFO - Filling up the DagBag from /opt/airflow/dags/json_file.py
[2024-04-30 16:09:41,029] {scheduler_job.py:639} INFO - DAG(s) dict_keys(['json_file']) retrieved from /opt/airflow/dags/json_file.py
[2024-04-30 16:09:41,161] {logging_mixin.py:104} INFO - [2024-04-30 16:09:41,159] {dag.py:1824} INFO - Sync 1 DAGs
[2024-04-30 16:09:41,489] {logging_mixin.py:104} INFO - [2024-04-30 16:09:41,489] {dag.py:2280} INFO - Setting next_dagrun for json_file to 2024-04-30 16:09:31.898112+00:00
[2024-04-30 16:09:41,678] {scheduler_job.py:190} INFO - Processing /opt/airflow/dags/json_file.py took 1.081 seconds
[2024-04-30 16:10:12,063] {scheduler_job.py:182} INFO - Started process (PID=139) to work on /opt/airflow/dags/json_file.py
[2024-04-30 16:10:12,073] {scheduler_job.py:629} INFO - Processing file /opt/airflow/dags/json_file.py for tasks to queue
[2024-04-30 16:10:12,095] {logging_mixin.py:104} INFO - [2024-04-30 16:10:12,095] {dagbag.py:451} INFO - Filling up the DagBag from /opt/airflow/dags/json_file.py
[2024-04-30 16:10:12,491] {scheduler_job.py:639} INFO - DAG(s) dict_keys(['json_file']) retrieved from /opt/airflow/dags/json_file.py
[2024-04-30 16:10:12,636] {logging_mixin.py:104} INFO - [2024-04-30 16:10:12,636] {dag.py:1824} INFO - Sync 1 DAGs
[2024-04-30 16:10:12,758] {logging_mixin.py:104} INFO - [2024-04-30 16:10:12,757] {dag.py:2280} INFO - Setting next_dagrun for json_file to 2024-04-30 16:09:31.898112+00:00
[2024-04-30 16:10:12,804] {scheduler_job.py:190} INFO - Processing /opt/airflow/dags/json_file.py took 0.753 seconds
[2024-04-30 16:10:44,504] {scheduler_job.py:182} INFO - Started process (PID=172) to work on /opt/airflow/dags/json_file.py
[2024-04-30 16:10:44,507] {scheduler_job.py:629} INFO - Processing file /opt/airflow/dags/json_file.py for tasks to queue
[2024-04-30 16:10:44,514] {logging_mixin.py:104} INFO - [2024-04-30 16:10:44,513] {dagbag.py:451} INFO - Filling up the DagBag from /opt/airflow/dags/json_file.py
[2024-04-30 16:10:44,915] {scheduler_job.py:639} INFO - DAG(s) dict_keys(['json_file']) retrieved from /opt/airflow/dags/json_file.py
[2024-04-30 16:10:45,025] {logging_mixin.py:104} INFO - [2024-04-30 16:10:45,025] {dag.py:1824} INFO - Sync 1 DAGs
[2024-04-30 16:10:45,103] {logging_mixin.py:104} INFO - [2024-04-30 16:10:45,102] {dag.py:2280} INFO - Setting next_dagrun for json_file to 2024-04-30 16:09:31.898112+00:00
[2024-04-30 16:10:45,164] {scheduler_job.py:190} INFO - Processing /opt/airflow/dags/json_file.py took 0.678 seconds
[2024-04-30 16:11:24,932] {scheduler_job.py:182} INFO - Started process (PID=217) to work on /opt/airflow/dags/json_file.py
[2024-04-30 16:11:24,973] {scheduler_job.py:629} INFO - Processing file /opt/airflow/dags/json_file.py for tasks to queue
[2024-04-30 16:11:24,995] {logging_mixin.py:104} INFO - [2024-04-30 16:11:24,994] {dagbag.py:451} INFO - Filling up the DagBag from /opt/airflow/dags/json_file.py
[2024-04-30 16:11:25,493] {scheduler_job.py:639} INFO - DAG(s) dict_keys(['json_file']) retrieved from /opt/airflow/dags/json_file.py
[2024-04-30 16:11:25,629] {logging_mixin.py:104} INFO - [2024-04-30 16:11:25,628] {dag.py:1824} INFO - Sync 1 DAGs
[2024-04-30 16:11:25,717] {logging_mixin.py:104} INFO - [2024-04-30 16:11:25,717] {dag.py:2280} INFO - Setting next_dagrun for json_file to 2024-04-30 16:09:31.898112+00:00
[2024-04-30 16:11:25,760] {scheduler_job.py:190} INFO - Processing /opt/airflow/dags/json_file.py took 0.719 seconds
[2024-04-30 16:11:56,665] {scheduler_job.py:182} INFO - Started process (PID=263) to work on /opt/airflow/dags/json_file.py
[2024-04-30 16:11:56,667] {scheduler_job.py:629} INFO - Processing file /opt/airflow/dags/json_file.py for tasks to queue
[2024-04-30 16:11:56,668] {logging_mixin.py:104} INFO - [2024-04-30 16:11:56,668] {dagbag.py:451} INFO - Filling up the DagBag from /opt/airflow/dags/json_file.py
[2024-04-30 16:11:56,719] {scheduler_job.py:639} INFO - DAG(s) dict_keys(['json_file']) retrieved from /opt/airflow/dags/json_file.py
[2024-04-30 16:11:56,862] {logging_mixin.py:104} INFO - [2024-04-30 16:11:56,862] {dag.py:1824} INFO - Sync 1 DAGs
[2024-04-30 16:11:56,908] {logging_mixin.py:104} INFO - [2024-04-30 16:11:56,908] {dag.py:2280} INFO - Setting next_dagrun for json_file to 2024-04-30 16:09:31.898112+00:00
[2024-04-30 16:11:56,935] {scheduler_job.py:190} INFO - Processing /opt/airflow/dags/json_file.py took 0.282 seconds
[2024-04-30 16:12:28,361] {scheduler_job.py:182} INFO - Started process (PID=298) to work on /opt/airflow/dags/json_file.py
[2024-04-30 16:12:28,368] {scheduler_job.py:629} INFO - Processing file /opt/airflow/dags/json_file.py for tasks to queue
[2024-04-30 16:12:28,372] {logging_mixin.py:104} INFO - [2024-04-30 16:12:28,372] {dagbag.py:451} INFO - Filling up the DagBag from /opt/airflow/dags/json_file.py
[2024-04-30 16:12:28,684] {scheduler_job.py:639} INFO - DAG(s) dict_keys(['json_file']) retrieved from /opt/airflow/dags/json_file.py
[2024-04-30 16:12:28,835] {logging_mixin.py:104} INFO - [2024-04-30 16:12:28,834] {dag.py:1824} INFO - Sync 1 DAGs
[2024-04-30 16:12:29,572] {logging_mixin.py:104} INFO - [2024-04-30 16:12:29,572] {dag.py:2280} INFO - Setting next_dagrun for json_file to 2024-04-30 16:09:31.898112+00:00
[2024-04-30 16:12:29,735] {scheduler_job.py:190} INFO - Processing /opt/airflow/dags/json_file.py took 1.404 seconds
[2024-04-30 16:13:00,684] {scheduler_job.py:182} INFO - Started process (PID=332) to work on /opt/airflow/dags/json_file.py
[2024-04-30 16:13:00,686] {scheduler_job.py:629} INFO - Processing file /opt/airflow/dags/json_file.py for tasks to queue
[2024-04-30 16:13:00,688] {logging_mixin.py:104} INFO - [2024-04-30 16:13:00,688] {dagbag.py:451} INFO - Filling up the DagBag from /opt/airflow/dags/json_file.py
[2024-04-30 16:13:00,735] {scheduler_job.py:639} INFO - DAG(s) dict_keys(['json_file']) retrieved from /opt/airflow/dags/json_file.py
[2024-04-30 16:13:00,761] {logging_mixin.py:104} INFO - [2024-04-30 16:13:00,761] {dag.py:1824} INFO - Sync 1 DAGs
[2024-04-30 16:13:00,781] {logging_mixin.py:104} INFO - [2024-04-30 16:13:00,781] {dag.py:2280} INFO - Setting next_dagrun for json_file to 2024-04-30 16:09:31.898112+00:00
[2024-04-30 16:13:00,796] {scheduler_job.py:190} INFO - Processing /opt/airflow/dags/json_file.py took 0.116 seconds
[2024-04-30 16:13:31,144] {scheduler_job.py:182} INFO - Started process (PID=364) to work on /opt/airflow/dags/json_file.py
[2024-04-30 16:13:31,146] {scheduler_job.py:629} INFO - Processing file /opt/airflow/dags/json_file.py for tasks to queue
[2024-04-30 16:13:31,147] {logging_mixin.py:104} INFO - [2024-04-30 16:13:31,147] {dagbag.py:451} INFO - Filling up the DagBag from /opt/airflow/dags/json_file.py
[2024-04-30 16:13:31,211] {scheduler_job.py:639} INFO - DAG(s) dict_keys(['json_file']) retrieved from /opt/airflow/dags/json_file.py
[2024-04-30 16:13:31,242] {logging_mixin.py:104} INFO - [2024-04-30 16:13:31,241] {dag.py:1824} INFO - Sync 1 DAGs
[2024-04-30 16:13:31,269] {logging_mixin.py:104} INFO - [2024-04-30 16:13:31,269] {dag.py:2280} INFO - Setting next_dagrun for json_file to 2024-04-30 16:09:31.898112+00:00
[2024-04-30 16:13:31,286] {scheduler_job.py:190} INFO - Processing /opt/airflow/dags/json_file.py took 0.146 seconds
[2024-04-30 16:14:02,051] {scheduler_job.py:182} INFO - Started process (PID=412) to work on /opt/airflow/dags/json_file.py
[2024-04-30 16:14:02,052] {scheduler_job.py:629} INFO - Processing file /opt/airflow/dags/json_file.py for tasks to queue
[2024-04-30 16:14:02,053] {logging_mixin.py:104} INFO - [2024-04-30 16:14:02,053] {dagbag.py:451} INFO - Filling up the DagBag from /opt/airflow/dags/json_file.py
[2024-04-30 16:14:02,094] {scheduler_job.py:639} INFO - DAG(s) dict_keys(['json_file']) retrieved from /opt/airflow/dags/json_file.py
[2024-04-30 16:14:02,121] {logging_mixin.py:104} INFO - [2024-04-30 16:14:02,121] {dag.py:1824} INFO - Sync 1 DAGs
[2024-04-30 16:14:02,139] {logging_mixin.py:104} INFO - [2024-04-30 16:14:02,139] {dag.py:2280} INFO - Setting next_dagrun for json_file to 2024-04-30 16:09:31.898112+00:00
[2024-04-30 16:14:02,151] {scheduler_job.py:190} INFO - Processing /opt/airflow/dags/json_file.py took 0.104 seconds
[2024-04-30 16:14:33,088] {scheduler_job.py:182} INFO - Started process (PID=444) to work on /opt/airflow/dags/json_file.py
[2024-04-30 16:14:33,089] {scheduler_job.py:629} INFO - Processing file /opt/airflow/dags/json_file.py for tasks to queue
[2024-04-30 16:14:33,090] {logging_mixin.py:104} INFO - [2024-04-30 16:14:33,090] {dagbag.py:451} INFO - Filling up the DagBag from /opt/airflow/dags/json_file.py
[2024-04-30 16:14:33,123] {scheduler_job.py:639} INFO - DAG(s) dict_keys(['json_file']) retrieved from /opt/airflow/dags/json_file.py
[2024-04-30 16:14:33,143] {logging_mixin.py:104} INFO - [2024-04-30 16:14:33,143] {dag.py:1824} INFO - Sync 1 DAGs
[2024-04-30 16:14:33,158] {logging_mixin.py:104} INFO - [2024-04-30 16:14:33,158] {dag.py:2280} INFO - Setting next_dagrun for json_file to 2024-04-30 16:09:31.898112+00:00
[2024-04-30 16:14:33,171] {scheduler_job.py:190} INFO - Processing /opt/airflow/dags/json_file.py took 0.086 seconds
[2024-04-30 16:15:03,425] {scheduler_job.py:182} INFO - Started process (PID=476) to work on /opt/airflow/dags/json_file.py
[2024-04-30 16:15:03,426] {scheduler_job.py:629} INFO - Processing file /opt/airflow/dags/json_file.py for tasks to queue
[2024-04-30 16:15:03,427] {logging_mixin.py:104} INFO - [2024-04-30 16:15:03,427] {dagbag.py:451} INFO - Filling up the DagBag from /opt/airflow/dags/json_file.py
[2024-04-30 16:15:03,461] {scheduler_job.py:639} INFO - DAG(s) dict_keys(['json_file']) retrieved from /opt/airflow/dags/json_file.py
[2024-04-30 16:15:03,486] {logging_mixin.py:104} INFO - [2024-04-30 16:15:03,486] {dag.py:1824} INFO - Sync 1 DAGs
[2024-04-30 16:15:03,502] {logging_mixin.py:104} INFO - [2024-04-30 16:15:03,502] {dag.py:2280} INFO - Setting next_dagrun for json_file to 2024-04-30 16:09:31.898112+00:00
[2024-04-30 16:15:03,513] {scheduler_job.py:190} INFO - Processing /opt/airflow/dags/json_file.py took 0.091 seconds
[2024-04-30 16:15:34,464] {scheduler_job.py:182} INFO - Started process (PID=508) to work on /opt/airflow/dags/json_file.py
[2024-04-30 16:15:34,466] {scheduler_job.py:629} INFO - Processing file /opt/airflow/dags/json_file.py for tasks to queue
[2024-04-30 16:15:34,467] {logging_mixin.py:104} INFO - [2024-04-30 16:15:34,467] {dagbag.py:451} INFO - Filling up the DagBag from /opt/airflow/dags/json_file.py
[2024-04-30 16:15:34,498] {scheduler_job.py:639} INFO - DAG(s) dict_keys(['json_file']) retrieved from /opt/airflow/dags/json_file.py
[2024-04-30 16:15:34,524] {logging_mixin.py:104} INFO - [2024-04-30 16:15:34,524] {dag.py:1824} INFO - Sync 1 DAGs
[2024-04-30 16:15:34,540] {logging_mixin.py:104} INFO - [2024-04-30 16:15:34,540] {dag.py:2280} INFO - Setting next_dagrun for json_file to 2024-04-30 16:09:31.898112+00:00
[2024-04-30 16:15:34,548] {scheduler_job.py:190} INFO - Processing /opt/airflow/dags/json_file.py took 0.088 seconds
[2024-04-30 16:16:05,630] {scheduler_job.py:182} INFO - Started process (PID=543) to work on /opt/airflow/dags/json_file.py
[2024-04-30 16:16:05,632] {scheduler_job.py:629} INFO - Processing file /opt/airflow/dags/json_file.py for tasks to queue
[2024-04-30 16:16:05,633] {logging_mixin.py:104} INFO - [2024-04-30 16:16:05,632] {dagbag.py:451} INFO - Filling up the DagBag from /opt/airflow/dags/json_file.py
[2024-04-30 16:16:05,666] {scheduler_job.py:639} INFO - DAG(s) dict_keys(['json_file']) retrieved from /opt/airflow/dags/json_file.py
[2024-04-30 16:16:05,691] {logging_mixin.py:104} INFO - [2024-04-30 16:16:05,691] {dag.py:1824} INFO - Sync 1 DAGs
[2024-04-30 16:16:05,709] {logging_mixin.py:104} INFO - [2024-04-30 16:16:05,709] {dag.py:2280} INFO - Setting next_dagrun for json_file to 2024-04-30 16:09:31.898112+00:00
[2024-04-30 16:16:05,720] {scheduler_job.py:190} INFO - Processing /opt/airflow/dags/json_file.py took 0.093 seconds
[2024-04-30 16:16:35,928] {scheduler_job.py:182} INFO - Started process (PID=575) to work on /opt/airflow/dags/json_file.py
[2024-04-30 16:16:35,931] {scheduler_job.py:629} INFO - Processing file /opt/airflow/dags/json_file.py for tasks to queue
[2024-04-30 16:16:35,932] {logging_mixin.py:104} INFO - [2024-04-30 16:16:35,931] {dagbag.py:451} INFO - Filling up the DagBag from /opt/airflow/dags/json_file.py
[2024-04-30 16:16:35,963] {scheduler_job.py:639} INFO - DAG(s) dict_keys(['json_file']) retrieved from /opt/airflow/dags/json_file.py
[2024-04-30 16:16:35,985] {logging_mixin.py:104} INFO - [2024-04-30 16:16:35,985] {dag.py:1824} INFO - Sync 1 DAGs
[2024-04-30 16:16:36,002] {logging_mixin.py:104} INFO - [2024-04-30 16:16:36,002] {dag.py:2280} INFO - Setting next_dagrun for json_file to 2024-04-30 16:09:31.898112+00:00
[2024-04-30 16:16:36,010] {scheduler_job.py:190} INFO - Processing /opt/airflow/dags/json_file.py took 0.084 seconds
[2024-04-30 16:17:06,786] {scheduler_job.py:182} INFO - Started process (PID=607) to work on /opt/airflow/dags/json_file.py
[2024-04-30 16:17:06,787] {scheduler_job.py:629} INFO - Processing file /opt/airflow/dags/json_file.py for tasks to queue
[2024-04-30 16:17:06,788] {logging_mixin.py:104} INFO - [2024-04-30 16:17:06,788] {dagbag.py:451} INFO - Filling up the DagBag from /opt/airflow/dags/json_file.py
[2024-04-30 16:17:06,820] {scheduler_job.py:639} INFO - DAG(s) dict_keys(['json_file']) retrieved from /opt/airflow/dags/json_file.py
[2024-04-30 16:17:06,841] {logging_mixin.py:104} INFO - [2024-04-30 16:17:06,840] {dag.py:1824} INFO - Sync 1 DAGs
[2024-04-30 16:17:06,856] {logging_mixin.py:104} INFO - [2024-04-30 16:17:06,856] {dag.py:2280} INFO - Setting next_dagrun for json_file to 2024-04-30 16:09:31.898112+00:00
[2024-04-30 16:17:06,865] {scheduler_job.py:190} INFO - Processing /opt/airflow/dags/json_file.py took 0.082 seconds
[2024-04-30 16:17:37,823] {scheduler_job.py:182} INFO - Started process (PID=639) to work on /opt/airflow/dags/json_file.py
[2024-04-30 16:17:37,825] {scheduler_job.py:629} INFO - Processing file /opt/airflow/dags/json_file.py for tasks to queue
[2024-04-30 16:17:37,827] {logging_mixin.py:104} INFO - [2024-04-30 16:17:37,826] {dagbag.py:451} INFO - Filling up the DagBag from /opt/airflow/dags/json_file.py
[2024-04-30 16:17:37,865] {scheduler_job.py:639} INFO - DAG(s) dict_keys(['json_file']) retrieved from /opt/airflow/dags/json_file.py
[2024-04-30 16:17:37,890] {logging_mixin.py:104} INFO - [2024-04-30 16:17:37,890] {dag.py:1824} INFO - Sync 1 DAGs
[2024-04-30 16:17:37,913] {logging_mixin.py:104} INFO - [2024-04-30 16:17:37,912] {dag.py:2280} INFO - Setting next_dagrun for json_file to 2024-04-30 16:09:31.898112+00:00
[2024-04-30 16:17:37,920] {scheduler_job.py:190} INFO - Processing /opt/airflow/dags/json_file.py took 0.107 seconds
[2024-04-30 16:18:08,410] {scheduler_job.py:182} INFO - Started process (PID=671) to work on /opt/airflow/dags/json_file.py
[2024-04-30 16:18:08,412] {scheduler_job.py:629} INFO - Processing file /opt/airflow/dags/json_file.py for tasks to queue
[2024-04-30 16:18:08,413] {logging_mixin.py:104} INFO - [2024-04-30 16:18:08,413] {dagbag.py:451} INFO - Filling up the DagBag from /opt/airflow/dags/json_file.py
[2024-04-30 16:18:08,445] {scheduler_job.py:639} INFO - DAG(s) dict_keys(['json_file']) retrieved from /opt/airflow/dags/json_file.py
[2024-04-30 16:18:08,466] {logging_mixin.py:104} INFO - [2024-04-30 16:18:08,466] {dag.py:1824} INFO - Sync 1 DAGs
[2024-04-30 16:18:08,483] {logging_mixin.py:104} INFO - [2024-04-30 16:18:08,482] {dag.py:2280} INFO - Setting next_dagrun for json_file to 2024-04-30 16:09:31.898112+00:00
[2024-04-30 16:18:08,491] {scheduler_job.py:190} INFO - Processing /opt/airflow/dags/json_file.py took 0.084 seconds
[2024-04-30 16:18:38,927] {scheduler_job.py:182} INFO - Started process (PID=703) to work on /opt/airflow/dags/json_file.py
[2024-04-30 16:18:38,928] {scheduler_job.py:629} INFO - Processing file /opt/airflow/dags/json_file.py for tasks to queue
[2024-04-30 16:18:38,929] {logging_mixin.py:104} INFO - [2024-04-30 16:18:38,929] {dagbag.py:451} INFO - Filling up the DagBag from /opt/airflow/dags/json_file.py
[2024-04-30 16:18:38,957] {scheduler_job.py:639} INFO - DAG(s) dict_keys(['json_file']) retrieved from /opt/airflow/dags/json_file.py
[2024-04-30 16:18:38,983] {logging_mixin.py:104} INFO - [2024-04-30 16:18:38,983] {dag.py:1824} INFO - Sync 1 DAGs
[2024-04-30 16:18:39,001] {logging_mixin.py:104} INFO - [2024-04-30 16:18:39,001] {dag.py:2280} INFO - Setting next_dagrun for json_file to 2024-04-30 16:09:31.898112+00:00
[2024-04-30 16:18:39,012] {scheduler_job.py:190} INFO - Processing /opt/airflow/dags/json_file.py took 0.087 seconds
[2024-04-30 16:19:09,278] {scheduler_job.py:182} INFO - Started process (PID=735) to work on /opt/airflow/dags/json_file.py
[2024-04-30 16:19:09,279] {scheduler_job.py:629} INFO - Processing file /opt/airflow/dags/json_file.py for tasks to queue
[2024-04-30 16:19:09,280] {logging_mixin.py:104} INFO - [2024-04-30 16:19:09,280] {dagbag.py:451} INFO - Filling up the DagBag from /opt/airflow/dags/json_file.py
[2024-04-30 16:19:09,309] {scheduler_job.py:639} INFO - DAG(s) dict_keys(['json_file']) retrieved from /opt/airflow/dags/json_file.py
[2024-04-30 16:19:09,331] {logging_mixin.py:104} INFO - [2024-04-30 16:19:09,331] {dag.py:1824} INFO - Sync 1 DAGs
[2024-04-30 16:19:09,348] {logging_mixin.py:104} INFO - [2024-04-30 16:19:09,347] {dag.py:2280} INFO - Setting next_dagrun for json_file to 2024-04-30 16:09:31.898112+00:00
[2024-04-30 16:19:09,357] {scheduler_job.py:190} INFO - Processing /opt/airflow/dags/json_file.py took 0.081 seconds
[2024-04-30 16:19:39,803] {scheduler_job.py:182} INFO - Started process (PID=767) to work on /opt/airflow/dags/json_file.py
[2024-04-30 16:19:39,805] {scheduler_job.py:629} INFO - Processing file /opt/airflow/dags/json_file.py for tasks to queue
[2024-04-30 16:19:39,805] {logging_mixin.py:104} INFO - [2024-04-30 16:19:39,805] {dagbag.py:451} INFO - Filling up the DagBag from /opt/airflow/dags/json_file.py
[2024-04-30 16:19:39,835] {scheduler_job.py:639} INFO - DAG(s) dict_keys(['json_file']) retrieved from /opt/airflow/dags/json_file.py
[2024-04-30 16:19:39,856] {logging_mixin.py:104} INFO - [2024-04-30 16:19:39,856] {dag.py:1824} INFO - Sync 1 DAGs
[2024-04-30 16:19:39,870] {logging_mixin.py:104} INFO - [2024-04-30 16:19:39,870] {dag.py:2280} INFO - Setting next_dagrun for json_file to 2024-04-30 16:09:31.898112+00:00
[2024-04-30 16:19:39,880] {scheduler_job.py:190} INFO - Processing /opt/airflow/dags/json_file.py took 0.080 seconds
[2024-04-30 16:20:10,253] {scheduler_job.py:182} INFO - Started process (PID=799) to work on /opt/airflow/dags/json_file.py
[2024-04-30 16:20:10,255] {scheduler_job.py:629} INFO - Processing file /opt/airflow/dags/json_file.py for tasks to queue
[2024-04-30 16:20:10,256] {logging_mixin.py:104} INFO - [2024-04-30 16:20:10,256] {dagbag.py:451} INFO - Filling up the DagBag from /opt/airflow/dags/json_file.py
[2024-04-30 16:20:10,305] {scheduler_job.py:639} INFO - DAG(s) dict_keys(['json_file']) retrieved from /opt/airflow/dags/json_file.py
[2024-04-30 16:20:10,338] {logging_mixin.py:104} INFO - [2024-04-30 16:20:10,338] {dag.py:1824} INFO - Sync 1 DAGs
[2024-04-30 16:20:10,357] {logging_mixin.py:104} INFO - [2024-04-30 16:20:10,357] {dag.py:2280} INFO - Setting next_dagrun for json_file to 2024-04-30 16:09:31.898112+00:00
[2024-04-30 16:20:10,368] {scheduler_job.py:190} INFO - Processing /opt/airflow/dags/json_file.py took 0.122 seconds
[2024-04-30 16:20:40,705] {scheduler_job.py:182} INFO - Started process (PID=831) to work on /opt/airflow/dags/json_file.py
[2024-04-30 16:20:40,706] {scheduler_job.py:629} INFO - Processing file /opt/airflow/dags/json_file.py for tasks to queue
[2024-04-30 16:20:40,707] {logging_mixin.py:104} INFO - [2024-04-30 16:20:40,707] {dagbag.py:451} INFO - Filling up the DagBag from /opt/airflow/dags/json_file.py
[2024-04-30 16:20:40,734] {scheduler_job.py:639} INFO - DAG(s) dict_keys(['json_file']) retrieved from /opt/airflow/dags/json_file.py
[2024-04-30 16:20:40,755] {logging_mixin.py:104} INFO - [2024-04-30 16:20:40,755] {dag.py:1824} INFO - Sync 1 DAGs
[2024-04-30 16:20:40,770] {logging_mixin.py:104} INFO - [2024-04-30 16:20:40,770] {dag.py:2280} INFO - Setting next_dagrun for json_file to 2024-04-30 16:09:31.898112+00:00
[2024-04-30 16:20:40,781] {scheduler_job.py:190} INFO - Processing /opt/airflow/dags/json_file.py took 0.079 seconds
[2024-04-30 16:21:11,202] {scheduler_job.py:182} INFO - Started process (PID=863) to work on /opt/airflow/dags/json_file.py
[2024-04-30 16:21:11,203] {scheduler_job.py:629} INFO - Processing file /opt/airflow/dags/json_file.py for tasks to queue
[2024-04-30 16:21:11,203] {logging_mixin.py:104} INFO - [2024-04-30 16:21:11,203] {dagbag.py:451} INFO - Filling up the DagBag from /opt/airflow/dags/json_file.py
[2024-04-30 16:21:11,233] {scheduler_job.py:639} INFO - DAG(s) dict_keys(['json_file']) retrieved from /opt/airflow/dags/json_file.py
[2024-04-30 16:21:11,254] {logging_mixin.py:104} INFO - [2024-04-30 16:21:11,254] {dag.py:1824} INFO - Sync 1 DAGs
[2024-04-30 16:21:11,267] {logging_mixin.py:104} INFO - [2024-04-30 16:21:11,267] {dag.py:2280} INFO - Setting next_dagrun for json_file to 2024-04-30 16:09:31.898112+00:00
[2024-04-30 16:21:11,277] {scheduler_job.py:190} INFO - Processing /opt/airflow/dags/json_file.py took 0.078 seconds
[2024-04-30 16:21:41,785] {scheduler_job.py:182} INFO - Started process (PID=895) to work on /opt/airflow/dags/json_file.py
[2024-04-30 16:21:41,786] {scheduler_job.py:629} INFO - Processing file /opt/airflow/dags/json_file.py for tasks to queue
[2024-04-30 16:21:41,787] {logging_mixin.py:104} INFO - [2024-04-30 16:21:41,787] {dagbag.py:451} INFO - Filling up the DagBag from /opt/airflow/dags/json_file.py
[2024-04-30 16:21:41,815] {scheduler_job.py:639} INFO - DAG(s) dict_keys(['json_file']) retrieved from /opt/airflow/dags/json_file.py
[2024-04-30 16:21:41,835] {logging_mixin.py:104} INFO - [2024-04-30 16:21:41,835] {dag.py:1824} INFO - Sync 1 DAGs
[2024-04-30 16:21:41,849] {logging_mixin.py:104} INFO - [2024-04-30 16:21:41,848] {dag.py:2280} INFO - Setting next_dagrun for json_file to 2024-04-30 16:09:31.898112+00:00
[2024-04-30 16:21:41,859] {scheduler_job.py:190} INFO - Processing /opt/airflow/dags/json_file.py took 0.077 seconds
[2024-04-30 16:22:12,344] {scheduler_job.py:182} INFO - Started process (PID=927) to work on /opt/airflow/dags/json_file.py
[2024-04-30 16:22:12,345] {scheduler_job.py:629} INFO - Processing file /opt/airflow/dags/json_file.py for tasks to queue
[2024-04-30 16:22:12,346] {logging_mixin.py:104} INFO - [2024-04-30 16:22:12,346] {dagbag.py:451} INFO - Filling up the DagBag from /opt/airflow/dags/json_file.py
[2024-04-30 16:22:12,374] {scheduler_job.py:639} INFO - DAG(s) dict_keys(['json_file']) retrieved from /opt/airflow/dags/json_file.py
[2024-04-30 16:22:12,393] {logging_mixin.py:104} INFO - [2024-04-30 16:22:12,393] {dag.py:1824} INFO - Sync 1 DAGs
[2024-04-30 16:22:12,406] {logging_mixin.py:104} INFO - [2024-04-30 16:22:12,406] {dag.py:2280} INFO - Setting next_dagrun for json_file to 2024-04-30 16:09:31.898112+00:00
[2024-04-30 16:22:12,415] {scheduler_job.py:190} INFO - Processing /opt/airflow/dags/json_file.py took 0.074 seconds
[2024-04-30 16:22:43,055] {scheduler_job.py:182} INFO - Started process (PID=959) to work on /opt/airflow/dags/json_file.py
[2024-04-30 16:22:43,056] {scheduler_job.py:629} INFO - Processing file /opt/airflow/dags/json_file.py for tasks to queue
[2024-04-30 16:22:43,057] {logging_mixin.py:104} INFO - [2024-04-30 16:22:43,057] {dagbag.py:451} INFO - Filling up the DagBag from /opt/airflow/dags/json_file.py
[2024-04-30 16:22:43,094] {scheduler_job.py:639} INFO - DAG(s) dict_keys(['json_file']) retrieved from /opt/airflow/dags/json_file.py
[2024-04-30 16:22:43,120] {logging_mixin.py:104} INFO - [2024-04-30 16:22:43,120] {dag.py:1824} INFO - Sync 1 DAGs
[2024-04-30 16:22:43,136] {logging_mixin.py:104} INFO - [2024-04-30 16:22:43,136] {dag.py:2280} INFO - Setting next_dagrun for json_file to 2024-04-30 16:09:31.898112+00:00
[2024-04-30 16:22:43,151] {scheduler_job.py:190} INFO - Processing /opt/airflow/dags/json_file.py took 0.099 seconds
[2024-04-30 16:23:13,511] {scheduler_job.py:182} INFO - Started process (PID=991) to work on /opt/airflow/dags/json_file.py
[2024-04-30 16:23:13,513] {scheduler_job.py:629} INFO - Processing file /opt/airflow/dags/json_file.py for tasks to queue
[2024-04-30 16:23:13,514] {logging_mixin.py:104} INFO - [2024-04-30 16:23:13,514] {dagbag.py:451} INFO - Filling up the DagBag from /opt/airflow/dags/json_file.py
[2024-04-30 16:23:13,552] {scheduler_job.py:639} INFO - DAG(s) dict_keys(['json_file']) retrieved from /opt/airflow/dags/json_file.py
[2024-04-30 16:23:13,580] {logging_mixin.py:104} INFO - [2024-04-30 16:23:13,580] {dag.py:1824} INFO - Sync 1 DAGs
[2024-04-30 16:23:13,601] {logging_mixin.py:104} INFO - [2024-04-30 16:23:13,601] {dag.py:2280} INFO - Setting next_dagrun for json_file to 2024-04-30 16:09:31.898112+00:00
[2024-04-30 16:23:13,610] {scheduler_job.py:190} INFO - Processing /opt/airflow/dags/json_file.py took 0.102 seconds
[2024-04-30 16:23:44,085] {scheduler_job.py:182} INFO - Started process (PID=1023) to work on /opt/airflow/dags/json_file.py
[2024-04-30 16:23:44,086] {scheduler_job.py:629} INFO - Processing file /opt/airflow/dags/json_file.py for tasks to queue
[2024-04-30 16:23:44,087] {logging_mixin.py:104} INFO - [2024-04-30 16:23:44,087] {dagbag.py:451} INFO - Filling up the DagBag from /opt/airflow/dags/json_file.py
[2024-04-30 16:23:44,116] {scheduler_job.py:639} INFO - DAG(s) dict_keys(['json_file']) retrieved from /opt/airflow/dags/json_file.py
[2024-04-30 16:23:44,136] {logging_mixin.py:104} INFO - [2024-04-30 16:23:44,136] {dag.py:1824} INFO - Sync 1 DAGs
[2024-04-30 16:23:44,154] {logging_mixin.py:104} INFO - [2024-04-30 16:23:44,154] {dag.py:2280} INFO - Setting next_dagrun for json_file to 2024-04-30 16:09:31.898112+00:00
[2024-04-30 16:23:44,164] {scheduler_job.py:190} INFO - Processing /opt/airflow/dags/json_file.py took 0.083 seconds
[2024-04-30 16:24:14,723] {scheduler_job.py:182} INFO - Started process (PID=1055) to work on /opt/airflow/dags/json_file.py
[2024-04-30 16:24:14,724] {scheduler_job.py:629} INFO - Processing file /opt/airflow/dags/json_file.py for tasks to queue
[2024-04-30 16:24:14,725] {logging_mixin.py:104} INFO - [2024-04-30 16:24:14,725] {dagbag.py:451} INFO - Filling up the DagBag from /opt/airflow/dags/json_file.py
[2024-04-30 16:24:14,755] {scheduler_job.py:639} INFO - DAG(s) dict_keys(['json_file']) retrieved from /opt/airflow/dags/json_file.py
[2024-04-30 16:24:14,778] {logging_mixin.py:104} INFO - [2024-04-30 16:24:14,778] {dag.py:1824} INFO - Sync 1 DAGs
[2024-04-30 16:24:14,794] {logging_mixin.py:104} INFO - [2024-04-30 16:24:14,794] {dag.py:2280} INFO - Setting next_dagrun for json_file to 2024-04-30 16:09:31.898112+00:00
[2024-04-30 16:24:14,805] {scheduler_job.py:190} INFO - Processing /opt/airflow/dags/json_file.py took 0.085 seconds
[2024-04-30 16:24:45,214] {scheduler_job.py:182} INFO - Started process (PID=1087) to work on /opt/airflow/dags/json_file.py
[2024-04-30 16:24:45,215] {scheduler_job.py:629} INFO - Processing file /opt/airflow/dags/json_file.py for tasks to queue
[2024-04-30 16:24:45,216] {logging_mixin.py:104} INFO - [2024-04-30 16:24:45,215] {dagbag.py:451} INFO - Filling up the DagBag from /opt/airflow/dags/json_file.py
[2024-04-30 16:24:45,246] {scheduler_job.py:639} INFO - DAG(s) dict_keys(['json_file']) retrieved from /opt/airflow/dags/json_file.py
[2024-04-30 16:24:45,273] {logging_mixin.py:104} INFO - [2024-04-30 16:24:45,272] {dag.py:1824} INFO - Sync 1 DAGs
[2024-04-30 16:24:45,288] {logging_mixin.py:104} INFO - [2024-04-30 16:24:45,288] {dag.py:2280} INFO - Setting next_dagrun for json_file to 2024-04-30 16:09:31.898112+00:00
[2024-04-30 16:24:45,298] {scheduler_job.py:190} INFO - Processing /opt/airflow/dags/json_file.py took 0.087 seconds
[2024-04-30 16:25:15,997] {scheduler_job.py:182} INFO - Started process (PID=1119) to work on /opt/airflow/dags/json_file.py
[2024-04-30 16:25:15,998] {scheduler_job.py:629} INFO - Processing file /opt/airflow/dags/json_file.py for tasks to queue
[2024-04-30 16:25:15,999] {logging_mixin.py:104} INFO - [2024-04-30 16:25:15,999] {dagbag.py:451} INFO - Filling up the DagBag from /opt/airflow/dags/json_file.py
[2024-04-30 16:25:16,034] {scheduler_job.py:639} INFO - DAG(s) dict_keys(['json_file']) retrieved from /opt/airflow/dags/json_file.py
[2024-04-30 16:25:16,057] {logging_mixin.py:104} INFO - [2024-04-30 16:25:16,057] {dag.py:1824} INFO - Sync 1 DAGs
[2024-04-30 16:25:16,072] {logging_mixin.py:104} INFO - [2024-04-30 16:25:16,072] {dag.py:2280} INFO - Setting next_dagrun for json_file to 2024-04-30 16:09:31.898112+00:00
[2024-04-30 16:25:16,082] {scheduler_job.py:190} INFO - Processing /opt/airflow/dags/json_file.py took 0.089 seconds
[2024-04-30 16:25:46,572] {scheduler_job.py:182} INFO - Started process (PID=1151) to work on /opt/airflow/dags/json_file.py
[2024-04-30 16:25:46,573] {scheduler_job.py:629} INFO - Processing file /opt/airflow/dags/json_file.py for tasks to queue
[2024-04-30 16:25:46,574] {logging_mixin.py:104} INFO - [2024-04-30 16:25:46,574] {dagbag.py:451} INFO - Filling up the DagBag from /opt/airflow/dags/json_file.py
[2024-04-30 16:25:46,604] {scheduler_job.py:639} INFO - DAG(s) dict_keys(['json_file']) retrieved from /opt/airflow/dags/json_file.py
[2024-04-30 16:25:46,629] {logging_mixin.py:104} INFO - [2024-04-30 16:25:46,629] {dag.py:1824} INFO - Sync 1 DAGs
[2024-04-30 16:25:46,644] {logging_mixin.py:104} INFO - [2024-04-30 16:25:46,644] {dag.py:2280} INFO - Setting next_dagrun for json_file to 2024-04-30 16:09:31.898112+00:00
[2024-04-30 16:25:46,654] {scheduler_job.py:190} INFO - Processing /opt/airflow/dags/json_file.py took 0.086 seconds
[2024-04-30 16:26:16,998] {scheduler_job.py:182} INFO - Started process (PID=1183) to work on /opt/airflow/dags/json_file.py
[2024-04-30 16:26:16,999] {scheduler_job.py:629} INFO - Processing file /opt/airflow/dags/json_file.py for tasks to queue
[2024-04-30 16:26:17,000] {logging_mixin.py:104} INFO - [2024-04-30 16:26:17,000] {dagbag.py:451} INFO - Filling up the DagBag from /opt/airflow/dags/json_file.py
[2024-04-30 16:26:17,030] {scheduler_job.py:639} INFO - DAG(s) dict_keys(['json_file']) retrieved from /opt/airflow/dags/json_file.py
[2024-04-30 16:26:17,050] {logging_mixin.py:104} INFO - [2024-04-30 16:26:17,050] {dag.py:1824} INFO - Sync 1 DAGs
[2024-04-30 16:26:17,065] {logging_mixin.py:104} INFO - [2024-04-30 16:26:17,065] {dag.py:2280} INFO - Setting next_dagrun for json_file to 2024-04-30 16:09:31.898112+00:00
[2024-04-30 16:26:17,075] {scheduler_job.py:190} INFO - Processing /opt/airflow/dags/json_file.py took 0.080 seconds
[2024-04-30 16:26:47,602] {scheduler_job.py:182} INFO - Started process (PID=1215) to work on /opt/airflow/dags/json_file.py
[2024-04-30 16:26:47,605] {scheduler_job.py:629} INFO - Processing file /opt/airflow/dags/json_file.py for tasks to queue
[2024-04-30 16:26:47,606] {logging_mixin.py:104} INFO - [2024-04-30 16:26:47,606] {dagbag.py:451} INFO - Filling up the DagBag from /opt/airflow/dags/json_file.py
[2024-04-30 16:26:47,647] {scheduler_job.py:639} INFO - DAG(s) dict_keys(['json_file']) retrieved from /opt/airflow/dags/json_file.py
[2024-04-30 16:26:47,685] {logging_mixin.py:104} INFO - [2024-04-30 16:26:47,685] {dag.py:1824} INFO - Sync 1 DAGs
[2024-04-30 16:26:47,708] {logging_mixin.py:104} INFO - [2024-04-30 16:26:47,707] {dag.py:2280} INFO - Setting next_dagrun for json_file to 2024-04-30 16:09:31.898112+00:00
[2024-04-30 16:26:47,718] {scheduler_job.py:190} INFO - Processing /opt/airflow/dags/json_file.py took 0.119 seconds
[2024-04-30 16:27:18,017] {scheduler_job.py:182} INFO - Started process (PID=1247) to work on /opt/airflow/dags/json_file.py
[2024-04-30 16:27:18,019] {scheduler_job.py:629} INFO - Processing file /opt/airflow/dags/json_file.py for tasks to queue
[2024-04-30 16:27:18,020] {logging_mixin.py:104} INFO - [2024-04-30 16:27:18,020] {dagbag.py:451} INFO - Filling up the DagBag from /opt/airflow/dags/json_file.py
[2024-04-30 16:27:18,056] {scheduler_job.py:639} INFO - DAG(s) dict_keys(['json_file']) retrieved from /opt/airflow/dags/json_file.py
[2024-04-30 16:27:18,075] {logging_mixin.py:104} INFO - [2024-04-30 16:27:18,075] {dag.py:1824} INFO - Sync 1 DAGs
[2024-04-30 16:27:18,089] {logging_mixin.py:104} INFO - [2024-04-30 16:27:18,089] {dag.py:2280} INFO - Setting next_dagrun for json_file to 2024-04-30 16:09:31.898112+00:00
[2024-04-30 16:27:18,098] {scheduler_job.py:190} INFO - Processing /opt/airflow/dags/json_file.py took 0.085 seconds
[2024-04-30 16:27:48,496] {scheduler_job.py:182} INFO - Started process (PID=1279) to work on /opt/airflow/dags/json_file.py
[2024-04-30 16:27:48,497] {scheduler_job.py:629} INFO - Processing file /opt/airflow/dags/json_file.py for tasks to queue
[2024-04-30 16:27:48,498] {logging_mixin.py:104} INFO - [2024-04-30 16:27:48,498] {dagbag.py:451} INFO - Filling up the DagBag from /opt/airflow/dags/json_file.py
[2024-04-30 16:27:48,523] {scheduler_job.py:639} INFO - DAG(s) dict_keys(['json_file']) retrieved from /opt/airflow/dags/json_file.py
[2024-04-30 16:27:48,543] {logging_mixin.py:104} INFO - [2024-04-30 16:27:48,543] {dag.py:1824} INFO - Sync 1 DAGs
[2024-04-30 16:27:48,558] {logging_mixin.py:104} INFO - [2024-04-30 16:27:48,557] {dag.py:2280} INFO - Setting next_dagrun for json_file to 2024-04-30 16:09:31.898112+00:00
[2024-04-30 16:27:48,568] {scheduler_job.py:190} INFO - Processing /opt/airflow/dags/json_file.py took 0.075 seconds
[2024-04-30 16:28:19,123] {scheduler_job.py:182} INFO - Started process (PID=1311) to work on /opt/airflow/dags/json_file.py
[2024-04-30 16:28:19,125] {scheduler_job.py:629} INFO - Processing file /opt/airflow/dags/json_file.py for tasks to queue
[2024-04-30 16:28:19,126] {logging_mixin.py:104} INFO - [2024-04-30 16:28:19,126] {dagbag.py:451} INFO - Filling up the DagBag from /opt/airflow/dags/json_file.py
[2024-04-30 16:28:19,155] {scheduler_job.py:639} INFO - DAG(s) dict_keys(['json_file']) retrieved from /opt/airflow/dags/json_file.py
[2024-04-30 16:28:19,175] {logging_mixin.py:104} INFO - [2024-04-30 16:28:19,175] {dag.py:1824} INFO - Sync 1 DAGs
[2024-04-30 16:28:19,188] {logging_mixin.py:104} INFO - [2024-04-30 16:28:19,188] {dag.py:2280} INFO - Setting next_dagrun for json_file to 2024-04-30 16:09:31.898112+00:00
[2024-04-30 16:28:19,197] {scheduler_job.py:190} INFO - Processing /opt/airflow/dags/json_file.py took 0.077 seconds
[2024-04-30 16:28:49,643] {scheduler_job.py:182} INFO - Started process (PID=1343) to work on /opt/airflow/dags/json_file.py
[2024-04-30 16:28:49,644] {scheduler_job.py:629} INFO - Processing file /opt/airflow/dags/json_file.py for tasks to queue
[2024-04-30 16:28:49,645] {logging_mixin.py:104} INFO - [2024-04-30 16:28:49,645] {dagbag.py:451} INFO - Filling up the DagBag from /opt/airflow/dags/json_file.py
[2024-04-30 16:28:49,672] {scheduler_job.py:639} INFO - DAG(s) dict_keys(['json_file']) retrieved from /opt/airflow/dags/json_file.py
[2024-04-30 16:28:49,691] {logging_mixin.py:104} INFO - [2024-04-30 16:28:49,690] {dag.py:1824} INFO - Sync 1 DAGs
[2024-04-30 16:28:49,705] {logging_mixin.py:104} INFO - [2024-04-30 16:28:49,705] {dag.py:2280} INFO - Setting next_dagrun for json_file to 2024-04-30 16:09:31.898112+00:00
[2024-04-30 16:28:49,715] {scheduler_job.py:190} INFO - Processing /opt/airflow/dags/json_file.py took 0.075 seconds
[2024-04-30 16:29:20,212] {scheduler_job.py:182} INFO - Started process (PID=1375) to work on /opt/airflow/dags/json_file.py
[2024-04-30 16:29:20,213] {scheduler_job.py:629} INFO - Processing file /opt/airflow/dags/json_file.py for tasks to queue
[2024-04-30 16:29:20,214] {logging_mixin.py:104} INFO - [2024-04-30 16:29:20,214] {dagbag.py:451} INFO - Filling up the DagBag from /opt/airflow/dags/json_file.py
[2024-04-30 16:29:20,240] {scheduler_job.py:639} INFO - DAG(s) dict_keys(['json_file']) retrieved from /opt/airflow/dags/json_file.py
[2024-04-30 16:29:20,261] {logging_mixin.py:104} INFO - [2024-04-30 16:29:20,261] {dag.py:1824} INFO - Sync 1 DAGs
[2024-04-30 16:29:20,276] {logging_mixin.py:104} INFO - [2024-04-30 16:29:20,276] {dag.py:2280} INFO - Setting next_dagrun for json_file to 2024-04-30 16:09:31.898112+00:00
[2024-04-30 16:29:20,286] {scheduler_job.py:190} INFO - Processing /opt/airflow/dags/json_file.py took 0.077 seconds
[2024-04-30 16:29:50,746] {scheduler_job.py:182} INFO - Started process (PID=1407) to work on /opt/airflow/dags/json_file.py
[2024-04-30 16:29:50,747] {scheduler_job.py:629} INFO - Processing file /opt/airflow/dags/json_file.py for tasks to queue
[2024-04-30 16:29:50,748] {logging_mixin.py:104} INFO - [2024-04-30 16:29:50,748] {dagbag.py:451} INFO - Filling up the DagBag from /opt/airflow/dags/json_file.py
[2024-04-30 16:29:50,774] {scheduler_job.py:639} INFO - DAG(s) dict_keys(['json_file']) retrieved from /opt/airflow/dags/json_file.py
[2024-04-30 16:29:50,793] {logging_mixin.py:104} INFO - [2024-04-30 16:29:50,793] {dag.py:1824} INFO - Sync 1 DAGs
[2024-04-30 16:29:50,808] {logging_mixin.py:104} INFO - [2024-04-30 16:29:50,808] {dag.py:2280} INFO - Setting next_dagrun for json_file to 2024-04-30 16:09:31.898112+00:00
[2024-04-30 16:29:50,818] {scheduler_job.py:190} INFO - Processing /opt/airflow/dags/json_file.py took 0.075 seconds
[2024-04-30 16:30:21,322] {scheduler_job.py:182} INFO - Started process (PID=1439) to work on /opt/airflow/dags/json_file.py
[2024-04-30 16:30:21,323] {scheduler_job.py:629} INFO - Processing file /opt/airflow/dags/json_file.py for tasks to queue
[2024-04-30 16:30:21,324] {logging_mixin.py:104} INFO - [2024-04-30 16:30:21,324] {dagbag.py:451} INFO - Filling up the DagBag from /opt/airflow/dags/json_file.py
[2024-04-30 16:30:21,351] {scheduler_job.py:639} INFO - DAG(s) dict_keys(['json_file']) retrieved from /opt/airflow/dags/json_file.py
[2024-04-30 16:30:21,371] {logging_mixin.py:104} INFO - [2024-04-30 16:30:21,371] {dag.py:1824} INFO - Sync 1 DAGs
[2024-04-30 16:30:21,387] {logging_mixin.py:104} INFO - [2024-04-30 16:30:21,387] {dag.py:2280} INFO - Setting next_dagrun for json_file to 2024-04-30 16:09:31.898112+00:00
[2024-04-30 16:30:21,397] {scheduler_job.py:190} INFO - Processing /opt/airflow/dags/json_file.py took 0.079 seconds
[2024-04-30 16:30:52,318] {scheduler_job.py:182} INFO - Started process (PID=1471) to work on /opt/airflow/dags/json_file.py
[2024-04-30 16:30:52,319] {scheduler_job.py:629} INFO - Processing file /opt/airflow/dags/json_file.py for tasks to queue
[2024-04-30 16:30:52,320] {logging_mixin.py:104} INFO - [2024-04-30 16:30:52,320] {dagbag.py:451} INFO - Filling up the DagBag from /opt/airflow/dags/json_file.py
[2024-04-30 16:30:52,369] {scheduler_job.py:639} INFO - DAG(s) dict_keys(['json_file']) retrieved from /opt/airflow/dags/json_file.py
[2024-04-30 16:30:52,415] {logging_mixin.py:104} INFO - [2024-04-30 16:30:52,415] {dag.py:1824} INFO - Sync 1 DAGs
[2024-04-30 16:30:52,445] {logging_mixin.py:104} INFO - [2024-04-30 16:30:52,445] {dag.py:2280} INFO - Setting next_dagrun for json_file to 2024-04-30 16:09:31.898112+00:00
[2024-04-30 16:30:52,469] {scheduler_job.py:190} INFO - Processing /opt/airflow/dags/json_file.py took 0.155 seconds
[2024-04-30 16:31:22,933] {scheduler_job.py:182} INFO - Started process (PID=1503) to work on /opt/airflow/dags/json_file.py
[2024-04-30 16:31:22,935] {scheduler_job.py:629} INFO - Processing file /opt/airflow/dags/json_file.py for tasks to queue
[2024-04-30 16:31:22,936] {logging_mixin.py:104} INFO - [2024-04-30 16:31:22,936] {dagbag.py:451} INFO - Filling up the DagBag from /opt/airflow/dags/json_file.py
[2024-04-30 16:31:22,987] {scheduler_job.py:639} INFO - DAG(s) dict_keys(['json_file']) retrieved from /opt/airflow/dags/json_file.py
[2024-04-30 16:31:23,035] {logging_mixin.py:104} INFO - [2024-04-30 16:31:23,035] {dag.py:1824} INFO - Sync 1 DAGs
[2024-04-30 16:31:23,068] {logging_mixin.py:104} INFO - [2024-04-30 16:31:23,067] {dag.py:2280} INFO - Setting next_dagrun for json_file to 2024-04-30 16:09:31.898112+00:00
[2024-04-30 16:31:23,087] {scheduler_job.py:190} INFO - Processing /opt/airflow/dags/json_file.py took 0.158 seconds
[2024-04-30 16:31:53,415] {scheduler_job.py:182} INFO - Started process (PID=1535) to work on /opt/airflow/dags/json_file.py
[2024-04-30 16:31:53,418] {scheduler_job.py:629} INFO - Processing file /opt/airflow/dags/json_file.py for tasks to queue
[2024-04-30 16:31:53,419] {logging_mixin.py:104} INFO - [2024-04-30 16:31:53,419] {dagbag.py:451} INFO - Filling up the DagBag from /opt/airflow/dags/json_file.py
[2024-04-30 16:31:53,468] {scheduler_job.py:639} INFO - DAG(s) dict_keys(['json_file']) retrieved from /opt/airflow/dags/json_file.py
[2024-04-30 16:31:53,518] {logging_mixin.py:104} INFO - [2024-04-30 16:31:53,518] {dag.py:1824} INFO - Sync 1 DAGs
[2024-04-30 16:31:53,545] {logging_mixin.py:104} INFO - [2024-04-30 16:31:53,545] {dag.py:2280} INFO - Setting next_dagrun for json_file to 2024-04-30 16:09:31.898112+00:00
[2024-04-30 16:31:53,560] {scheduler_job.py:190} INFO - Processing /opt/airflow/dags/json_file.py took 0.149 seconds
[2024-04-30 16:32:24,201] {scheduler_job.py:182} INFO - Started process (PID=1567) to work on /opt/airflow/dags/json_file.py
[2024-04-30 16:32:24,202] {scheduler_job.py:629} INFO - Processing file /opt/airflow/dags/json_file.py for tasks to queue
[2024-04-30 16:32:24,203] {logging_mixin.py:104} INFO - [2024-04-30 16:32:24,203] {dagbag.py:451} INFO - Filling up the DagBag from /opt/airflow/dags/json_file.py
[2024-04-30 16:32:24,232] {scheduler_job.py:639} INFO - DAG(s) dict_keys(['json_file']) retrieved from /opt/airflow/dags/json_file.py
[2024-04-30 16:32:24,254] {logging_mixin.py:104} INFO - [2024-04-30 16:32:24,254] {dag.py:1824} INFO - Sync 1 DAGs
[2024-04-30 16:32:24,306] {logging_mixin.py:104} INFO - [2024-04-30 16:32:24,306] {dag.py:2280} INFO - Setting next_dagrun for json_file to 2024-04-30 16:09:31.898112+00:00
[2024-04-30 16:32:24,313] {scheduler_job.py:190} INFO - Processing /opt/airflow/dags/json_file.py took 0.115 seconds
[2024-04-30 16:32:54,744] {scheduler_job.py:182} INFO - Started process (PID=1599) to work on /opt/airflow/dags/json_file.py
[2024-04-30 16:32:54,745] {scheduler_job.py:629} INFO - Processing file /opt/airflow/dags/json_file.py for tasks to queue
[2024-04-30 16:32:54,746] {logging_mixin.py:104} INFO - [2024-04-30 16:32:54,746] {dagbag.py:451} INFO - Filling up the DagBag from /opt/airflow/dags/json_file.py
[2024-04-30 16:32:54,775] {scheduler_job.py:639} INFO - DAG(s) dict_keys(['json_file']) retrieved from /opt/airflow/dags/json_file.py
[2024-04-30 16:32:54,797] {logging_mixin.py:104} INFO - [2024-04-30 16:32:54,797] {dag.py:1824} INFO - Sync 1 DAGs
[2024-04-30 16:32:54,811] {logging_mixin.py:104} INFO - [2024-04-30 16:32:54,811] {dag.py:2280} INFO - Setting next_dagrun for json_file to 2024-04-30 16:09:31.898112+00:00
[2024-04-30 16:32:54,822] {scheduler_job.py:190} INFO - Processing /opt/airflow/dags/json_file.py took 0.081 seconds
[2024-04-30 16:33:25,233] {scheduler_job.py:182} INFO - Started process (PID=1631) to work on /opt/airflow/dags/json_file.py
[2024-04-30 16:33:25,235] {scheduler_job.py:629} INFO - Processing file /opt/airflow/dags/json_file.py for tasks to queue
[2024-04-30 16:33:25,235] {logging_mixin.py:104} INFO - [2024-04-30 16:33:25,235] {dagbag.py:451} INFO - Filling up the DagBag from /opt/airflow/dags/json_file.py
[2024-04-30 16:33:25,263] {scheduler_job.py:639} INFO - DAG(s) dict_keys(['json_file']) retrieved from /opt/airflow/dags/json_file.py
[2024-04-30 16:33:25,283] {logging_mixin.py:104} INFO - [2024-04-30 16:33:25,283] {dag.py:1824} INFO - Sync 1 DAGs
[2024-04-30 16:33:25,297] {logging_mixin.py:104} INFO - [2024-04-30 16:33:25,297] {dag.py:2280} INFO - Setting next_dagrun for json_file to 2024-04-30 16:09:31.898112+00:00
[2024-04-30 16:33:25,305] {scheduler_job.py:190} INFO - Processing /opt/airflow/dags/json_file.py took 0.074 seconds
[2024-04-30 16:33:55,938] {scheduler_job.py:182} INFO - Started process (PID=1663) to work on /opt/airflow/dags/json_file.py
[2024-04-30 16:33:55,940] {scheduler_job.py:629} INFO - Processing file /opt/airflow/dags/json_file.py for tasks to queue
[2024-04-30 16:33:55,940] {logging_mixin.py:104} INFO - [2024-04-30 16:33:55,940] {dagbag.py:451} INFO - Filling up the DagBag from /opt/airflow/dags/json_file.py
[2024-04-30 16:33:55,970] {scheduler_job.py:639} INFO - DAG(s) dict_keys(['json_file']) retrieved from /opt/airflow/dags/json_file.py
[2024-04-30 16:33:55,991] {logging_mixin.py:104} INFO - [2024-04-30 16:33:55,991] {dag.py:1824} INFO - Sync 1 DAGs
[2024-04-30 16:33:56,005] {logging_mixin.py:104} INFO - [2024-04-30 16:33:56,005] {dag.py:2280} INFO - Setting next_dagrun for json_file to 2024-04-30 16:09:31.898112+00:00
[2024-04-30 16:33:56,014] {scheduler_job.py:190} INFO - Processing /opt/airflow/dags/json_file.py took 0.080 seconds
[2024-04-30 16:34:26,500] {scheduler_job.py:182} INFO - Started process (PID=1695) to work on /opt/airflow/dags/json_file.py
[2024-04-30 16:34:26,502] {scheduler_job.py:629} INFO - Processing file /opt/airflow/dags/json_file.py for tasks to queue
[2024-04-30 16:34:26,505] {logging_mixin.py:104} INFO - [2024-04-30 16:34:26,504] {dagbag.py:451} INFO - Filling up the DagBag from /opt/airflow/dags/json_file.py
[2024-04-30 16:34:26,531] {scheduler_job.py:639} INFO - DAG(s) dict_keys(['json_file']) retrieved from /opt/airflow/dags/json_file.py
[2024-04-30 16:34:26,550] {logging_mixin.py:104} INFO - [2024-04-30 16:34:26,550] {dag.py:1824} INFO - Sync 1 DAGs
[2024-04-30 16:34:26,565] {logging_mixin.py:104} INFO - [2024-04-30 16:34:26,565] {dag.py:2280} INFO - Setting next_dagrun for json_file to 2024-04-30 16:09:31.898112+00:00
[2024-04-30 16:34:26,576] {scheduler_job.py:190} INFO - Processing /opt/airflow/dags/json_file.py took 0.079 seconds
[2024-04-30 16:34:57,184] {scheduler_job.py:182} INFO - Started process (PID=1727) to work on /opt/airflow/dags/json_file.py
[2024-04-30 16:34:57,185] {scheduler_job.py:629} INFO - Processing file /opt/airflow/dags/json_file.py for tasks to queue
[2024-04-30 16:34:57,186] {logging_mixin.py:104} INFO - [2024-04-30 16:34:57,186] {dagbag.py:451} INFO - Filling up the DagBag from /opt/airflow/dags/json_file.py
[2024-04-30 16:34:57,213] {scheduler_job.py:639} INFO - DAG(s) dict_keys(['json_file']) retrieved from /opt/airflow/dags/json_file.py
[2024-04-30 16:34:57,231] {logging_mixin.py:104} INFO - [2024-04-30 16:34:57,231] {dag.py:1824} INFO - Sync 1 DAGs
[2024-04-30 16:34:57,245] {logging_mixin.py:104} INFO - [2024-04-30 16:34:57,245] {dag.py:2280} INFO - Setting next_dagrun for json_file to 2024-04-30 16:09:31.898112+00:00
[2024-04-30 16:34:57,255] {scheduler_job.py:190} INFO - Processing /opt/airflow/dags/json_file.py took 0.074 seconds
[2024-04-30 16:35:27,766] {scheduler_job.py:182} INFO - Started process (PID=1759) to work on /opt/airflow/dags/json_file.py
[2024-04-30 16:35:27,767] {scheduler_job.py:629} INFO - Processing file /opt/airflow/dags/json_file.py for tasks to queue
[2024-04-30 16:35:27,768] {logging_mixin.py:104} INFO - [2024-04-30 16:35:27,767] {dagbag.py:451} INFO - Filling up the DagBag from /opt/airflow/dags/json_file.py
[2024-04-30 16:35:27,797] {scheduler_job.py:639} INFO - DAG(s) dict_keys(['json_file']) retrieved from /opt/airflow/dags/json_file.py
[2024-04-30 16:35:27,821] {logging_mixin.py:104} INFO - [2024-04-30 16:35:27,821] {dag.py:1824} INFO - Sync 1 DAGs
[2024-04-30 16:35:27,838] {logging_mixin.py:104} INFO - [2024-04-30 16:35:27,838] {dag.py:2280} INFO - Setting next_dagrun for json_file to 2024-04-30 16:09:31.898112+00:00
[2024-04-30 16:35:27,849] {scheduler_job.py:190} INFO - Processing /opt/airflow/dags/json_file.py took 0.087 seconds
[2024-04-30 16:35:58,242] {scheduler_job.py:182} INFO - Started process (PID=1791) to work on /opt/airflow/dags/json_file.py
[2024-04-30 16:35:58,243] {scheduler_job.py:629} INFO - Processing file /opt/airflow/dags/json_file.py for tasks to queue
[2024-04-30 16:35:58,244] {logging_mixin.py:104} INFO - [2024-04-30 16:35:58,244] {dagbag.py:451} INFO - Filling up the DagBag from /opt/airflow/dags/json_file.py
[2024-04-30 16:35:58,279] {scheduler_job.py:639} INFO - DAG(s) dict_keys(['json_file']) retrieved from /opt/airflow/dags/json_file.py
[2024-04-30 16:35:58,304] {logging_mixin.py:104} INFO - [2024-04-30 16:35:58,304] {dag.py:1824} INFO - Sync 1 DAGs
[2024-04-30 16:35:58,319] {logging_mixin.py:104} INFO - [2024-04-30 16:35:58,319] {dag.py:2280} INFO - Setting next_dagrun for json_file to 2024-04-30 16:09:31.898112+00:00
[2024-04-30 16:35:58,330] {scheduler_job.py:190} INFO - Processing /opt/airflow/dags/json_file.py took 0.091 seconds
[2024-04-30 16:36:28,906] {scheduler_job.py:182} INFO - Started process (PID=1823) to work on /opt/airflow/dags/json_file.py
[2024-04-30 16:36:28,908] {scheduler_job.py:629} INFO - Processing file /opt/airflow/dags/json_file.py for tasks to queue
[2024-04-30 16:36:28,909] {logging_mixin.py:104} INFO - [2024-04-30 16:36:28,909] {dagbag.py:451} INFO - Filling up the DagBag from /opt/airflow/dags/json_file.py
[2024-04-30 16:36:28,933] {scheduler_job.py:639} INFO - DAG(s) dict_keys(['json_file']) retrieved from /opt/airflow/dags/json_file.py
[2024-04-30 16:36:28,952] {logging_mixin.py:104} INFO - [2024-04-30 16:36:28,952] {dag.py:1824} INFO - Sync 1 DAGs
[2024-04-30 16:36:28,966] {logging_mixin.py:104} INFO - [2024-04-30 16:36:28,966] {dag.py:2280} INFO - Setting next_dagrun for json_file to 2024-04-30 16:09:31.898112+00:00
[2024-04-30 16:36:28,975] {scheduler_job.py:190} INFO - Processing /opt/airflow/dags/json_file.py took 0.072 seconds
[2024-04-30 16:36:59,449] {scheduler_job.py:182} INFO - Started process (PID=1855) to work on /opt/airflow/dags/json_file.py
[2024-04-30 16:36:59,450] {scheduler_job.py:629} INFO - Processing file /opt/airflow/dags/json_file.py for tasks to queue
[2024-04-30 16:36:59,451] {logging_mixin.py:104} INFO - [2024-04-30 16:36:59,450] {dagbag.py:451} INFO - Filling up the DagBag from /opt/airflow/dags/json_file.py
[2024-04-30 16:36:59,477] {scheduler_job.py:639} INFO - DAG(s) dict_keys(['json_file']) retrieved from /opt/airflow/dags/json_file.py
[2024-04-30 16:36:59,495] {logging_mixin.py:104} INFO - [2024-04-30 16:36:59,495] {dag.py:1824} INFO - Sync 1 DAGs
[2024-04-30 16:36:59,509] {logging_mixin.py:104} INFO - [2024-04-30 16:36:59,509] {dag.py:2280} INFO - Setting next_dagrun for json_file to 2024-04-30 16:09:31.898112+00:00
[2024-04-30 16:36:59,519] {scheduler_job.py:190} INFO - Processing /opt/airflow/dags/json_file.py took 0.073 seconds
[2024-04-30 16:37:30,001] {scheduler_job.py:182} INFO - Started process (PID=1887) to work on /opt/airflow/dags/json_file.py
[2024-04-30 16:37:30,002] {scheduler_job.py:629} INFO - Processing file /opt/airflow/dags/json_file.py for tasks to queue
[2024-04-30 16:37:30,003] {logging_mixin.py:104} INFO - [2024-04-30 16:37:30,003] {dagbag.py:451} INFO - Filling up the DagBag from /opt/airflow/dags/json_file.py
[2024-04-30 16:37:30,030] {scheduler_job.py:639} INFO - DAG(s) dict_keys(['json_file']) retrieved from /opt/airflow/dags/json_file.py
[2024-04-30 16:37:30,049] {logging_mixin.py:104} INFO - [2024-04-30 16:37:30,049] {dag.py:1824} INFO - Sync 1 DAGs
[2024-04-30 16:37:30,063] {logging_mixin.py:104} INFO - [2024-04-30 16:37:30,063] {dag.py:2280} INFO - Setting next_dagrun for json_file to 2024-04-30 16:09:31.898112+00:00
[2024-04-30 16:37:30,073] {scheduler_job.py:190} INFO - Processing /opt/airflow/dags/json_file.py took 0.075 seconds
[2024-04-30 16:38:00,417] {scheduler_job.py:182} INFO - Started process (PID=1919) to work on /opt/airflow/dags/json_file.py
[2024-04-30 16:38:00,419] {scheduler_job.py:629} INFO - Processing file /opt/airflow/dags/json_file.py for tasks to queue
[2024-04-30 16:38:00,420] {logging_mixin.py:104} INFO - [2024-04-30 16:38:00,419] {dagbag.py:451} INFO - Filling up the DagBag from /opt/airflow/dags/json_file.py
[2024-04-30 16:38:00,446] {scheduler_job.py:639} INFO - DAG(s) dict_keys(['json_file']) retrieved from /opt/airflow/dags/json_file.py
[2024-04-30 16:38:00,467] {logging_mixin.py:104} INFO - [2024-04-30 16:38:00,467] {dag.py:1824} INFO - Sync 1 DAGs
[2024-04-30 16:38:00,481] {logging_mixin.py:104} INFO - [2024-04-30 16:38:00,481] {dag.py:2280} INFO - Setting next_dagrun for json_file to 2024-04-30 16:09:31.898112+00:00
[2024-04-30 16:38:00,489] {scheduler_job.py:190} INFO - Processing /opt/airflow/dags/json_file.py took 0.075 seconds
[2024-04-30 16:38:30,892] {scheduler_job.py:182} INFO - Started process (PID=1951) to work on /opt/airflow/dags/json_file.py
[2024-04-30 16:38:30,893] {scheduler_job.py:629} INFO - Processing file /opt/airflow/dags/json_file.py for tasks to queue
[2024-04-30 16:38:30,894] {logging_mixin.py:104} INFO - [2024-04-30 16:38:30,894] {dagbag.py:451} INFO - Filling up the DagBag from /opt/airflow/dags/json_file.py
[2024-04-30 16:38:30,939] {scheduler_job.py:639} INFO - DAG(s) dict_keys(['json_file']) retrieved from /opt/airflow/dags/json_file.py
[2024-04-30 16:38:30,960] {logging_mixin.py:104} INFO - [2024-04-30 16:38:30,960] {dag.py:1824} INFO - Sync 1 DAGs
[2024-04-30 16:38:30,979] {logging_mixin.py:104} INFO - [2024-04-30 16:38:30,978] {dag.py:2280} INFO - Setting next_dagrun for json_file to 2024-04-30 16:09:31.898112+00:00
[2024-04-30 16:38:30,987] {scheduler_job.py:190} INFO - Processing /opt/airflow/dags/json_file.py took 0.099 seconds
[2024-04-30 16:39:01,557] {scheduler_job.py:182} INFO - Started process (PID=1983) to work on /opt/airflow/dags/json_file.py
[2024-04-30 16:39:01,558] {scheduler_job.py:629} INFO - Processing file /opt/airflow/dags/json_file.py for tasks to queue
[2024-04-30 16:39:01,558] {logging_mixin.py:104} INFO - [2024-04-30 16:39:01,558] {dagbag.py:451} INFO - Filling up the DagBag from /opt/airflow/dags/json_file.py
[2024-04-30 16:39:01,584] {scheduler_job.py:639} INFO - DAG(s) dict_keys(['json_file']) retrieved from /opt/airflow/dags/json_file.py
[2024-04-30 16:39:01,603] {logging_mixin.py:104} INFO - [2024-04-30 16:39:01,603] {dag.py:1824} INFO - Sync 1 DAGs
[2024-04-30 16:39:01,618] {logging_mixin.py:104} INFO - [2024-04-30 16:39:01,618] {dag.py:2280} INFO - Setting next_dagrun for json_file to 2024-04-30 16:09:31.898112+00:00
[2024-04-30 16:39:01,628] {scheduler_job.py:190} INFO - Processing /opt/airflow/dags/json_file.py took 0.074 seconds
[2024-04-30 16:39:31,934] {scheduler_job.py:182} INFO - Started process (PID=2015) to work on /opt/airflow/dags/json_file.py
[2024-04-30 16:39:31,936] {scheduler_job.py:629} INFO - Processing file /opt/airflow/dags/json_file.py for tasks to queue
[2024-04-30 16:39:31,937] {logging_mixin.py:104} INFO - [2024-04-30 16:39:31,937] {dagbag.py:451} INFO - Filling up the DagBag from /opt/airflow/dags/json_file.py
[2024-04-30 16:39:31,965] {scheduler_job.py:639} INFO - DAG(s) dict_keys(['json_file']) retrieved from /opt/airflow/dags/json_file.py
[2024-04-30 16:39:31,985] {logging_mixin.py:104} INFO - [2024-04-30 16:39:31,985] {dag.py:1824} INFO - Sync 1 DAGs
[2024-04-30 16:39:31,998] {logging_mixin.py:104} INFO - [2024-04-30 16:39:31,998] {dag.py:2280} INFO - Setting next_dagrun for json_file to 2024-04-30 16:09:31.898112+00:00
[2024-04-30 16:39:32,006] {scheduler_job.py:190} INFO - Processing /opt/airflow/dags/json_file.py took 0.076 seconds
[2024-04-30 16:40:02,562] {scheduler_job.py:182} INFO - Started process (PID=2047) to work on /opt/airflow/dags/json_file.py
[2024-04-30 16:40:02,563] {scheduler_job.py:629} INFO - Processing file /opt/airflow/dags/json_file.py for tasks to queue
[2024-04-30 16:40:02,564] {logging_mixin.py:104} INFO - [2024-04-30 16:40:02,564] {dagbag.py:451} INFO - Filling up the DagBag from /opt/airflow/dags/json_file.py
[2024-04-30 16:40:02,590] {scheduler_job.py:639} INFO - DAG(s) dict_keys(['json_file']) retrieved from /opt/airflow/dags/json_file.py
[2024-04-30 16:40:02,610] {logging_mixin.py:104} INFO - [2024-04-30 16:40:02,610] {dag.py:1824} INFO - Sync 1 DAGs
[2024-04-30 16:40:02,623] {logging_mixin.py:104} INFO - [2024-04-30 16:40:02,623] {dag.py:2280} INFO - Setting next_dagrun for json_file to 2024-04-30 16:09:31.898112+00:00
[2024-04-30 16:40:02,630] {scheduler_job.py:190} INFO - Processing /opt/airflow/dags/json_file.py took 0.071 seconds
[2024-04-30 16:40:33,106] {scheduler_job.py:182} INFO - Started process (PID=2079) to work on /opt/airflow/dags/json_file.py
[2024-04-30 16:40:33,107] {scheduler_job.py:629} INFO - Processing file /opt/airflow/dags/json_file.py for tasks to queue
[2024-04-30 16:40:33,108] {logging_mixin.py:104} INFO - [2024-04-30 16:40:33,108] {dagbag.py:451} INFO - Filling up the DagBag from /opt/airflow/dags/json_file.py
[2024-04-30 16:40:33,138] {scheduler_job.py:639} INFO - DAG(s) dict_keys(['json_file']) retrieved from /opt/airflow/dags/json_file.py
[2024-04-30 16:40:33,158] {logging_mixin.py:104} INFO - [2024-04-30 16:40:33,158] {dag.py:1824} INFO - Sync 1 DAGs
[2024-04-30 16:40:33,173] {logging_mixin.py:104} INFO - [2024-04-30 16:40:33,173] {dag.py:2280} INFO - Setting next_dagrun for json_file to 2024-04-30 16:09:31.898112+00:00
[2024-04-30 16:40:33,181] {scheduler_job.py:190} INFO - Processing /opt/airflow/dags/json_file.py took 0.079 seconds
[2024-04-30 16:41:03,650] {scheduler_job.py:182} INFO - Started process (PID=2111) to work on /opt/airflow/dags/json_file.py
[2024-04-30 16:41:03,651] {scheduler_job.py:629} INFO - Processing file /opt/airflow/dags/json_file.py for tasks to queue
[2024-04-30 16:41:03,652] {logging_mixin.py:104} INFO - [2024-04-30 16:41:03,652] {dagbag.py:451} INFO - Filling up the DagBag from /opt/airflow/dags/json_file.py
[2024-04-30 16:41:03,681] {scheduler_job.py:639} INFO - DAG(s) dict_keys(['json_file']) retrieved from /opt/airflow/dags/json_file.py
[2024-04-30 16:41:03,700] {logging_mixin.py:104} INFO - [2024-04-30 16:41:03,700] {dag.py:1824} INFO - Sync 1 DAGs
[2024-04-30 16:41:03,713] {logging_mixin.py:104} INFO - [2024-04-30 16:41:03,713] {dag.py:2280} INFO - Setting next_dagrun for json_file to 2024-04-30 16:09:31.898112+00:00
[2024-04-30 16:41:03,721] {scheduler_job.py:190} INFO - Processing /opt/airflow/dags/json_file.py took 0.075 seconds
[2024-04-30 16:41:34,214] {scheduler_job.py:182} INFO - Started process (PID=2143) to work on /opt/airflow/dags/json_file.py
[2024-04-30 16:41:34,216] {scheduler_job.py:629} INFO - Processing file /opt/airflow/dags/json_file.py for tasks to queue
[2024-04-30 16:41:34,217] {logging_mixin.py:104} INFO - [2024-04-30 16:41:34,217] {dagbag.py:451} INFO - Filling up the DagBag from /opt/airflow/dags/json_file.py
[2024-04-30 16:41:34,251] {scheduler_job.py:639} INFO - DAG(s) dict_keys(['json_file']) retrieved from /opt/airflow/dags/json_file.py
[2024-04-30 16:41:34,276] {logging_mixin.py:104} INFO - [2024-04-30 16:41:34,276] {dag.py:1824} INFO - Sync 1 DAGs
[2024-04-30 16:41:34,292] {logging_mixin.py:104} INFO - [2024-04-30 16:41:34,292] {dag.py:2280} INFO - Setting next_dagrun for json_file to 2024-04-30 16:09:31.898112+00:00
[2024-04-30 16:41:34,301] {scheduler_job.py:190} INFO - Processing /opt/airflow/dags/json_file.py took 0.089 seconds
