[2024-04-30 16:09:41,735] {scheduler_job.py:182} INFO - Started process (PID=74) to work on /opt/airflow/dags/second_dag_example.py
[2024-04-30 16:09:41,738] {scheduler_job.py:629} INFO - Processing file /opt/airflow/dags/second_dag_example.py for tasks to queue
[2024-04-30 16:09:41,739] {logging_mixin.py:104} INFO - [2024-04-30 16:09:41,739] {dagbag.py:451} INFO - Filling up the DagBag from /opt/airflow/dags/second_dag_example.py
[2024-04-30 16:09:41,867] {scheduler_job.py:639} INFO - DAG(s) dict_keys(['second_dag_example']) retrieved from /opt/airflow/dags/second_dag_example.py
[2024-04-30 16:09:41,945] {logging_mixin.py:104} INFO - [2024-04-30 16:09:41,945] {dag.py:1824} INFO - Sync 1 DAGs
[2024-04-30 16:09:42,011] {logging_mixin.py:104} INFO - [2024-04-30 16:09:42,011] {dag.py:2280} INFO - Setting next_dagrun for second_dag_example to 2024-04-11 00:00:00+00:00
[2024-04-30 16:09:42,094] {scheduler_job.py:190} INFO - Processing /opt/airflow/dags/second_dag_example.py took 0.369 seconds
[2024-04-30 16:10:12,837] {scheduler_job.py:182} INFO - Started process (PID=141) to work on /opt/airflow/dags/second_dag_example.py
[2024-04-30 16:10:12,843] {scheduler_job.py:629} INFO - Processing file /opt/airflow/dags/second_dag_example.py for tasks to queue
[2024-04-30 16:10:12,853] {logging_mixin.py:104} INFO - [2024-04-30 16:10:12,848] {dagbag.py:451} INFO - Filling up the DagBag from /opt/airflow/dags/second_dag_example.py
[2024-04-30 16:10:13,546] {scheduler_job.py:639} INFO - DAG(s) dict_keys(['second_dag_example']) retrieved from /opt/airflow/dags/second_dag_example.py
[2024-04-30 16:10:13,665] {logging_mixin.py:104} INFO - [2024-04-30 16:10:13,664] {dag.py:1824} INFO - Sync 1 DAGs
[2024-04-30 16:10:13,779] {logging_mixin.py:104} INFO - [2024-04-30 16:10:13,779] {dag.py:2280} INFO - Setting next_dagrun for second_dag_example to 2024-04-11 00:00:00+00:00
[2024-04-30 16:10:13,829] {scheduler_job.py:190} INFO - Processing /opt/airflow/dags/second_dag_example.py took 1.027 seconds
[2024-04-30 16:10:45,255] {scheduler_job.py:182} INFO - Started process (PID=174) to work on /opt/airflow/dags/second_dag_example.py
[2024-04-30 16:10:45,265] {scheduler_job.py:629} INFO - Processing file /opt/airflow/dags/second_dag_example.py for tasks to queue
[2024-04-30 16:10:45,270] {logging_mixin.py:104} INFO - [2024-04-30 16:10:45,269] {dagbag.py:451} INFO - Filling up the DagBag from /opt/airflow/dags/second_dag_example.py
[2024-04-30 16:10:45,390] {scheduler_job.py:639} INFO - DAG(s) dict_keys(['second_dag_example']) retrieved from /opt/airflow/dags/second_dag_example.py
[2024-04-30 16:10:45,476] {logging_mixin.py:104} INFO - [2024-04-30 16:10:45,476] {dag.py:1824} INFO - Sync 1 DAGs
[2024-04-30 16:10:45,546] {logging_mixin.py:104} INFO - [2024-04-30 16:10:45,546] {dag.py:2280} INFO - Setting next_dagrun for second_dag_example to 2024-04-11 00:00:00+00:00
[2024-04-30 16:10:45,574] {scheduler_job.py:190} INFO - Processing /opt/airflow/dags/second_dag_example.py took 0.330 seconds
[2024-04-30 16:11:27,375] {scheduler_job.py:182} INFO - Started process (PID=225) to work on /opt/airflow/dags/second_dag_example.py
[2024-04-30 16:11:27,381] {scheduler_job.py:629} INFO - Processing file /opt/airflow/dags/second_dag_example.py for tasks to queue
[2024-04-30 16:11:27,408] {logging_mixin.py:104} INFO - [2024-04-30 16:11:27,408] {dagbag.py:451} INFO - Filling up the DagBag from /opt/airflow/dags/second_dag_example.py
[2024-04-30 16:11:28,279] {scheduler_job.py:639} INFO - DAG(s) dict_keys(['second_dag_example']) retrieved from /opt/airflow/dags/second_dag_example.py
[2024-04-30 16:11:28,391] {logging_mixin.py:104} INFO - [2024-04-30 16:11:28,391] {dag.py:1824} INFO - Sync 1 DAGs
[2024-04-30 16:11:28,508] {logging_mixin.py:104} INFO - [2024-04-30 16:11:28,508] {dag.py:2280} INFO - Setting next_dagrun for second_dag_example to 2024-04-11 00:00:00+00:00
[2024-04-30 16:11:28,546] {scheduler_job.py:190} INFO - Processing /opt/airflow/dags/second_dag_example.py took 1.178 seconds
[2024-04-30 16:11:58,662] {scheduler_job.py:182} INFO - Started process (PID=270) to work on /opt/airflow/dags/second_dag_example.py
[2024-04-30 16:11:58,667] {scheduler_job.py:629} INFO - Processing file /opt/airflow/dags/second_dag_example.py for tasks to queue
[2024-04-30 16:11:58,672] {logging_mixin.py:104} INFO - [2024-04-30 16:11:58,671] {dagbag.py:451} INFO - Filling up the DagBag from /opt/airflow/dags/second_dag_example.py
[2024-04-30 16:11:58,744] {scheduler_job.py:639} INFO - DAG(s) dict_keys(['second_dag_example']) retrieved from /opt/airflow/dags/second_dag_example.py
[2024-04-30 16:11:58,781] {logging_mixin.py:104} INFO - [2024-04-30 16:11:58,781] {dag.py:1824} INFO - Sync 1 DAGs
[2024-04-30 16:11:58,817] {logging_mixin.py:104} INFO - [2024-04-30 16:11:58,817] {dag.py:2280} INFO - Setting next_dagrun for second_dag_example to 2024-04-11 00:00:00+00:00
[2024-04-30 16:11:58,833] {scheduler_job.py:190} INFO - Processing /opt/airflow/dags/second_dag_example.py took 0.179 seconds
[2024-04-30 16:12:30,332] {scheduler_job.py:182} INFO - Started process (PID=301) to work on /opt/airflow/dags/second_dag_example.py
[2024-04-30 16:12:30,335] {scheduler_job.py:629} INFO - Processing file /opt/airflow/dags/second_dag_example.py for tasks to queue
[2024-04-30 16:12:30,339] {logging_mixin.py:104} INFO - [2024-04-30 16:12:30,339] {dagbag.py:451} INFO - Filling up the DagBag from /opt/airflow/dags/second_dag_example.py
[2024-04-30 16:12:30,514] {scheduler_job.py:639} INFO - DAG(s) dict_keys(['second_dag_example']) retrieved from /opt/airflow/dags/second_dag_example.py
[2024-04-30 16:12:30,676] {logging_mixin.py:104} INFO - [2024-04-30 16:12:30,676] {dag.py:1824} INFO - Sync 1 DAGs
[2024-04-30 16:12:30,765] {logging_mixin.py:104} INFO - [2024-04-30 16:12:30,765] {dag.py:2280} INFO - Setting next_dagrun for second_dag_example to 2024-04-11 00:00:00+00:00
[2024-04-30 16:12:30,802] {scheduler_job.py:190} INFO - Processing /opt/airflow/dags/second_dag_example.py took 0.477 seconds
[2024-04-30 16:13:01,728] {scheduler_job.py:182} INFO - Started process (PID=333) to work on /opt/airflow/dags/second_dag_example.py
[2024-04-30 16:13:01,730] {scheduler_job.py:629} INFO - Processing file /opt/airflow/dags/second_dag_example.py for tasks to queue
[2024-04-30 16:13:01,731] {logging_mixin.py:104} INFO - [2024-04-30 16:13:01,731] {dagbag.py:451} INFO - Filling up the DagBag from /opt/airflow/dags/second_dag_example.py
[2024-04-30 16:13:01,779] {scheduler_job.py:639} INFO - DAG(s) dict_keys(['second_dag_example']) retrieved from /opt/airflow/dags/second_dag_example.py
[2024-04-30 16:13:01,832] {logging_mixin.py:104} INFO - [2024-04-30 16:13:01,831] {dag.py:1824} INFO - Sync 1 DAGs
[2024-04-30 16:13:01,878] {logging_mixin.py:104} INFO - [2024-04-30 16:13:01,878] {dag.py:2280} INFO - Setting next_dagrun for second_dag_example to 2024-04-11 00:00:00+00:00
[2024-04-30 16:13:01,896] {scheduler_job.py:190} INFO - Processing /opt/airflow/dags/second_dag_example.py took 0.174 seconds
[2024-04-30 16:13:32,152] {scheduler_job.py:182} INFO - Started process (PID=365) to work on /opt/airflow/dags/second_dag_example.py
[2024-04-30 16:13:32,154] {scheduler_job.py:629} INFO - Processing file /opt/airflow/dags/second_dag_example.py for tasks to queue
[2024-04-30 16:13:32,156] {logging_mixin.py:104} INFO - [2024-04-30 16:13:32,156] {dagbag.py:451} INFO - Filling up the DagBag from /opt/airflow/dags/second_dag_example.py
[2024-04-30 16:13:32,206] {scheduler_job.py:639} INFO - DAG(s) dict_keys(['second_dag_example']) retrieved from /opt/airflow/dags/second_dag_example.py
[2024-04-30 16:13:32,232] {logging_mixin.py:104} INFO - [2024-04-30 16:13:32,232] {dag.py:1824} INFO - Sync 1 DAGs
[2024-04-30 16:13:32,253] {logging_mixin.py:104} INFO - [2024-04-30 16:13:32,253] {dag.py:2280} INFO - Setting next_dagrun for second_dag_example to 2024-04-11 00:00:00+00:00
[2024-04-30 16:13:32,267] {scheduler_job.py:190} INFO - Processing /opt/airflow/dags/second_dag_example.py took 0.119 seconds
[2024-04-30 16:14:03,058] {scheduler_job.py:182} INFO - Started process (PID=413) to work on /opt/airflow/dags/second_dag_example.py
[2024-04-30 16:14:03,059] {scheduler_job.py:629} INFO - Processing file /opt/airflow/dags/second_dag_example.py for tasks to queue
[2024-04-30 16:14:03,061] {logging_mixin.py:104} INFO - [2024-04-30 16:14:03,061] {dagbag.py:451} INFO - Filling up the DagBag from /opt/airflow/dags/second_dag_example.py
[2024-04-30 16:14:03,108] {scheduler_job.py:639} INFO - DAG(s) dict_keys(['second_dag_example']) retrieved from /opt/airflow/dags/second_dag_example.py
[2024-04-30 16:14:03,142] {logging_mixin.py:104} INFO - [2024-04-30 16:14:03,142] {dag.py:1824} INFO - Sync 1 DAGs
[2024-04-30 16:14:03,175] {logging_mixin.py:104} INFO - [2024-04-30 16:14:03,174] {dag.py:2280} INFO - Setting next_dagrun for second_dag_example to 2024-04-11 00:00:00+00:00
[2024-04-30 16:14:03,195] {scheduler_job.py:190} INFO - Processing /opt/airflow/dags/second_dag_example.py took 0.142 seconds
[2024-04-30 16:14:34,112] {scheduler_job.py:182} INFO - Started process (PID=445) to work on /opt/airflow/dags/second_dag_example.py
[2024-04-30 16:14:34,114] {scheduler_job.py:629} INFO - Processing file /opt/airflow/dags/second_dag_example.py for tasks to queue
[2024-04-30 16:14:34,115] {logging_mixin.py:104} INFO - [2024-04-30 16:14:34,115] {dagbag.py:451} INFO - Filling up the DagBag from /opt/airflow/dags/second_dag_example.py
[2024-04-30 16:14:34,144] {scheduler_job.py:639} INFO - DAG(s) dict_keys(['second_dag_example']) retrieved from /opt/airflow/dags/second_dag_example.py
[2024-04-30 16:14:34,164] {logging_mixin.py:104} INFO - [2024-04-30 16:14:34,164] {dag.py:1824} INFO - Sync 1 DAGs
[2024-04-30 16:14:34,182] {logging_mixin.py:104} INFO - [2024-04-30 16:14:34,182] {dag.py:2280} INFO - Setting next_dagrun for second_dag_example to 2024-04-11 00:00:00+00:00
[2024-04-30 16:14:34,193] {scheduler_job.py:190} INFO - Processing /opt/airflow/dags/second_dag_example.py took 0.084 seconds
[2024-04-30 16:15:04,439] {scheduler_job.py:182} INFO - Started process (PID=477) to work on /opt/airflow/dags/second_dag_example.py
[2024-04-30 16:15:04,441] {scheduler_job.py:629} INFO - Processing file /opt/airflow/dags/second_dag_example.py for tasks to queue
[2024-04-30 16:15:04,443] {logging_mixin.py:104} INFO - [2024-04-30 16:15:04,442] {dagbag.py:451} INFO - Filling up the DagBag from /opt/airflow/dags/second_dag_example.py
[2024-04-30 16:15:04,479] {scheduler_job.py:639} INFO - DAG(s) dict_keys(['second_dag_example']) retrieved from /opt/airflow/dags/second_dag_example.py
[2024-04-30 16:15:04,509] {logging_mixin.py:104} INFO - [2024-04-30 16:15:04,509] {dag.py:1824} INFO - Sync 1 DAGs
[2024-04-30 16:15:04,528] {logging_mixin.py:104} INFO - [2024-04-30 16:15:04,528] {dag.py:2280} INFO - Setting next_dagrun for second_dag_example to 2024-04-11 00:00:00+00:00
[2024-04-30 16:15:04,544] {scheduler_job.py:190} INFO - Processing /opt/airflow/dags/second_dag_example.py took 0.109 seconds
[2024-04-30 16:15:34,568] {scheduler_job.py:182} INFO - Started process (PID=509) to work on /opt/airflow/dags/second_dag_example.py
[2024-04-30 16:15:34,569] {scheduler_job.py:629} INFO - Processing file /opt/airflow/dags/second_dag_example.py for tasks to queue
[2024-04-30 16:15:34,570] {logging_mixin.py:104} INFO - [2024-04-30 16:15:34,570] {dagbag.py:451} INFO - Filling up the DagBag from /opt/airflow/dags/second_dag_example.py
[2024-04-30 16:15:34,592] {scheduler_job.py:639} INFO - DAG(s) dict_keys(['second_dag_example']) retrieved from /opt/airflow/dags/second_dag_example.py
[2024-04-30 16:15:34,624] {logging_mixin.py:104} INFO - [2024-04-30 16:15:34,623] {dag.py:1824} INFO - Sync 1 DAGs
[2024-04-30 16:15:34,646] {logging_mixin.py:104} INFO - [2024-04-30 16:15:34,646] {dag.py:2280} INFO - Setting next_dagrun for second_dag_example to 2024-04-11 00:00:00+00:00
[2024-04-30 16:15:34,657] {scheduler_job.py:190} INFO - Processing /opt/airflow/dags/second_dag_example.py took 0.092 seconds
[2024-04-30 16:16:05,303] {scheduler_job.py:182} INFO - Started process (PID=538) to work on /opt/airflow/dags/second_dag_example.py
[2024-04-30 16:16:05,305] {scheduler_job.py:629} INFO - Processing file /opt/airflow/dags/second_dag_example.py for tasks to queue
[2024-04-30 16:16:05,306] {logging_mixin.py:104} INFO - [2024-04-30 16:16:05,305] {dagbag.py:451} INFO - Filling up the DagBag from /opt/airflow/dags/second_dag_example.py
[2024-04-30 16:16:05,339] {scheduler_job.py:639} INFO - DAG(s) dict_keys(['second_dag_example']) retrieved from /opt/airflow/dags/second_dag_example.py
[2024-04-30 16:16:05,361] {logging_mixin.py:104} INFO - [2024-04-30 16:16:05,361] {dag.py:1824} INFO - Sync 1 DAGs
[2024-04-30 16:16:05,384] {logging_mixin.py:104} INFO - [2024-04-30 16:16:05,383] {dag.py:2280} INFO - Setting next_dagrun for second_dag_example to 2024-04-11 00:00:00+00:00
[2024-04-30 16:16:05,395] {scheduler_job.py:190} INFO - Processing /opt/airflow/dags/second_dag_example.py took 0.096 seconds
[2024-04-30 16:16:35,657] {scheduler_job.py:182} INFO - Started process (PID=570) to work on /opt/airflow/dags/second_dag_example.py
[2024-04-30 16:16:35,660] {scheduler_job.py:629} INFO - Processing file /opt/airflow/dags/second_dag_example.py for tasks to queue
[2024-04-30 16:16:35,661] {logging_mixin.py:104} INFO - [2024-04-30 16:16:35,660] {dagbag.py:451} INFO - Filling up the DagBag from /opt/airflow/dags/second_dag_example.py
[2024-04-30 16:16:35,686] {scheduler_job.py:639} INFO - DAG(s) dict_keys(['second_dag_example']) retrieved from /opt/airflow/dags/second_dag_example.py
[2024-04-30 16:16:35,704] {logging_mixin.py:104} INFO - [2024-04-30 16:16:35,704] {dag.py:1824} INFO - Sync 1 DAGs
[2024-04-30 16:16:35,727] {logging_mixin.py:104} INFO - [2024-04-30 16:16:35,727] {dag.py:2280} INFO - Setting next_dagrun for second_dag_example to 2024-04-11 00:00:00+00:00
[2024-04-30 16:16:35,738] {scheduler_job.py:190} INFO - Processing /opt/airflow/dags/second_dag_example.py took 0.085 seconds
[2024-04-30 16:17:06,522] {scheduler_job.py:182} INFO - Started process (PID=602) to work on /opt/airflow/dags/second_dag_example.py
[2024-04-30 16:17:06,523] {scheduler_job.py:629} INFO - Processing file /opt/airflow/dags/second_dag_example.py for tasks to queue
[2024-04-30 16:17:06,524] {logging_mixin.py:104} INFO - [2024-04-30 16:17:06,523] {dagbag.py:451} INFO - Filling up the DagBag from /opt/airflow/dags/second_dag_example.py
[2024-04-30 16:17:06,549] {scheduler_job.py:639} INFO - DAG(s) dict_keys(['second_dag_example']) retrieved from /opt/airflow/dags/second_dag_example.py
[2024-04-30 16:17:06,566] {logging_mixin.py:104} INFO - [2024-04-30 16:17:06,566] {dag.py:1824} INFO - Sync 1 DAGs
[2024-04-30 16:17:06,583] {logging_mixin.py:104} INFO - [2024-04-30 16:17:06,583] {dag.py:2280} INFO - Setting next_dagrun for second_dag_example to 2024-04-11 00:00:00+00:00
[2024-04-30 16:17:06,594] {scheduler_job.py:190} INFO - Processing /opt/airflow/dags/second_dag_example.py took 0.075 seconds
[2024-04-30 16:17:37,308] {scheduler_job.py:182} INFO - Started process (PID=634) to work on /opt/airflow/dags/second_dag_example.py
[2024-04-30 16:17:37,311] {scheduler_job.py:629} INFO - Processing file /opt/airflow/dags/second_dag_example.py for tasks to queue
[2024-04-30 16:17:37,313] {logging_mixin.py:104} INFO - [2024-04-30 16:17:37,312] {dagbag.py:451} INFO - Filling up the DagBag from /opt/airflow/dags/second_dag_example.py
[2024-04-30 16:17:37,383] {scheduler_job.py:639} INFO - DAG(s) dict_keys(['second_dag_example']) retrieved from /opt/airflow/dags/second_dag_example.py
[2024-04-30 16:17:37,425] {logging_mixin.py:104} INFO - [2024-04-30 16:17:37,425] {dag.py:1824} INFO - Sync 1 DAGs
[2024-04-30 16:17:37,474] {logging_mixin.py:104} INFO - [2024-04-30 16:17:37,474] {dag.py:2280} INFO - Setting next_dagrun for second_dag_example to 2024-04-11 00:00:00+00:00
[2024-04-30 16:17:37,492] {scheduler_job.py:190} INFO - Processing /opt/airflow/dags/second_dag_example.py took 0.189 seconds
[2024-04-30 16:18:08,191] {scheduler_job.py:182} INFO - Started process (PID=666) to work on /opt/airflow/dags/second_dag_example.py
[2024-04-30 16:18:08,193] {scheduler_job.py:629} INFO - Processing file /opt/airflow/dags/second_dag_example.py for tasks to queue
[2024-04-30 16:18:08,194] {logging_mixin.py:104} INFO - [2024-04-30 16:18:08,193] {dagbag.py:451} INFO - Filling up the DagBag from /opt/airflow/dags/second_dag_example.py
[2024-04-30 16:18:08,220] {scheduler_job.py:639} INFO - DAG(s) dict_keys(['second_dag_example']) retrieved from /opt/airflow/dags/second_dag_example.py
[2024-04-30 16:18:08,240] {logging_mixin.py:104} INFO - [2024-04-30 16:18:08,240] {dag.py:1824} INFO - Sync 1 DAGs
[2024-04-30 16:18:08,259] {logging_mixin.py:104} INFO - [2024-04-30 16:18:08,259] {dag.py:2280} INFO - Setting next_dagrun for second_dag_example to 2024-04-11 00:00:00+00:00
[2024-04-30 16:18:08,270] {scheduler_job.py:190} INFO - Processing /opt/airflow/dags/second_dag_example.py took 0.082 seconds
[2024-04-30 16:18:38,516] {scheduler_job.py:182} INFO - Started process (PID=698) to work on /opt/airflow/dags/second_dag_example.py
[2024-04-30 16:18:38,518] {scheduler_job.py:629} INFO - Processing file /opt/airflow/dags/second_dag_example.py for tasks to queue
[2024-04-30 16:18:38,518] {logging_mixin.py:104} INFO - [2024-04-30 16:18:38,518] {dagbag.py:451} INFO - Filling up the DagBag from /opt/airflow/dags/second_dag_example.py
[2024-04-30 16:18:38,554] {scheduler_job.py:639} INFO - DAG(s) dict_keys(['second_dag_example']) retrieved from /opt/airflow/dags/second_dag_example.py
[2024-04-30 16:18:38,596] {logging_mixin.py:104} INFO - [2024-04-30 16:18:38,596] {dag.py:1824} INFO - Sync 1 DAGs
[2024-04-30 16:18:38,642] {logging_mixin.py:104} INFO - [2024-04-30 16:18:38,642] {dag.py:2280} INFO - Setting next_dagrun for second_dag_example to 2024-04-11 00:00:00+00:00
[2024-04-30 16:18:38,658] {scheduler_job.py:190} INFO - Processing /opt/airflow/dags/second_dag_example.py took 0.146 seconds
[2024-04-30 16:19:09,070] {scheduler_job.py:182} INFO - Started process (PID=730) to work on /opt/airflow/dags/second_dag_example.py
[2024-04-30 16:19:09,072] {scheduler_job.py:629} INFO - Processing file /opt/airflow/dags/second_dag_example.py for tasks to queue
[2024-04-30 16:19:09,072] {logging_mixin.py:104} INFO - [2024-04-30 16:19:09,072] {dagbag.py:451} INFO - Filling up the DagBag from /opt/airflow/dags/second_dag_example.py
[2024-04-30 16:19:09,100] {scheduler_job.py:639} INFO - DAG(s) dict_keys(['second_dag_example']) retrieved from /opt/airflow/dags/second_dag_example.py
[2024-04-30 16:19:09,119] {logging_mixin.py:104} INFO - [2024-04-30 16:19:09,119] {dag.py:1824} INFO - Sync 1 DAGs
[2024-04-30 16:19:09,137] {logging_mixin.py:104} INFO - [2024-04-30 16:19:09,137] {dag.py:2280} INFO - Setting next_dagrun for second_dag_example to 2024-04-11 00:00:00+00:00
[2024-04-30 16:19:09,146] {scheduler_job.py:190} INFO - Processing /opt/airflow/dags/second_dag_example.py took 0.079 seconds
[2024-04-30 16:19:39,498] {scheduler_job.py:182} INFO - Started process (PID=762) to work on /opt/airflow/dags/second_dag_example.py
[2024-04-30 16:19:39,499] {scheduler_job.py:629} INFO - Processing file /opt/airflow/dags/second_dag_example.py for tasks to queue
[2024-04-30 16:19:39,500] {logging_mixin.py:104} INFO - [2024-04-30 16:19:39,500] {dagbag.py:451} INFO - Filling up the DagBag from /opt/airflow/dags/second_dag_example.py
[2024-04-30 16:19:39,533] {scheduler_job.py:639} INFO - DAG(s) dict_keys(['second_dag_example']) retrieved from /opt/airflow/dags/second_dag_example.py
[2024-04-30 16:19:39,558] {logging_mixin.py:104} INFO - [2024-04-30 16:19:39,558] {dag.py:1824} INFO - Sync 1 DAGs
[2024-04-30 16:19:39,582] {logging_mixin.py:104} INFO - [2024-04-30 16:19:39,582] {dag.py:2280} INFO - Setting next_dagrun for second_dag_example to 2024-04-11 00:00:00+00:00
[2024-04-30 16:19:39,604] {scheduler_job.py:190} INFO - Processing /opt/airflow/dags/second_dag_example.py took 0.110 seconds
[2024-04-30 16:20:09,916] {scheduler_job.py:182} INFO - Started process (PID=794) to work on /opt/airflow/dags/second_dag_example.py
[2024-04-30 16:20:09,917] {scheduler_job.py:629} INFO - Processing file /opt/airflow/dags/second_dag_example.py for tasks to queue
[2024-04-30 16:20:09,918] {logging_mixin.py:104} INFO - [2024-04-30 16:20:09,918] {dagbag.py:451} INFO - Filling up the DagBag from /opt/airflow/dags/second_dag_example.py
[2024-04-30 16:20:09,946] {scheduler_job.py:639} INFO - DAG(s) dict_keys(['second_dag_example']) retrieved from /opt/airflow/dags/second_dag_example.py
[2024-04-30 16:20:09,969] {logging_mixin.py:104} INFO - [2024-04-30 16:20:09,969] {dag.py:1824} INFO - Sync 1 DAGs
[2024-04-30 16:20:09,990] {logging_mixin.py:104} INFO - [2024-04-30 16:20:09,990] {dag.py:2280} INFO - Setting next_dagrun for second_dag_example to 2024-04-11 00:00:00+00:00
[2024-04-30 16:20:10,001] {scheduler_job.py:190} INFO - Processing /opt/airflow/dags/second_dag_example.py took 0.088 seconds
[2024-04-30 16:20:40,422] {scheduler_job.py:182} INFO - Started process (PID=826) to work on /opt/airflow/dags/second_dag_example.py
[2024-04-30 16:20:40,424] {scheduler_job.py:629} INFO - Processing file /opt/airflow/dags/second_dag_example.py for tasks to queue
[2024-04-30 16:20:40,426] {logging_mixin.py:104} INFO - [2024-04-30 16:20:40,425] {dagbag.py:451} INFO - Filling up the DagBag from /opt/airflow/dags/second_dag_example.py
[2024-04-30 16:20:40,453] {scheduler_job.py:639} INFO - DAG(s) dict_keys(['second_dag_example']) retrieved from /opt/airflow/dags/second_dag_example.py
[2024-04-30 16:20:40,470] {logging_mixin.py:104} INFO - [2024-04-30 16:20:40,470] {dag.py:1824} INFO - Sync 1 DAGs
[2024-04-30 16:20:40,487] {logging_mixin.py:104} INFO - [2024-04-30 16:20:40,487] {dag.py:2280} INFO - Setting next_dagrun for second_dag_example to 2024-04-11 00:00:00+00:00
[2024-04-30 16:20:40,500] {scheduler_job.py:190} INFO - Processing /opt/airflow/dags/second_dag_example.py took 0.080 seconds
[2024-04-30 16:21:10,915] {scheduler_job.py:182} INFO - Started process (PID=858) to work on /opt/airflow/dags/second_dag_example.py
[2024-04-30 16:21:10,916] {scheduler_job.py:629} INFO - Processing file /opt/airflow/dags/second_dag_example.py for tasks to queue
[2024-04-30 16:21:10,917] {logging_mixin.py:104} INFO - [2024-04-30 16:21:10,917] {dagbag.py:451} INFO - Filling up the DagBag from /opt/airflow/dags/second_dag_example.py
[2024-04-30 16:21:10,942] {scheduler_job.py:639} INFO - DAG(s) dict_keys(['second_dag_example']) retrieved from /opt/airflow/dags/second_dag_example.py
[2024-04-30 16:21:10,960] {logging_mixin.py:104} INFO - [2024-04-30 16:21:10,960] {dag.py:1824} INFO - Sync 1 DAGs
[2024-04-30 16:21:10,981] {logging_mixin.py:104} INFO - [2024-04-30 16:21:10,981] {dag.py:2280} INFO - Setting next_dagrun for second_dag_example to 2024-04-11 00:00:00+00:00
[2024-04-30 16:21:10,992] {scheduler_job.py:190} INFO - Processing /opt/airflow/dags/second_dag_example.py took 0.080 seconds
[2024-04-30 16:21:41,508] {scheduler_job.py:182} INFO - Started process (PID=890) to work on /opt/airflow/dags/second_dag_example.py
[2024-04-30 16:21:41,510] {scheduler_job.py:629} INFO - Processing file /opt/airflow/dags/second_dag_example.py for tasks to queue
[2024-04-30 16:21:41,511] {logging_mixin.py:104} INFO - [2024-04-30 16:21:41,511] {dagbag.py:451} INFO - Filling up the DagBag from /opt/airflow/dags/second_dag_example.py
[2024-04-30 16:21:41,538] {scheduler_job.py:639} INFO - DAG(s) dict_keys(['second_dag_example']) retrieved from /opt/airflow/dags/second_dag_example.py
[2024-04-30 16:21:41,559] {logging_mixin.py:104} INFO - [2024-04-30 16:21:41,559] {dag.py:1824} INFO - Sync 1 DAGs
[2024-04-30 16:21:41,578] {logging_mixin.py:104} INFO - [2024-04-30 16:21:41,578] {dag.py:2280} INFO - Setting next_dagrun for second_dag_example to 2024-04-11 00:00:00+00:00
[2024-04-30 16:21:41,588] {scheduler_job.py:190} INFO - Processing /opt/airflow/dags/second_dag_example.py took 0.084 seconds
[2024-04-30 16:22:12,067] {scheduler_job.py:182} INFO - Started process (PID=922) to work on /opt/airflow/dags/second_dag_example.py
[2024-04-30 16:22:12,069] {scheduler_job.py:629} INFO - Processing file /opt/airflow/dags/second_dag_example.py for tasks to queue
[2024-04-30 16:22:12,076] {logging_mixin.py:104} INFO - [2024-04-30 16:22:12,076] {dagbag.py:451} INFO - Filling up the DagBag from /opt/airflow/dags/second_dag_example.py
[2024-04-30 16:22:12,109] {scheduler_job.py:639} INFO - DAG(s) dict_keys(['second_dag_example']) retrieved from /opt/airflow/dags/second_dag_example.py
[2024-04-30 16:22:12,130] {logging_mixin.py:104} INFO - [2024-04-30 16:22:12,130] {dag.py:1824} INFO - Sync 1 DAGs
[2024-04-30 16:22:12,150] {logging_mixin.py:104} INFO - [2024-04-30 16:22:12,150] {dag.py:2280} INFO - Setting next_dagrun for second_dag_example to 2024-04-11 00:00:00+00:00
[2024-04-30 16:22:12,160] {scheduler_job.py:190} INFO - Processing /opt/airflow/dags/second_dag_example.py took 0.099 seconds
[2024-04-30 16:22:42,728] {scheduler_job.py:182} INFO - Started process (PID=954) to work on /opt/airflow/dags/second_dag_example.py
[2024-04-30 16:22:42,731] {scheduler_job.py:629} INFO - Processing file /opt/airflow/dags/second_dag_example.py for tasks to queue
[2024-04-30 16:22:42,734] {logging_mixin.py:104} INFO - [2024-04-30 16:22:42,733] {dagbag.py:451} INFO - Filling up the DagBag from /opt/airflow/dags/second_dag_example.py
[2024-04-30 16:22:42,760] {scheduler_job.py:639} INFO - DAG(s) dict_keys(['second_dag_example']) retrieved from /opt/airflow/dags/second_dag_example.py
[2024-04-30 16:22:42,785] {logging_mixin.py:104} INFO - [2024-04-30 16:22:42,785] {dag.py:1824} INFO - Sync 1 DAGs
[2024-04-30 16:22:42,807] {logging_mixin.py:104} INFO - [2024-04-30 16:22:42,807] {dag.py:2280} INFO - Setting next_dagrun for second_dag_example to 2024-04-11 00:00:00+00:00
[2024-04-30 16:22:42,818] {scheduler_job.py:190} INFO - Processing /opt/airflow/dags/second_dag_example.py took 0.094 seconds
[2024-04-30 16:23:13,269] {scheduler_job.py:182} INFO - Started process (PID=986) to work on /opt/airflow/dags/second_dag_example.py
[2024-04-30 16:23:13,270] {scheduler_job.py:629} INFO - Processing file /opt/airflow/dags/second_dag_example.py for tasks to queue
[2024-04-30 16:23:13,272] {logging_mixin.py:104} INFO - [2024-04-30 16:23:13,271] {dagbag.py:451} INFO - Filling up the DagBag from /opt/airflow/dags/second_dag_example.py
[2024-04-30 16:23:13,306] {scheduler_job.py:639} INFO - DAG(s) dict_keys(['second_dag_example']) retrieved from /opt/airflow/dags/second_dag_example.py
[2024-04-30 16:23:13,333] {logging_mixin.py:104} INFO - [2024-04-30 16:23:13,333] {dag.py:1824} INFO - Sync 1 DAGs
[2024-04-30 16:23:13,355] {logging_mixin.py:104} INFO - [2024-04-30 16:23:13,355] {dag.py:2280} INFO - Setting next_dagrun for second_dag_example to 2024-04-11 00:00:00+00:00
[2024-04-30 16:23:13,366] {scheduler_job.py:190} INFO - Processing /opt/airflow/dags/second_dag_example.py took 0.102 seconds
[2024-04-30 16:23:43,770] {scheduler_job.py:182} INFO - Started process (PID=1018) to work on /opt/airflow/dags/second_dag_example.py
[2024-04-30 16:23:43,772] {scheduler_job.py:629} INFO - Processing file /opt/airflow/dags/second_dag_example.py for tasks to queue
[2024-04-30 16:23:43,774] {logging_mixin.py:104} INFO - [2024-04-30 16:23:43,774] {dagbag.py:451} INFO - Filling up the DagBag from /opt/airflow/dags/second_dag_example.py
[2024-04-30 16:23:43,818] {scheduler_job.py:639} INFO - DAG(s) dict_keys(['second_dag_example']) retrieved from /opt/airflow/dags/second_dag_example.py
[2024-04-30 16:23:43,840] {logging_mixin.py:104} INFO - [2024-04-30 16:23:43,840] {dag.py:1824} INFO - Sync 1 DAGs
[2024-04-30 16:23:43,858] {logging_mixin.py:104} INFO - [2024-04-30 16:23:43,858] {dag.py:2280} INFO - Setting next_dagrun for second_dag_example to 2024-04-11 00:00:00+00:00
[2024-04-30 16:23:43,875] {scheduler_job.py:190} INFO - Processing /opt/airflow/dags/second_dag_example.py took 0.109 seconds
[2024-04-30 16:24:14,432] {scheduler_job.py:182} INFO - Started process (PID=1050) to work on /opt/airflow/dags/second_dag_example.py
[2024-04-30 16:24:14,434] {scheduler_job.py:629} INFO - Processing file /opt/airflow/dags/second_dag_example.py for tasks to queue
[2024-04-30 16:24:14,435] {logging_mixin.py:104} INFO - [2024-04-30 16:24:14,435] {dagbag.py:451} INFO - Filling up the DagBag from /opt/airflow/dags/second_dag_example.py
[2024-04-30 16:24:14,462] {scheduler_job.py:639} INFO - DAG(s) dict_keys(['second_dag_example']) retrieved from /opt/airflow/dags/second_dag_example.py
[2024-04-30 16:24:14,481] {logging_mixin.py:104} INFO - [2024-04-30 16:24:14,480] {dag.py:1824} INFO - Sync 1 DAGs
[2024-04-30 16:24:14,499] {logging_mixin.py:104} INFO - [2024-04-30 16:24:14,499] {dag.py:2280} INFO - Setting next_dagrun for second_dag_example to 2024-04-11 00:00:00+00:00
[2024-04-30 16:24:14,515] {scheduler_job.py:190} INFO - Processing /opt/airflow/dags/second_dag_example.py took 0.087 seconds
[2024-04-30 16:24:44,902] {scheduler_job.py:182} INFO - Started process (PID=1082) to work on /opt/airflow/dags/second_dag_example.py
[2024-04-30 16:24:44,904] {scheduler_job.py:629} INFO - Processing file /opt/airflow/dags/second_dag_example.py for tasks to queue
[2024-04-30 16:24:44,905] {logging_mixin.py:104} INFO - [2024-04-30 16:24:44,905] {dagbag.py:451} INFO - Filling up the DagBag from /opt/airflow/dags/second_dag_example.py
[2024-04-30 16:24:44,937] {scheduler_job.py:639} INFO - DAG(s) dict_keys(['second_dag_example']) retrieved from /opt/airflow/dags/second_dag_example.py
[2024-04-30 16:24:44,957] {logging_mixin.py:104} INFO - [2024-04-30 16:24:44,957] {dag.py:1824} INFO - Sync 1 DAGs
[2024-04-30 16:24:44,975] {logging_mixin.py:104} INFO - [2024-04-30 16:24:44,975] {dag.py:2280} INFO - Setting next_dagrun for second_dag_example to 2024-04-11 00:00:00+00:00
[2024-04-30 16:24:44,988] {scheduler_job.py:190} INFO - Processing /opt/airflow/dags/second_dag_example.py took 0.090 seconds
[2024-04-30 16:25:15,704] {scheduler_job.py:182} INFO - Started process (PID=1114) to work on /opt/airflow/dags/second_dag_example.py
[2024-04-30 16:25:15,705] {scheduler_job.py:629} INFO - Processing file /opt/airflow/dags/second_dag_example.py for tasks to queue
[2024-04-30 16:25:15,706] {logging_mixin.py:104} INFO - [2024-04-30 16:25:15,706] {dagbag.py:451} INFO - Filling up the DagBag from /opt/airflow/dags/second_dag_example.py
[2024-04-30 16:25:15,737] {scheduler_job.py:639} INFO - DAG(s) dict_keys(['second_dag_example']) retrieved from /opt/airflow/dags/second_dag_example.py
[2024-04-30 16:25:15,761] {logging_mixin.py:104} INFO - [2024-04-30 16:25:15,761] {dag.py:1824} INFO - Sync 1 DAGs
[2024-04-30 16:25:15,780] {logging_mixin.py:104} INFO - [2024-04-30 16:25:15,780] {dag.py:2280} INFO - Setting next_dagrun for second_dag_example to 2024-04-11 00:00:00+00:00
[2024-04-30 16:25:15,791] {scheduler_job.py:190} INFO - Processing /opt/airflow/dags/second_dag_example.py took 0.090 seconds
[2024-04-30 16:25:46,282] {scheduler_job.py:182} INFO - Started process (PID=1146) to work on /opt/airflow/dags/second_dag_example.py
[2024-04-30 16:25:46,283] {scheduler_job.py:629} INFO - Processing file /opt/airflow/dags/second_dag_example.py for tasks to queue
[2024-04-30 16:25:46,284] {logging_mixin.py:104} INFO - [2024-04-30 16:25:46,284] {dagbag.py:451} INFO - Filling up the DagBag from /opt/airflow/dags/second_dag_example.py
[2024-04-30 16:25:46,314] {scheduler_job.py:639} INFO - DAG(s) dict_keys(['second_dag_example']) retrieved from /opt/airflow/dags/second_dag_example.py
[2024-04-30 16:25:46,335] {logging_mixin.py:104} INFO - [2024-04-30 16:25:46,335] {dag.py:1824} INFO - Sync 1 DAGs
[2024-04-30 16:25:46,358] {logging_mixin.py:104} INFO - [2024-04-30 16:25:46,357] {dag.py:2280} INFO - Setting next_dagrun for second_dag_example to 2024-04-11 00:00:00+00:00
[2024-04-30 16:25:46,368] {scheduler_job.py:190} INFO - Processing /opt/airflow/dags/second_dag_example.py took 0.089 seconds
[2024-04-30 16:26:16,706] {scheduler_job.py:182} INFO - Started process (PID=1178) to work on /opt/airflow/dags/second_dag_example.py
[2024-04-30 16:26:16,707] {scheduler_job.py:629} INFO - Processing file /opt/airflow/dags/second_dag_example.py for tasks to queue
[2024-04-30 16:26:16,708] {logging_mixin.py:104} INFO - [2024-04-30 16:26:16,708] {dagbag.py:451} INFO - Filling up the DagBag from /opt/airflow/dags/second_dag_example.py
[2024-04-30 16:26:16,736] {scheduler_job.py:639} INFO - DAG(s) dict_keys(['second_dag_example']) retrieved from /opt/airflow/dags/second_dag_example.py
[2024-04-30 16:26:16,757] {logging_mixin.py:104} INFO - [2024-04-30 16:26:16,757] {dag.py:1824} INFO - Sync 1 DAGs
[2024-04-30 16:26:16,776] {logging_mixin.py:104} INFO - [2024-04-30 16:26:16,776] {dag.py:2280} INFO - Setting next_dagrun for second_dag_example to 2024-04-11 00:00:00+00:00
[2024-04-30 16:26:16,786] {scheduler_job.py:190} INFO - Processing /opt/airflow/dags/second_dag_example.py took 0.083 seconds
[2024-04-30 16:26:47,313] {scheduler_job.py:182} INFO - Started process (PID=1210) to work on /opt/airflow/dags/second_dag_example.py
[2024-04-30 16:26:47,316] {scheduler_job.py:629} INFO - Processing file /opt/airflow/dags/second_dag_example.py for tasks to queue
[2024-04-30 16:26:47,317] {logging_mixin.py:104} INFO - [2024-04-30 16:26:47,317] {dagbag.py:451} INFO - Filling up the DagBag from /opt/airflow/dags/second_dag_example.py
[2024-04-30 16:26:47,342] {scheduler_job.py:639} INFO - DAG(s) dict_keys(['second_dag_example']) retrieved from /opt/airflow/dags/second_dag_example.py
[2024-04-30 16:26:47,359] {logging_mixin.py:104} INFO - [2024-04-30 16:26:47,359] {dag.py:1824} INFO - Sync 1 DAGs
[2024-04-30 16:26:47,374] {logging_mixin.py:104} INFO - [2024-04-30 16:26:47,374] {dag.py:2280} INFO - Setting next_dagrun for second_dag_example to 2024-04-11 00:00:00+00:00
[2024-04-30 16:26:47,384] {scheduler_job.py:190} INFO - Processing /opt/airflow/dags/second_dag_example.py took 0.074 seconds
[2024-04-30 16:27:17,711] {scheduler_job.py:182} INFO - Started process (PID=1242) to work on /opt/airflow/dags/second_dag_example.py
[2024-04-30 16:27:17,712] {scheduler_job.py:629} INFO - Processing file /opt/airflow/dags/second_dag_example.py for tasks to queue
[2024-04-30 16:27:17,714] {logging_mixin.py:104} INFO - [2024-04-30 16:27:17,713] {dagbag.py:451} INFO - Filling up the DagBag from /opt/airflow/dags/second_dag_example.py
[2024-04-30 16:27:17,754] {scheduler_job.py:639} INFO - DAG(s) dict_keys(['second_dag_example']) retrieved from /opt/airflow/dags/second_dag_example.py
[2024-04-30 16:27:17,778] {logging_mixin.py:104} INFO - [2024-04-30 16:27:17,778] {dag.py:1824} INFO - Sync 1 DAGs
[2024-04-30 16:27:17,798] {logging_mixin.py:104} INFO - [2024-04-30 16:27:17,798] {dag.py:2280} INFO - Setting next_dagrun for second_dag_example to 2024-04-11 00:00:00+00:00
[2024-04-30 16:27:17,809] {scheduler_job.py:190} INFO - Processing /opt/airflow/dags/second_dag_example.py took 0.102 seconds
[2024-04-30 16:27:48,234] {scheduler_job.py:182} INFO - Started process (PID=1274) to work on /opt/airflow/dags/second_dag_example.py
[2024-04-30 16:27:48,235] {scheduler_job.py:629} INFO - Processing file /opt/airflow/dags/second_dag_example.py for tasks to queue
[2024-04-30 16:27:48,236] {logging_mixin.py:104} INFO - [2024-04-30 16:27:48,236] {dagbag.py:451} INFO - Filling up the DagBag from /opt/airflow/dags/second_dag_example.py
[2024-04-30 16:27:48,261] {scheduler_job.py:639} INFO - DAG(s) dict_keys(['second_dag_example']) retrieved from /opt/airflow/dags/second_dag_example.py
[2024-04-30 16:27:48,277] {logging_mixin.py:104} INFO - [2024-04-30 16:27:48,277] {dag.py:1824} INFO - Sync 1 DAGs
[2024-04-30 16:27:48,293] {logging_mixin.py:104} INFO - [2024-04-30 16:27:48,293] {dag.py:2280} INFO - Setting next_dagrun for second_dag_example to 2024-04-11 00:00:00+00:00
[2024-04-30 16:27:48,303] {scheduler_job.py:190} INFO - Processing /opt/airflow/dags/second_dag_example.py took 0.073 seconds
[2024-04-30 16:28:18,849] {scheduler_job.py:182} INFO - Started process (PID=1306) to work on /opt/airflow/dags/second_dag_example.py
[2024-04-30 16:28:18,850] {scheduler_job.py:629} INFO - Processing file /opt/airflow/dags/second_dag_example.py for tasks to queue
[2024-04-30 16:28:18,851] {logging_mixin.py:104} INFO - [2024-04-30 16:28:18,850] {dagbag.py:451} INFO - Filling up the DagBag from /opt/airflow/dags/second_dag_example.py
[2024-04-30 16:28:18,876] {scheduler_job.py:639} INFO - DAG(s) dict_keys(['second_dag_example']) retrieved from /opt/airflow/dags/second_dag_example.py
[2024-04-30 16:28:18,896] {logging_mixin.py:104} INFO - [2024-04-30 16:28:18,896] {dag.py:1824} INFO - Sync 1 DAGs
[2024-04-30 16:28:18,910] {logging_mixin.py:104} INFO - [2024-04-30 16:28:18,910] {dag.py:2280} INFO - Setting next_dagrun for second_dag_example to 2024-04-11 00:00:00+00:00
[2024-04-30 16:28:18,921] {scheduler_job.py:190} INFO - Processing /opt/airflow/dags/second_dag_example.py took 0.076 seconds
[2024-04-30 16:28:49,350] {scheduler_job.py:182} INFO - Started process (PID=1338) to work on /opt/airflow/dags/second_dag_example.py
[2024-04-30 16:28:49,351] {scheduler_job.py:629} INFO - Processing file /opt/airflow/dags/second_dag_example.py for tasks to queue
[2024-04-30 16:28:49,353] {logging_mixin.py:104} INFO - [2024-04-30 16:28:49,352] {dagbag.py:451} INFO - Filling up the DagBag from /opt/airflow/dags/second_dag_example.py
[2024-04-30 16:28:49,388] {scheduler_job.py:639} INFO - DAG(s) dict_keys(['second_dag_example']) retrieved from /opt/airflow/dags/second_dag_example.py
[2024-04-30 16:28:49,408] {logging_mixin.py:104} INFO - [2024-04-30 16:28:49,408] {dag.py:1824} INFO - Sync 1 DAGs
[2024-04-30 16:28:49,440] {logging_mixin.py:104} INFO - [2024-04-30 16:28:49,439] {dag.py:2280} INFO - Setting next_dagrun for second_dag_example to 2024-04-11 00:00:00+00:00
[2024-04-30 16:28:49,450] {scheduler_job.py:190} INFO - Processing /opt/airflow/dags/second_dag_example.py took 0.104 seconds
[2024-04-30 16:29:19,943] {scheduler_job.py:182} INFO - Started process (PID=1370) to work on /opt/airflow/dags/second_dag_example.py
[2024-04-30 16:29:19,944] {scheduler_job.py:629} INFO - Processing file /opt/airflow/dags/second_dag_example.py for tasks to queue
[2024-04-30 16:29:19,945] {logging_mixin.py:104} INFO - [2024-04-30 16:29:19,945] {dagbag.py:451} INFO - Filling up the DagBag from /opt/airflow/dags/second_dag_example.py
[2024-04-30 16:29:19,972] {scheduler_job.py:639} INFO - DAG(s) dict_keys(['second_dag_example']) retrieved from /opt/airflow/dags/second_dag_example.py
[2024-04-30 16:29:19,994] {logging_mixin.py:104} INFO - [2024-04-30 16:29:19,994] {dag.py:1824} INFO - Sync 1 DAGs
[2024-04-30 16:29:20,012] {logging_mixin.py:104} INFO - [2024-04-30 16:29:20,012] {dag.py:2280} INFO - Setting next_dagrun for second_dag_example to 2024-04-11 00:00:00+00:00
[2024-04-30 16:29:20,021] {scheduler_job.py:190} INFO - Processing /opt/airflow/dags/second_dag_example.py took 0.081 seconds
[2024-04-30 16:29:50,456] {scheduler_job.py:182} INFO - Started process (PID=1402) to work on /opt/airflow/dags/second_dag_example.py
[2024-04-30 16:29:50,457] {scheduler_job.py:629} INFO - Processing file /opt/airflow/dags/second_dag_example.py for tasks to queue
[2024-04-30 16:29:50,458] {logging_mixin.py:104} INFO - [2024-04-30 16:29:50,458] {dagbag.py:451} INFO - Filling up the DagBag from /opt/airflow/dags/second_dag_example.py
[2024-04-30 16:29:50,484] {scheduler_job.py:639} INFO - DAG(s) dict_keys(['second_dag_example']) retrieved from /opt/airflow/dags/second_dag_example.py
[2024-04-30 16:29:50,501] {logging_mixin.py:104} INFO - [2024-04-30 16:29:50,501] {dag.py:1824} INFO - Sync 1 DAGs
[2024-04-30 16:29:50,519] {logging_mixin.py:104} INFO - [2024-04-30 16:29:50,518] {dag.py:2280} INFO - Setting next_dagrun for second_dag_example to 2024-04-11 00:00:00+00:00
[2024-04-30 16:29:50,528] {scheduler_job.py:190} INFO - Processing /opt/airflow/dags/second_dag_example.py took 0.076 seconds
[2024-04-30 16:30:21,053] {scheduler_job.py:182} INFO - Started process (PID=1434) to work on /opt/airflow/dags/second_dag_example.py
[2024-04-30 16:30:21,054] {scheduler_job.py:629} INFO - Processing file /opt/airflow/dags/second_dag_example.py for tasks to queue
[2024-04-30 16:30:21,055] {logging_mixin.py:104} INFO - [2024-04-30 16:30:21,055] {dagbag.py:451} INFO - Filling up the DagBag from /opt/airflow/dags/second_dag_example.py
[2024-04-30 16:30:21,085] {scheduler_job.py:639} INFO - DAG(s) dict_keys(['second_dag_example']) retrieved from /opt/airflow/dags/second_dag_example.py
[2024-04-30 16:30:21,102] {logging_mixin.py:104} INFO - [2024-04-30 16:30:21,102] {dag.py:1824} INFO - Sync 1 DAGs
[2024-04-30 16:30:21,119] {logging_mixin.py:104} INFO - [2024-04-30 16:30:21,119] {dag.py:2280} INFO - Setting next_dagrun for second_dag_example to 2024-04-11 00:00:00+00:00
[2024-04-30 16:30:21,130] {scheduler_job.py:190} INFO - Processing /opt/airflow/dags/second_dag_example.py took 0.081 seconds
[2024-04-30 16:30:51,950] {scheduler_job.py:182} INFO - Started process (PID=1466) to work on /opt/airflow/dags/second_dag_example.py
[2024-04-30 16:30:51,952] {scheduler_job.py:629} INFO - Processing file /opt/airflow/dags/second_dag_example.py for tasks to queue
[2024-04-30 16:30:51,953] {logging_mixin.py:104} INFO - [2024-04-30 16:30:51,953] {dagbag.py:451} INFO - Filling up the DagBag from /opt/airflow/dags/second_dag_example.py
[2024-04-30 16:30:51,990] {scheduler_job.py:639} INFO - DAG(s) dict_keys(['second_dag_example']) retrieved from /opt/airflow/dags/second_dag_example.py
[2024-04-30 16:30:52,021] {logging_mixin.py:104} INFO - [2024-04-30 16:30:52,020] {dag.py:1824} INFO - Sync 1 DAGs
[2024-04-30 16:30:52,048] {logging_mixin.py:104} INFO - [2024-04-30 16:30:52,048] {dag.py:2280} INFO - Setting next_dagrun for second_dag_example to 2024-04-11 00:00:00+00:00
[2024-04-30 16:30:52,064] {scheduler_job.py:190} INFO - Processing /opt/airflow/dags/second_dag_example.py took 0.120 seconds
[2024-04-30 16:31:22,652] {scheduler_job.py:182} INFO - Started process (PID=1498) to work on /opt/airflow/dags/second_dag_example.py
[2024-04-30 16:31:22,654] {scheduler_job.py:629} INFO - Processing file /opt/airflow/dags/second_dag_example.py for tasks to queue
[2024-04-30 16:31:22,656] {logging_mixin.py:104} INFO - [2024-04-30 16:31:22,655] {dagbag.py:451} INFO - Filling up the DagBag from /opt/airflow/dags/second_dag_example.py
[2024-04-30 16:31:22,696] {scheduler_job.py:639} INFO - DAG(s) dict_keys(['second_dag_example']) retrieved from /opt/airflow/dags/second_dag_example.py
[2024-04-30 16:31:22,725] {logging_mixin.py:104} INFO - [2024-04-30 16:31:22,725] {dag.py:1824} INFO - Sync 1 DAGs
[2024-04-30 16:31:22,751] {logging_mixin.py:104} INFO - [2024-04-30 16:31:22,751] {dag.py:2280} INFO - Setting next_dagrun for second_dag_example to 2024-04-11 00:00:00+00:00
[2024-04-30 16:31:22,764] {scheduler_job.py:190} INFO - Processing /opt/airflow/dags/second_dag_example.py took 0.116 seconds
[2024-04-30 16:31:52,956] {scheduler_job.py:182} INFO - Started process (PID=1530) to work on /opt/airflow/dags/second_dag_example.py
[2024-04-30 16:31:52,960] {scheduler_job.py:629} INFO - Processing file /opt/airflow/dags/second_dag_example.py for tasks to queue
[2024-04-30 16:31:52,962] {logging_mixin.py:104} INFO - [2024-04-30 16:31:52,962] {dagbag.py:451} INFO - Filling up the DagBag from /opt/airflow/dags/second_dag_example.py
[2024-04-30 16:31:53,030] {scheduler_job.py:639} INFO - DAG(s) dict_keys(['second_dag_example']) retrieved from /opt/airflow/dags/second_dag_example.py
[2024-04-30 16:31:53,062] {logging_mixin.py:104} INFO - [2024-04-30 16:31:53,062] {dag.py:1824} INFO - Sync 1 DAGs
[2024-04-30 16:31:53,108] {logging_mixin.py:104} INFO - [2024-04-30 16:31:53,108] {dag.py:2280} INFO - Setting next_dagrun for second_dag_example to 2024-04-11 00:00:00+00:00
[2024-04-30 16:31:53,124] {scheduler_job.py:190} INFO - Processing /opt/airflow/dags/second_dag_example.py took 0.172 seconds
[2024-04-30 16:32:23,895] {scheduler_job.py:182} INFO - Started process (PID=1562) to work on /opt/airflow/dags/second_dag_example.py
[2024-04-30 16:32:23,897] {scheduler_job.py:629} INFO - Processing file /opt/airflow/dags/second_dag_example.py for tasks to queue
[2024-04-30 16:32:23,898] {logging_mixin.py:104} INFO - [2024-04-30 16:32:23,898] {dagbag.py:451} INFO - Filling up the DagBag from /opt/airflow/dags/second_dag_example.py
[2024-04-30 16:32:23,942] {scheduler_job.py:639} INFO - DAG(s) dict_keys(['second_dag_example']) retrieved from /opt/airflow/dags/second_dag_example.py
[2024-04-30 16:32:23,966] {logging_mixin.py:104} INFO - [2024-04-30 16:32:23,966] {dag.py:1824} INFO - Sync 1 DAGs
[2024-04-30 16:32:23,990] {logging_mixin.py:104} INFO - [2024-04-30 16:32:23,989] {dag.py:2280} INFO - Setting next_dagrun for second_dag_example to 2024-04-11 00:00:00+00:00
[2024-04-30 16:32:24,002] {scheduler_job.py:190} INFO - Processing /opt/airflow/dags/second_dag_example.py took 0.111 seconds
[2024-04-30 16:32:54,463] {scheduler_job.py:182} INFO - Started process (PID=1594) to work on /opt/airflow/dags/second_dag_example.py
[2024-04-30 16:32:54,464] {scheduler_job.py:629} INFO - Processing file /opt/airflow/dags/second_dag_example.py for tasks to queue
[2024-04-30 16:32:54,465] {logging_mixin.py:104} INFO - [2024-04-30 16:32:54,465] {dagbag.py:451} INFO - Filling up the DagBag from /opt/airflow/dags/second_dag_example.py
[2024-04-30 16:32:54,489] {scheduler_job.py:639} INFO - DAG(s) dict_keys(['second_dag_example']) retrieved from /opt/airflow/dags/second_dag_example.py
[2024-04-30 16:32:54,508] {logging_mixin.py:104} INFO - [2024-04-30 16:32:54,508] {dag.py:1824} INFO - Sync 1 DAGs
[2024-04-30 16:32:54,525] {logging_mixin.py:104} INFO - [2024-04-30 16:32:54,524] {dag.py:2280} INFO - Setting next_dagrun for second_dag_example to 2024-04-11 00:00:00+00:00
[2024-04-30 16:32:54,535] {scheduler_job.py:190} INFO - Processing /opt/airflow/dags/second_dag_example.py took 0.075 seconds
[2024-04-30 16:33:25,050] {scheduler_job.py:182} INFO - Started process (PID=1626) to work on /opt/airflow/dags/second_dag_example.py
[2024-04-30 16:33:25,051] {scheduler_job.py:629} INFO - Processing file /opt/airflow/dags/second_dag_example.py for tasks to queue
[2024-04-30 16:33:25,052] {logging_mixin.py:104} INFO - [2024-04-30 16:33:25,052] {dagbag.py:451} INFO - Filling up the DagBag from /opt/airflow/dags/second_dag_example.py
[2024-04-30 16:33:25,078] {scheduler_job.py:639} INFO - DAG(s) dict_keys(['second_dag_example']) retrieved from /opt/airflow/dags/second_dag_example.py
[2024-04-30 16:33:25,096] {logging_mixin.py:104} INFO - [2024-04-30 16:33:25,096] {dag.py:1824} INFO - Sync 1 DAGs
[2024-04-30 16:33:25,112] {logging_mixin.py:104} INFO - [2024-04-30 16:33:25,112] {dag.py:2280} INFO - Setting next_dagrun for second_dag_example to 2024-04-11 00:00:00+00:00
[2024-04-30 16:33:25,123] {scheduler_job.py:190} INFO - Processing /opt/airflow/dags/second_dag_example.py took 0.076 seconds
[2024-04-30 16:33:55,663] {scheduler_job.py:182} INFO - Started process (PID=1658) to work on /opt/airflow/dags/second_dag_example.py
[2024-04-30 16:33:55,664] {scheduler_job.py:629} INFO - Processing file /opt/airflow/dags/second_dag_example.py for tasks to queue
[2024-04-30 16:33:55,665] {logging_mixin.py:104} INFO - [2024-04-30 16:33:55,665] {dagbag.py:451} INFO - Filling up the DagBag from /opt/airflow/dags/second_dag_example.py
[2024-04-30 16:33:55,692] {scheduler_job.py:639} INFO - DAG(s) dict_keys(['second_dag_example']) retrieved from /opt/airflow/dags/second_dag_example.py
[2024-04-30 16:33:55,711] {logging_mixin.py:104} INFO - [2024-04-30 16:33:55,711] {dag.py:1824} INFO - Sync 1 DAGs
[2024-04-30 16:33:55,729] {logging_mixin.py:104} INFO - [2024-04-30 16:33:55,728] {dag.py:2280} INFO - Setting next_dagrun for second_dag_example to 2024-04-11 00:00:00+00:00
[2024-04-30 16:33:55,739] {scheduler_job.py:190} INFO - Processing /opt/airflow/dags/second_dag_example.py took 0.080 seconds
[2024-04-30 16:34:26,237] {scheduler_job.py:182} INFO - Started process (PID=1690) to work on /opt/airflow/dags/second_dag_example.py
[2024-04-30 16:34:26,238] {scheduler_job.py:629} INFO - Processing file /opt/airflow/dags/second_dag_example.py for tasks to queue
[2024-04-30 16:34:26,239] {logging_mixin.py:104} INFO - [2024-04-30 16:34:26,239] {dagbag.py:451} INFO - Filling up the DagBag from /opt/airflow/dags/second_dag_example.py
[2024-04-30 16:34:26,264] {scheduler_job.py:639} INFO - DAG(s) dict_keys(['second_dag_example']) retrieved from /opt/airflow/dags/second_dag_example.py
[2024-04-30 16:34:26,282] {logging_mixin.py:104} INFO - [2024-04-30 16:34:26,282] {dag.py:1824} INFO - Sync 1 DAGs
[2024-04-30 16:34:26,299] {logging_mixin.py:104} INFO - [2024-04-30 16:34:26,298] {dag.py:2280} INFO - Setting next_dagrun for second_dag_example to 2024-04-11 00:00:00+00:00
[2024-04-30 16:34:26,308] {scheduler_job.py:190} INFO - Processing /opt/airflow/dags/second_dag_example.py took 0.075 seconds
[2024-04-30 16:34:56,924] {scheduler_job.py:182} INFO - Started process (PID=1722) to work on /opt/airflow/dags/second_dag_example.py
[2024-04-30 16:34:56,925] {scheduler_job.py:629} INFO - Processing file /opt/airflow/dags/second_dag_example.py for tasks to queue
[2024-04-30 16:34:56,926] {logging_mixin.py:104} INFO - [2024-04-30 16:34:56,926] {dagbag.py:451} INFO - Filling up the DagBag from /opt/airflow/dags/second_dag_example.py
[2024-04-30 16:34:56,950] {scheduler_job.py:639} INFO - DAG(s) dict_keys(['second_dag_example']) retrieved from /opt/airflow/dags/second_dag_example.py
[2024-04-30 16:34:56,967] {logging_mixin.py:104} INFO - [2024-04-30 16:34:56,967] {dag.py:1824} INFO - Sync 1 DAGs
[2024-04-30 16:34:56,984] {logging_mixin.py:104} INFO - [2024-04-30 16:34:56,984] {dag.py:2280} INFO - Setting next_dagrun for second_dag_example to 2024-04-11 00:00:00+00:00
[2024-04-30 16:34:56,994] {scheduler_job.py:190} INFO - Processing /opt/airflow/dags/second_dag_example.py took 0.073 seconds
[2024-04-30 16:35:27,482] {scheduler_job.py:182} INFO - Started process (PID=1754) to work on /opt/airflow/dags/second_dag_example.py
[2024-04-30 16:35:27,484] {scheduler_job.py:629} INFO - Processing file /opt/airflow/dags/second_dag_example.py for tasks to queue
[2024-04-30 16:35:27,485] {logging_mixin.py:104} INFO - [2024-04-30 16:35:27,485] {dagbag.py:451} INFO - Filling up the DagBag from /opt/airflow/dags/second_dag_example.py
[2024-04-30 16:35:27,519] {scheduler_job.py:639} INFO - DAG(s) dict_keys(['second_dag_example']) retrieved from /opt/airflow/dags/second_dag_example.py
[2024-04-30 16:35:27,541] {logging_mixin.py:104} INFO - [2024-04-30 16:35:27,541] {dag.py:1824} INFO - Sync 1 DAGs
[2024-04-30 16:35:27,557] {logging_mixin.py:104} INFO - [2024-04-30 16:35:27,557] {dag.py:2280} INFO - Setting next_dagrun for second_dag_example to 2024-04-11 00:00:00+00:00
[2024-04-30 16:35:27,568] {scheduler_job.py:190} INFO - Processing /opt/airflow/dags/second_dag_example.py took 0.090 seconds
[2024-04-30 16:35:58,002] {scheduler_job.py:182} INFO - Started process (PID=1786) to work on /opt/airflow/dags/second_dag_example.py
[2024-04-30 16:35:58,003] {scheduler_job.py:629} INFO - Processing file /opt/airflow/dags/second_dag_example.py for tasks to queue
[2024-04-30 16:35:58,004] {logging_mixin.py:104} INFO - [2024-04-30 16:35:58,004] {dagbag.py:451} INFO - Filling up the DagBag from /opt/airflow/dags/second_dag_example.py
[2024-04-30 16:35:58,036] {scheduler_job.py:639} INFO - DAG(s) dict_keys(['second_dag_example']) retrieved from /opt/airflow/dags/second_dag_example.py
[2024-04-30 16:35:58,060] {logging_mixin.py:104} INFO - [2024-04-30 16:35:58,060] {dag.py:1824} INFO - Sync 1 DAGs
[2024-04-30 16:35:58,083] {logging_mixin.py:104} INFO - [2024-04-30 16:35:58,083] {dag.py:2280} INFO - Setting next_dagrun for second_dag_example to 2024-04-11 00:00:00+00:00
[2024-04-30 16:35:58,093] {scheduler_job.py:190} INFO - Processing /opt/airflow/dags/second_dag_example.py took 0.095 seconds
[2024-04-30 16:36:28,612] {scheduler_job.py:182} INFO - Started process (PID=1818) to work on /opt/airflow/dags/second_dag_example.py
[2024-04-30 16:36:28,614] {scheduler_job.py:629} INFO - Processing file /opt/airflow/dags/second_dag_example.py for tasks to queue
[2024-04-30 16:36:28,615] {logging_mixin.py:104} INFO - [2024-04-30 16:36:28,615] {dagbag.py:451} INFO - Filling up the DagBag from /opt/airflow/dags/second_dag_example.py
[2024-04-30 16:36:28,648] {scheduler_job.py:639} INFO - DAG(s) dict_keys(['second_dag_example']) retrieved from /opt/airflow/dags/second_dag_example.py
[2024-04-30 16:36:28,668] {logging_mixin.py:104} INFO - [2024-04-30 16:36:28,668] {dag.py:1824} INFO - Sync 1 DAGs
[2024-04-30 16:36:28,684] {logging_mixin.py:104} INFO - [2024-04-30 16:36:28,684] {dag.py:2280} INFO - Setting next_dagrun for second_dag_example to 2024-04-11 00:00:00+00:00
[2024-04-30 16:36:28,694] {scheduler_job.py:190} INFO - Processing /opt/airflow/dags/second_dag_example.py took 0.086 seconds
[2024-04-30 16:36:59,177] {scheduler_job.py:182} INFO - Started process (PID=1850) to work on /opt/airflow/dags/second_dag_example.py
[2024-04-30 16:36:59,178] {scheduler_job.py:629} INFO - Processing file /opt/airflow/dags/second_dag_example.py for tasks to queue
[2024-04-30 16:36:59,179] {logging_mixin.py:104} INFO - [2024-04-30 16:36:59,179] {dagbag.py:451} INFO - Filling up the DagBag from /opt/airflow/dags/second_dag_example.py
[2024-04-30 16:36:59,205] {scheduler_job.py:639} INFO - DAG(s) dict_keys(['second_dag_example']) retrieved from /opt/airflow/dags/second_dag_example.py
[2024-04-30 16:36:59,222] {logging_mixin.py:104} INFO - [2024-04-30 16:36:59,222] {dag.py:1824} INFO - Sync 1 DAGs
[2024-04-30 16:36:59,240] {logging_mixin.py:104} INFO - [2024-04-30 16:36:59,240] {dag.py:2280} INFO - Setting next_dagrun for second_dag_example to 2024-04-11 00:00:00+00:00
[2024-04-30 16:36:59,250] {scheduler_job.py:190} INFO - Processing /opt/airflow/dags/second_dag_example.py took 0.076 seconds
[2024-04-30 16:37:29,724] {scheduler_job.py:182} INFO - Started process (PID=1882) to work on /opt/airflow/dags/second_dag_example.py
[2024-04-30 16:37:29,725] {scheduler_job.py:629} INFO - Processing file /opt/airflow/dags/second_dag_example.py for tasks to queue
[2024-04-30 16:37:29,726] {logging_mixin.py:104} INFO - [2024-04-30 16:37:29,726] {dagbag.py:451} INFO - Filling up the DagBag from /opt/airflow/dags/second_dag_example.py
[2024-04-30 16:37:29,753] {scheduler_job.py:639} INFO - DAG(s) dict_keys(['second_dag_example']) retrieved from /opt/airflow/dags/second_dag_example.py
[2024-04-30 16:37:29,773] {logging_mixin.py:104} INFO - [2024-04-30 16:37:29,773] {dag.py:1824} INFO - Sync 1 DAGs
[2024-04-30 16:37:29,790] {logging_mixin.py:104} INFO - [2024-04-30 16:37:29,790] {dag.py:2280} INFO - Setting next_dagrun for second_dag_example to 2024-04-11 00:00:00+00:00
[2024-04-30 16:37:29,801] {scheduler_job.py:190} INFO - Processing /opt/airflow/dags/second_dag_example.py took 0.081 seconds
[2024-04-30 16:38:00,144] {scheduler_job.py:182} INFO - Started process (PID=1914) to work on /opt/airflow/dags/second_dag_example.py
[2024-04-30 16:38:00,146] {scheduler_job.py:629} INFO - Processing file /opt/airflow/dags/second_dag_example.py for tasks to queue
[2024-04-30 16:38:00,147] {logging_mixin.py:104} INFO - [2024-04-30 16:38:00,146] {dagbag.py:451} INFO - Filling up the DagBag from /opt/airflow/dags/second_dag_example.py
[2024-04-30 16:38:00,170] {scheduler_job.py:639} INFO - DAG(s) dict_keys(['second_dag_example']) retrieved from /opt/airflow/dags/second_dag_example.py
[2024-04-30 16:38:00,188] {logging_mixin.py:104} INFO - [2024-04-30 16:38:00,188] {dag.py:1824} INFO - Sync 1 DAGs
[2024-04-30 16:38:00,206] {logging_mixin.py:104} INFO - [2024-04-30 16:38:00,206] {dag.py:2280} INFO - Setting next_dagrun for second_dag_example to 2024-04-11 00:00:00+00:00
[2024-04-30 16:38:00,216] {scheduler_job.py:190} INFO - Processing /opt/airflow/dags/second_dag_example.py took 0.076 seconds
[2024-04-30 16:38:30,690] {scheduler_job.py:182} INFO - Started process (PID=1946) to work on /opt/airflow/dags/second_dag_example.py
[2024-04-30 16:38:30,691] {scheduler_job.py:629} INFO - Processing file /opt/airflow/dags/second_dag_example.py for tasks to queue
[2024-04-30 16:38:30,692] {logging_mixin.py:104} INFO - [2024-04-30 16:38:30,692] {dagbag.py:451} INFO - Filling up the DagBag from /opt/airflow/dags/second_dag_example.py
[2024-04-30 16:38:30,718] {scheduler_job.py:639} INFO - DAG(s) dict_keys(['second_dag_example']) retrieved from /opt/airflow/dags/second_dag_example.py
[2024-04-30 16:38:30,738] {logging_mixin.py:104} INFO - [2024-04-30 16:38:30,737] {dag.py:1824} INFO - Sync 1 DAGs
[2024-04-30 16:38:30,755] {logging_mixin.py:104} INFO - [2024-04-30 16:38:30,755] {dag.py:2280} INFO - Setting next_dagrun for second_dag_example to 2024-04-11 00:00:00+00:00
[2024-04-30 16:38:30,765] {scheduler_job.py:190} INFO - Processing /opt/airflow/dags/second_dag_example.py took 0.079 seconds
[2024-04-30 16:39:01,291] {scheduler_job.py:182} INFO - Started process (PID=1978) to work on /opt/airflow/dags/second_dag_example.py
[2024-04-30 16:39:01,292] {scheduler_job.py:629} INFO - Processing file /opt/airflow/dags/second_dag_example.py for tasks to queue
[2024-04-30 16:39:01,293] {logging_mixin.py:104} INFO - [2024-04-30 16:39:01,293] {dagbag.py:451} INFO - Filling up the DagBag from /opt/airflow/dags/second_dag_example.py
[2024-04-30 16:39:01,324] {scheduler_job.py:639} INFO - DAG(s) dict_keys(['second_dag_example']) retrieved from /opt/airflow/dags/second_dag_example.py
[2024-04-30 16:39:01,347] {logging_mixin.py:104} INFO - [2024-04-30 16:39:01,347] {dag.py:1824} INFO - Sync 1 DAGs
[2024-04-30 16:39:01,363] {logging_mixin.py:104} INFO - [2024-04-30 16:39:01,363] {dag.py:2280} INFO - Setting next_dagrun for second_dag_example to 2024-04-11 00:00:00+00:00
[2024-04-30 16:39:01,374] {scheduler_job.py:190} INFO - Processing /opt/airflow/dags/second_dag_example.py took 0.086 seconds
[2024-04-30 16:39:31,745] {scheduler_job.py:182} INFO - Started process (PID=2010) to work on /opt/airflow/dags/second_dag_example.py
[2024-04-30 16:39:31,747] {scheduler_job.py:629} INFO - Processing file /opt/airflow/dags/second_dag_example.py for tasks to queue
[2024-04-30 16:39:31,748] {logging_mixin.py:104} INFO - [2024-04-30 16:39:31,748] {dagbag.py:451} INFO - Filling up the DagBag from /opt/airflow/dags/second_dag_example.py
[2024-04-30 16:39:31,783] {scheduler_job.py:639} INFO - DAG(s) dict_keys(['second_dag_example']) retrieved from /opt/airflow/dags/second_dag_example.py
[2024-04-30 16:39:31,807] {logging_mixin.py:104} INFO - [2024-04-30 16:39:31,807] {dag.py:1824} INFO - Sync 1 DAGs
[2024-04-30 16:39:31,823] {logging_mixin.py:104} INFO - [2024-04-30 16:39:31,823] {dag.py:2280} INFO - Setting next_dagrun for second_dag_example to 2024-04-11 00:00:00+00:00
[2024-04-30 16:39:31,832] {scheduler_job.py:190} INFO - Processing /opt/airflow/dags/second_dag_example.py took 0.089 seconds
[2024-04-30 16:40:02,378] {scheduler_job.py:182} INFO - Started process (PID=2042) to work on /opt/airflow/dags/second_dag_example.py
[2024-04-30 16:40:02,380] {scheduler_job.py:629} INFO - Processing file /opt/airflow/dags/second_dag_example.py for tasks to queue
[2024-04-30 16:40:02,381] {logging_mixin.py:104} INFO - [2024-04-30 16:40:02,381] {dagbag.py:451} INFO - Filling up the DagBag from /opt/airflow/dags/second_dag_example.py
[2024-04-30 16:40:02,407] {scheduler_job.py:639} INFO - DAG(s) dict_keys(['second_dag_example']) retrieved from /opt/airflow/dags/second_dag_example.py
[2024-04-30 16:40:02,425] {logging_mixin.py:104} INFO - [2024-04-30 16:40:02,425] {dag.py:1824} INFO - Sync 1 DAGs
[2024-04-30 16:40:02,442] {logging_mixin.py:104} INFO - [2024-04-30 16:40:02,442] {dag.py:2280} INFO - Setting next_dagrun for second_dag_example to 2024-04-11 00:00:00+00:00
[2024-04-30 16:40:02,452] {scheduler_job.py:190} INFO - Processing /opt/airflow/dags/second_dag_example.py took 0.078 seconds
[2024-04-30 16:40:32,788] {scheduler_job.py:182} INFO - Started process (PID=2074) to work on /opt/airflow/dags/second_dag_example.py
[2024-04-30 16:40:32,793] {scheduler_job.py:629} INFO - Processing file /opt/airflow/dags/second_dag_example.py for tasks to queue
[2024-04-30 16:40:32,796] {logging_mixin.py:104} INFO - [2024-04-30 16:40:32,796] {dagbag.py:451} INFO - Filling up the DagBag from /opt/airflow/dags/second_dag_example.py
[2024-04-30 16:40:32,848] {scheduler_job.py:639} INFO - DAG(s) dict_keys(['second_dag_example']) retrieved from /opt/airflow/dags/second_dag_example.py
[2024-04-30 16:40:32,867] {logging_mixin.py:104} INFO - [2024-04-30 16:40:32,867] {dag.py:1824} INFO - Sync 1 DAGs
[2024-04-30 16:40:32,887] {logging_mixin.py:104} INFO - [2024-04-30 16:40:32,887] {dag.py:2280} INFO - Setting next_dagrun for second_dag_example to 2024-04-11 00:00:00+00:00
[2024-04-30 16:40:32,895] {scheduler_job.py:190} INFO - Processing /opt/airflow/dags/second_dag_example.py took 0.111 seconds
[2024-04-30 16:41:03,364] {scheduler_job.py:182} INFO - Started process (PID=2106) to work on /opt/airflow/dags/second_dag_example.py
[2024-04-30 16:41:03,365] {scheduler_job.py:629} INFO - Processing file /opt/airflow/dags/second_dag_example.py for tasks to queue
[2024-04-30 16:41:03,366] {logging_mixin.py:104} INFO - [2024-04-30 16:41:03,366] {dagbag.py:451} INFO - Filling up the DagBag from /opt/airflow/dags/second_dag_example.py
[2024-04-30 16:41:03,393] {scheduler_job.py:639} INFO - DAG(s) dict_keys(['second_dag_example']) retrieved from /opt/airflow/dags/second_dag_example.py
[2024-04-30 16:41:03,410] {logging_mixin.py:104} INFO - [2024-04-30 16:41:03,410] {dag.py:1824} INFO - Sync 1 DAGs
[2024-04-30 16:41:03,427] {logging_mixin.py:104} INFO - [2024-04-30 16:41:03,427] {dag.py:2280} INFO - Setting next_dagrun for second_dag_example to 2024-04-11 00:00:00+00:00
[2024-04-30 16:41:03,437] {scheduler_job.py:190} INFO - Processing /opt/airflow/dags/second_dag_example.py took 0.077 seconds
[2024-04-30 16:41:34,030] {scheduler_job.py:182} INFO - Started process (PID=2138) to work on /opt/airflow/dags/second_dag_example.py
[2024-04-30 16:41:34,032] {scheduler_job.py:629} INFO - Processing file /opt/airflow/dags/second_dag_example.py for tasks to queue
[2024-04-30 16:41:34,033] {logging_mixin.py:104} INFO - [2024-04-30 16:41:34,032] {dagbag.py:451} INFO - Filling up the DagBag from /opt/airflow/dags/second_dag_example.py
[2024-04-30 16:41:34,057] {scheduler_job.py:639} INFO - DAG(s) dict_keys(['second_dag_example']) retrieved from /opt/airflow/dags/second_dag_example.py
[2024-04-30 16:41:34,089] {logging_mixin.py:104} INFO - [2024-04-30 16:41:34,089] {dag.py:1824} INFO - Sync 1 DAGs
[2024-04-30 16:41:34,109] {logging_mixin.py:104} INFO - [2024-04-30 16:41:34,108] {dag.py:2280} INFO - Setting next_dagrun for second_dag_example to 2024-04-11 00:00:00+00:00
[2024-04-30 16:41:34,117] {scheduler_job.py:190} INFO - Processing /opt/airflow/dags/second_dag_example.py took 0.090 seconds
