[2024-04-30 16:09:39,667] {scheduler_job.py:182} INFO - Started process (PID=68) to work on /opt/airflow/dags/third_dag_example.py
[2024-04-30 16:09:39,676] {scheduler_job.py:629} INFO - Processing file /opt/airflow/dags/third_dag_example.py for tasks to queue
[2024-04-30 16:09:39,678] {logging_mixin.py:104} INFO - [2024-04-30 16:09:39,678] {dagbag.py:451} INFO - Filling up the DagBag from /opt/airflow/dags/third_dag_example.py
[2024-04-30 16:09:39,810] {scheduler_job.py:639} INFO - DAG(s) dict_keys(['third_dag_example']) retrieved from /opt/airflow/dags/third_dag_example.py
[2024-04-30 16:09:39,892] {logging_mixin.py:104} INFO - [2024-04-30 16:09:39,892] {dag.py:1824} INFO - Sync 1 DAGs
[2024-04-30 16:09:39,988] {logging_mixin.py:104} INFO - [2024-04-30 16:09:39,988] {dag.py:2280} INFO - Setting next_dagrun for third_dag_example to 2024-03-21 00:00:00+00:00
[2024-04-30 16:09:40,026] {scheduler_job.py:190} INFO - Processing /opt/airflow/dags/third_dag_example.py took 0.376 seconds
[2024-04-30 16:10:10,098] {scheduler_job.py:182} INFO - Started process (PID=135) to work on /opt/airflow/dags/third_dag_example.py
[2024-04-30 16:10:10,100] {scheduler_job.py:629} INFO - Processing file /opt/airflow/dags/third_dag_example.py for tasks to queue
[2024-04-30 16:10:10,101] {logging_mixin.py:104} INFO - [2024-04-30 16:10:10,101] {dagbag.py:451} INFO - Filling up the DagBag from /opt/airflow/dags/third_dag_example.py
[2024-04-30 16:10:10,172] {scheduler_job.py:639} INFO - DAG(s) dict_keys(['third_dag_example']) retrieved from /opt/airflow/dags/third_dag_example.py
[2024-04-30 16:10:10,246] {logging_mixin.py:104} INFO - [2024-04-30 16:10:10,246] {dag.py:1824} INFO - Sync 1 DAGs
[2024-04-30 16:10:10,317] {logging_mixin.py:104} INFO - [2024-04-30 16:10:10,317] {dag.py:2280} INFO - Setting next_dagrun for third_dag_example to 2024-03-21 00:00:00+00:00
[2024-04-30 16:10:10,431] {scheduler_job.py:190} INFO - Processing /opt/airflow/dags/third_dag_example.py took 0.340 seconds
[2024-04-30 16:10:42,156] {scheduler_job.py:182} INFO - Started process (PID=167) to work on /opt/airflow/dags/third_dag_example.py
[2024-04-30 16:10:42,165] {scheduler_job.py:629} INFO - Processing file /opt/airflow/dags/third_dag_example.py for tasks to queue
[2024-04-30 16:10:42,170] {logging_mixin.py:104} INFO - [2024-04-30 16:10:42,169] {dagbag.py:451} INFO - Filling up the DagBag from /opt/airflow/dags/third_dag_example.py
[2024-04-30 16:10:42,625] {scheduler_job.py:639} INFO - DAG(s) dict_keys(['third_dag_example']) retrieved from /opt/airflow/dags/third_dag_example.py
[2024-04-30 16:10:42,865] {logging_mixin.py:104} INFO - [2024-04-30 16:10:42,865] {dag.py:1824} INFO - Sync 1 DAGs
[2024-04-30 16:10:43,021] {logging_mixin.py:104} INFO - [2024-04-30 16:10:43,021] {dag.py:2280} INFO - Setting next_dagrun for third_dag_example to 2024-03-21 00:00:00+00:00
[2024-04-30 16:10:43,101] {scheduler_job.py:190} INFO - Processing /opt/airflow/dags/third_dag_example.py took 0.963 seconds
[2024-04-30 16:11:22,989] {scheduler_job.py:182} INFO - Started process (PID=212) to work on /opt/airflow/dags/third_dag_example.py
[2024-04-30 16:11:22,992] {scheduler_job.py:629} INFO - Processing file /opt/airflow/dags/third_dag_example.py for tasks to queue
[2024-04-30 16:11:22,994] {logging_mixin.py:104} INFO - [2024-04-30 16:11:22,994] {dagbag.py:451} INFO - Filling up the DagBag from /opt/airflow/dags/third_dag_example.py
[2024-04-30 16:11:23,177] {scheduler_job.py:639} INFO - DAG(s) dict_keys(['third_dag_example']) retrieved from /opt/airflow/dags/third_dag_example.py
[2024-04-30 16:11:23,249] {logging_mixin.py:104} INFO - [2024-04-30 16:11:23,248] {dag.py:1824} INFO - Sync 1 DAGs
[2024-04-30 16:11:23,315] {logging_mixin.py:104} INFO - [2024-04-30 16:11:23,315] {dag.py:2280} INFO - Setting next_dagrun for third_dag_example to 2024-03-21 00:00:00+00:00
[2024-04-30 16:11:23,369] {scheduler_job.py:190} INFO - Processing /opt/airflow/dags/third_dag_example.py took 0.386 seconds
[2024-04-30 16:11:53,980] {scheduler_job.py:182} INFO - Started process (PID=255) to work on /opt/airflow/dags/third_dag_example.py
[2024-04-30 16:11:53,982] {scheduler_job.py:629} INFO - Processing file /opt/airflow/dags/third_dag_example.py for tasks to queue
[2024-04-30 16:11:53,984] {logging_mixin.py:104} INFO - [2024-04-30 16:11:53,983] {dagbag.py:451} INFO - Filling up the DagBag from /opt/airflow/dags/third_dag_example.py
[2024-04-30 16:11:54,030] {scheduler_job.py:639} INFO - DAG(s) dict_keys(['third_dag_example']) retrieved from /opt/airflow/dags/third_dag_example.py
[2024-04-30 16:11:54,060] {logging_mixin.py:104} INFO - [2024-04-30 16:11:54,060] {dag.py:1824} INFO - Sync 1 DAGs
[2024-04-30 16:11:54,084] {logging_mixin.py:104} INFO - [2024-04-30 16:11:54,084] {dag.py:2280} INFO - Setting next_dagrun for third_dag_example to 2024-03-21 00:00:00+00:00
[2024-04-30 16:11:54,097] {scheduler_job.py:190} INFO - Processing /opt/airflow/dags/third_dag_example.py took 0.122 seconds
[2024-04-30 16:12:24,901] {scheduler_job.py:182} INFO - Started process (PID=287) to work on /opt/airflow/dags/third_dag_example.py
[2024-04-30 16:12:24,905] {scheduler_job.py:629} INFO - Processing file /opt/airflow/dags/third_dag_example.py for tasks to queue
[2024-04-30 16:12:24,907] {logging_mixin.py:104} INFO - [2024-04-30 16:12:24,907] {dagbag.py:451} INFO - Filling up the DagBag from /opt/airflow/dags/third_dag_example.py
[2024-04-30 16:12:24,972] {scheduler_job.py:639} INFO - DAG(s) dict_keys(['third_dag_example']) retrieved from /opt/airflow/dags/third_dag_example.py
[2024-04-30 16:12:25,011] {logging_mixin.py:104} INFO - [2024-04-30 16:12:25,010] {dag.py:1824} INFO - Sync 1 DAGs
[2024-04-30 16:12:25,048] {logging_mixin.py:104} INFO - [2024-04-30 16:12:25,048] {dag.py:2280} INFO - Setting next_dagrun for third_dag_example to 2024-03-21 00:00:00+00:00
[2024-04-30 16:12:25,070] {scheduler_job.py:190} INFO - Processing /opt/airflow/dags/third_dag_example.py took 0.180 seconds
[2024-04-30 16:12:55,745] {scheduler_job.py:182} INFO - Started process (PID=319) to work on /opt/airflow/dags/third_dag_example.py
[2024-04-30 16:12:55,755] {scheduler_job.py:629} INFO - Processing file /opt/airflow/dags/third_dag_example.py for tasks to queue
[2024-04-30 16:12:55,757] {logging_mixin.py:104} INFO - [2024-04-30 16:12:55,756] {dagbag.py:451} INFO - Filling up the DagBag from /opt/airflow/dags/third_dag_example.py
[2024-04-30 16:12:55,840] {scheduler_job.py:639} INFO - DAG(s) dict_keys(['third_dag_example']) retrieved from /opt/airflow/dags/third_dag_example.py
[2024-04-30 16:12:55,885] {logging_mixin.py:104} INFO - [2024-04-30 16:12:55,885] {dag.py:1824} INFO - Sync 1 DAGs
[2024-04-30 16:12:55,921] {logging_mixin.py:104} INFO - [2024-04-30 16:12:55,921] {dag.py:2280} INFO - Setting next_dagrun for third_dag_example to 2024-03-21 00:00:00+00:00
[2024-04-30 16:12:55,944] {scheduler_job.py:190} INFO - Processing /opt/airflow/dags/third_dag_example.py took 0.207 seconds
[2024-04-30 16:13:26,654] {scheduler_job.py:182} INFO - Started process (PID=351) to work on /opt/airflow/dags/third_dag_example.py
[2024-04-30 16:13:26,657] {scheduler_job.py:629} INFO - Processing file /opt/airflow/dags/third_dag_example.py for tasks to queue
[2024-04-30 16:13:26,659] {logging_mixin.py:104} INFO - [2024-04-30 16:13:26,659] {dagbag.py:451} INFO - Filling up the DagBag from /opt/airflow/dags/third_dag_example.py
[2024-04-30 16:13:26,729] {scheduler_job.py:639} INFO - DAG(s) dict_keys(['third_dag_example']) retrieved from /opt/airflow/dags/third_dag_example.py
[2024-04-30 16:13:26,779] {logging_mixin.py:104} INFO - [2024-04-30 16:13:26,779] {dag.py:1824} INFO - Sync 1 DAGs
[2024-04-30 16:13:27,117] {logging_mixin.py:104} INFO - [2024-04-30 16:13:27,117] {dag.py:2280} INFO - Setting next_dagrun for third_dag_example to 2024-03-21 00:00:00+00:00
[2024-04-30 16:13:27,139] {scheduler_job.py:190} INFO - Processing /opt/airflow/dags/third_dag_example.py took 0.493 seconds
[2024-04-30 16:13:57,729] {scheduler_job.py:182} INFO - Started process (PID=399) to work on /opt/airflow/dags/third_dag_example.py
[2024-04-30 16:13:57,731] {scheduler_job.py:629} INFO - Processing file /opt/airflow/dags/third_dag_example.py for tasks to queue
[2024-04-30 16:13:57,733] {logging_mixin.py:104} INFO - [2024-04-30 16:13:57,733] {dagbag.py:451} INFO - Filling up the DagBag from /opt/airflow/dags/third_dag_example.py
[2024-04-30 16:13:57,766] {scheduler_job.py:639} INFO - DAG(s) dict_keys(['third_dag_example']) retrieved from /opt/airflow/dags/third_dag_example.py
[2024-04-30 16:13:57,788] {logging_mixin.py:104} INFO - [2024-04-30 16:13:57,788] {dag.py:1824} INFO - Sync 1 DAGs
[2024-04-30 16:13:57,825] {logging_mixin.py:104} INFO - [2024-04-30 16:13:57,825] {dag.py:2280} INFO - Setting next_dagrun for third_dag_example to 2024-03-21 00:00:00+00:00
[2024-04-30 16:13:57,837] {scheduler_job.py:190} INFO - Processing /opt/airflow/dags/third_dag_example.py took 0.113 seconds
[2024-04-30 16:14:28,318] {scheduler_job.py:182} INFO - Started process (PID=431) to work on /opt/airflow/dags/third_dag_example.py
[2024-04-30 16:14:28,320] {scheduler_job.py:629} INFO - Processing file /opt/airflow/dags/third_dag_example.py for tasks to queue
[2024-04-30 16:14:28,321] {logging_mixin.py:104} INFO - [2024-04-30 16:14:28,321] {dagbag.py:451} INFO - Filling up the DagBag from /opt/airflow/dags/third_dag_example.py
[2024-04-30 16:14:28,361] {scheduler_job.py:639} INFO - DAG(s) dict_keys(['third_dag_example']) retrieved from /opt/airflow/dags/third_dag_example.py
[2024-04-30 16:14:28,380] {logging_mixin.py:104} INFO - [2024-04-30 16:14:28,380] {dag.py:1824} INFO - Sync 1 DAGs
[2024-04-30 16:14:28,404] {logging_mixin.py:104} INFO - [2024-04-30 16:14:28,403] {dag.py:2280} INFO - Setting next_dagrun for third_dag_example to 2024-03-21 00:00:00+00:00
[2024-04-30 16:14:28,422] {scheduler_job.py:190} INFO - Processing /opt/airflow/dags/third_dag_example.py took 0.106 seconds
[2024-04-30 16:14:58,562] {scheduler_job.py:182} INFO - Started process (PID=463) to work on /opt/airflow/dags/third_dag_example.py
[2024-04-30 16:14:58,564] {scheduler_job.py:629} INFO - Processing file /opt/airflow/dags/third_dag_example.py for tasks to queue
[2024-04-30 16:14:58,565] {logging_mixin.py:104} INFO - [2024-04-30 16:14:58,565] {dagbag.py:451} INFO - Filling up the DagBag from /opt/airflow/dags/third_dag_example.py
[2024-04-30 16:14:58,604] {scheduler_job.py:639} INFO - DAG(s) dict_keys(['third_dag_example']) retrieved from /opt/airflow/dags/third_dag_example.py
[2024-04-30 16:14:58,632] {logging_mixin.py:104} INFO - [2024-04-30 16:14:58,632] {dag.py:1824} INFO - Sync 1 DAGs
[2024-04-30 16:14:58,683] {logging_mixin.py:104} INFO - [2024-04-30 16:14:58,683] {dag.py:2280} INFO - Setting next_dagrun for third_dag_example to 2024-03-21 00:00:00+00:00
[2024-04-30 16:14:58,695] {scheduler_job.py:190} INFO - Processing /opt/airflow/dags/third_dag_example.py took 0.137 seconds
[2024-04-30 16:15:29,566] {scheduler_job.py:182} INFO - Started process (PID=495) to work on /opt/airflow/dags/third_dag_example.py
[2024-04-30 16:15:29,568] {scheduler_job.py:629} INFO - Processing file /opt/airflow/dags/third_dag_example.py for tasks to queue
[2024-04-30 16:15:29,575] {logging_mixin.py:104} INFO - [2024-04-30 16:15:29,575] {dagbag.py:451} INFO - Filling up the DagBag from /opt/airflow/dags/third_dag_example.py
[2024-04-30 16:15:29,627] {scheduler_job.py:639} INFO - DAG(s) dict_keys(['third_dag_example']) retrieved from /opt/airflow/dags/third_dag_example.py
[2024-04-30 16:15:29,670] {logging_mixin.py:104} INFO - [2024-04-30 16:15:29,669] {dag.py:1824} INFO - Sync 1 DAGs
[2024-04-30 16:15:29,709] {logging_mixin.py:104} INFO - [2024-04-30 16:15:29,709] {dag.py:2280} INFO - Setting next_dagrun for third_dag_example to 2024-03-21 00:00:00+00:00
[2024-04-30 16:15:29,722] {scheduler_job.py:190} INFO - Processing /opt/airflow/dags/third_dag_example.py took 0.161 seconds
[2024-04-30 16:16:00,060] {scheduler_job.py:182} INFO - Started process (PID=527) to work on /opt/airflow/dags/third_dag_example.py
[2024-04-30 16:16:00,064] {scheduler_job.py:629} INFO - Processing file /opt/airflow/dags/third_dag_example.py for tasks to queue
[2024-04-30 16:16:00,065] {logging_mixin.py:104} INFO - [2024-04-30 16:16:00,065] {dagbag.py:451} INFO - Filling up the DagBag from /opt/airflow/dags/third_dag_example.py
[2024-04-30 16:16:00,308] {scheduler_job.py:639} INFO - DAG(s) dict_keys(['third_dag_example']) retrieved from /opt/airflow/dags/third_dag_example.py
[2024-04-30 16:16:00,451] {logging_mixin.py:104} INFO - [2024-04-30 16:16:00,450] {dag.py:1824} INFO - Sync 1 DAGs
[2024-04-30 16:16:00,505] {logging_mixin.py:104} INFO - [2024-04-30 16:16:00,505] {dag.py:2280} INFO - Setting next_dagrun for third_dag_example to 2024-03-21 00:00:00+00:00
[2024-04-30 16:16:00,527] {scheduler_job.py:190} INFO - Processing /opt/airflow/dags/third_dag_example.py took 0.474 seconds
[2024-04-30 16:16:30,660] {scheduler_job.py:182} INFO - Started process (PID=559) to work on /opt/airflow/dags/third_dag_example.py
[2024-04-30 16:16:30,663] {scheduler_job.py:629} INFO - Processing file /opt/airflow/dags/third_dag_example.py for tasks to queue
[2024-04-30 16:16:30,664] {logging_mixin.py:104} INFO - [2024-04-30 16:16:30,664] {dagbag.py:451} INFO - Filling up the DagBag from /opt/airflow/dags/third_dag_example.py
[2024-04-30 16:16:30,714] {scheduler_job.py:639} INFO - DAG(s) dict_keys(['third_dag_example']) retrieved from /opt/airflow/dags/third_dag_example.py
[2024-04-30 16:16:30,766] {logging_mixin.py:104} INFO - [2024-04-30 16:16:30,766] {dag.py:1824} INFO - Sync 1 DAGs
[2024-04-30 16:16:30,804] {logging_mixin.py:104} INFO - [2024-04-30 16:16:30,804] {dag.py:2280} INFO - Setting next_dagrun for third_dag_example to 2024-03-21 00:00:00+00:00
[2024-04-30 16:16:30,820] {scheduler_job.py:190} INFO - Processing /opt/airflow/dags/third_dag_example.py took 0.165 seconds
[2024-04-30 16:17:00,955] {scheduler_job.py:182} INFO - Started process (PID=591) to work on /opt/airflow/dags/third_dag_example.py
[2024-04-30 16:17:00,956] {scheduler_job.py:629} INFO - Processing file /opt/airflow/dags/third_dag_example.py for tasks to queue
[2024-04-30 16:17:00,957] {logging_mixin.py:104} INFO - [2024-04-30 16:17:00,957] {dagbag.py:451} INFO - Filling up the DagBag from /opt/airflow/dags/third_dag_example.py
[2024-04-30 16:17:00,986] {scheduler_job.py:639} INFO - DAG(s) dict_keys(['third_dag_example']) retrieved from /opt/airflow/dags/third_dag_example.py
[2024-04-30 16:17:01,005] {logging_mixin.py:104} INFO - [2024-04-30 16:17:01,005] {dag.py:1824} INFO - Sync 1 DAGs
[2024-04-30 16:17:01,026] {logging_mixin.py:104} INFO - [2024-04-30 16:17:01,026] {dag.py:2280} INFO - Setting next_dagrun for third_dag_example to 2024-03-21 00:00:00+00:00
[2024-04-30 16:17:01,040] {scheduler_job.py:190} INFO - Processing /opt/airflow/dags/third_dag_example.py took 0.089 seconds
[2024-04-30 16:17:31,732] {scheduler_job.py:182} INFO - Started process (PID=623) to work on /opt/airflow/dags/third_dag_example.py
[2024-04-30 16:17:31,734] {scheduler_job.py:629} INFO - Processing file /opt/airflow/dags/third_dag_example.py for tasks to queue
[2024-04-30 16:17:31,735] {logging_mixin.py:104} INFO - [2024-04-30 16:17:31,734] {dagbag.py:451} INFO - Filling up the DagBag from /opt/airflow/dags/third_dag_example.py
[2024-04-30 16:17:31,763] {scheduler_job.py:639} INFO - DAG(s) dict_keys(['third_dag_example']) retrieved from /opt/airflow/dags/third_dag_example.py
[2024-04-30 16:17:31,784] {logging_mixin.py:104} INFO - [2024-04-30 16:17:31,784] {dag.py:1824} INFO - Sync 1 DAGs
[2024-04-30 16:17:31,802] {logging_mixin.py:104} INFO - [2024-04-30 16:17:31,802] {dag.py:2280} INFO - Setting next_dagrun for third_dag_example to 2024-03-21 00:00:00+00:00
[2024-04-30 16:17:31,815] {scheduler_job.py:190} INFO - Processing /opt/airflow/dags/third_dag_example.py took 0.086 seconds
[2024-04-30 16:18:02,769] {scheduler_job.py:182} INFO - Started process (PID=655) to work on /opt/airflow/dags/third_dag_example.py
[2024-04-30 16:18:02,771] {scheduler_job.py:629} INFO - Processing file /opt/airflow/dags/third_dag_example.py for tasks to queue
[2024-04-30 16:18:02,772] {logging_mixin.py:104} INFO - [2024-04-30 16:18:02,772] {dagbag.py:451} INFO - Filling up the DagBag from /opt/airflow/dags/third_dag_example.py
[2024-04-30 16:18:02,803] {scheduler_job.py:639} INFO - DAG(s) dict_keys(['third_dag_example']) retrieved from /opt/airflow/dags/third_dag_example.py
[2024-04-30 16:18:02,823] {logging_mixin.py:104} INFO - [2024-04-30 16:18:02,823] {dag.py:1824} INFO - Sync 1 DAGs
[2024-04-30 16:18:02,842] {logging_mixin.py:104} INFO - [2024-04-30 16:18:02,842] {dag.py:2280} INFO - Setting next_dagrun for third_dag_example to 2024-03-21 00:00:00+00:00
[2024-04-30 16:18:02,853] {scheduler_job.py:190} INFO - Processing /opt/airflow/dags/third_dag_example.py took 0.088 seconds
[2024-04-30 16:18:33,092] {scheduler_job.py:182} INFO - Started process (PID=687) to work on /opt/airflow/dags/third_dag_example.py
[2024-04-30 16:18:33,093] {scheduler_job.py:629} INFO - Processing file /opt/airflow/dags/third_dag_example.py for tasks to queue
[2024-04-30 16:18:33,094] {logging_mixin.py:104} INFO - [2024-04-30 16:18:33,094] {dagbag.py:451} INFO - Filling up the DagBag from /opt/airflow/dags/third_dag_example.py
[2024-04-30 16:18:33,122] {scheduler_job.py:639} INFO - DAG(s) dict_keys(['third_dag_example']) retrieved from /opt/airflow/dags/third_dag_example.py
[2024-04-30 16:18:33,142] {logging_mixin.py:104} INFO - [2024-04-30 16:18:33,142] {dag.py:1824} INFO - Sync 1 DAGs
[2024-04-30 16:18:33,162] {logging_mixin.py:104} INFO - [2024-04-30 16:18:33,161] {dag.py:2280} INFO - Setting next_dagrun for third_dag_example to 2024-03-21 00:00:00+00:00
[2024-04-30 16:18:33,173] {scheduler_job.py:190} INFO - Processing /opt/airflow/dags/third_dag_example.py took 0.084 seconds
[2024-04-30 16:19:03,621] {scheduler_job.py:182} INFO - Started process (PID=719) to work on /opt/airflow/dags/third_dag_example.py
[2024-04-30 16:19:03,622] {scheduler_job.py:629} INFO - Processing file /opt/airflow/dags/third_dag_example.py for tasks to queue
[2024-04-30 16:19:03,623] {logging_mixin.py:104} INFO - [2024-04-30 16:19:03,623] {dagbag.py:451} INFO - Filling up the DagBag from /opt/airflow/dags/third_dag_example.py
[2024-04-30 16:19:03,652] {scheduler_job.py:639} INFO - DAG(s) dict_keys(['third_dag_example']) retrieved from /opt/airflow/dags/third_dag_example.py
[2024-04-30 16:19:03,672] {logging_mixin.py:104} INFO - [2024-04-30 16:19:03,672] {dag.py:1824} INFO - Sync 1 DAGs
[2024-04-30 16:19:03,690] {logging_mixin.py:104} INFO - [2024-04-30 16:19:03,690] {dag.py:2280} INFO - Setting next_dagrun for third_dag_example to 2024-03-21 00:00:00+00:00
[2024-04-30 16:19:03,701] {scheduler_job.py:190} INFO - Processing /opt/airflow/dags/third_dag_example.py took 0.083 seconds
[2024-04-30 16:19:34,073] {scheduler_job.py:182} INFO - Started process (PID=751) to work on /opt/airflow/dags/third_dag_example.py
[2024-04-30 16:19:34,075] {scheduler_job.py:629} INFO - Processing file /opt/airflow/dags/third_dag_example.py for tasks to queue
[2024-04-30 16:19:34,075] {logging_mixin.py:104} INFO - [2024-04-30 16:19:34,075] {dagbag.py:451} INFO - Filling up the DagBag from /opt/airflow/dags/third_dag_example.py
[2024-04-30 16:19:34,104] {scheduler_job.py:639} INFO - DAG(s) dict_keys(['third_dag_example']) retrieved from /opt/airflow/dags/third_dag_example.py
[2024-04-30 16:19:34,123] {logging_mixin.py:104} INFO - [2024-04-30 16:19:34,123] {dag.py:1824} INFO - Sync 1 DAGs
[2024-04-30 16:19:34,142] {logging_mixin.py:104} INFO - [2024-04-30 16:19:34,141] {dag.py:2280} INFO - Setting next_dagrun for third_dag_example to 2024-03-21 00:00:00+00:00
[2024-04-30 16:19:34,155] {scheduler_job.py:190} INFO - Processing /opt/airflow/dags/third_dag_example.py took 0.085 seconds
[2024-04-30 16:20:04,460] {scheduler_job.py:182} INFO - Started process (PID=783) to work on /opt/airflow/dags/third_dag_example.py
[2024-04-30 16:20:04,461] {scheduler_job.py:629} INFO - Processing file /opt/airflow/dags/third_dag_example.py for tasks to queue
[2024-04-30 16:20:04,462] {logging_mixin.py:104} INFO - [2024-04-30 16:20:04,462] {dagbag.py:451} INFO - Filling up the DagBag from /opt/airflow/dags/third_dag_example.py
[2024-04-30 16:20:04,492] {scheduler_job.py:639} INFO - DAG(s) dict_keys(['third_dag_example']) retrieved from /opt/airflow/dags/third_dag_example.py
[2024-04-30 16:20:04,513] {logging_mixin.py:104} INFO - [2024-04-30 16:20:04,513] {dag.py:1824} INFO - Sync 1 DAGs
[2024-04-30 16:20:04,532] {logging_mixin.py:104} INFO - [2024-04-30 16:20:04,531] {dag.py:2280} INFO - Setting next_dagrun for third_dag_example to 2024-03-21 00:00:00+00:00
[2024-04-30 16:20:04,543] {scheduler_job.py:190} INFO - Processing /opt/airflow/dags/third_dag_example.py took 0.086 seconds
[2024-04-30 16:20:34,985] {scheduler_job.py:182} INFO - Started process (PID=815) to work on /opt/airflow/dags/third_dag_example.py
[2024-04-30 16:20:34,986] {scheduler_job.py:629} INFO - Processing file /opt/airflow/dags/third_dag_example.py for tasks to queue
[2024-04-30 16:20:34,987] {logging_mixin.py:104} INFO - [2024-04-30 16:20:34,987] {dagbag.py:451} INFO - Filling up the DagBag from /opt/airflow/dags/third_dag_example.py
[2024-04-30 16:20:35,017] {scheduler_job.py:639} INFO - DAG(s) dict_keys(['third_dag_example']) retrieved from /opt/airflow/dags/third_dag_example.py
[2024-04-30 16:20:35,036] {logging_mixin.py:104} INFO - [2024-04-30 16:20:35,036] {dag.py:1824} INFO - Sync 1 DAGs
[2024-04-30 16:20:35,054] {logging_mixin.py:104} INFO - [2024-04-30 16:20:35,054] {dag.py:2280} INFO - Setting next_dagrun for third_dag_example to 2024-03-21 00:00:00+00:00
[2024-04-30 16:20:35,064] {scheduler_job.py:190} INFO - Processing /opt/airflow/dags/third_dag_example.py took 0.082 seconds
[2024-04-30 16:21:05,466] {scheduler_job.py:182} INFO - Started process (PID=847) to work on /opt/airflow/dags/third_dag_example.py
[2024-04-30 16:21:05,467] {scheduler_job.py:629} INFO - Processing file /opt/airflow/dags/third_dag_example.py for tasks to queue
[2024-04-30 16:21:05,468] {logging_mixin.py:104} INFO - [2024-04-30 16:21:05,468] {dagbag.py:451} INFO - Filling up the DagBag from /opt/airflow/dags/third_dag_example.py
[2024-04-30 16:21:05,499] {scheduler_job.py:639} INFO - DAG(s) dict_keys(['third_dag_example']) retrieved from /opt/airflow/dags/third_dag_example.py
[2024-04-30 16:21:05,522] {logging_mixin.py:104} INFO - [2024-04-30 16:21:05,521] {dag.py:1824} INFO - Sync 1 DAGs
[2024-04-30 16:21:05,540] {logging_mixin.py:104} INFO - [2024-04-30 16:21:05,540] {dag.py:2280} INFO - Setting next_dagrun for third_dag_example to 2024-03-21 00:00:00+00:00
[2024-04-30 16:21:05,551] {scheduler_job.py:190} INFO - Processing /opt/airflow/dags/third_dag_example.py took 0.088 seconds
[2024-04-30 16:21:35,983] {scheduler_job.py:182} INFO - Started process (PID=879) to work on /opt/airflow/dags/third_dag_example.py
[2024-04-30 16:21:35,985] {scheduler_job.py:629} INFO - Processing file /opt/airflow/dags/third_dag_example.py for tasks to queue
[2024-04-30 16:21:35,985] {logging_mixin.py:104} INFO - [2024-04-30 16:21:35,985] {dagbag.py:451} INFO - Filling up the DagBag from /opt/airflow/dags/third_dag_example.py
[2024-04-30 16:21:36,015] {scheduler_job.py:639} INFO - DAG(s) dict_keys(['third_dag_example']) retrieved from /opt/airflow/dags/third_dag_example.py
[2024-04-30 16:21:36,035] {logging_mixin.py:104} INFO - [2024-04-30 16:21:36,035] {dag.py:1824} INFO - Sync 1 DAGs
[2024-04-30 16:21:36,051] {logging_mixin.py:104} INFO - [2024-04-30 16:21:36,051] {dag.py:2280} INFO - Setting next_dagrun for third_dag_example to 2024-03-21 00:00:00+00:00
[2024-04-30 16:21:36,063] {scheduler_job.py:190} INFO - Processing /opt/airflow/dags/third_dag_example.py took 0.083 seconds
[2024-04-30 16:22:06,541] {scheduler_job.py:182} INFO - Started process (PID=911) to work on /opt/airflow/dags/third_dag_example.py
[2024-04-30 16:22:06,545] {scheduler_job.py:629} INFO - Processing file /opt/airflow/dags/third_dag_example.py for tasks to queue
[2024-04-30 16:22:06,546] {logging_mixin.py:104} INFO - [2024-04-30 16:22:06,545] {dagbag.py:451} INFO - Filling up the DagBag from /opt/airflow/dags/third_dag_example.py
[2024-04-30 16:22:06,576] {scheduler_job.py:639} INFO - DAG(s) dict_keys(['third_dag_example']) retrieved from /opt/airflow/dags/third_dag_example.py
[2024-04-30 16:22:06,597] {logging_mixin.py:104} INFO - [2024-04-30 16:22:06,597] {dag.py:1824} INFO - Sync 1 DAGs
[2024-04-30 16:22:06,615] {logging_mixin.py:104} INFO - [2024-04-30 16:22:06,615] {dag.py:2280} INFO - Setting next_dagrun for third_dag_example to 2024-03-21 00:00:00+00:00
[2024-04-30 16:22:06,624] {scheduler_job.py:190} INFO - Processing /opt/airflow/dags/third_dag_example.py took 0.088 seconds
[2024-04-30 16:22:37,185] {scheduler_job.py:182} INFO - Started process (PID=943) to work on /opt/airflow/dags/third_dag_example.py
[2024-04-30 16:22:37,186] {scheduler_job.py:629} INFO - Processing file /opt/airflow/dags/third_dag_example.py for tasks to queue
[2024-04-30 16:22:37,187] {logging_mixin.py:104} INFO - [2024-04-30 16:22:37,187] {dagbag.py:451} INFO - Filling up the DagBag from /opt/airflow/dags/third_dag_example.py
[2024-04-30 16:22:37,225] {scheduler_job.py:639} INFO - DAG(s) dict_keys(['third_dag_example']) retrieved from /opt/airflow/dags/third_dag_example.py
[2024-04-30 16:22:37,252] {logging_mixin.py:104} INFO - [2024-04-30 16:22:37,251] {dag.py:1824} INFO - Sync 1 DAGs
[2024-04-30 16:22:37,276] {logging_mixin.py:104} INFO - [2024-04-30 16:22:37,276] {dag.py:2280} INFO - Setting next_dagrun for third_dag_example to 2024-03-21 00:00:00+00:00
[2024-04-30 16:22:37,290] {scheduler_job.py:190} INFO - Processing /opt/airflow/dags/third_dag_example.py took 0.108 seconds
[2024-04-30 16:23:07,868] {scheduler_job.py:182} INFO - Started process (PID=975) to work on /opt/airflow/dags/third_dag_example.py
[2024-04-30 16:23:07,870] {scheduler_job.py:629} INFO - Processing file /opt/airflow/dags/third_dag_example.py for tasks to queue
[2024-04-30 16:23:07,871] {logging_mixin.py:104} INFO - [2024-04-30 16:23:07,871] {dagbag.py:451} INFO - Filling up the DagBag from /opt/airflow/dags/third_dag_example.py
[2024-04-30 16:23:07,910] {scheduler_job.py:639} INFO - DAG(s) dict_keys(['third_dag_example']) retrieved from /opt/airflow/dags/third_dag_example.py
[2024-04-30 16:23:07,943] {logging_mixin.py:104} INFO - [2024-04-30 16:23:07,943] {dag.py:1824} INFO - Sync 1 DAGs
[2024-04-30 16:23:07,968] {logging_mixin.py:104} INFO - [2024-04-30 16:23:07,968] {dag.py:2280} INFO - Setting next_dagrun for third_dag_example to 2024-03-21 00:00:00+00:00
[2024-04-30 16:23:07,978] {scheduler_job.py:190} INFO - Processing /opt/airflow/dags/third_dag_example.py took 0.113 seconds
[2024-04-30 16:23:38,284] {scheduler_job.py:182} INFO - Started process (PID=1007) to work on /opt/airflow/dags/third_dag_example.py
[2024-04-30 16:23:38,285] {scheduler_job.py:629} INFO - Processing file /opt/airflow/dags/third_dag_example.py for tasks to queue
[2024-04-30 16:23:38,286] {logging_mixin.py:104} INFO - [2024-04-30 16:23:38,286] {dagbag.py:451} INFO - Filling up the DagBag from /opt/airflow/dags/third_dag_example.py
[2024-04-30 16:23:38,316] {scheduler_job.py:639} INFO - DAG(s) dict_keys(['third_dag_example']) retrieved from /opt/airflow/dags/third_dag_example.py
[2024-04-30 16:23:38,340] {logging_mixin.py:104} INFO - [2024-04-30 16:23:38,340] {dag.py:1824} INFO - Sync 1 DAGs
[2024-04-30 16:23:38,370] {logging_mixin.py:104} INFO - [2024-04-30 16:23:38,370] {dag.py:2280} INFO - Setting next_dagrun for third_dag_example to 2024-03-21 00:00:00+00:00
[2024-04-30 16:23:38,381] {scheduler_job.py:190} INFO - Processing /opt/airflow/dags/third_dag_example.py took 0.100 seconds
[2024-04-30 16:24:08,949] {scheduler_job.py:182} INFO - Started process (PID=1039) to work on /opt/airflow/dags/third_dag_example.py
[2024-04-30 16:24:08,951] {scheduler_job.py:629} INFO - Processing file /opt/airflow/dags/third_dag_example.py for tasks to queue
[2024-04-30 16:24:08,952] {logging_mixin.py:104} INFO - [2024-04-30 16:24:08,952] {dagbag.py:451} INFO - Filling up the DagBag from /opt/airflow/dags/third_dag_example.py
[2024-04-30 16:24:08,996] {scheduler_job.py:639} INFO - DAG(s) dict_keys(['third_dag_example']) retrieved from /opt/airflow/dags/third_dag_example.py
[2024-04-30 16:24:09,020] {logging_mixin.py:104} INFO - [2024-04-30 16:24:09,019] {dag.py:1824} INFO - Sync 1 DAGs
[2024-04-30 16:24:09,043] {logging_mixin.py:104} INFO - [2024-04-30 16:24:09,043] {dag.py:2280} INFO - Setting next_dagrun for third_dag_example to 2024-03-21 00:00:00+00:00
[2024-04-30 16:24:09,054] {scheduler_job.py:190} INFO - Processing /opt/airflow/dags/third_dag_example.py took 0.108 seconds
[2024-04-30 16:24:39,455] {scheduler_job.py:182} INFO - Started process (PID=1071) to work on /opt/airflow/dags/third_dag_example.py
[2024-04-30 16:24:39,456] {scheduler_job.py:629} INFO - Processing file /opt/airflow/dags/third_dag_example.py for tasks to queue
[2024-04-30 16:24:39,456] {logging_mixin.py:104} INFO - [2024-04-30 16:24:39,456] {dagbag.py:451} INFO - Filling up the DagBag from /opt/airflow/dags/third_dag_example.py
[2024-04-30 16:24:39,486] {scheduler_job.py:639} INFO - DAG(s) dict_keys(['third_dag_example']) retrieved from /opt/airflow/dags/third_dag_example.py
[2024-04-30 16:24:39,509] {logging_mixin.py:104} INFO - [2024-04-30 16:24:39,509] {dag.py:1824} INFO - Sync 1 DAGs
[2024-04-30 16:24:39,528] {logging_mixin.py:104} INFO - [2024-04-30 16:24:39,528] {dag.py:2280} INFO - Setting next_dagrun for third_dag_example to 2024-03-21 00:00:00+00:00
[2024-04-30 16:24:39,539] {scheduler_job.py:190} INFO - Processing /opt/airflow/dags/third_dag_example.py took 0.089 seconds
[2024-04-30 16:25:10,181] {scheduler_job.py:182} INFO - Started process (PID=1103) to work on /opt/airflow/dags/third_dag_example.py
[2024-04-30 16:25:10,182] {scheduler_job.py:629} INFO - Processing file /opt/airflow/dags/third_dag_example.py for tasks to queue
[2024-04-30 16:25:10,183] {logging_mixin.py:104} INFO - [2024-04-30 16:25:10,183] {dagbag.py:451} INFO - Filling up the DagBag from /opt/airflow/dags/third_dag_example.py
[2024-04-30 16:25:10,217] {scheduler_job.py:639} INFO - DAG(s) dict_keys(['third_dag_example']) retrieved from /opt/airflow/dags/third_dag_example.py
[2024-04-30 16:25:10,238] {logging_mixin.py:104} INFO - [2024-04-30 16:25:10,238] {dag.py:1824} INFO - Sync 1 DAGs
[2024-04-30 16:25:10,256] {logging_mixin.py:104} INFO - [2024-04-30 16:25:10,256] {dag.py:2280} INFO - Setting next_dagrun for third_dag_example to 2024-03-21 00:00:00+00:00
[2024-04-30 16:25:10,268] {scheduler_job.py:190} INFO - Processing /opt/airflow/dags/third_dag_example.py took 0.090 seconds
[2024-04-30 16:25:40,825] {scheduler_job.py:182} INFO - Started process (PID=1135) to work on /opt/airflow/dags/third_dag_example.py
[2024-04-30 16:25:40,826] {scheduler_job.py:629} INFO - Processing file /opt/airflow/dags/third_dag_example.py for tasks to queue
[2024-04-30 16:25:40,827] {logging_mixin.py:104} INFO - [2024-04-30 16:25:40,827] {dagbag.py:451} INFO - Filling up the DagBag from /opt/airflow/dags/third_dag_example.py
[2024-04-30 16:25:40,859] {scheduler_job.py:639} INFO - DAG(s) dict_keys(['third_dag_example']) retrieved from /opt/airflow/dags/third_dag_example.py
[2024-04-30 16:25:40,885] {logging_mixin.py:104} INFO - [2024-04-30 16:25:40,884] {dag.py:1824} INFO - Sync 1 DAGs
[2024-04-30 16:25:40,906] {logging_mixin.py:104} INFO - [2024-04-30 16:25:40,906] {dag.py:2280} INFO - Setting next_dagrun for third_dag_example to 2024-03-21 00:00:00+00:00
[2024-04-30 16:25:40,917] {scheduler_job.py:190} INFO - Processing /opt/airflow/dags/third_dag_example.py took 0.095 seconds
[2024-04-30 16:26:11,295] {scheduler_job.py:182} INFO - Started process (PID=1167) to work on /opt/airflow/dags/third_dag_example.py
[2024-04-30 16:26:11,296] {scheduler_job.py:629} INFO - Processing file /opt/airflow/dags/third_dag_example.py for tasks to queue
[2024-04-30 16:26:11,297] {logging_mixin.py:104} INFO - [2024-04-30 16:26:11,297] {dagbag.py:451} INFO - Filling up the DagBag from /opt/airflow/dags/third_dag_example.py
[2024-04-30 16:26:11,328] {scheduler_job.py:639} INFO - DAG(s) dict_keys(['third_dag_example']) retrieved from /opt/airflow/dags/third_dag_example.py
[2024-04-30 16:26:11,347] {logging_mixin.py:104} INFO - [2024-04-30 16:26:11,347] {dag.py:1824} INFO - Sync 1 DAGs
[2024-04-30 16:26:11,364] {logging_mixin.py:104} INFO - [2024-04-30 16:26:11,364] {dag.py:2280} INFO - Setting next_dagrun for third_dag_example to 2024-03-21 00:00:00+00:00
[2024-04-30 16:26:11,374] {scheduler_job.py:190} INFO - Processing /opt/airflow/dags/third_dag_example.py took 0.082 seconds
[2024-04-30 16:26:41,733] {scheduler_job.py:182} INFO - Started process (PID=1199) to work on /opt/airflow/dags/third_dag_example.py
[2024-04-30 16:26:41,736] {scheduler_job.py:629} INFO - Processing file /opt/airflow/dags/third_dag_example.py for tasks to queue
[2024-04-30 16:26:41,737] {logging_mixin.py:104} INFO - [2024-04-30 16:26:41,737] {dagbag.py:451} INFO - Filling up the DagBag from /opt/airflow/dags/third_dag_example.py
[2024-04-30 16:26:41,766] {scheduler_job.py:639} INFO - DAG(s) dict_keys(['third_dag_example']) retrieved from /opt/airflow/dags/third_dag_example.py
[2024-04-30 16:26:41,783] {logging_mixin.py:104} INFO - [2024-04-30 16:26:41,783] {dag.py:1824} INFO - Sync 1 DAGs
[2024-04-30 16:26:41,800] {logging_mixin.py:104} INFO - [2024-04-30 16:26:41,800] {dag.py:2280} INFO - Setting next_dagrun for third_dag_example to 2024-03-21 00:00:00+00:00
[2024-04-30 16:26:41,810] {scheduler_job.py:190} INFO - Processing /opt/airflow/dags/third_dag_example.py took 0.081 seconds
[2024-04-30 16:27:12,288] {scheduler_job.py:182} INFO - Started process (PID=1231) to work on /opt/airflow/dags/third_dag_example.py
[2024-04-30 16:27:12,289] {scheduler_job.py:629} INFO - Processing file /opt/airflow/dags/third_dag_example.py for tasks to queue
[2024-04-30 16:27:12,290] {logging_mixin.py:104} INFO - [2024-04-30 16:27:12,290] {dagbag.py:451} INFO - Filling up the DagBag from /opt/airflow/dags/third_dag_example.py
[2024-04-30 16:27:12,318] {scheduler_job.py:639} INFO - DAG(s) dict_keys(['third_dag_example']) retrieved from /opt/airflow/dags/third_dag_example.py
[2024-04-30 16:27:12,338] {logging_mixin.py:104} INFO - [2024-04-30 16:27:12,338] {dag.py:1824} INFO - Sync 1 DAGs
[2024-04-30 16:27:12,355] {logging_mixin.py:104} INFO - [2024-04-30 16:27:12,355] {dag.py:2280} INFO - Setting next_dagrun for third_dag_example to 2024-03-21 00:00:00+00:00
[2024-04-30 16:27:12,365] {scheduler_job.py:190} INFO - Processing /opt/airflow/dags/third_dag_example.py took 0.081 seconds
[2024-04-30 16:27:42,796] {scheduler_job.py:182} INFO - Started process (PID=1263) to work on /opt/airflow/dags/third_dag_example.py
[2024-04-30 16:27:42,797] {scheduler_job.py:629} INFO - Processing file /opt/airflow/dags/third_dag_example.py for tasks to queue
[2024-04-30 16:27:42,798] {logging_mixin.py:104} INFO - [2024-04-30 16:27:42,798] {dagbag.py:451} INFO - Filling up the DagBag from /opt/airflow/dags/third_dag_example.py
[2024-04-30 16:27:42,826] {scheduler_job.py:639} INFO - DAG(s) dict_keys(['third_dag_example']) retrieved from /opt/airflow/dags/third_dag_example.py
[2024-04-30 16:27:42,844] {logging_mixin.py:104} INFO - [2024-04-30 16:27:42,844] {dag.py:1824} INFO - Sync 1 DAGs
[2024-04-30 16:27:42,861] {logging_mixin.py:104} INFO - [2024-04-30 16:27:42,861] {dag.py:2280} INFO - Setting next_dagrun for third_dag_example to 2024-03-21 00:00:00+00:00
[2024-04-30 16:27:42,872] {scheduler_job.py:190} INFO - Processing /opt/airflow/dags/third_dag_example.py took 0.079 seconds
[2024-04-30 16:28:13,284] {scheduler_job.py:182} INFO - Started process (PID=1295) to work on /opt/airflow/dags/third_dag_example.py
[2024-04-30 16:28:13,287] {scheduler_job.py:629} INFO - Processing file /opt/airflow/dags/third_dag_example.py for tasks to queue
[2024-04-30 16:28:13,289] {logging_mixin.py:104} INFO - [2024-04-30 16:28:13,288] {dagbag.py:451} INFO - Filling up the DagBag from /opt/airflow/dags/third_dag_example.py
[2024-04-30 16:28:13,322] {scheduler_job.py:639} INFO - DAG(s) dict_keys(['third_dag_example']) retrieved from /opt/airflow/dags/third_dag_example.py
[2024-04-30 16:28:13,353] {logging_mixin.py:104} INFO - [2024-04-30 16:28:13,353] {dag.py:1824} INFO - Sync 1 DAGs
[2024-04-30 16:28:13,384] {logging_mixin.py:104} INFO - [2024-04-30 16:28:13,383] {dag.py:2280} INFO - Setting next_dagrun for third_dag_example to 2024-03-21 00:00:00+00:00
[2024-04-30 16:28:13,398] {scheduler_job.py:190} INFO - Processing /opt/airflow/dags/third_dag_example.py took 0.118 seconds
[2024-04-30 16:28:43,902] {scheduler_job.py:182} INFO - Started process (PID=1327) to work on /opt/airflow/dags/third_dag_example.py
[2024-04-30 16:28:43,903] {scheduler_job.py:629} INFO - Processing file /opt/airflow/dags/third_dag_example.py for tasks to queue
[2024-04-30 16:28:43,903] {logging_mixin.py:104} INFO - [2024-04-30 16:28:43,903] {dagbag.py:451} INFO - Filling up the DagBag from /opt/airflow/dags/third_dag_example.py
[2024-04-30 16:28:43,930] {scheduler_job.py:639} INFO - DAG(s) dict_keys(['third_dag_example']) retrieved from /opt/airflow/dags/third_dag_example.py
[2024-04-30 16:28:43,947] {logging_mixin.py:104} INFO - [2024-04-30 16:28:43,946] {dag.py:1824} INFO - Sync 1 DAGs
[2024-04-30 16:28:43,962] {logging_mixin.py:104} INFO - [2024-04-30 16:28:43,962] {dag.py:2280} INFO - Setting next_dagrun for third_dag_example to 2024-03-21 00:00:00+00:00
[2024-04-30 16:28:43,972] {scheduler_job.py:190} INFO - Processing /opt/airflow/dags/third_dag_example.py took 0.073 seconds
[2024-04-30 16:29:14,449] {scheduler_job.py:182} INFO - Started process (PID=1359) to work on /opt/airflow/dags/third_dag_example.py
[2024-04-30 16:29:14,451] {scheduler_job.py:629} INFO - Processing file /opt/airflow/dags/third_dag_example.py for tasks to queue
[2024-04-30 16:29:14,451] {logging_mixin.py:104} INFO - [2024-04-30 16:29:14,451] {dagbag.py:451} INFO - Filling up the DagBag from /opt/airflow/dags/third_dag_example.py
[2024-04-30 16:29:14,484] {scheduler_job.py:639} INFO - DAG(s) dict_keys(['third_dag_example']) retrieved from /opt/airflow/dags/third_dag_example.py
[2024-04-30 16:29:14,504] {logging_mixin.py:104} INFO - [2024-04-30 16:29:14,504] {dag.py:1824} INFO - Sync 1 DAGs
[2024-04-30 16:29:14,522] {logging_mixin.py:104} INFO - [2024-04-30 16:29:14,522] {dag.py:2280} INFO - Setting next_dagrun for third_dag_example to 2024-03-21 00:00:00+00:00
[2024-04-30 16:29:14,532] {scheduler_job.py:190} INFO - Processing /opt/airflow/dags/third_dag_example.py took 0.086 seconds
[2024-04-30 16:29:45,049] {scheduler_job.py:182} INFO - Started process (PID=1391) to work on /opt/airflow/dags/third_dag_example.py
[2024-04-30 16:29:45,050] {scheduler_job.py:629} INFO - Processing file /opt/airflow/dags/third_dag_example.py for tasks to queue
[2024-04-30 16:29:45,051] {logging_mixin.py:104} INFO - [2024-04-30 16:29:45,051] {dagbag.py:451} INFO - Filling up the DagBag from /opt/airflow/dags/third_dag_example.py
[2024-04-30 16:29:45,081] {scheduler_job.py:639} INFO - DAG(s) dict_keys(['third_dag_example']) retrieved from /opt/airflow/dags/third_dag_example.py
[2024-04-30 16:29:45,099] {logging_mixin.py:104} INFO - [2024-04-30 16:29:45,099] {dag.py:1824} INFO - Sync 1 DAGs
[2024-04-30 16:29:45,117] {logging_mixin.py:104} INFO - [2024-04-30 16:29:45,117] {dag.py:2280} INFO - Setting next_dagrun for third_dag_example to 2024-03-21 00:00:00+00:00
[2024-04-30 16:29:45,127] {scheduler_job.py:190} INFO - Processing /opt/airflow/dags/third_dag_example.py took 0.081 seconds
[2024-04-30 16:30:15,561] {scheduler_job.py:182} INFO - Started process (PID=1423) to work on /opt/airflow/dags/third_dag_example.py
[2024-04-30 16:30:15,562] {scheduler_job.py:629} INFO - Processing file /opt/airflow/dags/third_dag_example.py for tasks to queue
[2024-04-30 16:30:15,563] {logging_mixin.py:104} INFO - [2024-04-30 16:30:15,562] {dagbag.py:451} INFO - Filling up the DagBag from /opt/airflow/dags/third_dag_example.py
[2024-04-30 16:30:15,592] {scheduler_job.py:639} INFO - DAG(s) dict_keys(['third_dag_example']) retrieved from /opt/airflow/dags/third_dag_example.py
[2024-04-30 16:30:15,612] {logging_mixin.py:104} INFO - [2024-04-30 16:30:15,612] {dag.py:1824} INFO - Sync 1 DAGs
[2024-04-30 16:30:15,630] {logging_mixin.py:104} INFO - [2024-04-30 16:30:15,630] {dag.py:2280} INFO - Setting next_dagrun for third_dag_example to 2024-03-21 00:00:00+00:00
[2024-04-30 16:30:15,641] {scheduler_job.py:190} INFO - Processing /opt/airflow/dags/third_dag_example.py took 0.084 seconds
[2024-04-30 16:30:46,377] {scheduler_job.py:182} INFO - Started process (PID=1455) to work on /opt/airflow/dags/third_dag_example.py
[2024-04-30 16:30:46,379] {scheduler_job.py:629} INFO - Processing file /opt/airflow/dags/third_dag_example.py for tasks to queue
[2024-04-30 16:30:46,380] {logging_mixin.py:104} INFO - [2024-04-30 16:30:46,379] {dagbag.py:451} INFO - Filling up the DagBag from /opt/airflow/dags/third_dag_example.py
[2024-04-30 16:30:46,417] {scheduler_job.py:639} INFO - DAG(s) dict_keys(['third_dag_example']) retrieved from /opt/airflow/dags/third_dag_example.py
[2024-04-30 16:30:46,445] {logging_mixin.py:104} INFO - [2024-04-30 16:30:46,445] {dag.py:1824} INFO - Sync 1 DAGs
[2024-04-30 16:30:46,471] {logging_mixin.py:104} INFO - [2024-04-30 16:30:46,470] {dag.py:2280} INFO - Setting next_dagrun for third_dag_example to 2024-03-21 00:00:00+00:00
[2024-04-30 16:30:46,483] {scheduler_job.py:190} INFO - Processing /opt/airflow/dags/third_dag_example.py took 0.109 seconds
[2024-04-30 16:31:17,161] {scheduler_job.py:182} INFO - Started process (PID=1487) to work on /opt/airflow/dags/third_dag_example.py
[2024-04-30 16:31:17,164] {scheduler_job.py:629} INFO - Processing file /opt/airflow/dags/third_dag_example.py for tasks to queue
[2024-04-30 16:31:17,166] {logging_mixin.py:104} INFO - [2024-04-30 16:31:17,165] {dagbag.py:451} INFO - Filling up the DagBag from /opt/airflow/dags/third_dag_example.py
[2024-04-30 16:31:17,223] {scheduler_job.py:639} INFO - DAG(s) dict_keys(['third_dag_example']) retrieved from /opt/airflow/dags/third_dag_example.py
[2024-04-30 16:31:17,262] {logging_mixin.py:104} INFO - [2024-04-30 16:31:17,262] {dag.py:1824} INFO - Sync 1 DAGs
[2024-04-30 16:31:17,297] {logging_mixin.py:104} INFO - [2024-04-30 16:31:17,297] {dag.py:2280} INFO - Setting next_dagrun for third_dag_example to 2024-03-21 00:00:00+00:00
[2024-04-30 16:31:17,315] {scheduler_job.py:190} INFO - Processing /opt/airflow/dags/third_dag_example.py took 0.160 seconds
[2024-04-30 16:31:47,995] {scheduler_job.py:182} INFO - Started process (PID=1519) to work on /opt/airflow/dags/third_dag_example.py
[2024-04-30 16:31:47,999] {scheduler_job.py:629} INFO - Processing file /opt/airflow/dags/third_dag_example.py for tasks to queue
[2024-04-30 16:31:48,000] {logging_mixin.py:104} INFO - [2024-04-30 16:31:48,000] {dagbag.py:451} INFO - Filling up the DagBag from /opt/airflow/dags/third_dag_example.py
[2024-04-30 16:31:48,068] {scheduler_job.py:639} INFO - DAG(s) dict_keys(['third_dag_example']) retrieved from /opt/airflow/dags/third_dag_example.py
[2024-04-30 16:31:48,102] {logging_mixin.py:104} INFO - [2024-04-30 16:31:48,102] {dag.py:1824} INFO - Sync 1 DAGs
[2024-04-30 16:31:48,133] {logging_mixin.py:104} INFO - [2024-04-30 16:31:48,133] {dag.py:2280} INFO - Setting next_dagrun for third_dag_example to 2024-03-21 00:00:00+00:00
[2024-04-30 16:31:48,150] {scheduler_job.py:190} INFO - Processing /opt/airflow/dags/third_dag_example.py took 0.159 seconds
[2024-04-30 16:32:18,346] {scheduler_job.py:182} INFO - Started process (PID=1551) to work on /opt/airflow/dags/third_dag_example.py
[2024-04-30 16:32:18,348] {scheduler_job.py:629} INFO - Processing file /opt/airflow/dags/third_dag_example.py for tasks to queue
[2024-04-30 16:32:18,349] {logging_mixin.py:104} INFO - [2024-04-30 16:32:18,349] {dagbag.py:451} INFO - Filling up the DagBag from /opt/airflow/dags/third_dag_example.py
[2024-04-30 16:32:18,385] {scheduler_job.py:639} INFO - DAG(s) dict_keys(['third_dag_example']) retrieved from /opt/airflow/dags/third_dag_example.py
[2024-04-30 16:32:18,425] {logging_mixin.py:104} INFO - [2024-04-30 16:32:18,425] {dag.py:1824} INFO - Sync 1 DAGs
[2024-04-30 16:32:18,472] {logging_mixin.py:104} INFO - [2024-04-30 16:32:18,472] {dag.py:2280} INFO - Setting next_dagrun for third_dag_example to 2024-03-21 00:00:00+00:00
[2024-04-30 16:32:18,482] {scheduler_job.py:190} INFO - Processing /opt/airflow/dags/third_dag_example.py took 0.139 seconds
[2024-04-30 16:32:48,946] {scheduler_job.py:182} INFO - Started process (PID=1583) to work on /opt/airflow/dags/third_dag_example.py
[2024-04-30 16:32:48,947] {scheduler_job.py:629} INFO - Processing file /opt/airflow/dags/third_dag_example.py for tasks to queue
[2024-04-30 16:32:48,947] {logging_mixin.py:104} INFO - [2024-04-30 16:32:48,947] {dagbag.py:451} INFO - Filling up the DagBag from /opt/airflow/dags/third_dag_example.py
[2024-04-30 16:32:48,976] {scheduler_job.py:639} INFO - DAG(s) dict_keys(['third_dag_example']) retrieved from /opt/airflow/dags/third_dag_example.py
[2024-04-30 16:32:48,994] {logging_mixin.py:104} INFO - [2024-04-30 16:32:48,994] {dag.py:1824} INFO - Sync 1 DAGs
[2024-04-30 16:32:49,012] {logging_mixin.py:104} INFO - [2024-04-30 16:32:49,012] {dag.py:2280} INFO - Setting next_dagrun for third_dag_example to 2024-03-21 00:00:00+00:00
[2024-04-30 16:32:49,023] {scheduler_job.py:190} INFO - Processing /opt/airflow/dags/third_dag_example.py took 0.081 seconds
[2024-04-30 16:33:19,600] {scheduler_job.py:182} INFO - Started process (PID=1615) to work on /opt/airflow/dags/third_dag_example.py
[2024-04-30 16:33:19,601] {scheduler_job.py:629} INFO - Processing file /opt/airflow/dags/third_dag_example.py for tasks to queue
[2024-04-30 16:33:19,602] {logging_mixin.py:104} INFO - [2024-04-30 16:33:19,602] {dagbag.py:451} INFO - Filling up the DagBag from /opt/airflow/dags/third_dag_example.py
[2024-04-30 16:33:19,632] {scheduler_job.py:639} INFO - DAG(s) dict_keys(['third_dag_example']) retrieved from /opt/airflow/dags/third_dag_example.py
[2024-04-30 16:33:19,653] {logging_mixin.py:104} INFO - [2024-04-30 16:33:19,652] {dag.py:1824} INFO - Sync 1 DAGs
[2024-04-30 16:33:19,669] {logging_mixin.py:104} INFO - [2024-04-30 16:33:19,669] {dag.py:2280} INFO - Setting next_dagrun for third_dag_example to 2024-03-21 00:00:00+00:00
[2024-04-30 16:33:19,680] {scheduler_job.py:190} INFO - Processing /opt/airflow/dags/third_dag_example.py took 0.083 seconds
[2024-04-30 16:33:50,133] {scheduler_job.py:182} INFO - Started process (PID=1647) to work on /opt/airflow/dags/third_dag_example.py
[2024-04-30 16:33:50,134] {scheduler_job.py:629} INFO - Processing file /opt/airflow/dags/third_dag_example.py for tasks to queue
[2024-04-30 16:33:50,134] {logging_mixin.py:104} INFO - [2024-04-30 16:33:50,134] {dagbag.py:451} INFO - Filling up the DagBag from /opt/airflow/dags/third_dag_example.py
[2024-04-30 16:33:50,160] {scheduler_job.py:639} INFO - DAG(s) dict_keys(['third_dag_example']) retrieved from /opt/airflow/dags/third_dag_example.py
[2024-04-30 16:33:50,177] {logging_mixin.py:104} INFO - [2024-04-30 16:33:50,177] {dag.py:1824} INFO - Sync 1 DAGs
[2024-04-30 16:33:50,193] {logging_mixin.py:104} INFO - [2024-04-30 16:33:50,193] {dag.py:2280} INFO - Setting next_dagrun for third_dag_example to 2024-03-21 00:00:00+00:00
[2024-04-30 16:33:50,202] {scheduler_job.py:190} INFO - Processing /opt/airflow/dags/third_dag_example.py took 0.073 seconds
[2024-04-30 16:34:20,799] {scheduler_job.py:182} INFO - Started process (PID=1679) to work on /opt/airflow/dags/third_dag_example.py
[2024-04-30 16:34:20,800] {scheduler_job.py:629} INFO - Processing file /opt/airflow/dags/third_dag_example.py for tasks to queue
[2024-04-30 16:34:20,801] {logging_mixin.py:104} INFO - [2024-04-30 16:34:20,801] {dagbag.py:451} INFO - Filling up the DagBag from /opt/airflow/dags/third_dag_example.py
[2024-04-30 16:34:20,834] {scheduler_job.py:639} INFO - DAG(s) dict_keys(['third_dag_example']) retrieved from /opt/airflow/dags/third_dag_example.py
[2024-04-30 16:34:20,858] {logging_mixin.py:104} INFO - [2024-04-30 16:34:20,858] {dag.py:1824} INFO - Sync 1 DAGs
[2024-04-30 16:34:20,879] {logging_mixin.py:104} INFO - [2024-04-30 16:34:20,879] {dag.py:2280} INFO - Setting next_dagrun for third_dag_example to 2024-03-21 00:00:00+00:00
[2024-04-30 16:34:20,891] {scheduler_job.py:190} INFO - Processing /opt/airflow/dags/third_dag_example.py took 0.097 seconds
[2024-04-30 16:34:51,419] {scheduler_job.py:182} INFO - Started process (PID=1711) to work on /opt/airflow/dags/third_dag_example.py
[2024-04-30 16:34:51,420] {scheduler_job.py:629} INFO - Processing file /opt/airflow/dags/third_dag_example.py for tasks to queue
[2024-04-30 16:34:51,420] {logging_mixin.py:104} INFO - [2024-04-30 16:34:51,420] {dagbag.py:451} INFO - Filling up the DagBag from /opt/airflow/dags/third_dag_example.py
[2024-04-30 16:34:51,449] {scheduler_job.py:639} INFO - DAG(s) dict_keys(['third_dag_example']) retrieved from /opt/airflow/dags/third_dag_example.py
[2024-04-30 16:34:51,467] {logging_mixin.py:104} INFO - [2024-04-30 16:34:51,467] {dag.py:1824} INFO - Sync 1 DAGs
[2024-04-30 16:34:51,483] {logging_mixin.py:104} INFO - [2024-04-30 16:34:51,483] {dag.py:2280} INFO - Setting next_dagrun for third_dag_example to 2024-03-21 00:00:00+00:00
[2024-04-30 16:34:51,496] {scheduler_job.py:190} INFO - Processing /opt/airflow/dags/third_dag_example.py took 0.081 seconds
[2024-04-30 16:35:22,037] {scheduler_job.py:182} INFO - Started process (PID=1743) to work on /opt/airflow/dags/third_dag_example.py
[2024-04-30 16:35:22,038] {scheduler_job.py:629} INFO - Processing file /opt/airflow/dags/third_dag_example.py for tasks to queue
[2024-04-30 16:35:22,039] {logging_mixin.py:104} INFO - [2024-04-30 16:35:22,039] {dagbag.py:451} INFO - Filling up the DagBag from /opt/airflow/dags/third_dag_example.py
[2024-04-30 16:35:22,070] {scheduler_job.py:639} INFO - DAG(s) dict_keys(['third_dag_example']) retrieved from /opt/airflow/dags/third_dag_example.py
[2024-04-30 16:35:22,088] {logging_mixin.py:104} INFO - [2024-04-30 16:35:22,088] {dag.py:1824} INFO - Sync 1 DAGs
[2024-04-30 16:35:22,105] {logging_mixin.py:104} INFO - [2024-04-30 16:35:22,105] {dag.py:2280} INFO - Setting next_dagrun for third_dag_example to 2024-03-21 00:00:00+00:00
[2024-04-30 16:35:22,116] {scheduler_job.py:190} INFO - Processing /opt/airflow/dags/third_dag_example.py took 0.082 seconds
[2024-04-30 16:35:52,558] {scheduler_job.py:182} INFO - Started process (PID=1775) to work on /opt/airflow/dags/third_dag_example.py
[2024-04-30 16:35:52,560] {scheduler_job.py:629} INFO - Processing file /opt/airflow/dags/third_dag_example.py for tasks to queue
[2024-04-30 16:35:52,561] {logging_mixin.py:104} INFO - [2024-04-30 16:35:52,560] {dagbag.py:451} INFO - Filling up the DagBag from /opt/airflow/dags/third_dag_example.py
[2024-04-30 16:35:52,588] {scheduler_job.py:639} INFO - DAG(s) dict_keys(['third_dag_example']) retrieved from /opt/airflow/dags/third_dag_example.py
[2024-04-30 16:35:52,608] {logging_mixin.py:104} INFO - [2024-04-30 16:35:52,607] {dag.py:1824} INFO - Sync 1 DAGs
[2024-04-30 16:35:52,625] {logging_mixin.py:104} INFO - [2024-04-30 16:35:52,625] {dag.py:2280} INFO - Setting next_dagrun for third_dag_example to 2024-03-21 00:00:00+00:00
[2024-04-30 16:35:52,636] {scheduler_job.py:190} INFO - Processing /opt/airflow/dags/third_dag_example.py took 0.081 seconds
[2024-04-30 16:36:23,061] {scheduler_job.py:182} INFO - Started process (PID=1807) to work on /opt/airflow/dags/third_dag_example.py
[2024-04-30 16:36:23,062] {scheduler_job.py:629} INFO - Processing file /opt/airflow/dags/third_dag_example.py for tasks to queue
[2024-04-30 16:36:23,063] {logging_mixin.py:104} INFO - [2024-04-30 16:36:23,063] {dagbag.py:451} INFO - Filling up the DagBag from /opt/airflow/dags/third_dag_example.py
[2024-04-30 16:36:23,091] {scheduler_job.py:639} INFO - DAG(s) dict_keys(['third_dag_example']) retrieved from /opt/airflow/dags/third_dag_example.py
[2024-04-30 16:36:23,110] {logging_mixin.py:104} INFO - [2024-04-30 16:36:23,110] {dag.py:1824} INFO - Sync 1 DAGs
[2024-04-30 16:36:23,127] {logging_mixin.py:104} INFO - [2024-04-30 16:36:23,127] {dag.py:2280} INFO - Setting next_dagrun for third_dag_example to 2024-03-21 00:00:00+00:00
[2024-04-30 16:36:23,137] {scheduler_job.py:190} INFO - Processing /opt/airflow/dags/third_dag_example.py took 0.080 seconds
[2024-04-30 16:36:53,624] {scheduler_job.py:182} INFO - Started process (PID=1839) to work on /opt/airflow/dags/third_dag_example.py
[2024-04-30 16:36:53,626] {scheduler_job.py:629} INFO - Processing file /opt/airflow/dags/third_dag_example.py for tasks to queue
[2024-04-30 16:36:53,627] {logging_mixin.py:104} INFO - [2024-04-30 16:36:53,627] {dagbag.py:451} INFO - Filling up the DagBag from /opt/airflow/dags/third_dag_example.py
[2024-04-30 16:36:53,654] {scheduler_job.py:639} INFO - DAG(s) dict_keys(['third_dag_example']) retrieved from /opt/airflow/dags/third_dag_example.py
[2024-04-30 16:36:53,671] {logging_mixin.py:104} INFO - [2024-04-30 16:36:53,671] {dag.py:1824} INFO - Sync 1 DAGs
[2024-04-30 16:36:53,688] {logging_mixin.py:104} INFO - [2024-04-30 16:36:53,687] {dag.py:2280} INFO - Setting next_dagrun for third_dag_example to 2024-03-21 00:00:00+00:00
[2024-04-30 16:36:53,698] {scheduler_job.py:190} INFO - Processing /opt/airflow/dags/third_dag_example.py took 0.077 seconds
[2024-04-30 16:37:24,274] {scheduler_job.py:182} INFO - Started process (PID=1871) to work on /opt/airflow/dags/third_dag_example.py
[2024-04-30 16:37:24,275] {scheduler_job.py:629} INFO - Processing file /opt/airflow/dags/third_dag_example.py for tasks to queue
[2024-04-30 16:37:24,276] {logging_mixin.py:104} INFO - [2024-04-30 16:37:24,276] {dagbag.py:451} INFO - Filling up the DagBag from /opt/airflow/dags/third_dag_example.py
[2024-04-30 16:37:24,307] {scheduler_job.py:639} INFO - DAG(s) dict_keys(['third_dag_example']) retrieved from /opt/airflow/dags/third_dag_example.py
[2024-04-30 16:37:24,326] {logging_mixin.py:104} INFO - [2024-04-30 16:37:24,326] {dag.py:1824} INFO - Sync 1 DAGs
[2024-04-30 16:37:24,343] {logging_mixin.py:104} INFO - [2024-04-30 16:37:24,343] {dag.py:2280} INFO - Setting next_dagrun for third_dag_example to 2024-03-21 00:00:00+00:00
[2024-04-30 16:37:24,353] {scheduler_job.py:190} INFO - Processing /opt/airflow/dags/third_dag_example.py took 0.082 seconds
[2024-04-30 16:37:54,712] {scheduler_job.py:182} INFO - Started process (PID=1903) to work on /opt/airflow/dags/third_dag_example.py
[2024-04-30 16:37:54,713] {scheduler_job.py:629} INFO - Processing file /opt/airflow/dags/third_dag_example.py for tasks to queue
[2024-04-30 16:37:54,714] {logging_mixin.py:104} INFO - [2024-04-30 16:37:54,713] {dagbag.py:451} INFO - Filling up the DagBag from /opt/airflow/dags/third_dag_example.py
[2024-04-30 16:37:54,742] {scheduler_job.py:639} INFO - DAG(s) dict_keys(['third_dag_example']) retrieved from /opt/airflow/dags/third_dag_example.py
[2024-04-30 16:37:54,761] {logging_mixin.py:104} INFO - [2024-04-30 16:37:54,761] {dag.py:1824} INFO - Sync 1 DAGs
[2024-04-30 16:37:54,778] {logging_mixin.py:104} INFO - [2024-04-30 16:37:54,778] {dag.py:2280} INFO - Setting next_dagrun for third_dag_example to 2024-03-21 00:00:00+00:00
[2024-04-30 16:37:54,789] {scheduler_job.py:190} INFO - Processing /opt/airflow/dags/third_dag_example.py took 0.081 seconds
[2024-04-30 16:38:25,169] {scheduler_job.py:182} INFO - Started process (PID=1935) to work on /opt/airflow/dags/third_dag_example.py
[2024-04-30 16:38:25,170] {scheduler_job.py:629} INFO - Processing file /opt/airflow/dags/third_dag_example.py for tasks to queue
[2024-04-30 16:38:25,171] {logging_mixin.py:104} INFO - [2024-04-30 16:38:25,171] {dagbag.py:451} INFO - Filling up the DagBag from /opt/airflow/dags/third_dag_example.py
[2024-04-30 16:38:25,200] {scheduler_job.py:639} INFO - DAG(s) dict_keys(['third_dag_example']) retrieved from /opt/airflow/dags/third_dag_example.py
[2024-04-30 16:38:25,219] {logging_mixin.py:104} INFO - [2024-04-30 16:38:25,219] {dag.py:1824} INFO - Sync 1 DAGs
[2024-04-30 16:38:25,235] {logging_mixin.py:104} INFO - [2024-04-30 16:38:25,235] {dag.py:2280} INFO - Setting next_dagrun for third_dag_example to 2024-03-21 00:00:00+00:00
[2024-04-30 16:38:25,245] {scheduler_job.py:190} INFO - Processing /opt/airflow/dags/third_dag_example.py took 0.079 seconds
[2024-04-30 16:38:55,743] {scheduler_job.py:182} INFO - Started process (PID=1967) to work on /opt/airflow/dags/third_dag_example.py
[2024-04-30 16:38:55,744] {scheduler_job.py:629} INFO - Processing file /opt/airflow/dags/third_dag_example.py for tasks to queue
[2024-04-30 16:38:55,745] {logging_mixin.py:104} INFO - [2024-04-30 16:38:55,745] {dagbag.py:451} INFO - Filling up the DagBag from /opt/airflow/dags/third_dag_example.py
[2024-04-30 16:38:55,772] {scheduler_job.py:639} INFO - DAG(s) dict_keys(['third_dag_example']) retrieved from /opt/airflow/dags/third_dag_example.py
[2024-04-30 16:38:55,789] {logging_mixin.py:104} INFO - [2024-04-30 16:38:55,789] {dag.py:1824} INFO - Sync 1 DAGs
[2024-04-30 16:38:55,806] {logging_mixin.py:104} INFO - [2024-04-30 16:38:55,805] {dag.py:2280} INFO - Setting next_dagrun for third_dag_example to 2024-03-21 00:00:00+00:00
[2024-04-30 16:38:55,816] {scheduler_job.py:190} INFO - Processing /opt/airflow/dags/third_dag_example.py took 0.076 seconds
[2024-04-30 16:39:26,298] {scheduler_job.py:182} INFO - Started process (PID=1999) to work on /opt/airflow/dags/third_dag_example.py
[2024-04-30 16:39:26,299] {scheduler_job.py:629} INFO - Processing file /opt/airflow/dags/third_dag_example.py for tasks to queue
[2024-04-30 16:39:26,300] {logging_mixin.py:104} INFO - [2024-04-30 16:39:26,300] {dagbag.py:451} INFO - Filling up the DagBag from /opt/airflow/dags/third_dag_example.py
[2024-04-30 16:39:26,326] {scheduler_job.py:639} INFO - DAG(s) dict_keys(['third_dag_example']) retrieved from /opt/airflow/dags/third_dag_example.py
[2024-04-30 16:39:26,342] {logging_mixin.py:104} INFO - [2024-04-30 16:39:26,342] {dag.py:1824} INFO - Sync 1 DAGs
[2024-04-30 16:39:26,359] {logging_mixin.py:104} INFO - [2024-04-30 16:39:26,359] {dag.py:2280} INFO - Setting next_dagrun for third_dag_example to 2024-03-21 00:00:00+00:00
[2024-04-30 16:39:26,369] {scheduler_job.py:190} INFO - Processing /opt/airflow/dags/third_dag_example.py took 0.074 seconds
[2024-04-30 16:39:56,901] {scheduler_job.py:182} INFO - Started process (PID=2031) to work on /opt/airflow/dags/third_dag_example.py
[2024-04-30 16:39:56,902] {scheduler_job.py:629} INFO - Processing file /opt/airflow/dags/third_dag_example.py for tasks to queue
[2024-04-30 16:39:56,903] {logging_mixin.py:104} INFO - [2024-04-30 16:39:56,903] {dagbag.py:451} INFO - Filling up the DagBag from /opt/airflow/dags/third_dag_example.py
[2024-04-30 16:39:56,932] {scheduler_job.py:639} INFO - DAG(s) dict_keys(['third_dag_example']) retrieved from /opt/airflow/dags/third_dag_example.py
[2024-04-30 16:39:56,951] {logging_mixin.py:104} INFO - [2024-04-30 16:39:56,951] {dag.py:1824} INFO - Sync 1 DAGs
[2024-04-30 16:39:56,971] {logging_mixin.py:104} INFO - [2024-04-30 16:39:56,971] {dag.py:2280} INFO - Setting next_dagrun for third_dag_example to 2024-03-21 00:00:00+00:00
[2024-04-30 16:39:56,983] {scheduler_job.py:190} INFO - Processing /opt/airflow/dags/third_dag_example.py took 0.085 seconds
[2024-04-30 16:40:27,357] {scheduler_job.py:182} INFO - Started process (PID=2063) to work on /opt/airflow/dags/third_dag_example.py
[2024-04-30 16:40:27,358] {scheduler_job.py:629} INFO - Processing file /opt/airflow/dags/third_dag_example.py for tasks to queue
[2024-04-30 16:40:27,359] {logging_mixin.py:104} INFO - [2024-04-30 16:40:27,359] {dagbag.py:451} INFO - Filling up the DagBag from /opt/airflow/dags/third_dag_example.py
[2024-04-30 16:40:27,389] {scheduler_job.py:639} INFO - DAG(s) dict_keys(['third_dag_example']) retrieved from /opt/airflow/dags/third_dag_example.py
[2024-04-30 16:40:27,410] {logging_mixin.py:104} INFO - [2024-04-30 16:40:27,410] {dag.py:1824} INFO - Sync 1 DAGs
[2024-04-30 16:40:27,425] {logging_mixin.py:104} INFO - [2024-04-30 16:40:27,424] {dag.py:2280} INFO - Setting next_dagrun for third_dag_example to 2024-03-21 00:00:00+00:00
[2024-04-30 16:40:27,434] {scheduler_job.py:190} INFO - Processing /opt/airflow/dags/third_dag_example.py took 0.081 seconds
[2024-04-30 16:40:57,862] {scheduler_job.py:182} INFO - Started process (PID=2095) to work on /opt/airflow/dags/third_dag_example.py
[2024-04-30 16:40:57,863] {scheduler_job.py:629} INFO - Processing file /opt/airflow/dags/third_dag_example.py for tasks to queue
[2024-04-30 16:40:57,864] {logging_mixin.py:104} INFO - [2024-04-30 16:40:57,864] {dagbag.py:451} INFO - Filling up the DagBag from /opt/airflow/dags/third_dag_example.py
[2024-04-30 16:40:57,889] {scheduler_job.py:639} INFO - DAG(s) dict_keys(['third_dag_example']) retrieved from /opt/airflow/dags/third_dag_example.py
[2024-04-30 16:40:57,906] {logging_mixin.py:104} INFO - [2024-04-30 16:40:57,905] {dag.py:1824} INFO - Sync 1 DAGs
[2024-04-30 16:40:57,923] {logging_mixin.py:104} INFO - [2024-04-30 16:40:57,923] {dag.py:2280} INFO - Setting next_dagrun for third_dag_example to 2024-03-21 00:00:00+00:00
[2024-04-30 16:40:57,932] {scheduler_job.py:190} INFO - Processing /opt/airflow/dags/third_dag_example.py took 0.073 seconds
[2024-04-30 16:41:28,466] {scheduler_job.py:182} INFO - Started process (PID=2127) to work on /opt/airflow/dags/third_dag_example.py
[2024-04-30 16:41:28,467] {scheduler_job.py:629} INFO - Processing file /opt/airflow/dags/third_dag_example.py for tasks to queue
[2024-04-30 16:41:28,468] {logging_mixin.py:104} INFO - [2024-04-30 16:41:28,468] {dagbag.py:451} INFO - Filling up the DagBag from /opt/airflow/dags/third_dag_example.py
[2024-04-30 16:41:28,497] {scheduler_job.py:639} INFO - DAG(s) dict_keys(['third_dag_example']) retrieved from /opt/airflow/dags/third_dag_example.py
[2024-04-30 16:41:28,519] {logging_mixin.py:104} INFO - [2024-04-30 16:41:28,519] {dag.py:1824} INFO - Sync 1 DAGs
[2024-04-30 16:41:28,540] {logging_mixin.py:104} INFO - [2024-04-30 16:41:28,540] {dag.py:2280} INFO - Setting next_dagrun for third_dag_example to 2024-03-21 00:00:00+00:00
[2024-04-30 16:41:28,549] {scheduler_job.py:190} INFO - Processing /opt/airflow/dags/third_dag_example.py took 0.086 seconds
