[2024-04-24 22:11:43,502] {taskinstance.py:877} INFO - Dependencies all met for <TaskInstance: json_file.step2_BashCommand 2024-04-24T22:11:37.614747+00:00 [queued]>
[2024-04-24 22:11:43,558] {taskinstance.py:877} INFO - Dependencies all met for <TaskInstance: json_file.step2_BashCommand 2024-04-24T22:11:37.614747+00:00 [queued]>
[2024-04-24 22:11:43,559] {taskinstance.py:1068} INFO - 
--------------------------------------------------------------------------------
[2024-04-24 22:11:43,560] {taskinstance.py:1069} INFO - Starting attempt 1 of 1
[2024-04-24 22:11:43,561] {taskinstance.py:1070} INFO - 
--------------------------------------------------------------------------------
[2024-04-24 22:11:43,591] {taskinstance.py:1089} INFO - Executing <Task(BashOperator): step2_BashCommand> on 2024-04-24T22:11:37.614747+00:00
[2024-04-24 22:11:43,626] {standard_task_runner.py:76} INFO - Running: ['airflow', 'tasks', 'run', 'json_file', 'step2_BashCommand', '2024-04-24T22:11:37.614747+00:00', '--job-id', '14004', '--pool', 'default_pool', '--raw', '--subdir', 'DAGS_FOLDER/json_file.py', '--cfg-path', '/tmp/tmpk2okjfm3', '--error-file', '/tmp/tmpkon_5dp_']
[2024-04-24 22:11:43,683] {standard_task_runner.py:77} INFO - Job 14004: Subtask step2_BashCommand
[2024-04-24 22:11:43,608] {standard_task_runner.py:52} INFO - Started process 460 to run task
[2024-04-24 22:11:43,920] {logging_mixin.py:104} INFO - Running <TaskInstance: json_file.step2_BashCommand 2024-04-24T22:11:37.614747+00:00 [running]> on host c6f0c13ba6da
[2024-04-24 22:11:44,592] {taskinstance.py:1283} INFO - Exporting the following env vars:
AIRFLOW_CTX_DAG_OWNER=airflow
AIRFLOW_CTX_DAG_ID=json_file
AIRFLOW_CTX_TASK_ID=step2_BashCommand
AIRFLOW_CTX_EXECUTION_DATE=2024-04-24T22:11:37.614747+00:00
AIRFLOW_CTX_DAG_RUN_ID=manual__2024-04-24T22:11:37.614747+00:00
[2024-04-24 22:11:44,594] {bash.py:135} INFO - Tmp dir root location: 
 /tmp
[2024-04-24 22:11:44,597] {bash.py:158} INFO - Running command: echo 'step2'
[2024-04-24 22:11:44,640] {bash.py:169} INFO - Output:
[2024-04-24 22:11:44,643] {bash.py:173} INFO - step2
[2024-04-24 22:11:44,645] {bash.py:177} INFO - Command exited with return code 0
[2024-04-24 22:11:44,727] {taskinstance.py:1192} INFO - Marking task as SUCCESS. dag_id=json_file, task_id=step2_BashCommand, execution_date=20240424T221137, start_date=20240424T221143, end_date=20240424T221144
[2024-04-24 22:11:44,797] {taskinstance.py:1246} INFO - 1 downstream tasks scheduled from follow-on schedule check
[2024-04-24 22:11:44,842] {local_task_job.py:146} INFO - Task exited with return code 0
