[2024-04-26 08:27:45,811] {taskinstance.py:877} INFO - Dependencies all met for <TaskInstance: json_file.step3_Decidewhichtask 2024-04-26T08:27:39.334658+00:00 [queued]>
[2024-04-26 08:27:45,834] {taskinstance.py:877} INFO - Dependencies all met for <TaskInstance: json_file.step3_Decidewhichtask 2024-04-26T08:27:39.334658+00:00 [queued]>
[2024-04-26 08:27:45,835] {taskinstance.py:1068} INFO - 
--------------------------------------------------------------------------------
[2024-04-26 08:27:45,836] {taskinstance.py:1069} INFO - Starting attempt 1 of 1
[2024-04-26 08:27:45,836] {taskinstance.py:1070} INFO - 
--------------------------------------------------------------------------------
[2024-04-26 08:27:45,864] {taskinstance.py:1089} INFO - Executing <Task(BranchPythonOperator): step3_Decidewhichtask> on 2024-04-26T08:27:39.334658+00:00
[2024-04-26 08:27:45,871] {standard_task_runner.py:52} INFO - Started process 174 to run task
[2024-04-26 08:27:45,879] {standard_task_runner.py:76} INFO - Running: ['airflow', 'tasks', 'run', 'json_file', 'step3_Decidewhichtask', '2024-04-26T08:27:39.334658+00:00', '--job-id', '14079', '--pool', 'default_pool', '--raw', '--subdir', 'DAGS_FOLDER/json_file.py', '--cfg-path', '/tmp/tmphqdmow83', '--error-file', '/tmp/tmpik5reaze']
[2024-04-26 08:27:45,883] {standard_task_runner.py:77} INFO - Job 14079: Subtask step3_Decidewhichtask
[2024-04-26 08:27:46,012] {logging_mixin.py:104} INFO - Running <TaskInstance: json_file.step3_Decidewhichtask 2024-04-26T08:27:39.334658+00:00 [running]> on host c6f0c13ba6da
[2024-04-26 08:27:46,150] {taskinstance.py:1283} INFO - Exporting the following env vars:
AIRFLOW_CTX_DAG_OWNER=airflow
AIRFLOW_CTX_DAG_ID=json_file
AIRFLOW_CTX_TASK_ID=step3_Decidewhichtask
AIRFLOW_CTX_EXECUTION_DATE=2024-04-26T08:27:39.334658+00:00
AIRFLOW_CTX_DAG_RUN_ID=manual__2024-04-26T08:27:39.334658+00:00
[2024-04-26 08:27:46,187] {python.py:118} INFO - Done. Returned value was: step3_dummy_dispari
[2024-04-26 08:27:46,189] {skipmixin.py:124} INFO - Following branch step3_dummy_dispari
[2024-04-26 08:27:46,206] {skipmixin.py:155} INFO - Skipping tasks ['step3_dummy_pari']
[2024-04-26 08:27:46,376] {taskinstance.py:1192} INFO - Marking task as SUCCESS. dag_id=json_file, task_id=step3_Decidewhichtask, execution_date=20240426T082739, start_date=20240426T082745, end_date=20240426T082746
[2024-04-26 08:27:46,482] {taskinstance.py:1246} INFO - 1 downstream tasks scheduled from follow-on schedule check
[2024-04-26 08:27:46,514] {local_task_job.py:146} INFO - Task exited with return code 0
