[2024-05-02 10:47:00,363] {taskinstance.py:877} INFO - Dependencies all met for <TaskInstance: json_file_chain.step1_Decidewhichtask 2024-05-02T10:46:57.362745+00:00 [queued]>
[2024-05-02 10:47:00,385] {taskinstance.py:877} INFO - Dependencies all met for <TaskInstance: json_file_chain.step1_Decidewhichtask 2024-05-02T10:46:57.362745+00:00 [queued]>
[2024-05-02 10:47:00,385] {taskinstance.py:1068} INFO - 
--------------------------------------------------------------------------------
[2024-05-02 10:47:00,385] {taskinstance.py:1069} INFO - Starting attempt 1 of 1
[2024-05-02 10:47:00,385] {taskinstance.py:1070} INFO - 
--------------------------------------------------------------------------------
[2024-05-02 10:47:00,400] {taskinstance.py:1089} INFO - Executing <Task(BranchPythonOperator): step1_Decidewhichtask> on 2024-05-02T10:46:57.362745+00:00
[2024-05-02 10:47:00,414] {standard_task_runner.py:76} INFO - Running: ['airflow', 'tasks', 'run', 'json_file_chain', 'step1_Decidewhichtask', '2024-05-02T10:46:57.362745+00:00', '--job-id', '14202', '--pool', 'default_pool', '--raw', '--subdir', 'DAGS_FOLDER/json_file_chain.py', '--cfg-path', '/tmp/tmp_li86e6v', '--error-file', '/tmp/tmpjhb6ylqw']
[2024-05-02 10:47:00,415] {standard_task_runner.py:77} INFO - Job 14202: Subtask step1_Decidewhichtask
[2024-05-02 10:47:00,406] {standard_task_runner.py:52} INFO - Started process 329 to run task
[2024-05-02 10:47:00,488] {logging_mixin.py:104} INFO - Running <TaskInstance: json_file_chain.step1_Decidewhichtask 2024-05-02T10:46:57.362745+00:00 [running]> on host c6f0c13ba6da
[2024-05-02 10:47:00,540] {taskinstance.py:1283} INFO - Exporting the following env vars:
AIRFLOW_CTX_DAG_OWNER=airflow
AIRFLOW_CTX_DAG_ID=json_file_chain
AIRFLOW_CTX_TASK_ID=step1_Decidewhichtask
AIRFLOW_CTX_EXECUTION_DATE=2024-05-02T10:46:57.362745+00:00
AIRFLOW_CTX_DAG_RUN_ID=manual__2024-05-02T10:46:57.362745+00:00
[2024-05-02 10:47:00,548] {python.py:118} INFO - Done. Returned value was: step1_dummy_dispari
[2024-05-02 10:47:00,548] {skipmixin.py:124} INFO - Following branch step1_dummy_dispari
[2024-05-02 10:47:00,556] {skipmixin.py:155} INFO - Skipping tasks ['step1_dummy_pari']
[2024-05-02 10:47:00,604] {taskinstance.py:1192} INFO - Marking task as SUCCESS. dag_id=json_file_chain, task_id=step1_Decidewhichtask, execution_date=20240502T104657, start_date=20240502T104700, end_date=20240502T104700
[2024-05-02 10:47:00,635] {taskinstance.py:1246} INFO - 1 downstream tasks scheduled from follow-on schedule check
[2024-05-02 10:47:00,684] {local_task_job.py:146} INFO - Task exited with return code 0
