[2024-04-24 22:20:27,963] {taskinstance.py:877} INFO - Dependencies all met for <TaskInstance: json_file.step1_JsonRead 2024-04-24T22:20:23.881582+00:00 [queued]>
[2024-04-24 22:20:28,016] {taskinstance.py:877} INFO - Dependencies all met for <TaskInstance: json_file.step1_JsonRead 2024-04-24T22:20:23.881582+00:00 [queued]>
[2024-04-24 22:20:28,017] {taskinstance.py:1068} INFO - 
--------------------------------------------------------------------------------
[2024-04-24 22:20:28,017] {taskinstance.py:1069} INFO - Starting attempt 1 of 1
[2024-04-24 22:20:28,018] {taskinstance.py:1070} INFO - 
--------------------------------------------------------------------------------
[2024-04-24 22:20:28,063] {taskinstance.py:1089} INFO - Executing <Task(PythonOperator): step1_JsonRead> on 2024-04-24T22:20:23.881582+00:00
[2024-04-24 22:20:28,093] {standard_task_runner.py:52} INFO - Started process 475 to run task
[2024-04-24 22:20:28,113] {standard_task_runner.py:76} INFO - Running: ['airflow', 'tasks', 'run', 'json_file', 'step1_JsonRead', '2024-04-24T22:20:23.881582+00:00', '--job-id', '14009', '--pool', 'default_pool', '--raw', '--subdir', 'DAGS_FOLDER/json_file.py', '--cfg-path', '/tmp/tmppcqdz4wb', '--error-file', '/tmp/tmpvob0i1ew']
[2024-04-24 22:20:28,114] {standard_task_runner.py:77} INFO - Job 14009: Subtask step1_JsonRead
[2024-04-24 22:20:28,771] {logging_mixin.py:104} INFO - Running <TaskInstance: json_file.step1_JsonRead 2024-04-24T22:20:23.881582+00:00 [running]> on host c6f0c13ba6da
[2024-04-24 22:20:29,353] {taskinstance.py:1283} INFO - Exporting the following env vars:
AIRFLOW_CTX_DAG_OWNER=airflow
AIRFLOW_CTX_DAG_ID=json_file
AIRFLOW_CTX_TASK_ID=step1_JsonRead
AIRFLOW_CTX_EXECUTION_DATE=2024-04-24T22:20:23.881582+00:00
AIRFLOW_CTX_DAG_RUN_ID=manual__2024-04-24T22:20:23.881582+00:00
[2024-04-24 22:20:29,396] {python.py:118} INFO - Done. Returned value was: echo 'step1'
[2024-04-24 22:20:30,032] {taskinstance.py:1192} INFO - Marking task as SUCCESS. dag_id=json_file, task_id=step1_JsonRead, execution_date=20240424T222023, start_date=20240424T222027, end_date=20240424T222030
[2024-04-24 22:20:30,512] {taskinstance.py:1246} INFO - 1 downstream tasks scheduled from follow-on schedule check
[2024-04-24 22:20:30,593] {local_task_job.py:146} INFO - Task exited with return code 0
