[2024-04-30 16:13:36,359] {taskinstance.py:877} INFO - Dependencies all met for <TaskInstance: json_file.step3_JsonRead 2024-04-30T16:13:32.443971+00:00 [queued]>
[2024-04-30 16:13:36,432] {taskinstance.py:877} INFO - Dependencies all met for <TaskInstance: json_file.step3_JsonRead 2024-04-30T16:13:32.443971+00:00 [queued]>
[2024-04-30 16:13:36,435] {taskinstance.py:1068} INFO - 
--------------------------------------------------------------------------------
[2024-04-30 16:13:36,437] {taskinstance.py:1069} INFO - Starting attempt 1 of 1
[2024-04-30 16:13:36,438] {taskinstance.py:1070} INFO - 
--------------------------------------------------------------------------------
[2024-04-30 16:13:36,467] {taskinstance.py:1089} INFO - Executing <Task(PythonOperator): step3_JsonRead> on 2024-04-30T16:13:32.443971+00:00
[2024-04-30 16:13:36,498] {standard_task_runner.py:76} INFO - Running: ['airflow', 'tasks', 'run', 'json_file', 'step3_JsonRead', '2024-04-30T16:13:32.443971+00:00', '--job-id', '14111', '--pool', 'default_pool', '--raw', '--subdir', 'DAGS_FOLDER/json_file.py', '--cfg-path', '/tmp/tmpmjl9bne_', '--error-file', '/tmp/tmp29uml_4d']
[2024-04-30 16:13:36,503] {standard_task_runner.py:77} INFO - Job 14111: Subtask step3_JsonRead
[2024-04-30 16:13:36,489] {standard_task_runner.py:52} INFO - Started process 118 to run task
[2024-04-30 16:13:36,873] {logging_mixin.py:104} INFO - Running <TaskInstance: json_file.step3_JsonRead 2024-04-30T16:13:32.443971+00:00 [running]> on host c6f0c13ba6da
[2024-04-30 16:13:37,186] {taskinstance.py:1283} INFO - Exporting the following env vars:
AIRFLOW_CTX_DAG_OWNER=airflow
AIRFLOW_CTX_DAG_ID=json_file
AIRFLOW_CTX_TASK_ID=step3_JsonRead
AIRFLOW_CTX_EXECUTION_DATE=2024-04-30T16:13:32.443971+00:00
AIRFLOW_CTX_DAG_RUN_ID=manual__2024-04-30T16:13:32.443971+00:00
[2024-04-30 16:13:37,196] {python.py:118} INFO - Done. Returned value was: echo 'step3'
[2024-04-30 16:13:37,351] {taskinstance.py:1192} INFO - Marking task as SUCCESS. dag_id=json_file, task_id=step3_JsonRead, execution_date=20240430T161332, start_date=20240430T161336, end_date=20240430T161337
[2024-04-30 16:13:37,481] {taskinstance.py:1246} INFO - 1 downstream tasks scheduled from follow-on schedule check
[2024-04-30 16:13:37,529] {local_task_job.py:146} INFO - Task exited with return code 0
