[2024-05-02 11:11:05,215] {taskinstance.py:877} INFO - Dependencies all met for <TaskInstance: json_file_chain.step2_Decidewhichtask 2024-05-02T11:10:56.924203+00:00 [queued]>
[2024-05-02 11:11:05,229] {taskinstance.py:877} INFO - Dependencies all met for <TaskInstance: json_file_chain.step2_Decidewhichtask 2024-05-02T11:10:56.924203+00:00 [queued]>
[2024-05-02 11:11:05,230] {taskinstance.py:1068} INFO - 
--------------------------------------------------------------------------------
[2024-05-02 11:11:05,230] {taskinstance.py:1069} INFO - Starting attempt 1 of 1
[2024-05-02 11:11:05,231] {taskinstance.py:1070} INFO - 
--------------------------------------------------------------------------------
[2024-05-02 11:11:05,240] {taskinstance.py:1089} INFO - Executing <Task(BranchPythonOperator): step2_Decidewhichtask> on 2024-05-02T11:10:56.924203+00:00
[2024-05-02 11:11:05,248] {standard_task_runner.py:76} INFO - Running: ['airflow', 'tasks', 'run', 'json_file_chain', 'step2_Decidewhichtask', '2024-05-02T11:10:56.924203+00:00', '--job-id', '14238', '--pool', 'default_pool', '--raw', '--subdir', 'DAGS_FOLDER/json_file_chain.py', '--cfg-path', '/tmp/tmpmsc5jqf0', '--error-file', '/tmp/tmpt6lbf7l1']
[2024-05-02 11:11:05,245] {standard_task_runner.py:52} INFO - Started process 413 to run task
[2024-05-02 11:11:05,249] {standard_task_runner.py:77} INFO - Job 14238: Subtask step2_Decidewhichtask
[2024-05-02 11:11:05,299] {logging_mixin.py:104} INFO - Running <TaskInstance: json_file_chain.step2_Decidewhichtask 2024-05-02T11:10:56.924203+00:00 [running]> on host c6f0c13ba6da
[2024-05-02 11:11:05,338] {taskinstance.py:1283} INFO - Exporting the following env vars:
AIRFLOW_CTX_DAG_OWNER=airflow
AIRFLOW_CTX_DAG_ID=json_file_chain
AIRFLOW_CTX_TASK_ID=step2_Decidewhichtask
AIRFLOW_CTX_EXECUTION_DATE=2024-05-02T11:10:56.924203+00:00
AIRFLOW_CTX_DAG_RUN_ID=manual__2024-05-02T11:10:56.924203+00:00
[2024-05-02 11:11:05,347] {python.py:118} INFO - Done. Returned value was: step2_dummy_pari
[2024-05-02 11:11:05,347] {skipmixin.py:124} INFO - Following branch step2_dummy_pari
[2024-05-02 11:11:05,357] {skipmixin.py:155} INFO - Skipping tasks ['step2_dummy_dispari']
[2024-05-02 11:11:05,400] {taskinstance.py:1192} INFO - Marking task as SUCCESS. dag_id=json_file_chain, task_id=step2_Decidewhichtask, execution_date=20240502T111056, start_date=20240502T111105, end_date=20240502T111105
[2024-05-02 11:11:05,431] {taskinstance.py:1246} INFO - 1 downstream tasks scheduled from follow-on schedule check
[2024-05-02 11:11:05,464] {local_task_job.py:146} INFO - Task exited with return code 0
