[2024-05-02 11:04:27,477] {taskinstance.py:877} INFO - Dependencies all met for <TaskInstance: json_file.step3_Decidewhichtask 2024-05-02T11:04:20.702296+00:00 [queued]>
[2024-05-02 11:04:27,523] {taskinstance.py:877} INFO - Dependencies all met for <TaskInstance: json_file.step3_Decidewhichtask 2024-05-02T11:04:20.702296+00:00 [queued]>
[2024-05-02 11:04:27,523] {taskinstance.py:1068} INFO - 
--------------------------------------------------------------------------------
[2024-05-02 11:04:27,524] {taskinstance.py:1069} INFO - Starting attempt 1 of 1
[2024-05-02 11:04:27,525] {taskinstance.py:1070} INFO - 
--------------------------------------------------------------------------------
[2024-05-02 11:04:27,565] {taskinstance.py:1089} INFO - Executing <Task(BranchPythonOperator): step3_Decidewhichtask> on 2024-05-02T11:04:20.702296+00:00
[2024-05-02 11:04:27,589] {standard_task_runner.py:76} INFO - Running: ['airflow', 'tasks', 'run', 'json_file', 'step3_Decidewhichtask', '2024-05-02T11:04:20.702296+00:00', '--job-id', '14222', '--pool', 'default_pool', '--raw', '--subdir', 'DAGS_FOLDER/json_file.py', '--cfg-path', '/tmp/tmp2bww63vl', '--error-file', '/tmp/tmpu23hhsm2']
[2024-05-02 11:04:27,591] {standard_task_runner.py:77} INFO - Job 14222: Subtask step3_Decidewhichtask
[2024-05-02 11:04:27,579] {standard_task_runner.py:52} INFO - Started process 377 to run task
[2024-05-02 11:04:27,690] {logging_mixin.py:104} INFO - Running <TaskInstance: json_file.step3_Decidewhichtask 2024-05-02T11:04:20.702296+00:00 [running]> on host c6f0c13ba6da
[2024-05-02 11:04:27,764] {taskinstance.py:1283} INFO - Exporting the following env vars:
AIRFLOW_CTX_DAG_OWNER=airflow
AIRFLOW_CTX_DAG_ID=json_file
AIRFLOW_CTX_TASK_ID=step3_Decidewhichtask
AIRFLOW_CTX_EXECUTION_DATE=2024-05-02T11:04:20.702296+00:00
AIRFLOW_CTX_DAG_RUN_ID=manual__2024-05-02T11:04:20.702296+00:00
[2024-05-02 11:04:27,777] {python.py:118} INFO - Done. Returned value was: step3_dummy_dispari
[2024-05-02 11:04:27,778] {skipmixin.py:124} INFO - Following branch step3_dummy_dispari
[2024-05-02 11:04:27,804] {skipmixin.py:155} INFO - Skipping tasks ['step3_dummy_pari']
[2024-05-02 11:04:27,870] {taskinstance.py:1192} INFO - Marking task as SUCCESS. dag_id=json_file, task_id=step3_Decidewhichtask, execution_date=20240502T110420, start_date=20240502T110427, end_date=20240502T110427
[2024-05-02 11:04:27,921] {taskinstance.py:1246} INFO - 1 downstream tasks scheduled from follow-on schedule check
[2024-05-02 11:04:27,972] {local_task_job.py:146} INFO - Task exited with return code 0
