[2024-04-24 22:09:33,979] {taskinstance.py:877} INFO - Dependencies all met for <TaskInstance: json_file.step3_Decidewhichtask 2024-04-24T22:09:28.564939+00:00 [queued]>
[2024-04-24 22:09:34,009] {taskinstance.py:877} INFO - Dependencies all met for <TaskInstance: json_file.step3_Decidewhichtask 2024-04-24T22:09:28.564939+00:00 [queued]>
[2024-04-24 22:09:34,011] {taskinstance.py:1068} INFO - 
--------------------------------------------------------------------------------
[2024-04-24 22:09:34,012] {taskinstance.py:1069} INFO - Starting attempt 1 of 1
[2024-04-24 22:09:34,012] {taskinstance.py:1070} INFO - 
--------------------------------------------------------------------------------
[2024-04-24 22:09:34,027] {taskinstance.py:1089} INFO - Executing <Task(BranchPythonOperator): step3_Decidewhichtask> on 2024-04-24T22:09:28.564939+00:00
[2024-04-24 22:09:34,043] {standard_task_runner.py:76} INFO - Running: ['airflow', 'tasks', 'run', 'json_file', 'step3_Decidewhichtask', '2024-04-24T22:09:28.564939+00:00', '--job-id', '13997', '--pool', 'default_pool', '--raw', '--subdir', 'DAGS_FOLDER/json_file.py', '--cfg-path', '/tmp/tmpwg7mgpao', '--error-file', '/tmp/tmp0hlwq7fl']
[2024-04-24 22:09:34,045] {standard_task_runner.py:77} INFO - Job 13997: Subtask step3_Decidewhichtask
[2024-04-24 22:09:34,034] {standard_task_runner.py:52} INFO - Started process 448 to run task
[2024-04-24 22:09:34,122] {logging_mixin.py:104} INFO - Running <TaskInstance: json_file.step3_Decidewhichtask 2024-04-24T22:09:28.564939+00:00 [running]> on host c6f0c13ba6da
[2024-04-24 22:09:34,190] {taskinstance.py:1283} INFO - Exporting the following env vars:
AIRFLOW_CTX_DAG_OWNER=airflow
AIRFLOW_CTX_DAG_ID=json_file
AIRFLOW_CTX_TASK_ID=step3_Decidewhichtask
AIRFLOW_CTX_EXECUTION_DATE=2024-04-24T22:09:28.564939+00:00
AIRFLOW_CTX_DAG_RUN_ID=manual__2024-04-24T22:09:28.564939+00:00
[2024-04-24 22:09:34,201] {python.py:118} INFO - Done. Returned value was: step3_dummy_dispari
[2024-04-24 22:09:34,202] {skipmixin.py:124} INFO - Following branch step3_dummy_dispari
[2024-04-24 22:09:34,214] {skipmixin.py:155} INFO - Skipping tasks ['step3_dummy_pari']
[2024-04-24 22:09:34,280] {taskinstance.py:1192} INFO - Marking task as SUCCESS. dag_id=json_file, task_id=step3_Decidewhichtask, execution_date=20240424T220928, start_date=20240424T220933, end_date=20240424T220934
[2024-04-24 22:09:34,327] {taskinstance.py:1246} INFO - 1 downstream tasks scheduled from follow-on schedule check
[2024-04-24 22:09:34,346] {local_task_job.py:146} INFO - Task exited with return code 0
