[2024-04-24 22:09:32,557] {taskinstance.py:877} INFO - Dependencies all met for <TaskInstance: json_file.step3_BashCommand 2024-04-24T22:09:28.564939+00:00 [queued]>
[2024-04-24 22:09:32,586] {taskinstance.py:877} INFO - Dependencies all met for <TaskInstance: json_file.step3_BashCommand 2024-04-24T22:09:28.564939+00:00 [queued]>
[2024-04-24 22:09:32,587] {taskinstance.py:1068} INFO - 
--------------------------------------------------------------------------------
[2024-04-24 22:09:32,587] {taskinstance.py:1069} INFO - Starting attempt 1 of 1
[2024-04-24 22:09:32,588] {taskinstance.py:1070} INFO - 
--------------------------------------------------------------------------------
[2024-04-24 22:09:32,603] {taskinstance.py:1089} INFO - Executing <Task(BashOperator): step3_BashCommand> on 2024-04-24T22:09:28.564939+00:00
[2024-04-24 22:09:32,618] {standard_task_runner.py:76} INFO - Running: ['airflow', 'tasks', 'run', 'json_file', 'step3_BashCommand', '2024-04-24T22:09:28.564939+00:00', '--job-id', '13996', '--pool', 'default_pool', '--raw', '--subdir', 'DAGS_FOLDER/json_file.py', '--cfg-path', '/tmp/tmp5cejkac1', '--error-file', '/tmp/tmpwc1u632_']
[2024-04-24 22:09:32,611] {standard_task_runner.py:52} INFO - Started process 441 to run task
[2024-04-24 22:09:32,620] {standard_task_runner.py:77} INFO - Job 13996: Subtask step3_BashCommand
[2024-04-24 22:09:32,707] {logging_mixin.py:104} INFO - Running <TaskInstance: json_file.step3_BashCommand 2024-04-24T22:09:28.564939+00:00 [running]> on host c6f0c13ba6da
[2024-04-24 22:09:32,884] {taskinstance.py:1283} INFO - Exporting the following env vars:
AIRFLOW_CTX_DAG_OWNER=airflow
AIRFLOW_CTX_DAG_ID=json_file
AIRFLOW_CTX_TASK_ID=step3_BashCommand
AIRFLOW_CTX_EXECUTION_DATE=2024-04-24T22:09:28.564939+00:00
AIRFLOW_CTX_DAG_RUN_ID=manual__2024-04-24T22:09:28.564939+00:00
[2024-04-24 22:09:32,890] {bash.py:135} INFO - Tmp dir root location: 
 /tmp
[2024-04-24 22:09:32,900] {bash.py:158} INFO - Running command: echo 'step3'
[2024-04-24 22:09:33,030] {bash.py:169} INFO - Output:
[2024-04-24 22:09:33,032] {bash.py:173} INFO - step3
[2024-04-24 22:09:33,033] {bash.py:177} INFO - Command exited with return code 0
[2024-04-24 22:09:33,170] {taskinstance.py:1192} INFO - Marking task as SUCCESS. dag_id=json_file, task_id=step3_BashCommand, execution_date=20240424T220928, start_date=20240424T220932, end_date=20240424T220933
[2024-04-24 22:09:33,239] {taskinstance.py:1246} INFO - 1 downstream tasks scheduled from follow-on schedule check
[2024-04-24 22:09:33,279] {local_task_job.py:146} INFO - Task exited with return code 0
