[2024-04-24 22:11:43,516] {taskinstance.py:877} INFO - Dependencies all met for <TaskInstance: json_file.step1_BashCommand 2024-04-24T22:11:37.614747+00:00 [queued]>
[2024-04-24 22:11:43,579] {taskinstance.py:877} INFO - Dependencies all met for <TaskInstance: json_file.step1_BashCommand 2024-04-24T22:11:37.614747+00:00 [queued]>
[2024-04-24 22:11:43,580] {taskinstance.py:1068} INFO - 
--------------------------------------------------------------------------------
[2024-04-24 22:11:43,588] {taskinstance.py:1069} INFO - Starting attempt 1 of 1
[2024-04-24 22:11:43,593] {taskinstance.py:1070} INFO - 
--------------------------------------------------------------------------------
[2024-04-24 22:11:43,684] {taskinstance.py:1089} INFO - Executing <Task(BashOperator): step1_BashCommand> on 2024-04-24T22:11:37.614747+00:00
[2024-04-24 22:11:43,724] {standard_task_runner.py:76} INFO - Running: ['airflow', 'tasks', 'run', 'json_file', 'step1_BashCommand', '2024-04-24T22:11:37.614747+00:00', '--job-id', '14005', '--pool', 'default_pool', '--raw', '--subdir', 'DAGS_FOLDER/json_file.py', '--cfg-path', '/tmp/tmptmh57ydt', '--error-file', '/tmp/tmp219r5dv1']
[2024-04-24 22:11:43,717] {standard_task_runner.py:52} INFO - Started process 462 to run task
[2024-04-24 22:11:43,727] {standard_task_runner.py:77} INFO - Job 14005: Subtask step1_BashCommand
[2024-04-24 22:11:43,927] {logging_mixin.py:104} INFO - Running <TaskInstance: json_file.step1_BashCommand 2024-04-24T22:11:37.614747+00:00 [running]> on host c6f0c13ba6da
[2024-04-24 22:11:44,479] {taskinstance.py:1283} INFO - Exporting the following env vars:
AIRFLOW_CTX_DAG_OWNER=airflow
AIRFLOW_CTX_DAG_ID=json_file
AIRFLOW_CTX_TASK_ID=step1_BashCommand
AIRFLOW_CTX_EXECUTION_DATE=2024-04-24T22:11:37.614747+00:00
AIRFLOW_CTX_DAG_RUN_ID=manual__2024-04-24T22:11:37.614747+00:00
[2024-04-24 22:11:44,499] {bash.py:135} INFO - Tmp dir root location: 
 /tmp
[2024-04-24 22:11:44,517] {bash.py:158} INFO - Running command: echo 'step1'
[2024-04-24 22:11:44,565] {bash.py:169} INFO - Output:
[2024-04-24 22:11:44,598] {bash.py:173} INFO - step1
[2024-04-24 22:11:44,606] {bash.py:177} INFO - Command exited with return code 0
[2024-04-24 22:11:44,699] {taskinstance.py:1192} INFO - Marking task as SUCCESS. dag_id=json_file, task_id=step1_BashCommand, execution_date=20240424T221137, start_date=20240424T221143, end_date=20240424T221144
[2024-04-24 22:11:44,778] {taskinstance.py:1246} INFO - 1 downstream tasks scheduled from follow-on schedule check
[2024-04-24 22:11:44,801] {local_task_job.py:146} INFO - Task exited with return code 0
