[2024-04-26 08:04:23,874] {taskinstance.py:877} INFO - Dependencies all met for <TaskInstance: json_file.step2_JsonRead 2024-04-26T08:04:22.171039+00:00 [queued]>
[2024-04-26 08:04:23,892] {taskinstance.py:877} INFO - Dependencies all met for <TaskInstance: json_file.step2_JsonRead 2024-04-26T08:04:22.171039+00:00 [queued]>
[2024-04-26 08:04:23,892] {taskinstance.py:1068} INFO - 
--------------------------------------------------------------------------------
[2024-04-26 08:04:23,893] {taskinstance.py:1069} INFO - Starting attempt 1 of 1
[2024-04-26 08:04:23,893] {taskinstance.py:1070} INFO - 
--------------------------------------------------------------------------------
[2024-04-26 08:04:23,917] {taskinstance.py:1089} INFO - Executing <Task(PythonOperator): step2_JsonRead> on 2024-04-26T08:04:22.171039+00:00
[2024-04-26 08:04:23,923] {standard_task_runner.py:52} INFO - Started process 138 to run task
[2024-04-26 08:04:24,024] {standard_task_runner.py:76} INFO - Running: ['airflow', 'tasks', 'run', 'json_file', 'step2_JsonRead', '2024-04-26T08:04:22.171039+00:00', '--job-id', '14065', '--pool', 'default_pool', '--raw', '--subdir', 'DAGS_FOLDER/json_file.py', '--cfg-path', '/tmp/tmpp4jws0v1', '--error-file', '/tmp/tmp3ot1tqxg']
[2024-04-26 08:04:24,028] {standard_task_runner.py:77} INFO - Job 14065: Subtask step2_JsonRead
[2024-04-26 08:04:24,440] {logging_mixin.py:104} INFO - Running <TaskInstance: json_file.step2_JsonRead 2024-04-26T08:04:22.171039+00:00 [running]> on host c6f0c13ba6da
[2024-04-26 08:04:24,665] {taskinstance.py:1283} INFO - Exporting the following env vars:
AIRFLOW_CTX_DAG_OWNER=airflow
AIRFLOW_CTX_DAG_ID=json_file
AIRFLOW_CTX_TASK_ID=step2_JsonRead
AIRFLOW_CTX_EXECUTION_DATE=2024-04-26T08:04:22.171039+00:00
AIRFLOW_CTX_DAG_RUN_ID=manual__2024-04-26T08:04:22.171039+00:00
[2024-04-26 08:04:24,667] {python.py:118} INFO - Done. Returned value was: echo 'step2'
[2024-04-26 08:04:24,762] {taskinstance.py:1192} INFO - Marking task as SUCCESS. dag_id=json_file, task_id=step2_JsonRead, execution_date=20240426T080422, start_date=20240426T080423, end_date=20240426T080424
[2024-04-26 08:04:24,874] {taskinstance.py:1246} INFO - 1 downstream tasks scheduled from follow-on schedule check
[2024-04-26 08:04:24,903] {local_task_job.py:146} INFO - Task exited with return code 0
