[2024-04-30 16:11:39,076] {taskinstance.py:877} INFO - Dependencies all met for <TaskInstance: json_file.step2_BashCommand 2024-04-30T16:11:03.994995+00:00 [queued]>
[2024-04-30 16:11:39,124] {taskinstance.py:877} INFO - Dependencies all met for <TaskInstance: json_file.step2_BashCommand 2024-04-30T16:11:03.994995+00:00 [queued]>
[2024-04-30 16:11:39,126] {taskinstance.py:1068} INFO - 
--------------------------------------------------------------------------------
[2024-04-30 16:11:39,126] {taskinstance.py:1069} INFO - Starting attempt 1 of 1
[2024-04-30 16:11:39,128] {taskinstance.py:1070} INFO - 
--------------------------------------------------------------------------------
[2024-04-30 16:11:39,145] {taskinstance.py:1089} INFO - Executing <Task(BashOperator): step2_BashCommand> on 2024-04-30T16:11:03.994995+00:00
[2024-04-30 16:11:39,161] {standard_task_runner.py:76} INFO - Running: ['airflow', 'tasks', 'run', 'json_file', 'step2_BashCommand', '2024-04-30T16:11:03.994995+00:00', '--job-id', '14104', '--pool', 'default_pool', '--raw', '--subdir', 'DAGS_FOLDER/json_file.py', '--cfg-path', '/tmp/tmphxzd28wh', '--error-file', '/tmp/tmpy3wx21jf']
[2024-04-30 16:11:39,167] {standard_task_runner.py:77} INFO - Job 14104: Subtask step2_BashCommand
[2024-04-30 16:11:39,159] {standard_task_runner.py:52} INFO - Started process 101 to run task
[2024-04-30 16:11:39,409] {logging_mixin.py:104} INFO - Running <TaskInstance: json_file.step2_BashCommand 2024-04-30T16:11:03.994995+00:00 [running]> on host c6f0c13ba6da
[2024-04-30 16:11:39,677] {taskinstance.py:1283} INFO - Exporting the following env vars:
AIRFLOW_CTX_DAG_OWNER=airflow
AIRFLOW_CTX_DAG_ID=json_file
AIRFLOW_CTX_TASK_ID=step2_BashCommand
AIRFLOW_CTX_EXECUTION_DATE=2024-04-30T16:11:03.994995+00:00
AIRFLOW_CTX_DAG_RUN_ID=manual__2024-04-30T16:11:03.994995+00:00
[2024-04-30 16:11:39,678] {bash.py:135} INFO - Tmp dir root location: 
 /tmp
[2024-04-30 16:11:39,695] {bash.py:158} INFO - Running command: echo 'step2'
[2024-04-30 16:11:39,739] {bash.py:169} INFO - Output:
[2024-04-30 16:11:39,757] {bash.py:173} INFO - step2
[2024-04-30 16:11:39,759] {bash.py:177} INFO - Command exited with return code 0
[2024-04-30 16:11:39,820] {taskinstance.py:1192} INFO - Marking task as SUCCESS. dag_id=json_file, task_id=step2_BashCommand, execution_date=20240430T161103, start_date=20240430T161139, end_date=20240430T161139
[2024-04-30 16:11:39,897] {taskinstance.py:1246} INFO - 1 downstream tasks scheduled from follow-on schedule check
[2024-04-30 16:11:39,967] {local_task_job.py:146} INFO - Task exited with return code 0
