[2024-05-02 07:36:42,412] {taskinstance.py:877} INFO - Dependencies all met for <TaskInstance: json_file_chain.step1_JsonRead 2024-05-01T07:36:33.282126+00:00 [queued]>
[2024-05-02 07:36:42,511] {taskinstance.py:877} INFO - Dependencies all met for <TaskInstance: json_file_chain.step1_JsonRead 2024-05-01T07:36:33.282126+00:00 [queued]>
[2024-05-02 07:36:42,512] {taskinstance.py:1068} INFO - 
--------------------------------------------------------------------------------
[2024-05-02 07:36:42,513] {taskinstance.py:1069} INFO - Starting attempt 1 of 1
[2024-05-02 07:36:42,513] {taskinstance.py:1070} INFO - 
--------------------------------------------------------------------------------
[2024-05-02 07:36:42,696] {taskinstance.py:1089} INFO - Executing <Task(PythonOperator): step1_JsonRead> on 2024-05-01T07:36:33.282126+00:00
[2024-05-02 07:36:42,711] {standard_task_runner.py:52} INFO - Started process 146 to run task
[2024-05-02 07:36:42,722] {standard_task_runner.py:76} INFO - Running: ['airflow', 'tasks', 'run', 'json_file_chain', 'step1_JsonRead', '2024-05-01T07:36:33.282126+00:00', '--job-id', '14122', '--pool', 'default_pool', '--raw', '--subdir', 'DAGS_FOLDER/json_file_chain.py', '--cfg-path', '/tmp/tmpg36yk1jm', '--error-file', '/tmp/tmp0ht4o7mk']
[2024-05-02 07:36:42,725] {standard_task_runner.py:77} INFO - Job 14122: Subtask step1_JsonRead
[2024-05-02 07:36:43,720] {logging_mixin.py:104} INFO - Running <TaskInstance: json_file_chain.step1_JsonRead 2024-05-01T07:36:33.282126+00:00 [running]> on host c6f0c13ba6da
[2024-05-02 07:36:44,329] {taskinstance.py:1283} INFO - Exporting the following env vars:
AIRFLOW_CTX_DAG_OWNER=airflow
AIRFLOW_CTX_DAG_ID=json_file_chain
AIRFLOW_CTX_TASK_ID=step1_JsonRead
AIRFLOW_CTX_EXECUTION_DATE=2024-05-01T07:36:33.282126+00:00
AIRFLOW_CTX_DAG_RUN_ID=scheduled__2024-05-01T07:36:33.282126+00:00
[2024-05-02 07:36:44,351] {python.py:118} INFO - Done. Returned value was: echo 'step1'
[2024-05-02 07:36:44,537] {taskinstance.py:1192} INFO - Marking task as SUCCESS. dag_id=json_file_chain, task_id=step1_JsonRead, execution_date=20240501T073633, start_date=20240502T073642, end_date=20240502T073644
[2024-05-02 07:36:44,678] {taskinstance.py:1246} INFO - 1 downstream tasks scheduled from follow-on schedule check
[2024-05-02 07:36:44,773] {local_task_job.py:146} INFO - Task exited with return code 0
