[2024-04-25 20:55:40,676] {taskinstance.py:877} INFO - Dependencies all met for <TaskInstance: json_file.step2_JsonRead 2024-04-24T17:34:06.305463+00:00 [queued]>
[2024-04-25 20:55:40,793] {taskinstance.py:877} INFO - Dependencies all met for <TaskInstance: json_file.step2_JsonRead 2024-04-24T17:34:06.305463+00:00 [queued]>
[2024-04-25 20:55:40,803] {taskinstance.py:1068} INFO - 
--------------------------------------------------------------------------------
[2024-04-25 20:55:40,806] {taskinstance.py:1069} INFO - Starting attempt 1 of 1
[2024-04-25 20:55:40,819] {taskinstance.py:1070} INFO - 
--------------------------------------------------------------------------------
[2024-04-25 20:55:41,006] {taskinstance.py:1089} INFO - Executing <Task(PythonOperator): step2_JsonRead> on 2024-04-24T17:34:06.305463+00:00
[2024-04-25 20:55:41,104] {standard_task_runner.py:52} INFO - Started process 497 to run task
[2024-04-25 20:55:41,586] {standard_task_runner.py:76} INFO - Running: ['airflow', 'tasks', 'run', 'json_file', 'step2_JsonRead', '2024-04-24T17:34:06.305463+00:00', '--job-id', '14019', '--pool', 'default_pool', '--raw', '--subdir', 'DAGS_FOLDER/json_file.py', '--cfg-path', '/tmp/tmpo_75nz9h', '--error-file', '/tmp/tmpcrxvnwjm']
[2024-04-25 20:55:41,618] {standard_task_runner.py:77} INFO - Job 14019: Subtask step2_JsonRead
[2024-04-25 20:55:43,251] {logging_mixin.py:104} INFO - Running <TaskInstance: json_file.step2_JsonRead 2024-04-24T17:34:06.305463+00:00 [running]> on host c6f0c13ba6da
[2024-04-25 20:55:44,151] {taskinstance.py:1283} INFO - Exporting the following env vars:
AIRFLOW_CTX_DAG_OWNER=airflow
AIRFLOW_CTX_DAG_ID=json_file
AIRFLOW_CTX_TASK_ID=step2_JsonRead
AIRFLOW_CTX_EXECUTION_DATE=2024-04-24T17:34:06.305463+00:00
AIRFLOW_CTX_DAG_RUN_ID=scheduled__2024-04-24T17:34:06.305463+00:00
[2024-04-25 20:55:44,206] {python.py:118} INFO - Done. Returned value was: echo 'step2'
[2024-04-25 20:55:44,585] {taskinstance.py:1192} INFO - Marking task as SUCCESS. dag_id=json_file, task_id=step2_JsonRead, execution_date=20240424T173406, start_date=20240425T205540, end_date=20240425T205544
[2024-04-25 20:55:48,254] {local_task_job.py:188} WARNING - State of this instance has been externally set to success. Terminating instance.
[2024-04-25 20:55:48,343] {process_utils.py:100} INFO - Sending Signals.SIGTERM to GPID 497
[2024-04-25 20:56:08,306] {taskinstance.py:1265} ERROR - Received SIGTERM. Terminating subprocesses.
[2024-04-25 20:56:08,561] {process_utils.py:66} INFO - Process psutil.Process(pid=497, status='terminated', exitcode=1, started='20:55:40') (497) terminated with exit code 1
