[2024-05-02 10:22:26,887] {taskinstance.py:877} INFO - Dependencies all met for <TaskInstance: json_file_chain.step1_JsonRead 2024-05-02T10:22:24.896613+00:00 [queued]>
[2024-05-02 10:22:26,907] {taskinstance.py:877} INFO - Dependencies all met for <TaskInstance: json_file_chain.step1_JsonRead 2024-05-02T10:22:24.896613+00:00 [queued]>
[2024-05-02 10:22:26,908] {taskinstance.py:1068} INFO - 
--------------------------------------------------------------------------------
[2024-05-02 10:22:26,908] {taskinstance.py:1069} INFO - Starting attempt 1 of 1
[2024-05-02 10:22:26,908] {taskinstance.py:1070} INFO - 
--------------------------------------------------------------------------------
[2024-05-02 10:22:26,922] {taskinstance.py:1089} INFO - Executing <Task(PythonOperator): step1_JsonRead> on 2024-05-02T10:22:24.896613+00:00
[2024-05-02 10:22:26,931] {standard_task_runner.py:76} INFO - Running: ['airflow', 'tasks', 'run', 'json_file_chain', 'step1_JsonRead', '2024-05-02T10:22:24.896613+00:00', '--job-id', '14170', '--pool', 'default_pool', '--raw', '--subdir', 'DAGS_FOLDER/json_file_chain.py', '--cfg-path', '/tmp/tmpj4_s0huz', '--error-file', '/tmp/tmpwjjgje30']
[2024-05-02 10:22:26,932] {standard_task_runner.py:77} INFO - Job 14170: Subtask step1_JsonRead
[2024-05-02 10:22:26,927] {standard_task_runner.py:52} INFO - Started process 254 to run task
[2024-05-02 10:22:26,998] {logging_mixin.py:104} INFO - Running <TaskInstance: json_file_chain.step1_JsonRead 2024-05-02T10:22:24.896613+00:00 [running]> on host c6f0c13ba6da
[2024-05-02 10:22:27,061] {taskinstance.py:1283} INFO - Exporting the following env vars:
AIRFLOW_CTX_DAG_OWNER=airflow
AIRFLOW_CTX_DAG_ID=json_file_chain
AIRFLOW_CTX_TASK_ID=step1_JsonRead
AIRFLOW_CTX_EXECUTION_DATE=2024-05-02T10:22:24.896613+00:00
AIRFLOW_CTX_DAG_RUN_ID=manual__2024-05-02T10:22:24.896613+00:00
[2024-05-02 10:22:27,064] {python.py:118} INFO - Done. Returned value was: echo 'step1'
[2024-05-02 10:22:27,098] {taskinstance.py:1192} INFO - Marking task as SUCCESS. dag_id=json_file_chain, task_id=step1_JsonRead, execution_date=20240502T102224, start_date=20240502T102226, end_date=20240502T102227
[2024-05-02 10:22:27,136] {taskinstance.py:1246} INFO - 1 downstream tasks scheduled from follow-on schedule check
[2024-05-02 10:22:27,154] {local_task_job.py:146} INFO - Task exited with return code 0
