[2024-05-02 10:38:01,919] {taskinstance.py:877} INFO - Dependencies all met for <TaskInstance: json_file.step1_Decidewhichtask 2024-05-02T10:37:55.365221+00:00 [queued]>
[2024-05-02 10:38:01,954] {taskinstance.py:877} INFO - Dependencies all met for <TaskInstance: json_file.step1_Decidewhichtask 2024-05-02T10:37:55.365221+00:00 [queued]>
[2024-05-02 10:38:01,954] {taskinstance.py:1068} INFO - 
--------------------------------------------------------------------------------
[2024-05-02 10:38:01,954] {taskinstance.py:1069} INFO - Starting attempt 1 of 1
[2024-05-02 10:38:01,955] {taskinstance.py:1070} INFO - 
--------------------------------------------------------------------------------
[2024-05-02 10:38:01,966] {taskinstance.py:1089} INFO - Executing <Task(BranchPythonOperator): step1_Decidewhichtask> on 2024-05-02T10:37:55.365221+00:00
[2024-05-02 10:38:01,973] {standard_task_runner.py:52} INFO - Started process 308 to run task
[2024-05-02 10:38:01,977] {standard_task_runner.py:76} INFO - Running: ['airflow', 'tasks', 'run', 'json_file', 'step1_Decidewhichtask', '2024-05-02T10:37:55.365221+00:00', '--job-id', '14193', '--pool', 'default_pool', '--raw', '--subdir', 'DAGS_FOLDER/json_file.py', '--cfg-path', '/tmp/tmpgv7_q5va', '--error-file', '/tmp/tmpns385t6_']
[2024-05-02 10:38:01,979] {standard_task_runner.py:77} INFO - Job 14193: Subtask step1_Decidewhichtask
[2024-05-02 10:38:02,029] {logging_mixin.py:104} INFO - Running <TaskInstance: json_file.step1_Decidewhichtask 2024-05-02T10:37:55.365221+00:00 [running]> on host c6f0c13ba6da
[2024-05-02 10:38:02,077] {taskinstance.py:1283} INFO - Exporting the following env vars:
AIRFLOW_CTX_DAG_OWNER=airflow
AIRFLOW_CTX_DAG_ID=json_file
AIRFLOW_CTX_TASK_ID=step1_Decidewhichtask
AIRFLOW_CTX_EXECUTION_DATE=2024-05-02T10:37:55.365221+00:00
AIRFLOW_CTX_DAG_RUN_ID=manual__2024-05-02T10:37:55.365221+00:00
[2024-05-02 10:38:02,089] {python.py:118} INFO - Done. Returned value was: step1_dummy_dispari
[2024-05-02 10:38:02,089] {skipmixin.py:124} INFO - Following branch step1_dummy_dispari
[2024-05-02 10:38:02,099] {skipmixin.py:155} INFO - Skipping tasks ['step1_dummy_pari']
[2024-05-02 10:38:02,174] {taskinstance.py:1192} INFO - Marking task as SUCCESS. dag_id=json_file, task_id=step1_Decidewhichtask, execution_date=20240502T103755, start_date=20240502T103801, end_date=20240502T103802
[2024-05-02 10:38:02,233] {taskinstance.py:1246} INFO - 1 downstream tasks scheduled from follow-on schedule check
[2024-05-02 10:38:02,272] {local_task_job.py:146} INFO - Task exited with return code 0
