[2024-05-02 11:05:24,151] {taskinstance.py:877} INFO - Dependencies all met for <TaskInstance: json_file.step1_Decidewhichtask 2024-05-02T11:05:16.753874+00:00 [queued]>
[2024-05-02 11:05:24,185] {taskinstance.py:877} INFO - Dependencies all met for <TaskInstance: json_file.step1_Decidewhichtask 2024-05-02T11:05:16.753874+00:00 [queued]>
[2024-05-02 11:05:24,186] {taskinstance.py:1068} INFO - 
--------------------------------------------------------------------------------
[2024-05-02 11:05:24,186] {taskinstance.py:1069} INFO - Starting attempt 1 of 1
[2024-05-02 11:05:24,187] {taskinstance.py:1070} INFO - 
--------------------------------------------------------------------------------
[2024-05-02 11:05:24,208] {taskinstance.py:1089} INFO - Executing <Task(BranchPythonOperator): step1_Decidewhichtask> on 2024-05-02T11:05:16.753874+00:00
[2024-05-02 11:05:24,226] {standard_task_runner.py:76} INFO - Running: ['airflow', 'tasks', 'run', 'json_file', 'step1_Decidewhichtask', '2024-05-02T11:05:16.753874+00:00', '--job-id', '14230', '--pool', 'default_pool', '--raw', '--subdir', 'DAGS_FOLDER/json_file.py', '--cfg-path', '/tmp/tmp7l_fef47', '--error-file', '/tmp/tmpsg93if7e']
[2024-05-02 11:05:24,216] {standard_task_runner.py:52} INFO - Started process 397 to run task
[2024-05-02 11:05:24,229] {standard_task_runner.py:77} INFO - Job 14230: Subtask step1_Decidewhichtask
[2024-05-02 11:05:24,391] {logging_mixin.py:104} INFO - Running <TaskInstance: json_file.step1_Decidewhichtask 2024-05-02T11:05:16.753874+00:00 [running]> on host c6f0c13ba6da
[2024-05-02 11:05:24,481] {taskinstance.py:1283} INFO - Exporting the following env vars:
AIRFLOW_CTX_DAG_OWNER=airflow
AIRFLOW_CTX_DAG_ID=json_file
AIRFLOW_CTX_TASK_ID=step1_Decidewhichtask
AIRFLOW_CTX_EXECUTION_DATE=2024-05-02T11:05:16.753874+00:00
AIRFLOW_CTX_DAG_RUN_ID=manual__2024-05-02T11:05:16.753874+00:00
[2024-05-02 11:05:24,496] {python.py:118} INFO - Done. Returned value was: step1_dummy_dispari
[2024-05-02 11:05:24,498] {skipmixin.py:124} INFO - Following branch step1_dummy_dispari
[2024-05-02 11:05:24,526] {skipmixin.py:155} INFO - Skipping tasks ['step1_dummy_pari']
[2024-05-02 11:05:24,704] {taskinstance.py:1192} INFO - Marking task as SUCCESS. dag_id=json_file, task_id=step1_Decidewhichtask, execution_date=20240502T110516, start_date=20240502T110524, end_date=20240502T110524
[2024-05-02 11:05:24,796] {taskinstance.py:1246} INFO - 1 downstream tasks scheduled from follow-on schedule check
[2024-05-02 11:05:24,852] {local_task_job.py:146} INFO - Task exited with return code 0
