[2024-04-30 16:09:50,362] {taskinstance.py:877} INFO - Dependencies all met for <TaskInstance: json_file.step2_JsonRead 2024-04-29T16:09:31.898112+00:00 [queued]>
[2024-04-30 16:09:50,466] {taskinstance.py:877} INFO - Dependencies all met for <TaskInstance: json_file.step2_JsonRead 2024-04-29T16:09:31.898112+00:00 [queued]>
[2024-04-30 16:09:50,489] {taskinstance.py:1068} INFO - 
--------------------------------------------------------------------------------
[2024-04-30 16:09:50,489] {taskinstance.py:1069} INFO - Starting attempt 1 of 1
[2024-04-30 16:09:50,490] {taskinstance.py:1070} INFO - 
--------------------------------------------------------------------------------
[2024-04-30 16:09:50,562] {taskinstance.py:1089} INFO - Executing <Task(PythonOperator): step2_JsonRead> on 2024-04-29T16:09:31.898112+00:00
[2024-04-30 16:09:50,672] {standard_task_runner.py:52} INFO - Started process 57 to run task
[2024-04-30 16:09:51,045] {standard_task_runner.py:76} INFO - Running: ['airflow', 'tasks', 'run', 'json_file', 'step2_JsonRead', '2024-04-29T16:09:31.898112+00:00', '--job-id', '14085', '--pool', 'default_pool', '--raw', '--subdir', 'DAGS_FOLDER/json_file.py', '--cfg-path', '/tmp/tmpbjj9llan', '--error-file', '/tmp/tmpx68gu0pr']
[2024-04-30 16:09:51,048] {standard_task_runner.py:77} INFO - Job 14085: Subtask step2_JsonRead
[2024-04-30 16:09:52,004] {logging_mixin.py:104} INFO - Running <TaskInstance: json_file.step2_JsonRead 2024-04-29T16:09:31.898112+00:00 [running]> on host c6f0c13ba6da
[2024-04-30 16:09:52,887] {taskinstance.py:1283} INFO - Exporting the following env vars:
AIRFLOW_CTX_DAG_OWNER=airflow
AIRFLOW_CTX_DAG_ID=json_file
AIRFLOW_CTX_TASK_ID=step2_JsonRead
AIRFLOW_CTX_EXECUTION_DATE=2024-04-29T16:09:31.898112+00:00
AIRFLOW_CTX_DAG_RUN_ID=scheduled__2024-04-29T16:09:31.898112+00:00
[2024-04-30 16:09:52,907] {python.py:118} INFO - Done. Returned value was: echo 'step2'
[2024-04-30 16:09:53,214] {taskinstance.py:1192} INFO - Marking task as SUCCESS. dag_id=json_file, task_id=step2_JsonRead, execution_date=20240429T160931, start_date=20240430T160950, end_date=20240430T160953
[2024-04-30 16:09:53,496] {taskinstance.py:1246} INFO - 1 downstream tasks scheduled from follow-on schedule check
[2024-04-30 16:09:53,697] {local_task_job.py:146} INFO - Task exited with return code 0
