[2024-04-25 20:55:13,359] {scheduler_job.py:182} INFO - Started process (PID=10552) to work on /opt/airflow/dags/date&time_dag.py
[2024-04-25 20:55:13,413] {scheduler_job.py:629} INFO - Processing file /opt/airflow/dags/date&time_dag.py for tasks to queue
[2024-04-25 20:55:13,439] {logging_mixin.py:104} INFO - [2024-04-25 20:55:13,438] {dagbag.py:451} INFO - Filling up the DagBag from /opt/airflow/dags/date&time_dag.py
[2024-04-25 20:55:16,706] {scheduler_job.py:639} INFO - DAG(s) dict_keys(['datetime_dag']) retrieved from /opt/airflow/dags/date&time_dag.py
[2024-04-25 20:55:18,159] {logging_mixin.py:104} INFO - [2024-04-25 20:55:18,159] {dag.py:1824} INFO - Sync 1 DAGs
[2024-04-25 20:55:18,474] {logging_mixin.py:104} INFO - [2024-04-25 20:55:18,474] {dag.py:2280} INFO - Setting next_dagrun for datetime_dag to 2024-04-24 20:55:18.467480+00:00
[2024-04-25 20:55:18,748] {scheduler_job.py:190} INFO - Processing /opt/airflow/dags/date&time_dag.py took 7.103 seconds
[2024-04-25 20:55:58,858] {scheduler_job.py:182} INFO - Started process (PID=10576) to work on /opt/airflow/dags/date&time_dag.py
[2024-04-25 20:55:59,134] {scheduler_job.py:629} INFO - Processing file /opt/airflow/dags/date&time_dag.py for tasks to queue
[2024-04-25 20:55:59,472] {logging_mixin.py:104} INFO - [2024-04-25 20:55:59,425] {dagbag.py:451} INFO - Filling up the DagBag from /opt/airflow/dags/date&time_dag.py
[2024-04-25 20:56:01,462] {scheduler_job.py:639} INFO - DAG(s) dict_keys(['datetime_dag']) retrieved from /opt/airflow/dags/date&time_dag.py
[2024-04-25 20:56:01,940] {logging_mixin.py:104} INFO - [2024-04-25 20:56:01,938] {dag.py:1824} INFO - Sync 1 DAGs
[2024-04-25 20:56:04,057] {logging_mixin.py:104} INFO - [2024-04-25 20:56:04,057] {dag.py:2280} INFO - Setting next_dagrun for datetime_dag to 2024-04-24 20:56:04.056873+00:00
[2024-04-25 20:56:04,306] {scheduler_job.py:190} INFO - Processing /opt/airflow/dags/date&time_dag.py took 5.469 seconds
[2024-04-25 20:56:34,755] {scheduler_job.py:182} INFO - Started process (PID=10620) to work on /opt/airflow/dags/date&time_dag.py
[2024-04-25 20:56:34,763] {scheduler_job.py:629} INFO - Processing file /opt/airflow/dags/date&time_dag.py for tasks to queue
[2024-04-25 20:56:34,779] {logging_mixin.py:104} INFO - [2024-04-25 20:56:34,779] {dagbag.py:451} INFO - Filling up the DagBag from /opt/airflow/dags/date&time_dag.py
[2024-04-25 20:56:35,054] {scheduler_job.py:639} INFO - DAG(s) dict_keys(['datetime_dag']) retrieved from /opt/airflow/dags/date&time_dag.py
[2024-04-25 20:56:35,123] {logging_mixin.py:104} INFO - [2024-04-25 20:56:35,123] {dag.py:1824} INFO - Sync 1 DAGs
[2024-04-25 20:56:35,164] {logging_mixin.py:104} INFO - [2024-04-25 20:56:35,164] {dag.py:2280} INFO - Setting next_dagrun for datetime_dag to 2024-04-24 20:56:35.164390+00:00
[2024-04-25 20:56:35,192] {scheduler_job.py:190} INFO - Processing /opt/airflow/dags/date&time_dag.py took 0.443 seconds
