[2024-04-25 20:55:20,331] {scheduler_job.py:182} INFO - Started process (PID=10554) to work on /opt/airflow/dags/input_json.py
[2024-04-25 20:55:20,342] {scheduler_job.py:629} INFO - Processing file /opt/airflow/dags/input_json.py for tasks to queue
[2024-04-25 20:55:20,373] {logging_mixin.py:104} INFO - [2024-04-25 20:55:20,373] {dagbag.py:451} INFO - Filling up the DagBag from /opt/airflow/dags/input_json.py
[2024-04-25 20:55:28,791] {scheduler_job.py:639} INFO - DAG(s) dict_keys(['input_json']) retrieved from /opt/airflow/dags/input_json.py
[2024-04-25 20:55:30,577] {logging_mixin.py:104} INFO - [2024-04-25 20:55:30,576] {dag.py:1824} INFO - Sync 1 DAGs
[2024-04-25 20:55:30,893] {logging_mixin.py:104} INFO - [2024-04-25 20:55:30,893] {dag.py:2280} INFO - Setting next_dagrun for input_json to 2024-04-24 00:00:00+00:00
[2024-04-25 20:55:31,237] {scheduler_job.py:190} INFO - Processing /opt/airflow/dags/input_json.py took 11.358 seconds
[2024-04-25 20:56:07,817] {scheduler_job.py:182} INFO - Started process (PID=10586) to work on /opt/airflow/dags/input_json.py
[2024-04-25 20:56:07,848] {scheduler_job.py:629} INFO - Processing file /opt/airflow/dags/input_json.py for tasks to queue
[2024-04-25 20:56:07,852] {logging_mixin.py:104} INFO - [2024-04-25 20:56:07,852] {dagbag.py:451} INFO - Filling up the DagBag from /opt/airflow/dags/input_json.py
[2024-04-25 20:56:07,997] {scheduler_job.py:639} INFO - DAG(s) dict_keys(['input_json']) retrieved from /opt/airflow/dags/input_json.py
[2024-04-25 20:56:08,138] {logging_mixin.py:104} INFO - [2024-04-25 20:56:08,138] {dag.py:1824} INFO - Sync 1 DAGs
[2024-04-25 20:56:08,271] {logging_mixin.py:104} INFO - [2024-04-25 20:56:08,271] {dag.py:2280} INFO - Setting next_dagrun for input_json to 2024-04-24 00:00:00+00:00
[2024-04-25 20:56:08,396] {scheduler_job.py:190} INFO - Processing /opt/airflow/dags/input_json.py took 0.586 seconds
[2024-04-25 20:56:39,040] {scheduler_job.py:182} INFO - Started process (PID=10629) to work on /opt/airflow/dags/input_json.py
[2024-04-25 20:56:39,057] {scheduler_job.py:629} INFO - Processing file /opt/airflow/dags/input_json.py for tasks to queue
[2024-04-25 20:56:39,067] {logging_mixin.py:104} INFO - [2024-04-25 20:56:39,067] {dagbag.py:451} INFO - Filling up the DagBag from /opt/airflow/dags/input_json.py
[2024-04-25 20:56:39,410] {scheduler_job.py:639} INFO - DAG(s) dict_keys(['input_json']) retrieved from /opt/airflow/dags/input_json.py
[2024-04-25 20:56:39,491] {logging_mixin.py:104} INFO - [2024-04-25 20:56:39,487] {dag.py:1824} INFO - Sync 1 DAGs
[2024-04-25 20:56:39,572] {logging_mixin.py:104} INFO - [2024-04-25 20:56:39,572] {dag.py:2280} INFO - Setting next_dagrun for input_json to 2024-04-24 00:00:00+00:00
[2024-04-25 20:56:39,605] {scheduler_job.py:190} INFO - Processing /opt/airflow/dags/input_json.py took 0.582 seconds
