[2024-04-25 20:54:03,669] {scheduler_job.py:182} INFO - Started process (PID=10524) to work on /opt/airflow/dags/json_file.py
[2024-04-25 20:54:03,808] {scheduler_job.py:629} INFO - Processing file /opt/airflow/dags/json_file.py for tasks to queue
[2024-04-25 20:54:03,859] {logging_mixin.py:104} INFO - [2024-04-25 20:54:03,859] {dagbag.py:451} INFO - Filling up the DagBag from /opt/airflow/dags/json_file.py
[2024-04-25 20:54:04,936] {scheduler_job.py:639} INFO - DAG(s) dict_keys(['json_file']) retrieved from /opt/airflow/dags/json_file.py
[2024-04-25 20:54:05,175] {logging_mixin.py:104} INFO - [2024-04-25 20:54:05,175] {dag.py:1824} INFO - Sync 1 DAGs
[2024-04-25 20:54:11,101] {logging_mixin.py:104} INFO - [2024-04-25 20:54:11,101] {dag.py:2280} INFO - Setting next_dagrun for json_file to 2024-04-25 17:34:06.305463+00:00
[2024-04-25 20:54:11,732] {scheduler_job.py:190} INFO - Processing /opt/airflow/dags/json_file.py took 8.249 seconds
[2024-04-25 20:55:14,223] {scheduler_job.py:182} INFO - Started process (PID=10551) to work on /opt/airflow/dags/json_file.py
[2024-04-25 20:55:14,282] {scheduler_job.py:629} INFO - Processing file /opt/airflow/dags/json_file.py for tasks to queue
[2024-04-25 20:55:14,531] {logging_mixin.py:104} INFO - [2024-04-25 20:55:14,399] {dagbag.py:451} INFO - Filling up the DagBag from /opt/airflow/dags/json_file.py
[2024-04-25 20:55:18,544] {scheduler_job.py:639} INFO - DAG(s) dict_keys(['json_file']) retrieved from /opt/airflow/dags/json_file.py
[2024-04-25 20:55:18,894] {logging_mixin.py:104} INFO - [2024-04-25 20:55:18,894] {dag.py:1824} INFO - Sync 1 DAGs
[2024-04-25 20:55:19,104] {logging_mixin.py:104} INFO - [2024-04-25 20:55:19,104] {dag.py:2280} INFO - Setting next_dagrun for json_file to 2024-04-25 17:34:06.305463+00:00
[2024-04-25 20:55:19,322] {scheduler_job.py:190} INFO - Processing /opt/airflow/dags/json_file.py took 8.612 seconds
[2024-04-25 20:56:06,991] {scheduler_job.py:182} INFO - Started process (PID=10584) to work on /opt/airflow/dags/json_file.py
[2024-04-25 20:56:07,011] {scheduler_job.py:629} INFO - Processing file /opt/airflow/dags/json_file.py for tasks to queue
[2024-04-25 20:56:07,016] {logging_mixin.py:104} INFO - [2024-04-25 20:56:07,015] {dagbag.py:451} INFO - Filling up the DagBag from /opt/airflow/dags/json_file.py
[2024-04-25 20:56:07,426] {scheduler_job.py:639} INFO - DAG(s) dict_keys(['json_file']) retrieved from /opt/airflow/dags/json_file.py
[2024-04-25 20:56:07,510] {logging_mixin.py:104} INFO - [2024-04-25 20:56:07,510] {dag.py:1824} INFO - Sync 1 DAGs
[2024-04-25 20:56:07,605] {logging_mixin.py:104} INFO - [2024-04-25 20:56:07,605] {dag.py:2280} INFO - Setting next_dagrun for json_file to 2024-04-25 17:34:06.305463+00:00
[2024-04-25 20:56:07,671] {scheduler_job.py:190} INFO - Processing /opt/airflow/dags/json_file.py took 0.698 seconds
[2024-04-25 20:56:38,535] {scheduler_job.py:182} INFO - Started process (PID=10627) to work on /opt/airflow/dags/json_file.py
[2024-04-25 20:56:38,555] {scheduler_job.py:629} INFO - Processing file /opt/airflow/dags/json_file.py for tasks to queue
[2024-04-25 20:56:38,557] {logging_mixin.py:104} INFO - [2024-04-25 20:56:38,557] {dagbag.py:451} INFO - Filling up the DagBag from /opt/airflow/dags/json_file.py
[2024-04-25 20:56:38,780] {scheduler_job.py:639} INFO - DAG(s) dict_keys(['json_file']) retrieved from /opt/airflow/dags/json_file.py
[2024-04-25 20:56:38,900] {logging_mixin.py:104} INFO - [2024-04-25 20:56:38,900] {dag.py:1824} INFO - Sync 1 DAGs
[2024-04-25 20:56:38,971] {logging_mixin.py:104} INFO - [2024-04-25 20:56:38,971] {dag.py:2280} INFO - Setting next_dagrun for json_file to 2024-04-25 17:34:06.305463+00:00
[2024-04-25 20:56:39,035] {scheduler_job.py:190} INFO - Processing /opt/airflow/dags/json_file.py took 0.518 seconds
