[2024-04-25 20:55:40,487] {scheduler_job.py:182} INFO - Started process (PID=10564) to work on /opt/airflow/dags/second_dag_example.py
[2024-04-25 20:55:40,491] {scheduler_job.py:629} INFO - Processing file /opt/airflow/dags/second_dag_example.py for tasks to queue
[2024-04-25 20:55:40,494] {logging_mixin.py:104} INFO - [2024-04-25 20:55:40,494] {dagbag.py:451} INFO - Filling up the DagBag from /opt/airflow/dags/second_dag_example.py
[2024-04-25 20:55:40,824] {scheduler_job.py:639} INFO - DAG(s) dict_keys(['second_dag_example']) retrieved from /opt/airflow/dags/second_dag_example.py
[2024-04-25 20:55:41,040] {logging_mixin.py:104} INFO - [2024-04-25 20:55:41,040] {dag.py:1824} INFO - Sync 1 DAGs
[2024-04-25 20:55:41,662] {logging_mixin.py:104} INFO - [2024-04-25 20:55:41,662] {dag.py:2280} INFO - Setting next_dagrun for second_dag_example to 2024-04-11 00:00:00+00:00
[2024-04-25 20:55:42,218] {scheduler_job.py:190} INFO - Processing /opt/airflow/dags/second_dag_example.py took 1.768 seconds
[2024-04-25 20:56:13,545] {scheduler_job.py:182} INFO - Started process (PID=10600) to work on /opt/airflow/dags/second_dag_example.py
[2024-04-25 20:56:13,555] {scheduler_job.py:629} INFO - Processing file /opt/airflow/dags/second_dag_example.py for tasks to queue
[2024-04-25 20:56:13,558] {logging_mixin.py:104} INFO - [2024-04-25 20:56:13,558] {dagbag.py:451} INFO - Filling up the DagBag from /opt/airflow/dags/second_dag_example.py
[2024-04-25 20:56:13,773] {scheduler_job.py:639} INFO - DAG(s) dict_keys(['second_dag_example']) retrieved from /opt/airflow/dags/second_dag_example.py
[2024-04-25 20:56:13,844] {logging_mixin.py:104} INFO - [2024-04-25 20:56:13,844] {dag.py:1824} INFO - Sync 1 DAGs
[2024-04-25 20:56:13,959] {logging_mixin.py:104} INFO - [2024-04-25 20:56:13,958] {dag.py:2280} INFO - Setting next_dagrun for second_dag_example to 2024-04-11 00:00:00+00:00
[2024-04-25 20:56:13,991] {scheduler_job.py:190} INFO - Processing /opt/airflow/dags/second_dag_example.py took 0.477 seconds
[2024-04-25 20:56:45,116] {scheduler_job.py:182} INFO - Started process (PID=10638) to work on /opt/airflow/dags/second_dag_example.py
[2024-04-25 20:56:45,133] {scheduler_job.py:629} INFO - Processing file /opt/airflow/dags/second_dag_example.py for tasks to queue
[2024-04-25 20:56:45,137] {logging_mixin.py:104} INFO - [2024-04-25 20:56:45,136] {dagbag.py:451} INFO - Filling up the DagBag from /opt/airflow/dags/second_dag_example.py
[2024-04-25 20:56:45,394] {scheduler_job.py:639} INFO - DAG(s) dict_keys(['second_dag_example']) retrieved from /opt/airflow/dags/second_dag_example.py
[2024-04-25 20:56:45,586] {logging_mixin.py:104} INFO - [2024-04-25 20:56:45,586] {dag.py:1824} INFO - Sync 1 DAGs
[2024-04-25 20:56:46,403] {logging_mixin.py:104} INFO - [2024-04-25 20:56:46,396] {dag.py:2280} INFO - Setting next_dagrun for second_dag_example to 2024-04-11 00:00:00+00:00
[2024-04-25 20:56:46,568] {scheduler_job.py:190} INFO - Processing /opt/airflow/dags/second_dag_example.py took 1.459 seconds
