[2024-04-25 20:55:46,827] {scheduler_job.py:182} INFO - Started process (PID=10570) to work on /opt/airflow/dags/third_dag_example.py
[2024-04-25 20:55:46,855] {scheduler_job.py:629} INFO - Processing file /opt/airflow/dags/third_dag_example.py for tasks to queue
[2024-04-25 20:55:46,860] {logging_mixin.py:104} INFO - [2024-04-25 20:55:46,860] {dagbag.py:451} INFO - Filling up the DagBag from /opt/airflow/dags/third_dag_example.py
[2024-04-25 20:55:47,745] {scheduler_job.py:639} INFO - DAG(s) dict_keys(['third_dag_example']) retrieved from /opt/airflow/dags/third_dag_example.py
[2024-04-25 20:55:48,036] {logging_mixin.py:104} INFO - [2024-04-25 20:55:48,036] {dag.py:1824} INFO - Sync 1 DAGs
[2024-04-25 20:55:48,364] {logging_mixin.py:104} INFO - [2024-04-25 20:55:48,363] {dag.py:2280} INFO - Setting next_dagrun for third_dag_example to 2024-03-21 00:00:00+00:00
[2024-04-25 20:55:48,627] {scheduler_job.py:190} INFO - Processing /opt/airflow/dags/third_dag_example.py took 1.846 seconds
[2024-04-25 20:56:18,915] {scheduler_job.py:182} INFO - Started process (PID=10609) to work on /opt/airflow/dags/third_dag_example.py
[2024-04-25 20:56:18,925] {scheduler_job.py:629} INFO - Processing file /opt/airflow/dags/third_dag_example.py for tasks to queue
[2024-04-25 20:56:18,933] {logging_mixin.py:104} INFO - [2024-04-25 20:56:18,932] {dagbag.py:451} INFO - Filling up the DagBag from /opt/airflow/dags/third_dag_example.py
[2024-04-25 20:56:19,409] {scheduler_job.py:639} INFO - DAG(s) dict_keys(['third_dag_example']) retrieved from /opt/airflow/dags/third_dag_example.py
[2024-04-25 20:56:19,511] {logging_mixin.py:104} INFO - [2024-04-25 20:56:19,511] {dag.py:1824} INFO - Sync 1 DAGs
[2024-04-25 20:56:19,615] {logging_mixin.py:104} INFO - [2024-04-25 20:56:19,615] {dag.py:2280} INFO - Setting next_dagrun for third_dag_example to 2024-03-21 00:00:00+00:00
[2024-04-25 20:56:19,811] {scheduler_job.py:190} INFO - Processing /opt/airflow/dags/third_dag_example.py took 0.932 seconds
[2024-04-25 20:56:51,770] {scheduler_job.py:182} INFO - Started process (PID=10647) to work on /opt/airflow/dags/third_dag_example.py
[2024-04-25 20:56:51,799] {scheduler_job.py:629} INFO - Processing file /opt/airflow/dags/third_dag_example.py for tasks to queue
[2024-04-25 20:56:51,815] {logging_mixin.py:104} INFO - [2024-04-25 20:56:51,815] {dagbag.py:451} INFO - Filling up the DagBag from /opt/airflow/dags/third_dag_example.py
[2024-04-25 20:56:52,572] {scheduler_job.py:639} INFO - DAG(s) dict_keys(['third_dag_example']) retrieved from /opt/airflow/dags/third_dag_example.py
[2024-04-25 20:56:52,927] {logging_mixin.py:104} INFO - [2024-04-25 20:56:52,927] {dag.py:1824} INFO - Sync 1 DAGs
[2024-04-25 20:56:53,086] {logging_mixin.py:104} INFO - [2024-04-25 20:56:53,086] {dag.py:2280} INFO - Setting next_dagrun for third_dag_example to 2024-03-21 00:00:00+00:00
[2024-04-25 20:56:53,811] {scheduler_job.py:190} INFO - Processing /opt/airflow/dags/third_dag_example.py took 2.060 seconds
