[2024-04-25 20:56:30,151] {taskinstance.py:877} INFO - Dependencies all met for <TaskInstance: json_file.step3_Decidewhichtask 2024-04-24T17:34:06.305463+00:00 [queued]>
[2024-04-25 20:56:30,299] {taskinstance.py:877} INFO - Dependencies all met for <TaskInstance: json_file.step3_Decidewhichtask 2024-04-24T17:34:06.305463+00:00 [queued]>
[2024-04-25 20:56:30,314] {taskinstance.py:1068} INFO - 
--------------------------------------------------------------------------------
[2024-04-25 20:56:30,326] {taskinstance.py:1069} INFO - Starting attempt 1 of 1
[2024-04-25 20:56:30,340] {taskinstance.py:1070} INFO - 
--------------------------------------------------------------------------------
[2024-04-25 20:56:30,465] {taskinstance.py:1089} INFO - Executing <Task(BranchPythonOperator): step3_Decidewhichtask> on 2024-04-24T17:34:06.305463+00:00
[2024-04-25 20:56:30,500] {standard_task_runner.py:52} INFO - Started process 513 to run task
[2024-04-25 20:56:30,523] {standard_task_runner.py:76} INFO - Running: ['airflow', 'tasks', 'run', 'json_file', 'step3_Decidewhichtask', '2024-04-24T17:34:06.305463+00:00', '--job-id', '14026', '--pool', 'default_pool', '--raw', '--subdir', 'DAGS_FOLDER/json_file.py', '--cfg-path', '/tmp/tmp1t4sb160', '--error-file', '/tmp/tmpoxbrzrr0']
[2024-04-25 20:56:30,558] {standard_task_runner.py:77} INFO - Job 14026: Subtask step3_Decidewhichtask
[2024-04-25 20:56:31,477] {logging_mixin.py:104} INFO - Running <TaskInstance: json_file.step3_Decidewhichtask 2024-04-24T17:34:06.305463+00:00 [running]> on host c6f0c13ba6da
[2024-04-25 20:56:32,063] {taskinstance.py:1283} INFO - Exporting the following env vars:
AIRFLOW_CTX_DAG_OWNER=airflow
AIRFLOW_CTX_DAG_ID=json_file
AIRFLOW_CTX_TASK_ID=step3_Decidewhichtask
AIRFLOW_CTX_EXECUTION_DATE=2024-04-24T17:34:06.305463+00:00
AIRFLOW_CTX_DAG_RUN_ID=scheduled__2024-04-24T17:34:06.305463+00:00
[2024-04-25 20:56:32,274] {python.py:118} INFO - Done. Returned value was: step2_dummy_pari
[2024-04-25 20:56:32,286] {skipmixin.py:124} INFO - Following branch step2_dummy_pari
[2024-04-25 20:56:32,354] {skipmixin.py:155} INFO - Skipping tasks ['step3_dummy_pari', 'step3_dummy_dispari']
[2024-04-25 20:56:33,330] {taskinstance.py:1192} INFO - Marking task as SUCCESS. dag_id=json_file, task_id=step3_Decidewhichtask, execution_date=20240424T173406, start_date=20240425T205630, end_date=20240425T205633
[2024-04-25 20:56:33,629] {taskinstance.py:1246} INFO - 0 downstream tasks scheduled from follow-on schedule check
[2024-04-25 20:56:33,704] {local_task_job.py:146} INFO - Task exited with return code 0
