[2024-04-30 16:13:38,621] {taskinstance.py:877} INFO - Dependencies all met for <TaskInstance: json_file.step2_BashCommand 2024-04-30T16:13:32.443971+00:00 [queued]>
[2024-04-30 16:13:38,700] {taskinstance.py:877} INFO - Dependencies all met for <TaskInstance: json_file.step2_BashCommand 2024-04-30T16:13:32.443971+00:00 [queued]>
[2024-04-30 16:13:38,701] {taskinstance.py:1068} INFO - 
--------------------------------------------------------------------------------
[2024-04-30 16:13:38,701] {taskinstance.py:1069} INFO - Starting attempt 1 of 1
[2024-04-30 16:13:38,702] {taskinstance.py:1070} INFO - 
--------------------------------------------------------------------------------
[2024-04-30 16:13:38,732] {taskinstance.py:1089} INFO - Executing <Task(BashOperator): step2_BashCommand> on 2024-04-30T16:13:32.443971+00:00
[2024-04-30 16:13:38,742] {standard_task_runner.py:52} INFO - Started process 123 to run task
[2024-04-30 16:13:38,749] {standard_task_runner.py:76} INFO - Running: ['airflow', 'tasks', 'run', 'json_file', 'step2_BashCommand', '2024-04-30T16:13:32.443971+00:00', '--job-id', '14114', '--pool', 'default_pool', '--raw', '--subdir', 'DAGS_FOLDER/json_file.py', '--cfg-path', '/tmp/tmpch7_cva1', '--error-file', '/tmp/tmpw95q1zoa']
[2024-04-30 16:13:38,751] {standard_task_runner.py:77} INFO - Job 14114: Subtask step2_BashCommand
[2024-04-30 16:13:38,874] {logging_mixin.py:104} INFO - Running <TaskInstance: json_file.step2_BashCommand 2024-04-30T16:13:32.443971+00:00 [running]> on host c6f0c13ba6da
[2024-04-30 16:13:39,053] {taskinstance.py:1283} INFO - Exporting the following env vars:
AIRFLOW_CTX_DAG_OWNER=airflow
AIRFLOW_CTX_DAG_ID=json_file
AIRFLOW_CTX_TASK_ID=step2_BashCommand
AIRFLOW_CTX_EXECUTION_DATE=2024-04-30T16:13:32.443971+00:00
AIRFLOW_CTX_DAG_RUN_ID=manual__2024-04-30T16:13:32.443971+00:00
[2024-04-30 16:13:39,055] {bash.py:135} INFO - Tmp dir root location: 
 /tmp
[2024-04-30 16:13:39,075] {bash.py:158} INFO - Running command: echo 'step2'
[2024-04-30 16:13:39,204] {bash.py:169} INFO - Output:
[2024-04-30 16:13:39,276] {bash.py:173} INFO - step2
[2024-04-30 16:13:39,278] {bash.py:177} INFO - Command exited with return code 0
[2024-04-30 16:13:39,346] {taskinstance.py:1192} INFO - Marking task as SUCCESS. dag_id=json_file, task_id=step2_BashCommand, execution_date=20240430T161332, start_date=20240430T161338, end_date=20240430T161339
[2024-04-30 16:13:39,491] {taskinstance.py:1246} INFO - 1 downstream tasks scheduled from follow-on schedule check
[2024-04-30 16:13:39,538] {local_task_job.py:146} INFO - Task exited with return code 0
