[2024-05-02 10:37:58,399] {taskinstance.py:877} INFO - Dependencies all met for <TaskInstance: json_file.step3_BashCommand 2024-05-02T10:37:55.365221+00:00 [queued]>
[2024-05-02 10:37:58,421] {taskinstance.py:877} INFO - Dependencies all met for <TaskInstance: json_file.step3_BashCommand 2024-05-02T10:37:55.365221+00:00 [queued]>
[2024-05-02 10:37:58,421] {taskinstance.py:1068} INFO - 
--------------------------------------------------------------------------------
[2024-05-02 10:37:58,422] {taskinstance.py:1069} INFO - Starting attempt 1 of 1
[2024-05-02 10:37:58,422] {taskinstance.py:1070} INFO - 
--------------------------------------------------------------------------------
[2024-05-02 10:37:58,437] {taskinstance.py:1089} INFO - Executing <Task(BashOperator): step3_BashCommand> on 2024-05-02T10:37:55.365221+00:00
[2024-05-02 10:37:58,445] {standard_task_runner.py:52} INFO - Started process 295 to run task
[2024-05-02 10:37:58,456] {standard_task_runner.py:76} INFO - Running: ['airflow', 'tasks', 'run', 'json_file', 'step3_BashCommand', '2024-05-02T10:37:55.365221+00:00', '--job-id', '14188', '--pool', 'default_pool', '--raw', '--subdir', 'DAGS_FOLDER/json_file.py', '--cfg-path', '/tmp/tmpe5n4nwnb', '--error-file', '/tmp/tmp19s0up9g']
[2024-05-02 10:37:58,457] {standard_task_runner.py:77} INFO - Job 14188: Subtask step3_BashCommand
[2024-05-02 10:37:58,607] {logging_mixin.py:104} INFO - Running <TaskInstance: json_file.step3_BashCommand 2024-05-02T10:37:55.365221+00:00 [running]> on host c6f0c13ba6da
[2024-05-02 10:37:58,692] {taskinstance.py:1283} INFO - Exporting the following env vars:
AIRFLOW_CTX_DAG_OWNER=airflow
AIRFLOW_CTX_DAG_ID=json_file
AIRFLOW_CTX_TASK_ID=step3_BashCommand
AIRFLOW_CTX_EXECUTION_DATE=2024-05-02T10:37:55.365221+00:00
AIRFLOW_CTX_DAG_RUN_ID=manual__2024-05-02T10:37:55.365221+00:00
[2024-05-02 10:37:58,693] {bash.py:135} INFO - Tmp dir root location: 
 /tmp
[2024-05-02 10:37:58,698] {bash.py:158} INFO - Running command: echo 'step3'
[2024-05-02 10:37:58,712] {bash.py:169} INFO - Output:
[2024-05-02 10:37:58,717] {bash.py:173} INFO - step3
[2024-05-02 10:37:58,718] {bash.py:177} INFO - Command exited with return code 0
[2024-05-02 10:37:58,750] {taskinstance.py:1192} INFO - Marking task as SUCCESS. dag_id=json_file, task_id=step3_BashCommand, execution_date=20240502T103755, start_date=20240502T103758, end_date=20240502T103758
[2024-05-02 10:37:58,782] {taskinstance.py:1246} INFO - 1 downstream tasks scheduled from follow-on schedule check
[2024-05-02 10:37:58,830] {local_task_job.py:146} INFO - Task exited with return code 0
