[2024-04-30 16:13:39,398] {taskinstance.py:877} INFO - Dependencies all met for <TaskInstance: json_file.step3_BashCommand 2024-04-30T16:13:32.443971+00:00 [queued]>
[2024-04-30 16:13:39,436] {taskinstance.py:877} INFO - Dependencies all met for <TaskInstance: json_file.step3_BashCommand 2024-04-30T16:13:32.443971+00:00 [queued]>
[2024-04-30 16:13:39,437] {taskinstance.py:1068} INFO - 
--------------------------------------------------------------------------------
[2024-04-30 16:13:39,438] {taskinstance.py:1069} INFO - Starting attempt 1 of 1
[2024-04-30 16:13:39,439] {taskinstance.py:1070} INFO - 
--------------------------------------------------------------------------------
[2024-04-30 16:13:39,471] {taskinstance.py:1089} INFO - Executing <Task(BashOperator): step3_BashCommand> on 2024-04-30T16:13:32.443971+00:00
[2024-04-30 16:13:39,486] {standard_task_runner.py:52} INFO - Started process 126 to run task
[2024-04-30 16:13:39,492] {standard_task_runner.py:76} INFO - Running: ['airflow', 'tasks', 'run', 'json_file', 'step3_BashCommand', '2024-04-30T16:13:32.443971+00:00', '--job-id', '14115', '--pool', 'default_pool', '--raw', '--subdir', 'DAGS_FOLDER/json_file.py', '--cfg-path', '/tmp/tmp6boirzd9', '--error-file', '/tmp/tmpps_uwp87']
[2024-04-30 16:13:39,500] {standard_task_runner.py:77} INFO - Job 14115: Subtask step3_BashCommand
[2024-04-30 16:13:39,661] {logging_mixin.py:104} INFO - Running <TaskInstance: json_file.step3_BashCommand 2024-04-30T16:13:32.443971+00:00 [running]> on host c6f0c13ba6da
[2024-04-30 16:13:39,817] {taskinstance.py:1283} INFO - Exporting the following env vars:
AIRFLOW_CTX_DAG_OWNER=airflow
AIRFLOW_CTX_DAG_ID=json_file
AIRFLOW_CTX_TASK_ID=step3_BashCommand
AIRFLOW_CTX_EXECUTION_DATE=2024-04-30T16:13:32.443971+00:00
AIRFLOW_CTX_DAG_RUN_ID=manual__2024-04-30T16:13:32.443971+00:00
[2024-04-30 16:13:39,818] {bash.py:135} INFO - Tmp dir root location: 
 /tmp
[2024-04-30 16:13:39,821] {bash.py:158} INFO - Running command: echo 'step3'
[2024-04-30 16:13:39,836] {bash.py:169} INFO - Output:
[2024-04-30 16:13:39,838] {bash.py:173} INFO - step3
[2024-04-30 16:13:39,839] {bash.py:177} INFO - Command exited with return code 0
[2024-04-30 16:13:39,896] {taskinstance.py:1192} INFO - Marking task as SUCCESS. dag_id=json_file, task_id=step3_BashCommand, execution_date=20240430T161332, start_date=20240430T161339, end_date=20240430T161339
[2024-04-30 16:13:39,965] {taskinstance.py:1246} INFO - 1 downstream tasks scheduled from follow-on schedule check
[2024-04-30 16:13:40,006] {local_task_job.py:146} INFO - Task exited with return code 0
