[2024-04-24 22:09:30,762] {taskinstance.py:877} INFO - Dependencies all met for <TaskInstance: json_file.step1_JsonRead 2024-04-24T22:09:28.564939+00:00 [queued]>
[2024-04-24 22:09:30,794] {taskinstance.py:877} INFO - Dependencies all met for <TaskInstance: json_file.step1_JsonRead 2024-04-24T22:09:28.564939+00:00 [queued]>
[2024-04-24 22:09:30,795] {taskinstance.py:1068} INFO - 
--------------------------------------------------------------------------------
[2024-04-24 22:09:30,796] {taskinstance.py:1069} INFO - Starting attempt 1 of 1
[2024-04-24 22:09:30,796] {taskinstance.py:1070} INFO - 
--------------------------------------------------------------------------------
[2024-04-24 22:09:30,812] {taskinstance.py:1089} INFO - Executing <Task(PythonOperator): step1_JsonRead> on 2024-04-24T22:09:28.564939+00:00
[2024-04-24 22:09:30,850] {standard_task_runner.py:76} INFO - Running: ['airflow', 'tasks', 'run', 'json_file', 'step1_JsonRead', '2024-04-24T22:09:28.564939+00:00', '--job-id', '13993', '--pool', 'default_pool', '--raw', '--subdir', 'DAGS_FOLDER/json_file.py', '--cfg-path', '/tmp/tmpimtgbnuc', '--error-file', '/tmp/tmp6ypqscl7']
[2024-04-24 22:09:30,856] {standard_task_runner.py:77} INFO - Job 13993: Subtask step1_JsonRead
[2024-04-24 22:09:30,830] {standard_task_runner.py:52} INFO - Started process 435 to run task
[2024-04-24 22:09:31,055] {logging_mixin.py:104} INFO - Running <TaskInstance: json_file.step1_JsonRead 2024-04-24T22:09:28.564939+00:00 [running]> on host c6f0c13ba6da
[2024-04-24 22:09:31,139] {taskinstance.py:1283} INFO - Exporting the following env vars:
AIRFLOW_CTX_DAG_OWNER=airflow
AIRFLOW_CTX_DAG_ID=json_file
AIRFLOW_CTX_TASK_ID=step1_JsonRead
AIRFLOW_CTX_EXECUTION_DATE=2024-04-24T22:09:28.564939+00:00
AIRFLOW_CTX_DAG_RUN_ID=manual__2024-04-24T22:09:28.564939+00:00
[2024-04-24 22:09:31,141] {python.py:118} INFO - Done. Returned value was: echo 'step1'
[2024-04-24 22:09:31,183] {taskinstance.py:1192} INFO - Marking task as SUCCESS. dag_id=json_file, task_id=step1_JsonRead, execution_date=20240424T220928, start_date=20240424T220930, end_date=20240424T220931
[2024-04-24 22:09:31,261] {taskinstance.py:1246} INFO - 1 downstream tasks scheduled from follow-on schedule check
[2024-04-24 22:09:31,300] {local_task_job.py:146} INFO - Task exited with return code 0
