[2024-04-24 22:20:28,028] {taskinstance.py:877} INFO - Dependencies all met for <TaskInstance: json_file.step3_JsonRead 2024-04-24T22:20:23.881582+00:00 [queued]>
[2024-04-24 22:20:28,095] {taskinstance.py:877} INFO - Dependencies all met for <TaskInstance: json_file.step3_JsonRead 2024-04-24T22:20:23.881582+00:00 [queued]>
[2024-04-24 22:20:28,096] {taskinstance.py:1068} INFO - 
--------------------------------------------------------------------------------
[2024-04-24 22:20:28,097] {taskinstance.py:1069} INFO - Starting attempt 1 of 1
[2024-04-24 22:20:28,098] {taskinstance.py:1070} INFO - 
--------------------------------------------------------------------------------
[2024-04-24 22:20:28,155] {taskinstance.py:1089} INFO - Executing <Task(PythonOperator): step3_JsonRead> on 2024-04-24T22:20:23.881582+00:00
[2024-04-24 22:20:28,200] {standard_task_runner.py:76} INFO - Running: ['airflow', 'tasks', 'run', 'json_file', 'step3_JsonRead', '2024-04-24T22:20:23.881582+00:00', '--job-id', '14011', '--pool', 'default_pool', '--raw', '--subdir', 'DAGS_FOLDER/json_file.py', '--cfg-path', '/tmp/tmpsy0lzqe5', '--error-file', '/tmp/tmpd2on1geu']
[2024-04-24 22:20:28,202] {standard_task_runner.py:77} INFO - Job 14011: Subtask step3_JsonRead
[2024-04-24 22:20:28,202] {standard_task_runner.py:52} INFO - Started process 477 to run task
[2024-04-24 22:20:29,470] {logging_mixin.py:104} INFO - Running <TaskInstance: json_file.step3_JsonRead 2024-04-24T22:20:23.881582+00:00 [running]> on host c6f0c13ba6da
[2024-04-24 22:20:30,275] {taskinstance.py:1283} INFO - Exporting the following env vars:
AIRFLOW_CTX_DAG_OWNER=airflow
AIRFLOW_CTX_DAG_ID=json_file
AIRFLOW_CTX_TASK_ID=step3_JsonRead
AIRFLOW_CTX_EXECUTION_DATE=2024-04-24T22:20:23.881582+00:00
AIRFLOW_CTX_DAG_RUN_ID=manual__2024-04-24T22:20:23.881582+00:00
[2024-04-24 22:20:30,279] {python.py:118} INFO - Done. Returned value was: echo 'step3'
[2024-04-24 22:20:30,569] {taskinstance.py:1192} INFO - Marking task as SUCCESS. dag_id=json_file, task_id=step3_JsonRead, execution_date=20240424T222023, start_date=20240424T222028, end_date=20240424T222030
[2024-04-24 22:20:30,787] {taskinstance.py:1246} INFO - 1 downstream tasks scheduled from follow-on schedule check
[2024-04-24 22:20:30,858] {local_task_job.py:146} INFO - Task exited with return code 0
