[2024-05-02 07:37:38,629] {taskinstance.py:877} INFO - Dependencies all met for <TaskInstance: json_file_chain.step1_BashCommand 2024-05-02T07:37:36.669532+00:00 [queued]>
[2024-05-02 07:37:38,646] {taskinstance.py:877} INFO - Dependencies all met for <TaskInstance: json_file_chain.step1_BashCommand 2024-05-02T07:37:36.669532+00:00 [queued]>
[2024-05-02 07:37:38,647] {taskinstance.py:1068} INFO - 
--------------------------------------------------------------------------------
[2024-05-02 07:37:38,647] {taskinstance.py:1069} INFO - Starting attempt 1 of 1
[2024-05-02 07:37:38,648] {taskinstance.py:1070} INFO - 
--------------------------------------------------------------------------------
[2024-05-02 07:37:38,658] {taskinstance.py:1089} INFO - Executing <Task(BashOperator): step1_BashCommand> on 2024-05-02T07:37:36.669532+00:00
[2024-05-02 07:37:38,661] {standard_task_runner.py:52} INFO - Started process 200 to run task
[2024-05-02 07:37:38,668] {standard_task_runner.py:76} INFO - Running: ['airflow', 'tasks', 'run', 'json_file_chain', 'step1_BashCommand', '2024-05-02T07:37:36.669532+00:00', '--job-id', '14147', '--pool', 'default_pool', '--raw', '--subdir', 'DAGS_FOLDER/json_file_chain.py', '--cfg-path', '/tmp/tmpeebzm_r9', '--error-file', '/tmp/tmpjmxpu0f4']
[2024-05-02 07:37:38,669] {standard_task_runner.py:77} INFO - Job 14147: Subtask step1_BashCommand
[2024-05-02 07:37:38,896] {logging_mixin.py:104} INFO - Running <TaskInstance: json_file_chain.step1_BashCommand 2024-05-02T07:37:36.669532+00:00 [running]> on host c6f0c13ba6da
[2024-05-02 07:37:39,066] {taskinstance.py:1283} INFO - Exporting the following env vars:
AIRFLOW_CTX_DAG_OWNER=airflow
AIRFLOW_CTX_DAG_ID=json_file_chain
AIRFLOW_CTX_TASK_ID=step1_BashCommand
AIRFLOW_CTX_EXECUTION_DATE=2024-05-02T07:37:36.669532+00:00
AIRFLOW_CTX_DAG_RUN_ID=manual__2024-05-02T07:37:36.669532+00:00
[2024-05-02 07:37:39,074] {bash.py:135} INFO - Tmp dir root location: 
 /tmp
[2024-05-02 07:37:39,084] {bash.py:158} INFO - Running command: echo 'step1'
[2024-05-02 07:37:39,111] {bash.py:169} INFO - Output:
[2024-05-02 07:37:39,123] {bash.py:173} INFO - step1
[2024-05-02 07:37:39,124] {bash.py:177} INFO - Command exited with return code 0
[2024-05-02 07:37:39,188] {taskinstance.py:1192} INFO - Marking task as SUCCESS. dag_id=json_file_chain, task_id=step1_BashCommand, execution_date=20240502T073736, start_date=20240502T073738, end_date=20240502T073739
[2024-05-02 07:37:39,272] {taskinstance.py:1246} INFO - 1 downstream tasks scheduled from follow-on schedule check
[2024-05-02 07:37:39,289] {local_task_job.py:146} INFO - Task exited with return code 0
