[2024-04-30 16:13:38,626] {taskinstance.py:877} INFO - Dependencies all met for <TaskInstance: json_file.step1_BashCommand 2024-04-30T16:13:32.443971+00:00 [queued]>
[2024-04-30 16:13:38,679] {taskinstance.py:877} INFO - Dependencies all met for <TaskInstance: json_file.step1_BashCommand 2024-04-30T16:13:32.443971+00:00 [queued]>
[2024-04-30 16:13:38,680] {taskinstance.py:1068} INFO - 
--------------------------------------------------------------------------------
[2024-04-30 16:13:38,682] {taskinstance.py:1069} INFO - Starting attempt 1 of 1
[2024-04-30 16:13:38,685] {taskinstance.py:1070} INFO - 
--------------------------------------------------------------------------------
[2024-04-30 16:13:38,710] {taskinstance.py:1089} INFO - Executing <Task(BashOperator): step1_BashCommand> on 2024-04-30T16:13:32.443971+00:00
[2024-04-30 16:13:38,722] {standard_task_runner.py:52} INFO - Started process 122 to run task
[2024-04-30 16:13:38,736] {standard_task_runner.py:76} INFO - Running: ['airflow', 'tasks', 'run', 'json_file', 'step1_BashCommand', '2024-04-30T16:13:32.443971+00:00', '--job-id', '14113', '--pool', 'default_pool', '--raw', '--subdir', 'DAGS_FOLDER/json_file.py', '--cfg-path', '/tmp/tmp632pjrg5', '--error-file', '/tmp/tmp476zbz30']
[2024-04-30 16:13:38,737] {standard_task_runner.py:77} INFO - Job 14113: Subtask step1_BashCommand
[2024-04-30 16:13:38,855] {logging_mixin.py:104} INFO - Running <TaskInstance: json_file.step1_BashCommand 2024-04-30T16:13:32.443971+00:00 [running]> on host c6f0c13ba6da
[2024-04-30 16:13:39,136] {taskinstance.py:1283} INFO - Exporting the following env vars:
AIRFLOW_CTX_DAG_OWNER=airflow
AIRFLOW_CTX_DAG_ID=json_file
AIRFLOW_CTX_TASK_ID=step1_BashCommand
AIRFLOW_CTX_EXECUTION_DATE=2024-04-30T16:13:32.443971+00:00
AIRFLOW_CTX_DAG_RUN_ID=manual__2024-04-30T16:13:32.443971+00:00
[2024-04-30 16:13:39,149] {bash.py:135} INFO - Tmp dir root location: 
 /tmp
[2024-04-30 16:13:39,167] {bash.py:158} INFO - Running command: echo 'step1'
[2024-04-30 16:13:39,220] {bash.py:169} INFO - Output:
[2024-04-30 16:13:39,276] {bash.py:173} INFO - step1
[2024-04-30 16:13:39,278] {bash.py:177} INFO - Command exited with return code 0
[2024-04-30 16:13:39,350] {taskinstance.py:1192} INFO - Marking task as SUCCESS. dag_id=json_file, task_id=step1_BashCommand, execution_date=20240430T161332, start_date=20240430T161338, end_date=20240430T161339
[2024-04-30 16:13:39,446] {taskinstance.py:1246} INFO - 1 downstream tasks scheduled from follow-on schedule check
[2024-04-30 16:13:39,477] {local_task_job.py:146} INFO - Task exited with return code 0
