[2024-04-26 08:27:42,167] {taskinstance.py:877} INFO - Dependencies all met for <TaskInstance: json_file.step3_JsonRead 2024-04-26T08:27:39.334658+00:00 [queued]>
[2024-04-26 08:27:42,185] {taskinstance.py:877} INFO - Dependencies all met for <TaskInstance: json_file.step3_JsonRead 2024-04-26T08:27:39.334658+00:00 [queued]>
[2024-04-26 08:27:42,186] {taskinstance.py:1068} INFO - 
--------------------------------------------------------------------------------
[2024-04-26 08:27:42,186] {taskinstance.py:1069} INFO - Starting attempt 1 of 1
[2024-04-26 08:27:42,187] {taskinstance.py:1070} INFO - 
--------------------------------------------------------------------------------
[2024-04-26 08:27:42,220] {taskinstance.py:1089} INFO - Executing <Task(PythonOperator): step3_JsonRead> on 2024-04-26T08:27:39.334658+00:00
[2024-04-26 08:27:42,231] {standard_task_runner.py:76} INFO - Running: ['airflow', 'tasks', 'run', 'json_file', 'step3_JsonRead', '2024-04-26T08:27:39.334658+00:00', '--job-id', '14074', '--pool', 'default_pool', '--raw', '--subdir', 'DAGS_FOLDER/json_file.py', '--cfg-path', '/tmp/tmpuh91ql_a', '--error-file', '/tmp/tmpz7x4jfiu']
[2024-04-26 08:27:42,232] {standard_task_runner.py:77} INFO - Job 14074: Subtask step3_JsonRead
[2024-04-26 08:27:42,226] {standard_task_runner.py:52} INFO - Started process 159 to run task
[2024-04-26 08:27:42,326] {logging_mixin.py:104} INFO - Running <TaskInstance: json_file.step3_JsonRead 2024-04-26T08:27:39.334658+00:00 [running]> on host c6f0c13ba6da
[2024-04-26 08:27:42,508] {taskinstance.py:1283} INFO - Exporting the following env vars:
AIRFLOW_CTX_DAG_OWNER=airflow
AIRFLOW_CTX_DAG_ID=json_file
AIRFLOW_CTX_TASK_ID=step3_JsonRead
AIRFLOW_CTX_EXECUTION_DATE=2024-04-26T08:27:39.334658+00:00
AIRFLOW_CTX_DAG_RUN_ID=manual__2024-04-26T08:27:39.334658+00:00
[2024-04-26 08:27:42,513] {python.py:118} INFO - Done. Returned value was: echo 'step3'
[2024-04-26 08:27:42,577] {taskinstance.py:1192} INFO - Marking task as SUCCESS. dag_id=json_file, task_id=step3_JsonRead, execution_date=20240426T082739, start_date=20240426T082742, end_date=20240426T082742
[2024-04-26 08:27:42,686] {taskinstance.py:1246} INFO - 1 downstream tasks scheduled from follow-on schedule check
[2024-04-26 08:27:42,738] {local_task_job.py:146} INFO - Task exited with return code 0
