[2024-05-02 10:26:02,395] {taskinstance.py:877} INFO - Dependencies all met for <TaskInstance: json_file_chain.step1_BashCommand 2024-05-02T10:25:59.290580+00:00 [queued]>
[2024-05-02 10:26:02,419] {taskinstance.py:877} INFO - Dependencies all met for <TaskInstance: json_file_chain.step1_BashCommand 2024-05-02T10:25:59.290580+00:00 [queued]>
[2024-05-02 10:26:02,420] {taskinstance.py:1068} INFO - 
--------------------------------------------------------------------------------
[2024-05-02 10:26:02,420] {taskinstance.py:1069} INFO - Starting attempt 1 of 1
[2024-05-02 10:26:02,421] {taskinstance.py:1070} INFO - 
--------------------------------------------------------------------------------
[2024-05-02 10:26:02,433] {taskinstance.py:1089} INFO - Executing <Task(BashOperator): step1_BashCommand> on 2024-05-02T10:25:59.290580+00:00
[2024-05-02 10:26:02,443] {standard_task_runner.py:76} INFO - Running: ['airflow', 'tasks', 'run', 'json_file_chain', 'step1_BashCommand', '2024-05-02T10:25:59.290580+00:00', '--job-id', '14177', '--pool', 'default_pool', '--raw', '--subdir', 'DAGS_FOLDER/json_file_chain.py', '--cfg-path', '/tmp/tmpw72ahh8y', '--error-file', '/tmp/tmp7gt0270h']
[2024-05-02 10:26:02,445] {standard_task_runner.py:77} INFO - Job 14177: Subtask step1_BashCommand
[2024-05-02 10:26:02,439] {standard_task_runner.py:52} INFO - Started process 270 to run task
[2024-05-02 10:26:02,503] {logging_mixin.py:104} INFO - Running <TaskInstance: json_file_chain.step1_BashCommand 2024-05-02T10:25:59.290580+00:00 [running]> on host c6f0c13ba6da
[2024-05-02 10:26:02,576] {taskinstance.py:1283} INFO - Exporting the following env vars:
AIRFLOW_CTX_DAG_OWNER=airflow
AIRFLOW_CTX_DAG_ID=json_file_chain
AIRFLOW_CTX_TASK_ID=step1_BashCommand
AIRFLOW_CTX_EXECUTION_DATE=2024-05-02T10:25:59.290580+00:00
AIRFLOW_CTX_DAG_RUN_ID=manual__2024-05-02T10:25:59.290580+00:00
[2024-05-02 10:26:02,578] {bash.py:135} INFO - Tmp dir root location: 
 /tmp
[2024-05-02 10:26:02,586] {bash.py:158} INFO - Running command: echo 'step1'
[2024-05-02 10:26:02,598] {bash.py:169} INFO - Output:
[2024-05-02 10:26:02,610] {bash.py:173} INFO - step1
[2024-05-02 10:26:02,611] {bash.py:177} INFO - Command exited with return code 0
[2024-05-02 10:26:02,639] {taskinstance.py:1192} INFO - Marking task as SUCCESS. dag_id=json_file_chain, task_id=step1_BashCommand, execution_date=20240502T102559, start_date=20240502T102602, end_date=20240502T102602
[2024-05-02 10:26:02,683] {taskinstance.py:1246} INFO - 1 downstream tasks scheduled from follow-on schedule check
[2024-05-02 10:26:02,716] {local_task_job.py:146} INFO - Task exited with return code 0
