[2024-05-02 11:16:14,026] {taskinstance.py:877} INFO - Dependencies all met for <TaskInstance: json_file_chain.step2_Decidewhichtask 2024-05-02T11:16:04.171857+00:00 [queued]>
[2024-05-02 11:16:14,061] {taskinstance.py:877} INFO - Dependencies all met for <TaskInstance: json_file_chain.step2_Decidewhichtask 2024-05-02T11:16:04.171857+00:00 [queued]>
[2024-05-02 11:16:14,062] {taskinstance.py:1068} INFO - 
--------------------------------------------------------------------------------
[2024-05-02 11:16:14,063] {taskinstance.py:1069} INFO - Starting attempt 1 of 1
[2024-05-02 11:16:14,064] {taskinstance.py:1070} INFO - 
--------------------------------------------------------------------------------
[2024-05-02 11:16:14,082] {taskinstance.py:1089} INFO - Executing <Task(BranchPythonOperator): step2_Decidewhichtask> on 2024-05-02T11:16:04.171857+00:00
[2024-05-02 11:16:14,086] {standard_task_runner.py:52} INFO - Started process 434 to run task
[2024-05-02 11:16:14,093] {standard_task_runner.py:76} INFO - Running: ['airflow', 'tasks', 'run', 'json_file_chain', 'step2_Decidewhichtask', '2024-05-02T11:16:04.171857+00:00', '--job-id', '14247', '--pool', 'default_pool', '--raw', '--subdir', 'DAGS_FOLDER/json_file_chain.py', '--cfg-path', '/tmp/tmpl1ux1rfy', '--error-file', '/tmp/tmpdazc5euu']
[2024-05-02 11:16:14,094] {standard_task_runner.py:77} INFO - Job 14247: Subtask step2_Decidewhichtask
[2024-05-02 11:16:14,183] {logging_mixin.py:104} INFO - Running <TaskInstance: json_file_chain.step2_Decidewhichtask 2024-05-02T11:16:04.171857+00:00 [running]> on host c6f0c13ba6da
[2024-05-02 11:16:14,237] {taskinstance.py:1283} INFO - Exporting the following env vars:
AIRFLOW_CTX_DAG_OWNER=airflow
AIRFLOW_CTX_DAG_ID=json_file_chain
AIRFLOW_CTX_TASK_ID=step2_Decidewhichtask
AIRFLOW_CTX_EXECUTION_DATE=2024-05-02T11:16:04.171857+00:00
AIRFLOW_CTX_DAG_RUN_ID=manual__2024-05-02T11:16:04.171857+00:00
[2024-05-02 11:16:14,250] {python.py:118} INFO - Done. Returned value was: step2_dummy_pari
[2024-05-02 11:16:14,251] {skipmixin.py:124} INFO - Following branch step2_dummy_pari
[2024-05-02 11:16:14,266] {skipmixin.py:155} INFO - Skipping tasks ['step2_dummy_dispari']
[2024-05-02 11:16:14,335] {taskinstance.py:1192} INFO - Marking task as SUCCESS. dag_id=json_file_chain, task_id=step2_Decidewhichtask, execution_date=20240502T111604, start_date=20240502T111614, end_date=20240502T111614
[2024-05-02 11:16:14,397] {taskinstance.py:1246} INFO - 1 downstream tasks scheduled from follow-on schedule check
[2024-05-02 11:16:14,429] {local_task_job.py:146} INFO - Task exited with return code 0
