[2024-04-26 07:51:03,050] {taskinstance.py:877} INFO - Dependencies all met for <TaskInstance: json_file.step1_BashCommand 2024-04-26T07:50:59.390908+00:00 [queued]>
[2024-04-26 07:51:03,075] {taskinstance.py:877} INFO - Dependencies all met for <TaskInstance: json_file.step1_BashCommand 2024-04-26T07:50:59.390908+00:00 [queued]>
[2024-04-26 07:51:03,077] {taskinstance.py:1068} INFO - 
--------------------------------------------------------------------------------
[2024-04-26 07:51:03,077] {taskinstance.py:1069} INFO - Starting attempt 1 of 1
[2024-04-26 07:51:03,078] {taskinstance.py:1070} INFO - 
--------------------------------------------------------------------------------
[2024-04-26 07:51:03,110] {taskinstance.py:1089} INFO - Executing <Task(BashOperator): step1_BashCommand> on 2024-04-26T07:50:59.390908+00:00
[2024-04-26 07:51:03,116] {standard_task_runner.py:52} INFO - Started process 80 to run task
[2024-04-26 07:51:03,125] {standard_task_runner.py:76} INFO - Running: ['airflow', 'tasks', 'run', 'json_file', 'step1_BashCommand', '2024-04-26T07:50:59.390908+00:00', '--job-id', '14040', '--pool', 'default_pool', '--raw', '--subdir', 'DAGS_FOLDER/json_file.py', '--cfg-path', '/tmp/tmpb7t1_m4c', '--error-file', '/tmp/tmp2iyxlrhf']
[2024-04-26 07:51:03,127] {standard_task_runner.py:77} INFO - Job 14040: Subtask step1_BashCommand
[2024-04-26 07:51:03,250] {logging_mixin.py:104} INFO - Running <TaskInstance: json_file.step1_BashCommand 2024-04-26T07:50:59.390908+00:00 [running]> on host c6f0c13ba6da
[2024-04-26 07:51:03,342] {taskinstance.py:1283} INFO - Exporting the following env vars:
AIRFLOW_CTX_DAG_OWNER=airflow
AIRFLOW_CTX_DAG_ID=json_file
AIRFLOW_CTX_TASK_ID=step1_BashCommand
AIRFLOW_CTX_EXECUTION_DATE=2024-04-26T07:50:59.390908+00:00
AIRFLOW_CTX_DAG_RUN_ID=manual__2024-04-26T07:50:59.390908+00:00
[2024-04-26 07:51:03,345] {bash.py:135} INFO - Tmp dir root location: 
 /tmp
[2024-04-26 07:51:03,353] {bash.py:158} INFO - Running command: echo 'step1'
[2024-04-26 07:51:03,371] {bash.py:169} INFO - Output:
[2024-04-26 07:51:03,374] {bash.py:173} INFO - step1
[2024-04-26 07:51:03,375] {bash.py:177} INFO - Command exited with return code 0
[2024-04-26 07:51:03,415] {taskinstance.py:1192} INFO - Marking task as SUCCESS. dag_id=json_file, task_id=step1_BashCommand, execution_date=20240426T075059, start_date=20240426T075103, end_date=20240426T075103
[2024-04-26 07:51:03,455] {taskinstance.py:1246} INFO - 1 downstream tasks scheduled from follow-on schedule check
[2024-04-26 07:51:03,470] {local_task_job.py:146} INFO - Task exited with return code 0
