[2024-04-25 20:56:22,645] {taskinstance.py:877} INFO - Dependencies all met for <TaskInstance: json_file.step1_BashCommand 2024-04-24T17:34:06.305463+00:00 [queued]>
[2024-04-25 20:56:22,782] {taskinstance.py:877} INFO - Dependencies all met for <TaskInstance: json_file.step1_BashCommand 2024-04-24T17:34:06.305463+00:00 [queued]>
[2024-04-25 20:56:22,817] {taskinstance.py:1068} INFO - 
--------------------------------------------------------------------------------
[2024-04-25 20:56:22,819] {taskinstance.py:1069} INFO - Starting attempt 1 of 1
[2024-04-25 20:56:22,829] {taskinstance.py:1070} INFO - 
--------------------------------------------------------------------------------
[2024-04-25 20:56:22,907] {taskinstance.py:1089} INFO - Executing <Task(BashOperator): step1_BashCommand> on 2024-04-24T17:34:06.305463+00:00
[2024-04-25 20:56:22,958] {standard_task_runner.py:76} INFO - Running: ['airflow', 'tasks', 'run', 'json_file', 'step1_BashCommand', '2024-04-24T17:34:06.305463+00:00', '--job-id', '14023', '--pool', 'default_pool', '--raw', '--subdir', 'DAGS_FOLDER/json_file.py', '--cfg-path', '/tmp/tmpemfb2_aq', '--error-file', '/tmp/tmp56sl_kc5']
[2024-04-25 20:56:22,974] {standard_task_runner.py:77} INFO - Job 14023: Subtask step1_BashCommand
[2024-04-25 20:56:22,937] {standard_task_runner.py:52} INFO - Started process 503 to run task
[2024-04-25 20:56:23,481] {logging_mixin.py:104} INFO - Running <TaskInstance: json_file.step1_BashCommand 2024-04-24T17:34:06.305463+00:00 [running]> on host c6f0c13ba6da
[2024-04-25 20:56:23,963] {taskinstance.py:1283} INFO - Exporting the following env vars:
AIRFLOW_CTX_DAG_OWNER=airflow
AIRFLOW_CTX_DAG_ID=json_file
AIRFLOW_CTX_TASK_ID=step1_BashCommand
AIRFLOW_CTX_EXECUTION_DATE=2024-04-24T17:34:06.305463+00:00
AIRFLOW_CTX_DAG_RUN_ID=scheduled__2024-04-24T17:34:06.305463+00:00
[2024-04-25 20:56:24,006] {bash.py:135} INFO - Tmp dir root location: 
 /tmp
[2024-04-25 20:56:24,086] {bash.py:158} INFO - Running command: echo 'step1'
[2024-04-25 20:56:24,230] {bash.py:169} INFO - Output:
[2024-04-25 20:56:24,342] {bash.py:173} INFO - step1
[2024-04-25 20:56:24,347] {bash.py:177} INFO - Command exited with return code 0
[2024-04-25 20:56:24,554] {taskinstance.py:1192} INFO - Marking task as SUCCESS. dag_id=json_file, task_id=step1_BashCommand, execution_date=20240424T173406, start_date=20240425T205622, end_date=20240425T205624
[2024-04-25 20:56:24,834] {taskinstance.py:1246} INFO - 1 downstream tasks scheduled from follow-on schedule check
[2024-04-25 20:56:24,938] {local_task_job.py:146} INFO - Task exited with return code 0
