[2024-05-02 11:11:02,930] {taskinstance.py:877} INFO - Dependencies all met for <TaskInstance: json_file_chain.step2_JsonRead 2024-05-02T11:10:56.924203+00:00 [queued]>
[2024-05-02 11:11:02,946] {taskinstance.py:877} INFO - Dependencies all met for <TaskInstance: json_file_chain.step2_JsonRead 2024-05-02T11:10:56.924203+00:00 [queued]>
[2024-05-02 11:11:02,947] {taskinstance.py:1068} INFO - 
--------------------------------------------------------------------------------
[2024-05-02 11:11:02,948] {taskinstance.py:1069} INFO - Starting attempt 1 of 1
[2024-05-02 11:11:02,948] {taskinstance.py:1070} INFO - 
--------------------------------------------------------------------------------
[2024-05-02 11:11:02,959] {taskinstance.py:1089} INFO - Executing <Task(PythonOperator): step2_JsonRead> on 2024-05-02T11:10:56.924203+00:00
[2024-05-02 11:11:02,970] {standard_task_runner.py:52} INFO - Started process 408 to run task
[2024-05-02 11:11:02,974] {standard_task_runner.py:76} INFO - Running: ['airflow', 'tasks', 'run', 'json_file_chain', 'step2_JsonRead', '2024-05-02T11:10:56.924203+00:00', '--job-id', '14236', '--pool', 'default_pool', '--raw', '--subdir', 'DAGS_FOLDER/json_file_chain.py', '--cfg-path', '/tmp/tmpjv4us4ju', '--error-file', '/tmp/tmpq35zdb_p']
[2024-05-02 11:11:02,975] {standard_task_runner.py:77} INFO - Job 14236: Subtask step2_JsonRead
[2024-05-02 11:11:03,024] {logging_mixin.py:104} INFO - Running <TaskInstance: json_file_chain.step2_JsonRead 2024-05-02T11:10:56.924203+00:00 [running]> on host c6f0c13ba6da
[2024-05-02 11:11:03,084] {taskinstance.py:1283} INFO - Exporting the following env vars:
AIRFLOW_CTX_DAG_OWNER=airflow
AIRFLOW_CTX_DAG_ID=json_file_chain
AIRFLOW_CTX_TASK_ID=step2_JsonRead
AIRFLOW_CTX_EXECUTION_DATE=2024-05-02T11:10:56.924203+00:00
AIRFLOW_CTX_DAG_RUN_ID=manual__2024-05-02T11:10:56.924203+00:00
[2024-05-02 11:11:03,085] {python.py:118} INFO - Done. Returned value was: echo 'step2'
[2024-05-02 11:11:03,114] {taskinstance.py:1192} INFO - Marking task as SUCCESS. dag_id=json_file_chain, task_id=step2_JsonRead, execution_date=20240502T111056, start_date=20240502T111102, end_date=20240502T111103
[2024-05-02 11:11:03,145] {taskinstance.py:1246} INFO - 1 downstream tasks scheduled from follow-on schedule check
[2024-05-02 11:11:03,189] {local_task_job.py:146} INFO - Task exited with return code 0
