[2024-05-02 07:36:47,500] {taskinstance.py:877} INFO - Dependencies all met for <TaskInstance: json_file_chain.step2_JsonRead 2024-05-01T07:36:33.282126+00:00 [queued]>
[2024-05-02 07:36:47,563] {taskinstance.py:877} INFO - Dependencies all met for <TaskInstance: json_file_chain.step2_JsonRead 2024-05-01T07:36:33.282126+00:00 [queued]>
[2024-05-02 07:36:47,564] {taskinstance.py:1068} INFO - 
--------------------------------------------------------------------------------
[2024-05-02 07:36:47,564] {taskinstance.py:1069} INFO - Starting attempt 1 of 1
[2024-05-02 07:36:47,564] {taskinstance.py:1070} INFO - 
--------------------------------------------------------------------------------
[2024-05-02 07:36:47,590] {taskinstance.py:1089} INFO - Executing <Task(PythonOperator): step2_JsonRead> on 2024-05-01T07:36:33.282126+00:00
[2024-05-02 07:36:47,602] {standard_task_runner.py:52} INFO - Started process 159 to run task
[2024-05-02 07:36:47,626] {standard_task_runner.py:76} INFO - Running: ['airflow', 'tasks', 'run', 'json_file_chain', 'step2_JsonRead', '2024-05-01T07:36:33.282126+00:00', '--job-id', '14130', '--pool', 'default_pool', '--raw', '--subdir', 'DAGS_FOLDER/json_file_chain.py', '--cfg-path', '/tmp/tmpqn8xh0n5', '--error-file', '/tmp/tmpa_xn8ehd']
[2024-05-02 07:36:47,629] {standard_task_runner.py:77} INFO - Job 14130: Subtask step2_JsonRead
[2024-05-02 07:36:48,157] {logging_mixin.py:104} INFO - Running <TaskInstance: json_file_chain.step2_JsonRead 2024-05-01T07:36:33.282126+00:00 [running]> on host c6f0c13ba6da
[2024-05-02 07:36:48,511] {taskinstance.py:1283} INFO - Exporting the following env vars:
AIRFLOW_CTX_DAG_OWNER=airflow
AIRFLOW_CTX_DAG_ID=json_file_chain
AIRFLOW_CTX_TASK_ID=step2_JsonRead
AIRFLOW_CTX_EXECUTION_DATE=2024-05-01T07:36:33.282126+00:00
AIRFLOW_CTX_DAG_RUN_ID=scheduled__2024-05-01T07:36:33.282126+00:00
[2024-05-02 07:36:48,523] {python.py:118} INFO - Done. Returned value was: echo 'step2'
[2024-05-02 07:36:48,573] {taskinstance.py:1192} INFO - Marking task as SUCCESS. dag_id=json_file_chain, task_id=step2_JsonRead, execution_date=20240501T073633, start_date=20240502T073647, end_date=20240502T073648
[2024-05-02 07:36:48,629] {taskinstance.py:1246} INFO - 1 downstream tasks scheduled from follow-on schedule check
[2024-05-02 07:36:48,679] {local_task_job.py:146} INFO - Task exited with return code 0
