[2024-05-02 11:05:20,707] {taskinstance.py:877} INFO - Dependencies all met for <TaskInstance: json_file.step3_BashCommand 2024-05-02T11:05:16.753874+00:00 [queued]>
[2024-05-02 11:05:20,783] {taskinstance.py:877} INFO - Dependencies all met for <TaskInstance: json_file.step3_BashCommand 2024-05-02T11:05:16.753874+00:00 [queued]>
[2024-05-02 11:05:20,784] {taskinstance.py:1068} INFO - 
--------------------------------------------------------------------------------
[2024-05-02 11:05:20,784] {taskinstance.py:1069} INFO - Starting attempt 1 of 1
[2024-05-02 11:05:20,785] {taskinstance.py:1070} INFO - 
--------------------------------------------------------------------------------
[2024-05-02 11:05:20,817] {taskinstance.py:1089} INFO - Executing <Task(BashOperator): step3_BashCommand> on 2024-05-02T11:05:16.753874+00:00
[2024-05-02 11:05:20,841] {standard_task_runner.py:52} INFO - Started process 390 to run task
[2024-05-02 11:05:20,901] {standard_task_runner.py:76} INFO - Running: ['airflow', 'tasks', 'run', 'json_file', 'step3_BashCommand', '2024-05-02T11:05:16.753874+00:00', '--job-id', '14229', '--pool', 'default_pool', '--raw', '--subdir', 'DAGS_FOLDER/json_file.py', '--cfg-path', '/tmp/tmpogebwbew', '--error-file', '/tmp/tmpdwaqphhx']
[2024-05-02 11:05:20,904] {standard_task_runner.py:77} INFO - Job 14229: Subtask step3_BashCommand
[2024-05-02 11:05:21,299] {logging_mixin.py:104} INFO - Running <TaskInstance: json_file.step3_BashCommand 2024-05-02T11:05:16.753874+00:00 [running]> on host c6f0c13ba6da
[2024-05-02 11:05:21,736] {taskinstance.py:1283} INFO - Exporting the following env vars:
AIRFLOW_CTX_DAG_OWNER=airflow
AIRFLOW_CTX_DAG_ID=json_file
AIRFLOW_CTX_TASK_ID=step3_BashCommand
AIRFLOW_CTX_EXECUTION_DATE=2024-05-02T11:05:16.753874+00:00
AIRFLOW_CTX_DAG_RUN_ID=manual__2024-05-02T11:05:16.753874+00:00
[2024-05-02 11:05:21,739] {bash.py:135} INFO - Tmp dir root location: 
 /tmp
[2024-05-02 11:05:21,746] {bash.py:158} INFO - Running command: echo 'step3'
[2024-05-02 11:05:21,836] {bash.py:169} INFO - Output:
[2024-05-02 11:05:21,847] {bash.py:173} INFO - step3
[2024-05-02 11:05:21,848] {bash.py:177} INFO - Command exited with return code 0
[2024-05-02 11:05:22,065] {taskinstance.py:1192} INFO - Marking task as SUCCESS. dag_id=json_file, task_id=step3_BashCommand, execution_date=20240502T110516, start_date=20240502T110520, end_date=20240502T110522
[2024-05-02 11:05:22,162] {taskinstance.py:1246} INFO - 1 downstream tasks scheduled from follow-on schedule check
[2024-05-02 11:05:22,190] {local_task_job.py:146} INFO - Task exited with return code 0
