[2024-05-02 07:36:50,423] {taskinstance.py:877} INFO - Dependencies all met for <TaskInstance: json_file_chain.step2_BashCommand 2024-05-02T07:35:07.638548+00:00 [queued]>
[2024-05-02 07:36:50,470] {taskinstance.py:877} INFO - Dependencies all met for <TaskInstance: json_file_chain.step2_BashCommand 2024-05-02T07:35:07.638548+00:00 [queued]>
[2024-05-02 07:36:50,471] {taskinstance.py:1068} INFO - 
--------------------------------------------------------------------------------
[2024-05-02 07:36:50,472] {taskinstance.py:1069} INFO - Starting attempt 1 of 1
[2024-05-02 07:36:50,473] {taskinstance.py:1070} INFO - 
--------------------------------------------------------------------------------
[2024-05-02 07:36:50,498] {taskinstance.py:1089} INFO - Executing <Task(BashOperator): step2_BashCommand> on 2024-05-02T07:35:07.638548+00:00
[2024-05-02 07:36:50,523] {standard_task_runner.py:76} INFO - Running: ['airflow', 'tasks', 'run', 'json_file_chain', 'step2_BashCommand', '2024-05-02T07:35:07.638548+00:00', '--job-id', '14133', '--pool', 'default_pool', '--raw', '--subdir', 'DAGS_FOLDER/json_file_chain.py', '--cfg-path', '/tmp/tmpuj41hz42', '--error-file', '/tmp/tmp67l7swu_']
[2024-05-02 07:36:50,515] {standard_task_runner.py:52} INFO - Started process 176 to run task
[2024-05-02 07:36:50,526] {standard_task_runner.py:77} INFO - Job 14133: Subtask step2_BashCommand
[2024-05-02 07:36:50,655] {logging_mixin.py:104} INFO - Running <TaskInstance: json_file_chain.step2_BashCommand 2024-05-02T07:35:07.638548+00:00 [running]> on host c6f0c13ba6da
[2024-05-02 07:36:51,087] {taskinstance.py:1283} INFO - Exporting the following env vars:
AIRFLOW_CTX_DAG_OWNER=airflow
AIRFLOW_CTX_DAG_ID=json_file_chain
AIRFLOW_CTX_TASK_ID=step2_BashCommand
AIRFLOW_CTX_EXECUTION_DATE=2024-05-02T07:35:07.638548+00:00
AIRFLOW_CTX_DAG_RUN_ID=manual__2024-05-02T07:35:07.638548+00:00
[2024-05-02 07:36:51,099] {bash.py:135} INFO - Tmp dir root location: 
 /tmp
[2024-05-02 07:36:51,106] {bash.py:158} INFO - Running command: echo 'step2'
[2024-05-02 07:36:51,191] {bash.py:169} INFO - Output:
[2024-05-02 07:36:51,195] {bash.py:173} INFO - step2
[2024-05-02 07:36:51,196] {bash.py:177} INFO - Command exited with return code 0
[2024-05-02 07:36:51,331] {taskinstance.py:1192} INFO - Marking task as SUCCESS. dag_id=json_file_chain, task_id=step2_BashCommand, execution_date=20240502T073507, start_date=20240502T073650, end_date=20240502T073651
[2024-05-02 07:36:51,467] {taskinstance.py:1246} INFO - 1 downstream tasks scheduled from follow-on schedule check
[2024-05-02 07:36:51,504] {local_task_job.py:146} INFO - Task exited with return code 0
