[2024-05-02 11:04:24,081] {taskinstance.py:877} INFO - Dependencies all met for <TaskInstance: json_file.step3_JsonRead 2024-05-02T11:04:20.702296+00:00 [queued]>
[2024-05-02 11:04:24,132] {taskinstance.py:877} INFO - Dependencies all met for <TaskInstance: json_file.step3_JsonRead 2024-05-02T11:04:20.702296+00:00 [queued]>
[2024-05-02 11:04:24,133] {taskinstance.py:1068} INFO - 
--------------------------------------------------------------------------------
[2024-05-02 11:04:24,134] {taskinstance.py:1069} INFO - Starting attempt 1 of 1
[2024-05-02 11:04:24,134] {taskinstance.py:1070} INFO - 
--------------------------------------------------------------------------------
[2024-05-02 11:04:24,152] {taskinstance.py:1089} INFO - Executing <Task(PythonOperator): step3_JsonRead> on 2024-05-02T11:04:20.702296+00:00
[2024-05-02 11:04:24,174] {standard_task_runner.py:76} INFO - Running: ['airflow', 'tasks', 'run', 'json_file', 'step3_JsonRead', '2024-05-02T11:04:20.702296+00:00', '--job-id', '14217', '--pool', 'default_pool', '--raw', '--subdir', 'DAGS_FOLDER/json_file.py', '--cfg-path', '/tmp/tmpi35vel75', '--error-file', '/tmp/tmp5ewsdn8v']
[2024-05-02 11:04:24,175] {standard_task_runner.py:77} INFO - Job 14217: Subtask step3_JsonRead
[2024-05-02 11:04:24,166] {standard_task_runner.py:52} INFO - Started process 363 to run task
[2024-05-02 11:04:24,237] {logging_mixin.py:104} INFO - Running <TaskInstance: json_file.step3_JsonRead 2024-05-02T11:04:20.702296+00:00 [running]> on host c6f0c13ba6da
[2024-05-02 11:04:24,310] {taskinstance.py:1283} INFO - Exporting the following env vars:
AIRFLOW_CTX_DAG_OWNER=airflow
AIRFLOW_CTX_DAG_ID=json_file
AIRFLOW_CTX_TASK_ID=step3_JsonRead
AIRFLOW_CTX_EXECUTION_DATE=2024-05-02T11:04:20.702296+00:00
AIRFLOW_CTX_DAG_RUN_ID=manual__2024-05-02T11:04:20.702296+00:00
[2024-05-02 11:04:24,314] {python.py:118} INFO - Done. Returned value was: echo 'step3'
[2024-05-02 11:04:24,346] {taskinstance.py:1192} INFO - Marking task as SUCCESS. dag_id=json_file, task_id=step3_JsonRead, execution_date=20240502T110420, start_date=20240502T110424, end_date=20240502T110424
[2024-05-02 11:04:24,390] {taskinstance.py:1246} INFO - 1 downstream tasks scheduled from follow-on schedule check
[2024-05-02 11:04:24,437] {local_task_job.py:146} INFO - Task exited with return code 0
