[2024-04-26 07:57:09,530] {taskinstance.py:877} INFO - Dependencies all met for <TaskInstance: json_file.step1_JsonRead 2024-04-26T07:57:06.948875+00:00 [queued]>
[2024-04-26 07:57:09,560] {taskinstance.py:877} INFO - Dependencies all met for <TaskInstance: json_file.step1_JsonRead 2024-04-26T07:57:06.948875+00:00 [queued]>
[2024-04-26 07:57:09,561] {taskinstance.py:1068} INFO - 
--------------------------------------------------------------------------------
[2024-04-26 07:57:09,562] {taskinstance.py:1069} INFO - Starting attempt 1 of 1
[2024-04-26 07:57:09,562] {taskinstance.py:1070} INFO - 
--------------------------------------------------------------------------------
[2024-04-26 07:57:09,591] {taskinstance.py:1089} INFO - Executing <Task(PythonOperator): step1_JsonRead> on 2024-04-26T07:57:06.948875+00:00
[2024-04-26 07:57:09,602] {standard_task_runner.py:52} INFO - Started process 96 to run task
[2024-04-26 07:57:09,618] {standard_task_runner.py:76} INFO - Running: ['airflow', 'tasks', 'run', 'json_file', 'step1_JsonRead', '2024-04-26T07:57:06.948875+00:00', '--job-id', '14047', '--pool', 'default_pool', '--raw', '--subdir', 'DAGS_FOLDER/json_file.py', '--cfg-path', '/tmp/tmp2utdg5c9', '--error-file', '/tmp/tmpghbeb3ci']
[2024-04-26 07:57:09,619] {standard_task_runner.py:77} INFO - Job 14047: Subtask step1_JsonRead
[2024-04-26 07:57:09,760] {logging_mixin.py:104} INFO - Running <TaskInstance: json_file.step1_JsonRead 2024-04-26T07:57:06.948875+00:00 [running]> on host c6f0c13ba6da
[2024-04-26 07:57:09,933] {taskinstance.py:1283} INFO - Exporting the following env vars:
AIRFLOW_CTX_DAG_OWNER=airflow
AIRFLOW_CTX_DAG_ID=json_file
AIRFLOW_CTX_TASK_ID=step1_JsonRead
AIRFLOW_CTX_EXECUTION_DATE=2024-04-26T07:57:06.948875+00:00
AIRFLOW_CTX_DAG_RUN_ID=manual__2024-04-26T07:57:06.948875+00:00
[2024-04-26 07:57:09,938] {python.py:118} INFO - Done. Returned value was: echo 'step1'
[2024-04-26 07:57:10,017] {taskinstance.py:1192} INFO - Marking task as SUCCESS. dag_id=json_file, task_id=step1_JsonRead, execution_date=20240426T075706, start_date=20240426T075709, end_date=20240426T075710
[2024-04-26 07:57:10,092] {taskinstance.py:1246} INFO - 1 downstream tasks scheduled from follow-on schedule check
[2024-04-26 07:57:10,127] {local_task_job.py:146} INFO - Task exited with return code 0
