[2024-04-24 22:20:35,372] {taskinstance.py:877} INFO - Dependencies all met for <TaskInstance: json_file.step2_Decidewhichtask 2024-04-24T22:20:23.881582+00:00 [queued]>
[2024-04-24 22:20:35,404] {taskinstance.py:877} INFO - Dependencies all met for <TaskInstance: json_file.step2_Decidewhichtask 2024-04-24T22:20:23.881582+00:00 [queued]>
[2024-04-24 22:20:35,404] {taskinstance.py:1068} INFO - 
--------------------------------------------------------------------------------
[2024-04-24 22:20:35,405] {taskinstance.py:1069} INFO - Starting attempt 1 of 1
[2024-04-24 22:20:35,406] {taskinstance.py:1070} INFO - 
--------------------------------------------------------------------------------
[2024-04-24 22:20:35,423] {taskinstance.py:1089} INFO - Executing <Task(BranchPythonOperator): step2_Decidewhichtask> on 2024-04-24T22:20:23.881582+00:00
[2024-04-24 22:20:35,432] {standard_task_runner.py:52} INFO - Started process 491 to run task
[2024-04-24 22:20:35,440] {standard_task_runner.py:76} INFO - Running: ['airflow', 'tasks', 'run', 'json_file', 'step2_Decidewhichtask', '2024-04-24T22:20:23.881582+00:00', '--job-id', '14017', '--pool', 'default_pool', '--raw', '--subdir', 'DAGS_FOLDER/json_file.py', '--cfg-path', '/tmp/tmpoqzld3uf', '--error-file', '/tmp/tmphbe6w898']
[2024-04-24 22:20:35,441] {standard_task_runner.py:77} INFO - Job 14017: Subtask step2_Decidewhichtask
[2024-04-24 22:20:35,514] {logging_mixin.py:104} INFO - Running <TaskInstance: json_file.step2_Decidewhichtask 2024-04-24T22:20:23.881582+00:00 [running]> on host c6f0c13ba6da
[2024-04-24 22:20:35,602] {taskinstance.py:1283} INFO - Exporting the following env vars:
AIRFLOW_CTX_DAG_OWNER=airflow
AIRFLOW_CTX_DAG_ID=json_file
AIRFLOW_CTX_TASK_ID=step2_Decidewhichtask
AIRFLOW_CTX_EXECUTION_DATE=2024-04-24T22:20:23.881582+00:00
AIRFLOW_CTX_DAG_RUN_ID=manual__2024-04-24T22:20:23.881582+00:00
[2024-04-24 22:20:35,617] {python.py:118} INFO - Done. Returned value was: step1_dummy_dispari
[2024-04-24 22:20:35,620] {skipmixin.py:124} INFO - Following branch step1_dummy_dispari
[2024-04-24 22:20:35,632] {skipmixin.py:155} INFO - Skipping tasks ['step2_dummy_dispari', 'step2_dummy_pari']
[2024-04-24 22:20:35,732] {taskinstance.py:1192} INFO - Marking task as SUCCESS. dag_id=json_file, task_id=step2_Decidewhichtask, execution_date=20240424T222023, start_date=20240424T222035, end_date=20240424T222035
[2024-04-24 22:20:35,788] {taskinstance.py:1246} INFO - 0 downstream tasks scheduled from follow-on schedule check
[2024-04-24 22:20:35,821] {local_task_job.py:146} INFO - Task exited with return code 0
