[2024-05-02 07:36:44,462] {taskinstance.py:877} INFO - Dependencies all met for <TaskInstance: json_file_chain.step3_JsonRead 2024-05-01T07:36:33.282126+00:00 [queued]>
[2024-05-02 07:36:44,600] {taskinstance.py:877} INFO - Dependencies all met for <TaskInstance: json_file_chain.step3_JsonRead 2024-05-01T07:36:33.282126+00:00 [queued]>
[2024-05-02 07:36:44,602] {taskinstance.py:1068} INFO - 
--------------------------------------------------------------------------------
[2024-05-02 07:36:44,606] {taskinstance.py:1069} INFO - Starting attempt 1 of 1
[2024-05-02 07:36:44,607] {taskinstance.py:1070} INFO - 
--------------------------------------------------------------------------------
[2024-05-02 07:36:44,639] {taskinstance.py:1089} INFO - Executing <Task(PythonOperator): step3_JsonRead> on 2024-05-01T07:36:33.282126+00:00
[2024-05-02 07:36:44,645] {standard_task_runner.py:52} INFO - Started process 147 to run task
[2024-05-02 07:36:44,654] {standard_task_runner.py:76} INFO - Running: ['airflow', 'tasks', 'run', 'json_file_chain', 'step3_JsonRead', '2024-05-01T07:36:33.282126+00:00', '--job-id', '14123', '--pool', 'default_pool', '--raw', '--subdir', 'DAGS_FOLDER/json_file_chain.py', '--cfg-path', '/tmp/tmpnku9go1y', '--error-file', '/tmp/tmpjcjwyqy5']
[2024-05-02 07:36:44,673] {standard_task_runner.py:77} INFO - Job 14123: Subtask step3_JsonRead
[2024-05-02 07:36:44,878] {logging_mixin.py:104} INFO - Running <TaskInstance: json_file_chain.step3_JsonRead 2024-05-01T07:36:33.282126+00:00 [running]> on host c6f0c13ba6da
[2024-05-02 07:36:45,184] {taskinstance.py:1283} INFO - Exporting the following env vars:
AIRFLOW_CTX_DAG_OWNER=airflow
AIRFLOW_CTX_DAG_ID=json_file_chain
AIRFLOW_CTX_TASK_ID=step3_JsonRead
AIRFLOW_CTX_EXECUTION_DATE=2024-05-01T07:36:33.282126+00:00
AIRFLOW_CTX_DAG_RUN_ID=scheduled__2024-05-01T07:36:33.282126+00:00
[2024-05-02 07:36:45,212] {python.py:118} INFO - Done. Returned value was: echo 'step3'
[2024-05-02 07:36:45,338] {taskinstance.py:1192} INFO - Marking task as SUCCESS. dag_id=json_file_chain, task_id=step3_JsonRead, execution_date=20240501T073633, start_date=20240502T073644, end_date=20240502T073645
[2024-05-02 07:36:45,565] {taskinstance.py:1246} INFO - 1 downstream tasks scheduled from follow-on schedule check
[2024-05-02 07:36:45,639] {local_task_job.py:146} INFO - Task exited with return code 0
