[2024-05-02 07:36:47,789] {taskinstance.py:877} INFO - Dependencies all met for <TaskInstance: json_file_chain.step3_BashCommand 2024-05-01T07:36:33.282126+00:00 [queued]>
[2024-05-02 07:36:47,905] {taskinstance.py:877} INFO - Dependencies all met for <TaskInstance: json_file_chain.step3_BashCommand 2024-05-01T07:36:33.282126+00:00 [queued]>
[2024-05-02 07:36:47,906] {taskinstance.py:1068} INFO - 
--------------------------------------------------------------------------------
[2024-05-02 07:36:47,908] {taskinstance.py:1069} INFO - Starting attempt 1 of 1
[2024-05-02 07:36:47,908] {taskinstance.py:1070} INFO - 
--------------------------------------------------------------------------------
[2024-05-02 07:36:47,962] {taskinstance.py:1089} INFO - Executing <Task(BashOperator): step3_BashCommand> on 2024-05-01T07:36:33.282126+00:00
[2024-05-02 07:36:48,010] {standard_task_runner.py:52} INFO - Started process 163 to run task
[2024-05-02 07:36:48,078] {standard_task_runner.py:76} INFO - Running: ['airflow', 'tasks', 'run', 'json_file_chain', 'step3_BashCommand', '2024-05-01T07:36:33.282126+00:00', '--job-id', '14132', '--pool', 'default_pool', '--raw', '--subdir', 'DAGS_FOLDER/json_file_chain.py', '--cfg-path', '/tmp/tmprt_3c1qj', '--error-file', '/tmp/tmpo8_spm62']
[2024-05-02 07:36:48,079] {standard_task_runner.py:77} INFO - Job 14132: Subtask step3_BashCommand
[2024-05-02 07:36:48,481] {logging_mixin.py:104} INFO - Running <TaskInstance: json_file_chain.step3_BashCommand 2024-05-01T07:36:33.282126+00:00 [running]> on host c6f0c13ba6da
[2024-05-02 07:36:48,609] {taskinstance.py:1283} INFO - Exporting the following env vars:
AIRFLOW_CTX_DAG_OWNER=airflow
AIRFLOW_CTX_DAG_ID=json_file_chain
AIRFLOW_CTX_TASK_ID=step3_BashCommand
AIRFLOW_CTX_EXECUTION_DATE=2024-05-01T07:36:33.282126+00:00
AIRFLOW_CTX_DAG_RUN_ID=scheduled__2024-05-01T07:36:33.282126+00:00
[2024-05-02 07:36:48,610] {bash.py:135} INFO - Tmp dir root location: 
 /tmp
[2024-05-02 07:36:48,614] {bash.py:158} INFO - Running command: echo 'step3'
[2024-05-02 07:36:48,631] {bash.py:169} INFO - Output:
[2024-05-02 07:36:48,634] {bash.py:173} INFO - step3
[2024-05-02 07:36:48,635] {bash.py:177} INFO - Command exited with return code 0
[2024-05-02 07:36:48,673] {taskinstance.py:1192} INFO - Marking task as SUCCESS. dag_id=json_file_chain, task_id=step3_BashCommand, execution_date=20240501T073633, start_date=20240502T073647, end_date=20240502T073648
[2024-05-02 07:36:48,716] {taskinstance.py:1246} INFO - 1 downstream tasks scheduled from follow-on schedule check
[2024-05-02 07:36:48,760] {local_task_job.py:146} INFO - Task exited with return code 0
