[2024-05-02 10:38:00,324] {taskinstance.py:877} INFO - Dependencies all met for <TaskInstance: json_file.step3_Decidewhichtask 2024-05-02T10:37:55.365221+00:00 [queued]>
[2024-05-02 10:38:00,410] {taskinstance.py:877} INFO - Dependencies all met for <TaskInstance: json_file.step3_Decidewhichtask 2024-05-02T10:37:55.365221+00:00 [queued]>
[2024-05-02 10:38:00,410] {taskinstance.py:1068} INFO - 
--------------------------------------------------------------------------------
[2024-05-02 10:38:00,412] {taskinstance.py:1069} INFO - Starting attempt 1 of 1
[2024-05-02 10:38:00,413] {taskinstance.py:1070} INFO - 
--------------------------------------------------------------------------------
[2024-05-02 10:38:00,452] {taskinstance.py:1089} INFO - Executing <Task(BranchPythonOperator): step3_Decidewhichtask> on 2024-05-02T10:37:55.365221+00:00
[2024-05-02 10:38:00,495] {standard_task_runner.py:76} INFO - Running: ['airflow', 'tasks', 'run', 'json_file', 'step3_Decidewhichtask', '2024-05-02T10:37:55.365221+00:00', '--job-id', '14191', '--pool', 'default_pool', '--raw', '--subdir', 'DAGS_FOLDER/json_file.py', '--cfg-path', '/tmp/tmpjgjaqg0k', '--error-file', '/tmp/tmp1_36_34i']
[2024-05-02 10:38:00,515] {standard_task_runner.py:77} INFO - Job 14191: Subtask step3_Decidewhichtask
[2024-05-02 10:38:00,470] {standard_task_runner.py:52} INFO - Started process 302 to run task
[2024-05-02 10:38:00,881] {logging_mixin.py:104} INFO - Running <TaskInstance: json_file.step3_Decidewhichtask 2024-05-02T10:37:55.365221+00:00 [running]> on host c6f0c13ba6da
[2024-05-02 10:38:01,143] {taskinstance.py:1283} INFO - Exporting the following env vars:
AIRFLOW_CTX_DAG_OWNER=airflow
AIRFLOW_CTX_DAG_ID=json_file
AIRFLOW_CTX_TASK_ID=step3_Decidewhichtask
AIRFLOW_CTX_EXECUTION_DATE=2024-05-02T10:37:55.365221+00:00
AIRFLOW_CTX_DAG_RUN_ID=manual__2024-05-02T10:37:55.365221+00:00
[2024-05-02 10:38:01,214] {python.py:118} INFO - Done. Returned value was: step3_dummy_dispari
[2024-05-02 10:38:01,215] {skipmixin.py:124} INFO - Following branch step3_dummy_dispari
[2024-05-02 10:38:01,239] {skipmixin.py:155} INFO - Skipping tasks ['step3_dummy_pari']
[2024-05-02 10:38:01,320] {taskinstance.py:1192} INFO - Marking task as SUCCESS. dag_id=json_file, task_id=step3_Decidewhichtask, execution_date=20240502T103755, start_date=20240502T103800, end_date=20240502T103801
[2024-05-02 10:38:01,378] {taskinstance.py:1246} INFO - 1 downstream tasks scheduled from follow-on schedule check
[2024-05-02 10:38:01,428] {local_task_job.py:146} INFO - Task exited with return code 0
