[2024-04-26 07:57:11,229] {taskinstance.py:877} INFO - Dependencies all met for <TaskInstance: json_file.step1_BashCommand 2024-04-26T07:57:06.948875+00:00 [queued]>
[2024-04-26 07:57:11,248] {taskinstance.py:877} INFO - Dependencies all met for <TaskInstance: json_file.step1_BashCommand 2024-04-26T07:57:06.948875+00:00 [queued]>
[2024-04-26 07:57:11,249] {taskinstance.py:1068} INFO - 
--------------------------------------------------------------------------------
[2024-04-26 07:57:11,249] {taskinstance.py:1069} INFO - Starting attempt 1 of 1
[2024-04-26 07:57:11,250] {taskinstance.py:1070} INFO - 
--------------------------------------------------------------------------------
[2024-04-26 07:57:11,273] {taskinstance.py:1089} INFO - Executing <Task(BashOperator): step1_BashCommand> on 2024-04-26T07:57:06.948875+00:00
[2024-04-26 07:57:11,287] {standard_task_runner.py:52} INFO - Started process 103 to run task
[2024-04-26 07:57:11,293] {standard_task_runner.py:76} INFO - Running: ['airflow', 'tasks', 'run', 'json_file', 'step1_BashCommand', '2024-04-26T07:57:06.948875+00:00', '--job-id', '14051', '--pool', 'default_pool', '--raw', '--subdir', 'DAGS_FOLDER/json_file.py', '--cfg-path', '/tmp/tmpkd4cpk93', '--error-file', '/tmp/tmpyyiswck5']
[2024-04-26 07:57:11,294] {standard_task_runner.py:77} INFO - Job 14051: Subtask step1_BashCommand
[2024-04-26 07:57:11,364] {logging_mixin.py:104} INFO - Running <TaskInstance: json_file.step1_BashCommand 2024-04-26T07:57:06.948875+00:00 [running]> on host c6f0c13ba6da
[2024-04-26 07:57:11,443] {taskinstance.py:1283} INFO - Exporting the following env vars:
AIRFLOW_CTX_DAG_OWNER=airflow
AIRFLOW_CTX_DAG_ID=json_file
AIRFLOW_CTX_TASK_ID=step1_BashCommand
AIRFLOW_CTX_EXECUTION_DATE=2024-04-26T07:57:06.948875+00:00
AIRFLOW_CTX_DAG_RUN_ID=manual__2024-04-26T07:57:06.948875+00:00
[2024-04-26 07:57:11,445] {bash.py:135} INFO - Tmp dir root location: 
 /tmp
[2024-04-26 07:57:11,459] {bash.py:158} INFO - Running command: echo 'step1'
[2024-04-26 07:57:11,488] {bash.py:169} INFO - Output:
[2024-04-26 07:57:11,530] {bash.py:173} INFO - step1
[2024-04-26 07:57:11,532] {bash.py:177} INFO - Command exited with return code 0
[2024-04-26 07:57:11,589] {taskinstance.py:1192} INFO - Marking task as SUCCESS. dag_id=json_file, task_id=step1_BashCommand, execution_date=20240426T075706, start_date=20240426T075711, end_date=20240426T075711
[2024-04-26 07:57:11,659] {taskinstance.py:1246} INFO - 1 downstream tasks scheduled from follow-on schedule check
[2024-04-26 07:57:11,670] {local_task_job.py:146} INFO - Task exited with return code 0
