[2024-05-02 07:51:08,547] {taskinstance.py:877} INFO - Dependencies all met for <TaskInstance: json_file_chain.step3_Decidewhichtask 2024-05-02T07:51:03.396226+00:00 [queued]>
[2024-05-02 07:51:08,579] {taskinstance.py:877} INFO - Dependencies all met for <TaskInstance: json_file_chain.step3_Decidewhichtask 2024-05-02T07:51:03.396226+00:00 [queued]>
[2024-05-02 07:51:08,581] {taskinstance.py:1068} INFO - 
--------------------------------------------------------------------------------
[2024-05-02 07:51:08,582] {taskinstance.py:1069} INFO - Starting attempt 1 of 1
[2024-05-02 07:51:08,583] {taskinstance.py:1070} INFO - 
--------------------------------------------------------------------------------
[2024-05-02 07:51:08,599] {taskinstance.py:1089} INFO - Executing <Task(BranchPythonOperator): step3_Decidewhichtask> on 2024-05-02T07:51:03.396226+00:00
[2024-05-02 07:51:08,605] {standard_task_runner.py:52} INFO - Started process 222 to run task
[2024-05-02 07:51:08,616] {standard_task_runner.py:76} INFO - Running: ['airflow', 'tasks', 'run', 'json_file_chain', 'step3_Decidewhichtask', '2024-05-02T07:51:03.396226+00:00', '--job-id', '14155', '--pool', 'default_pool', '--raw', '--subdir', 'DAGS_FOLDER/json_file_chain.py', '--cfg-path', '/tmp/tmp8d4f5y15', '--error-file', '/tmp/tmpxc2al8yy']
[2024-05-02 07:51:08,617] {standard_task_runner.py:77} INFO - Job 14155: Subtask step3_Decidewhichtask
[2024-05-02 07:51:08,887] {logging_mixin.py:104} INFO - Running <TaskInstance: json_file_chain.step3_Decidewhichtask 2024-05-02T07:51:03.396226+00:00 [running]> on host c6f0c13ba6da
[2024-05-02 07:51:08,993] {taskinstance.py:1283} INFO - Exporting the following env vars:
AIRFLOW_CTX_DAG_OWNER=airflow
AIRFLOW_CTX_DAG_ID=json_file_chain
AIRFLOW_CTX_TASK_ID=step3_Decidewhichtask
AIRFLOW_CTX_EXECUTION_DATE=2024-05-02T07:51:03.396226+00:00
AIRFLOW_CTX_DAG_RUN_ID=manual__2024-05-02T07:51:03.396226+00:00
[2024-05-02 07:51:09,003] {python.py:118} INFO - Done. Returned value was: step3_dummy_dispari
[2024-05-02 07:51:09,004] {skipmixin.py:124} INFO - Following branch step3_dummy_dispari
[2024-05-02 07:51:09,014] {skipmixin.py:155} INFO - Skipping tasks ['step3_dummy_pari']
[2024-05-02 07:51:09,130] {taskinstance.py:1192} INFO - Marking task as SUCCESS. dag_id=json_file_chain, task_id=step3_Decidewhichtask, execution_date=20240502T075103, start_date=20240502T075108, end_date=20240502T075109
[2024-05-02 07:51:09,218] {taskinstance.py:1246} INFO - 1 downstream tasks scheduled from follow-on schedule check
[2024-05-02 07:51:09,237] {local_task_job.py:146} INFO - Task exited with return code 0
