[2024-04-30 16:09:34,143] {scheduler_job.py:182} INFO - Started process (PID=39) to work on /home/airflow/.local/lib/python3.6/site-packages/airflow/example_dags/example_branch_operator.py
[2024-04-30 16:09:34,147] {scheduler_job.py:629} INFO - Processing file /home/airflow/.local/lib/python3.6/site-packages/airflow/example_dags/example_branch_operator.py for tasks to queue
[2024-04-30 16:09:34,150] {logging_mixin.py:104} INFO - [2024-04-30 16:09:34,150] {dagbag.py:451} INFO - Filling up the DagBag from /home/airflow/.local/lib/python3.6/site-packages/airflow/example_dags/example_branch_operator.py
[2024-04-30 16:09:34,210] {scheduler_job.py:639} INFO - DAG(s) dict_keys(['example_branch_operator']) retrieved from /home/airflow/.local/lib/python3.6/site-packages/airflow/example_dags/example_branch_operator.py
[2024-04-30 16:09:34,307] {logging_mixin.py:104} INFO - [2024-04-30 16:09:34,306] {dag.py:1824} INFO - Sync 1 DAGs
[2024-04-30 16:09:34,431] {logging_mixin.py:104} INFO - [2024-04-30 16:09:34,431] {dag.py:2280} INFO - Setting next_dagrun for example_branch_operator to 2024-04-28 00:00:00+00:00
[2024-04-30 16:09:34,762] {scheduler_job.py:190} INFO - Processing /home/airflow/.local/lib/python3.6/site-packages/airflow/example_dags/example_branch_operator.py took 0.625 seconds
[2024-04-30 16:10:05,217] {scheduler_job.py:182} INFO - Started process (PID=118) to work on /home/airflow/.local/lib/python3.6/site-packages/airflow/example_dags/example_branch_operator.py
[2024-04-30 16:10:05,219] {scheduler_job.py:629} INFO - Processing file /home/airflow/.local/lib/python3.6/site-packages/airflow/example_dags/example_branch_operator.py for tasks to queue
[2024-04-30 16:10:05,225] {logging_mixin.py:104} INFO - [2024-04-30 16:10:05,225] {dagbag.py:451} INFO - Filling up the DagBag from /home/airflow/.local/lib/python3.6/site-packages/airflow/example_dags/example_branch_operator.py
[2024-04-30 16:10:05,330] {scheduler_job.py:639} INFO - DAG(s) dict_keys(['example_branch_operator']) retrieved from /home/airflow/.local/lib/python3.6/site-packages/airflow/example_dags/example_branch_operator.py
[2024-04-30 16:10:05,407] {logging_mixin.py:104} INFO - [2024-04-30 16:10:05,407] {dag.py:1824} INFO - Sync 1 DAGs
[2024-04-30 16:10:05,564] {logging_mixin.py:104} INFO - [2024-04-30 16:10:05,564] {dag.py:2280} INFO - Setting next_dagrun for example_branch_operator to 2024-04-28 00:00:00+00:00
[2024-04-30 16:10:05,616] {scheduler_job.py:190} INFO - Processing /home/airflow/.local/lib/python3.6/site-packages/airflow/example_dags/example_branch_operator.py took 0.416 seconds
[2024-04-30 16:10:36,150] {scheduler_job.py:182} INFO - Started process (PID=150) to work on /home/airflow/.local/lib/python3.6/site-packages/airflow/example_dags/example_branch_operator.py
[2024-04-30 16:10:36,154] {scheduler_job.py:629} INFO - Processing file /home/airflow/.local/lib/python3.6/site-packages/airflow/example_dags/example_branch_operator.py for tasks to queue
[2024-04-30 16:10:36,156] {logging_mixin.py:104} INFO - [2024-04-30 16:10:36,156] {dagbag.py:451} INFO - Filling up the DagBag from /home/airflow/.local/lib/python3.6/site-packages/airflow/example_dags/example_branch_operator.py
[2024-04-30 16:10:36,198] {scheduler_job.py:639} INFO - DAG(s) dict_keys(['example_branch_operator']) retrieved from /home/airflow/.local/lib/python3.6/site-packages/airflow/example_dags/example_branch_operator.py
[2024-04-30 16:10:36,270] {logging_mixin.py:104} INFO - [2024-04-30 16:10:36,270] {dag.py:1824} INFO - Sync 1 DAGs
[2024-04-30 16:10:36,403] {logging_mixin.py:104} INFO - [2024-04-30 16:10:36,402] {dag.py:2280} INFO - Setting next_dagrun for example_branch_operator to 2024-04-28 00:00:00+00:00
[2024-04-30 16:10:36,462] {scheduler_job.py:190} INFO - Processing /home/airflow/.local/lib/python3.6/site-packages/airflow/example_dags/example_branch_operator.py took 0.320 seconds
[2024-04-30 16:11:20,437] {scheduler_job.py:182} INFO - Started process (PID=200) to work on /home/airflow/.local/lib/python3.6/site-packages/airflow/example_dags/example_branch_operator.py
[2024-04-30 16:11:20,453] {scheduler_job.py:629} INFO - Processing file /home/airflow/.local/lib/python3.6/site-packages/airflow/example_dags/example_branch_operator.py for tasks to queue
[2024-04-30 16:11:20,457] {logging_mixin.py:104} INFO - [2024-04-30 16:11:20,457] {dagbag.py:451} INFO - Filling up the DagBag from /home/airflow/.local/lib/python3.6/site-packages/airflow/example_dags/example_branch_operator.py
[2024-04-30 16:11:20,812] {scheduler_job.py:639} INFO - DAG(s) dict_keys(['example_branch_operator']) retrieved from /home/airflow/.local/lib/python3.6/site-packages/airflow/example_dags/example_branch_operator.py
[2024-04-30 16:11:21,240] {logging_mixin.py:104} INFO - [2024-04-30 16:11:21,237] {dag.py:1824} INFO - Sync 1 DAGs
[2024-04-30 16:11:21,437] {logging_mixin.py:104} INFO - [2024-04-30 16:11:21,437] {dag.py:2280} INFO - Setting next_dagrun for example_branch_operator to 2024-04-28 00:00:00+00:00
[2024-04-30 16:11:21,482] {scheduler_job.py:190} INFO - Processing /home/airflow/.local/lib/python3.6/site-packages/airflow/example_dags/example_branch_operator.py took 1.072 seconds
[2024-04-30 16:11:51,585] {scheduler_job.py:182} INFO - Started process (PID=250) to work on /home/airflow/.local/lib/python3.6/site-packages/airflow/example_dags/example_branch_operator.py
[2024-04-30 16:11:51,588] {scheduler_job.py:629} INFO - Processing file /home/airflow/.local/lib/python3.6/site-packages/airflow/example_dags/example_branch_operator.py for tasks to queue
[2024-04-30 16:11:51,589] {logging_mixin.py:104} INFO - [2024-04-30 16:11:51,589] {dagbag.py:451} INFO - Filling up the DagBag from /home/airflow/.local/lib/python3.6/site-packages/airflow/example_dags/example_branch_operator.py
[2024-04-30 16:11:51,611] {scheduler_job.py:639} INFO - DAG(s) dict_keys(['example_branch_operator']) retrieved from /home/airflow/.local/lib/python3.6/site-packages/airflow/example_dags/example_branch_operator.py
[2024-04-30 16:11:51,637] {logging_mixin.py:104} INFO - [2024-04-30 16:11:51,637] {dag.py:1824} INFO - Sync 1 DAGs
[2024-04-30 16:11:51,666] {logging_mixin.py:104} INFO - [2024-04-30 16:11:51,666] {dag.py:2280} INFO - Setting next_dagrun for example_branch_operator to 2024-04-28 00:00:00+00:00
[2024-04-30 16:11:51,683] {scheduler_job.py:190} INFO - Processing /home/airflow/.local/lib/python3.6/site-packages/airflow/example_dags/example_branch_operator.py took 0.102 seconds
[2024-04-30 16:12:22,253] {scheduler_job.py:182} INFO - Started process (PID=283) to work on /home/airflow/.local/lib/python3.6/site-packages/airflow/example_dags/example_branch_operator.py
[2024-04-30 16:12:22,264] {scheduler_job.py:629} INFO - Processing file /home/airflow/.local/lib/python3.6/site-packages/airflow/example_dags/example_branch_operator.py for tasks to queue
[2024-04-30 16:12:22,275] {logging_mixin.py:104} INFO - [2024-04-30 16:12:22,273] {dagbag.py:451} INFO - Filling up the DagBag from /home/airflow/.local/lib/python3.6/site-packages/airflow/example_dags/example_branch_operator.py
[2024-04-30 16:12:22,465] {scheduler_job.py:639} INFO - DAG(s) dict_keys(['example_branch_operator']) retrieved from /home/airflow/.local/lib/python3.6/site-packages/airflow/example_dags/example_branch_operator.py
[2024-04-30 16:12:22,547] {logging_mixin.py:104} INFO - [2024-04-30 16:12:22,547] {dag.py:1824} INFO - Sync 1 DAGs
[2024-04-30 16:12:22,588] {logging_mixin.py:104} INFO - [2024-04-30 16:12:22,588] {dag.py:2280} INFO - Setting next_dagrun for example_branch_operator to 2024-04-28 00:00:00+00:00
[2024-04-30 16:12:22,612] {scheduler_job.py:190} INFO - Processing /home/airflow/.local/lib/python3.6/site-packages/airflow/example_dags/example_branch_operator.py took 0.368 seconds
[2024-04-30 16:12:53,047] {scheduler_job.py:182} INFO - Started process (PID=315) to work on /home/airflow/.local/lib/python3.6/site-packages/airflow/example_dags/example_branch_operator.py
[2024-04-30 16:12:53,051] {scheduler_job.py:629} INFO - Processing file /home/airflow/.local/lib/python3.6/site-packages/airflow/example_dags/example_branch_operator.py for tasks to queue
[2024-04-30 16:12:53,055] {logging_mixin.py:104} INFO - [2024-04-30 16:12:53,054] {dagbag.py:451} INFO - Filling up the DagBag from /home/airflow/.local/lib/python3.6/site-packages/airflow/example_dags/example_branch_operator.py
[2024-04-30 16:12:53,294] {scheduler_job.py:639} INFO - DAG(s) dict_keys(['example_branch_operator']) retrieved from /home/airflow/.local/lib/python3.6/site-packages/airflow/example_dags/example_branch_operator.py
[2024-04-30 16:12:53,405] {logging_mixin.py:104} INFO - [2024-04-30 16:12:53,404] {dag.py:1824} INFO - Sync 1 DAGs
[2024-04-30 16:12:53,473] {logging_mixin.py:104} INFO - [2024-04-30 16:12:53,473] {dag.py:2280} INFO - Setting next_dagrun for example_branch_operator to 2024-04-28 00:00:00+00:00
[2024-04-30 16:12:53,505] {scheduler_job.py:190} INFO - Processing /home/airflow/.local/lib/python3.6/site-packages/airflow/example_dags/example_branch_operator.py took 0.465 seconds
[2024-04-30 16:13:24,776] {scheduler_job.py:182} INFO - Started process (PID=347) to work on /home/airflow/.local/lib/python3.6/site-packages/airflow/example_dags/example_branch_operator.py
[2024-04-30 16:13:24,778] {scheduler_job.py:629} INFO - Processing file /home/airflow/.local/lib/python3.6/site-packages/airflow/example_dags/example_branch_operator.py for tasks to queue
[2024-04-30 16:13:24,780] {logging_mixin.py:104} INFO - [2024-04-30 16:13:24,780] {dagbag.py:451} INFO - Filling up the DagBag from /home/airflow/.local/lib/python3.6/site-packages/airflow/example_dags/example_branch_operator.py
[2024-04-30 16:13:24,830] {scheduler_job.py:639} INFO - DAG(s) dict_keys(['example_branch_operator']) retrieved from /home/airflow/.local/lib/python3.6/site-packages/airflow/example_dags/example_branch_operator.py
[2024-04-30 16:13:24,922] {logging_mixin.py:104} INFO - [2024-04-30 16:13:24,921] {dag.py:1824} INFO - Sync 1 DAGs
[2024-04-30 16:13:25,048] {logging_mixin.py:104} INFO - [2024-04-30 16:13:25,048] {dag.py:2280} INFO - Setting next_dagrun for example_branch_operator to 2024-04-28 00:00:00+00:00
[2024-04-30 16:13:25,135] {scheduler_job.py:190} INFO - Processing /home/airflow/.local/lib/python3.6/site-packages/airflow/example_dags/example_branch_operator.py took 0.364 seconds
[2024-04-30 16:13:55,554] {scheduler_job.py:182} INFO - Started process (PID=396) to work on /home/airflow/.local/lib/python3.6/site-packages/airflow/example_dags/example_branch_operator.py
[2024-04-30 16:13:55,556] {scheduler_job.py:629} INFO - Processing file /home/airflow/.local/lib/python3.6/site-packages/airflow/example_dags/example_branch_operator.py for tasks to queue
[2024-04-30 16:13:55,556] {logging_mixin.py:104} INFO - [2024-04-30 16:13:55,556] {dagbag.py:451} INFO - Filling up the DagBag from /home/airflow/.local/lib/python3.6/site-packages/airflow/example_dags/example_branch_operator.py
[2024-04-30 16:13:55,577] {scheduler_job.py:639} INFO - DAG(s) dict_keys(['example_branch_operator']) retrieved from /home/airflow/.local/lib/python3.6/site-packages/airflow/example_dags/example_branch_operator.py
[2024-04-30 16:13:55,602] {logging_mixin.py:104} INFO - [2024-04-30 16:13:55,602] {dag.py:1824} INFO - Sync 1 DAGs
[2024-04-30 16:13:55,627] {logging_mixin.py:104} INFO - [2024-04-30 16:13:55,627] {dag.py:2280} INFO - Setting next_dagrun for example_branch_operator to 2024-04-28 00:00:00+00:00
[2024-04-30 16:13:55,637] {scheduler_job.py:190} INFO - Processing /home/airflow/.local/lib/python3.6/site-packages/airflow/example_dags/example_branch_operator.py took 0.086 seconds
[2024-04-30 16:14:26,217] {scheduler_job.py:182} INFO - Started process (PID=430) to work on /home/airflow/.local/lib/python3.6/site-packages/airflow/example_dags/example_branch_operator.py
[2024-04-30 16:14:26,219] {scheduler_job.py:629} INFO - Processing file /home/airflow/.local/lib/python3.6/site-packages/airflow/example_dags/example_branch_operator.py for tasks to queue
[2024-04-30 16:14:26,220] {logging_mixin.py:104} INFO - [2024-04-30 16:14:26,220] {dagbag.py:451} INFO - Filling up the DagBag from /home/airflow/.local/lib/python3.6/site-packages/airflow/example_dags/example_branch_operator.py
[2024-04-30 16:14:26,236] {scheduler_job.py:639} INFO - DAG(s) dict_keys(['example_branch_operator']) retrieved from /home/airflow/.local/lib/python3.6/site-packages/airflow/example_dags/example_branch_operator.py
[2024-04-30 16:14:26,262] {logging_mixin.py:104} INFO - [2024-04-30 16:14:26,262] {dag.py:1824} INFO - Sync 1 DAGs
[2024-04-30 16:14:26,308] {logging_mixin.py:104} INFO - [2024-04-30 16:14:26,307] {dag.py:2280} INFO - Setting next_dagrun for example_branch_operator to 2024-04-28 00:00:00+00:00
[2024-04-30 16:14:26,317] {scheduler_job.py:190} INFO - Processing /home/airflow/.local/lib/python3.6/site-packages/airflow/example_dags/example_branch_operator.py took 0.105 seconds
[2024-04-30 16:14:57,496] {scheduler_job.py:182} INFO - Started process (PID=462) to work on /home/airflow/.local/lib/python3.6/site-packages/airflow/example_dags/example_branch_operator.py
[2024-04-30 16:14:57,499] {scheduler_job.py:629} INFO - Processing file /home/airflow/.local/lib/python3.6/site-packages/airflow/example_dags/example_branch_operator.py for tasks to queue
[2024-04-30 16:14:57,500] {logging_mixin.py:104} INFO - [2024-04-30 16:14:57,500] {dagbag.py:451} INFO - Filling up the DagBag from /home/airflow/.local/lib/python3.6/site-packages/airflow/example_dags/example_branch_operator.py
[2024-04-30 16:14:57,526] {scheduler_job.py:639} INFO - DAG(s) dict_keys(['example_branch_operator']) retrieved from /home/airflow/.local/lib/python3.6/site-packages/airflow/example_dags/example_branch_operator.py
[2024-04-30 16:14:57,567] {logging_mixin.py:104} INFO - [2024-04-30 16:14:57,567] {dag.py:1824} INFO - Sync 1 DAGs
[2024-04-30 16:14:57,613] {logging_mixin.py:104} INFO - [2024-04-30 16:14:57,613] {dag.py:2280} INFO - Setting next_dagrun for example_branch_operator to 2024-04-28 00:00:00+00:00
[2024-04-30 16:14:57,631] {scheduler_job.py:190} INFO - Processing /home/airflow/.local/lib/python3.6/site-packages/airflow/example_dags/example_branch_operator.py took 0.140 seconds
[2024-04-30 16:15:28,261] {scheduler_job.py:182} INFO - Started process (PID=492) to work on /home/airflow/.local/lib/python3.6/site-packages/airflow/example_dags/example_branch_operator.py
[2024-04-30 16:15:28,263] {scheduler_job.py:629} INFO - Processing file /home/airflow/.local/lib/python3.6/site-packages/airflow/example_dags/example_branch_operator.py for tasks to queue
[2024-04-30 16:15:28,265] {logging_mixin.py:104} INFO - [2024-04-30 16:15:28,265] {dagbag.py:451} INFO - Filling up the DagBag from /home/airflow/.local/lib/python3.6/site-packages/airflow/example_dags/example_branch_operator.py
[2024-04-30 16:15:28,290] {scheduler_job.py:639} INFO - DAG(s) dict_keys(['example_branch_operator']) retrieved from /home/airflow/.local/lib/python3.6/site-packages/airflow/example_dags/example_branch_operator.py
[2024-04-30 16:15:28,330] {logging_mixin.py:104} INFO - [2024-04-30 16:15:28,330] {dag.py:1824} INFO - Sync 1 DAGs
[2024-04-30 16:15:28,357] {logging_mixin.py:104} INFO - [2024-04-30 16:15:28,357] {dag.py:2280} INFO - Setting next_dagrun for example_branch_operator to 2024-04-28 00:00:00+00:00
[2024-04-30 16:15:28,368] {scheduler_job.py:190} INFO - Processing /home/airflow/.local/lib/python3.6/site-packages/airflow/example_dags/example_branch_operator.py took 0.114 seconds
[2024-04-30 16:15:58,904] {scheduler_job.py:182} INFO - Started process (PID=524) to work on /home/airflow/.local/lib/python3.6/site-packages/airflow/example_dags/example_branch_operator.py
[2024-04-30 16:15:58,906] {scheduler_job.py:629} INFO - Processing file /home/airflow/.local/lib/python3.6/site-packages/airflow/example_dags/example_branch_operator.py for tasks to queue
[2024-04-30 16:15:58,907] {logging_mixin.py:104} INFO - [2024-04-30 16:15:58,907] {dagbag.py:451} INFO - Filling up the DagBag from /home/airflow/.local/lib/python3.6/site-packages/airflow/example_dags/example_branch_operator.py
[2024-04-30 16:15:58,926] {scheduler_job.py:639} INFO - DAG(s) dict_keys(['example_branch_operator']) retrieved from /home/airflow/.local/lib/python3.6/site-packages/airflow/example_dags/example_branch_operator.py
[2024-04-30 16:15:58,952] {logging_mixin.py:104} INFO - [2024-04-30 16:15:58,952] {dag.py:1824} INFO - Sync 1 DAGs
[2024-04-30 16:15:58,977] {logging_mixin.py:104} INFO - [2024-04-30 16:15:58,977] {dag.py:2280} INFO - Setting next_dagrun for example_branch_operator to 2024-04-28 00:00:00+00:00
[2024-04-30 16:15:59,015] {scheduler_job.py:190} INFO - Processing /home/airflow/.local/lib/python3.6/site-packages/airflow/example_dags/example_branch_operator.py took 0.115 seconds
[2024-04-30 16:16:29,413] {scheduler_job.py:182} INFO - Started process (PID=556) to work on /home/airflow/.local/lib/python3.6/site-packages/airflow/example_dags/example_branch_operator.py
[2024-04-30 16:16:29,419] {scheduler_job.py:629} INFO - Processing file /home/airflow/.local/lib/python3.6/site-packages/airflow/example_dags/example_branch_operator.py for tasks to queue
[2024-04-30 16:16:29,421] {logging_mixin.py:104} INFO - [2024-04-30 16:16:29,420] {dagbag.py:451} INFO - Filling up the DagBag from /home/airflow/.local/lib/python3.6/site-packages/airflow/example_dags/example_branch_operator.py
[2024-04-30 16:16:29,443] {scheduler_job.py:639} INFO - DAG(s) dict_keys(['example_branch_operator']) retrieved from /home/airflow/.local/lib/python3.6/site-packages/airflow/example_dags/example_branch_operator.py
[2024-04-30 16:16:29,489] {logging_mixin.py:104} INFO - [2024-04-30 16:16:29,489] {dag.py:1824} INFO - Sync 1 DAGs
[2024-04-30 16:16:29,522] {logging_mixin.py:104} INFO - [2024-04-30 16:16:29,522] {dag.py:2280} INFO - Setting next_dagrun for example_branch_operator to 2024-04-28 00:00:00+00:00
[2024-04-30 16:16:29,544] {scheduler_job.py:190} INFO - Processing /home/airflow/.local/lib/python3.6/site-packages/airflow/example_dags/example_branch_operator.py took 0.138 seconds
[2024-04-30 16:16:59,840] {scheduler_job.py:182} INFO - Started process (PID=588) to work on /home/airflow/.local/lib/python3.6/site-packages/airflow/example_dags/example_branch_operator.py
[2024-04-30 16:16:59,841] {scheduler_job.py:629} INFO - Processing file /home/airflow/.local/lib/python3.6/site-packages/airflow/example_dags/example_branch_operator.py for tasks to queue
[2024-04-30 16:16:59,842] {logging_mixin.py:104} INFO - [2024-04-30 16:16:59,842] {dagbag.py:451} INFO - Filling up the DagBag from /home/airflow/.local/lib/python3.6/site-packages/airflow/example_dags/example_branch_operator.py
[2024-04-30 16:16:59,860] {scheduler_job.py:639} INFO - DAG(s) dict_keys(['example_branch_operator']) retrieved from /home/airflow/.local/lib/python3.6/site-packages/airflow/example_dags/example_branch_operator.py
[2024-04-30 16:16:59,882] {logging_mixin.py:104} INFO - [2024-04-30 16:16:59,882] {dag.py:1824} INFO - Sync 1 DAGs
[2024-04-30 16:16:59,906] {logging_mixin.py:104} INFO - [2024-04-30 16:16:59,906] {dag.py:2280} INFO - Setting next_dagrun for example_branch_operator to 2024-04-28 00:00:00+00:00
[2024-04-30 16:16:59,916] {scheduler_job.py:190} INFO - Processing /home/airflow/.local/lib/python3.6/site-packages/airflow/example_dags/example_branch_operator.py took 0.080 seconds
[2024-04-30 16:17:30,610] {scheduler_job.py:182} INFO - Started process (PID=620) to work on /home/airflow/.local/lib/python3.6/site-packages/airflow/example_dags/example_branch_operator.py
[2024-04-30 16:17:30,612] {scheduler_job.py:629} INFO - Processing file /home/airflow/.local/lib/python3.6/site-packages/airflow/example_dags/example_branch_operator.py for tasks to queue
[2024-04-30 16:17:30,613] {logging_mixin.py:104} INFO - [2024-04-30 16:17:30,613] {dagbag.py:451} INFO - Filling up the DagBag from /home/airflow/.local/lib/python3.6/site-packages/airflow/example_dags/example_branch_operator.py
[2024-04-30 16:17:30,627] {scheduler_job.py:639} INFO - DAG(s) dict_keys(['example_branch_operator']) retrieved from /home/airflow/.local/lib/python3.6/site-packages/airflow/example_dags/example_branch_operator.py
[2024-04-30 16:17:30,648] {logging_mixin.py:104} INFO - [2024-04-30 16:17:30,648] {dag.py:1824} INFO - Sync 1 DAGs
[2024-04-30 16:17:30,668] {logging_mixin.py:104} INFO - [2024-04-30 16:17:30,668] {dag.py:2280} INFO - Setting next_dagrun for example_branch_operator to 2024-04-28 00:00:00+00:00
[2024-04-30 16:17:30,681] {scheduler_job.py:190} INFO - Processing /home/airflow/.local/lib/python3.6/site-packages/airflow/example_dags/example_branch_operator.py took 0.074 seconds
[2024-04-30 16:18:01,639] {scheduler_job.py:182} INFO - Started process (PID=652) to work on /home/airflow/.local/lib/python3.6/site-packages/airflow/example_dags/example_branch_operator.py
[2024-04-30 16:18:01,641] {scheduler_job.py:629} INFO - Processing file /home/airflow/.local/lib/python3.6/site-packages/airflow/example_dags/example_branch_operator.py for tasks to queue
[2024-04-30 16:18:01,642] {logging_mixin.py:104} INFO - [2024-04-30 16:18:01,642] {dagbag.py:451} INFO - Filling up the DagBag from /home/airflow/.local/lib/python3.6/site-packages/airflow/example_dags/example_branch_operator.py
[2024-04-30 16:18:01,657] {scheduler_job.py:639} INFO - DAG(s) dict_keys(['example_branch_operator']) retrieved from /home/airflow/.local/lib/python3.6/site-packages/airflow/example_dags/example_branch_operator.py
[2024-04-30 16:18:01,677] {logging_mixin.py:104} INFO - [2024-04-30 16:18:01,677] {dag.py:1824} INFO - Sync 1 DAGs
[2024-04-30 16:18:01,700] {logging_mixin.py:104} INFO - [2024-04-30 16:18:01,699] {dag.py:2280} INFO - Setting next_dagrun for example_branch_operator to 2024-04-28 00:00:00+00:00
[2024-04-30 16:18:01,710] {scheduler_job.py:190} INFO - Processing /home/airflow/.local/lib/python3.6/site-packages/airflow/example_dags/example_branch_operator.py took 0.074 seconds
[2024-04-30 16:18:31,976] {scheduler_job.py:182} INFO - Started process (PID=684) to work on /home/airflow/.local/lib/python3.6/site-packages/airflow/example_dags/example_branch_operator.py
[2024-04-30 16:18:31,977] {scheduler_job.py:629} INFO - Processing file /home/airflow/.local/lib/python3.6/site-packages/airflow/example_dags/example_branch_operator.py for tasks to queue
[2024-04-30 16:18:31,978] {logging_mixin.py:104} INFO - [2024-04-30 16:18:31,978] {dagbag.py:451} INFO - Filling up the DagBag from /home/airflow/.local/lib/python3.6/site-packages/airflow/example_dags/example_branch_operator.py
[2024-04-30 16:18:31,993] {scheduler_job.py:639} INFO - DAG(s) dict_keys(['example_branch_operator']) retrieved from /home/airflow/.local/lib/python3.6/site-packages/airflow/example_dags/example_branch_operator.py
[2024-04-30 16:18:32,013] {logging_mixin.py:104} INFO - [2024-04-30 16:18:32,013] {dag.py:1824} INFO - Sync 1 DAGs
[2024-04-30 16:18:32,032] {logging_mixin.py:104} INFO - [2024-04-30 16:18:32,032] {dag.py:2280} INFO - Setting next_dagrun for example_branch_operator to 2024-04-28 00:00:00+00:00
[2024-04-30 16:18:32,042] {scheduler_job.py:190} INFO - Processing /home/airflow/.local/lib/python3.6/site-packages/airflow/example_dags/example_branch_operator.py took 0.069 seconds
[2024-04-30 16:19:02,503] {scheduler_job.py:182} INFO - Started process (PID=716) to work on /home/airflow/.local/lib/python3.6/site-packages/airflow/example_dags/example_branch_operator.py
[2024-04-30 16:19:02,504] {scheduler_job.py:629} INFO - Processing file /home/airflow/.local/lib/python3.6/site-packages/airflow/example_dags/example_branch_operator.py for tasks to queue
[2024-04-30 16:19:02,505] {logging_mixin.py:104} INFO - [2024-04-30 16:19:02,505] {dagbag.py:451} INFO - Filling up the DagBag from /home/airflow/.local/lib/python3.6/site-packages/airflow/example_dags/example_branch_operator.py
[2024-04-30 16:19:02,522] {scheduler_job.py:639} INFO - DAG(s) dict_keys(['example_branch_operator']) retrieved from /home/airflow/.local/lib/python3.6/site-packages/airflow/example_dags/example_branch_operator.py
[2024-04-30 16:19:02,545] {logging_mixin.py:104} INFO - [2024-04-30 16:19:02,545] {dag.py:1824} INFO - Sync 1 DAGs
[2024-04-30 16:19:02,567] {logging_mixin.py:104} INFO - [2024-04-30 16:19:02,567] {dag.py:2280} INFO - Setting next_dagrun for example_branch_operator to 2024-04-28 00:00:00+00:00
[2024-04-30 16:19:02,577] {scheduler_job.py:190} INFO - Processing /home/airflow/.local/lib/python3.6/site-packages/airflow/example_dags/example_branch_operator.py took 0.078 seconds
[2024-04-30 16:19:32,957] {scheduler_job.py:182} INFO - Started process (PID=748) to work on /home/airflow/.local/lib/python3.6/site-packages/airflow/example_dags/example_branch_operator.py
[2024-04-30 16:19:32,958] {scheduler_job.py:629} INFO - Processing file /home/airflow/.local/lib/python3.6/site-packages/airflow/example_dags/example_branch_operator.py for tasks to queue
[2024-04-30 16:19:32,959] {logging_mixin.py:104} INFO - [2024-04-30 16:19:32,959] {dagbag.py:451} INFO - Filling up the DagBag from /home/airflow/.local/lib/python3.6/site-packages/airflow/example_dags/example_branch_operator.py
[2024-04-30 16:19:32,974] {scheduler_job.py:639} INFO - DAG(s) dict_keys(['example_branch_operator']) retrieved from /home/airflow/.local/lib/python3.6/site-packages/airflow/example_dags/example_branch_operator.py
[2024-04-30 16:19:32,997] {logging_mixin.py:104} INFO - [2024-04-30 16:19:32,997] {dag.py:1824} INFO - Sync 1 DAGs
[2024-04-30 16:19:33,021] {logging_mixin.py:104} INFO - [2024-04-30 16:19:33,021] {dag.py:2280} INFO - Setting next_dagrun for example_branch_operator to 2024-04-28 00:00:00+00:00
[2024-04-30 16:19:33,033] {scheduler_job.py:190} INFO - Processing /home/airflow/.local/lib/python3.6/site-packages/airflow/example_dags/example_branch_operator.py took 0.079 seconds
[2024-04-30 16:20:03,360] {scheduler_job.py:182} INFO - Started process (PID=780) to work on /home/airflow/.local/lib/python3.6/site-packages/airflow/example_dags/example_branch_operator.py
[2024-04-30 16:20:03,361] {scheduler_job.py:629} INFO - Processing file /home/airflow/.local/lib/python3.6/site-packages/airflow/example_dags/example_branch_operator.py for tasks to queue
[2024-04-30 16:20:03,362] {logging_mixin.py:104} INFO - [2024-04-30 16:20:03,362] {dagbag.py:451} INFO - Filling up the DagBag from /home/airflow/.local/lib/python3.6/site-packages/airflow/example_dags/example_branch_operator.py
[2024-04-30 16:20:03,376] {scheduler_job.py:639} INFO - DAG(s) dict_keys(['example_branch_operator']) retrieved from /home/airflow/.local/lib/python3.6/site-packages/airflow/example_dags/example_branch_operator.py
[2024-04-30 16:20:03,394] {logging_mixin.py:104} INFO - [2024-04-30 16:20:03,394] {dag.py:1824} INFO - Sync 1 DAGs
[2024-04-30 16:20:03,413] {logging_mixin.py:104} INFO - [2024-04-30 16:20:03,413] {dag.py:2280} INFO - Setting next_dagrun for example_branch_operator to 2024-04-28 00:00:00+00:00
[2024-04-30 16:20:03,423] {scheduler_job.py:190} INFO - Processing /home/airflow/.local/lib/python3.6/site-packages/airflow/example_dags/example_branch_operator.py took 0.066 seconds
[2024-04-30 16:20:33,873] {scheduler_job.py:182} INFO - Started process (PID=812) to work on /home/airflow/.local/lib/python3.6/site-packages/airflow/example_dags/example_branch_operator.py
[2024-04-30 16:20:33,874] {scheduler_job.py:629} INFO - Processing file /home/airflow/.local/lib/python3.6/site-packages/airflow/example_dags/example_branch_operator.py for tasks to queue
[2024-04-30 16:20:33,875] {logging_mixin.py:104} INFO - [2024-04-30 16:20:33,875] {dagbag.py:451} INFO - Filling up the DagBag from /home/airflow/.local/lib/python3.6/site-packages/airflow/example_dags/example_branch_operator.py
[2024-04-30 16:20:33,889] {scheduler_job.py:639} INFO - DAG(s) dict_keys(['example_branch_operator']) retrieved from /home/airflow/.local/lib/python3.6/site-packages/airflow/example_dags/example_branch_operator.py
[2024-04-30 16:20:33,912] {logging_mixin.py:104} INFO - [2024-04-30 16:20:33,912] {dag.py:1824} INFO - Sync 1 DAGs
[2024-04-30 16:20:33,934] {logging_mixin.py:104} INFO - [2024-04-30 16:20:33,934] {dag.py:2280} INFO - Setting next_dagrun for example_branch_operator to 2024-04-28 00:00:00+00:00
[2024-04-30 16:20:33,945] {scheduler_job.py:190} INFO - Processing /home/airflow/.local/lib/python3.6/site-packages/airflow/example_dags/example_branch_operator.py took 0.075 seconds
[2024-04-30 16:21:04,358] {scheduler_job.py:182} INFO - Started process (PID=844) to work on /home/airflow/.local/lib/python3.6/site-packages/airflow/example_dags/example_branch_operator.py
[2024-04-30 16:21:04,359] {scheduler_job.py:629} INFO - Processing file /home/airflow/.local/lib/python3.6/site-packages/airflow/example_dags/example_branch_operator.py for tasks to queue
[2024-04-30 16:21:04,360] {logging_mixin.py:104} INFO - [2024-04-30 16:21:04,360] {dagbag.py:451} INFO - Filling up the DagBag from /home/airflow/.local/lib/python3.6/site-packages/airflow/example_dags/example_branch_operator.py
[2024-04-30 16:21:04,374] {scheduler_job.py:639} INFO - DAG(s) dict_keys(['example_branch_operator']) retrieved from /home/airflow/.local/lib/python3.6/site-packages/airflow/example_dags/example_branch_operator.py
[2024-04-30 16:21:04,396] {logging_mixin.py:104} INFO - [2024-04-30 16:21:04,396] {dag.py:1824} INFO - Sync 1 DAGs
[2024-04-30 16:21:04,414] {logging_mixin.py:104} INFO - [2024-04-30 16:21:04,414] {dag.py:2280} INFO - Setting next_dagrun for example_branch_operator to 2024-04-28 00:00:00+00:00
[2024-04-30 16:21:04,424] {scheduler_job.py:190} INFO - Processing /home/airflow/.local/lib/python3.6/site-packages/airflow/example_dags/example_branch_operator.py took 0.069 seconds
[2024-04-30 16:21:34,871] {scheduler_job.py:182} INFO - Started process (PID=876) to work on /home/airflow/.local/lib/python3.6/site-packages/airflow/example_dags/example_branch_operator.py
[2024-04-30 16:21:34,873] {scheduler_job.py:629} INFO - Processing file /home/airflow/.local/lib/python3.6/site-packages/airflow/example_dags/example_branch_operator.py for tasks to queue
[2024-04-30 16:21:34,874] {logging_mixin.py:104} INFO - [2024-04-30 16:21:34,874] {dagbag.py:451} INFO - Filling up the DagBag from /home/airflow/.local/lib/python3.6/site-packages/airflow/example_dags/example_branch_operator.py
[2024-04-30 16:21:34,887] {scheduler_job.py:639} INFO - DAG(s) dict_keys(['example_branch_operator']) retrieved from /home/airflow/.local/lib/python3.6/site-packages/airflow/example_dags/example_branch_operator.py
[2024-04-30 16:21:34,910] {logging_mixin.py:104} INFO - [2024-04-30 16:21:34,909] {dag.py:1824} INFO - Sync 1 DAGs
[2024-04-30 16:21:34,930] {logging_mixin.py:104} INFO - [2024-04-30 16:21:34,929] {dag.py:2280} INFO - Setting next_dagrun for example_branch_operator to 2024-04-28 00:00:00+00:00
[2024-04-30 16:21:34,939] {scheduler_job.py:190} INFO - Processing /home/airflow/.local/lib/python3.6/site-packages/airflow/example_dags/example_branch_operator.py took 0.072 seconds
[2024-04-30 16:22:05,423] {scheduler_job.py:182} INFO - Started process (PID=908) to work on /home/airflow/.local/lib/python3.6/site-packages/airflow/example_dags/example_branch_operator.py
[2024-04-30 16:22:05,424] {scheduler_job.py:629} INFO - Processing file /home/airflow/.local/lib/python3.6/site-packages/airflow/example_dags/example_branch_operator.py for tasks to queue
[2024-04-30 16:22:05,425] {logging_mixin.py:104} INFO - [2024-04-30 16:22:05,425] {dagbag.py:451} INFO - Filling up the DagBag from /home/airflow/.local/lib/python3.6/site-packages/airflow/example_dags/example_branch_operator.py
[2024-04-30 16:22:05,441] {scheduler_job.py:639} INFO - DAG(s) dict_keys(['example_branch_operator']) retrieved from /home/airflow/.local/lib/python3.6/site-packages/airflow/example_dags/example_branch_operator.py
[2024-04-30 16:22:05,463] {logging_mixin.py:104} INFO - [2024-04-30 16:22:05,463] {dag.py:1824} INFO - Sync 1 DAGs
[2024-04-30 16:22:05,491] {logging_mixin.py:104} INFO - [2024-04-30 16:22:05,491] {dag.py:2280} INFO - Setting next_dagrun for example_branch_operator to 2024-04-28 00:00:00+00:00
[2024-04-30 16:22:05,502] {scheduler_job.py:190} INFO - Processing /home/airflow/.local/lib/python3.6/site-packages/airflow/example_dags/example_branch_operator.py took 0.082 seconds
[2024-04-30 16:22:36,047] {scheduler_job.py:182} INFO - Started process (PID=940) to work on /home/airflow/.local/lib/python3.6/site-packages/airflow/example_dags/example_branch_operator.py
[2024-04-30 16:22:36,048] {scheduler_job.py:629} INFO - Processing file /home/airflow/.local/lib/python3.6/site-packages/airflow/example_dags/example_branch_operator.py for tasks to queue
[2024-04-30 16:22:36,049] {logging_mixin.py:104} INFO - [2024-04-30 16:22:36,049] {dagbag.py:451} INFO - Filling up the DagBag from /home/airflow/.local/lib/python3.6/site-packages/airflow/example_dags/example_branch_operator.py
[2024-04-30 16:22:36,068] {scheduler_job.py:639} INFO - DAG(s) dict_keys(['example_branch_operator']) retrieved from /home/airflow/.local/lib/python3.6/site-packages/airflow/example_dags/example_branch_operator.py
[2024-04-30 16:22:36,098] {logging_mixin.py:104} INFO - [2024-04-30 16:22:36,098] {dag.py:1824} INFO - Sync 1 DAGs
[2024-04-30 16:22:36,125] {logging_mixin.py:104} INFO - [2024-04-30 16:22:36,124] {dag.py:2280} INFO - Setting next_dagrun for example_branch_operator to 2024-04-28 00:00:00+00:00
[2024-04-30 16:22:36,136] {scheduler_job.py:190} INFO - Processing /home/airflow/.local/lib/python3.6/site-packages/airflow/example_dags/example_branch_operator.py took 0.093 seconds
[2024-04-30 16:23:06,735] {scheduler_job.py:182} INFO - Started process (PID=972) to work on /home/airflow/.local/lib/python3.6/site-packages/airflow/example_dags/example_branch_operator.py
[2024-04-30 16:23:06,737] {scheduler_job.py:629} INFO - Processing file /home/airflow/.local/lib/python3.6/site-packages/airflow/example_dags/example_branch_operator.py for tasks to queue
[2024-04-30 16:23:06,738] {logging_mixin.py:104} INFO - [2024-04-30 16:23:06,738] {dagbag.py:451} INFO - Filling up the DagBag from /home/airflow/.local/lib/python3.6/site-packages/airflow/example_dags/example_branch_operator.py
[2024-04-30 16:23:06,757] {scheduler_job.py:639} INFO - DAG(s) dict_keys(['example_branch_operator']) retrieved from /home/airflow/.local/lib/python3.6/site-packages/airflow/example_dags/example_branch_operator.py
[2024-04-30 16:23:06,784] {logging_mixin.py:104} INFO - [2024-04-30 16:23:06,784] {dag.py:1824} INFO - Sync 1 DAGs
[2024-04-30 16:23:06,810] {logging_mixin.py:104} INFO - [2024-04-30 16:23:06,810] {dag.py:2280} INFO - Setting next_dagrun for example_branch_operator to 2024-04-28 00:00:00+00:00
[2024-04-30 16:23:06,821] {scheduler_job.py:190} INFO - Processing /home/airflow/.local/lib/python3.6/site-packages/airflow/example_dags/example_branch_operator.py took 0.089 seconds
[2024-04-30 16:23:37,152] {scheduler_job.py:182} INFO - Started process (PID=1004) to work on /home/airflow/.local/lib/python3.6/site-packages/airflow/example_dags/example_branch_operator.py
[2024-04-30 16:23:37,153] {scheduler_job.py:629} INFO - Processing file /home/airflow/.local/lib/python3.6/site-packages/airflow/example_dags/example_branch_operator.py for tasks to queue
[2024-04-30 16:23:37,154] {logging_mixin.py:104} INFO - [2024-04-30 16:23:37,154] {dagbag.py:451} INFO - Filling up the DagBag from /home/airflow/.local/lib/python3.6/site-packages/airflow/example_dags/example_branch_operator.py
[2024-04-30 16:23:37,174] {scheduler_job.py:639} INFO - DAG(s) dict_keys(['example_branch_operator']) retrieved from /home/airflow/.local/lib/python3.6/site-packages/airflow/example_dags/example_branch_operator.py
[2024-04-30 16:23:37,197] {logging_mixin.py:104} INFO - [2024-04-30 16:23:37,197] {dag.py:1824} INFO - Sync 1 DAGs
[2024-04-30 16:23:37,219] {logging_mixin.py:104} INFO - [2024-04-30 16:23:37,218] {dag.py:2280} INFO - Setting next_dagrun for example_branch_operator to 2024-04-28 00:00:00+00:00
[2024-04-30 16:23:37,229] {scheduler_job.py:190} INFO - Processing /home/airflow/.local/lib/python3.6/site-packages/airflow/example_dags/example_branch_operator.py took 0.081 seconds
[2024-04-30 16:24:07,815] {scheduler_job.py:182} INFO - Started process (PID=1036) to work on /home/airflow/.local/lib/python3.6/site-packages/airflow/example_dags/example_branch_operator.py
[2024-04-30 16:24:07,817] {scheduler_job.py:629} INFO - Processing file /home/airflow/.local/lib/python3.6/site-packages/airflow/example_dags/example_branch_operator.py for tasks to queue
[2024-04-30 16:24:07,819] {logging_mixin.py:104} INFO - [2024-04-30 16:24:07,819] {dagbag.py:451} INFO - Filling up the DagBag from /home/airflow/.local/lib/python3.6/site-packages/airflow/example_dags/example_branch_operator.py
[2024-04-30 16:24:07,844] {scheduler_job.py:639} INFO - DAG(s) dict_keys(['example_branch_operator']) retrieved from /home/airflow/.local/lib/python3.6/site-packages/airflow/example_dags/example_branch_operator.py
[2024-04-30 16:24:07,876] {logging_mixin.py:104} INFO - [2024-04-30 16:24:07,876] {dag.py:1824} INFO - Sync 1 DAGs
[2024-04-30 16:24:07,906] {logging_mixin.py:104} INFO - [2024-04-30 16:24:07,906] {dag.py:2280} INFO - Setting next_dagrun for example_branch_operator to 2024-04-28 00:00:00+00:00
[2024-04-30 16:24:07,915] {scheduler_job.py:190} INFO - Processing /home/airflow/.local/lib/python3.6/site-packages/airflow/example_dags/example_branch_operator.py took 0.108 seconds
[2024-04-30 16:24:38,336] {scheduler_job.py:182} INFO - Started process (PID=1068) to work on /home/airflow/.local/lib/python3.6/site-packages/airflow/example_dags/example_branch_operator.py
[2024-04-30 16:24:38,337] {scheduler_job.py:629} INFO - Processing file /home/airflow/.local/lib/python3.6/site-packages/airflow/example_dags/example_branch_operator.py for tasks to queue
[2024-04-30 16:24:38,338] {logging_mixin.py:104} INFO - [2024-04-30 16:24:38,338] {dagbag.py:451} INFO - Filling up the DagBag from /home/airflow/.local/lib/python3.6/site-packages/airflow/example_dags/example_branch_operator.py
[2024-04-30 16:24:38,358] {scheduler_job.py:639} INFO - DAG(s) dict_keys(['example_branch_operator']) retrieved from /home/airflow/.local/lib/python3.6/site-packages/airflow/example_dags/example_branch_operator.py
[2024-04-30 16:24:38,380] {logging_mixin.py:104} INFO - [2024-04-30 16:24:38,380] {dag.py:1824} INFO - Sync 1 DAGs
[2024-04-30 16:24:38,405] {logging_mixin.py:104} INFO - [2024-04-30 16:24:38,405] {dag.py:2280} INFO - Setting next_dagrun for example_branch_operator to 2024-04-28 00:00:00+00:00
[2024-04-30 16:24:38,417] {scheduler_job.py:190} INFO - Processing /home/airflow/.local/lib/python3.6/site-packages/airflow/example_dags/example_branch_operator.py took 0.086 seconds
[2024-04-30 16:25:09,057] {scheduler_job.py:182} INFO - Started process (PID=1100) to work on /home/airflow/.local/lib/python3.6/site-packages/airflow/example_dags/example_branch_operator.py
[2024-04-30 16:25:09,058] {scheduler_job.py:629} INFO - Processing file /home/airflow/.local/lib/python3.6/site-packages/airflow/example_dags/example_branch_operator.py for tasks to queue
[2024-04-30 16:25:09,060] {logging_mixin.py:104} INFO - [2024-04-30 16:25:09,059] {dagbag.py:451} INFO - Filling up the DagBag from /home/airflow/.local/lib/python3.6/site-packages/airflow/example_dags/example_branch_operator.py
[2024-04-30 16:25:09,077] {scheduler_job.py:639} INFO - DAG(s) dict_keys(['example_branch_operator']) retrieved from /home/airflow/.local/lib/python3.6/site-packages/airflow/example_dags/example_branch_operator.py
[2024-04-30 16:25:09,102] {logging_mixin.py:104} INFO - [2024-04-30 16:25:09,102] {dag.py:1824} INFO - Sync 1 DAGs
[2024-04-30 16:25:09,125] {logging_mixin.py:104} INFO - [2024-04-30 16:25:09,125] {dag.py:2280} INFO - Setting next_dagrun for example_branch_operator to 2024-04-28 00:00:00+00:00
[2024-04-30 16:25:09,136] {scheduler_job.py:190} INFO - Processing /home/airflow/.local/lib/python3.6/site-packages/airflow/example_dags/example_branch_operator.py took 0.082 seconds
[2024-04-30 16:25:39,706] {scheduler_job.py:182} INFO - Started process (PID=1132) to work on /home/airflow/.local/lib/python3.6/site-packages/airflow/example_dags/example_branch_operator.py
[2024-04-30 16:25:39,708] {scheduler_job.py:629} INFO - Processing file /home/airflow/.local/lib/python3.6/site-packages/airflow/example_dags/example_branch_operator.py for tasks to queue
[2024-04-30 16:25:39,709] {logging_mixin.py:104} INFO - [2024-04-30 16:25:39,709] {dagbag.py:451} INFO - Filling up the DagBag from /home/airflow/.local/lib/python3.6/site-packages/airflow/example_dags/example_branch_operator.py
[2024-04-30 16:25:39,724] {scheduler_job.py:639} INFO - DAG(s) dict_keys(['example_branch_operator']) retrieved from /home/airflow/.local/lib/python3.6/site-packages/airflow/example_dags/example_branch_operator.py
[2024-04-30 16:25:39,745] {logging_mixin.py:104} INFO - [2024-04-30 16:25:39,745] {dag.py:1824} INFO - Sync 1 DAGs
[2024-04-30 16:25:39,767] {logging_mixin.py:104} INFO - [2024-04-30 16:25:39,767] {dag.py:2280} INFO - Setting next_dagrun for example_branch_operator to 2024-04-28 00:00:00+00:00
[2024-04-30 16:25:39,782] {scheduler_job.py:190} INFO - Processing /home/airflow/.local/lib/python3.6/site-packages/airflow/example_dags/example_branch_operator.py took 0.080 seconds
[2024-04-30 16:26:10,179] {scheduler_job.py:182} INFO - Started process (PID=1164) to work on /home/airflow/.local/lib/python3.6/site-packages/airflow/example_dags/example_branch_operator.py
[2024-04-30 16:26:10,180] {scheduler_job.py:629} INFO - Processing file /home/airflow/.local/lib/python3.6/site-packages/airflow/example_dags/example_branch_operator.py for tasks to queue
[2024-04-30 16:26:10,181] {logging_mixin.py:104} INFO - [2024-04-30 16:26:10,181] {dagbag.py:451} INFO - Filling up the DagBag from /home/airflow/.local/lib/python3.6/site-packages/airflow/example_dags/example_branch_operator.py
[2024-04-30 16:26:10,197] {scheduler_job.py:639} INFO - DAG(s) dict_keys(['example_branch_operator']) retrieved from /home/airflow/.local/lib/python3.6/site-packages/airflow/example_dags/example_branch_operator.py
[2024-04-30 16:26:10,217] {logging_mixin.py:104} INFO - [2024-04-30 16:26:10,217] {dag.py:1824} INFO - Sync 1 DAGs
[2024-04-30 16:26:10,236] {logging_mixin.py:104} INFO - [2024-04-30 16:26:10,236] {dag.py:2280} INFO - Setting next_dagrun for example_branch_operator to 2024-04-28 00:00:00+00:00
[2024-04-30 16:26:10,247] {scheduler_job.py:190} INFO - Processing /home/airflow/.local/lib/python3.6/site-packages/airflow/example_dags/example_branch_operator.py took 0.071 seconds
[2024-04-30 16:26:40,603] {scheduler_job.py:182} INFO - Started process (PID=1196) to work on /home/airflow/.local/lib/python3.6/site-packages/airflow/example_dags/example_branch_operator.py
[2024-04-30 16:26:40,607] {scheduler_job.py:629} INFO - Processing file /home/airflow/.local/lib/python3.6/site-packages/airflow/example_dags/example_branch_operator.py for tasks to queue
[2024-04-30 16:26:40,608] {logging_mixin.py:104} INFO - [2024-04-30 16:26:40,608] {dagbag.py:451} INFO - Filling up the DagBag from /home/airflow/.local/lib/python3.6/site-packages/airflow/example_dags/example_branch_operator.py
[2024-04-30 16:26:40,624] {scheduler_job.py:639} INFO - DAG(s) dict_keys(['example_branch_operator']) retrieved from /home/airflow/.local/lib/python3.6/site-packages/airflow/example_dags/example_branch_operator.py
[2024-04-30 16:26:40,651] {logging_mixin.py:104} INFO - [2024-04-30 16:26:40,651] {dag.py:1824} INFO - Sync 1 DAGs
[2024-04-30 16:26:40,672] {logging_mixin.py:104} INFO - [2024-04-30 16:26:40,672] {dag.py:2280} INFO - Setting next_dagrun for example_branch_operator to 2024-04-28 00:00:00+00:00
[2024-04-30 16:26:40,682] {scheduler_job.py:190} INFO - Processing /home/airflow/.local/lib/python3.6/site-packages/airflow/example_dags/example_branch_operator.py took 0.088 seconds
[2024-04-30 16:27:11,148] {scheduler_job.py:182} INFO - Started process (PID=1228) to work on /home/airflow/.local/lib/python3.6/site-packages/airflow/example_dags/example_branch_operator.py
[2024-04-30 16:27:11,149] {scheduler_job.py:629} INFO - Processing file /home/airflow/.local/lib/python3.6/site-packages/airflow/example_dags/example_branch_operator.py for tasks to queue
[2024-04-30 16:27:11,151] {logging_mixin.py:104} INFO - [2024-04-30 16:27:11,151] {dagbag.py:451} INFO - Filling up the DagBag from /home/airflow/.local/lib/python3.6/site-packages/airflow/example_dags/example_branch_operator.py
[2024-04-30 16:27:11,171] {scheduler_job.py:639} INFO - DAG(s) dict_keys(['example_branch_operator']) retrieved from /home/airflow/.local/lib/python3.6/site-packages/airflow/example_dags/example_branch_operator.py
[2024-04-30 16:27:11,198] {logging_mixin.py:104} INFO - [2024-04-30 16:27:11,198] {dag.py:1824} INFO - Sync 1 DAGs
[2024-04-30 16:27:11,219] {logging_mixin.py:104} INFO - [2024-04-30 16:27:11,219] {dag.py:2280} INFO - Setting next_dagrun for example_branch_operator to 2024-04-28 00:00:00+00:00
[2024-04-30 16:27:11,231] {scheduler_job.py:190} INFO - Processing /home/airflow/.local/lib/python3.6/site-packages/airflow/example_dags/example_branch_operator.py took 0.088 seconds
[2024-04-30 16:27:41,678] {scheduler_job.py:182} INFO - Started process (PID=1260) to work on /home/airflow/.local/lib/python3.6/site-packages/airflow/example_dags/example_branch_operator.py
[2024-04-30 16:27:41,679] {scheduler_job.py:629} INFO - Processing file /home/airflow/.local/lib/python3.6/site-packages/airflow/example_dags/example_branch_operator.py for tasks to queue
[2024-04-30 16:27:41,680] {logging_mixin.py:104} INFO - [2024-04-30 16:27:41,680] {dagbag.py:451} INFO - Filling up the DagBag from /home/airflow/.local/lib/python3.6/site-packages/airflow/example_dags/example_branch_operator.py
[2024-04-30 16:27:41,693] {scheduler_job.py:639} INFO - DAG(s) dict_keys(['example_branch_operator']) retrieved from /home/airflow/.local/lib/python3.6/site-packages/airflow/example_dags/example_branch_operator.py
[2024-04-30 16:27:41,714] {logging_mixin.py:104} INFO - [2024-04-30 16:27:41,714] {dag.py:1824} INFO - Sync 1 DAGs
[2024-04-30 16:27:41,734] {logging_mixin.py:104} INFO - [2024-04-30 16:27:41,734] {dag.py:2280} INFO - Setting next_dagrun for example_branch_operator to 2024-04-28 00:00:00+00:00
[2024-04-30 16:27:41,743] {scheduler_job.py:190} INFO - Processing /home/airflow/.local/lib/python3.6/site-packages/airflow/example_dags/example_branch_operator.py took 0.068 seconds
[2024-04-30 16:28:12,137] {scheduler_job.py:182} INFO - Started process (PID=1292) to work on /home/airflow/.local/lib/python3.6/site-packages/airflow/example_dags/example_branch_operator.py
[2024-04-30 16:28:12,140] {scheduler_job.py:629} INFO - Processing file /home/airflow/.local/lib/python3.6/site-packages/airflow/example_dags/example_branch_operator.py for tasks to queue
[2024-04-30 16:28:12,142] {logging_mixin.py:104} INFO - [2024-04-30 16:28:12,142] {dagbag.py:451} INFO - Filling up the DagBag from /home/airflow/.local/lib/python3.6/site-packages/airflow/example_dags/example_branch_operator.py
[2024-04-30 16:28:12,179] {scheduler_job.py:639} INFO - DAG(s) dict_keys(['example_branch_operator']) retrieved from /home/airflow/.local/lib/python3.6/site-packages/airflow/example_dags/example_branch_operator.py
[2024-04-30 16:28:12,211] {logging_mixin.py:104} INFO - [2024-04-30 16:28:12,211] {dag.py:1824} INFO - Sync 1 DAGs
[2024-04-30 16:28:12,231] {logging_mixin.py:104} INFO - [2024-04-30 16:28:12,231] {dag.py:2280} INFO - Setting next_dagrun for example_branch_operator to 2024-04-28 00:00:00+00:00
[2024-04-30 16:28:12,241] {scheduler_job.py:190} INFO - Processing /home/airflow/.local/lib/python3.6/site-packages/airflow/example_dags/example_branch_operator.py took 0.112 seconds
[2024-04-30 16:28:42,790] {scheduler_job.py:182} INFO - Started process (PID=1324) to work on /home/airflow/.local/lib/python3.6/site-packages/airflow/example_dags/example_branch_operator.py
[2024-04-30 16:28:42,791] {scheduler_job.py:629} INFO - Processing file /home/airflow/.local/lib/python3.6/site-packages/airflow/example_dags/example_branch_operator.py for tasks to queue
[2024-04-30 16:28:42,792] {logging_mixin.py:104} INFO - [2024-04-30 16:28:42,792] {dagbag.py:451} INFO - Filling up the DagBag from /home/airflow/.local/lib/python3.6/site-packages/airflow/example_dags/example_branch_operator.py
[2024-04-30 16:28:42,805] {scheduler_job.py:639} INFO - DAG(s) dict_keys(['example_branch_operator']) retrieved from /home/airflow/.local/lib/python3.6/site-packages/airflow/example_dags/example_branch_operator.py
[2024-04-30 16:28:42,823] {logging_mixin.py:104} INFO - [2024-04-30 16:28:42,823] {dag.py:1824} INFO - Sync 1 DAGs
[2024-04-30 16:28:42,841] {logging_mixin.py:104} INFO - [2024-04-30 16:28:42,841] {dag.py:2280} INFO - Setting next_dagrun for example_branch_operator to 2024-04-28 00:00:00+00:00
[2024-04-30 16:28:42,850] {scheduler_job.py:190} INFO - Processing /home/airflow/.local/lib/python3.6/site-packages/airflow/example_dags/example_branch_operator.py took 0.064 seconds
[2024-04-30 16:29:13,327] {scheduler_job.py:182} INFO - Started process (PID=1356) to work on /home/airflow/.local/lib/python3.6/site-packages/airflow/example_dags/example_branch_operator.py
[2024-04-30 16:29:13,328] {scheduler_job.py:629} INFO - Processing file /home/airflow/.local/lib/python3.6/site-packages/airflow/example_dags/example_branch_operator.py for tasks to queue
[2024-04-30 16:29:13,329] {logging_mixin.py:104} INFO - [2024-04-30 16:29:13,329] {dagbag.py:451} INFO - Filling up the DagBag from /home/airflow/.local/lib/python3.6/site-packages/airflow/example_dags/example_branch_operator.py
[2024-04-30 16:29:13,344] {scheduler_job.py:639} INFO - DAG(s) dict_keys(['example_branch_operator']) retrieved from /home/airflow/.local/lib/python3.6/site-packages/airflow/example_dags/example_branch_operator.py
[2024-04-30 16:29:13,365] {logging_mixin.py:104} INFO - [2024-04-30 16:29:13,365] {dag.py:1824} INFO - Sync 1 DAGs
[2024-04-30 16:29:13,384] {logging_mixin.py:104} INFO - [2024-04-30 16:29:13,384] {dag.py:2280} INFO - Setting next_dagrun for example_branch_operator to 2024-04-28 00:00:00+00:00
[2024-04-30 16:29:13,395] {scheduler_job.py:190} INFO - Processing /home/airflow/.local/lib/python3.6/site-packages/airflow/example_dags/example_branch_operator.py took 0.072 seconds
[2024-04-30 16:29:43,949] {scheduler_job.py:182} INFO - Started process (PID=1388) to work on /home/airflow/.local/lib/python3.6/site-packages/airflow/example_dags/example_branch_operator.py
[2024-04-30 16:29:43,950] {scheduler_job.py:629} INFO - Processing file /home/airflow/.local/lib/python3.6/site-packages/airflow/example_dags/example_branch_operator.py for tasks to queue
[2024-04-30 16:29:43,950] {logging_mixin.py:104} INFO - [2024-04-30 16:29:43,950] {dagbag.py:451} INFO - Filling up the DagBag from /home/airflow/.local/lib/python3.6/site-packages/airflow/example_dags/example_branch_operator.py
[2024-04-30 16:29:43,964] {scheduler_job.py:639} INFO - DAG(s) dict_keys(['example_branch_operator']) retrieved from /home/airflow/.local/lib/python3.6/site-packages/airflow/example_dags/example_branch_operator.py
[2024-04-30 16:29:43,984] {logging_mixin.py:104} INFO - [2024-04-30 16:29:43,984] {dag.py:1824} INFO - Sync 1 DAGs
[2024-04-30 16:29:44,003] {logging_mixin.py:104} INFO - [2024-04-30 16:29:44,003] {dag.py:2280} INFO - Setting next_dagrun for example_branch_operator to 2024-04-28 00:00:00+00:00
[2024-04-30 16:29:44,013] {scheduler_job.py:190} INFO - Processing /home/airflow/.local/lib/python3.6/site-packages/airflow/example_dags/example_branch_operator.py took 0.067 seconds
[2024-04-30 16:30:14,373] {scheduler_job.py:182} INFO - Started process (PID=1420) to work on /home/airflow/.local/lib/python3.6/site-packages/airflow/example_dags/example_branch_operator.py
[2024-04-30 16:30:14,374] {scheduler_job.py:629} INFO - Processing file /home/airflow/.local/lib/python3.6/site-packages/airflow/example_dags/example_branch_operator.py for tasks to queue
[2024-04-30 16:30:14,375] {logging_mixin.py:104} INFO - [2024-04-30 16:30:14,375] {dagbag.py:451} INFO - Filling up the DagBag from /home/airflow/.local/lib/python3.6/site-packages/airflow/example_dags/example_branch_operator.py
[2024-04-30 16:30:14,390] {scheduler_job.py:639} INFO - DAG(s) dict_keys(['example_branch_operator']) retrieved from /home/airflow/.local/lib/python3.6/site-packages/airflow/example_dags/example_branch_operator.py
[2024-04-30 16:30:14,412] {logging_mixin.py:104} INFO - [2024-04-30 16:30:14,412] {dag.py:1824} INFO - Sync 1 DAGs
[2024-04-30 16:30:14,432] {logging_mixin.py:104} INFO - [2024-04-30 16:30:14,432] {dag.py:2280} INFO - Setting next_dagrun for example_branch_operator to 2024-04-28 00:00:00+00:00
[2024-04-30 16:30:14,443] {scheduler_job.py:190} INFO - Processing /home/airflow/.local/lib/python3.6/site-packages/airflow/example_dags/example_branch_operator.py took 0.074 seconds
[2024-04-30 16:30:45,243] {scheduler_job.py:182} INFO - Started process (PID=1452) to work on /home/airflow/.local/lib/python3.6/site-packages/airflow/example_dags/example_branch_operator.py
[2024-04-30 16:30:45,245] {scheduler_job.py:629} INFO - Processing file /home/airflow/.local/lib/python3.6/site-packages/airflow/example_dags/example_branch_operator.py for tasks to queue
[2024-04-30 16:30:45,247] {logging_mixin.py:104} INFO - [2024-04-30 16:30:45,247] {dagbag.py:451} INFO - Filling up the DagBag from /home/airflow/.local/lib/python3.6/site-packages/airflow/example_dags/example_branch_operator.py
[2024-04-30 16:30:45,272] {scheduler_job.py:639} INFO - DAG(s) dict_keys(['example_branch_operator']) retrieved from /home/airflow/.local/lib/python3.6/site-packages/airflow/example_dags/example_branch_operator.py
[2024-04-30 16:30:45,300] {logging_mixin.py:104} INFO - [2024-04-30 16:30:45,300] {dag.py:1824} INFO - Sync 1 DAGs
[2024-04-30 16:30:45,327] {logging_mixin.py:104} INFO - [2024-04-30 16:30:45,327] {dag.py:2280} INFO - Setting next_dagrun for example_branch_operator to 2024-04-28 00:00:00+00:00
[2024-04-30 16:30:45,340] {scheduler_job.py:190} INFO - Processing /home/airflow/.local/lib/python3.6/site-packages/airflow/example_dags/example_branch_operator.py took 0.102 seconds
[2024-04-30 16:31:15,777] {scheduler_job.py:182} INFO - Started process (PID=1484) to work on /home/airflow/.local/lib/python3.6/site-packages/airflow/example_dags/example_branch_operator.py
[2024-04-30 16:31:15,779] {scheduler_job.py:629} INFO - Processing file /home/airflow/.local/lib/python3.6/site-packages/airflow/example_dags/example_branch_operator.py for tasks to queue
[2024-04-30 16:31:15,781] {logging_mixin.py:104} INFO - [2024-04-30 16:31:15,781] {dagbag.py:451} INFO - Filling up the DagBag from /home/airflow/.local/lib/python3.6/site-packages/airflow/example_dags/example_branch_operator.py
[2024-04-30 16:31:15,824] {scheduler_job.py:639} INFO - DAG(s) dict_keys(['example_branch_operator']) retrieved from /home/airflow/.local/lib/python3.6/site-packages/airflow/example_dags/example_branch_operator.py
[2024-04-30 16:31:15,890] {logging_mixin.py:104} INFO - [2024-04-30 16:31:15,890] {dag.py:1824} INFO - Sync 1 DAGs
[2024-04-30 16:31:15,953] {logging_mixin.py:104} INFO - [2024-04-30 16:31:15,952] {dag.py:2280} INFO - Setting next_dagrun for example_branch_operator to 2024-04-28 00:00:00+00:00
[2024-04-30 16:31:15,975] {scheduler_job.py:190} INFO - Processing /home/airflow/.local/lib/python3.6/site-packages/airflow/example_dags/example_branch_operator.py took 0.207 seconds
[2024-04-30 16:31:46,868] {scheduler_job.py:182} INFO - Started process (PID=1517) to work on /home/airflow/.local/lib/python3.6/site-packages/airflow/example_dags/example_branch_operator.py
[2024-04-30 16:31:46,870] {scheduler_job.py:629} INFO - Processing file /home/airflow/.local/lib/python3.6/site-packages/airflow/example_dags/example_branch_operator.py for tasks to queue
[2024-04-30 16:31:46,872] {logging_mixin.py:104} INFO - [2024-04-30 16:31:46,872] {dagbag.py:451} INFO - Filling up the DagBag from /home/airflow/.local/lib/python3.6/site-packages/airflow/example_dags/example_branch_operator.py
[2024-04-30 16:31:46,894] {scheduler_job.py:639} INFO - DAG(s) dict_keys(['example_branch_operator']) retrieved from /home/airflow/.local/lib/python3.6/site-packages/airflow/example_dags/example_branch_operator.py
[2024-04-30 16:31:46,919] {logging_mixin.py:104} INFO - [2024-04-30 16:31:46,919] {dag.py:1824} INFO - Sync 1 DAGs
[2024-04-30 16:31:46,947] {logging_mixin.py:104} INFO - [2024-04-30 16:31:46,947] {dag.py:2280} INFO - Setting next_dagrun for example_branch_operator to 2024-04-28 00:00:00+00:00
[2024-04-30 16:31:46,962] {scheduler_job.py:190} INFO - Processing /home/airflow/.local/lib/python3.6/site-packages/airflow/example_dags/example_branch_operator.py took 0.098 seconds
[2024-04-30 16:32:17,223] {scheduler_job.py:182} INFO - Started process (PID=1549) to work on /home/airflow/.local/lib/python3.6/site-packages/airflow/example_dags/example_branch_operator.py
[2024-04-30 16:32:17,225] {scheduler_job.py:629} INFO - Processing file /home/airflow/.local/lib/python3.6/site-packages/airflow/example_dags/example_branch_operator.py for tasks to queue
[2024-04-30 16:32:17,226] {logging_mixin.py:104} INFO - [2024-04-30 16:32:17,226] {dagbag.py:451} INFO - Filling up the DagBag from /home/airflow/.local/lib/python3.6/site-packages/airflow/example_dags/example_branch_operator.py
[2024-04-30 16:32:17,244] {scheduler_job.py:639} INFO - DAG(s) dict_keys(['example_branch_operator']) retrieved from /home/airflow/.local/lib/python3.6/site-packages/airflow/example_dags/example_branch_operator.py
[2024-04-30 16:32:17,281] {logging_mixin.py:104} INFO - [2024-04-30 16:32:17,281] {dag.py:1824} INFO - Sync 1 DAGs
[2024-04-30 16:32:17,304] {logging_mixin.py:104} INFO - [2024-04-30 16:32:17,304] {dag.py:2280} INFO - Setting next_dagrun for example_branch_operator to 2024-04-28 00:00:00+00:00
[2024-04-30 16:32:17,316] {scheduler_job.py:190} INFO - Processing /home/airflow/.local/lib/python3.6/site-packages/airflow/example_dags/example_branch_operator.py took 0.096 seconds
[2024-04-30 16:32:47,816] {scheduler_job.py:182} INFO - Started process (PID=1581) to work on /home/airflow/.local/lib/python3.6/site-packages/airflow/example_dags/example_branch_operator.py
[2024-04-30 16:32:47,817] {scheduler_job.py:629} INFO - Processing file /home/airflow/.local/lib/python3.6/site-packages/airflow/example_dags/example_branch_operator.py for tasks to queue
[2024-04-30 16:32:47,818] {logging_mixin.py:104} INFO - [2024-04-30 16:32:47,818] {dagbag.py:451} INFO - Filling up the DagBag from /home/airflow/.local/lib/python3.6/site-packages/airflow/example_dags/example_branch_operator.py
[2024-04-30 16:32:47,837] {scheduler_job.py:639} INFO - DAG(s) dict_keys(['example_branch_operator']) retrieved from /home/airflow/.local/lib/python3.6/site-packages/airflow/example_dags/example_branch_operator.py
[2024-04-30 16:32:47,867] {logging_mixin.py:104} INFO - [2024-04-30 16:32:47,867] {dag.py:1824} INFO - Sync 1 DAGs
[2024-04-30 16:32:47,897] {logging_mixin.py:104} INFO - [2024-04-30 16:32:47,897] {dag.py:2280} INFO - Setting next_dagrun for example_branch_operator to 2024-04-28 00:00:00+00:00
[2024-04-30 16:32:47,914] {scheduler_job.py:190} INFO - Processing /home/airflow/.local/lib/python3.6/site-packages/airflow/example_dags/example_branch_operator.py took 0.101 seconds
[2024-04-30 16:33:18,503] {scheduler_job.py:182} INFO - Started process (PID=1613) to work on /home/airflow/.local/lib/python3.6/site-packages/airflow/example_dags/example_branch_operator.py
[2024-04-30 16:33:18,504] {scheduler_job.py:629} INFO - Processing file /home/airflow/.local/lib/python3.6/site-packages/airflow/example_dags/example_branch_operator.py for tasks to queue
[2024-04-30 16:33:18,505] {logging_mixin.py:104} INFO - [2024-04-30 16:33:18,505] {dagbag.py:451} INFO - Filling up the DagBag from /home/airflow/.local/lib/python3.6/site-packages/airflow/example_dags/example_branch_operator.py
[2024-04-30 16:33:18,519] {scheduler_job.py:639} INFO - DAG(s) dict_keys(['example_branch_operator']) retrieved from /home/airflow/.local/lib/python3.6/site-packages/airflow/example_dags/example_branch_operator.py
[2024-04-30 16:33:18,539] {logging_mixin.py:104} INFO - [2024-04-30 16:33:18,539] {dag.py:1824} INFO - Sync 1 DAGs
[2024-04-30 16:33:18,558] {logging_mixin.py:104} INFO - [2024-04-30 16:33:18,558] {dag.py:2280} INFO - Setting next_dagrun for example_branch_operator to 2024-04-28 00:00:00+00:00
[2024-04-30 16:33:18,569] {scheduler_job.py:190} INFO - Processing /home/airflow/.local/lib/python3.6/site-packages/airflow/example_dags/example_branch_operator.py took 0.069 seconds
[2024-04-30 16:33:49,042] {scheduler_job.py:182} INFO - Started process (PID=1645) to work on /home/airflow/.local/lib/python3.6/site-packages/airflow/example_dags/example_branch_operator.py
[2024-04-30 16:33:49,043] {scheduler_job.py:629} INFO - Processing file /home/airflow/.local/lib/python3.6/site-packages/airflow/example_dags/example_branch_operator.py for tasks to queue
[2024-04-30 16:33:49,044] {logging_mixin.py:104} INFO - [2024-04-30 16:33:49,044] {dagbag.py:451} INFO - Filling up the DagBag from /home/airflow/.local/lib/python3.6/site-packages/airflow/example_dags/example_branch_operator.py
[2024-04-30 16:33:49,062] {scheduler_job.py:639} INFO - DAG(s) dict_keys(['example_branch_operator']) retrieved from /home/airflow/.local/lib/python3.6/site-packages/airflow/example_dags/example_branch_operator.py
[2024-04-30 16:33:49,082] {logging_mixin.py:104} INFO - [2024-04-30 16:33:49,082] {dag.py:1824} INFO - Sync 1 DAGs
[2024-04-30 16:33:49,100] {logging_mixin.py:104} INFO - [2024-04-30 16:33:49,099] {dag.py:2280} INFO - Setting next_dagrun for example_branch_operator to 2024-04-28 00:00:00+00:00
[2024-04-30 16:33:49,109] {scheduler_job.py:190} INFO - Processing /home/airflow/.local/lib/python3.6/site-packages/airflow/example_dags/example_branch_operator.py took 0.071 seconds
[2024-04-30 16:34:19,702] {scheduler_job.py:182} INFO - Started process (PID=1677) to work on /home/airflow/.local/lib/python3.6/site-packages/airflow/example_dags/example_branch_operator.py
[2024-04-30 16:34:19,703] {scheduler_job.py:629} INFO - Processing file /home/airflow/.local/lib/python3.6/site-packages/airflow/example_dags/example_branch_operator.py for tasks to queue
[2024-04-30 16:34:19,704] {logging_mixin.py:104} INFO - [2024-04-30 16:34:19,703] {dagbag.py:451} INFO - Filling up the DagBag from /home/airflow/.local/lib/python3.6/site-packages/airflow/example_dags/example_branch_operator.py
[2024-04-30 16:34:19,718] {scheduler_job.py:639} INFO - DAG(s) dict_keys(['example_branch_operator']) retrieved from /home/airflow/.local/lib/python3.6/site-packages/airflow/example_dags/example_branch_operator.py
[2024-04-30 16:34:19,738] {logging_mixin.py:104} INFO - [2024-04-30 16:34:19,738] {dag.py:1824} INFO - Sync 1 DAGs
[2024-04-30 16:34:19,758] {logging_mixin.py:104} INFO - [2024-04-30 16:34:19,758] {dag.py:2280} INFO - Setting next_dagrun for example_branch_operator to 2024-04-28 00:00:00+00:00
[2024-04-30 16:34:19,769] {scheduler_job.py:190} INFO - Processing /home/airflow/.local/lib/python3.6/site-packages/airflow/example_dags/example_branch_operator.py took 0.070 seconds
[2024-04-30 16:34:50,327] {scheduler_job.py:182} INFO - Started process (PID=1709) to work on /home/airflow/.local/lib/python3.6/site-packages/airflow/example_dags/example_branch_operator.py
[2024-04-30 16:34:50,328] {scheduler_job.py:629} INFO - Processing file /home/airflow/.local/lib/python3.6/site-packages/airflow/example_dags/example_branch_operator.py for tasks to queue
[2024-04-30 16:34:50,329] {logging_mixin.py:104} INFO - [2024-04-30 16:34:50,329] {dagbag.py:451} INFO - Filling up the DagBag from /home/airflow/.local/lib/python3.6/site-packages/airflow/example_dags/example_branch_operator.py
[2024-04-30 16:34:50,343] {scheduler_job.py:639} INFO - DAG(s) dict_keys(['example_branch_operator']) retrieved from /home/airflow/.local/lib/python3.6/site-packages/airflow/example_dags/example_branch_operator.py
[2024-04-30 16:34:50,362] {logging_mixin.py:104} INFO - [2024-04-30 16:34:50,362] {dag.py:1824} INFO - Sync 1 DAGs
[2024-04-30 16:34:50,384] {logging_mixin.py:104} INFO - [2024-04-30 16:34:50,384] {dag.py:2280} INFO - Setting next_dagrun for example_branch_operator to 2024-04-28 00:00:00+00:00
[2024-04-30 16:34:50,395] {scheduler_job.py:190} INFO - Processing /home/airflow/.local/lib/python3.6/site-packages/airflow/example_dags/example_branch_operator.py took 0.071 seconds
[2024-04-30 16:35:20,911] {scheduler_job.py:182} INFO - Started process (PID=1741) to work on /home/airflow/.local/lib/python3.6/site-packages/airflow/example_dags/example_branch_operator.py
[2024-04-30 16:35:20,913] {scheduler_job.py:629} INFO - Processing file /home/airflow/.local/lib/python3.6/site-packages/airflow/example_dags/example_branch_operator.py for tasks to queue
[2024-04-30 16:35:20,914] {logging_mixin.py:104} INFO - [2024-04-30 16:35:20,914] {dagbag.py:451} INFO - Filling up the DagBag from /home/airflow/.local/lib/python3.6/site-packages/airflow/example_dags/example_branch_operator.py
[2024-04-30 16:35:20,938] {scheduler_job.py:639} INFO - DAG(s) dict_keys(['example_branch_operator']) retrieved from /home/airflow/.local/lib/python3.6/site-packages/airflow/example_dags/example_branch_operator.py
[2024-04-30 16:35:20,961] {logging_mixin.py:104} INFO - [2024-04-30 16:35:20,960] {dag.py:1824} INFO - Sync 1 DAGs
[2024-04-30 16:35:20,982] {logging_mixin.py:104} INFO - [2024-04-30 16:35:20,982] {dag.py:2280} INFO - Setting next_dagrun for example_branch_operator to 2024-04-28 00:00:00+00:00
[2024-04-30 16:35:20,993] {scheduler_job.py:190} INFO - Processing /home/airflow/.local/lib/python3.6/site-packages/airflow/example_dags/example_branch_operator.py took 0.086 seconds
[2024-04-30 16:35:51,421] {scheduler_job.py:182} INFO - Started process (PID=1773) to work on /home/airflow/.local/lib/python3.6/site-packages/airflow/example_dags/example_branch_operator.py
[2024-04-30 16:35:51,423] {scheduler_job.py:629} INFO - Processing file /home/airflow/.local/lib/python3.6/site-packages/airflow/example_dags/example_branch_operator.py for tasks to queue
[2024-04-30 16:35:51,424] {logging_mixin.py:104} INFO - [2024-04-30 16:35:51,424] {dagbag.py:451} INFO - Filling up the DagBag from /home/airflow/.local/lib/python3.6/site-packages/airflow/example_dags/example_branch_operator.py
[2024-04-30 16:35:51,444] {scheduler_job.py:639} INFO - DAG(s) dict_keys(['example_branch_operator']) retrieved from /home/airflow/.local/lib/python3.6/site-packages/airflow/example_dags/example_branch_operator.py
[2024-04-30 16:35:51,466] {logging_mixin.py:104} INFO - [2024-04-30 16:35:51,466] {dag.py:1824} INFO - Sync 1 DAGs
[2024-04-30 16:35:51,489] {logging_mixin.py:104} INFO - [2024-04-30 16:35:51,489] {dag.py:2280} INFO - Setting next_dagrun for example_branch_operator to 2024-04-28 00:00:00+00:00
[2024-04-30 16:35:51,502] {scheduler_job.py:190} INFO - Processing /home/airflow/.local/lib/python3.6/site-packages/airflow/example_dags/example_branch_operator.py took 0.085 seconds
[2024-04-30 16:36:21,956] {scheduler_job.py:182} INFO - Started process (PID=1805) to work on /home/airflow/.local/lib/python3.6/site-packages/airflow/example_dags/example_branch_operator.py
[2024-04-30 16:36:21,957] {scheduler_job.py:629} INFO - Processing file /home/airflow/.local/lib/python3.6/site-packages/airflow/example_dags/example_branch_operator.py for tasks to queue
[2024-04-30 16:36:21,958] {logging_mixin.py:104} INFO - [2024-04-30 16:36:21,958] {dagbag.py:451} INFO - Filling up the DagBag from /home/airflow/.local/lib/python3.6/site-packages/airflow/example_dags/example_branch_operator.py
[2024-04-30 16:36:21,972] {scheduler_job.py:639} INFO - DAG(s) dict_keys(['example_branch_operator']) retrieved from /home/airflow/.local/lib/python3.6/site-packages/airflow/example_dags/example_branch_operator.py
[2024-04-30 16:36:21,992] {logging_mixin.py:104} INFO - [2024-04-30 16:36:21,992] {dag.py:1824} INFO - Sync 1 DAGs
[2024-04-30 16:36:22,011] {logging_mixin.py:104} INFO - [2024-04-30 16:36:22,011] {dag.py:2280} INFO - Setting next_dagrun for example_branch_operator to 2024-04-28 00:00:00+00:00
[2024-04-30 16:36:22,022] {scheduler_job.py:190} INFO - Processing /home/airflow/.local/lib/python3.6/site-packages/airflow/example_dags/example_branch_operator.py took 0.069 seconds
[2024-04-30 16:36:52,504] {scheduler_job.py:182} INFO - Started process (PID=1837) to work on /home/airflow/.local/lib/python3.6/site-packages/airflow/example_dags/example_branch_operator.py
[2024-04-30 16:36:52,505] {scheduler_job.py:629} INFO - Processing file /home/airflow/.local/lib/python3.6/site-packages/airflow/example_dags/example_branch_operator.py for tasks to queue
[2024-04-30 16:36:52,506] {logging_mixin.py:104} INFO - [2024-04-30 16:36:52,506] {dagbag.py:451} INFO - Filling up the DagBag from /home/airflow/.local/lib/python3.6/site-packages/airflow/example_dags/example_branch_operator.py
[2024-04-30 16:36:52,521] {scheduler_job.py:639} INFO - DAG(s) dict_keys(['example_branch_operator']) retrieved from /home/airflow/.local/lib/python3.6/site-packages/airflow/example_dags/example_branch_operator.py
[2024-04-30 16:36:52,545] {logging_mixin.py:104} INFO - [2024-04-30 16:36:52,545] {dag.py:1824} INFO - Sync 1 DAGs
[2024-04-30 16:36:52,564] {logging_mixin.py:104} INFO - [2024-04-30 16:36:52,564] {dag.py:2280} INFO - Setting next_dagrun for example_branch_operator to 2024-04-28 00:00:00+00:00
[2024-04-30 16:36:52,574] {scheduler_job.py:190} INFO - Processing /home/airflow/.local/lib/python3.6/site-packages/airflow/example_dags/example_branch_operator.py took 0.073 seconds
[2024-04-30 16:37:23,169] {scheduler_job.py:182} INFO - Started process (PID=1869) to work on /home/airflow/.local/lib/python3.6/site-packages/airflow/example_dags/example_branch_operator.py
[2024-04-30 16:37:23,171] {scheduler_job.py:629} INFO - Processing file /home/airflow/.local/lib/python3.6/site-packages/airflow/example_dags/example_branch_operator.py for tasks to queue
[2024-04-30 16:37:23,171] {logging_mixin.py:104} INFO - [2024-04-30 16:37:23,171] {dagbag.py:451} INFO - Filling up the DagBag from /home/airflow/.local/lib/python3.6/site-packages/airflow/example_dags/example_branch_operator.py
[2024-04-30 16:37:23,188] {scheduler_job.py:639} INFO - DAG(s) dict_keys(['example_branch_operator']) retrieved from /home/airflow/.local/lib/python3.6/site-packages/airflow/example_dags/example_branch_operator.py
[2024-04-30 16:37:23,208] {logging_mixin.py:104} INFO - [2024-04-30 16:37:23,208] {dag.py:1824} INFO - Sync 1 DAGs
[2024-04-30 16:37:23,227] {logging_mixin.py:104} INFO - [2024-04-30 16:37:23,227] {dag.py:2280} INFO - Setting next_dagrun for example_branch_operator to 2024-04-28 00:00:00+00:00
[2024-04-30 16:37:23,237] {scheduler_job.py:190} INFO - Processing /home/airflow/.local/lib/python3.6/site-packages/airflow/example_dags/example_branch_operator.py took 0.071 seconds
[2024-04-30 16:37:53,591] {scheduler_job.py:182} INFO - Started process (PID=1901) to work on /home/airflow/.local/lib/python3.6/site-packages/airflow/example_dags/example_branch_operator.py
[2024-04-30 16:37:53,593] {scheduler_job.py:629} INFO - Processing file /home/airflow/.local/lib/python3.6/site-packages/airflow/example_dags/example_branch_operator.py for tasks to queue
[2024-04-30 16:37:53,593] {logging_mixin.py:104} INFO - [2024-04-30 16:37:53,593] {dagbag.py:451} INFO - Filling up the DagBag from /home/airflow/.local/lib/python3.6/site-packages/airflow/example_dags/example_branch_operator.py
[2024-04-30 16:37:53,608] {scheduler_job.py:639} INFO - DAG(s) dict_keys(['example_branch_operator']) retrieved from /home/airflow/.local/lib/python3.6/site-packages/airflow/example_dags/example_branch_operator.py
[2024-04-30 16:37:53,630] {logging_mixin.py:104} INFO - [2024-04-30 16:37:53,630] {dag.py:1824} INFO - Sync 1 DAGs
[2024-04-30 16:37:53,651] {logging_mixin.py:104} INFO - [2024-04-30 16:37:53,651] {dag.py:2280} INFO - Setting next_dagrun for example_branch_operator to 2024-04-28 00:00:00+00:00
[2024-04-30 16:37:53,662] {scheduler_job.py:190} INFO - Processing /home/airflow/.local/lib/python3.6/site-packages/airflow/example_dags/example_branch_operator.py took 0.074 seconds
[2024-04-30 16:38:24,047] {scheduler_job.py:182} INFO - Started process (PID=1933) to work on /home/airflow/.local/lib/python3.6/site-packages/airflow/example_dags/example_branch_operator.py
[2024-04-30 16:38:24,049] {scheduler_job.py:629} INFO - Processing file /home/airflow/.local/lib/python3.6/site-packages/airflow/example_dags/example_branch_operator.py for tasks to queue
[2024-04-30 16:38:24,050] {logging_mixin.py:104} INFO - [2024-04-30 16:38:24,049] {dagbag.py:451} INFO - Filling up the DagBag from /home/airflow/.local/lib/python3.6/site-packages/airflow/example_dags/example_branch_operator.py
[2024-04-30 16:38:24,065] {scheduler_job.py:639} INFO - DAG(s) dict_keys(['example_branch_operator']) retrieved from /home/airflow/.local/lib/python3.6/site-packages/airflow/example_dags/example_branch_operator.py
[2024-04-30 16:38:24,086] {logging_mixin.py:104} INFO - [2024-04-30 16:38:24,086] {dag.py:1824} INFO - Sync 1 DAGs
[2024-04-30 16:38:24,106] {logging_mixin.py:104} INFO - [2024-04-30 16:38:24,106] {dag.py:2280} INFO - Setting next_dagrun for example_branch_operator to 2024-04-28 00:00:00+00:00
[2024-04-30 16:38:24,117] {scheduler_job.py:190} INFO - Processing /home/airflow/.local/lib/python3.6/site-packages/airflow/example_dags/example_branch_operator.py took 0.073 seconds
[2024-04-30 16:38:54,611] {scheduler_job.py:182} INFO - Started process (PID=1965) to work on /home/airflow/.local/lib/python3.6/site-packages/airflow/example_dags/example_branch_operator.py
[2024-04-30 16:38:54,612] {scheduler_job.py:629} INFO - Processing file /home/airflow/.local/lib/python3.6/site-packages/airflow/example_dags/example_branch_operator.py for tasks to queue
[2024-04-30 16:38:54,613] {logging_mixin.py:104} INFO - [2024-04-30 16:38:54,613] {dagbag.py:451} INFO - Filling up the DagBag from /home/airflow/.local/lib/python3.6/site-packages/airflow/example_dags/example_branch_operator.py
[2024-04-30 16:38:54,628] {scheduler_job.py:639} INFO - DAG(s) dict_keys(['example_branch_operator']) retrieved from /home/airflow/.local/lib/python3.6/site-packages/airflow/example_dags/example_branch_operator.py
[2024-04-30 16:38:54,651] {logging_mixin.py:104} INFO - [2024-04-30 16:38:54,651] {dag.py:1824} INFO - Sync 1 DAGs
[2024-04-30 16:38:54,672] {logging_mixin.py:104} INFO - [2024-04-30 16:38:54,672] {dag.py:2280} INFO - Setting next_dagrun for example_branch_operator to 2024-04-28 00:00:00+00:00
[2024-04-30 16:38:54,683] {scheduler_job.py:190} INFO - Processing /home/airflow/.local/lib/python3.6/site-packages/airflow/example_dags/example_branch_operator.py took 0.075 seconds
[2024-04-30 16:39:25,198] {scheduler_job.py:182} INFO - Started process (PID=1997) to work on /home/airflow/.local/lib/python3.6/site-packages/airflow/example_dags/example_branch_operator.py
[2024-04-30 16:39:25,200] {scheduler_job.py:629} INFO - Processing file /home/airflow/.local/lib/python3.6/site-packages/airflow/example_dags/example_branch_operator.py for tasks to queue
[2024-04-30 16:39:25,201] {logging_mixin.py:104} INFO - [2024-04-30 16:39:25,201] {dagbag.py:451} INFO - Filling up the DagBag from /home/airflow/.local/lib/python3.6/site-packages/airflow/example_dags/example_branch_operator.py
[2024-04-30 16:39:25,216] {scheduler_job.py:639} INFO - DAG(s) dict_keys(['example_branch_operator']) retrieved from /home/airflow/.local/lib/python3.6/site-packages/airflow/example_dags/example_branch_operator.py
[2024-04-30 16:39:25,237] {logging_mixin.py:104} INFO - [2024-04-30 16:39:25,237] {dag.py:1824} INFO - Sync 1 DAGs
[2024-04-30 16:39:25,256] {logging_mixin.py:104} INFO - [2024-04-30 16:39:25,256] {dag.py:2280} INFO - Setting next_dagrun for example_branch_operator to 2024-04-28 00:00:00+00:00
[2024-04-30 16:39:25,268] {scheduler_job.py:190} INFO - Processing /home/airflow/.local/lib/python3.6/site-packages/airflow/example_dags/example_branch_operator.py took 0.074 seconds
[2024-04-30 16:39:55,814] {scheduler_job.py:182} INFO - Started process (PID=2029) to work on /home/airflow/.local/lib/python3.6/site-packages/airflow/example_dags/example_branch_operator.py
[2024-04-30 16:39:55,815] {scheduler_job.py:629} INFO - Processing file /home/airflow/.local/lib/python3.6/site-packages/airflow/example_dags/example_branch_operator.py for tasks to queue
[2024-04-30 16:39:55,816] {logging_mixin.py:104} INFO - [2024-04-30 16:39:55,816] {dagbag.py:451} INFO - Filling up the DagBag from /home/airflow/.local/lib/python3.6/site-packages/airflow/example_dags/example_branch_operator.py
[2024-04-30 16:39:55,830] {scheduler_job.py:639} INFO - DAG(s) dict_keys(['example_branch_operator']) retrieved from /home/airflow/.local/lib/python3.6/site-packages/airflow/example_dags/example_branch_operator.py
[2024-04-30 16:39:55,849] {logging_mixin.py:104} INFO - [2024-04-30 16:39:55,849] {dag.py:1824} INFO - Sync 1 DAGs
[2024-04-30 16:39:55,868] {logging_mixin.py:104} INFO - [2024-04-30 16:39:55,868] {dag.py:2280} INFO - Setting next_dagrun for example_branch_operator to 2024-04-28 00:00:00+00:00
[2024-04-30 16:39:55,878] {scheduler_job.py:190} INFO - Processing /home/airflow/.local/lib/python3.6/site-packages/airflow/example_dags/example_branch_operator.py took 0.068 seconds
[2024-04-30 16:40:26,237] {scheduler_job.py:182} INFO - Started process (PID=2061) to work on /home/airflow/.local/lib/python3.6/site-packages/airflow/example_dags/example_branch_operator.py
[2024-04-30 16:40:26,238] {scheduler_job.py:629} INFO - Processing file /home/airflow/.local/lib/python3.6/site-packages/airflow/example_dags/example_branch_operator.py for tasks to queue
[2024-04-30 16:40:26,239] {logging_mixin.py:104} INFO - [2024-04-30 16:40:26,239] {dagbag.py:451} INFO - Filling up the DagBag from /home/airflow/.local/lib/python3.6/site-packages/airflow/example_dags/example_branch_operator.py
[2024-04-30 16:40:26,253] {scheduler_job.py:639} INFO - DAG(s) dict_keys(['example_branch_operator']) retrieved from /home/airflow/.local/lib/python3.6/site-packages/airflow/example_dags/example_branch_operator.py
[2024-04-30 16:40:26,274] {logging_mixin.py:104} INFO - [2024-04-30 16:40:26,274] {dag.py:1824} INFO - Sync 1 DAGs
[2024-04-30 16:40:26,295] {logging_mixin.py:104} INFO - [2024-04-30 16:40:26,295] {dag.py:2280} INFO - Setting next_dagrun for example_branch_operator to 2024-04-28 00:00:00+00:00
[2024-04-30 16:40:26,305] {scheduler_job.py:190} INFO - Processing /home/airflow/.local/lib/python3.6/site-packages/airflow/example_dags/example_branch_operator.py took 0.072 seconds
[2024-04-30 16:40:56,739] {scheduler_job.py:182} INFO - Started process (PID=2093) to work on /home/airflow/.local/lib/python3.6/site-packages/airflow/example_dags/example_branch_operator.py
[2024-04-30 16:40:56,740] {scheduler_job.py:629} INFO - Processing file /home/airflow/.local/lib/python3.6/site-packages/airflow/example_dags/example_branch_operator.py for tasks to queue
[2024-04-30 16:40:56,741] {logging_mixin.py:104} INFO - [2024-04-30 16:40:56,741] {dagbag.py:451} INFO - Filling up the DagBag from /home/airflow/.local/lib/python3.6/site-packages/airflow/example_dags/example_branch_operator.py
[2024-04-30 16:40:56,756] {scheduler_job.py:639} INFO - DAG(s) dict_keys(['example_branch_operator']) retrieved from /home/airflow/.local/lib/python3.6/site-packages/airflow/example_dags/example_branch_operator.py
[2024-04-30 16:40:56,788] {logging_mixin.py:104} INFO - [2024-04-30 16:40:56,788] {dag.py:1824} INFO - Sync 1 DAGs
[2024-04-30 16:40:56,822] {logging_mixin.py:104} INFO - [2024-04-30 16:40:56,822] {dag.py:2280} INFO - Setting next_dagrun for example_branch_operator to 2024-04-28 00:00:00+00:00
[2024-04-30 16:40:56,835] {scheduler_job.py:190} INFO - Processing /home/airflow/.local/lib/python3.6/site-packages/airflow/example_dags/example_branch_operator.py took 0.100 seconds
[2024-04-30 16:41:27,369] {scheduler_job.py:182} INFO - Started process (PID=2125) to work on /home/airflow/.local/lib/python3.6/site-packages/airflow/example_dags/example_branch_operator.py
[2024-04-30 16:41:27,371] {scheduler_job.py:629} INFO - Processing file /home/airflow/.local/lib/python3.6/site-packages/airflow/example_dags/example_branch_operator.py for tasks to queue
[2024-04-30 16:41:27,371] {logging_mixin.py:104} INFO - [2024-04-30 16:41:27,371] {dagbag.py:451} INFO - Filling up the DagBag from /home/airflow/.local/lib/python3.6/site-packages/airflow/example_dags/example_branch_operator.py
[2024-04-30 16:41:27,386] {scheduler_job.py:639} INFO - DAG(s) dict_keys(['example_branch_operator']) retrieved from /home/airflow/.local/lib/python3.6/site-packages/airflow/example_dags/example_branch_operator.py
[2024-04-30 16:41:27,408] {logging_mixin.py:104} INFO - [2024-04-30 16:41:27,408] {dag.py:1824} INFO - Sync 1 DAGs
[2024-04-30 16:41:27,428] {logging_mixin.py:104} INFO - [2024-04-30 16:41:27,428] {dag.py:2280} INFO - Setting next_dagrun for example_branch_operator to 2024-04-28 00:00:00+00:00
[2024-04-30 16:41:27,439] {scheduler_job.py:190} INFO - Processing /home/airflow/.local/lib/python3.6/site-packages/airflow/example_dags/example_branch_operator.py took 0.073 seconds
[2024-04-30 17:02:25,647] {scheduler_job.py:182} INFO - Started process (PID=2154) to work on /home/airflow/.local/lib/python3.6/site-packages/airflow/example_dags/example_branch_operator.py
[2024-04-30 17:02:25,663] {scheduler_job.py:629} INFO - Processing file /home/airflow/.local/lib/python3.6/site-packages/airflow/example_dags/example_branch_operator.py for tasks to queue
[2024-04-30 17:02:25,682] {logging_mixin.py:104} INFO - [2024-04-30 17:02:25,681] {dagbag.py:451} INFO - Filling up the DagBag from /home/airflow/.local/lib/python3.6/site-packages/airflow/example_dags/example_branch_operator.py
[2024-04-30 17:02:26,121] {scheduler_job.py:639} INFO - DAG(s) dict_keys(['example_branch_operator']) retrieved from /home/airflow/.local/lib/python3.6/site-packages/airflow/example_dags/example_branch_operator.py
[2024-04-30 17:02:27,799] {logging_mixin.py:104} INFO - [2024-04-30 17:02:27,799] {dag.py:1824} INFO - Sync 1 DAGs
[2024-04-30 20:02:31,485] {logging_mixin.py:104} INFO - [2024-04-30 20:02:31,484] {dag.py:2280} INFO - Setting next_dagrun for example_branch_operator to 2024-04-28 00:00:00+00:00
[2024-04-30 20:02:32,038] {scheduler_job.py:190} INFO - Processing /home/airflow/.local/lib/python3.6/site-packages/airflow/example_dags/example_branch_operator.py took 4.139 seconds
