[2024-04-30 16:09:38,963] {scheduler_job.py:182} INFO - Started process (PID=66) to work on /home/airflow/.local/lib/python3.6/site-packages/airflow/example_dags/example_kubernetes_executor.py
[2024-04-30 16:09:38,967] {scheduler_job.py:629} INFO - Processing file /home/airflow/.local/lib/python3.6/site-packages/airflow/example_dags/example_kubernetes_executor.py for tasks to queue
[2024-04-30 16:09:38,977] {logging_mixin.py:104} INFO - [2024-04-30 16:09:38,977] {dagbag.py:451} INFO - Filling up the DagBag from /home/airflow/.local/lib/python3.6/site-packages/airflow/example_dags/example_kubernetes_executor.py
[2024-04-30 16:09:39,027] {scheduler_job.py:639} INFO - DAG(s) dict_keys(['example_kubernetes_executor']) retrieved from /home/airflow/.local/lib/python3.6/site-packages/airflow/example_dags/example_kubernetes_executor.py
[2024-04-30 16:09:39,186] {logging_mixin.py:104} INFO - [2024-04-30 16:09:39,186] {dag.py:1824} INFO - Sync 1 DAGs
[2024-04-30 16:09:39,484] {logging_mixin.py:104} INFO - [2024-04-30 16:09:39,483] {dag.py:2280} INFO - Setting next_dagrun for example_kubernetes_executor to None
[2024-04-30 16:09:39,558] {scheduler_job.py:190} INFO - Processing /home/airflow/.local/lib/python3.6/site-packages/airflow/example_dags/example_kubernetes_executor.py took 0.676 seconds
[2024-04-30 16:10:09,793] {scheduler_job.py:182} INFO - Started process (PID=133) to work on /home/airflow/.local/lib/python3.6/site-packages/airflow/example_dags/example_kubernetes_executor.py
[2024-04-30 16:10:09,796] {scheduler_job.py:629} INFO - Processing file /home/airflow/.local/lib/python3.6/site-packages/airflow/example_dags/example_kubernetes_executor.py for tasks to queue
[2024-04-30 16:10:09,798] {logging_mixin.py:104} INFO - [2024-04-30 16:10:09,798] {dagbag.py:451} INFO - Filling up the DagBag from /home/airflow/.local/lib/python3.6/site-packages/airflow/example_dags/example_kubernetes_executor.py
[2024-04-30 16:10:09,825] {scheduler_job.py:639} INFO - DAG(s) dict_keys(['example_kubernetes_executor']) retrieved from /home/airflow/.local/lib/python3.6/site-packages/airflow/example_dags/example_kubernetes_executor.py
[2024-04-30 16:10:09,855] {logging_mixin.py:104} INFO - [2024-04-30 16:10:09,854] {dag.py:1824} INFO - Sync 1 DAGs
[2024-04-30 16:10:09,881] {logging_mixin.py:104} INFO - [2024-04-30 16:10:09,880] {dag.py:2280} INFO - Setting next_dagrun for example_kubernetes_executor to None
[2024-04-30 16:10:09,900] {scheduler_job.py:190} INFO - Processing /home/airflow/.local/lib/python3.6/site-packages/airflow/example_dags/example_kubernetes_executor.py took 0.113 seconds
[2024-04-30 16:10:40,697] {scheduler_job.py:182} INFO - Started process (PID=164) to work on /home/airflow/.local/lib/python3.6/site-packages/airflow/example_dags/example_kubernetes_executor.py
[2024-04-30 16:10:40,730] {scheduler_job.py:629} INFO - Processing file /home/airflow/.local/lib/python3.6/site-packages/airflow/example_dags/example_kubernetes_executor.py for tasks to queue
[2024-04-30 16:10:40,736] {logging_mixin.py:104} INFO - [2024-04-30 16:10:40,735] {dagbag.py:451} INFO - Filling up the DagBag from /home/airflow/.local/lib/python3.6/site-packages/airflow/example_dags/example_kubernetes_executor.py
[2024-04-30 16:10:40,830] {scheduler_job.py:639} INFO - DAG(s) dict_keys(['example_kubernetes_executor']) retrieved from /home/airflow/.local/lib/python3.6/site-packages/airflow/example_dags/example_kubernetes_executor.py
[2024-04-30 16:10:41,039] {logging_mixin.py:104} INFO - [2024-04-30 16:10:41,039] {dag.py:1824} INFO - Sync 1 DAGs
[2024-04-30 16:10:41,160] {logging_mixin.py:104} INFO - [2024-04-30 16:10:41,160] {dag.py:2280} INFO - Setting next_dagrun for example_kubernetes_executor to None
[2024-04-30 16:10:41,239] {scheduler_job.py:190} INFO - Processing /home/airflow/.local/lib/python3.6/site-packages/airflow/example_dags/example_kubernetes_executor.py took 0.564 seconds
[2024-04-30 16:11:22,008] {scheduler_job.py:182} INFO - Started process (PID=203) to work on /home/airflow/.local/lib/python3.6/site-packages/airflow/example_dags/example_kubernetes_executor.py
[2024-04-30 16:11:22,092] {scheduler_job.py:629} INFO - Processing file /home/airflow/.local/lib/python3.6/site-packages/airflow/example_dags/example_kubernetes_executor.py for tasks to queue
[2024-04-30 16:11:22,102] {logging_mixin.py:104} INFO - [2024-04-30 16:11:22,102] {dagbag.py:451} INFO - Filling up the DagBag from /home/airflow/.local/lib/python3.6/site-packages/airflow/example_dags/example_kubernetes_executor.py
[2024-04-30 16:11:22,256] {scheduler_job.py:639} INFO - DAG(s) dict_keys(['example_kubernetes_executor']) retrieved from /home/airflow/.local/lib/python3.6/site-packages/airflow/example_dags/example_kubernetes_executor.py
[2024-04-30 16:11:22,345] {logging_mixin.py:104} INFO - [2024-04-30 16:11:22,344] {dag.py:1824} INFO - Sync 1 DAGs
[2024-04-30 16:11:22,411] {logging_mixin.py:104} INFO - [2024-04-30 16:11:22,410] {dag.py:2280} INFO - Setting next_dagrun for example_kubernetes_executor to None
[2024-04-30 16:11:22,463] {scheduler_job.py:190} INFO - Processing /home/airflow/.local/lib/python3.6/site-packages/airflow/example_dags/example_kubernetes_executor.py took 0.557 seconds
[2024-04-30 16:11:52,755] {scheduler_job.py:182} INFO - Started process (PID=253) to work on /home/airflow/.local/lib/python3.6/site-packages/airflow/example_dags/example_kubernetes_executor.py
[2024-04-30 16:11:52,759] {scheduler_job.py:629} INFO - Processing file /home/airflow/.local/lib/python3.6/site-packages/airflow/example_dags/example_kubernetes_executor.py for tasks to queue
[2024-04-30 16:11:52,763] {logging_mixin.py:104} INFO - [2024-04-30 16:11:52,762] {dagbag.py:451} INFO - Filling up the DagBag from /home/airflow/.local/lib/python3.6/site-packages/airflow/example_dags/example_kubernetes_executor.py
[2024-04-30 16:11:52,792] {scheduler_job.py:639} INFO - DAG(s) dict_keys(['example_kubernetes_executor']) retrieved from /home/airflow/.local/lib/python3.6/site-packages/airflow/example_dags/example_kubernetes_executor.py
[2024-04-30 16:11:52,854] {logging_mixin.py:104} INFO - [2024-04-30 16:11:52,854] {dag.py:1824} INFO - Sync 1 DAGs
[2024-04-30 16:11:52,887] {logging_mixin.py:104} INFO - [2024-04-30 16:11:52,886] {dag.py:2280} INFO - Setting next_dagrun for example_kubernetes_executor to None
[2024-04-30 16:11:52,916] {scheduler_job.py:190} INFO - Processing /home/airflow/.local/lib/python3.6/site-packages/airflow/example_dags/example_kubernetes_executor.py took 0.168 seconds
[2024-04-30 16:12:23,653] {scheduler_job.py:182} INFO - Started process (PID=285) to work on /home/airflow/.local/lib/python3.6/site-packages/airflow/example_dags/example_kubernetes_executor.py
[2024-04-30 16:12:23,664] {scheduler_job.py:629} INFO - Processing file /home/airflow/.local/lib/python3.6/site-packages/airflow/example_dags/example_kubernetes_executor.py for tasks to queue
[2024-04-30 16:12:23,666] {logging_mixin.py:104} INFO - [2024-04-30 16:12:23,666] {dagbag.py:451} INFO - Filling up the DagBag from /home/airflow/.local/lib/python3.6/site-packages/airflow/example_dags/example_kubernetes_executor.py
[2024-04-30 16:12:23,700] {scheduler_job.py:639} INFO - DAG(s) dict_keys(['example_kubernetes_executor']) retrieved from /home/airflow/.local/lib/python3.6/site-packages/airflow/example_dags/example_kubernetes_executor.py
[2024-04-30 16:12:23,744] {logging_mixin.py:104} INFO - [2024-04-30 16:12:23,744] {dag.py:1824} INFO - Sync 1 DAGs
[2024-04-30 16:12:23,779] {logging_mixin.py:104} INFO - [2024-04-30 16:12:23,779] {dag.py:2280} INFO - Setting next_dagrun for example_kubernetes_executor to None
[2024-04-30 16:12:23,834] {scheduler_job.py:190} INFO - Processing /home/airflow/.local/lib/python3.6/site-packages/airflow/example_dags/example_kubernetes_executor.py took 0.187 seconds
[2024-04-30 16:12:54,428] {scheduler_job.py:182} INFO - Started process (PID=317) to work on /home/airflow/.local/lib/python3.6/site-packages/airflow/example_dags/example_kubernetes_executor.py
[2024-04-30 16:12:54,431] {scheduler_job.py:629} INFO - Processing file /home/airflow/.local/lib/python3.6/site-packages/airflow/example_dags/example_kubernetes_executor.py for tasks to queue
[2024-04-30 16:12:54,439] {logging_mixin.py:104} INFO - [2024-04-30 16:12:54,438] {dagbag.py:451} INFO - Filling up the DagBag from /home/airflow/.local/lib/python3.6/site-packages/airflow/example_dags/example_kubernetes_executor.py
[2024-04-30 16:12:54,480] {scheduler_job.py:639} INFO - DAG(s) dict_keys(['example_kubernetes_executor']) retrieved from /home/airflow/.local/lib/python3.6/site-packages/airflow/example_dags/example_kubernetes_executor.py
[2024-04-30 16:12:54,542] {logging_mixin.py:104} INFO - [2024-04-30 16:12:54,541] {dag.py:1824} INFO - Sync 1 DAGs
[2024-04-30 16:12:54,600] {logging_mixin.py:104} INFO - [2024-04-30 16:12:54,600] {dag.py:2280} INFO - Setting next_dagrun for example_kubernetes_executor to None
[2024-04-30 16:12:54,642] {scheduler_job.py:190} INFO - Processing /home/airflow/.local/lib/python3.6/site-packages/airflow/example_dags/example_kubernetes_executor.py took 0.221 seconds
[2024-04-30 16:13:25,181] {scheduler_job.py:182} INFO - Started process (PID=349) to work on /home/airflow/.local/lib/python3.6/site-packages/airflow/example_dags/example_kubernetes_executor.py
[2024-04-30 16:13:25,185] {scheduler_job.py:629} INFO - Processing file /home/airflow/.local/lib/python3.6/site-packages/airflow/example_dags/example_kubernetes_executor.py for tasks to queue
[2024-04-30 16:13:25,186] {logging_mixin.py:104} INFO - [2024-04-30 16:13:25,186] {dagbag.py:451} INFO - Filling up the DagBag from /home/airflow/.local/lib/python3.6/site-packages/airflow/example_dags/example_kubernetes_executor.py
[2024-04-30 16:13:25,211] {scheduler_job.py:639} INFO - DAG(s) dict_keys(['example_kubernetes_executor']) retrieved from /home/airflow/.local/lib/python3.6/site-packages/airflow/example_dags/example_kubernetes_executor.py
[2024-04-30 16:13:25,267] {logging_mixin.py:104} INFO - [2024-04-30 16:13:25,267] {dag.py:1824} INFO - Sync 1 DAGs
[2024-04-30 16:13:25,359] {logging_mixin.py:104} INFO - [2024-04-30 16:13:25,359] {dag.py:2280} INFO - Setting next_dagrun for example_kubernetes_executor to None
[2024-04-30 16:13:25,593] {scheduler_job.py:190} INFO - Processing /home/airflow/.local/lib/python3.6/site-packages/airflow/example_dags/example_kubernetes_executor.py took 0.421 seconds
[2024-04-30 16:13:55,629] {scheduler_job.py:182} INFO - Started process (PID=397) to work on /home/airflow/.local/lib/python3.6/site-packages/airflow/example_dags/example_kubernetes_executor.py
[2024-04-30 16:13:55,630] {scheduler_job.py:629} INFO - Processing file /home/airflow/.local/lib/python3.6/site-packages/airflow/example_dags/example_kubernetes_executor.py for tasks to queue
[2024-04-30 16:13:55,631] {logging_mixin.py:104} INFO - [2024-04-30 16:13:55,631] {dagbag.py:451} INFO - Filling up the DagBag from /home/airflow/.local/lib/python3.6/site-packages/airflow/example_dags/example_kubernetes_executor.py
[2024-04-30 16:13:55,644] {scheduler_job.py:639} INFO - DAG(s) dict_keys(['example_kubernetes_executor']) retrieved from /home/airflow/.local/lib/python3.6/site-packages/airflow/example_dags/example_kubernetes_executor.py
[2024-04-30 16:13:55,667] {logging_mixin.py:104} INFO - [2024-04-30 16:13:55,667] {dag.py:1824} INFO - Sync 1 DAGs
[2024-04-30 16:13:55,684] {logging_mixin.py:104} INFO - [2024-04-30 16:13:55,683] {dag.py:2280} INFO - Setting next_dagrun for example_kubernetes_executor to None
[2024-04-30 16:13:55,694] {scheduler_job.py:190} INFO - Processing /home/airflow/.local/lib/python3.6/site-packages/airflow/example_dags/example_kubernetes_executor.py took 0.068 seconds
[2024-04-30 16:14:26,062] {scheduler_job.py:182} INFO - Started process (PID=427) to work on /home/airflow/.local/lib/python3.6/site-packages/airflow/example_dags/example_kubernetes_executor.py
[2024-04-30 16:14:26,064] {scheduler_job.py:629} INFO - Processing file /home/airflow/.local/lib/python3.6/site-packages/airflow/example_dags/example_kubernetes_executor.py for tasks to queue
[2024-04-30 16:14:26,065] {logging_mixin.py:104} INFO - [2024-04-30 16:14:26,065] {dagbag.py:451} INFO - Filling up the DagBag from /home/airflow/.local/lib/python3.6/site-packages/airflow/example_dags/example_kubernetes_executor.py
[2024-04-30 16:14:26,079] {scheduler_job.py:639} INFO - DAG(s) dict_keys(['example_kubernetes_executor']) retrieved from /home/airflow/.local/lib/python3.6/site-packages/airflow/example_dags/example_kubernetes_executor.py
[2024-04-30 16:14:26,126] {logging_mixin.py:104} INFO - [2024-04-30 16:14:26,126] {dag.py:1824} INFO - Sync 1 DAGs
[2024-04-30 16:14:26,162] {logging_mixin.py:104} INFO - [2024-04-30 16:14:26,162] {dag.py:2280} INFO - Setting next_dagrun for example_kubernetes_executor to None
[2024-04-30 16:14:26,173] {scheduler_job.py:190} INFO - Processing /home/airflow/.local/lib/python3.6/site-packages/airflow/example_dags/example_kubernetes_executor.py took 0.115 seconds
[2024-04-30 16:14:57,235] {scheduler_job.py:182} INFO - Started process (PID=459) to work on /home/airflow/.local/lib/python3.6/site-packages/airflow/example_dags/example_kubernetes_executor.py
[2024-04-30 16:14:57,237] {scheduler_job.py:629} INFO - Processing file /home/airflow/.local/lib/python3.6/site-packages/airflow/example_dags/example_kubernetes_executor.py for tasks to queue
[2024-04-30 16:14:57,238] {logging_mixin.py:104} INFO - [2024-04-30 16:14:57,237] {dagbag.py:451} INFO - Filling up the DagBag from /home/airflow/.local/lib/python3.6/site-packages/airflow/example_dags/example_kubernetes_executor.py
[2024-04-30 16:14:57,255] {scheduler_job.py:639} INFO - DAG(s) dict_keys(['example_kubernetes_executor']) retrieved from /home/airflow/.local/lib/python3.6/site-packages/airflow/example_dags/example_kubernetes_executor.py
[2024-04-30 16:14:57,291] {logging_mixin.py:104} INFO - [2024-04-30 16:14:57,291] {dag.py:1824} INFO - Sync 1 DAGs
[2024-04-30 16:14:57,337] {logging_mixin.py:104} INFO - [2024-04-30 16:14:57,337] {dag.py:2280} INFO - Setting next_dagrun for example_kubernetes_executor to None
[2024-04-30 16:14:57,363] {scheduler_job.py:190} INFO - Processing /home/airflow/.local/lib/python3.6/site-packages/airflow/example_dags/example_kubernetes_executor.py took 0.131 seconds
[2024-04-30 16:15:28,280] {scheduler_job.py:182} INFO - Started process (PID=493) to work on /home/airflow/.local/lib/python3.6/site-packages/airflow/example_dags/example_kubernetes_executor.py
[2024-04-30 16:15:28,283] {scheduler_job.py:629} INFO - Processing file /home/airflow/.local/lib/python3.6/site-packages/airflow/example_dags/example_kubernetes_executor.py for tasks to queue
[2024-04-30 16:15:28,284] {logging_mixin.py:104} INFO - [2024-04-30 16:15:28,284] {dagbag.py:451} INFO - Filling up the DagBag from /home/airflow/.local/lib/python3.6/site-packages/airflow/example_dags/example_kubernetes_executor.py
[2024-04-30 16:15:28,300] {scheduler_job.py:639} INFO - DAG(s) dict_keys(['example_kubernetes_executor']) retrieved from /home/airflow/.local/lib/python3.6/site-packages/airflow/example_dags/example_kubernetes_executor.py
[2024-04-30 16:15:28,338] {logging_mixin.py:104} INFO - [2024-04-30 16:15:28,338] {dag.py:1824} INFO - Sync 1 DAGs
[2024-04-30 16:15:28,358] {logging_mixin.py:104} INFO - [2024-04-30 16:15:28,357] {dag.py:2280} INFO - Setting next_dagrun for example_kubernetes_executor to None
[2024-04-30 16:15:28,369] {scheduler_job.py:190} INFO - Processing /home/airflow/.local/lib/python3.6/site-packages/airflow/example_dags/example_kubernetes_executor.py took 0.094 seconds
[2024-04-30 16:15:58,929] {scheduler_job.py:182} INFO - Started process (PID=525) to work on /home/airflow/.local/lib/python3.6/site-packages/airflow/example_dags/example_kubernetes_executor.py
[2024-04-30 16:15:58,930] {scheduler_job.py:629} INFO - Processing file /home/airflow/.local/lib/python3.6/site-packages/airflow/example_dags/example_kubernetes_executor.py for tasks to queue
[2024-04-30 16:15:58,932] {logging_mixin.py:104} INFO - [2024-04-30 16:15:58,932] {dagbag.py:451} INFO - Filling up the DagBag from /home/airflow/.local/lib/python3.6/site-packages/airflow/example_dags/example_kubernetes_executor.py
[2024-04-30 16:15:58,946] {scheduler_job.py:639} INFO - DAG(s) dict_keys(['example_kubernetes_executor']) retrieved from /home/airflow/.local/lib/python3.6/site-packages/airflow/example_dags/example_kubernetes_executor.py
[2024-04-30 16:15:58,971] {logging_mixin.py:104} INFO - [2024-04-30 16:15:58,971] {dag.py:1824} INFO - Sync 1 DAGs
[2024-04-30 16:15:58,993] {logging_mixin.py:104} INFO - [2024-04-30 16:15:58,993] {dag.py:2280} INFO - Setting next_dagrun for example_kubernetes_executor to None
[2024-04-30 16:15:59,008] {scheduler_job.py:190} INFO - Processing /home/airflow/.local/lib/python3.6/site-packages/airflow/example_dags/example_kubernetes_executor.py took 0.083 seconds
[2024-04-30 16:16:29,532] {scheduler_job.py:182} INFO - Started process (PID=557) to work on /home/airflow/.local/lib/python3.6/site-packages/airflow/example_dags/example_kubernetes_executor.py
[2024-04-30 16:16:29,535] {scheduler_job.py:629} INFO - Processing file /home/airflow/.local/lib/python3.6/site-packages/airflow/example_dags/example_kubernetes_executor.py for tasks to queue
[2024-04-30 16:16:29,536] {logging_mixin.py:104} INFO - [2024-04-30 16:16:29,536] {dagbag.py:451} INFO - Filling up the DagBag from /home/airflow/.local/lib/python3.6/site-packages/airflow/example_dags/example_kubernetes_executor.py
[2024-04-30 16:16:29,556] {scheduler_job.py:639} INFO - DAG(s) dict_keys(['example_kubernetes_executor']) retrieved from /home/airflow/.local/lib/python3.6/site-packages/airflow/example_dags/example_kubernetes_executor.py
[2024-04-30 16:16:29,585] {logging_mixin.py:104} INFO - [2024-04-30 16:16:29,585] {dag.py:1824} INFO - Sync 1 DAGs
[2024-04-30 16:16:29,609] {logging_mixin.py:104} INFO - [2024-04-30 16:16:29,609] {dag.py:2280} INFO - Setting next_dagrun for example_kubernetes_executor to None
[2024-04-30 16:16:29,625] {scheduler_job.py:190} INFO - Processing /home/airflow/.local/lib/python3.6/site-packages/airflow/example_dags/example_kubernetes_executor.py took 0.118 seconds
[2024-04-30 16:16:59,857] {scheduler_job.py:182} INFO - Started process (PID=589) to work on /home/airflow/.local/lib/python3.6/site-packages/airflow/example_dags/example_kubernetes_executor.py
[2024-04-30 16:16:59,859] {scheduler_job.py:629} INFO - Processing file /home/airflow/.local/lib/python3.6/site-packages/airflow/example_dags/example_kubernetes_executor.py for tasks to queue
[2024-04-30 16:16:59,860] {logging_mixin.py:104} INFO - [2024-04-30 16:16:59,859] {dagbag.py:451} INFO - Filling up the DagBag from /home/airflow/.local/lib/python3.6/site-packages/airflow/example_dags/example_kubernetes_executor.py
[2024-04-30 16:16:59,872] {scheduler_job.py:639} INFO - DAG(s) dict_keys(['example_kubernetes_executor']) retrieved from /home/airflow/.local/lib/python3.6/site-packages/airflow/example_dags/example_kubernetes_executor.py
[2024-04-30 16:16:59,895] {logging_mixin.py:104} INFO - [2024-04-30 16:16:59,895] {dag.py:1824} INFO - Sync 1 DAGs
[2024-04-30 16:16:59,910] {logging_mixin.py:104} INFO - [2024-04-30 16:16:59,910] {dag.py:2280} INFO - Setting next_dagrun for example_kubernetes_executor to None
[2024-04-30 16:16:59,924] {scheduler_job.py:190} INFO - Processing /home/airflow/.local/lib/python3.6/site-packages/airflow/example_dags/example_kubernetes_executor.py took 0.071 seconds
[2024-04-30 16:17:30,628] {scheduler_job.py:182} INFO - Started process (PID=621) to work on /home/airflow/.local/lib/python3.6/site-packages/airflow/example_dags/example_kubernetes_executor.py
[2024-04-30 16:17:30,629] {scheduler_job.py:629} INFO - Processing file /home/airflow/.local/lib/python3.6/site-packages/airflow/example_dags/example_kubernetes_executor.py for tasks to queue
[2024-04-30 16:17:30,630] {logging_mixin.py:104} INFO - [2024-04-30 16:17:30,630] {dagbag.py:451} INFO - Filling up the DagBag from /home/airflow/.local/lib/python3.6/site-packages/airflow/example_dags/example_kubernetes_executor.py
[2024-04-30 16:17:30,642] {scheduler_job.py:639} INFO - DAG(s) dict_keys(['example_kubernetes_executor']) retrieved from /home/airflow/.local/lib/python3.6/site-packages/airflow/example_dags/example_kubernetes_executor.py
[2024-04-30 16:17:30,663] {logging_mixin.py:104} INFO - [2024-04-30 16:17:30,663] {dag.py:1824} INFO - Sync 1 DAGs
[2024-04-30 16:17:30,684] {logging_mixin.py:104} INFO - [2024-04-30 16:17:30,684] {dag.py:2280} INFO - Setting next_dagrun for example_kubernetes_executor to None
[2024-04-30 16:17:30,698] {scheduler_job.py:190} INFO - Processing /home/airflow/.local/lib/python3.6/site-packages/airflow/example_dags/example_kubernetes_executor.py took 0.073 seconds
[2024-04-30 16:18:01,655] {scheduler_job.py:182} INFO - Started process (PID=653) to work on /home/airflow/.local/lib/python3.6/site-packages/airflow/example_dags/example_kubernetes_executor.py
[2024-04-30 16:18:01,657] {scheduler_job.py:629} INFO - Processing file /home/airflow/.local/lib/python3.6/site-packages/airflow/example_dags/example_kubernetes_executor.py for tasks to queue
[2024-04-30 16:18:01,658] {logging_mixin.py:104} INFO - [2024-04-30 16:18:01,658] {dagbag.py:451} INFO - Filling up the DagBag from /home/airflow/.local/lib/python3.6/site-packages/airflow/example_dags/example_kubernetes_executor.py
[2024-04-30 16:18:01,670] {scheduler_job.py:639} INFO - DAG(s) dict_keys(['example_kubernetes_executor']) retrieved from /home/airflow/.local/lib/python3.6/site-packages/airflow/example_dags/example_kubernetes_executor.py
[2024-04-30 16:18:01,691] {logging_mixin.py:104} INFO - [2024-04-30 16:18:01,691] {dag.py:1824} INFO - Sync 1 DAGs
[2024-04-30 16:18:01,708] {logging_mixin.py:104} INFO - [2024-04-30 16:18:01,708] {dag.py:2280} INFO - Setting next_dagrun for example_kubernetes_executor to None
[2024-04-30 16:18:01,721] {scheduler_job.py:190} INFO - Processing /home/airflow/.local/lib/python3.6/site-packages/airflow/example_dags/example_kubernetes_executor.py took 0.068 seconds
[2024-04-30 16:18:31,991] {scheduler_job.py:182} INFO - Started process (PID=685) to work on /home/airflow/.local/lib/python3.6/site-packages/airflow/example_dags/example_kubernetes_executor.py
[2024-04-30 16:18:31,993] {scheduler_job.py:629} INFO - Processing file /home/airflow/.local/lib/python3.6/site-packages/airflow/example_dags/example_kubernetes_executor.py for tasks to queue
[2024-04-30 16:18:31,994] {logging_mixin.py:104} INFO - [2024-04-30 16:18:31,993] {dagbag.py:451} INFO - Filling up the DagBag from /home/airflow/.local/lib/python3.6/site-packages/airflow/example_dags/example_kubernetes_executor.py
[2024-04-30 16:18:32,005] {scheduler_job.py:639} INFO - DAG(s) dict_keys(['example_kubernetes_executor']) retrieved from /home/airflow/.local/lib/python3.6/site-packages/airflow/example_dags/example_kubernetes_executor.py
[2024-04-30 16:18:32,025] {logging_mixin.py:104} INFO - [2024-04-30 16:18:32,025] {dag.py:1824} INFO - Sync 1 DAGs
[2024-04-30 16:18:32,041] {logging_mixin.py:104} INFO - [2024-04-30 16:18:32,041] {dag.py:2280} INFO - Setting next_dagrun for example_kubernetes_executor to None
[2024-04-30 16:18:32,052] {scheduler_job.py:190} INFO - Processing /home/airflow/.local/lib/python3.6/site-packages/airflow/example_dags/example_kubernetes_executor.py took 0.064 seconds
[2024-04-30 16:19:02,517] {scheduler_job.py:182} INFO - Started process (PID=717) to work on /home/airflow/.local/lib/python3.6/site-packages/airflow/example_dags/example_kubernetes_executor.py
[2024-04-30 16:19:02,519] {scheduler_job.py:629} INFO - Processing file /home/airflow/.local/lib/python3.6/site-packages/airflow/example_dags/example_kubernetes_executor.py for tasks to queue
[2024-04-30 16:19:02,520] {logging_mixin.py:104} INFO - [2024-04-30 16:19:02,520] {dagbag.py:451} INFO - Filling up the DagBag from /home/airflow/.local/lib/python3.6/site-packages/airflow/example_dags/example_kubernetes_executor.py
[2024-04-30 16:19:02,533] {scheduler_job.py:639} INFO - DAG(s) dict_keys(['example_kubernetes_executor']) retrieved from /home/airflow/.local/lib/python3.6/site-packages/airflow/example_dags/example_kubernetes_executor.py
[2024-04-30 16:19:02,555] {logging_mixin.py:104} INFO - [2024-04-30 16:19:02,555] {dag.py:1824} INFO - Sync 1 DAGs
[2024-04-30 16:19:02,570] {logging_mixin.py:104} INFO - [2024-04-30 16:19:02,570] {dag.py:2280} INFO - Setting next_dagrun for example_kubernetes_executor to None
[2024-04-30 16:19:02,581] {scheduler_job.py:190} INFO - Processing /home/airflow/.local/lib/python3.6/site-packages/airflow/example_dags/example_kubernetes_executor.py took 0.066 seconds
[2024-04-30 16:19:33,057] {scheduler_job.py:182} INFO - Started process (PID=749) to work on /home/airflow/.local/lib/python3.6/site-packages/airflow/example_dags/example_kubernetes_executor.py
[2024-04-30 16:19:33,058] {scheduler_job.py:629} INFO - Processing file /home/airflow/.local/lib/python3.6/site-packages/airflow/example_dags/example_kubernetes_executor.py for tasks to queue
[2024-04-30 16:19:33,059] {logging_mixin.py:104} INFO - [2024-04-30 16:19:33,059] {dagbag.py:451} INFO - Filling up the DagBag from /home/airflow/.local/lib/python3.6/site-packages/airflow/example_dags/example_kubernetes_executor.py
[2024-04-30 16:19:33,070] {scheduler_job.py:639} INFO - DAG(s) dict_keys(['example_kubernetes_executor']) retrieved from /home/airflow/.local/lib/python3.6/site-packages/airflow/example_dags/example_kubernetes_executor.py
[2024-04-30 16:19:33,091] {logging_mixin.py:104} INFO - [2024-04-30 16:19:33,090] {dag.py:1824} INFO - Sync 1 DAGs
[2024-04-30 16:19:33,105] {logging_mixin.py:104} INFO - [2024-04-30 16:19:33,104] {dag.py:2280} INFO - Setting next_dagrun for example_kubernetes_executor to None
[2024-04-30 16:19:33,114] {scheduler_job.py:190} INFO - Processing /home/airflow/.local/lib/python3.6/site-packages/airflow/example_dags/example_kubernetes_executor.py took 0.060 seconds
[2024-04-30 16:20:03,373] {scheduler_job.py:182} INFO - Started process (PID=781) to work on /home/airflow/.local/lib/python3.6/site-packages/airflow/example_dags/example_kubernetes_executor.py
[2024-04-30 16:20:03,375] {scheduler_job.py:629} INFO - Processing file /home/airflow/.local/lib/python3.6/site-packages/airflow/example_dags/example_kubernetes_executor.py for tasks to queue
[2024-04-30 16:20:03,375] {logging_mixin.py:104} INFO - [2024-04-30 16:20:03,375] {dagbag.py:451} INFO - Filling up the DagBag from /home/airflow/.local/lib/python3.6/site-packages/airflow/example_dags/example_kubernetes_executor.py
[2024-04-30 16:20:03,386] {scheduler_job.py:639} INFO - DAG(s) dict_keys(['example_kubernetes_executor']) retrieved from /home/airflow/.local/lib/python3.6/site-packages/airflow/example_dags/example_kubernetes_executor.py
[2024-04-30 16:20:03,406] {logging_mixin.py:104} INFO - [2024-04-30 16:20:03,406] {dag.py:1824} INFO - Sync 1 DAGs
[2024-04-30 16:20:03,420] {logging_mixin.py:104} INFO - [2024-04-30 16:20:03,420] {dag.py:2280} INFO - Setting next_dagrun for example_kubernetes_executor to None
[2024-04-30 16:20:03,431] {scheduler_job.py:190} INFO - Processing /home/airflow/.local/lib/python3.6/site-packages/airflow/example_dags/example_kubernetes_executor.py took 0.060 seconds
[2024-04-30 16:20:33,886] {scheduler_job.py:182} INFO - Started process (PID=813) to work on /home/airflow/.local/lib/python3.6/site-packages/airflow/example_dags/example_kubernetes_executor.py
[2024-04-30 16:20:33,887] {scheduler_job.py:629} INFO - Processing file /home/airflow/.local/lib/python3.6/site-packages/airflow/example_dags/example_kubernetes_executor.py for tasks to queue
[2024-04-30 16:20:33,888] {logging_mixin.py:104} INFO - [2024-04-30 16:20:33,888] {dagbag.py:451} INFO - Filling up the DagBag from /home/airflow/.local/lib/python3.6/site-packages/airflow/example_dags/example_kubernetes_executor.py
[2024-04-30 16:20:33,901] {scheduler_job.py:639} INFO - DAG(s) dict_keys(['example_kubernetes_executor']) retrieved from /home/airflow/.local/lib/python3.6/site-packages/airflow/example_dags/example_kubernetes_executor.py
[2024-04-30 16:20:33,924] {logging_mixin.py:104} INFO - [2024-04-30 16:20:33,923] {dag.py:1824} INFO - Sync 1 DAGs
[2024-04-30 16:20:33,940] {logging_mixin.py:104} INFO - [2024-04-30 16:20:33,940] {dag.py:2280} INFO - Setting next_dagrun for example_kubernetes_executor to None
[2024-04-30 16:20:33,951] {scheduler_job.py:190} INFO - Processing /home/airflow/.local/lib/python3.6/site-packages/airflow/example_dags/example_kubernetes_executor.py took 0.068 seconds
[2024-04-30 16:21:04,370] {scheduler_job.py:182} INFO - Started process (PID=845) to work on /home/airflow/.local/lib/python3.6/site-packages/airflow/example_dags/example_kubernetes_executor.py
[2024-04-30 16:21:04,371] {scheduler_job.py:629} INFO - Processing file /home/airflow/.local/lib/python3.6/site-packages/airflow/example_dags/example_kubernetes_executor.py for tasks to queue
[2024-04-30 16:21:04,372] {logging_mixin.py:104} INFO - [2024-04-30 16:21:04,372] {dagbag.py:451} INFO - Filling up the DagBag from /home/airflow/.local/lib/python3.6/site-packages/airflow/example_dags/example_kubernetes_executor.py
[2024-04-30 16:21:04,383] {scheduler_job.py:639} INFO - DAG(s) dict_keys(['example_kubernetes_executor']) retrieved from /home/airflow/.local/lib/python3.6/site-packages/airflow/example_dags/example_kubernetes_executor.py
[2024-04-30 16:21:04,404] {logging_mixin.py:104} INFO - [2024-04-30 16:21:04,403] {dag.py:1824} INFO - Sync 1 DAGs
[2024-04-30 16:21:04,419] {logging_mixin.py:104} INFO - [2024-04-30 16:21:04,419] {dag.py:2280} INFO - Setting next_dagrun for example_kubernetes_executor to None
[2024-04-30 16:21:04,429] {scheduler_job.py:190} INFO - Processing /home/airflow/.local/lib/python3.6/site-packages/airflow/example_dags/example_kubernetes_executor.py took 0.062 seconds
[2024-04-30 16:21:34,885] {scheduler_job.py:182} INFO - Started process (PID=877) to work on /home/airflow/.local/lib/python3.6/site-packages/airflow/example_dags/example_kubernetes_executor.py
[2024-04-30 16:21:34,887] {scheduler_job.py:629} INFO - Processing file /home/airflow/.local/lib/python3.6/site-packages/airflow/example_dags/example_kubernetes_executor.py for tasks to queue
[2024-04-30 16:21:34,888] {logging_mixin.py:104} INFO - [2024-04-30 16:21:34,887] {dagbag.py:451} INFO - Filling up the DagBag from /home/airflow/.local/lib/python3.6/site-packages/airflow/example_dags/example_kubernetes_executor.py
[2024-04-30 16:21:34,899] {scheduler_job.py:639} INFO - DAG(s) dict_keys(['example_kubernetes_executor']) retrieved from /home/airflow/.local/lib/python3.6/site-packages/airflow/example_dags/example_kubernetes_executor.py
[2024-04-30 16:21:34,922] {logging_mixin.py:104} INFO - [2024-04-30 16:21:34,922] {dag.py:1824} INFO - Sync 1 DAGs
[2024-04-30 16:21:34,937] {logging_mixin.py:104} INFO - [2024-04-30 16:21:34,937] {dag.py:2280} INFO - Setting next_dagrun for example_kubernetes_executor to None
[2024-04-30 16:21:34,947] {scheduler_job.py:190} INFO - Processing /home/airflow/.local/lib/python3.6/site-packages/airflow/example_dags/example_kubernetes_executor.py took 0.065 seconds
[2024-04-30 16:22:05,441] {scheduler_job.py:182} INFO - Started process (PID=909) to work on /home/airflow/.local/lib/python3.6/site-packages/airflow/example_dags/example_kubernetes_executor.py
[2024-04-30 16:22:05,442] {scheduler_job.py:629} INFO - Processing file /home/airflow/.local/lib/python3.6/site-packages/airflow/example_dags/example_kubernetes_executor.py for tasks to queue
[2024-04-30 16:22:05,443] {logging_mixin.py:104} INFO - [2024-04-30 16:22:05,443] {dagbag.py:451} INFO - Filling up the DagBag from /home/airflow/.local/lib/python3.6/site-packages/airflow/example_dags/example_kubernetes_executor.py
[2024-04-30 16:22:05,455] {scheduler_job.py:639} INFO - DAG(s) dict_keys(['example_kubernetes_executor']) retrieved from /home/airflow/.local/lib/python3.6/site-packages/airflow/example_dags/example_kubernetes_executor.py
[2024-04-30 16:22:05,483] {logging_mixin.py:104} INFO - [2024-04-30 16:22:05,483] {dag.py:1824} INFO - Sync 1 DAGs
[2024-04-30 16:22:05,501] {logging_mixin.py:104} INFO - [2024-04-30 16:22:05,501] {dag.py:2280} INFO - Setting next_dagrun for example_kubernetes_executor to None
[2024-04-30 16:22:05,513] {scheduler_job.py:190} INFO - Processing /home/airflow/.local/lib/python3.6/site-packages/airflow/example_dags/example_kubernetes_executor.py took 0.075 seconds
[2024-04-30 16:22:36,065] {scheduler_job.py:182} INFO - Started process (PID=941) to work on /home/airflow/.local/lib/python3.6/site-packages/airflow/example_dags/example_kubernetes_executor.py
[2024-04-30 16:22:36,066] {scheduler_job.py:629} INFO - Processing file /home/airflow/.local/lib/python3.6/site-packages/airflow/example_dags/example_kubernetes_executor.py for tasks to queue
[2024-04-30 16:22:36,067] {logging_mixin.py:104} INFO - [2024-04-30 16:22:36,067] {dagbag.py:451} INFO - Filling up the DagBag from /home/airflow/.local/lib/python3.6/site-packages/airflow/example_dags/example_kubernetes_executor.py
[2024-04-30 16:22:36,085] {scheduler_job.py:639} INFO - DAG(s) dict_keys(['example_kubernetes_executor']) retrieved from /home/airflow/.local/lib/python3.6/site-packages/airflow/example_dags/example_kubernetes_executor.py
[2024-04-30 16:22:36,111] {logging_mixin.py:104} INFO - [2024-04-30 16:22:36,110] {dag.py:1824} INFO - Sync 1 DAGs
[2024-04-30 16:22:36,129] {logging_mixin.py:104} INFO - [2024-04-30 16:22:36,128] {dag.py:2280} INFO - Setting next_dagrun for example_kubernetes_executor to None
[2024-04-30 16:22:36,141] {scheduler_job.py:190} INFO - Processing /home/airflow/.local/lib/python3.6/site-packages/airflow/example_dags/example_kubernetes_executor.py took 0.080 seconds
[2024-04-30 16:23:06,752] {scheduler_job.py:182} INFO - Started process (PID=973) to work on /home/airflow/.local/lib/python3.6/site-packages/airflow/example_dags/example_kubernetes_executor.py
[2024-04-30 16:23:06,754] {scheduler_job.py:629} INFO - Processing file /home/airflow/.local/lib/python3.6/site-packages/airflow/example_dags/example_kubernetes_executor.py for tasks to queue
[2024-04-30 16:23:06,755] {logging_mixin.py:104} INFO - [2024-04-30 16:23:06,755] {dagbag.py:451} INFO - Filling up the DagBag from /home/airflow/.local/lib/python3.6/site-packages/airflow/example_dags/example_kubernetes_executor.py
[2024-04-30 16:23:06,770] {scheduler_job.py:639} INFO - DAG(s) dict_keys(['example_kubernetes_executor']) retrieved from /home/airflow/.local/lib/python3.6/site-packages/airflow/example_dags/example_kubernetes_executor.py
[2024-04-30 16:23:06,794] {logging_mixin.py:104} INFO - [2024-04-30 16:23:06,794] {dag.py:1824} INFO - Sync 1 DAGs
[2024-04-30 16:23:06,811] {logging_mixin.py:104} INFO - [2024-04-30 16:23:06,810] {dag.py:2280} INFO - Setting next_dagrun for example_kubernetes_executor to None
[2024-04-30 16:23:06,822] {scheduler_job.py:190} INFO - Processing /home/airflow/.local/lib/python3.6/site-packages/airflow/example_dags/example_kubernetes_executor.py took 0.073 seconds
[2024-04-30 16:23:37,170] {scheduler_job.py:182} INFO - Started process (PID=1005) to work on /home/airflow/.local/lib/python3.6/site-packages/airflow/example_dags/example_kubernetes_executor.py
[2024-04-30 16:23:37,171] {scheduler_job.py:629} INFO - Processing file /home/airflow/.local/lib/python3.6/site-packages/airflow/example_dags/example_kubernetes_executor.py for tasks to queue
[2024-04-30 16:23:37,172] {logging_mixin.py:104} INFO - [2024-04-30 16:23:37,172] {dagbag.py:451} INFO - Filling up the DagBag from /home/airflow/.local/lib/python3.6/site-packages/airflow/example_dags/example_kubernetes_executor.py
[2024-04-30 16:23:37,185] {scheduler_job.py:639} INFO - DAG(s) dict_keys(['example_kubernetes_executor']) retrieved from /home/airflow/.local/lib/python3.6/site-packages/airflow/example_dags/example_kubernetes_executor.py
[2024-04-30 16:23:37,208] {logging_mixin.py:104} INFO - [2024-04-30 16:23:37,208] {dag.py:1824} INFO - Sync 1 DAGs
[2024-04-30 16:23:37,224] {logging_mixin.py:104} INFO - [2024-04-30 16:23:37,224] {dag.py:2280} INFO - Setting next_dagrun for example_kubernetes_executor to None
[2024-04-30 16:23:37,240] {scheduler_job.py:190} INFO - Processing /home/airflow/.local/lib/python3.6/site-packages/airflow/example_dags/example_kubernetes_executor.py took 0.074 seconds
[2024-04-30 16:24:07,838] {scheduler_job.py:182} INFO - Started process (PID=1037) to work on /home/airflow/.local/lib/python3.6/site-packages/airflow/example_dags/example_kubernetes_executor.py
[2024-04-30 16:24:07,839] {scheduler_job.py:629} INFO - Processing file /home/airflow/.local/lib/python3.6/site-packages/airflow/example_dags/example_kubernetes_executor.py for tasks to queue
[2024-04-30 16:24:07,840] {logging_mixin.py:104} INFO - [2024-04-30 16:24:07,840] {dagbag.py:451} INFO - Filling up the DagBag from /home/airflow/.local/lib/python3.6/site-packages/airflow/example_dags/example_kubernetes_executor.py
[2024-04-30 16:24:07,857] {scheduler_job.py:639} INFO - DAG(s) dict_keys(['example_kubernetes_executor']) retrieved from /home/airflow/.local/lib/python3.6/site-packages/airflow/example_dags/example_kubernetes_executor.py
[2024-04-30 16:24:07,890] {logging_mixin.py:104} INFO - [2024-04-30 16:24:07,890] {dag.py:1824} INFO - Sync 1 DAGs
[2024-04-30 16:24:07,907] {logging_mixin.py:104} INFO - [2024-04-30 16:24:07,907] {dag.py:2280} INFO - Setting next_dagrun for example_kubernetes_executor to None
[2024-04-30 16:24:07,917] {scheduler_job.py:190} INFO - Processing /home/airflow/.local/lib/python3.6/site-packages/airflow/example_dags/example_kubernetes_executor.py took 0.082 seconds
[2024-04-30 16:24:38,352] {scheduler_job.py:182} INFO - Started process (PID=1069) to work on /home/airflow/.local/lib/python3.6/site-packages/airflow/example_dags/example_kubernetes_executor.py
[2024-04-30 16:24:38,354] {scheduler_job.py:629} INFO - Processing file /home/airflow/.local/lib/python3.6/site-packages/airflow/example_dags/example_kubernetes_executor.py for tasks to queue
[2024-04-30 16:24:38,355] {logging_mixin.py:104} INFO - [2024-04-30 16:24:38,355] {dagbag.py:451} INFO - Filling up the DagBag from /home/airflow/.local/lib/python3.6/site-packages/airflow/example_dags/example_kubernetes_executor.py
[2024-04-30 16:24:38,371] {scheduler_job.py:639} INFO - DAG(s) dict_keys(['example_kubernetes_executor']) retrieved from /home/airflow/.local/lib/python3.6/site-packages/airflow/example_dags/example_kubernetes_executor.py
[2024-04-30 16:24:38,393] {logging_mixin.py:104} INFO - [2024-04-30 16:24:38,393] {dag.py:1824} INFO - Sync 1 DAGs
[2024-04-30 16:24:38,411] {logging_mixin.py:104} INFO - [2024-04-30 16:24:38,411] {dag.py:2280} INFO - Setting next_dagrun for example_kubernetes_executor to None
[2024-04-30 16:24:38,423] {scheduler_job.py:190} INFO - Processing /home/airflow/.local/lib/python3.6/site-packages/airflow/example_dags/example_kubernetes_executor.py took 0.075 seconds
[2024-04-30 16:25:09,073] {scheduler_job.py:182} INFO - Started process (PID=1101) to work on /home/airflow/.local/lib/python3.6/site-packages/airflow/example_dags/example_kubernetes_executor.py
[2024-04-30 16:25:09,074] {scheduler_job.py:629} INFO - Processing file /home/airflow/.local/lib/python3.6/site-packages/airflow/example_dags/example_kubernetes_executor.py for tasks to queue
[2024-04-30 16:25:09,075] {logging_mixin.py:104} INFO - [2024-04-30 16:25:09,075] {dagbag.py:451} INFO - Filling up the DagBag from /home/airflow/.local/lib/python3.6/site-packages/airflow/example_dags/example_kubernetes_executor.py
[2024-04-30 16:25:09,089] {scheduler_job.py:639} INFO - DAG(s) dict_keys(['example_kubernetes_executor']) retrieved from /home/airflow/.local/lib/python3.6/site-packages/airflow/example_dags/example_kubernetes_executor.py
[2024-04-30 16:25:09,117] {logging_mixin.py:104} INFO - [2024-04-30 16:25:09,116] {dag.py:1824} INFO - Sync 1 DAGs
[2024-04-30 16:25:09,132] {logging_mixin.py:104} INFO - [2024-04-30 16:25:09,132] {dag.py:2280} INFO - Setting next_dagrun for example_kubernetes_executor to None
[2024-04-30 16:25:09,144] {scheduler_job.py:190} INFO - Processing /home/airflow/.local/lib/python3.6/site-packages/airflow/example_dags/example_kubernetes_executor.py took 0.074 seconds
[2024-04-30 16:25:39,725] {scheduler_job.py:182} INFO - Started process (PID=1133) to work on /home/airflow/.local/lib/python3.6/site-packages/airflow/example_dags/example_kubernetes_executor.py
[2024-04-30 16:25:39,726] {scheduler_job.py:629} INFO - Processing file /home/airflow/.local/lib/python3.6/site-packages/airflow/example_dags/example_kubernetes_executor.py for tasks to queue
[2024-04-30 16:25:39,727] {logging_mixin.py:104} INFO - [2024-04-30 16:25:39,727] {dagbag.py:451} INFO - Filling up the DagBag from /home/airflow/.local/lib/python3.6/site-packages/airflow/example_dags/example_kubernetes_executor.py
[2024-04-30 16:25:39,740] {scheduler_job.py:639} INFO - DAG(s) dict_keys(['example_kubernetes_executor']) retrieved from /home/airflow/.local/lib/python3.6/site-packages/airflow/example_dags/example_kubernetes_executor.py
[2024-04-30 16:25:39,763] {logging_mixin.py:104} INFO - [2024-04-30 16:25:39,762] {dag.py:1824} INFO - Sync 1 DAGs
[2024-04-30 16:25:39,781] {logging_mixin.py:104} INFO - [2024-04-30 16:25:39,781] {dag.py:2280} INFO - Setting next_dagrun for example_kubernetes_executor to None
[2024-04-30 16:25:39,793] {scheduler_job.py:190} INFO - Processing /home/airflow/.local/lib/python3.6/site-packages/airflow/example_dags/example_kubernetes_executor.py took 0.071 seconds
[2024-04-30 16:26:10,195] {scheduler_job.py:182} INFO - Started process (PID=1165) to work on /home/airflow/.local/lib/python3.6/site-packages/airflow/example_dags/example_kubernetes_executor.py
[2024-04-30 16:26:10,197] {scheduler_job.py:629} INFO - Processing file /home/airflow/.local/lib/python3.6/site-packages/airflow/example_dags/example_kubernetes_executor.py for tasks to queue
[2024-04-30 16:26:10,198] {logging_mixin.py:104} INFO - [2024-04-30 16:26:10,197] {dagbag.py:451} INFO - Filling up the DagBag from /home/airflow/.local/lib/python3.6/site-packages/airflow/example_dags/example_kubernetes_executor.py
[2024-04-30 16:26:10,210] {scheduler_job.py:639} INFO - DAG(s) dict_keys(['example_kubernetes_executor']) retrieved from /home/airflow/.local/lib/python3.6/site-packages/airflow/example_dags/example_kubernetes_executor.py
[2024-04-30 16:26:10,230] {logging_mixin.py:104} INFO - [2024-04-30 16:26:10,229] {dag.py:1824} INFO - Sync 1 DAGs
[2024-04-30 16:26:10,246] {logging_mixin.py:104} INFO - [2024-04-30 16:26:10,246] {dag.py:2280} INFO - Setting next_dagrun for example_kubernetes_executor to None
[2024-04-30 16:26:10,258] {scheduler_job.py:190} INFO - Processing /home/airflow/.local/lib/python3.6/site-packages/airflow/example_dags/example_kubernetes_executor.py took 0.065 seconds
[2024-04-30 16:26:40,614] {scheduler_job.py:182} INFO - Started process (PID=1197) to work on /home/airflow/.local/lib/python3.6/site-packages/airflow/example_dags/example_kubernetes_executor.py
[2024-04-30 16:26:40,618] {scheduler_job.py:629} INFO - Processing file /home/airflow/.local/lib/python3.6/site-packages/airflow/example_dags/example_kubernetes_executor.py for tasks to queue
[2024-04-30 16:26:40,619] {logging_mixin.py:104} INFO - [2024-04-30 16:26:40,619] {dagbag.py:451} INFO - Filling up the DagBag from /home/airflow/.local/lib/python3.6/site-packages/airflow/example_dags/example_kubernetes_executor.py
[2024-04-30 16:26:40,633] {scheduler_job.py:639} INFO - DAG(s) dict_keys(['example_kubernetes_executor']) retrieved from /home/airflow/.local/lib/python3.6/site-packages/airflow/example_dags/example_kubernetes_executor.py
[2024-04-30 16:26:40,665] {logging_mixin.py:104} INFO - [2024-04-30 16:26:40,665] {dag.py:1824} INFO - Sync 1 DAGs
[2024-04-30 16:26:40,679] {logging_mixin.py:104} INFO - [2024-04-30 16:26:40,679] {dag.py:2280} INFO - Setting next_dagrun for example_kubernetes_executor to None
[2024-04-30 16:26:40,690] {scheduler_job.py:190} INFO - Processing /home/airflow/.local/lib/python3.6/site-packages/airflow/example_dags/example_kubernetes_executor.py took 0.080 seconds
[2024-04-30 16:27:11,170] {scheduler_job.py:182} INFO - Started process (PID=1229) to work on /home/airflow/.local/lib/python3.6/site-packages/airflow/example_dags/example_kubernetes_executor.py
[2024-04-30 16:27:11,172] {scheduler_job.py:629} INFO - Processing file /home/airflow/.local/lib/python3.6/site-packages/airflow/example_dags/example_kubernetes_executor.py for tasks to queue
[2024-04-30 16:27:11,173] {logging_mixin.py:104} INFO - [2024-04-30 16:27:11,173] {dagbag.py:451} INFO - Filling up the DagBag from /home/airflow/.local/lib/python3.6/site-packages/airflow/example_dags/example_kubernetes_executor.py
[2024-04-30 16:27:11,188] {scheduler_job.py:639} INFO - DAG(s) dict_keys(['example_kubernetes_executor']) retrieved from /home/airflow/.local/lib/python3.6/site-packages/airflow/example_dags/example_kubernetes_executor.py
[2024-04-30 16:27:11,211] {logging_mixin.py:104} INFO - [2024-04-30 16:27:11,211] {dag.py:1824} INFO - Sync 1 DAGs
[2024-04-30 16:27:11,227] {logging_mixin.py:104} INFO - [2024-04-30 16:27:11,227] {dag.py:2280} INFO - Setting next_dagrun for example_kubernetes_executor to None
[2024-04-30 16:27:11,239] {scheduler_job.py:190} INFO - Processing /home/airflow/.local/lib/python3.6/site-packages/airflow/example_dags/example_kubernetes_executor.py took 0.074 seconds
[2024-04-30 16:27:41,691] {scheduler_job.py:182} INFO - Started process (PID=1261) to work on /home/airflow/.local/lib/python3.6/site-packages/airflow/example_dags/example_kubernetes_executor.py
[2024-04-30 16:27:41,692] {scheduler_job.py:629} INFO - Processing file /home/airflow/.local/lib/python3.6/site-packages/airflow/example_dags/example_kubernetes_executor.py for tasks to queue
[2024-04-30 16:27:41,693] {logging_mixin.py:104} INFO - [2024-04-30 16:27:41,693] {dagbag.py:451} INFO - Filling up the DagBag from /home/airflow/.local/lib/python3.6/site-packages/airflow/example_dags/example_kubernetes_executor.py
[2024-04-30 16:27:41,705] {scheduler_job.py:639} INFO - DAG(s) dict_keys(['example_kubernetes_executor']) retrieved from /home/airflow/.local/lib/python3.6/site-packages/airflow/example_dags/example_kubernetes_executor.py
[2024-04-30 16:27:41,725] {logging_mixin.py:104} INFO - [2024-04-30 16:27:41,725] {dag.py:1824} INFO - Sync 1 DAGs
[2024-04-30 16:27:41,739] {logging_mixin.py:104} INFO - [2024-04-30 16:27:41,739] {dag.py:2280} INFO - Setting next_dagrun for example_kubernetes_executor to None
[2024-04-30 16:27:41,748] {scheduler_job.py:190} INFO - Processing /home/airflow/.local/lib/python3.6/site-packages/airflow/example_dags/example_kubernetes_executor.py took 0.060 seconds
[2024-04-30 16:28:12,157] {scheduler_job.py:182} INFO - Started process (PID=1293) to work on /home/airflow/.local/lib/python3.6/site-packages/airflow/example_dags/example_kubernetes_executor.py
[2024-04-30 16:28:12,159] {scheduler_job.py:629} INFO - Processing file /home/airflow/.local/lib/python3.6/site-packages/airflow/example_dags/example_kubernetes_executor.py for tasks to queue
[2024-04-30 16:28:12,161] {logging_mixin.py:104} INFO - [2024-04-30 16:28:12,161] {dagbag.py:451} INFO - Filling up the DagBag from /home/airflow/.local/lib/python3.6/site-packages/airflow/example_dags/example_kubernetes_executor.py
[2024-04-30 16:28:12,198] {scheduler_job.py:639} INFO - DAG(s) dict_keys(['example_kubernetes_executor']) retrieved from /home/airflow/.local/lib/python3.6/site-packages/airflow/example_dags/example_kubernetes_executor.py
[2024-04-30 16:28:12,218] {logging_mixin.py:104} INFO - [2024-04-30 16:28:12,218] {dag.py:1824} INFO - Sync 1 DAGs
[2024-04-30 16:28:12,234] {logging_mixin.py:104} INFO - [2024-04-30 16:28:12,233] {dag.py:2280} INFO - Setting next_dagrun for example_kubernetes_executor to None
[2024-04-30 16:28:12,246] {scheduler_job.py:190} INFO - Processing /home/airflow/.local/lib/python3.6/site-packages/airflow/example_dags/example_kubernetes_executor.py took 0.095 seconds
[2024-04-30 16:28:42,802] {scheduler_job.py:182} INFO - Started process (PID=1325) to work on /home/airflow/.local/lib/python3.6/site-packages/airflow/example_dags/example_kubernetes_executor.py
[2024-04-30 16:28:42,803] {scheduler_job.py:629} INFO - Processing file /home/airflow/.local/lib/python3.6/site-packages/airflow/example_dags/example_kubernetes_executor.py for tasks to queue
[2024-04-30 16:28:42,804] {logging_mixin.py:104} INFO - [2024-04-30 16:28:42,804] {dagbag.py:451} INFO - Filling up the DagBag from /home/airflow/.local/lib/python3.6/site-packages/airflow/example_dags/example_kubernetes_executor.py
[2024-04-30 16:28:42,814] {scheduler_job.py:639} INFO - DAG(s) dict_keys(['example_kubernetes_executor']) retrieved from /home/airflow/.local/lib/python3.6/site-packages/airflow/example_dags/example_kubernetes_executor.py
[2024-04-30 16:28:42,833] {logging_mixin.py:104} INFO - [2024-04-30 16:28:42,832] {dag.py:1824} INFO - Sync 1 DAGs
[2024-04-30 16:28:42,846] {logging_mixin.py:104} INFO - [2024-04-30 16:28:42,846] {dag.py:2280} INFO - Setting next_dagrun for example_kubernetes_executor to None
[2024-04-30 16:28:42,856] {scheduler_job.py:190} INFO - Processing /home/airflow/.local/lib/python3.6/site-packages/airflow/example_dags/example_kubernetes_executor.py took 0.057 seconds
[2024-04-30 16:29:13,342] {scheduler_job.py:182} INFO - Started process (PID=1357) to work on /home/airflow/.local/lib/python3.6/site-packages/airflow/example_dags/example_kubernetes_executor.py
[2024-04-30 16:29:13,343] {scheduler_job.py:629} INFO - Processing file /home/airflow/.local/lib/python3.6/site-packages/airflow/example_dags/example_kubernetes_executor.py for tasks to queue
[2024-04-30 16:29:13,344] {logging_mixin.py:104} INFO - [2024-04-30 16:29:13,344] {dagbag.py:451} INFO - Filling up the DagBag from /home/airflow/.local/lib/python3.6/site-packages/airflow/example_dags/example_kubernetes_executor.py
[2024-04-30 16:29:13,356] {scheduler_job.py:639} INFO - DAG(s) dict_keys(['example_kubernetes_executor']) retrieved from /home/airflow/.local/lib/python3.6/site-packages/airflow/example_dags/example_kubernetes_executor.py
[2024-04-30 16:29:13,376] {logging_mixin.py:104} INFO - [2024-04-30 16:29:13,376] {dag.py:1824} INFO - Sync 1 DAGs
[2024-04-30 16:29:13,392] {logging_mixin.py:104} INFO - [2024-04-30 16:29:13,391] {dag.py:2280} INFO - Setting next_dagrun for example_kubernetes_executor to None
[2024-04-30 16:29:13,402] {scheduler_job.py:190} INFO - Processing /home/airflow/.local/lib/python3.6/site-packages/airflow/example_dags/example_kubernetes_executor.py took 0.063 seconds
[2024-04-30 16:29:43,960] {scheduler_job.py:182} INFO - Started process (PID=1389) to work on /home/airflow/.local/lib/python3.6/site-packages/airflow/example_dags/example_kubernetes_executor.py
[2024-04-30 16:29:43,961] {scheduler_job.py:629} INFO - Processing file /home/airflow/.local/lib/python3.6/site-packages/airflow/example_dags/example_kubernetes_executor.py for tasks to queue
[2024-04-30 16:29:43,962] {logging_mixin.py:104} INFO - [2024-04-30 16:29:43,962] {dagbag.py:451} INFO - Filling up the DagBag from /home/airflow/.local/lib/python3.6/site-packages/airflow/example_dags/example_kubernetes_executor.py
[2024-04-30 16:29:43,973] {scheduler_job.py:639} INFO - DAG(s) dict_keys(['example_kubernetes_executor']) retrieved from /home/airflow/.local/lib/python3.6/site-packages/airflow/example_dags/example_kubernetes_executor.py
[2024-04-30 16:29:43,992] {logging_mixin.py:104} INFO - [2024-04-30 16:29:43,991] {dag.py:1824} INFO - Sync 1 DAGs
[2024-04-30 16:29:44,006] {logging_mixin.py:104} INFO - [2024-04-30 16:29:44,005] {dag.py:2280} INFO - Setting next_dagrun for example_kubernetes_executor to None
[2024-04-30 16:29:44,016] {scheduler_job.py:190} INFO - Processing /home/airflow/.local/lib/python3.6/site-packages/airflow/example_dags/example_kubernetes_executor.py took 0.058 seconds
[2024-04-30 16:30:14,470] {scheduler_job.py:182} INFO - Started process (PID=1421) to work on /home/airflow/.local/lib/python3.6/site-packages/airflow/example_dags/example_kubernetes_executor.py
[2024-04-30 16:30:14,471] {scheduler_job.py:629} INFO - Processing file /home/airflow/.local/lib/python3.6/site-packages/airflow/example_dags/example_kubernetes_executor.py for tasks to queue
[2024-04-30 16:30:14,472] {logging_mixin.py:104} INFO - [2024-04-30 16:30:14,472] {dagbag.py:451} INFO - Filling up the DagBag from /home/airflow/.local/lib/python3.6/site-packages/airflow/example_dags/example_kubernetes_executor.py
[2024-04-30 16:30:14,487] {scheduler_job.py:639} INFO - DAG(s) dict_keys(['example_kubernetes_executor']) retrieved from /home/airflow/.local/lib/python3.6/site-packages/airflow/example_dags/example_kubernetes_executor.py
[2024-04-30 16:30:14,508] {logging_mixin.py:104} INFO - [2024-04-30 16:30:14,508] {dag.py:1824} INFO - Sync 1 DAGs
[2024-04-30 16:30:14,522] {logging_mixin.py:104} INFO - [2024-04-30 16:30:14,521] {dag.py:2280} INFO - Setting next_dagrun for example_kubernetes_executor to None
[2024-04-30 16:30:14,532] {scheduler_job.py:190} INFO - Processing /home/airflow/.local/lib/python3.6/site-packages/airflow/example_dags/example_kubernetes_executor.py took 0.066 seconds
[2024-04-30 16:30:45,269] {scheduler_job.py:182} INFO - Started process (PID=1453) to work on /home/airflow/.local/lib/python3.6/site-packages/airflow/example_dags/example_kubernetes_executor.py
[2024-04-30 16:30:45,270] {scheduler_job.py:629} INFO - Processing file /home/airflow/.local/lib/python3.6/site-packages/airflow/example_dags/example_kubernetes_executor.py for tasks to queue
[2024-04-30 16:30:45,273] {logging_mixin.py:104} INFO - [2024-04-30 16:30:45,272] {dagbag.py:451} INFO - Filling up the DagBag from /home/airflow/.local/lib/python3.6/site-packages/airflow/example_dags/example_kubernetes_executor.py
[2024-04-30 16:30:45,291] {scheduler_job.py:639} INFO - DAG(s) dict_keys(['example_kubernetes_executor']) retrieved from /home/airflow/.local/lib/python3.6/site-packages/airflow/example_dags/example_kubernetes_executor.py
[2024-04-30 16:30:45,314] {logging_mixin.py:104} INFO - [2024-04-30 16:30:45,314] {dag.py:1824} INFO - Sync 1 DAGs
[2024-04-30 16:30:45,336] {logging_mixin.py:104} INFO - [2024-04-30 16:30:45,336] {dag.py:2280} INFO - Setting next_dagrun for example_kubernetes_executor to None
[2024-04-30 16:30:45,349] {scheduler_job.py:190} INFO - Processing /home/airflow/.local/lib/python3.6/site-packages/airflow/example_dags/example_kubernetes_executor.py took 0.085 seconds
[2024-04-30 16:31:15,827] {scheduler_job.py:182} INFO - Started process (PID=1485) to work on /home/airflow/.local/lib/python3.6/site-packages/airflow/example_dags/example_kubernetes_executor.py
[2024-04-30 16:31:15,830] {scheduler_job.py:629} INFO - Processing file /home/airflow/.local/lib/python3.6/site-packages/airflow/example_dags/example_kubernetes_executor.py for tasks to queue
[2024-04-30 16:31:15,833] {logging_mixin.py:104} INFO - [2024-04-30 16:31:15,831] {dagbag.py:451} INFO - Filling up the DagBag from /home/airflow/.local/lib/python3.6/site-packages/airflow/example_dags/example_kubernetes_executor.py
[2024-04-30 16:31:15,878] {scheduler_job.py:639} INFO - DAG(s) dict_keys(['example_kubernetes_executor']) retrieved from /home/airflow/.local/lib/python3.6/site-packages/airflow/example_dags/example_kubernetes_executor.py
[2024-04-30 16:31:16,033] {logging_mixin.py:104} INFO - [2024-04-30 16:31:16,033] {dag.py:1824} INFO - Sync 1 DAGs
[2024-04-30 16:31:16,090] {logging_mixin.py:104} INFO - [2024-04-30 16:31:16,086] {dag.py:2280} INFO - Setting next_dagrun for example_kubernetes_executor to None
[2024-04-30 16:31:16,116] {scheduler_job.py:190} INFO - Processing /home/airflow/.local/lib/python3.6/site-packages/airflow/example_dags/example_kubernetes_executor.py took 0.296 seconds
[2024-04-30 16:31:46,868] {scheduler_job.py:182} INFO - Started process (PID=1516) to work on /home/airflow/.local/lib/python3.6/site-packages/airflow/example_dags/example_kubernetes_executor.py
[2024-04-30 16:31:46,870] {scheduler_job.py:629} INFO - Processing file /home/airflow/.local/lib/python3.6/site-packages/airflow/example_dags/example_kubernetes_executor.py for tasks to queue
[2024-04-30 16:31:46,872] {logging_mixin.py:104} INFO - [2024-04-30 16:31:46,872] {dagbag.py:451} INFO - Filling up the DagBag from /home/airflow/.local/lib/python3.6/site-packages/airflow/example_dags/example_kubernetes_executor.py
[2024-04-30 16:31:46,889] {scheduler_job.py:639} INFO - DAG(s) dict_keys(['example_kubernetes_executor']) retrieved from /home/airflow/.local/lib/python3.6/site-packages/airflow/example_dags/example_kubernetes_executor.py
[2024-04-30 16:31:46,915] {logging_mixin.py:104} INFO - [2024-04-30 16:31:46,915] {dag.py:1824} INFO - Sync 1 DAGs
[2024-04-30 16:31:46,935] {logging_mixin.py:104} INFO - [2024-04-30 16:31:46,935] {dag.py:2280} INFO - Setting next_dagrun for example_kubernetes_executor to None
[2024-04-30 16:31:46,947] {scheduler_job.py:190} INFO - Processing /home/airflow/.local/lib/python3.6/site-packages/airflow/example_dags/example_kubernetes_executor.py took 0.083 seconds
[2024-04-30 16:32:17,223] {scheduler_job.py:182} INFO - Started process (PID=1548) to work on /home/airflow/.local/lib/python3.6/site-packages/airflow/example_dags/example_kubernetes_executor.py
[2024-04-30 16:32:17,225] {scheduler_job.py:629} INFO - Processing file /home/airflow/.local/lib/python3.6/site-packages/airflow/example_dags/example_kubernetes_executor.py for tasks to queue
[2024-04-30 16:32:17,226] {logging_mixin.py:104} INFO - [2024-04-30 16:32:17,226] {dagbag.py:451} INFO - Filling up the DagBag from /home/airflow/.local/lib/python3.6/site-packages/airflow/example_dags/example_kubernetes_executor.py
[2024-04-30 16:32:17,239] {scheduler_job.py:639} INFO - DAG(s) dict_keys(['example_kubernetes_executor']) retrieved from /home/airflow/.local/lib/python3.6/site-packages/airflow/example_dags/example_kubernetes_executor.py
[2024-04-30 16:32:17,275] {logging_mixin.py:104} INFO - [2024-04-30 16:32:17,275] {dag.py:1824} INFO - Sync 1 DAGs
[2024-04-30 16:32:17,295] {logging_mixin.py:104} INFO - [2024-04-30 16:32:17,295] {dag.py:2280} INFO - Setting next_dagrun for example_kubernetes_executor to None
[2024-04-30 16:32:17,312] {scheduler_job.py:190} INFO - Processing /home/airflow/.local/lib/python3.6/site-packages/airflow/example_dags/example_kubernetes_executor.py took 0.092 seconds
[2024-04-30 16:32:47,816] {scheduler_job.py:182} INFO - Started process (PID=1580) to work on /home/airflow/.local/lib/python3.6/site-packages/airflow/example_dags/example_kubernetes_executor.py
[2024-04-30 16:32:47,817] {scheduler_job.py:629} INFO - Processing file /home/airflow/.local/lib/python3.6/site-packages/airflow/example_dags/example_kubernetes_executor.py for tasks to queue
[2024-04-30 16:32:47,818] {logging_mixin.py:104} INFO - [2024-04-30 16:32:47,818] {dagbag.py:451} INFO - Filling up the DagBag from /home/airflow/.local/lib/python3.6/site-packages/airflow/example_dags/example_kubernetes_executor.py
[2024-04-30 16:32:47,831] {scheduler_job.py:639} INFO - DAG(s) dict_keys(['example_kubernetes_executor']) retrieved from /home/airflow/.local/lib/python3.6/site-packages/airflow/example_dags/example_kubernetes_executor.py
[2024-04-30 16:32:47,858] {logging_mixin.py:104} INFO - [2024-04-30 16:32:47,857] {dag.py:1824} INFO - Sync 1 DAGs
[2024-04-30 16:32:47,881] {logging_mixin.py:104} INFO - [2024-04-30 16:32:47,881] {dag.py:2280} INFO - Setting next_dagrun for example_kubernetes_executor to None
[2024-04-30 16:32:47,896] {scheduler_job.py:190} INFO - Processing /home/airflow/.local/lib/python3.6/site-packages/airflow/example_dags/example_kubernetes_executor.py took 0.083 seconds
[2024-04-30 16:33:18,503] {scheduler_job.py:182} INFO - Started process (PID=1612) to work on /home/airflow/.local/lib/python3.6/site-packages/airflow/example_dags/example_kubernetes_executor.py
[2024-04-30 16:33:18,504] {scheduler_job.py:629} INFO - Processing file /home/airflow/.local/lib/python3.6/site-packages/airflow/example_dags/example_kubernetes_executor.py for tasks to queue
[2024-04-30 16:33:18,505] {logging_mixin.py:104} INFO - [2024-04-30 16:33:18,505] {dagbag.py:451} INFO - Filling up the DagBag from /home/airflow/.local/lib/python3.6/site-packages/airflow/example_dags/example_kubernetes_executor.py
[2024-04-30 16:33:18,516] {scheduler_job.py:639} INFO - DAG(s) dict_keys(['example_kubernetes_executor']) retrieved from /home/airflow/.local/lib/python3.6/site-packages/airflow/example_dags/example_kubernetes_executor.py
[2024-04-30 16:33:18,535] {logging_mixin.py:104} INFO - [2024-04-30 16:33:18,535] {dag.py:1824} INFO - Sync 1 DAGs
[2024-04-30 16:33:18,548] {logging_mixin.py:104} INFO - [2024-04-30 16:33:18,548] {dag.py:2280} INFO - Setting next_dagrun for example_kubernetes_executor to None
[2024-04-30 16:33:18,558] {scheduler_job.py:190} INFO - Processing /home/airflow/.local/lib/python3.6/site-packages/airflow/example_dags/example_kubernetes_executor.py took 0.059 seconds
[2024-04-30 16:33:49,042] {scheduler_job.py:182} INFO - Started process (PID=1644) to work on /home/airflow/.local/lib/python3.6/site-packages/airflow/example_dags/example_kubernetes_executor.py
[2024-04-30 16:33:49,043] {scheduler_job.py:629} INFO - Processing file /home/airflow/.local/lib/python3.6/site-packages/airflow/example_dags/example_kubernetes_executor.py for tasks to queue
[2024-04-30 16:33:49,044] {logging_mixin.py:104} INFO - [2024-04-30 16:33:49,044] {dagbag.py:451} INFO - Filling up the DagBag from /home/airflow/.local/lib/python3.6/site-packages/airflow/example_dags/example_kubernetes_executor.py
[2024-04-30 16:33:49,057] {scheduler_job.py:639} INFO - DAG(s) dict_keys(['example_kubernetes_executor']) retrieved from /home/airflow/.local/lib/python3.6/site-packages/airflow/example_dags/example_kubernetes_executor.py
[2024-04-30 16:33:49,079] {logging_mixin.py:104} INFO - [2024-04-30 16:33:49,078] {dag.py:1824} INFO - Sync 1 DAGs
[2024-04-30 16:33:49,092] {logging_mixin.py:104} INFO - [2024-04-30 16:33:49,092] {dag.py:2280} INFO - Setting next_dagrun for example_kubernetes_executor to None
[2024-04-30 16:33:49,101] {scheduler_job.py:190} INFO - Processing /home/airflow/.local/lib/python3.6/site-packages/airflow/example_dags/example_kubernetes_executor.py took 0.062 seconds
[2024-04-30 16:34:19,702] {scheduler_job.py:182} INFO - Started process (PID=1676) to work on /home/airflow/.local/lib/python3.6/site-packages/airflow/example_dags/example_kubernetes_executor.py
[2024-04-30 16:34:19,703] {scheduler_job.py:629} INFO - Processing file /home/airflow/.local/lib/python3.6/site-packages/airflow/example_dags/example_kubernetes_executor.py for tasks to queue
[2024-04-30 16:34:19,704] {logging_mixin.py:104} INFO - [2024-04-30 16:34:19,703] {dagbag.py:451} INFO - Filling up the DagBag from /home/airflow/.local/lib/python3.6/site-packages/airflow/example_dags/example_kubernetes_executor.py
[2024-04-30 16:34:19,715] {scheduler_job.py:639} INFO - DAG(s) dict_keys(['example_kubernetes_executor']) retrieved from /home/airflow/.local/lib/python3.6/site-packages/airflow/example_dags/example_kubernetes_executor.py
[2024-04-30 16:34:19,736] {logging_mixin.py:104} INFO - [2024-04-30 16:34:19,736] {dag.py:1824} INFO - Sync 1 DAGs
[2024-04-30 16:34:19,751] {logging_mixin.py:104} INFO - [2024-04-30 16:34:19,750] {dag.py:2280} INFO - Setting next_dagrun for example_kubernetes_executor to None
[2024-04-30 16:34:19,760] {scheduler_job.py:190} INFO - Processing /home/airflow/.local/lib/python3.6/site-packages/airflow/example_dags/example_kubernetes_executor.py took 0.062 seconds
[2024-04-30 16:34:50,327] {scheduler_job.py:182} INFO - Started process (PID=1708) to work on /home/airflow/.local/lib/python3.6/site-packages/airflow/example_dags/example_kubernetes_executor.py
[2024-04-30 16:34:50,328] {scheduler_job.py:629} INFO - Processing file /home/airflow/.local/lib/python3.6/site-packages/airflow/example_dags/example_kubernetes_executor.py for tasks to queue
[2024-04-30 16:34:50,329] {logging_mixin.py:104} INFO - [2024-04-30 16:34:50,329] {dagbag.py:451} INFO - Filling up the DagBag from /home/airflow/.local/lib/python3.6/site-packages/airflow/example_dags/example_kubernetes_executor.py
[2024-04-30 16:34:50,340] {scheduler_job.py:639} INFO - DAG(s) dict_keys(['example_kubernetes_executor']) retrieved from /home/airflow/.local/lib/python3.6/site-packages/airflow/example_dags/example_kubernetes_executor.py
[2024-04-30 16:34:50,360] {logging_mixin.py:104} INFO - [2024-04-30 16:34:50,359] {dag.py:1824} INFO - Sync 1 DAGs
[2024-04-30 16:34:50,376] {logging_mixin.py:104} INFO - [2024-04-30 16:34:50,376] {dag.py:2280} INFO - Setting next_dagrun for example_kubernetes_executor to None
[2024-04-30 16:34:50,387] {scheduler_job.py:190} INFO - Processing /home/airflow/.local/lib/python3.6/site-packages/airflow/example_dags/example_kubernetes_executor.py took 0.064 seconds
[2024-04-30 16:35:20,910] {scheduler_job.py:182} INFO - Started process (PID=1740) to work on /home/airflow/.local/lib/python3.6/site-packages/airflow/example_dags/example_kubernetes_executor.py
[2024-04-30 16:35:20,911] {scheduler_job.py:629} INFO - Processing file /home/airflow/.local/lib/python3.6/site-packages/airflow/example_dags/example_kubernetes_executor.py for tasks to queue
[2024-04-30 16:35:20,912] {logging_mixin.py:104} INFO - [2024-04-30 16:35:20,912] {dagbag.py:451} INFO - Filling up the DagBag from /home/airflow/.local/lib/python3.6/site-packages/airflow/example_dags/example_kubernetes_executor.py
[2024-04-30 16:35:20,931] {scheduler_job.py:639} INFO - DAG(s) dict_keys(['example_kubernetes_executor']) retrieved from /home/airflow/.local/lib/python3.6/site-packages/airflow/example_dags/example_kubernetes_executor.py
[2024-04-30 16:35:20,957] {logging_mixin.py:104} INFO - [2024-04-30 16:35:20,956] {dag.py:1824} INFO - Sync 1 DAGs
[2024-04-30 16:35:20,972] {logging_mixin.py:104} INFO - [2024-04-30 16:35:20,972] {dag.py:2280} INFO - Setting next_dagrun for example_kubernetes_executor to None
[2024-04-30 16:35:20,983] {scheduler_job.py:190} INFO - Processing /home/airflow/.local/lib/python3.6/site-packages/airflow/example_dags/example_kubernetes_executor.py took 0.077 seconds
[2024-04-30 16:35:51,421] {scheduler_job.py:182} INFO - Started process (PID=1772) to work on /home/airflow/.local/lib/python3.6/site-packages/airflow/example_dags/example_kubernetes_executor.py
[2024-04-30 16:35:51,424] {scheduler_job.py:629} INFO - Processing file /home/airflow/.local/lib/python3.6/site-packages/airflow/example_dags/example_kubernetes_executor.py for tasks to queue
[2024-04-30 16:35:51,425] {logging_mixin.py:104} INFO - [2024-04-30 16:35:51,425] {dagbag.py:451} INFO - Filling up the DagBag from /home/airflow/.local/lib/python3.6/site-packages/airflow/example_dags/example_kubernetes_executor.py
[2024-04-30 16:35:51,439] {scheduler_job.py:639} INFO - DAG(s) dict_keys(['example_kubernetes_executor']) retrieved from /home/airflow/.local/lib/python3.6/site-packages/airflow/example_dags/example_kubernetes_executor.py
[2024-04-30 16:35:51,461] {logging_mixin.py:104} INFO - [2024-04-30 16:35:51,461] {dag.py:1824} INFO - Sync 1 DAGs
[2024-04-30 16:35:51,478] {logging_mixin.py:104} INFO - [2024-04-30 16:35:51,478] {dag.py:2280} INFO - Setting next_dagrun for example_kubernetes_executor to None
[2024-04-30 16:35:51,489] {scheduler_job.py:190} INFO - Processing /home/airflow/.local/lib/python3.6/site-packages/airflow/example_dags/example_kubernetes_executor.py took 0.072 seconds
[2024-04-30 16:36:21,956] {scheduler_job.py:182} INFO - Started process (PID=1804) to work on /home/airflow/.local/lib/python3.6/site-packages/airflow/example_dags/example_kubernetes_executor.py
[2024-04-30 16:36:21,957] {scheduler_job.py:629} INFO - Processing file /home/airflow/.local/lib/python3.6/site-packages/airflow/example_dags/example_kubernetes_executor.py for tasks to queue
[2024-04-30 16:36:21,958] {logging_mixin.py:104} INFO - [2024-04-30 16:36:21,958] {dagbag.py:451} INFO - Filling up the DagBag from /home/airflow/.local/lib/python3.6/site-packages/airflow/example_dags/example_kubernetes_executor.py
[2024-04-30 16:36:21,970] {scheduler_job.py:639} INFO - DAG(s) dict_keys(['example_kubernetes_executor']) retrieved from /home/airflow/.local/lib/python3.6/site-packages/airflow/example_dags/example_kubernetes_executor.py
[2024-04-30 16:36:21,990] {logging_mixin.py:104} INFO - [2024-04-30 16:36:21,990] {dag.py:1824} INFO - Sync 1 DAGs
[2024-04-30 16:36:22,005] {logging_mixin.py:104} INFO - [2024-04-30 16:36:22,005] {dag.py:2280} INFO - Setting next_dagrun for example_kubernetes_executor to None
[2024-04-30 16:36:22,015] {scheduler_job.py:190} INFO - Processing /home/airflow/.local/lib/python3.6/site-packages/airflow/example_dags/example_kubernetes_executor.py took 0.062 seconds
[2024-04-30 16:36:52,504] {scheduler_job.py:182} INFO - Started process (PID=1836) to work on /home/airflow/.local/lib/python3.6/site-packages/airflow/example_dags/example_kubernetes_executor.py
[2024-04-30 16:36:52,505] {scheduler_job.py:629} INFO - Processing file /home/airflow/.local/lib/python3.6/site-packages/airflow/example_dags/example_kubernetes_executor.py for tasks to queue
[2024-04-30 16:36:52,506] {logging_mixin.py:104} INFO - [2024-04-30 16:36:52,506] {dagbag.py:451} INFO - Filling up the DagBag from /home/airflow/.local/lib/python3.6/site-packages/airflow/example_dags/example_kubernetes_executor.py
[2024-04-30 16:36:52,518] {scheduler_job.py:639} INFO - DAG(s) dict_keys(['example_kubernetes_executor']) retrieved from /home/airflow/.local/lib/python3.6/site-packages/airflow/example_dags/example_kubernetes_executor.py
[2024-04-30 16:36:52,542] {logging_mixin.py:104} INFO - [2024-04-30 16:36:52,541] {dag.py:1824} INFO - Sync 1 DAGs
[2024-04-30 16:36:52,557] {logging_mixin.py:104} INFO - [2024-04-30 16:36:52,557] {dag.py:2280} INFO - Setting next_dagrun for example_kubernetes_executor to None
[2024-04-30 16:36:52,566] {scheduler_job.py:190} INFO - Processing /home/airflow/.local/lib/python3.6/site-packages/airflow/example_dags/example_kubernetes_executor.py took 0.066 seconds
[2024-04-30 16:37:23,169] {scheduler_job.py:182} INFO - Started process (PID=1868) to work on /home/airflow/.local/lib/python3.6/site-packages/airflow/example_dags/example_kubernetes_executor.py
[2024-04-30 16:37:23,171] {scheduler_job.py:629} INFO - Processing file /home/airflow/.local/lib/python3.6/site-packages/airflow/example_dags/example_kubernetes_executor.py for tasks to queue
[2024-04-30 16:37:23,171] {logging_mixin.py:104} INFO - [2024-04-30 16:37:23,171] {dagbag.py:451} INFO - Filling up the DagBag from /home/airflow/.local/lib/python3.6/site-packages/airflow/example_dags/example_kubernetes_executor.py
[2024-04-30 16:37:23,184] {scheduler_job.py:639} INFO - DAG(s) dict_keys(['example_kubernetes_executor']) retrieved from /home/airflow/.local/lib/python3.6/site-packages/airflow/example_dags/example_kubernetes_executor.py
[2024-04-30 16:37:23,204] {logging_mixin.py:104} INFO - [2024-04-30 16:37:23,204] {dag.py:1824} INFO - Sync 1 DAGs
[2024-04-30 16:37:23,218] {logging_mixin.py:104} INFO - [2024-04-30 16:37:23,218] {dag.py:2280} INFO - Setting next_dagrun for example_kubernetes_executor to None
[2024-04-30 16:37:23,229] {scheduler_job.py:190} INFO - Processing /home/airflow/.local/lib/python3.6/site-packages/airflow/example_dags/example_kubernetes_executor.py took 0.062 seconds
[2024-04-30 16:37:53,591] {scheduler_job.py:182} INFO - Started process (PID=1900) to work on /home/airflow/.local/lib/python3.6/site-packages/airflow/example_dags/example_kubernetes_executor.py
[2024-04-30 16:37:53,593] {scheduler_job.py:629} INFO - Processing file /home/airflow/.local/lib/python3.6/site-packages/airflow/example_dags/example_kubernetes_executor.py for tasks to queue
[2024-04-30 16:37:53,593] {logging_mixin.py:104} INFO - [2024-04-30 16:37:53,593] {dagbag.py:451} INFO - Filling up the DagBag from /home/airflow/.local/lib/python3.6/site-packages/airflow/example_dags/example_kubernetes_executor.py
[2024-04-30 16:37:53,605] {scheduler_job.py:639} INFO - DAG(s) dict_keys(['example_kubernetes_executor']) retrieved from /home/airflow/.local/lib/python3.6/site-packages/airflow/example_dags/example_kubernetes_executor.py
[2024-04-30 16:37:53,628] {logging_mixin.py:104} INFO - [2024-04-30 16:37:53,627] {dag.py:1824} INFO - Sync 1 DAGs
[2024-04-30 16:37:53,643] {logging_mixin.py:104} INFO - [2024-04-30 16:37:53,643] {dag.py:2280} INFO - Setting next_dagrun for example_kubernetes_executor to None
[2024-04-30 16:37:53,654] {scheduler_job.py:190} INFO - Processing /home/airflow/.local/lib/python3.6/site-packages/airflow/example_dags/example_kubernetes_executor.py took 0.066 seconds
[2024-04-30 16:38:24,048] {scheduler_job.py:182} INFO - Started process (PID=1932) to work on /home/airflow/.local/lib/python3.6/site-packages/airflow/example_dags/example_kubernetes_executor.py
[2024-04-30 16:38:24,049] {scheduler_job.py:629} INFO - Processing file /home/airflow/.local/lib/python3.6/site-packages/airflow/example_dags/example_kubernetes_executor.py for tasks to queue
[2024-04-30 16:38:24,050] {logging_mixin.py:104} INFO - [2024-04-30 16:38:24,050] {dagbag.py:451} INFO - Filling up the DagBag from /home/airflow/.local/lib/python3.6/site-packages/airflow/example_dags/example_kubernetes_executor.py
[2024-04-30 16:38:24,064] {scheduler_job.py:639} INFO - DAG(s) dict_keys(['example_kubernetes_executor']) retrieved from /home/airflow/.local/lib/python3.6/site-packages/airflow/example_dags/example_kubernetes_executor.py
[2024-04-30 16:38:24,086] {logging_mixin.py:104} INFO - [2024-04-30 16:38:24,086] {dag.py:1824} INFO - Sync 1 DAGs
[2024-04-30 16:38:24,101] {logging_mixin.py:104} INFO - [2024-04-30 16:38:24,101] {dag.py:2280} INFO - Setting next_dagrun for example_kubernetes_executor to None
[2024-04-30 16:38:24,111] {scheduler_job.py:190} INFO - Processing /home/airflow/.local/lib/python3.6/site-packages/airflow/example_dags/example_kubernetes_executor.py took 0.067 seconds
[2024-04-30 16:38:54,611] {scheduler_job.py:182} INFO - Started process (PID=1964) to work on /home/airflow/.local/lib/python3.6/site-packages/airflow/example_dags/example_kubernetes_executor.py
[2024-04-30 16:38:54,612] {scheduler_job.py:629} INFO - Processing file /home/airflow/.local/lib/python3.6/site-packages/airflow/example_dags/example_kubernetes_executor.py for tasks to queue
[2024-04-30 16:38:54,613] {logging_mixin.py:104} INFO - [2024-04-30 16:38:54,613] {dagbag.py:451} INFO - Filling up the DagBag from /home/airflow/.local/lib/python3.6/site-packages/airflow/example_dags/example_kubernetes_executor.py
[2024-04-30 16:38:54,626] {scheduler_job.py:639} INFO - DAG(s) dict_keys(['example_kubernetes_executor']) retrieved from /home/airflow/.local/lib/python3.6/site-packages/airflow/example_dags/example_kubernetes_executor.py
[2024-04-30 16:38:54,648] {logging_mixin.py:104} INFO - [2024-04-30 16:38:54,647] {dag.py:1824} INFO - Sync 1 DAGs
[2024-04-30 16:38:54,664] {logging_mixin.py:104} INFO - [2024-04-30 16:38:54,663] {dag.py:2280} INFO - Setting next_dagrun for example_kubernetes_executor to None
[2024-04-30 16:38:54,675] {scheduler_job.py:190} INFO - Processing /home/airflow/.local/lib/python3.6/site-packages/airflow/example_dags/example_kubernetes_executor.py took 0.067 seconds
[2024-04-30 16:39:25,199] {scheduler_job.py:182} INFO - Started process (PID=1996) to work on /home/airflow/.local/lib/python3.6/site-packages/airflow/example_dags/example_kubernetes_executor.py
[2024-04-30 16:39:25,200] {scheduler_job.py:629} INFO - Processing file /home/airflow/.local/lib/python3.6/site-packages/airflow/example_dags/example_kubernetes_executor.py for tasks to queue
[2024-04-30 16:39:25,201] {logging_mixin.py:104} INFO - [2024-04-30 16:39:25,201] {dagbag.py:451} INFO - Filling up the DagBag from /home/airflow/.local/lib/python3.6/site-packages/airflow/example_dags/example_kubernetes_executor.py
[2024-04-30 16:39:25,213] {scheduler_job.py:639} INFO - DAG(s) dict_keys(['example_kubernetes_executor']) retrieved from /home/airflow/.local/lib/python3.6/site-packages/airflow/example_dags/example_kubernetes_executor.py
[2024-04-30 16:39:25,234] {logging_mixin.py:104} INFO - [2024-04-30 16:39:25,234] {dag.py:1824} INFO - Sync 1 DAGs
[2024-04-30 16:39:25,249] {logging_mixin.py:104} INFO - [2024-04-30 16:39:25,249] {dag.py:2280} INFO - Setting next_dagrun for example_kubernetes_executor to None
[2024-04-30 16:39:25,259] {scheduler_job.py:190} INFO - Processing /home/airflow/.local/lib/python3.6/site-packages/airflow/example_dags/example_kubernetes_executor.py took 0.064 seconds
[2024-04-30 16:39:55,814] {scheduler_job.py:182} INFO - Started process (PID=2028) to work on /home/airflow/.local/lib/python3.6/site-packages/airflow/example_dags/example_kubernetes_executor.py
[2024-04-30 16:39:55,815] {scheduler_job.py:629} INFO - Processing file /home/airflow/.local/lib/python3.6/site-packages/airflow/example_dags/example_kubernetes_executor.py for tasks to queue
[2024-04-30 16:39:55,816] {logging_mixin.py:104} INFO - [2024-04-30 16:39:55,816] {dagbag.py:451} INFO - Filling up the DagBag from /home/airflow/.local/lib/python3.6/site-packages/airflow/example_dags/example_kubernetes_executor.py
[2024-04-30 16:39:55,828] {scheduler_job.py:639} INFO - DAG(s) dict_keys(['example_kubernetes_executor']) retrieved from /home/airflow/.local/lib/python3.6/site-packages/airflow/example_dags/example_kubernetes_executor.py
[2024-04-30 16:39:55,847] {logging_mixin.py:104} INFO - [2024-04-30 16:39:55,847] {dag.py:1824} INFO - Sync 1 DAGs
[2024-04-30 16:39:55,861] {logging_mixin.py:104} INFO - [2024-04-30 16:39:55,861] {dag.py:2280} INFO - Setting next_dagrun for example_kubernetes_executor to None
[2024-04-30 16:39:55,871] {scheduler_job.py:190} INFO - Processing /home/airflow/.local/lib/python3.6/site-packages/airflow/example_dags/example_kubernetes_executor.py took 0.061 seconds
[2024-04-30 16:40:26,236] {scheduler_job.py:182} INFO - Started process (PID=2060) to work on /home/airflow/.local/lib/python3.6/site-packages/airflow/example_dags/example_kubernetes_executor.py
[2024-04-30 16:40:26,238] {scheduler_job.py:629} INFO - Processing file /home/airflow/.local/lib/python3.6/site-packages/airflow/example_dags/example_kubernetes_executor.py for tasks to queue
[2024-04-30 16:40:26,238] {logging_mixin.py:104} INFO - [2024-04-30 16:40:26,238] {dagbag.py:451} INFO - Filling up the DagBag from /home/airflow/.local/lib/python3.6/site-packages/airflow/example_dags/example_kubernetes_executor.py
[2024-04-30 16:40:26,250] {scheduler_job.py:639} INFO - DAG(s) dict_keys(['example_kubernetes_executor']) retrieved from /home/airflow/.local/lib/python3.6/site-packages/airflow/example_dags/example_kubernetes_executor.py
[2024-04-30 16:40:26,271] {logging_mixin.py:104} INFO - [2024-04-30 16:40:26,271] {dag.py:1824} INFO - Sync 1 DAGs
[2024-04-30 16:40:26,287] {logging_mixin.py:104} INFO - [2024-04-30 16:40:26,287] {dag.py:2280} INFO - Setting next_dagrun for example_kubernetes_executor to None
[2024-04-30 16:40:26,297] {scheduler_job.py:190} INFO - Processing /home/airflow/.local/lib/python3.6/site-packages/airflow/example_dags/example_kubernetes_executor.py took 0.064 seconds
[2024-04-30 16:40:56,739] {scheduler_job.py:182} INFO - Started process (PID=2092) to work on /home/airflow/.local/lib/python3.6/site-packages/airflow/example_dags/example_kubernetes_executor.py
[2024-04-30 16:40:56,740] {scheduler_job.py:629} INFO - Processing file /home/airflow/.local/lib/python3.6/site-packages/airflow/example_dags/example_kubernetes_executor.py for tasks to queue
[2024-04-30 16:40:56,741] {logging_mixin.py:104} INFO - [2024-04-30 16:40:56,741] {dagbag.py:451} INFO - Filling up the DagBag from /home/airflow/.local/lib/python3.6/site-packages/airflow/example_dags/example_kubernetes_executor.py
[2024-04-30 16:40:56,753] {scheduler_job.py:639} INFO - DAG(s) dict_keys(['example_kubernetes_executor']) retrieved from /home/airflow/.local/lib/python3.6/site-packages/airflow/example_dags/example_kubernetes_executor.py
[2024-04-30 16:40:56,774] {logging_mixin.py:104} INFO - [2024-04-30 16:40:56,774] {dag.py:1824} INFO - Sync 1 DAGs
[2024-04-30 16:40:56,789] {logging_mixin.py:104} INFO - [2024-04-30 16:40:56,789] {dag.py:2280} INFO - Setting next_dagrun for example_kubernetes_executor to None
[2024-04-30 16:40:56,800] {scheduler_job.py:190} INFO - Processing /home/airflow/.local/lib/python3.6/site-packages/airflow/example_dags/example_kubernetes_executor.py took 0.064 seconds
[2024-04-30 16:41:27,369] {scheduler_job.py:182} INFO - Started process (PID=2124) to work on /home/airflow/.local/lib/python3.6/site-packages/airflow/example_dags/example_kubernetes_executor.py
[2024-04-30 16:41:27,371] {scheduler_job.py:629} INFO - Processing file /home/airflow/.local/lib/python3.6/site-packages/airflow/example_dags/example_kubernetes_executor.py for tasks to queue
[2024-04-30 16:41:27,371] {logging_mixin.py:104} INFO - [2024-04-30 16:41:27,371] {dagbag.py:451} INFO - Filling up the DagBag from /home/airflow/.local/lib/python3.6/site-packages/airflow/example_dags/example_kubernetes_executor.py
[2024-04-30 16:41:27,383] {scheduler_job.py:639} INFO - DAG(s) dict_keys(['example_kubernetes_executor']) retrieved from /home/airflow/.local/lib/python3.6/site-packages/airflow/example_dags/example_kubernetes_executor.py
[2024-04-30 16:41:27,405] {logging_mixin.py:104} INFO - [2024-04-30 16:41:27,405] {dag.py:1824} INFO - Sync 1 DAGs
[2024-04-30 16:41:27,420] {logging_mixin.py:104} INFO - [2024-04-30 16:41:27,420] {dag.py:2280} INFO - Setting next_dagrun for example_kubernetes_executor to None
[2024-04-30 16:41:27,431] {scheduler_job.py:190} INFO - Processing /home/airflow/.local/lib/python3.6/site-packages/airflow/example_dags/example_kubernetes_executor.py took 0.065 seconds
