[2024-04-30 16:09:36,312] {scheduler_job.py:182} INFO - Started process (PID=50) to work on /home/airflow/.local/lib/python3.6/site-packages/airflow/example_dags/example_trigger_target_dag.py
[2024-04-30 16:09:36,315] {scheduler_job.py:629} INFO - Processing file /home/airflow/.local/lib/python3.6/site-packages/airflow/example_dags/example_trigger_target_dag.py for tasks to queue
[2024-04-30 16:09:36,317] {logging_mixin.py:104} INFO - [2024-04-30 16:09:36,317] {dagbag.py:451} INFO - Filling up the DagBag from /home/airflow/.local/lib/python3.6/site-packages/airflow/example_dags/example_trigger_target_dag.py
[2024-04-30 16:09:36,375] {scheduler_job.py:639} INFO - DAG(s) dict_keys(['example_trigger_target_dag']) retrieved from /home/airflow/.local/lib/python3.6/site-packages/airflow/example_dags/example_trigger_target_dag.py
[2024-04-30 16:09:36,519] {logging_mixin.py:104} INFO - [2024-04-30 16:09:36,519] {dag.py:1824} INFO - Sync 1 DAGs
[2024-04-30 16:09:36,597] {logging_mixin.py:104} INFO - [2024-04-30 16:09:36,596] {dag.py:2280} INFO - Setting next_dagrun for example_trigger_target_dag to None
[2024-04-30 16:09:36,666] {scheduler_job.py:190} INFO - Processing /home/airflow/.local/lib/python3.6/site-packages/airflow/example_dags/example_trigger_target_dag.py took 0.369 seconds
[2024-04-30 16:10:07,364] {scheduler_job.py:182} INFO - Started process (PID=123) to work on /home/airflow/.local/lib/python3.6/site-packages/airflow/example_dags/example_trigger_target_dag.py
[2024-04-30 16:10:07,378] {scheduler_job.py:629} INFO - Processing file /home/airflow/.local/lib/python3.6/site-packages/airflow/example_dags/example_trigger_target_dag.py for tasks to queue
[2024-04-30 16:10:07,381] {logging_mixin.py:104} INFO - [2024-04-30 16:10:07,380] {dagbag.py:451} INFO - Filling up the DagBag from /home/airflow/.local/lib/python3.6/site-packages/airflow/example_dags/example_trigger_target_dag.py
[2024-04-30 16:10:07,436] {scheduler_job.py:639} INFO - DAG(s) dict_keys(['example_trigger_target_dag']) retrieved from /home/airflow/.local/lib/python3.6/site-packages/airflow/example_dags/example_trigger_target_dag.py
[2024-04-30 16:10:07,519] {logging_mixin.py:104} INFO - [2024-04-30 16:10:07,519] {dag.py:1824} INFO - Sync 1 DAGs
[2024-04-30 16:10:07,636] {logging_mixin.py:104} INFO - [2024-04-30 16:10:07,635] {dag.py:2280} INFO - Setting next_dagrun for example_trigger_target_dag to None
[2024-04-30 16:10:07,695] {scheduler_job.py:190} INFO - Processing /home/airflow/.local/lib/python3.6/site-packages/airflow/example_dags/example_trigger_target_dag.py took 0.345 seconds
[2024-04-30 16:10:38,073] {scheduler_job.py:182} INFO - Started process (PID=155) to work on /home/airflow/.local/lib/python3.6/site-packages/airflow/example_dags/example_trigger_target_dag.py
[2024-04-30 16:10:38,078] {scheduler_job.py:629} INFO - Processing file /home/airflow/.local/lib/python3.6/site-packages/airflow/example_dags/example_trigger_target_dag.py for tasks to queue
[2024-04-30 16:10:38,082] {logging_mixin.py:104} INFO - [2024-04-30 16:10:38,082] {dagbag.py:451} INFO - Filling up the DagBag from /home/airflow/.local/lib/python3.6/site-packages/airflow/example_dags/example_trigger_target_dag.py
[2024-04-30 16:10:38,117] {scheduler_job.py:639} INFO - DAG(s) dict_keys(['example_trigger_target_dag']) retrieved from /home/airflow/.local/lib/python3.6/site-packages/airflow/example_dags/example_trigger_target_dag.py
[2024-04-30 16:10:38,218] {logging_mixin.py:104} INFO - [2024-04-30 16:10:38,218] {dag.py:1824} INFO - Sync 1 DAGs
[2024-04-30 16:10:38,276] {logging_mixin.py:104} INFO - [2024-04-30 16:10:38,276] {dag.py:2280} INFO - Setting next_dagrun for example_trigger_target_dag to None
[2024-04-30 16:10:38,309] {scheduler_job.py:190} INFO - Processing /home/airflow/.local/lib/python3.6/site-packages/airflow/example_dags/example_trigger_target_dag.py took 0.245 seconds
[2024-04-30 16:11:25,839] {scheduler_job.py:182} INFO - Started process (PID=220) to work on /home/airflow/.local/lib/python3.6/site-packages/airflow/example_dags/example_trigger_target_dag.py
[2024-04-30 16:11:25,844] {scheduler_job.py:629} INFO - Processing file /home/airflow/.local/lib/python3.6/site-packages/airflow/example_dags/example_trigger_target_dag.py for tasks to queue
[2024-04-30 16:11:25,853] {logging_mixin.py:104} INFO - [2024-04-30 16:11:25,850] {dagbag.py:451} INFO - Filling up the DagBag from /home/airflow/.local/lib/python3.6/site-packages/airflow/example_dags/example_trigger_target_dag.py
[2024-04-30 16:11:25,901] {scheduler_job.py:639} INFO - DAG(s) dict_keys(['example_trigger_target_dag']) retrieved from /home/airflow/.local/lib/python3.6/site-packages/airflow/example_dags/example_trigger_target_dag.py
[2024-04-30 16:11:25,979] {logging_mixin.py:104} INFO - [2024-04-30 16:11:25,979] {dag.py:1824} INFO - Sync 1 DAGs
[2024-04-30 16:11:26,050] {logging_mixin.py:104} INFO - [2024-04-30 16:11:26,050] {dag.py:2280} INFO - Setting next_dagrun for example_trigger_target_dag to None
[2024-04-30 16:11:26,129] {scheduler_job.py:190} INFO - Processing /home/airflow/.local/lib/python3.6/site-packages/airflow/example_dags/example_trigger_target_dag.py took 0.296 seconds
[2024-04-30 16:11:56,350] {scheduler_job.py:182} INFO - Started process (PID=261) to work on /home/airflow/.local/lib/python3.6/site-packages/airflow/example_dags/example_trigger_target_dag.py
[2024-04-30 16:11:56,354] {scheduler_job.py:629} INFO - Processing file /home/airflow/.local/lib/python3.6/site-packages/airflow/example_dags/example_trigger_target_dag.py for tasks to queue
[2024-04-30 16:11:56,357] {logging_mixin.py:104} INFO - [2024-04-30 16:11:56,357] {dagbag.py:451} INFO - Filling up the DagBag from /home/airflow/.local/lib/python3.6/site-packages/airflow/example_dags/example_trigger_target_dag.py
[2024-04-30 16:11:56,411] {scheduler_job.py:639} INFO - DAG(s) dict_keys(['example_trigger_target_dag']) retrieved from /home/airflow/.local/lib/python3.6/site-packages/airflow/example_dags/example_trigger_target_dag.py
[2024-04-30 16:11:56,585] {logging_mixin.py:104} INFO - [2024-04-30 16:11:56,584] {dag.py:1824} INFO - Sync 1 DAGs
[2024-04-30 16:11:56,647] {logging_mixin.py:104} INFO - [2024-04-30 16:11:56,647] {dag.py:2280} INFO - Setting next_dagrun for example_trigger_target_dag to None
[2024-04-30 16:11:56,659] {scheduler_job.py:190} INFO - Processing /home/airflow/.local/lib/python3.6/site-packages/airflow/example_dags/example_trigger_target_dag.py took 0.325 seconds
[2024-04-30 16:12:27,587] {scheduler_job.py:182} INFO - Started process (PID=295) to work on /home/airflow/.local/lib/python3.6/site-packages/airflow/example_dags/example_trigger_target_dag.py
[2024-04-30 16:12:27,600] {scheduler_job.py:629} INFO - Processing file /home/airflow/.local/lib/python3.6/site-packages/airflow/example_dags/example_trigger_target_dag.py for tasks to queue
[2024-04-30 16:12:27,605] {logging_mixin.py:104} INFO - [2024-04-30 16:12:27,605] {dagbag.py:451} INFO - Filling up the DagBag from /home/airflow/.local/lib/python3.6/site-packages/airflow/example_dags/example_trigger_target_dag.py
[2024-04-30 16:12:27,648] {scheduler_job.py:639} INFO - DAG(s) dict_keys(['example_trigger_target_dag']) retrieved from /home/airflow/.local/lib/python3.6/site-packages/airflow/example_dags/example_trigger_target_dag.py
[2024-04-30 16:12:27,721] {logging_mixin.py:104} INFO - [2024-04-30 16:12:27,721] {dag.py:1824} INFO - Sync 1 DAGs
[2024-04-30 16:12:27,794] {logging_mixin.py:104} INFO - [2024-04-30 16:12:27,793] {dag.py:2280} INFO - Setting next_dagrun for example_trigger_target_dag to None
[2024-04-30 16:12:27,847] {scheduler_job.py:190} INFO - Processing /home/airflow/.local/lib/python3.6/site-packages/airflow/example_dags/example_trigger_target_dag.py took 0.267 seconds
[2024-04-30 16:12:58,329] {scheduler_job.py:182} INFO - Started process (PID=325) to work on /home/airflow/.local/lib/python3.6/site-packages/airflow/example_dags/example_trigger_target_dag.py
[2024-04-30 16:12:58,330] {scheduler_job.py:629} INFO - Processing file /home/airflow/.local/lib/python3.6/site-packages/airflow/example_dags/example_trigger_target_dag.py for tasks to queue
[2024-04-30 16:12:58,331] {logging_mixin.py:104} INFO - [2024-04-30 16:12:58,331] {dagbag.py:451} INFO - Filling up the DagBag from /home/airflow/.local/lib/python3.6/site-packages/airflow/example_dags/example_trigger_target_dag.py
[2024-04-30 16:12:58,343] {scheduler_job.py:639} INFO - DAG(s) dict_keys(['example_trigger_target_dag']) retrieved from /home/airflow/.local/lib/python3.6/site-packages/airflow/example_dags/example_trigger_target_dag.py
[2024-04-30 16:12:58,402] {logging_mixin.py:104} INFO - [2024-04-30 16:12:58,402] {dag.py:1824} INFO - Sync 1 DAGs
[2024-04-30 16:12:58,428] {logging_mixin.py:104} INFO - [2024-04-30 16:12:58,428] {dag.py:2280} INFO - Setting next_dagrun for example_trigger_target_dag to None
[2024-04-30 16:12:58,438] {scheduler_job.py:190} INFO - Processing /home/airflow/.local/lib/python3.6/site-packages/airflow/example_dags/example_trigger_target_dag.py took 0.112 seconds
[2024-04-30 16:13:28,800] {scheduler_job.py:182} INFO - Started process (PID=359) to work on /home/airflow/.local/lib/python3.6/site-packages/airflow/example_dags/example_trigger_target_dag.py
[2024-04-30 16:13:28,803] {scheduler_job.py:629} INFO - Processing file /home/airflow/.local/lib/python3.6/site-packages/airflow/example_dags/example_trigger_target_dag.py for tasks to queue
[2024-04-30 16:13:28,804] {logging_mixin.py:104} INFO - [2024-04-30 16:13:28,804] {dagbag.py:451} INFO - Filling up the DagBag from /home/airflow/.local/lib/python3.6/site-packages/airflow/example_dags/example_trigger_target_dag.py
[2024-04-30 16:13:28,824] {scheduler_job.py:639} INFO - DAG(s) dict_keys(['example_trigger_target_dag']) retrieved from /home/airflow/.local/lib/python3.6/site-packages/airflow/example_dags/example_trigger_target_dag.py
[2024-04-30 16:13:28,873] {logging_mixin.py:104} INFO - [2024-04-30 16:13:28,872] {dag.py:1824} INFO - Sync 1 DAGs
[2024-04-30 16:13:28,892] {logging_mixin.py:104} INFO - [2024-04-30 16:13:28,892] {dag.py:2280} INFO - Setting next_dagrun for example_trigger_target_dag to None
[2024-04-30 16:13:28,904] {scheduler_job.py:190} INFO - Processing /home/airflow/.local/lib/python3.6/site-packages/airflow/example_dags/example_trigger_target_dag.py took 0.111 seconds
[2024-04-30 16:13:59,269] {scheduler_job.py:182} INFO - Started process (PID=407) to work on /home/airflow/.local/lib/python3.6/site-packages/airflow/example_dags/example_trigger_target_dag.py
[2024-04-30 16:13:59,271] {scheduler_job.py:629} INFO - Processing file /home/airflow/.local/lib/python3.6/site-packages/airflow/example_dags/example_trigger_target_dag.py for tasks to queue
[2024-04-30 16:13:59,272] {logging_mixin.py:104} INFO - [2024-04-30 16:13:59,272] {dagbag.py:451} INFO - Filling up the DagBag from /home/airflow/.local/lib/python3.6/site-packages/airflow/example_dags/example_trigger_target_dag.py
[2024-04-30 16:13:59,319] {scheduler_job.py:639} INFO - DAG(s) dict_keys(['example_trigger_target_dag']) retrieved from /home/airflow/.local/lib/python3.6/site-packages/airflow/example_dags/example_trigger_target_dag.py
[2024-04-30 16:13:59,539] {logging_mixin.py:104} INFO - [2024-04-30 16:13:59,538] {dag.py:1824} INFO - Sync 1 DAGs
[2024-04-30 16:13:59,642] {logging_mixin.py:104} INFO - [2024-04-30 16:13:59,642] {dag.py:2280} INFO - Setting next_dagrun for example_trigger_target_dag to None
[2024-04-30 16:13:59,684] {scheduler_job.py:190} INFO - Processing /home/airflow/.local/lib/python3.6/site-packages/airflow/example_dags/example_trigger_target_dag.py took 0.419 seconds
[2024-04-30 16:14:29,734] {scheduler_job.py:182} INFO - Started process (PID=439) to work on /home/airflow/.local/lib/python3.6/site-packages/airflow/example_dags/example_trigger_target_dag.py
[2024-04-30 16:14:29,735] {scheduler_job.py:629} INFO - Processing file /home/airflow/.local/lib/python3.6/site-packages/airflow/example_dags/example_trigger_target_dag.py for tasks to queue
[2024-04-30 16:14:29,736] {logging_mixin.py:104} INFO - [2024-04-30 16:14:29,736] {dagbag.py:451} INFO - Filling up the DagBag from /home/airflow/.local/lib/python3.6/site-packages/airflow/example_dags/example_trigger_target_dag.py
[2024-04-30 16:14:29,749] {scheduler_job.py:639} INFO - DAG(s) dict_keys(['example_trigger_target_dag']) retrieved from /home/airflow/.local/lib/python3.6/site-packages/airflow/example_dags/example_trigger_target_dag.py
[2024-04-30 16:14:29,774] {logging_mixin.py:104} INFO - [2024-04-30 16:14:29,774] {dag.py:1824} INFO - Sync 1 DAGs
[2024-04-30 16:14:29,790] {logging_mixin.py:104} INFO - [2024-04-30 16:14:29,789] {dag.py:2280} INFO - Setting next_dagrun for example_trigger_target_dag to None
[2024-04-30 16:14:29,800] {scheduler_job.py:190} INFO - Processing /home/airflow/.local/lib/python3.6/site-packages/airflow/example_dags/example_trigger_target_dag.py took 0.070 seconds
[2024-04-30 16:15:00,006] {scheduler_job.py:182} INFO - Started process (PID=469) to work on /home/airflow/.local/lib/python3.6/site-packages/airflow/example_dags/example_trigger_target_dag.py
[2024-04-30 16:15:00,009] {scheduler_job.py:629} INFO - Processing file /home/airflow/.local/lib/python3.6/site-packages/airflow/example_dags/example_trigger_target_dag.py for tasks to queue
[2024-04-30 16:15:00,011] {logging_mixin.py:104} INFO - [2024-04-30 16:15:00,011] {dagbag.py:451} INFO - Filling up the DagBag from /home/airflow/.local/lib/python3.6/site-packages/airflow/example_dags/example_trigger_target_dag.py
[2024-04-30 16:15:00,041] {scheduler_job.py:639} INFO - DAG(s) dict_keys(['example_trigger_target_dag']) retrieved from /home/airflow/.local/lib/python3.6/site-packages/airflow/example_dags/example_trigger_target_dag.py
[2024-04-30 16:15:00,087] {logging_mixin.py:104} INFO - [2024-04-30 16:15:00,087] {dag.py:1824} INFO - Sync 1 DAGs
[2024-04-30 16:15:00,119] {logging_mixin.py:104} INFO - [2024-04-30 16:15:00,118] {dag.py:2280} INFO - Setting next_dagrun for example_trigger_target_dag to None
[2024-04-30 16:15:00,139] {scheduler_job.py:190} INFO - Processing /home/airflow/.local/lib/python3.6/site-packages/airflow/example_dags/example_trigger_target_dag.py took 0.139 seconds
[2024-04-30 16:15:31,081] {scheduler_job.py:182} INFO - Started process (PID=501) to work on /home/airflow/.local/lib/python3.6/site-packages/airflow/example_dags/example_trigger_target_dag.py
[2024-04-30 16:15:31,082] {scheduler_job.py:629} INFO - Processing file /home/airflow/.local/lib/python3.6/site-packages/airflow/example_dags/example_trigger_target_dag.py for tasks to queue
[2024-04-30 16:15:31,083] {logging_mixin.py:104} INFO - [2024-04-30 16:15:31,083] {dagbag.py:451} INFO - Filling up the DagBag from /home/airflow/.local/lib/python3.6/site-packages/airflow/example_dags/example_trigger_target_dag.py
[2024-04-30 16:15:31,094] {scheduler_job.py:639} INFO - DAG(s) dict_keys(['example_trigger_target_dag']) retrieved from /home/airflow/.local/lib/python3.6/site-packages/airflow/example_dags/example_trigger_target_dag.py
[2024-04-30 16:15:31,117] {logging_mixin.py:104} INFO - [2024-04-30 16:15:31,116] {dag.py:1824} INFO - Sync 1 DAGs
[2024-04-30 16:15:31,135] {logging_mixin.py:104} INFO - [2024-04-30 16:15:31,135] {dag.py:2280} INFO - Setting next_dagrun for example_trigger_target_dag to None
[2024-04-30 16:15:31,146] {scheduler_job.py:190} INFO - Processing /home/airflow/.local/lib/python3.6/site-packages/airflow/example_dags/example_trigger_target_dag.py took 0.068 seconds
[2024-04-30 16:16:01,847] {scheduler_job.py:182} INFO - Started process (PID=533) to work on /home/airflow/.local/lib/python3.6/site-packages/airflow/example_dags/example_trigger_target_dag.py
[2024-04-30 16:16:01,850] {scheduler_job.py:629} INFO - Processing file /home/airflow/.local/lib/python3.6/site-packages/airflow/example_dags/example_trigger_target_dag.py for tasks to queue
[2024-04-30 16:16:01,851] {logging_mixin.py:104} INFO - [2024-04-30 16:16:01,851] {dagbag.py:451} INFO - Filling up the DagBag from /home/airflow/.local/lib/python3.6/site-packages/airflow/example_dags/example_trigger_target_dag.py
[2024-04-30 16:16:01,869] {scheduler_job.py:639} INFO - DAG(s) dict_keys(['example_trigger_target_dag']) retrieved from /home/airflow/.local/lib/python3.6/site-packages/airflow/example_dags/example_trigger_target_dag.py
[2024-04-30 16:16:01,895] {logging_mixin.py:104} INFO - [2024-04-30 16:16:01,895] {dag.py:1824} INFO - Sync 1 DAGs
[2024-04-30 16:16:01,914] {logging_mixin.py:104} INFO - [2024-04-30 16:16:01,914] {dag.py:2280} INFO - Setting next_dagrun for example_trigger_target_dag to None
[2024-04-30 16:16:01,928] {scheduler_job.py:190} INFO - Processing /home/airflow/.local/lib/python3.6/site-packages/airflow/example_dags/example_trigger_target_dag.py took 0.085 seconds
[2024-04-30 16:16:32,234] {scheduler_job.py:182} INFO - Started process (PID=565) to work on /home/airflow/.local/lib/python3.6/site-packages/airflow/example_dags/example_trigger_target_dag.py
[2024-04-30 16:16:32,238] {scheduler_job.py:629} INFO - Processing file /home/airflow/.local/lib/python3.6/site-packages/airflow/example_dags/example_trigger_target_dag.py for tasks to queue
[2024-04-30 16:16:32,239] {logging_mixin.py:104} INFO - [2024-04-30 16:16:32,239] {dagbag.py:451} INFO - Filling up the DagBag from /home/airflow/.local/lib/python3.6/site-packages/airflow/example_dags/example_trigger_target_dag.py
[2024-04-30 16:16:32,277] {scheduler_job.py:639} INFO - DAG(s) dict_keys(['example_trigger_target_dag']) retrieved from /home/airflow/.local/lib/python3.6/site-packages/airflow/example_dags/example_trigger_target_dag.py
[2024-04-30 16:16:32,378] {logging_mixin.py:104} INFO - [2024-04-30 16:16:32,377] {dag.py:1824} INFO - Sync 1 DAGs
[2024-04-30 16:16:32,444] {logging_mixin.py:104} INFO - [2024-04-30 16:16:32,443] {dag.py:2280} INFO - Setting next_dagrun for example_trigger_target_dag to None
[2024-04-30 16:16:32,457] {scheduler_job.py:190} INFO - Processing /home/airflow/.local/lib/python3.6/site-packages/airflow/example_dags/example_trigger_target_dag.py took 0.229 seconds
[2024-04-30 16:17:03,279] {scheduler_job.py:182} INFO - Started process (PID=597) to work on /home/airflow/.local/lib/python3.6/site-packages/airflow/example_dags/example_trigger_target_dag.py
[2024-04-30 16:17:03,281] {scheduler_job.py:629} INFO - Processing file /home/airflow/.local/lib/python3.6/site-packages/airflow/example_dags/example_trigger_target_dag.py for tasks to queue
[2024-04-30 16:17:03,282] {logging_mixin.py:104} INFO - [2024-04-30 16:17:03,282] {dagbag.py:451} INFO - Filling up the DagBag from /home/airflow/.local/lib/python3.6/site-packages/airflow/example_dags/example_trigger_target_dag.py
[2024-04-30 16:17:03,293] {scheduler_job.py:639} INFO - DAG(s) dict_keys(['example_trigger_target_dag']) retrieved from /home/airflow/.local/lib/python3.6/site-packages/airflow/example_dags/example_trigger_target_dag.py
[2024-04-30 16:17:03,317] {logging_mixin.py:104} INFO - [2024-04-30 16:17:03,317] {dag.py:1824} INFO - Sync 1 DAGs
[2024-04-30 16:17:03,343] {logging_mixin.py:104} INFO - [2024-04-30 16:17:03,342] {dag.py:2280} INFO - Setting next_dagrun for example_trigger_target_dag to None
[2024-04-30 16:17:03,356] {scheduler_job.py:190} INFO - Processing /home/airflow/.local/lib/python3.6/site-packages/airflow/example_dags/example_trigger_target_dag.py took 0.080 seconds
[2024-04-30 16:17:34,026] {scheduler_job.py:182} INFO - Started process (PID=629) to work on /home/airflow/.local/lib/python3.6/site-packages/airflow/example_dags/example_trigger_target_dag.py
[2024-04-30 16:17:34,027] {scheduler_job.py:629} INFO - Processing file /home/airflow/.local/lib/python3.6/site-packages/airflow/example_dags/example_trigger_target_dag.py for tasks to queue
[2024-04-30 16:17:34,028] {logging_mixin.py:104} INFO - [2024-04-30 16:17:34,027] {dagbag.py:451} INFO - Filling up the DagBag from /home/airflow/.local/lib/python3.6/site-packages/airflow/example_dags/example_trigger_target_dag.py
[2024-04-30 16:17:34,042] {scheduler_job.py:639} INFO - DAG(s) dict_keys(['example_trigger_target_dag']) retrieved from /home/airflow/.local/lib/python3.6/site-packages/airflow/example_dags/example_trigger_target_dag.py
[2024-04-30 16:17:34,064] {logging_mixin.py:104} INFO - [2024-04-30 16:17:34,064] {dag.py:1824} INFO - Sync 1 DAGs
[2024-04-30 16:17:34,080] {logging_mixin.py:104} INFO - [2024-04-30 16:17:34,079] {dag.py:2280} INFO - Setting next_dagrun for example_trigger_target_dag to None
[2024-04-30 16:17:34,093] {scheduler_job.py:190} INFO - Processing /home/airflow/.local/lib/python3.6/site-packages/airflow/example_dags/example_trigger_target_dag.py took 0.070 seconds
[2024-04-30 16:18:05,002] {scheduler_job.py:182} INFO - Started process (PID=661) to work on /home/airflow/.local/lib/python3.6/site-packages/airflow/example_dags/example_trigger_target_dag.py
[2024-04-30 16:18:05,004] {scheduler_job.py:629} INFO - Processing file /home/airflow/.local/lib/python3.6/site-packages/airflow/example_dags/example_trigger_target_dag.py for tasks to queue
[2024-04-30 16:18:05,005] {logging_mixin.py:104} INFO - [2024-04-30 16:18:05,005] {dagbag.py:451} INFO - Filling up the DagBag from /home/airflow/.local/lib/python3.6/site-packages/airflow/example_dags/example_trigger_target_dag.py
[2024-04-30 16:18:05,016] {scheduler_job.py:639} INFO - DAG(s) dict_keys(['example_trigger_target_dag']) retrieved from /home/airflow/.local/lib/python3.6/site-packages/airflow/example_dags/example_trigger_target_dag.py
[2024-04-30 16:18:05,040] {logging_mixin.py:104} INFO - [2024-04-30 16:18:05,040] {dag.py:1824} INFO - Sync 1 DAGs
[2024-04-30 16:18:05,056] {logging_mixin.py:104} INFO - [2024-04-30 16:18:05,056] {dag.py:2280} INFO - Setting next_dagrun for example_trigger_target_dag to None
[2024-04-30 16:18:05,069] {scheduler_job.py:190} INFO - Processing /home/airflow/.local/lib/python3.6/site-packages/airflow/example_dags/example_trigger_target_dag.py took 0.070 seconds
[2024-04-30 16:18:35,317] {scheduler_job.py:182} INFO - Started process (PID=693) to work on /home/airflow/.local/lib/python3.6/site-packages/airflow/example_dags/example_trigger_target_dag.py
[2024-04-30 16:18:35,319] {scheduler_job.py:629} INFO - Processing file /home/airflow/.local/lib/python3.6/site-packages/airflow/example_dags/example_trigger_target_dag.py for tasks to queue
[2024-04-30 16:18:35,320] {logging_mixin.py:104} INFO - [2024-04-30 16:18:35,319] {dagbag.py:451} INFO - Filling up the DagBag from /home/airflow/.local/lib/python3.6/site-packages/airflow/example_dags/example_trigger_target_dag.py
[2024-04-30 16:18:35,331] {scheduler_job.py:639} INFO - DAG(s) dict_keys(['example_trigger_target_dag']) retrieved from /home/airflow/.local/lib/python3.6/site-packages/airflow/example_dags/example_trigger_target_dag.py
[2024-04-30 16:18:35,353] {logging_mixin.py:104} INFO - [2024-04-30 16:18:35,353] {dag.py:1824} INFO - Sync 1 DAGs
[2024-04-30 16:18:35,369] {logging_mixin.py:104} INFO - [2024-04-30 16:18:35,369] {dag.py:2280} INFO - Setting next_dagrun for example_trigger_target_dag to None
[2024-04-30 16:18:35,385] {scheduler_job.py:190} INFO - Processing /home/airflow/.local/lib/python3.6/site-packages/airflow/example_dags/example_trigger_target_dag.py took 0.070 seconds
[2024-04-30 16:19:05,863] {scheduler_job.py:182} INFO - Started process (PID=725) to work on /home/airflow/.local/lib/python3.6/site-packages/airflow/example_dags/example_trigger_target_dag.py
[2024-04-30 16:19:05,864] {scheduler_job.py:629} INFO - Processing file /home/airflow/.local/lib/python3.6/site-packages/airflow/example_dags/example_trigger_target_dag.py for tasks to queue
[2024-04-30 16:19:05,865] {logging_mixin.py:104} INFO - [2024-04-30 16:19:05,865] {dagbag.py:451} INFO - Filling up the DagBag from /home/airflow/.local/lib/python3.6/site-packages/airflow/example_dags/example_trigger_target_dag.py
[2024-04-30 16:19:05,877] {scheduler_job.py:639} INFO - DAG(s) dict_keys(['example_trigger_target_dag']) retrieved from /home/airflow/.local/lib/python3.6/site-packages/airflow/example_dags/example_trigger_target_dag.py
[2024-04-30 16:19:05,898] {logging_mixin.py:104} INFO - [2024-04-30 16:19:05,898] {dag.py:1824} INFO - Sync 1 DAGs
[2024-04-30 16:19:05,915] {logging_mixin.py:104} INFO - [2024-04-30 16:19:05,915] {dag.py:2280} INFO - Setting next_dagrun for example_trigger_target_dag to None
[2024-04-30 16:19:05,928] {scheduler_job.py:190} INFO - Processing /home/airflow/.local/lib/python3.6/site-packages/airflow/example_dags/example_trigger_target_dag.py took 0.068 seconds
[2024-04-30 16:19:36,297] {scheduler_job.py:182} INFO - Started process (PID=757) to work on /home/airflow/.local/lib/python3.6/site-packages/airflow/example_dags/example_trigger_target_dag.py
[2024-04-30 16:19:36,298] {scheduler_job.py:629} INFO - Processing file /home/airflow/.local/lib/python3.6/site-packages/airflow/example_dags/example_trigger_target_dag.py for tasks to queue
[2024-04-30 16:19:36,299] {logging_mixin.py:104} INFO - [2024-04-30 16:19:36,299] {dagbag.py:451} INFO - Filling up the DagBag from /home/airflow/.local/lib/python3.6/site-packages/airflow/example_dags/example_trigger_target_dag.py
[2024-04-30 16:19:36,310] {scheduler_job.py:639} INFO - DAG(s) dict_keys(['example_trigger_target_dag']) retrieved from /home/airflow/.local/lib/python3.6/site-packages/airflow/example_dags/example_trigger_target_dag.py
[2024-04-30 16:19:36,331] {logging_mixin.py:104} INFO - [2024-04-30 16:19:36,331] {dag.py:1824} INFO - Sync 1 DAGs
[2024-04-30 16:19:36,347] {logging_mixin.py:104} INFO - [2024-04-30 16:19:36,347] {dag.py:2280} INFO - Setting next_dagrun for example_trigger_target_dag to None
[2024-04-30 16:19:36,358] {scheduler_job.py:190} INFO - Processing /home/airflow/.local/lib/python3.6/site-packages/airflow/example_dags/example_trigger_target_dag.py took 0.064 seconds
[2024-04-30 16:20:06,704] {scheduler_job.py:182} INFO - Started process (PID=789) to work on /home/airflow/.local/lib/python3.6/site-packages/airflow/example_dags/example_trigger_target_dag.py
[2024-04-30 16:20:06,705] {scheduler_job.py:629} INFO - Processing file /home/airflow/.local/lib/python3.6/site-packages/airflow/example_dags/example_trigger_target_dag.py for tasks to queue
[2024-04-30 16:20:06,706] {logging_mixin.py:104} INFO - [2024-04-30 16:20:06,706] {dagbag.py:451} INFO - Filling up the DagBag from /home/airflow/.local/lib/python3.6/site-packages/airflow/example_dags/example_trigger_target_dag.py
[2024-04-30 16:20:06,718] {scheduler_job.py:639} INFO - DAG(s) dict_keys(['example_trigger_target_dag']) retrieved from /home/airflow/.local/lib/python3.6/site-packages/airflow/example_dags/example_trigger_target_dag.py
[2024-04-30 16:20:06,741] {logging_mixin.py:104} INFO - [2024-04-30 16:20:06,740] {dag.py:1824} INFO - Sync 1 DAGs
[2024-04-30 16:20:06,757] {logging_mixin.py:104} INFO - [2024-04-30 16:20:06,757] {dag.py:2280} INFO - Setting next_dagrun for example_trigger_target_dag to None
[2024-04-30 16:20:06,767] {scheduler_job.py:190} INFO - Processing /home/airflow/.local/lib/python3.6/site-packages/airflow/example_dags/example_trigger_target_dag.py took 0.067 seconds
[2024-04-30 16:20:37,212] {scheduler_job.py:182} INFO - Started process (PID=821) to work on /home/airflow/.local/lib/python3.6/site-packages/airflow/example_dags/example_trigger_target_dag.py
[2024-04-30 16:20:37,215] {scheduler_job.py:629} INFO - Processing file /home/airflow/.local/lib/python3.6/site-packages/airflow/example_dags/example_trigger_target_dag.py for tasks to queue
[2024-04-30 16:20:37,216] {logging_mixin.py:104} INFO - [2024-04-30 16:20:37,216] {dagbag.py:451} INFO - Filling up the DagBag from /home/airflow/.local/lib/python3.6/site-packages/airflow/example_dags/example_trigger_target_dag.py
[2024-04-30 16:20:37,233] {scheduler_job.py:639} INFO - DAG(s) dict_keys(['example_trigger_target_dag']) retrieved from /home/airflow/.local/lib/python3.6/site-packages/airflow/example_dags/example_trigger_target_dag.py
[2024-04-30 16:20:37,258] {logging_mixin.py:104} INFO - [2024-04-30 16:20:37,258] {dag.py:1824} INFO - Sync 1 DAGs
[2024-04-30 16:20:37,278] {logging_mixin.py:104} INFO - [2024-04-30 16:20:37,278] {dag.py:2280} INFO - Setting next_dagrun for example_trigger_target_dag to None
[2024-04-30 16:20:37,289] {scheduler_job.py:190} INFO - Processing /home/airflow/.local/lib/python3.6/site-packages/airflow/example_dags/example_trigger_target_dag.py took 0.082 seconds
[2024-04-30 16:21:07,695] {scheduler_job.py:182} INFO - Started process (PID=853) to work on /home/airflow/.local/lib/python3.6/site-packages/airflow/example_dags/example_trigger_target_dag.py
[2024-04-30 16:21:07,696] {scheduler_job.py:629} INFO - Processing file /home/airflow/.local/lib/python3.6/site-packages/airflow/example_dags/example_trigger_target_dag.py for tasks to queue
[2024-04-30 16:21:07,697] {logging_mixin.py:104} INFO - [2024-04-30 16:21:07,697] {dagbag.py:451} INFO - Filling up the DagBag from /home/airflow/.local/lib/python3.6/site-packages/airflow/example_dags/example_trigger_target_dag.py
[2024-04-30 16:21:07,711] {scheduler_job.py:639} INFO - DAG(s) dict_keys(['example_trigger_target_dag']) retrieved from /home/airflow/.local/lib/python3.6/site-packages/airflow/example_dags/example_trigger_target_dag.py
[2024-04-30 16:21:07,737] {logging_mixin.py:104} INFO - [2024-04-30 16:21:07,737] {dag.py:1824} INFO - Sync 1 DAGs
[2024-04-30 16:21:07,756] {logging_mixin.py:104} INFO - [2024-04-30 16:21:07,756] {dag.py:2280} INFO - Setting next_dagrun for example_trigger_target_dag to None
[2024-04-30 16:21:07,766] {scheduler_job.py:190} INFO - Processing /home/airflow/.local/lib/python3.6/site-packages/airflow/example_dags/example_trigger_target_dag.py took 0.075 seconds
[2024-04-30 16:21:38,300] {scheduler_job.py:182} INFO - Started process (PID=885) to work on /home/airflow/.local/lib/python3.6/site-packages/airflow/example_dags/example_trigger_target_dag.py
[2024-04-30 16:21:38,301] {scheduler_job.py:629} INFO - Processing file /home/airflow/.local/lib/python3.6/site-packages/airflow/example_dags/example_trigger_target_dag.py for tasks to queue
[2024-04-30 16:21:38,302] {logging_mixin.py:104} INFO - [2024-04-30 16:21:38,302] {dagbag.py:451} INFO - Filling up the DagBag from /home/airflow/.local/lib/python3.6/site-packages/airflow/example_dags/example_trigger_target_dag.py
[2024-04-30 16:21:38,314] {scheduler_job.py:639} INFO - DAG(s) dict_keys(['example_trigger_target_dag']) retrieved from /home/airflow/.local/lib/python3.6/site-packages/airflow/example_dags/example_trigger_target_dag.py
[2024-04-30 16:21:38,334] {logging_mixin.py:104} INFO - [2024-04-30 16:21:38,334] {dag.py:1824} INFO - Sync 1 DAGs
[2024-04-30 16:21:38,347] {logging_mixin.py:104} INFO - [2024-04-30 16:21:38,347] {dag.py:2280} INFO - Setting next_dagrun for example_trigger_target_dag to None
[2024-04-30 16:21:38,358] {scheduler_job.py:190} INFO - Processing /home/airflow/.local/lib/python3.6/site-packages/airflow/example_dags/example_trigger_target_dag.py took 0.061 seconds
[2024-04-30 16:22:08,857] {scheduler_job.py:182} INFO - Started process (PID=917) to work on /home/airflow/.local/lib/python3.6/site-packages/airflow/example_dags/example_trigger_target_dag.py
[2024-04-30 16:22:08,859] {scheduler_job.py:629} INFO - Processing file /home/airflow/.local/lib/python3.6/site-packages/airflow/example_dags/example_trigger_target_dag.py for tasks to queue
[2024-04-30 16:22:08,859] {logging_mixin.py:104} INFO - [2024-04-30 16:22:08,859] {dagbag.py:451} INFO - Filling up the DagBag from /home/airflow/.local/lib/python3.6/site-packages/airflow/example_dags/example_trigger_target_dag.py
[2024-04-30 16:22:08,870] {scheduler_job.py:639} INFO - DAG(s) dict_keys(['example_trigger_target_dag']) retrieved from /home/airflow/.local/lib/python3.6/site-packages/airflow/example_dags/example_trigger_target_dag.py
[2024-04-30 16:22:08,893] {logging_mixin.py:104} INFO - [2024-04-30 16:22:08,893] {dag.py:1824} INFO - Sync 1 DAGs
[2024-04-30 16:22:08,906] {logging_mixin.py:104} INFO - [2024-04-30 16:22:08,906] {dag.py:2280} INFO - Setting next_dagrun for example_trigger_target_dag to None
[2024-04-30 16:22:08,917] {scheduler_job.py:190} INFO - Processing /home/airflow/.local/lib/python3.6/site-packages/airflow/example_dags/example_trigger_target_dag.py took 0.062 seconds
[2024-04-30 16:22:39,494] {scheduler_job.py:182} INFO - Started process (PID=949) to work on /home/airflow/.local/lib/python3.6/site-packages/airflow/example_dags/example_trigger_target_dag.py
[2024-04-30 16:22:39,496] {scheduler_job.py:629} INFO - Processing file /home/airflow/.local/lib/python3.6/site-packages/airflow/example_dags/example_trigger_target_dag.py for tasks to queue
[2024-04-30 16:22:39,498] {logging_mixin.py:104} INFO - [2024-04-30 16:22:39,497] {dagbag.py:451} INFO - Filling up the DagBag from /home/airflow/.local/lib/python3.6/site-packages/airflow/example_dags/example_trigger_target_dag.py
[2024-04-30 16:22:39,514] {scheduler_job.py:639} INFO - DAG(s) dict_keys(['example_trigger_target_dag']) retrieved from /home/airflow/.local/lib/python3.6/site-packages/airflow/example_dags/example_trigger_target_dag.py
[2024-04-30 16:22:39,541] {logging_mixin.py:104} INFO - [2024-04-30 16:22:39,541] {dag.py:1824} INFO - Sync 1 DAGs
[2024-04-30 16:22:39,560] {logging_mixin.py:104} INFO - [2024-04-30 16:22:39,560] {dag.py:2280} INFO - Setting next_dagrun for example_trigger_target_dag to None
[2024-04-30 16:22:39,572] {scheduler_job.py:190} INFO - Processing /home/airflow/.local/lib/python3.6/site-packages/airflow/example_dags/example_trigger_target_dag.py took 0.082 seconds
[2024-04-30 16:23:10,032] {scheduler_job.py:182} INFO - Started process (PID=981) to work on /home/airflow/.local/lib/python3.6/site-packages/airflow/example_dags/example_trigger_target_dag.py
[2024-04-30 16:23:10,035] {scheduler_job.py:629} INFO - Processing file /home/airflow/.local/lib/python3.6/site-packages/airflow/example_dags/example_trigger_target_dag.py for tasks to queue
[2024-04-30 16:23:10,036] {logging_mixin.py:104} INFO - [2024-04-30 16:23:10,036] {dagbag.py:451} INFO - Filling up the DagBag from /home/airflow/.local/lib/python3.6/site-packages/airflow/example_dags/example_trigger_target_dag.py
[2024-04-30 16:23:10,051] {scheduler_job.py:639} INFO - DAG(s) dict_keys(['example_trigger_target_dag']) retrieved from /home/airflow/.local/lib/python3.6/site-packages/airflow/example_dags/example_trigger_target_dag.py
[2024-04-30 16:23:10,078] {logging_mixin.py:104} INFO - [2024-04-30 16:23:10,077] {dag.py:1824} INFO - Sync 1 DAGs
[2024-04-30 16:23:10,098] {logging_mixin.py:104} INFO - [2024-04-30 16:23:10,098] {dag.py:2280} INFO - Setting next_dagrun for example_trigger_target_dag to None
[2024-04-30 16:23:10,114] {scheduler_job.py:190} INFO - Processing /home/airflow/.local/lib/python3.6/site-packages/airflow/example_dags/example_trigger_target_dag.py took 0.085 seconds
[2024-04-30 16:23:40,543] {scheduler_job.py:182} INFO - Started process (PID=1013) to work on /home/airflow/.local/lib/python3.6/site-packages/airflow/example_dags/example_trigger_target_dag.py
[2024-04-30 16:23:40,544] {scheduler_job.py:629} INFO - Processing file /home/airflow/.local/lib/python3.6/site-packages/airflow/example_dags/example_trigger_target_dag.py for tasks to queue
[2024-04-30 16:23:40,545] {logging_mixin.py:104} INFO - [2024-04-30 16:23:40,545] {dagbag.py:451} INFO - Filling up the DagBag from /home/airflow/.local/lib/python3.6/site-packages/airflow/example_dags/example_trigger_target_dag.py
[2024-04-30 16:23:40,557] {scheduler_job.py:639} INFO - DAG(s) dict_keys(['example_trigger_target_dag']) retrieved from /home/airflow/.local/lib/python3.6/site-packages/airflow/example_dags/example_trigger_target_dag.py
[2024-04-30 16:23:40,579] {logging_mixin.py:104} INFO - [2024-04-30 16:23:40,579] {dag.py:1824} INFO - Sync 1 DAGs
[2024-04-30 16:23:40,593] {logging_mixin.py:104} INFO - [2024-04-30 16:23:40,593] {dag.py:2280} INFO - Setting next_dagrun for example_trigger_target_dag to None
[2024-04-30 16:23:40,604] {scheduler_job.py:190} INFO - Processing /home/airflow/.local/lib/python3.6/site-packages/airflow/example_dags/example_trigger_target_dag.py took 0.067 seconds
[2024-04-30 16:24:11,214] {scheduler_job.py:182} INFO - Started process (PID=1045) to work on /home/airflow/.local/lib/python3.6/site-packages/airflow/example_dags/example_trigger_target_dag.py
[2024-04-30 16:24:11,215] {scheduler_job.py:629} INFO - Processing file /home/airflow/.local/lib/python3.6/site-packages/airflow/example_dags/example_trigger_target_dag.py for tasks to queue
[2024-04-30 16:24:11,216] {logging_mixin.py:104} INFO - [2024-04-30 16:24:11,216] {dagbag.py:451} INFO - Filling up the DagBag from /home/airflow/.local/lib/python3.6/site-packages/airflow/example_dags/example_trigger_target_dag.py
[2024-04-30 16:24:11,229] {scheduler_job.py:639} INFO - DAG(s) dict_keys(['example_trigger_target_dag']) retrieved from /home/airflow/.local/lib/python3.6/site-packages/airflow/example_dags/example_trigger_target_dag.py
[2024-04-30 16:24:11,252] {logging_mixin.py:104} INFO - [2024-04-30 16:24:11,251] {dag.py:1824} INFO - Sync 1 DAGs
[2024-04-30 16:24:11,267] {logging_mixin.py:104} INFO - [2024-04-30 16:24:11,267] {dag.py:2280} INFO - Setting next_dagrun for example_trigger_target_dag to None
[2024-04-30 16:24:11,278] {scheduler_job.py:190} INFO - Processing /home/airflow/.local/lib/python3.6/site-packages/airflow/example_dags/example_trigger_target_dag.py took 0.068 seconds
[2024-04-30 16:24:41,695] {scheduler_job.py:182} INFO - Started process (PID=1077) to work on /home/airflow/.local/lib/python3.6/site-packages/airflow/example_dags/example_trigger_target_dag.py
[2024-04-30 16:24:41,696] {scheduler_job.py:629} INFO - Processing file /home/airflow/.local/lib/python3.6/site-packages/airflow/example_dags/example_trigger_target_dag.py for tasks to queue
[2024-04-30 16:24:41,697] {logging_mixin.py:104} INFO - [2024-04-30 16:24:41,697] {dagbag.py:451} INFO - Filling up the DagBag from /home/airflow/.local/lib/python3.6/site-packages/airflow/example_dags/example_trigger_target_dag.py
[2024-04-30 16:24:41,708] {scheduler_job.py:639} INFO - DAG(s) dict_keys(['example_trigger_target_dag']) retrieved from /home/airflow/.local/lib/python3.6/site-packages/airflow/example_dags/example_trigger_target_dag.py
[2024-04-30 16:24:41,732] {logging_mixin.py:104} INFO - [2024-04-30 16:24:41,732] {dag.py:1824} INFO - Sync 1 DAGs
[2024-04-30 16:24:41,747] {logging_mixin.py:104} INFO - [2024-04-30 16:24:41,747] {dag.py:2280} INFO - Setting next_dagrun for example_trigger_target_dag to None
[2024-04-30 16:24:41,759] {scheduler_job.py:190} INFO - Processing /home/airflow/.local/lib/python3.6/site-packages/airflow/example_dags/example_trigger_target_dag.py took 0.070 seconds
[2024-04-30 16:25:12,434] {scheduler_job.py:182} INFO - Started process (PID=1109) to work on /home/airflow/.local/lib/python3.6/site-packages/airflow/example_dags/example_trigger_target_dag.py
[2024-04-30 16:25:12,435] {scheduler_job.py:629} INFO - Processing file /home/airflow/.local/lib/python3.6/site-packages/airflow/example_dags/example_trigger_target_dag.py for tasks to queue
[2024-04-30 16:25:12,436] {logging_mixin.py:104} INFO - [2024-04-30 16:25:12,436] {dagbag.py:451} INFO - Filling up the DagBag from /home/airflow/.local/lib/python3.6/site-packages/airflow/example_dags/example_trigger_target_dag.py
[2024-04-30 16:25:12,449] {scheduler_job.py:639} INFO - DAG(s) dict_keys(['example_trigger_target_dag']) retrieved from /home/airflow/.local/lib/python3.6/site-packages/airflow/example_dags/example_trigger_target_dag.py
[2024-04-30 16:25:12,473] {logging_mixin.py:104} INFO - [2024-04-30 16:25:12,472] {dag.py:1824} INFO - Sync 1 DAGs
[2024-04-30 16:25:12,507] {logging_mixin.py:104} INFO - [2024-04-30 16:25:12,507] {dag.py:2280} INFO - Setting next_dagrun for example_trigger_target_dag to None
[2024-04-30 16:25:12,544] {scheduler_job.py:190} INFO - Processing /home/airflow/.local/lib/python3.6/site-packages/airflow/example_dags/example_trigger_target_dag.py took 0.113 seconds
[2024-04-30 16:25:43,069] {scheduler_job.py:182} INFO - Started process (PID=1141) to work on /home/airflow/.local/lib/python3.6/site-packages/airflow/example_dags/example_trigger_target_dag.py
[2024-04-30 16:25:43,071] {scheduler_job.py:629} INFO - Processing file /home/airflow/.local/lib/python3.6/site-packages/airflow/example_dags/example_trigger_target_dag.py for tasks to queue
[2024-04-30 16:25:43,072] {logging_mixin.py:104} INFO - [2024-04-30 16:25:43,072] {dagbag.py:451} INFO - Filling up the DagBag from /home/airflow/.local/lib/python3.6/site-packages/airflow/example_dags/example_trigger_target_dag.py
[2024-04-30 16:25:43,087] {scheduler_job.py:639} INFO - DAG(s) dict_keys(['example_trigger_target_dag']) retrieved from /home/airflow/.local/lib/python3.6/site-packages/airflow/example_dags/example_trigger_target_dag.py
[2024-04-30 16:25:43,109] {logging_mixin.py:104} INFO - [2024-04-30 16:25:43,109] {dag.py:1824} INFO - Sync 1 DAGs
[2024-04-30 16:25:43,124] {logging_mixin.py:104} INFO - [2024-04-30 16:25:43,124] {dag.py:2280} INFO - Setting next_dagrun for example_trigger_target_dag to None
[2024-04-30 16:25:43,135] {scheduler_job.py:190} INFO - Processing /home/airflow/.local/lib/python3.6/site-packages/airflow/example_dags/example_trigger_target_dag.py took 0.070 seconds
[2024-04-30 16:26:13,519] {scheduler_job.py:182} INFO - Started process (PID=1173) to work on /home/airflow/.local/lib/python3.6/site-packages/airflow/example_dags/example_trigger_target_dag.py
[2024-04-30 16:26:13,521] {scheduler_job.py:629} INFO - Processing file /home/airflow/.local/lib/python3.6/site-packages/airflow/example_dags/example_trigger_target_dag.py for tasks to queue
[2024-04-30 16:26:13,522] {logging_mixin.py:104} INFO - [2024-04-30 16:26:13,522] {dagbag.py:451} INFO - Filling up the DagBag from /home/airflow/.local/lib/python3.6/site-packages/airflow/example_dags/example_trigger_target_dag.py
[2024-04-30 16:26:13,534] {scheduler_job.py:639} INFO - DAG(s) dict_keys(['example_trigger_target_dag']) retrieved from /home/airflow/.local/lib/python3.6/site-packages/airflow/example_dags/example_trigger_target_dag.py
[2024-04-30 16:26:13,553] {logging_mixin.py:104} INFO - [2024-04-30 16:26:13,553] {dag.py:1824} INFO - Sync 1 DAGs
[2024-04-30 16:26:13,569] {logging_mixin.py:104} INFO - [2024-04-30 16:26:13,569] {dag.py:2280} INFO - Setting next_dagrun for example_trigger_target_dag to None
[2024-04-30 16:26:13,580] {scheduler_job.py:190} INFO - Processing /home/airflow/.local/lib/python3.6/site-packages/airflow/example_dags/example_trigger_target_dag.py took 0.064 seconds
[2024-04-30 16:26:44,074] {scheduler_job.py:182} INFO - Started process (PID=1205) to work on /home/airflow/.local/lib/python3.6/site-packages/airflow/example_dags/example_trigger_target_dag.py
[2024-04-30 16:26:44,078] {scheduler_job.py:629} INFO - Processing file /home/airflow/.local/lib/python3.6/site-packages/airflow/example_dags/example_trigger_target_dag.py for tasks to queue
[2024-04-30 16:26:44,079] {logging_mixin.py:104} INFO - [2024-04-30 16:26:44,079] {dagbag.py:451} INFO - Filling up the DagBag from /home/airflow/.local/lib/python3.6/site-packages/airflow/example_dags/example_trigger_target_dag.py
[2024-04-30 16:26:44,091] {scheduler_job.py:639} INFO - DAG(s) dict_keys(['example_trigger_target_dag']) retrieved from /home/airflow/.local/lib/python3.6/site-packages/airflow/example_dags/example_trigger_target_dag.py
[2024-04-30 16:26:44,109] {logging_mixin.py:104} INFO - [2024-04-30 16:26:44,109] {dag.py:1824} INFO - Sync 1 DAGs
[2024-04-30 16:26:44,123] {logging_mixin.py:104} INFO - [2024-04-30 16:26:44,123] {dag.py:2280} INFO - Setting next_dagrun for example_trigger_target_dag to None
[2024-04-30 16:26:44,144] {scheduler_job.py:190} INFO - Processing /home/airflow/.local/lib/python3.6/site-packages/airflow/example_dags/example_trigger_target_dag.py took 0.074 seconds
[2024-04-30 16:27:14,511] {scheduler_job.py:182} INFO - Started process (PID=1237) to work on /home/airflow/.local/lib/python3.6/site-packages/airflow/example_dags/example_trigger_target_dag.py
[2024-04-30 16:27:14,512] {scheduler_job.py:629} INFO - Processing file /home/airflow/.local/lib/python3.6/site-packages/airflow/example_dags/example_trigger_target_dag.py for tasks to queue
[2024-04-30 16:27:14,513] {logging_mixin.py:104} INFO - [2024-04-30 16:27:14,513] {dagbag.py:451} INFO - Filling up the DagBag from /home/airflow/.local/lib/python3.6/site-packages/airflow/example_dags/example_trigger_target_dag.py
[2024-04-30 16:27:14,524] {scheduler_job.py:639} INFO - DAG(s) dict_keys(['example_trigger_target_dag']) retrieved from /home/airflow/.local/lib/python3.6/site-packages/airflow/example_dags/example_trigger_target_dag.py
[2024-04-30 16:27:14,545] {logging_mixin.py:104} INFO - [2024-04-30 16:27:14,545] {dag.py:1824} INFO - Sync 1 DAGs
[2024-04-30 16:27:14,561] {logging_mixin.py:104} INFO - [2024-04-30 16:27:14,561] {dag.py:2280} INFO - Setting next_dagrun for example_trigger_target_dag to None
[2024-04-30 16:27:14,573] {scheduler_job.py:190} INFO - Processing /home/airflow/.local/lib/python3.6/site-packages/airflow/example_dags/example_trigger_target_dag.py took 0.065 seconds
[2024-04-30 16:27:45,044] {scheduler_job.py:182} INFO - Started process (PID=1269) to work on /home/airflow/.local/lib/python3.6/site-packages/airflow/example_dags/example_trigger_target_dag.py
[2024-04-30 16:27:45,045] {scheduler_job.py:629} INFO - Processing file /home/airflow/.local/lib/python3.6/site-packages/airflow/example_dags/example_trigger_target_dag.py for tasks to queue
[2024-04-30 16:27:45,046] {logging_mixin.py:104} INFO - [2024-04-30 16:27:45,046] {dagbag.py:451} INFO - Filling up the DagBag from /home/airflow/.local/lib/python3.6/site-packages/airflow/example_dags/example_trigger_target_dag.py
[2024-04-30 16:27:45,057] {scheduler_job.py:639} INFO - DAG(s) dict_keys(['example_trigger_target_dag']) retrieved from /home/airflow/.local/lib/python3.6/site-packages/airflow/example_dags/example_trigger_target_dag.py
[2024-04-30 16:27:45,078] {logging_mixin.py:104} INFO - [2024-04-30 16:27:45,078] {dag.py:1824} INFO - Sync 1 DAGs
[2024-04-30 16:27:45,093] {logging_mixin.py:104} INFO - [2024-04-30 16:27:45,092] {dag.py:2280} INFO - Setting next_dagrun for example_trigger_target_dag to None
[2024-04-30 16:27:45,115] {scheduler_job.py:190} INFO - Processing /home/airflow/.local/lib/python3.6/site-packages/airflow/example_dags/example_trigger_target_dag.py took 0.074 seconds
[2024-04-30 16:28:15,609] {scheduler_job.py:182} INFO - Started process (PID=1301) to work on /home/airflow/.local/lib/python3.6/site-packages/airflow/example_dags/example_trigger_target_dag.py
[2024-04-30 16:28:15,610] {scheduler_job.py:629} INFO - Processing file /home/airflow/.local/lib/python3.6/site-packages/airflow/example_dags/example_trigger_target_dag.py for tasks to queue
[2024-04-30 16:28:15,611] {logging_mixin.py:104} INFO - [2024-04-30 16:28:15,611] {dagbag.py:451} INFO - Filling up the DagBag from /home/airflow/.local/lib/python3.6/site-packages/airflow/example_dags/example_trigger_target_dag.py
[2024-04-30 16:28:15,623] {scheduler_job.py:639} INFO - DAG(s) dict_keys(['example_trigger_target_dag']) retrieved from /home/airflow/.local/lib/python3.6/site-packages/airflow/example_dags/example_trigger_target_dag.py
[2024-04-30 16:28:15,648] {logging_mixin.py:104} INFO - [2024-04-30 16:28:15,648] {dag.py:1824} INFO - Sync 1 DAGs
[2024-04-30 16:28:15,670] {logging_mixin.py:104} INFO - [2024-04-30 16:28:15,670] {dag.py:2280} INFO - Setting next_dagrun for example_trigger_target_dag to None
[2024-04-30 16:28:15,683] {scheduler_job.py:190} INFO - Processing /home/airflow/.local/lib/python3.6/site-packages/airflow/example_dags/example_trigger_target_dag.py took 0.077 seconds
[2024-04-30 16:28:46,122] {scheduler_job.py:182} INFO - Started process (PID=1333) to work on /home/airflow/.local/lib/python3.6/site-packages/airflow/example_dags/example_trigger_target_dag.py
[2024-04-30 16:28:46,124] {scheduler_job.py:629} INFO - Processing file /home/airflow/.local/lib/python3.6/site-packages/airflow/example_dags/example_trigger_target_dag.py for tasks to queue
[2024-04-30 16:28:46,125] {logging_mixin.py:104} INFO - [2024-04-30 16:28:46,125] {dagbag.py:451} INFO - Filling up the DagBag from /home/airflow/.local/lib/python3.6/site-packages/airflow/example_dags/example_trigger_target_dag.py
[2024-04-30 16:28:46,136] {scheduler_job.py:639} INFO - DAG(s) dict_keys(['example_trigger_target_dag']) retrieved from /home/airflow/.local/lib/python3.6/site-packages/airflow/example_dags/example_trigger_target_dag.py
[2024-04-30 16:28:46,155] {logging_mixin.py:104} INFO - [2024-04-30 16:28:46,155] {dag.py:1824} INFO - Sync 1 DAGs
[2024-04-30 16:28:46,170] {logging_mixin.py:104} INFO - [2024-04-30 16:28:46,170] {dag.py:2280} INFO - Setting next_dagrun for example_trigger_target_dag to None
[2024-04-30 16:28:46,194] {scheduler_job.py:190} INFO - Processing /home/airflow/.local/lib/python3.6/site-packages/airflow/example_dags/example_trigger_target_dag.py took 0.075 seconds
[2024-04-30 16:29:16,707] {scheduler_job.py:182} INFO - Started process (PID=1365) to work on /home/airflow/.local/lib/python3.6/site-packages/airflow/example_dags/example_trigger_target_dag.py
[2024-04-30 16:29:16,710] {scheduler_job.py:629} INFO - Processing file /home/airflow/.local/lib/python3.6/site-packages/airflow/example_dags/example_trigger_target_dag.py for tasks to queue
[2024-04-30 16:29:16,711] {logging_mixin.py:104} INFO - [2024-04-30 16:29:16,711] {dagbag.py:451} INFO - Filling up the DagBag from /home/airflow/.local/lib/python3.6/site-packages/airflow/example_dags/example_trigger_target_dag.py
[2024-04-30 16:29:16,729] {scheduler_job.py:639} INFO - DAG(s) dict_keys(['example_trigger_target_dag']) retrieved from /home/airflow/.local/lib/python3.6/site-packages/airflow/example_dags/example_trigger_target_dag.py
[2024-04-30 16:29:16,751] {logging_mixin.py:104} INFO - [2024-04-30 16:29:16,750] {dag.py:1824} INFO - Sync 1 DAGs
[2024-04-30 16:29:16,765] {logging_mixin.py:104} INFO - [2024-04-30 16:29:16,765] {dag.py:2280} INFO - Setting next_dagrun for example_trigger_target_dag to None
[2024-04-30 16:29:16,775] {scheduler_job.py:190} INFO - Processing /home/airflow/.local/lib/python3.6/site-packages/airflow/example_dags/example_trigger_target_dag.py took 0.075 seconds
[2024-04-30 16:29:47,267] {scheduler_job.py:182} INFO - Started process (PID=1397) to work on /home/airflow/.local/lib/python3.6/site-packages/airflow/example_dags/example_trigger_target_dag.py
[2024-04-30 16:29:47,268] {scheduler_job.py:629} INFO - Processing file /home/airflow/.local/lib/python3.6/site-packages/airflow/example_dags/example_trigger_target_dag.py for tasks to queue
[2024-04-30 16:29:47,269] {logging_mixin.py:104} INFO - [2024-04-30 16:29:47,269] {dagbag.py:451} INFO - Filling up the DagBag from /home/airflow/.local/lib/python3.6/site-packages/airflow/example_dags/example_trigger_target_dag.py
[2024-04-30 16:29:47,280] {scheduler_job.py:639} INFO - DAG(s) dict_keys(['example_trigger_target_dag']) retrieved from /home/airflow/.local/lib/python3.6/site-packages/airflow/example_dags/example_trigger_target_dag.py
[2024-04-30 16:29:47,301] {logging_mixin.py:104} INFO - [2024-04-30 16:29:47,301] {dag.py:1824} INFO - Sync 1 DAGs
[2024-04-30 16:29:47,316] {logging_mixin.py:104} INFO - [2024-04-30 16:29:47,316] {dag.py:2280} INFO - Setting next_dagrun for example_trigger_target_dag to None
[2024-04-30 16:29:47,327] {scheduler_job.py:190} INFO - Processing /home/airflow/.local/lib/python3.6/site-packages/airflow/example_dags/example_trigger_target_dag.py took 0.063 seconds
[2024-04-30 16:30:17,799] {scheduler_job.py:182} INFO - Started process (PID=1429) to work on /home/airflow/.local/lib/python3.6/site-packages/airflow/example_dags/example_trigger_target_dag.py
[2024-04-30 16:30:17,800] {scheduler_job.py:629} INFO - Processing file /home/airflow/.local/lib/python3.6/site-packages/airflow/example_dags/example_trigger_target_dag.py for tasks to queue
[2024-04-30 16:30:17,801] {logging_mixin.py:104} INFO - [2024-04-30 16:30:17,801] {dagbag.py:451} INFO - Filling up the DagBag from /home/airflow/.local/lib/python3.6/site-packages/airflow/example_dags/example_trigger_target_dag.py
[2024-04-30 16:30:17,816] {scheduler_job.py:639} INFO - DAG(s) dict_keys(['example_trigger_target_dag']) retrieved from /home/airflow/.local/lib/python3.6/site-packages/airflow/example_dags/example_trigger_target_dag.py
[2024-04-30 16:30:17,841] {logging_mixin.py:104} INFO - [2024-04-30 16:30:17,840] {dag.py:1824} INFO - Sync 1 DAGs
[2024-04-30 16:30:17,860] {logging_mixin.py:104} INFO - [2024-04-30 16:30:17,860] {dag.py:2280} INFO - Setting next_dagrun for example_trigger_target_dag to None
[2024-04-30 16:30:17,873] {scheduler_job.py:190} INFO - Processing /home/airflow/.local/lib/python3.6/site-packages/airflow/example_dags/example_trigger_target_dag.py took 0.078 seconds
[2024-04-30 16:30:48,636] {scheduler_job.py:182} INFO - Started process (PID=1461) to work on /home/airflow/.local/lib/python3.6/site-packages/airflow/example_dags/example_trigger_target_dag.py
[2024-04-30 16:30:48,638] {scheduler_job.py:629} INFO - Processing file /home/airflow/.local/lib/python3.6/site-packages/airflow/example_dags/example_trigger_target_dag.py for tasks to queue
[2024-04-30 16:30:48,640] {logging_mixin.py:104} INFO - [2024-04-30 16:30:48,639] {dagbag.py:451} INFO - Filling up the DagBag from /home/airflow/.local/lib/python3.6/site-packages/airflow/example_dags/example_trigger_target_dag.py
[2024-04-30 16:30:48,658] {scheduler_job.py:639} INFO - DAG(s) dict_keys(['example_trigger_target_dag']) retrieved from /home/airflow/.local/lib/python3.6/site-packages/airflow/example_dags/example_trigger_target_dag.py
[2024-04-30 16:30:48,705] {logging_mixin.py:104} INFO - [2024-04-30 16:30:48,705] {dag.py:1824} INFO - Sync 1 DAGs
[2024-04-30 16:30:48,739] {logging_mixin.py:104} INFO - [2024-04-30 16:30:48,738] {dag.py:2280} INFO - Setting next_dagrun for example_trigger_target_dag to None
[2024-04-30 16:30:48,761] {scheduler_job.py:190} INFO - Processing /home/airflow/.local/lib/python3.6/site-packages/airflow/example_dags/example_trigger_target_dag.py took 0.131 seconds
[2024-04-30 16:31:19,278] {scheduler_job.py:182} INFO - Started process (PID=1493) to work on /home/airflow/.local/lib/python3.6/site-packages/airflow/example_dags/example_trigger_target_dag.py
[2024-04-30 16:31:19,280] {scheduler_job.py:629} INFO - Processing file /home/airflow/.local/lib/python3.6/site-packages/airflow/example_dags/example_trigger_target_dag.py for tasks to queue
[2024-04-30 16:31:19,282] {logging_mixin.py:104} INFO - [2024-04-30 16:31:19,282] {dagbag.py:451} INFO - Filling up the DagBag from /home/airflow/.local/lib/python3.6/site-packages/airflow/example_dags/example_trigger_target_dag.py
[2024-04-30 16:31:19,307] {scheduler_job.py:639} INFO - DAG(s) dict_keys(['example_trigger_target_dag']) retrieved from /home/airflow/.local/lib/python3.6/site-packages/airflow/example_dags/example_trigger_target_dag.py
[2024-04-30 16:31:19,346] {logging_mixin.py:104} INFO - [2024-04-30 16:31:19,346] {dag.py:1824} INFO - Sync 1 DAGs
[2024-04-30 16:31:19,384] {logging_mixin.py:104} INFO - [2024-04-30 16:31:19,384] {dag.py:2280} INFO - Setting next_dagrun for example_trigger_target_dag to None
[2024-04-30 16:31:19,410] {scheduler_job.py:190} INFO - Processing /home/airflow/.local/lib/python3.6/site-packages/airflow/example_dags/example_trigger_target_dag.py took 0.138 seconds
[2024-04-30 16:31:49,662] {scheduler_job.py:182} INFO - Started process (PID=1525) to work on /home/airflow/.local/lib/python3.6/site-packages/airflow/example_dags/example_trigger_target_dag.py
[2024-04-30 16:31:49,664] {scheduler_job.py:629} INFO - Processing file /home/airflow/.local/lib/python3.6/site-packages/airflow/example_dags/example_trigger_target_dag.py for tasks to queue
[2024-04-30 16:31:49,666] {logging_mixin.py:104} INFO - [2024-04-30 16:31:49,665] {dagbag.py:451} INFO - Filling up the DagBag from /home/airflow/.local/lib/python3.6/site-packages/airflow/example_dags/example_trigger_target_dag.py
[2024-04-30 16:31:49,680] {scheduler_job.py:639} INFO - DAG(s) dict_keys(['example_trigger_target_dag']) retrieved from /home/airflow/.local/lib/python3.6/site-packages/airflow/example_dags/example_trigger_target_dag.py
[2024-04-30 16:31:49,714] {logging_mixin.py:104} INFO - [2024-04-30 16:31:49,714] {dag.py:1824} INFO - Sync 1 DAGs
[2024-04-30 16:31:49,752] {logging_mixin.py:104} INFO - [2024-04-30 16:31:49,752] {dag.py:2280} INFO - Setting next_dagrun for example_trigger_target_dag to None
[2024-04-30 16:31:49,773] {scheduler_job.py:190} INFO - Processing /home/airflow/.local/lib/python3.6/site-packages/airflow/example_dags/example_trigger_target_dag.py took 0.116 seconds
[2024-04-30 16:32:20,698] {scheduler_job.py:182} INFO - Started process (PID=1557) to work on /home/airflow/.local/lib/python3.6/site-packages/airflow/example_dags/example_trigger_target_dag.py
[2024-04-30 16:32:20,700] {scheduler_job.py:629} INFO - Processing file /home/airflow/.local/lib/python3.6/site-packages/airflow/example_dags/example_trigger_target_dag.py for tasks to queue
[2024-04-30 16:32:20,701] {logging_mixin.py:104} INFO - [2024-04-30 16:32:20,701] {dagbag.py:451} INFO - Filling up the DagBag from /home/airflow/.local/lib/python3.6/site-packages/airflow/example_dags/example_trigger_target_dag.py
[2024-04-30 16:32:20,714] {scheduler_job.py:639} INFO - DAG(s) dict_keys(['example_trigger_target_dag']) retrieved from /home/airflow/.local/lib/python3.6/site-packages/airflow/example_dags/example_trigger_target_dag.py
[2024-04-30 16:32:20,736] {logging_mixin.py:104} INFO - [2024-04-30 16:32:20,736] {dag.py:1824} INFO - Sync 1 DAGs
[2024-04-30 16:32:20,752] {logging_mixin.py:104} INFO - [2024-04-30 16:32:20,751] {dag.py:2280} INFO - Setting next_dagrun for example_trigger_target_dag to None
[2024-04-30 16:32:20,764] {scheduler_job.py:190} INFO - Processing /home/airflow/.local/lib/python3.6/site-packages/airflow/example_dags/example_trigger_target_dag.py took 0.069 seconds
[2024-04-30 16:32:51,252] {scheduler_job.py:182} INFO - Started process (PID=1589) to work on /home/airflow/.local/lib/python3.6/site-packages/airflow/example_dags/example_trigger_target_dag.py
[2024-04-30 16:32:51,254] {scheduler_job.py:629} INFO - Processing file /home/airflow/.local/lib/python3.6/site-packages/airflow/example_dags/example_trigger_target_dag.py for tasks to queue
[2024-04-30 16:32:51,255] {logging_mixin.py:104} INFO - [2024-04-30 16:32:51,255] {dagbag.py:451} INFO - Filling up the DagBag from /home/airflow/.local/lib/python3.6/site-packages/airflow/example_dags/example_trigger_target_dag.py
[2024-04-30 16:32:51,268] {scheduler_job.py:639} INFO - DAG(s) dict_keys(['example_trigger_target_dag']) retrieved from /home/airflow/.local/lib/python3.6/site-packages/airflow/example_dags/example_trigger_target_dag.py
[2024-04-30 16:32:51,291] {logging_mixin.py:104} INFO - [2024-04-30 16:32:51,291] {dag.py:1824} INFO - Sync 1 DAGs
[2024-04-30 16:32:51,315] {logging_mixin.py:104} INFO - [2024-04-30 16:32:51,315] {dag.py:2280} INFO - Setting next_dagrun for example_trigger_target_dag to None
[2024-04-30 16:32:51,327] {scheduler_job.py:190} INFO - Processing /home/airflow/.local/lib/python3.6/site-packages/airflow/example_dags/example_trigger_target_dag.py took 0.081 seconds
[2024-04-30 16:33:21,810] {scheduler_job.py:182} INFO - Started process (PID=1621) to work on /home/airflow/.local/lib/python3.6/site-packages/airflow/example_dags/example_trigger_target_dag.py
[2024-04-30 16:33:21,812] {scheduler_job.py:629} INFO - Processing file /home/airflow/.local/lib/python3.6/site-packages/airflow/example_dags/example_trigger_target_dag.py for tasks to queue
[2024-04-30 16:33:21,813] {logging_mixin.py:104} INFO - [2024-04-30 16:33:21,813] {dagbag.py:451} INFO - Filling up the DagBag from /home/airflow/.local/lib/python3.6/site-packages/airflow/example_dags/example_trigger_target_dag.py
[2024-04-30 16:33:21,825] {scheduler_job.py:639} INFO - DAG(s) dict_keys(['example_trigger_target_dag']) retrieved from /home/airflow/.local/lib/python3.6/site-packages/airflow/example_dags/example_trigger_target_dag.py
[2024-04-30 16:33:21,850] {logging_mixin.py:104} INFO - [2024-04-30 16:33:21,850] {dag.py:1824} INFO - Sync 1 DAGs
[2024-04-30 16:33:21,876] {logging_mixin.py:104} INFO - [2024-04-30 16:33:21,876] {dag.py:2280} INFO - Setting next_dagrun for example_trigger_target_dag to None
[2024-04-30 16:33:21,890] {scheduler_job.py:190} INFO - Processing /home/airflow/.local/lib/python3.6/site-packages/airflow/example_dags/example_trigger_target_dag.py took 0.083 seconds
[2024-04-30 16:33:52,439] {scheduler_job.py:182} INFO - Started process (PID=1653) to work on /home/airflow/.local/lib/python3.6/site-packages/airflow/example_dags/example_trigger_target_dag.py
[2024-04-30 16:33:52,441] {scheduler_job.py:629} INFO - Processing file /home/airflow/.local/lib/python3.6/site-packages/airflow/example_dags/example_trigger_target_dag.py for tasks to queue
[2024-04-30 16:33:52,442] {logging_mixin.py:104} INFO - [2024-04-30 16:33:52,442] {dagbag.py:451} INFO - Filling up the DagBag from /home/airflow/.local/lib/python3.6/site-packages/airflow/example_dags/example_trigger_target_dag.py
[2024-04-30 16:33:52,459] {scheduler_job.py:639} INFO - DAG(s) dict_keys(['example_trigger_target_dag']) retrieved from /home/airflow/.local/lib/python3.6/site-packages/airflow/example_dags/example_trigger_target_dag.py
[2024-04-30 16:33:52,481] {logging_mixin.py:104} INFO - [2024-04-30 16:33:52,480] {dag.py:1824} INFO - Sync 1 DAGs
[2024-04-30 16:33:52,495] {logging_mixin.py:104} INFO - [2024-04-30 16:33:52,495] {dag.py:2280} INFO - Setting next_dagrun for example_trigger_target_dag to None
[2024-04-30 16:33:52,506] {scheduler_job.py:190} INFO - Processing /home/airflow/.local/lib/python3.6/site-packages/airflow/example_dags/example_trigger_target_dag.py took 0.071 seconds
[2024-04-30 16:34:23,037] {scheduler_job.py:182} INFO - Started process (PID=1685) to work on /home/airflow/.local/lib/python3.6/site-packages/airflow/example_dags/example_trigger_target_dag.py
[2024-04-30 16:34:23,039] {scheduler_job.py:629} INFO - Processing file /home/airflow/.local/lib/python3.6/site-packages/airflow/example_dags/example_trigger_target_dag.py for tasks to queue
[2024-04-30 16:34:23,040] {logging_mixin.py:104} INFO - [2024-04-30 16:34:23,040] {dagbag.py:451} INFO - Filling up the DagBag from /home/airflow/.local/lib/python3.6/site-packages/airflow/example_dags/example_trigger_target_dag.py
[2024-04-30 16:34:23,051] {scheduler_job.py:639} INFO - DAG(s) dict_keys(['example_trigger_target_dag']) retrieved from /home/airflow/.local/lib/python3.6/site-packages/airflow/example_dags/example_trigger_target_dag.py
[2024-04-30 16:34:23,072] {logging_mixin.py:104} INFO - [2024-04-30 16:34:23,072] {dag.py:1824} INFO - Sync 1 DAGs
[2024-04-30 16:34:23,086] {logging_mixin.py:104} INFO - [2024-04-30 16:34:23,086] {dag.py:2280} INFO - Setting next_dagrun for example_trigger_target_dag to None
[2024-04-30 16:34:23,098] {scheduler_job.py:190} INFO - Processing /home/airflow/.local/lib/python3.6/site-packages/airflow/example_dags/example_trigger_target_dag.py took 0.064 seconds
[2024-04-30 16:34:53,720] {scheduler_job.py:182} INFO - Started process (PID=1717) to work on /home/airflow/.local/lib/python3.6/site-packages/airflow/example_dags/example_trigger_target_dag.py
[2024-04-30 16:34:53,721] {scheduler_job.py:629} INFO - Processing file /home/airflow/.local/lib/python3.6/site-packages/airflow/example_dags/example_trigger_target_dag.py for tasks to queue
[2024-04-30 16:34:53,722] {logging_mixin.py:104} INFO - [2024-04-30 16:34:53,722] {dagbag.py:451} INFO - Filling up the DagBag from /home/airflow/.local/lib/python3.6/site-packages/airflow/example_dags/example_trigger_target_dag.py
[2024-04-30 16:34:53,733] {scheduler_job.py:639} INFO - DAG(s) dict_keys(['example_trigger_target_dag']) retrieved from /home/airflow/.local/lib/python3.6/site-packages/airflow/example_dags/example_trigger_target_dag.py
[2024-04-30 16:34:53,754] {logging_mixin.py:104} INFO - [2024-04-30 16:34:53,754] {dag.py:1824} INFO - Sync 1 DAGs
[2024-04-30 16:34:53,766] {logging_mixin.py:104} INFO - [2024-04-30 16:34:53,766] {dag.py:2280} INFO - Setting next_dagrun for example_trigger_target_dag to None
[2024-04-30 16:34:53,774] {scheduler_job.py:190} INFO - Processing /home/airflow/.local/lib/python3.6/site-packages/airflow/example_dags/example_trigger_target_dag.py took 0.058 seconds
[2024-04-30 16:35:24,305] {scheduler_job.py:182} INFO - Started process (PID=1749) to work on /home/airflow/.local/lib/python3.6/site-packages/airflow/example_dags/example_trigger_target_dag.py
[2024-04-30 16:35:24,307] {scheduler_job.py:629} INFO - Processing file /home/airflow/.local/lib/python3.6/site-packages/airflow/example_dags/example_trigger_target_dag.py for tasks to queue
[2024-04-30 16:35:24,307] {logging_mixin.py:104} INFO - [2024-04-30 16:35:24,307] {dagbag.py:451} INFO - Filling up the DagBag from /home/airflow/.local/lib/python3.6/site-packages/airflow/example_dags/example_trigger_target_dag.py
[2024-04-30 16:35:24,318] {scheduler_job.py:639} INFO - DAG(s) dict_keys(['example_trigger_target_dag']) retrieved from /home/airflow/.local/lib/python3.6/site-packages/airflow/example_dags/example_trigger_target_dag.py
[2024-04-30 16:35:24,337] {logging_mixin.py:104} INFO - [2024-04-30 16:35:24,336] {dag.py:1824} INFO - Sync 1 DAGs
[2024-04-30 16:35:24,351] {logging_mixin.py:104} INFO - [2024-04-30 16:35:24,351] {dag.py:2280} INFO - Setting next_dagrun for example_trigger_target_dag to None
[2024-04-30 16:35:24,362] {scheduler_job.py:190} INFO - Processing /home/airflow/.local/lib/python3.6/site-packages/airflow/example_dags/example_trigger_target_dag.py took 0.060 seconds
[2024-04-30 16:35:54,807] {scheduler_job.py:182} INFO - Started process (PID=1781) to work on /home/airflow/.local/lib/python3.6/site-packages/airflow/example_dags/example_trigger_target_dag.py
[2024-04-30 16:35:54,808] {scheduler_job.py:629} INFO - Processing file /home/airflow/.local/lib/python3.6/site-packages/airflow/example_dags/example_trigger_target_dag.py for tasks to queue
[2024-04-30 16:35:54,809] {logging_mixin.py:104} INFO - [2024-04-30 16:35:54,809] {dagbag.py:451} INFO - Filling up the DagBag from /home/airflow/.local/lib/python3.6/site-packages/airflow/example_dags/example_trigger_target_dag.py
[2024-04-30 16:35:54,821] {scheduler_job.py:639} INFO - DAG(s) dict_keys(['example_trigger_target_dag']) retrieved from /home/airflow/.local/lib/python3.6/site-packages/airflow/example_dags/example_trigger_target_dag.py
[2024-04-30 16:35:54,842] {logging_mixin.py:104} INFO - [2024-04-30 16:35:54,842] {dag.py:1824} INFO - Sync 1 DAGs
[2024-04-30 16:35:54,860] {logging_mixin.py:104} INFO - [2024-04-30 16:35:54,860] {dag.py:2280} INFO - Setting next_dagrun for example_trigger_target_dag to None
[2024-04-30 16:35:54,872] {scheduler_job.py:190} INFO - Processing /home/airflow/.local/lib/python3.6/site-packages/airflow/example_dags/example_trigger_target_dag.py took 0.068 seconds
[2024-04-30 16:36:25,379] {scheduler_job.py:182} INFO - Started process (PID=1813) to work on /home/airflow/.local/lib/python3.6/site-packages/airflow/example_dags/example_trigger_target_dag.py
[2024-04-30 16:36:25,380] {scheduler_job.py:629} INFO - Processing file /home/airflow/.local/lib/python3.6/site-packages/airflow/example_dags/example_trigger_target_dag.py for tasks to queue
[2024-04-30 16:36:25,381] {logging_mixin.py:104} INFO - [2024-04-30 16:36:25,381] {dagbag.py:451} INFO - Filling up the DagBag from /home/airflow/.local/lib/python3.6/site-packages/airflow/example_dags/example_trigger_target_dag.py
[2024-04-30 16:36:25,392] {scheduler_job.py:639} INFO - DAG(s) dict_keys(['example_trigger_target_dag']) retrieved from /home/airflow/.local/lib/python3.6/site-packages/airflow/example_dags/example_trigger_target_dag.py
[2024-04-30 16:36:25,413] {logging_mixin.py:104} INFO - [2024-04-30 16:36:25,413] {dag.py:1824} INFO - Sync 1 DAGs
[2024-04-30 16:36:25,427] {logging_mixin.py:104} INFO - [2024-04-30 16:36:25,427] {dag.py:2280} INFO - Setting next_dagrun for example_trigger_target_dag to None
[2024-04-30 16:36:25,438] {scheduler_job.py:190} INFO - Processing /home/airflow/.local/lib/python3.6/site-packages/airflow/example_dags/example_trigger_target_dag.py took 0.062 seconds
[2024-04-30 16:36:55,913] {scheduler_job.py:182} INFO - Started process (PID=1845) to work on /home/airflow/.local/lib/python3.6/site-packages/airflow/example_dags/example_trigger_target_dag.py
[2024-04-30 16:36:55,915] {scheduler_job.py:629} INFO - Processing file /home/airflow/.local/lib/python3.6/site-packages/airflow/example_dags/example_trigger_target_dag.py for tasks to queue
[2024-04-30 16:36:55,916] {logging_mixin.py:104} INFO - [2024-04-30 16:36:55,916] {dagbag.py:451} INFO - Filling up the DagBag from /home/airflow/.local/lib/python3.6/site-packages/airflow/example_dags/example_trigger_target_dag.py
[2024-04-30 16:36:55,928] {scheduler_job.py:639} INFO - DAG(s) dict_keys(['example_trigger_target_dag']) retrieved from /home/airflow/.local/lib/python3.6/site-packages/airflow/example_dags/example_trigger_target_dag.py
[2024-04-30 16:36:55,951] {logging_mixin.py:104} INFO - [2024-04-30 16:36:55,951] {dag.py:1824} INFO - Sync 1 DAGs
[2024-04-30 16:36:55,967] {logging_mixin.py:104} INFO - [2024-04-30 16:36:55,967] {dag.py:2280} INFO - Setting next_dagrun for example_trigger_target_dag to None
[2024-04-30 16:36:55,976] {scheduler_job.py:190} INFO - Processing /home/airflow/.local/lib/python3.6/site-packages/airflow/example_dags/example_trigger_target_dag.py took 0.067 seconds
[2024-04-30 16:37:26,506] {scheduler_job.py:182} INFO - Started process (PID=1877) to work on /home/airflow/.local/lib/python3.6/site-packages/airflow/example_dags/example_trigger_target_dag.py
[2024-04-30 16:37:26,508] {scheduler_job.py:629} INFO - Processing file /home/airflow/.local/lib/python3.6/site-packages/airflow/example_dags/example_trigger_target_dag.py for tasks to queue
[2024-04-30 16:37:26,509] {logging_mixin.py:104} INFO - [2024-04-30 16:37:26,509] {dagbag.py:451} INFO - Filling up the DagBag from /home/airflow/.local/lib/python3.6/site-packages/airflow/example_dags/example_trigger_target_dag.py
[2024-04-30 16:37:26,520] {scheduler_job.py:639} INFO - DAG(s) dict_keys(['example_trigger_target_dag']) retrieved from /home/airflow/.local/lib/python3.6/site-packages/airflow/example_dags/example_trigger_target_dag.py
[2024-04-30 16:37:26,542] {logging_mixin.py:104} INFO - [2024-04-30 16:37:26,542] {dag.py:1824} INFO - Sync 1 DAGs
[2024-04-30 16:37:26,557] {logging_mixin.py:104} INFO - [2024-04-30 16:37:26,557] {dag.py:2280} INFO - Setting next_dagrun for example_trigger_target_dag to None
[2024-04-30 16:37:26,568] {scheduler_job.py:190} INFO - Processing /home/airflow/.local/lib/python3.6/site-packages/airflow/example_dags/example_trigger_target_dag.py took 0.065 seconds
[2024-04-30 16:37:56,930] {scheduler_job.py:182} INFO - Started process (PID=1909) to work on /home/airflow/.local/lib/python3.6/site-packages/airflow/example_dags/example_trigger_target_dag.py
[2024-04-30 16:37:56,931] {scheduler_job.py:629} INFO - Processing file /home/airflow/.local/lib/python3.6/site-packages/airflow/example_dags/example_trigger_target_dag.py for tasks to queue
[2024-04-30 16:37:56,932] {logging_mixin.py:104} INFO - [2024-04-30 16:37:56,932] {dagbag.py:451} INFO - Filling up the DagBag from /home/airflow/.local/lib/python3.6/site-packages/airflow/example_dags/example_trigger_target_dag.py
[2024-04-30 16:37:56,947] {scheduler_job.py:639} INFO - DAG(s) dict_keys(['example_trigger_target_dag']) retrieved from /home/airflow/.local/lib/python3.6/site-packages/airflow/example_dags/example_trigger_target_dag.py
[2024-04-30 16:37:56,967] {logging_mixin.py:104} INFO - [2024-04-30 16:37:56,967] {dag.py:1824} INFO - Sync 1 DAGs
[2024-04-30 16:37:56,982] {logging_mixin.py:104} INFO - [2024-04-30 16:37:56,982] {dag.py:2280} INFO - Setting next_dagrun for example_trigger_target_dag to None
[2024-04-30 16:37:56,993] {scheduler_job.py:190} INFO - Processing /home/airflow/.local/lib/python3.6/site-packages/airflow/example_dags/example_trigger_target_dag.py took 0.067 seconds
[2024-04-30 16:38:27,455] {scheduler_job.py:182} INFO - Started process (PID=1941) to work on /home/airflow/.local/lib/python3.6/site-packages/airflow/example_dags/example_trigger_target_dag.py
[2024-04-30 16:38:27,457] {scheduler_job.py:629} INFO - Processing file /home/airflow/.local/lib/python3.6/site-packages/airflow/example_dags/example_trigger_target_dag.py for tasks to queue
[2024-04-30 16:38:27,458] {logging_mixin.py:104} INFO - [2024-04-30 16:38:27,458] {dagbag.py:451} INFO - Filling up the DagBag from /home/airflow/.local/lib/python3.6/site-packages/airflow/example_dags/example_trigger_target_dag.py
[2024-04-30 16:38:27,469] {scheduler_job.py:639} INFO - DAG(s) dict_keys(['example_trigger_target_dag']) retrieved from /home/airflow/.local/lib/python3.6/site-packages/airflow/example_dags/example_trigger_target_dag.py
[2024-04-30 16:38:27,489] {logging_mixin.py:104} INFO - [2024-04-30 16:38:27,489] {dag.py:1824} INFO - Sync 1 DAGs
[2024-04-30 16:38:27,504] {logging_mixin.py:104} INFO - [2024-04-30 16:38:27,504] {dag.py:2280} INFO - Setting next_dagrun for example_trigger_target_dag to None
[2024-04-30 16:38:27,516] {scheduler_job.py:190} INFO - Processing /home/airflow/.local/lib/python3.6/site-packages/airflow/example_dags/example_trigger_target_dag.py took 0.064 seconds
[2024-04-30 16:38:58,022] {scheduler_job.py:182} INFO - Started process (PID=1973) to work on /home/airflow/.local/lib/python3.6/site-packages/airflow/example_dags/example_trigger_target_dag.py
[2024-04-30 16:38:58,024] {scheduler_job.py:629} INFO - Processing file /home/airflow/.local/lib/python3.6/site-packages/airflow/example_dags/example_trigger_target_dag.py for tasks to queue
[2024-04-30 16:38:58,025] {logging_mixin.py:104} INFO - [2024-04-30 16:38:58,025] {dagbag.py:451} INFO - Filling up the DagBag from /home/airflow/.local/lib/python3.6/site-packages/airflow/example_dags/example_trigger_target_dag.py
[2024-04-30 16:38:58,039] {scheduler_job.py:639} INFO - DAG(s) dict_keys(['example_trigger_target_dag']) retrieved from /home/airflow/.local/lib/python3.6/site-packages/airflow/example_dags/example_trigger_target_dag.py
[2024-04-30 16:38:58,060] {logging_mixin.py:104} INFO - [2024-04-30 16:38:58,060] {dag.py:1824} INFO - Sync 1 DAGs
[2024-04-30 16:38:58,077] {logging_mixin.py:104} INFO - [2024-04-30 16:38:58,076] {dag.py:2280} INFO - Setting next_dagrun for example_trigger_target_dag to None
[2024-04-30 16:38:58,089] {scheduler_job.py:190} INFO - Processing /home/airflow/.local/lib/python3.6/site-packages/airflow/example_dags/example_trigger_target_dag.py took 0.070 seconds
[2024-04-30 16:39:28,554] {scheduler_job.py:182} INFO - Started process (PID=2005) to work on /home/airflow/.local/lib/python3.6/site-packages/airflow/example_dags/example_trigger_target_dag.py
[2024-04-30 16:39:28,556] {scheduler_job.py:629} INFO - Processing file /home/airflow/.local/lib/python3.6/site-packages/airflow/example_dags/example_trigger_target_dag.py for tasks to queue
[2024-04-30 16:39:28,558] {logging_mixin.py:104} INFO - [2024-04-30 16:39:28,558] {dagbag.py:451} INFO - Filling up the DagBag from /home/airflow/.local/lib/python3.6/site-packages/airflow/example_dags/example_trigger_target_dag.py
[2024-04-30 16:39:28,567] {scheduler_job.py:639} INFO - DAG(s) dict_keys(['example_trigger_target_dag']) retrieved from /home/airflow/.local/lib/python3.6/site-packages/airflow/example_dags/example_trigger_target_dag.py
[2024-04-30 16:39:28,589] {logging_mixin.py:104} INFO - [2024-04-30 16:39:28,589] {dag.py:1824} INFO - Sync 1 DAGs
[2024-04-30 16:39:28,606] {logging_mixin.py:104} INFO - [2024-04-30 16:39:28,606] {dag.py:2280} INFO - Setting next_dagrun for example_trigger_target_dag to None
[2024-04-30 16:39:28,618] {scheduler_job.py:190} INFO - Processing /home/airflow/.local/lib/python3.6/site-packages/airflow/example_dags/example_trigger_target_dag.py took 0.067 seconds
[2024-04-30 16:39:59,211] {scheduler_job.py:182} INFO - Started process (PID=2037) to work on /home/airflow/.local/lib/python3.6/site-packages/airflow/example_dags/example_trigger_target_dag.py
[2024-04-30 16:39:59,213] {scheduler_job.py:629} INFO - Processing file /home/airflow/.local/lib/python3.6/site-packages/airflow/example_dags/example_trigger_target_dag.py for tasks to queue
[2024-04-30 16:39:59,214] {logging_mixin.py:104} INFO - [2024-04-30 16:39:59,213] {dagbag.py:451} INFO - Filling up the DagBag from /home/airflow/.local/lib/python3.6/site-packages/airflow/example_dags/example_trigger_target_dag.py
[2024-04-30 16:39:59,225] {scheduler_job.py:639} INFO - DAG(s) dict_keys(['example_trigger_target_dag']) retrieved from /home/airflow/.local/lib/python3.6/site-packages/airflow/example_dags/example_trigger_target_dag.py
[2024-04-30 16:39:59,247] {logging_mixin.py:104} INFO - [2024-04-30 16:39:59,246] {dag.py:1824} INFO - Sync 1 DAGs
[2024-04-30 16:39:59,261] {logging_mixin.py:104} INFO - [2024-04-30 16:39:59,261] {dag.py:2280} INFO - Setting next_dagrun for example_trigger_target_dag to None
[2024-04-30 16:39:59,272] {scheduler_job.py:190} INFO - Processing /home/airflow/.local/lib/python3.6/site-packages/airflow/example_dags/example_trigger_target_dag.py took 0.064 seconds
[2024-04-30 16:40:29,562] {scheduler_job.py:182} INFO - Started process (PID=2069) to work on /home/airflow/.local/lib/python3.6/site-packages/airflow/example_dags/example_trigger_target_dag.py
[2024-04-30 16:40:29,563] {scheduler_job.py:629} INFO - Processing file /home/airflow/.local/lib/python3.6/site-packages/airflow/example_dags/example_trigger_target_dag.py for tasks to queue
[2024-04-30 16:40:29,564] {logging_mixin.py:104} INFO - [2024-04-30 16:40:29,564] {dagbag.py:451} INFO - Filling up the DagBag from /home/airflow/.local/lib/python3.6/site-packages/airflow/example_dags/example_trigger_target_dag.py
[2024-04-30 16:40:29,577] {scheduler_job.py:639} INFO - DAG(s) dict_keys(['example_trigger_target_dag']) retrieved from /home/airflow/.local/lib/python3.6/site-packages/airflow/example_dags/example_trigger_target_dag.py
[2024-04-30 16:40:29,598] {logging_mixin.py:104} INFO - [2024-04-30 16:40:29,598] {dag.py:1824} INFO - Sync 1 DAGs
[2024-04-30 16:40:29,612] {logging_mixin.py:104} INFO - [2024-04-30 16:40:29,612] {dag.py:2280} INFO - Setting next_dagrun for example_trigger_target_dag to None
[2024-04-30 16:40:29,621] {scheduler_job.py:190} INFO - Processing /home/airflow/.local/lib/python3.6/site-packages/airflow/example_dags/example_trigger_target_dag.py took 0.063 seconds
[2024-04-30 16:41:00,157] {scheduler_job.py:182} INFO - Started process (PID=2101) to work on /home/airflow/.local/lib/python3.6/site-packages/airflow/example_dags/example_trigger_target_dag.py
[2024-04-30 16:41:00,158] {scheduler_job.py:629} INFO - Processing file /home/airflow/.local/lib/python3.6/site-packages/airflow/example_dags/example_trigger_target_dag.py for tasks to queue
[2024-04-30 16:41:00,159] {logging_mixin.py:104} INFO - [2024-04-30 16:41:00,159] {dagbag.py:451} INFO - Filling up the DagBag from /home/airflow/.local/lib/python3.6/site-packages/airflow/example_dags/example_trigger_target_dag.py
[2024-04-30 16:41:00,170] {scheduler_job.py:639} INFO - DAG(s) dict_keys(['example_trigger_target_dag']) retrieved from /home/airflow/.local/lib/python3.6/site-packages/airflow/example_dags/example_trigger_target_dag.py
[2024-04-30 16:41:00,191] {logging_mixin.py:104} INFO - [2024-04-30 16:41:00,191] {dag.py:1824} INFO - Sync 1 DAGs
[2024-04-30 16:41:00,206] {logging_mixin.py:104} INFO - [2024-04-30 16:41:00,206] {dag.py:2280} INFO - Setting next_dagrun for example_trigger_target_dag to None
[2024-04-30 16:41:00,217] {scheduler_job.py:190} INFO - Processing /home/airflow/.local/lib/python3.6/site-packages/airflow/example_dags/example_trigger_target_dag.py took 0.064 seconds
[2024-04-30 16:41:30,797] {scheduler_job.py:182} INFO - Started process (PID=2133) to work on /home/airflow/.local/lib/python3.6/site-packages/airflow/example_dags/example_trigger_target_dag.py
[2024-04-30 16:41:30,799] {scheduler_job.py:629} INFO - Processing file /home/airflow/.local/lib/python3.6/site-packages/airflow/example_dags/example_trigger_target_dag.py for tasks to queue
[2024-04-30 16:41:30,800] {logging_mixin.py:104} INFO - [2024-04-30 16:41:30,799] {dagbag.py:451} INFO - Filling up the DagBag from /home/airflow/.local/lib/python3.6/site-packages/airflow/example_dags/example_trigger_target_dag.py
[2024-04-30 16:41:30,815] {scheduler_job.py:639} INFO - DAG(s) dict_keys(['example_trigger_target_dag']) retrieved from /home/airflow/.local/lib/python3.6/site-packages/airflow/example_dags/example_trigger_target_dag.py
[2024-04-30 16:41:30,849] {logging_mixin.py:104} INFO - [2024-04-30 16:41:30,849] {dag.py:1824} INFO - Sync 1 DAGs
[2024-04-30 16:41:30,864] {logging_mixin.py:104} INFO - [2024-04-30 16:41:30,864] {dag.py:2280} INFO - Setting next_dagrun for example_trigger_target_dag to None
[2024-04-30 16:41:30,875] {scheduler_job.py:190} INFO - Processing /home/airflow/.local/lib/python3.6/site-packages/airflow/example_dags/example_trigger_target_dag.py took 0.081 seconds
