[2024-04-30 16:09:38,320] {scheduler_job.py:182} INFO - Started process (PID=65) to work on /home/airflow/.local/lib/python3.6/site-packages/airflow/example_dags/example_latest_only_with_trigger.py
[2024-04-30 16:09:38,343] {scheduler_job.py:629} INFO - Processing file /home/airflow/.local/lib/python3.6/site-packages/airflow/example_dags/example_latest_only_with_trigger.py for tasks to queue
[2024-04-30 16:09:38,365] {logging_mixin.py:104} INFO - [2024-04-30 16:09:38,364] {dagbag.py:451} INFO - Filling up the DagBag from /home/airflow/.local/lib/python3.6/site-packages/airflow/example_dags/example_latest_only_with_trigger.py
[2024-04-30 16:09:38,427] {scheduler_job.py:639} INFO - DAG(s) dict_keys(['latest_only_with_trigger']) retrieved from /home/airflow/.local/lib/python3.6/site-packages/airflow/example_dags/example_latest_only_with_trigger.py
[2024-04-30 16:09:38,713] {logging_mixin.py:104} INFO - [2024-04-30 16:09:38,712] {dag.py:1824} INFO - Sync 1 DAGs
[2024-04-30 16:09:38,831] {logging_mixin.py:104} INFO - [2024-04-30 16:09:38,831] {dag.py:2280} INFO - Setting next_dagrun for latest_only_with_trigger to 2024-04-28 00:00:00+00:00
[2024-04-30 16:09:38,928] {scheduler_job.py:190} INFO - Processing /home/airflow/.local/lib/python3.6/site-packages/airflow/example_dags/example_latest_only_with_trigger.py took 0.619 seconds
[2024-04-30 16:10:09,615] {scheduler_job.py:182} INFO - Started process (PID=132) to work on /home/airflow/.local/lib/python3.6/site-packages/airflow/example_dags/example_latest_only_with_trigger.py
[2024-04-30 16:10:09,618] {scheduler_job.py:629} INFO - Processing file /home/airflow/.local/lib/python3.6/site-packages/airflow/example_dags/example_latest_only_with_trigger.py for tasks to queue
[2024-04-30 16:10:09,620] {logging_mixin.py:104} INFO - [2024-04-30 16:10:09,620] {dagbag.py:451} INFO - Filling up the DagBag from /home/airflow/.local/lib/python3.6/site-packages/airflow/example_dags/example_latest_only_with_trigger.py
[2024-04-30 16:10:09,644] {scheduler_job.py:639} INFO - DAG(s) dict_keys(['latest_only_with_trigger']) retrieved from /home/airflow/.local/lib/python3.6/site-packages/airflow/example_dags/example_latest_only_with_trigger.py
[2024-04-30 16:10:09,693] {logging_mixin.py:104} INFO - [2024-04-30 16:10:09,693] {dag.py:1824} INFO - Sync 1 DAGs
[2024-04-30 16:10:09,721] {logging_mixin.py:104} INFO - [2024-04-30 16:10:09,720] {dag.py:2280} INFO - Setting next_dagrun for latest_only_with_trigger to 2024-04-28 00:00:00+00:00
[2024-04-30 16:10:09,747] {scheduler_job.py:190} INFO - Processing /home/airflow/.local/lib/python3.6/site-packages/airflow/example_dags/example_latest_only_with_trigger.py took 0.140 seconds
[2024-04-30 16:10:41,483] {scheduler_job.py:182} INFO - Started process (PID=165) to work on /home/airflow/.local/lib/python3.6/site-packages/airflow/example_dags/example_latest_only_with_trigger.py
[2024-04-30 16:10:41,503] {scheduler_job.py:629} INFO - Processing file /home/airflow/.local/lib/python3.6/site-packages/airflow/example_dags/example_latest_only_with_trigger.py for tasks to queue
[2024-04-30 16:10:41,516] {logging_mixin.py:104} INFO - [2024-04-30 16:10:41,515] {dagbag.py:451} INFO - Filling up the DagBag from /home/airflow/.local/lib/python3.6/site-packages/airflow/example_dags/example_latest_only_with_trigger.py
[2024-04-30 16:10:41,605] {scheduler_job.py:639} INFO - DAG(s) dict_keys(['latest_only_with_trigger']) retrieved from /home/airflow/.local/lib/python3.6/site-packages/airflow/example_dags/example_latest_only_with_trigger.py
[2024-04-30 16:10:41,809] {logging_mixin.py:104} INFO - [2024-04-30 16:10:41,809] {dag.py:1824} INFO - Sync 1 DAGs
[2024-04-30 16:10:41,929] {logging_mixin.py:104} INFO - [2024-04-30 16:10:41,929] {dag.py:2280} INFO - Setting next_dagrun for latest_only_with_trigger to 2024-04-28 00:00:00+00:00
[2024-04-30 16:10:41,993] {scheduler_job.py:190} INFO - Processing /home/airflow/.local/lib/python3.6/site-packages/airflow/example_dags/example_latest_only_with_trigger.py took 0.517 seconds
[2024-04-30 16:11:21,900] {scheduler_job.py:182} INFO - Started process (PID=202) to work on /home/airflow/.local/lib/python3.6/site-packages/airflow/example_dags/example_latest_only_with_trigger.py
[2024-04-30 16:11:21,912] {scheduler_job.py:629} INFO - Processing file /home/airflow/.local/lib/python3.6/site-packages/airflow/example_dags/example_latest_only_with_trigger.py for tasks to queue
[2024-04-30 16:11:21,917] {logging_mixin.py:104} INFO - [2024-04-30 16:11:21,916] {dagbag.py:451} INFO - Filling up the DagBag from /home/airflow/.local/lib/python3.6/site-packages/airflow/example_dags/example_latest_only_with_trigger.py
[2024-04-30 16:11:22,004] {scheduler_job.py:639} INFO - DAG(s) dict_keys(['latest_only_with_trigger']) retrieved from /home/airflow/.local/lib/python3.6/site-packages/airflow/example_dags/example_latest_only_with_trigger.py
[2024-04-30 16:11:22,298] {logging_mixin.py:104} INFO - [2024-04-30 16:11:22,297] {dag.py:1824} INFO - Sync 1 DAGs
[2024-04-30 16:11:22,385] {logging_mixin.py:104} INFO - [2024-04-30 16:11:22,384] {dag.py:2280} INFO - Setting next_dagrun for latest_only_with_trigger to 2024-04-28 00:00:00+00:00
[2024-04-30 16:11:22,438] {scheduler_job.py:190} INFO - Processing /home/airflow/.local/lib/python3.6/site-packages/airflow/example_dags/example_latest_only_with_trigger.py took 0.545 seconds
[2024-04-30 16:11:52,753] {scheduler_job.py:182} INFO - Started process (PID=252) to work on /home/airflow/.local/lib/python3.6/site-packages/airflow/example_dags/example_latest_only_with_trigger.py
[2024-04-30 16:11:52,756] {scheduler_job.py:629} INFO - Processing file /home/airflow/.local/lib/python3.6/site-packages/airflow/example_dags/example_latest_only_with_trigger.py for tasks to queue
[2024-04-30 16:11:52,760] {logging_mixin.py:104} INFO - [2024-04-30 16:11:52,759] {dagbag.py:451} INFO - Filling up the DagBag from /home/airflow/.local/lib/python3.6/site-packages/airflow/example_dags/example_latest_only_with_trigger.py
[2024-04-30 16:11:52,787] {scheduler_job.py:639} INFO - DAG(s) dict_keys(['latest_only_with_trigger']) retrieved from /home/airflow/.local/lib/python3.6/site-packages/airflow/example_dags/example_latest_only_with_trigger.py
[2024-04-30 16:11:52,847] {logging_mixin.py:104} INFO - [2024-04-30 16:11:52,847] {dag.py:1824} INFO - Sync 1 DAGs
[2024-04-30 16:11:52,883] {logging_mixin.py:104} INFO - [2024-04-30 16:11:52,883] {dag.py:2280} INFO - Setting next_dagrun for latest_only_with_trigger to 2024-04-28 00:00:00+00:00
[2024-04-30 16:11:52,933] {scheduler_job.py:190} INFO - Processing /home/airflow/.local/lib/python3.6/site-packages/airflow/example_dags/example_latest_only_with_trigger.py took 0.187 seconds
[2024-04-30 16:12:23,653] {scheduler_job.py:182} INFO - Started process (PID=284) to work on /home/airflow/.local/lib/python3.6/site-packages/airflow/example_dags/example_latest_only_with_trigger.py
[2024-04-30 16:12:23,663] {scheduler_job.py:629} INFO - Processing file /home/airflow/.local/lib/python3.6/site-packages/airflow/example_dags/example_latest_only_with_trigger.py for tasks to queue
[2024-04-30 16:12:23,664] {logging_mixin.py:104} INFO - [2024-04-30 16:12:23,664] {dagbag.py:451} INFO - Filling up the DagBag from /home/airflow/.local/lib/python3.6/site-packages/airflow/example_dags/example_latest_only_with_trigger.py
[2024-04-30 16:12:23,690] {scheduler_job.py:639} INFO - DAG(s) dict_keys(['latest_only_with_trigger']) retrieved from /home/airflow/.local/lib/python3.6/site-packages/airflow/example_dags/example_latest_only_with_trigger.py
[2024-04-30 16:12:23,739] {logging_mixin.py:104} INFO - [2024-04-30 16:12:23,739] {dag.py:1824} INFO - Sync 1 DAGs
[2024-04-30 16:12:23,778] {logging_mixin.py:104} INFO - [2024-04-30 16:12:23,777] {dag.py:2280} INFO - Setting next_dagrun for latest_only_with_trigger to 2024-04-28 00:00:00+00:00
[2024-04-30 16:12:23,804] {scheduler_job.py:190} INFO - Processing /home/airflow/.local/lib/python3.6/site-packages/airflow/example_dags/example_latest_only_with_trigger.py took 0.157 seconds
[2024-04-30 16:12:54,424] {scheduler_job.py:182} INFO - Started process (PID=316) to work on /home/airflow/.local/lib/python3.6/site-packages/airflow/example_dags/example_latest_only_with_trigger.py
[2024-04-30 16:12:54,429] {scheduler_job.py:629} INFO - Processing file /home/airflow/.local/lib/python3.6/site-packages/airflow/example_dags/example_latest_only_with_trigger.py for tasks to queue
[2024-04-30 16:12:54,431] {logging_mixin.py:104} INFO - [2024-04-30 16:12:54,430] {dagbag.py:451} INFO - Filling up the DagBag from /home/airflow/.local/lib/python3.6/site-packages/airflow/example_dags/example_latest_only_with_trigger.py
[2024-04-30 16:12:54,473] {scheduler_job.py:639} INFO - DAG(s) dict_keys(['latest_only_with_trigger']) retrieved from /home/airflow/.local/lib/python3.6/site-packages/airflow/example_dags/example_latest_only_with_trigger.py
[2024-04-30 16:12:54,541] {logging_mixin.py:104} INFO - [2024-04-30 16:12:54,540] {dag.py:1824} INFO - Sync 1 DAGs
[2024-04-30 16:12:54,601] {logging_mixin.py:104} INFO - [2024-04-30 16:12:54,600] {dag.py:2280} INFO - Setting next_dagrun for latest_only_with_trigger to 2024-04-28 00:00:00+00:00
[2024-04-30 16:12:54,626] {scheduler_job.py:190} INFO - Processing /home/airflow/.local/lib/python3.6/site-packages/airflow/example_dags/example_latest_only_with_trigger.py took 0.214 seconds
[2024-04-30 16:13:24,844] {scheduler_job.py:182} INFO - Started process (PID=348) to work on /home/airflow/.local/lib/python3.6/site-packages/airflow/example_dags/example_latest_only_with_trigger.py
[2024-04-30 16:13:24,849] {scheduler_job.py:629} INFO - Processing file /home/airflow/.local/lib/python3.6/site-packages/airflow/example_dags/example_latest_only_with_trigger.py for tasks to queue
[2024-04-30 16:13:24,851] {logging_mixin.py:104} INFO - [2024-04-30 16:13:24,851] {dagbag.py:451} INFO - Filling up the DagBag from /home/airflow/.local/lib/python3.6/site-packages/airflow/example_dags/example_latest_only_with_trigger.py
[2024-04-30 16:13:24,878] {scheduler_job.py:639} INFO - DAG(s) dict_keys(['latest_only_with_trigger']) retrieved from /home/airflow/.local/lib/python3.6/site-packages/airflow/example_dags/example_latest_only_with_trigger.py
[2024-04-30 16:13:25,010] {logging_mixin.py:104} INFO - [2024-04-30 16:13:25,009] {dag.py:1824} INFO - Sync 1 DAGs
[2024-04-30 16:13:25,123] {logging_mixin.py:104} INFO - [2024-04-30 16:13:25,123] {dag.py:2280} INFO - Setting next_dagrun for latest_only_with_trigger to 2024-04-28 00:00:00+00:00
[2024-04-30 16:13:25,193] {scheduler_job.py:190} INFO - Processing /home/airflow/.local/lib/python3.6/site-packages/airflow/example_dags/example_latest_only_with_trigger.py took 0.359 seconds
[2024-04-30 16:13:55,538] {scheduler_job.py:182} INFO - Started process (PID=395) to work on /home/airflow/.local/lib/python3.6/site-packages/airflow/example_dags/example_latest_only_with_trigger.py
[2024-04-30 16:13:55,539] {scheduler_job.py:629} INFO - Processing file /home/airflow/.local/lib/python3.6/site-packages/airflow/example_dags/example_latest_only_with_trigger.py for tasks to queue
[2024-04-30 16:13:55,541] {logging_mixin.py:104} INFO - [2024-04-30 16:13:55,540] {dagbag.py:451} INFO - Filling up the DagBag from /home/airflow/.local/lib/python3.6/site-packages/airflow/example_dags/example_latest_only_with_trigger.py
[2024-04-30 16:13:55,554] {scheduler_job.py:639} INFO - DAG(s) dict_keys(['latest_only_with_trigger']) retrieved from /home/airflow/.local/lib/python3.6/site-packages/airflow/example_dags/example_latest_only_with_trigger.py
[2024-04-30 16:13:55,579] {logging_mixin.py:104} INFO - [2024-04-30 16:13:55,579] {dag.py:1824} INFO - Sync 1 DAGs
[2024-04-30 16:13:55,598] {logging_mixin.py:104} INFO - [2024-04-30 16:13:55,598] {dag.py:2280} INFO - Setting next_dagrun for latest_only_with_trigger to 2024-04-28 00:00:00+00:00
[2024-04-30 16:13:55,609] {scheduler_job.py:190} INFO - Processing /home/airflow/.local/lib/python3.6/site-packages/airflow/example_dags/example_latest_only_with_trigger.py took 0.074 seconds
[2024-04-30 16:14:25,846] {scheduler_job.py:182} INFO - Started process (PID=424) to work on /home/airflow/.local/lib/python3.6/site-packages/airflow/example_dags/example_latest_only_with_trigger.py
[2024-04-30 16:14:25,848] {scheduler_job.py:629} INFO - Processing file /home/airflow/.local/lib/python3.6/site-packages/airflow/example_dags/example_latest_only_with_trigger.py for tasks to queue
[2024-04-30 16:14:25,849] {logging_mixin.py:104} INFO - [2024-04-30 16:14:25,849] {dagbag.py:451} INFO - Filling up the DagBag from /home/airflow/.local/lib/python3.6/site-packages/airflow/example_dags/example_latest_only_with_trigger.py
[2024-04-30 16:14:25,861] {scheduler_job.py:639} INFO - DAG(s) dict_keys(['latest_only_with_trigger']) retrieved from /home/airflow/.local/lib/python3.6/site-packages/airflow/example_dags/example_latest_only_with_trigger.py
[2024-04-30 16:14:25,886] {logging_mixin.py:104} INFO - [2024-04-30 16:14:25,886] {dag.py:1824} INFO - Sync 1 DAGs
[2024-04-30 16:14:25,914] {logging_mixin.py:104} INFO - [2024-04-30 16:14:25,914] {dag.py:2280} INFO - Setting next_dagrun for latest_only_with_trigger to 2024-04-28 00:00:00+00:00
[2024-04-30 16:14:25,927] {scheduler_job.py:190} INFO - Processing /home/airflow/.local/lib/python3.6/site-packages/airflow/example_dags/example_latest_only_with_trigger.py took 0.084 seconds
[2024-04-30 16:14:56,915] {scheduler_job.py:182} INFO - Started process (PID=456) to work on /home/airflow/.local/lib/python3.6/site-packages/airflow/example_dags/example_latest_only_with_trigger.py
[2024-04-30 16:14:56,917] {scheduler_job.py:629} INFO - Processing file /home/airflow/.local/lib/python3.6/site-packages/airflow/example_dags/example_latest_only_with_trigger.py for tasks to queue
[2024-04-30 16:14:56,917] {logging_mixin.py:104} INFO - [2024-04-30 16:14:56,917] {dagbag.py:451} INFO - Filling up the DagBag from /home/airflow/.local/lib/python3.6/site-packages/airflow/example_dags/example_latest_only_with_trigger.py
[2024-04-30 16:14:56,930] {scheduler_job.py:639} INFO - DAG(s) dict_keys(['latest_only_with_trigger']) retrieved from /home/airflow/.local/lib/python3.6/site-packages/airflow/example_dags/example_latest_only_with_trigger.py
[2024-04-30 16:14:56,960] {logging_mixin.py:104} INFO - [2024-04-30 16:14:56,960] {dag.py:1824} INFO - Sync 1 DAGs
[2024-04-30 16:14:57,007] {logging_mixin.py:104} INFO - [2024-04-30 16:14:57,007] {dag.py:2280} INFO - Setting next_dagrun for latest_only_with_trigger to 2024-04-28 00:00:00+00:00
[2024-04-30 16:14:57,034] {scheduler_job.py:190} INFO - Processing /home/airflow/.local/lib/python3.6/site-packages/airflow/example_dags/example_latest_only_with_trigger.py took 0.121 seconds
[2024-04-30 16:15:27,072] {scheduler_job.py:182} INFO - Started process (PID=488) to work on /home/airflow/.local/lib/python3.6/site-packages/airflow/example_dags/example_latest_only_with_trigger.py
[2024-04-30 16:15:27,075] {scheduler_job.py:629} INFO - Processing file /home/airflow/.local/lib/python3.6/site-packages/airflow/example_dags/example_latest_only_with_trigger.py for tasks to queue
[2024-04-30 16:15:27,077] {logging_mixin.py:104} INFO - [2024-04-30 16:15:27,077] {dagbag.py:451} INFO - Filling up the DagBag from /home/airflow/.local/lib/python3.6/site-packages/airflow/example_dags/example_latest_only_with_trigger.py
[2024-04-30 16:15:27,098] {scheduler_job.py:639} INFO - DAG(s) dict_keys(['latest_only_with_trigger']) retrieved from /home/airflow/.local/lib/python3.6/site-packages/airflow/example_dags/example_latest_only_with_trigger.py
[2024-04-30 16:15:27,146] {logging_mixin.py:104} INFO - [2024-04-30 16:15:27,146] {dag.py:1824} INFO - Sync 1 DAGs
[2024-04-30 16:15:27,199] {logging_mixin.py:104} INFO - [2024-04-30 16:15:27,199] {dag.py:2280} INFO - Setting next_dagrun for latest_only_with_trigger to 2024-04-28 00:00:00+00:00
[2024-04-30 16:15:27,220] {scheduler_job.py:190} INFO - Processing /home/airflow/.local/lib/python3.6/site-packages/airflow/example_dags/example_latest_only_with_trigger.py took 0.152 seconds
[2024-04-30 16:15:57,639] {scheduler_job.py:182} INFO - Started process (PID=520) to work on /home/airflow/.local/lib/python3.6/site-packages/airflow/example_dags/example_latest_only_with_trigger.py
[2024-04-30 16:15:57,642] {scheduler_job.py:629} INFO - Processing file /home/airflow/.local/lib/python3.6/site-packages/airflow/example_dags/example_latest_only_with_trigger.py for tasks to queue
[2024-04-30 16:15:57,646] {logging_mixin.py:104} INFO - [2024-04-30 16:15:57,645] {dagbag.py:451} INFO - Filling up the DagBag from /home/airflow/.local/lib/python3.6/site-packages/airflow/example_dags/example_latest_only_with_trigger.py
[2024-04-30 16:15:57,679] {scheduler_job.py:639} INFO - DAG(s) dict_keys(['latest_only_with_trigger']) retrieved from /home/airflow/.local/lib/python3.6/site-packages/airflow/example_dags/example_latest_only_with_trigger.py
[2024-04-30 16:15:57,711] {logging_mixin.py:104} INFO - [2024-04-30 16:15:57,711] {dag.py:1824} INFO - Sync 1 DAGs
[2024-04-30 16:15:57,757] {logging_mixin.py:104} INFO - [2024-04-30 16:15:57,757] {dag.py:2280} INFO - Setting next_dagrun for latest_only_with_trigger to 2024-04-28 00:00:00+00:00
[2024-04-30 16:15:57,768] {scheduler_job.py:190} INFO - Processing /home/airflow/.local/lib/python3.6/site-packages/airflow/example_dags/example_latest_only_with_trigger.py took 0.134 seconds
[2024-04-30 16:16:28,024] {scheduler_job.py:182} INFO - Started process (PID=552) to work on /home/airflow/.local/lib/python3.6/site-packages/airflow/example_dags/example_latest_only_with_trigger.py
[2024-04-30 16:16:28,029] {scheduler_job.py:629} INFO - Processing file /home/airflow/.local/lib/python3.6/site-packages/airflow/example_dags/example_latest_only_with_trigger.py for tasks to queue
[2024-04-30 16:16:28,037] {logging_mixin.py:104} INFO - [2024-04-30 16:16:28,034] {dagbag.py:451} INFO - Filling up the DagBag from /home/airflow/.local/lib/python3.6/site-packages/airflow/example_dags/example_latest_only_with_trigger.py
[2024-04-30 16:16:28,070] {scheduler_job.py:639} INFO - DAG(s) dict_keys(['latest_only_with_trigger']) retrieved from /home/airflow/.local/lib/python3.6/site-packages/airflow/example_dags/example_latest_only_with_trigger.py
[2024-04-30 16:16:28,148] {logging_mixin.py:104} INFO - [2024-04-30 16:16:28,148] {dag.py:1824} INFO - Sync 1 DAGs
[2024-04-30 16:16:28,183] {logging_mixin.py:104} INFO - [2024-04-30 16:16:28,183] {dag.py:2280} INFO - Setting next_dagrun for latest_only_with_trigger to 2024-04-28 00:00:00+00:00
[2024-04-30 16:16:28,201] {scheduler_job.py:190} INFO - Processing /home/airflow/.local/lib/python3.6/site-packages/airflow/example_dags/example_latest_only_with_trigger.py took 0.194 seconds
[2024-04-30 16:16:58,561] {scheduler_job.py:182} INFO - Started process (PID=584) to work on /home/airflow/.local/lib/python3.6/site-packages/airflow/example_dags/example_latest_only_with_trigger.py
[2024-04-30 16:16:58,563] {scheduler_job.py:629} INFO - Processing file /home/airflow/.local/lib/python3.6/site-packages/airflow/example_dags/example_latest_only_with_trigger.py for tasks to queue
[2024-04-30 16:16:58,564] {logging_mixin.py:104} INFO - [2024-04-30 16:16:58,564] {dagbag.py:451} INFO - Filling up the DagBag from /home/airflow/.local/lib/python3.6/site-packages/airflow/example_dags/example_latest_only_with_trigger.py
[2024-04-30 16:16:58,580] {scheduler_job.py:639} INFO - DAG(s) dict_keys(['latest_only_with_trigger']) retrieved from /home/airflow/.local/lib/python3.6/site-packages/airflow/example_dags/example_latest_only_with_trigger.py
[2024-04-30 16:16:58,645] {logging_mixin.py:104} INFO - [2024-04-30 16:16:58,645] {dag.py:1824} INFO - Sync 1 DAGs
[2024-04-30 16:16:58,671] {logging_mixin.py:104} INFO - [2024-04-30 16:16:58,670] {dag.py:2280} INFO - Setting next_dagrun for latest_only_with_trigger to 2024-04-28 00:00:00+00:00
[2024-04-30 16:16:58,694] {scheduler_job.py:190} INFO - Processing /home/airflow/.local/lib/python3.6/site-packages/airflow/example_dags/example_latest_only_with_trigger.py took 0.138 seconds
[2024-04-30 16:17:29,430] {scheduler_job.py:182} INFO - Started process (PID=616) to work on /home/airflow/.local/lib/python3.6/site-packages/airflow/example_dags/example_latest_only_with_trigger.py
[2024-04-30 16:17:29,432] {scheduler_job.py:629} INFO - Processing file /home/airflow/.local/lib/python3.6/site-packages/airflow/example_dags/example_latest_only_with_trigger.py for tasks to queue
[2024-04-30 16:17:29,433] {logging_mixin.py:104} INFO - [2024-04-30 16:17:29,433] {dagbag.py:451} INFO - Filling up the DagBag from /home/airflow/.local/lib/python3.6/site-packages/airflow/example_dags/example_latest_only_with_trigger.py
[2024-04-30 16:17:29,445] {scheduler_job.py:639} INFO - DAG(s) dict_keys(['latest_only_with_trigger']) retrieved from /home/airflow/.local/lib/python3.6/site-packages/airflow/example_dags/example_latest_only_with_trigger.py
[2024-04-30 16:17:29,467] {logging_mixin.py:104} INFO - [2024-04-30 16:17:29,467] {dag.py:1824} INFO - Sync 1 DAGs
[2024-04-30 16:17:29,482] {logging_mixin.py:104} INFO - [2024-04-30 16:17:29,482] {dag.py:2280} INFO - Setting next_dagrun for latest_only_with_trigger to 2024-04-28 00:00:00+00:00
[2024-04-30 16:17:29,496] {scheduler_job.py:190} INFO - Processing /home/airflow/.local/lib/python3.6/site-packages/airflow/example_dags/example_latest_only_with_trigger.py took 0.069 seconds
[2024-04-30 16:18:00,424] {scheduler_job.py:182} INFO - Started process (PID=648) to work on /home/airflow/.local/lib/python3.6/site-packages/airflow/example_dags/example_latest_only_with_trigger.py
[2024-04-30 16:18:00,426] {scheduler_job.py:629} INFO - Processing file /home/airflow/.local/lib/python3.6/site-packages/airflow/example_dags/example_latest_only_with_trigger.py for tasks to queue
[2024-04-30 16:18:00,426] {logging_mixin.py:104} INFO - [2024-04-30 16:18:00,426] {dagbag.py:451} INFO - Filling up the DagBag from /home/airflow/.local/lib/python3.6/site-packages/airflow/example_dags/example_latest_only_with_trigger.py
[2024-04-30 16:18:00,437] {scheduler_job.py:639} INFO - DAG(s) dict_keys(['latest_only_with_trigger']) retrieved from /home/airflow/.local/lib/python3.6/site-packages/airflow/example_dags/example_latest_only_with_trigger.py
[2024-04-30 16:18:00,462] {logging_mixin.py:104} INFO - [2024-04-30 16:18:00,462] {dag.py:1824} INFO - Sync 1 DAGs
[2024-04-30 16:18:00,488] {logging_mixin.py:104} INFO - [2024-04-30 16:18:00,488] {dag.py:2280} INFO - Setting next_dagrun for latest_only_with_trigger to 2024-04-28 00:00:00+00:00
[2024-04-30 16:18:00,501] {scheduler_job.py:190} INFO - Processing /home/airflow/.local/lib/python3.6/site-packages/airflow/example_dags/example_latest_only_with_trigger.py took 0.079 seconds
[2024-04-30 16:18:30,803] {scheduler_job.py:182} INFO - Started process (PID=680) to work on /home/airflow/.local/lib/python3.6/site-packages/airflow/example_dags/example_latest_only_with_trigger.py
[2024-04-30 16:18:30,804] {scheduler_job.py:629} INFO - Processing file /home/airflow/.local/lib/python3.6/site-packages/airflow/example_dags/example_latest_only_with_trigger.py for tasks to queue
[2024-04-30 16:18:30,805] {logging_mixin.py:104} INFO - [2024-04-30 16:18:30,805] {dagbag.py:451} INFO - Filling up the DagBag from /home/airflow/.local/lib/python3.6/site-packages/airflow/example_dags/example_latest_only_with_trigger.py
[2024-04-30 16:18:30,815] {scheduler_job.py:639} INFO - DAG(s) dict_keys(['latest_only_with_trigger']) retrieved from /home/airflow/.local/lib/python3.6/site-packages/airflow/example_dags/example_latest_only_with_trigger.py
[2024-04-30 16:18:30,835] {logging_mixin.py:104} INFO - [2024-04-30 16:18:30,834] {dag.py:1824} INFO - Sync 1 DAGs
[2024-04-30 16:18:30,848] {logging_mixin.py:104} INFO - [2024-04-30 16:18:30,848] {dag.py:2280} INFO - Setting next_dagrun for latest_only_with_trigger to 2024-04-28 00:00:00+00:00
[2024-04-30 16:18:30,858] {scheduler_job.py:190} INFO - Processing /home/airflow/.local/lib/python3.6/site-packages/airflow/example_dags/example_latest_only_with_trigger.py took 0.058 seconds
[2024-04-30 16:19:01,313] {scheduler_job.py:182} INFO - Started process (PID=712) to work on /home/airflow/.local/lib/python3.6/site-packages/airflow/example_dags/example_latest_only_with_trigger.py
[2024-04-30 16:19:01,314] {scheduler_job.py:629} INFO - Processing file /home/airflow/.local/lib/python3.6/site-packages/airflow/example_dags/example_latest_only_with_trigger.py for tasks to queue
[2024-04-30 16:19:01,315] {logging_mixin.py:104} INFO - [2024-04-30 16:19:01,315] {dagbag.py:451} INFO - Filling up the DagBag from /home/airflow/.local/lib/python3.6/site-packages/airflow/example_dags/example_latest_only_with_trigger.py
[2024-04-30 16:19:01,325] {scheduler_job.py:639} INFO - DAG(s) dict_keys(['latest_only_with_trigger']) retrieved from /home/airflow/.local/lib/python3.6/site-packages/airflow/example_dags/example_latest_only_with_trigger.py
[2024-04-30 16:19:01,346] {logging_mixin.py:104} INFO - [2024-04-30 16:19:01,346] {dag.py:1824} INFO - Sync 1 DAGs
[2024-04-30 16:19:01,361] {logging_mixin.py:104} INFO - [2024-04-30 16:19:01,361] {dag.py:2280} INFO - Setting next_dagrun for latest_only_with_trigger to 2024-04-28 00:00:00+00:00
[2024-04-30 16:19:01,373] {scheduler_job.py:190} INFO - Processing /home/airflow/.local/lib/python3.6/site-packages/airflow/example_dags/example_latest_only_with_trigger.py took 0.063 seconds
[2024-04-30 16:19:31,842] {scheduler_job.py:182} INFO - Started process (PID=744) to work on /home/airflow/.local/lib/python3.6/site-packages/airflow/example_dags/example_latest_only_with_trigger.py
[2024-04-30 16:19:31,843] {scheduler_job.py:629} INFO - Processing file /home/airflow/.local/lib/python3.6/site-packages/airflow/example_dags/example_latest_only_with_trigger.py for tasks to queue
[2024-04-30 16:19:31,844] {logging_mixin.py:104} INFO - [2024-04-30 16:19:31,844] {dagbag.py:451} INFO - Filling up the DagBag from /home/airflow/.local/lib/python3.6/site-packages/airflow/example_dags/example_latest_only_with_trigger.py
[2024-04-30 16:19:31,854] {scheduler_job.py:639} INFO - DAG(s) dict_keys(['latest_only_with_trigger']) retrieved from /home/airflow/.local/lib/python3.6/site-packages/airflow/example_dags/example_latest_only_with_trigger.py
[2024-04-30 16:19:31,882] {logging_mixin.py:104} INFO - [2024-04-30 16:19:31,881] {dag.py:1824} INFO - Sync 1 DAGs
[2024-04-30 16:19:31,899] {logging_mixin.py:104} INFO - [2024-04-30 16:19:31,899] {dag.py:2280} INFO - Setting next_dagrun for latest_only_with_trigger to 2024-04-28 00:00:00+00:00
[2024-04-30 16:19:31,912] {scheduler_job.py:190} INFO - Processing /home/airflow/.local/lib/python3.6/site-packages/airflow/example_dags/example_latest_only_with_trigger.py took 0.073 seconds
[2024-04-30 16:20:02,166] {scheduler_job.py:182} INFO - Started process (PID=776) to work on /home/airflow/.local/lib/python3.6/site-packages/airflow/example_dags/example_latest_only_with_trigger.py
[2024-04-30 16:20:02,167] {scheduler_job.py:629} INFO - Processing file /home/airflow/.local/lib/python3.6/site-packages/airflow/example_dags/example_latest_only_with_trigger.py for tasks to queue
[2024-04-30 16:20:02,168] {logging_mixin.py:104} INFO - [2024-04-30 16:20:02,168] {dagbag.py:451} INFO - Filling up the DagBag from /home/airflow/.local/lib/python3.6/site-packages/airflow/example_dags/example_latest_only_with_trigger.py
[2024-04-30 16:20:02,178] {scheduler_job.py:639} INFO - DAG(s) dict_keys(['latest_only_with_trigger']) retrieved from /home/airflow/.local/lib/python3.6/site-packages/airflow/example_dags/example_latest_only_with_trigger.py
[2024-04-30 16:20:02,198] {logging_mixin.py:104} INFO - [2024-04-30 16:20:02,198] {dag.py:1824} INFO - Sync 1 DAGs
[2024-04-30 16:20:02,212] {logging_mixin.py:104} INFO - [2024-04-30 16:20:02,212] {dag.py:2280} INFO - Setting next_dagrun for latest_only_with_trigger to 2024-04-28 00:00:00+00:00
[2024-04-30 16:20:02,222] {scheduler_job.py:190} INFO - Processing /home/airflow/.local/lib/python3.6/site-packages/airflow/example_dags/example_latest_only_with_trigger.py took 0.059 seconds
[2024-04-30 16:20:32,685] {scheduler_job.py:182} INFO - Started process (PID=808) to work on /home/airflow/.local/lib/python3.6/site-packages/airflow/example_dags/example_latest_only_with_trigger.py
[2024-04-30 16:20:32,686] {scheduler_job.py:629} INFO - Processing file /home/airflow/.local/lib/python3.6/site-packages/airflow/example_dags/example_latest_only_with_trigger.py for tasks to queue
[2024-04-30 16:20:32,687] {logging_mixin.py:104} INFO - [2024-04-30 16:20:32,687] {dagbag.py:451} INFO - Filling up the DagBag from /home/airflow/.local/lib/python3.6/site-packages/airflow/example_dags/example_latest_only_with_trigger.py
[2024-04-30 16:20:32,696] {scheduler_job.py:639} INFO - DAG(s) dict_keys(['latest_only_with_trigger']) retrieved from /home/airflow/.local/lib/python3.6/site-packages/airflow/example_dags/example_latest_only_with_trigger.py
[2024-04-30 16:20:32,715] {logging_mixin.py:104} INFO - [2024-04-30 16:20:32,715] {dag.py:1824} INFO - Sync 1 DAGs
[2024-04-30 16:20:32,730] {logging_mixin.py:104} INFO - [2024-04-30 16:20:32,730] {dag.py:2280} INFO - Setting next_dagrun for latest_only_with_trigger to 2024-04-28 00:00:00+00:00
[2024-04-30 16:20:32,741] {scheduler_job.py:190} INFO - Processing /home/airflow/.local/lib/python3.6/site-packages/airflow/example_dags/example_latest_only_with_trigger.py took 0.058 seconds
[2024-04-30 16:21:03,182] {scheduler_job.py:182} INFO - Started process (PID=840) to work on /home/airflow/.local/lib/python3.6/site-packages/airflow/example_dags/example_latest_only_with_trigger.py
[2024-04-30 16:21:03,184] {scheduler_job.py:629} INFO - Processing file /home/airflow/.local/lib/python3.6/site-packages/airflow/example_dags/example_latest_only_with_trigger.py for tasks to queue
[2024-04-30 16:21:03,185] {logging_mixin.py:104} INFO - [2024-04-30 16:21:03,185] {dagbag.py:451} INFO - Filling up the DagBag from /home/airflow/.local/lib/python3.6/site-packages/airflow/example_dags/example_latest_only_with_trigger.py
[2024-04-30 16:21:03,197] {scheduler_job.py:639} INFO - DAG(s) dict_keys(['latest_only_with_trigger']) retrieved from /home/airflow/.local/lib/python3.6/site-packages/airflow/example_dags/example_latest_only_with_trigger.py
[2024-04-30 16:21:03,221] {logging_mixin.py:104} INFO - [2024-04-30 16:21:03,221] {dag.py:1824} INFO - Sync 1 DAGs
[2024-04-30 16:21:03,238] {logging_mixin.py:104} INFO - [2024-04-30 16:21:03,238] {dag.py:2280} INFO - Setting next_dagrun for latest_only_with_trigger to 2024-04-28 00:00:00+00:00
[2024-04-30 16:21:03,248] {scheduler_job.py:190} INFO - Processing /home/airflow/.local/lib/python3.6/site-packages/airflow/example_dags/example_latest_only_with_trigger.py took 0.069 seconds
[2024-04-30 16:21:33,687] {scheduler_job.py:182} INFO - Started process (PID=872) to work on /home/airflow/.local/lib/python3.6/site-packages/airflow/example_dags/example_latest_only_with_trigger.py
[2024-04-30 16:21:33,689] {scheduler_job.py:629} INFO - Processing file /home/airflow/.local/lib/python3.6/site-packages/airflow/example_dags/example_latest_only_with_trigger.py for tasks to queue
[2024-04-30 16:21:33,689] {logging_mixin.py:104} INFO - [2024-04-30 16:21:33,689] {dagbag.py:451} INFO - Filling up the DagBag from /home/airflow/.local/lib/python3.6/site-packages/airflow/example_dags/example_latest_only_with_trigger.py
[2024-04-30 16:21:33,700] {scheduler_job.py:639} INFO - DAG(s) dict_keys(['latest_only_with_trigger']) retrieved from /home/airflow/.local/lib/python3.6/site-packages/airflow/example_dags/example_latest_only_with_trigger.py
[2024-04-30 16:21:33,720] {logging_mixin.py:104} INFO - [2024-04-30 16:21:33,720] {dag.py:1824} INFO - Sync 1 DAGs
[2024-04-30 16:21:33,735] {logging_mixin.py:104} INFO - [2024-04-30 16:21:33,735] {dag.py:2280} INFO - Setting next_dagrun for latest_only_with_trigger to 2024-04-28 00:00:00+00:00
[2024-04-30 16:21:33,744] {scheduler_job.py:190} INFO - Processing /home/airflow/.local/lib/python3.6/site-packages/airflow/example_dags/example_latest_only_with_trigger.py took 0.059 seconds
[2024-04-30 16:22:04,252] {scheduler_job.py:182} INFO - Started process (PID=904) to work on /home/airflow/.local/lib/python3.6/site-packages/airflow/example_dags/example_latest_only_with_trigger.py
[2024-04-30 16:22:04,253] {scheduler_job.py:629} INFO - Processing file /home/airflow/.local/lib/python3.6/site-packages/airflow/example_dags/example_latest_only_with_trigger.py for tasks to queue
[2024-04-30 16:22:04,254] {logging_mixin.py:104} INFO - [2024-04-30 16:22:04,254] {dagbag.py:451} INFO - Filling up the DagBag from /home/airflow/.local/lib/python3.6/site-packages/airflow/example_dags/example_latest_only_with_trigger.py
[2024-04-30 16:22:04,264] {scheduler_job.py:639} INFO - DAG(s) dict_keys(['latest_only_with_trigger']) retrieved from /home/airflow/.local/lib/python3.6/site-packages/airflow/example_dags/example_latest_only_with_trigger.py
[2024-04-30 16:22:04,287] {logging_mixin.py:104} INFO - [2024-04-30 16:22:04,286] {dag.py:1824} INFO - Sync 1 DAGs
[2024-04-30 16:22:04,303] {logging_mixin.py:104} INFO - [2024-04-30 16:22:04,303] {dag.py:2280} INFO - Setting next_dagrun for latest_only_with_trigger to 2024-04-28 00:00:00+00:00
[2024-04-30 16:22:04,314] {scheduler_job.py:190} INFO - Processing /home/airflow/.local/lib/python3.6/site-packages/airflow/example_dags/example_latest_only_with_trigger.py took 0.065 seconds
[2024-04-30 16:22:34,849] {scheduler_job.py:182} INFO - Started process (PID=936) to work on /home/airflow/.local/lib/python3.6/site-packages/airflow/example_dags/example_latest_only_with_trigger.py
[2024-04-30 16:22:34,850] {scheduler_job.py:629} INFO - Processing file /home/airflow/.local/lib/python3.6/site-packages/airflow/example_dags/example_latest_only_with_trigger.py for tasks to queue
[2024-04-30 16:22:34,851] {logging_mixin.py:104} INFO - [2024-04-30 16:22:34,851] {dagbag.py:451} INFO - Filling up the DagBag from /home/airflow/.local/lib/python3.6/site-packages/airflow/example_dags/example_latest_only_with_trigger.py
[2024-04-30 16:22:34,862] {scheduler_job.py:639} INFO - DAG(s) dict_keys(['latest_only_with_trigger']) retrieved from /home/airflow/.local/lib/python3.6/site-packages/airflow/example_dags/example_latest_only_with_trigger.py
[2024-04-30 16:22:34,888] {logging_mixin.py:104} INFO - [2024-04-30 16:22:34,888] {dag.py:1824} INFO - Sync 1 DAGs
[2024-04-30 16:22:34,904] {logging_mixin.py:104} INFO - [2024-04-30 16:22:34,904] {dag.py:2280} INFO - Setting next_dagrun for latest_only_with_trigger to 2024-04-28 00:00:00+00:00
[2024-04-30 16:22:34,918] {scheduler_job.py:190} INFO - Processing /home/airflow/.local/lib/python3.6/site-packages/airflow/example_dags/example_latest_only_with_trigger.py took 0.073 seconds
[2024-04-30 16:23:05,527] {scheduler_job.py:182} INFO - Started process (PID=968) to work on /home/airflow/.local/lib/python3.6/site-packages/airflow/example_dags/example_latest_only_with_trigger.py
[2024-04-30 16:23:05,528] {scheduler_job.py:629} INFO - Processing file /home/airflow/.local/lib/python3.6/site-packages/airflow/example_dags/example_latest_only_with_trigger.py for tasks to queue
[2024-04-30 16:23:05,529] {logging_mixin.py:104} INFO - [2024-04-30 16:23:05,529] {dagbag.py:451} INFO - Filling up the DagBag from /home/airflow/.local/lib/python3.6/site-packages/airflow/example_dags/example_latest_only_with_trigger.py
[2024-04-30 16:23:05,544] {scheduler_job.py:639} INFO - DAG(s) dict_keys(['latest_only_with_trigger']) retrieved from /home/airflow/.local/lib/python3.6/site-packages/airflow/example_dags/example_latest_only_with_trigger.py
[2024-04-30 16:23:05,570] {logging_mixin.py:104} INFO - [2024-04-30 16:23:05,570] {dag.py:1824} INFO - Sync 1 DAGs
[2024-04-30 16:23:05,587] {logging_mixin.py:104} INFO - [2024-04-30 16:23:05,587] {dag.py:2280} INFO - Setting next_dagrun for latest_only_with_trigger to 2024-04-28 00:00:00+00:00
[2024-04-30 16:23:05,600] {scheduler_job.py:190} INFO - Processing /home/airflow/.local/lib/python3.6/site-packages/airflow/example_dags/example_latest_only_with_trigger.py took 0.078 seconds
[2024-04-30 16:23:36,053] {scheduler_job.py:182} INFO - Started process (PID=1000) to work on /home/airflow/.local/lib/python3.6/site-packages/airflow/example_dags/example_latest_only_with_trigger.py
[2024-04-30 16:23:36,054] {scheduler_job.py:629} INFO - Processing file /home/airflow/.local/lib/python3.6/site-packages/airflow/example_dags/example_latest_only_with_trigger.py for tasks to queue
[2024-04-30 16:23:36,055] {logging_mixin.py:104} INFO - [2024-04-30 16:23:36,055] {dagbag.py:451} INFO - Filling up the DagBag from /home/airflow/.local/lib/python3.6/site-packages/airflow/example_dags/example_latest_only_with_trigger.py
[2024-04-30 16:23:36,068] {scheduler_job.py:639} INFO - DAG(s) dict_keys(['latest_only_with_trigger']) retrieved from /home/airflow/.local/lib/python3.6/site-packages/airflow/example_dags/example_latest_only_with_trigger.py
[2024-04-30 16:23:36,095] {logging_mixin.py:104} INFO - [2024-04-30 16:23:36,095] {dag.py:1824} INFO - Sync 1 DAGs
[2024-04-30 16:23:36,110] {logging_mixin.py:104} INFO - [2024-04-30 16:23:36,110] {dag.py:2280} INFO - Setting next_dagrun for latest_only_with_trigger to 2024-04-28 00:00:00+00:00
[2024-04-30 16:23:36,121] {scheduler_job.py:190} INFO - Processing /home/airflow/.local/lib/python3.6/site-packages/airflow/example_dags/example_latest_only_with_trigger.py took 0.071 seconds
[2024-04-30 16:24:06,592] {scheduler_job.py:182} INFO - Started process (PID=1032) to work on /home/airflow/.local/lib/python3.6/site-packages/airflow/example_dags/example_latest_only_with_trigger.py
[2024-04-30 16:24:06,593] {scheduler_job.py:629} INFO - Processing file /home/airflow/.local/lib/python3.6/site-packages/airflow/example_dags/example_latest_only_with_trigger.py for tasks to queue
[2024-04-30 16:24:06,594] {logging_mixin.py:104} INFO - [2024-04-30 16:24:06,594] {dagbag.py:451} INFO - Filling up the DagBag from /home/airflow/.local/lib/python3.6/site-packages/airflow/example_dags/example_latest_only_with_trigger.py
[2024-04-30 16:24:06,604] {scheduler_job.py:639} INFO - DAG(s) dict_keys(['latest_only_with_trigger']) retrieved from /home/airflow/.local/lib/python3.6/site-packages/airflow/example_dags/example_latest_only_with_trigger.py
[2024-04-30 16:24:06,630] {logging_mixin.py:104} INFO - [2024-04-30 16:24:06,630] {dag.py:1824} INFO - Sync 1 DAGs
[2024-04-30 16:24:06,646] {logging_mixin.py:104} INFO - [2024-04-30 16:24:06,646] {dag.py:2280} INFO - Setting next_dagrun for latest_only_with_trigger to 2024-04-28 00:00:00+00:00
[2024-04-30 16:24:06,658] {scheduler_job.py:190} INFO - Processing /home/airflow/.local/lib/python3.6/site-packages/airflow/example_dags/example_latest_only_with_trigger.py took 0.069 seconds
[2024-04-30 16:24:37,140] {scheduler_job.py:182} INFO - Started process (PID=1064) to work on /home/airflow/.local/lib/python3.6/site-packages/airflow/example_dags/example_latest_only_with_trigger.py
[2024-04-30 16:24:37,141] {scheduler_job.py:629} INFO - Processing file /home/airflow/.local/lib/python3.6/site-packages/airflow/example_dags/example_latest_only_with_trigger.py for tasks to queue
[2024-04-30 16:24:37,142] {logging_mixin.py:104} INFO - [2024-04-30 16:24:37,142] {dagbag.py:451} INFO - Filling up the DagBag from /home/airflow/.local/lib/python3.6/site-packages/airflow/example_dags/example_latest_only_with_trigger.py
[2024-04-30 16:24:37,154] {scheduler_job.py:639} INFO - DAG(s) dict_keys(['latest_only_with_trigger']) retrieved from /home/airflow/.local/lib/python3.6/site-packages/airflow/example_dags/example_latest_only_with_trigger.py
[2024-04-30 16:24:37,178] {logging_mixin.py:104} INFO - [2024-04-30 16:24:37,178] {dag.py:1824} INFO - Sync 1 DAGs
[2024-04-30 16:24:37,194] {logging_mixin.py:104} INFO - [2024-04-30 16:24:37,194] {dag.py:2280} INFO - Setting next_dagrun for latest_only_with_trigger to 2024-04-28 00:00:00+00:00
[2024-04-30 16:24:37,204] {scheduler_job.py:190} INFO - Processing /home/airflow/.local/lib/python3.6/site-packages/airflow/example_dags/example_latest_only_with_trigger.py took 0.068 seconds
[2024-04-30 16:25:07,839] {scheduler_job.py:182} INFO - Started process (PID=1096) to work on /home/airflow/.local/lib/python3.6/site-packages/airflow/example_dags/example_latest_only_with_trigger.py
[2024-04-30 16:25:07,840] {scheduler_job.py:629} INFO - Processing file /home/airflow/.local/lib/python3.6/site-packages/airflow/example_dags/example_latest_only_with_trigger.py for tasks to queue
[2024-04-30 16:25:07,842] {logging_mixin.py:104} INFO - [2024-04-30 16:25:07,842] {dagbag.py:451} INFO - Filling up the DagBag from /home/airflow/.local/lib/python3.6/site-packages/airflow/example_dags/example_latest_only_with_trigger.py
[2024-04-30 16:25:07,865] {scheduler_job.py:639} INFO - DAG(s) dict_keys(['latest_only_with_trigger']) retrieved from /home/airflow/.local/lib/python3.6/site-packages/airflow/example_dags/example_latest_only_with_trigger.py
[2024-04-30 16:25:07,893] {logging_mixin.py:104} INFO - [2024-04-30 16:25:07,893] {dag.py:1824} INFO - Sync 1 DAGs
[2024-04-30 16:25:07,908] {logging_mixin.py:104} INFO - [2024-04-30 16:25:07,908] {dag.py:2280} INFO - Setting next_dagrun for latest_only_with_trigger to 2024-04-28 00:00:00+00:00
[2024-04-30 16:25:07,924] {scheduler_job.py:190} INFO - Processing /home/airflow/.local/lib/python3.6/site-packages/airflow/example_dags/example_latest_only_with_trigger.py took 0.089 seconds
[2024-04-30 16:25:38,527] {scheduler_job.py:182} INFO - Started process (PID=1128) to work on /home/airflow/.local/lib/python3.6/site-packages/airflow/example_dags/example_latest_only_with_trigger.py
[2024-04-30 16:25:38,529] {scheduler_job.py:629} INFO - Processing file /home/airflow/.local/lib/python3.6/site-packages/airflow/example_dags/example_latest_only_with_trigger.py for tasks to queue
[2024-04-30 16:25:38,530] {logging_mixin.py:104} INFO - [2024-04-30 16:25:38,530] {dagbag.py:451} INFO - Filling up the DagBag from /home/airflow/.local/lib/python3.6/site-packages/airflow/example_dags/example_latest_only_with_trigger.py
[2024-04-30 16:25:38,545] {scheduler_job.py:639} INFO - DAG(s) dict_keys(['latest_only_with_trigger']) retrieved from /home/airflow/.local/lib/python3.6/site-packages/airflow/example_dags/example_latest_only_with_trigger.py
[2024-04-30 16:25:38,565] {logging_mixin.py:104} INFO - [2024-04-30 16:25:38,564] {dag.py:1824} INFO - Sync 1 DAGs
[2024-04-30 16:25:38,579] {logging_mixin.py:104} INFO - [2024-04-30 16:25:38,579] {dag.py:2280} INFO - Setting next_dagrun for latest_only_with_trigger to 2024-04-28 00:00:00+00:00
[2024-04-30 16:25:38,589] {scheduler_job.py:190} INFO - Processing /home/airflow/.local/lib/python3.6/site-packages/airflow/example_dags/example_latest_only_with_trigger.py took 0.065 seconds
[2024-04-30 16:26:08,983] {scheduler_job.py:182} INFO - Started process (PID=1160) to work on /home/airflow/.local/lib/python3.6/site-packages/airflow/example_dags/example_latest_only_with_trigger.py
[2024-04-30 16:26:08,984] {scheduler_job.py:629} INFO - Processing file /home/airflow/.local/lib/python3.6/site-packages/airflow/example_dags/example_latest_only_with_trigger.py for tasks to queue
[2024-04-30 16:26:08,985] {logging_mixin.py:104} INFO - [2024-04-30 16:26:08,985] {dagbag.py:451} INFO - Filling up the DagBag from /home/airflow/.local/lib/python3.6/site-packages/airflow/example_dags/example_latest_only_with_trigger.py
[2024-04-30 16:26:08,997] {scheduler_job.py:639} INFO - DAG(s) dict_keys(['latest_only_with_trigger']) retrieved from /home/airflow/.local/lib/python3.6/site-packages/airflow/example_dags/example_latest_only_with_trigger.py
[2024-04-30 16:26:09,017] {logging_mixin.py:104} INFO - [2024-04-30 16:26:09,017] {dag.py:1824} INFO - Sync 1 DAGs
[2024-04-30 16:26:09,033] {logging_mixin.py:104} INFO - [2024-04-30 16:26:09,033] {dag.py:2280} INFO - Setting next_dagrun for latest_only_with_trigger to 2024-04-28 00:00:00+00:00
[2024-04-30 16:26:09,044] {scheduler_job.py:190} INFO - Processing /home/airflow/.local/lib/python3.6/site-packages/airflow/example_dags/example_latest_only_with_trigger.py took 0.063 seconds
[2024-04-30 16:26:39,388] {scheduler_job.py:182} INFO - Started process (PID=1192) to work on /home/airflow/.local/lib/python3.6/site-packages/airflow/example_dags/example_latest_only_with_trigger.py
[2024-04-30 16:26:39,394] {scheduler_job.py:629} INFO - Processing file /home/airflow/.local/lib/python3.6/site-packages/airflow/example_dags/example_latest_only_with_trigger.py for tasks to queue
[2024-04-30 16:26:39,395] {logging_mixin.py:104} INFO - [2024-04-30 16:26:39,395] {dagbag.py:451} INFO - Filling up the DagBag from /home/airflow/.local/lib/python3.6/site-packages/airflow/example_dags/example_latest_only_with_trigger.py
[2024-04-30 16:26:39,406] {scheduler_job.py:639} INFO - DAG(s) dict_keys(['latest_only_with_trigger']) retrieved from /home/airflow/.local/lib/python3.6/site-packages/airflow/example_dags/example_latest_only_with_trigger.py
[2024-04-30 16:26:39,426] {logging_mixin.py:104} INFO - [2024-04-30 16:26:39,426] {dag.py:1824} INFO - Sync 1 DAGs
[2024-04-30 16:26:39,441] {logging_mixin.py:104} INFO - [2024-04-30 16:26:39,441] {dag.py:2280} INFO - Setting next_dagrun for latest_only_with_trigger to 2024-04-28 00:00:00+00:00
[2024-04-30 16:26:39,450] {scheduler_job.py:190} INFO - Processing /home/airflow/.local/lib/python3.6/site-packages/airflow/example_dags/example_latest_only_with_trigger.py took 0.064 seconds
[2024-04-30 16:27:09,965] {scheduler_job.py:182} INFO - Started process (PID=1224) to work on /home/airflow/.local/lib/python3.6/site-packages/airflow/example_dags/example_latest_only_with_trigger.py
[2024-04-30 16:27:09,966] {scheduler_job.py:629} INFO - Processing file /home/airflow/.local/lib/python3.6/site-packages/airflow/example_dags/example_latest_only_with_trigger.py for tasks to queue
[2024-04-30 16:27:09,967] {logging_mixin.py:104} INFO - [2024-04-30 16:27:09,967] {dagbag.py:451} INFO - Filling up the DagBag from /home/airflow/.local/lib/python3.6/site-packages/airflow/example_dags/example_latest_only_with_trigger.py
[2024-04-30 16:27:09,978] {scheduler_job.py:639} INFO - DAG(s) dict_keys(['latest_only_with_trigger']) retrieved from /home/airflow/.local/lib/python3.6/site-packages/airflow/example_dags/example_latest_only_with_trigger.py
[2024-04-30 16:27:09,998] {logging_mixin.py:104} INFO - [2024-04-30 16:27:09,998] {dag.py:1824} INFO - Sync 1 DAGs
[2024-04-30 16:27:10,013] {logging_mixin.py:104} INFO - [2024-04-30 16:27:10,013] {dag.py:2280} INFO - Setting next_dagrun for latest_only_with_trigger to 2024-04-28 00:00:00+00:00
[2024-04-30 16:27:10,023] {scheduler_job.py:190} INFO - Processing /home/airflow/.local/lib/python3.6/site-packages/airflow/example_dags/example_latest_only_with_trigger.py took 0.061 seconds
[2024-04-30 16:27:40,524] {scheduler_job.py:182} INFO - Started process (PID=1256) to work on /home/airflow/.local/lib/python3.6/site-packages/airflow/example_dags/example_latest_only_with_trigger.py
[2024-04-30 16:27:40,525] {scheduler_job.py:629} INFO - Processing file /home/airflow/.local/lib/python3.6/site-packages/airflow/example_dags/example_latest_only_with_trigger.py for tasks to queue
[2024-04-30 16:27:40,526] {logging_mixin.py:104} INFO - [2024-04-30 16:27:40,526] {dagbag.py:451} INFO - Filling up the DagBag from /home/airflow/.local/lib/python3.6/site-packages/airflow/example_dags/example_latest_only_with_trigger.py
[2024-04-30 16:27:40,536] {scheduler_job.py:639} INFO - DAG(s) dict_keys(['latest_only_with_trigger']) retrieved from /home/airflow/.local/lib/python3.6/site-packages/airflow/example_dags/example_latest_only_with_trigger.py
[2024-04-30 16:27:40,554] {logging_mixin.py:104} INFO - [2024-04-30 16:27:40,554] {dag.py:1824} INFO - Sync 1 DAGs
[2024-04-30 16:27:40,567] {logging_mixin.py:104} INFO - [2024-04-30 16:27:40,567] {dag.py:2280} INFO - Setting next_dagrun for latest_only_with_trigger to 2024-04-28 00:00:00+00:00
[2024-04-30 16:27:40,575] {scheduler_job.py:190} INFO - Processing /home/airflow/.local/lib/python3.6/site-packages/airflow/example_dags/example_latest_only_with_trigger.py took 0.055 seconds
[2024-04-30 16:28:10,935] {scheduler_job.py:182} INFO - Started process (PID=1288) to work on /home/airflow/.local/lib/python3.6/site-packages/airflow/example_dags/example_latest_only_with_trigger.py
[2024-04-30 16:28:10,936] {scheduler_job.py:629} INFO - Processing file /home/airflow/.local/lib/python3.6/site-packages/airflow/example_dags/example_latest_only_with_trigger.py for tasks to queue
[2024-04-30 16:28:10,937] {logging_mixin.py:104} INFO - [2024-04-30 16:28:10,937] {dagbag.py:451} INFO - Filling up the DagBag from /home/airflow/.local/lib/python3.6/site-packages/airflow/example_dags/example_latest_only_with_trigger.py
[2024-04-30 16:28:10,947] {scheduler_job.py:639} INFO - DAG(s) dict_keys(['latest_only_with_trigger']) retrieved from /home/airflow/.local/lib/python3.6/site-packages/airflow/example_dags/example_latest_only_with_trigger.py
[2024-04-30 16:28:10,967] {logging_mixin.py:104} INFO - [2024-04-30 16:28:10,967] {dag.py:1824} INFO - Sync 1 DAGs
[2024-04-30 16:28:10,982] {logging_mixin.py:104} INFO - [2024-04-30 16:28:10,982] {dag.py:2280} INFO - Setting next_dagrun for latest_only_with_trigger to 2024-04-28 00:00:00+00:00
[2024-04-30 16:28:10,992] {scheduler_job.py:190} INFO - Processing /home/airflow/.local/lib/python3.6/site-packages/airflow/example_dags/example_latest_only_with_trigger.py took 0.061 seconds
[2024-04-30 16:28:41,594] {scheduler_job.py:182} INFO - Started process (PID=1320) to work on /home/airflow/.local/lib/python3.6/site-packages/airflow/example_dags/example_latest_only_with_trigger.py
[2024-04-30 16:28:41,595] {scheduler_job.py:629} INFO - Processing file /home/airflow/.local/lib/python3.6/site-packages/airflow/example_dags/example_latest_only_with_trigger.py for tasks to queue
[2024-04-30 16:28:41,596] {logging_mixin.py:104} INFO - [2024-04-30 16:28:41,596] {dagbag.py:451} INFO - Filling up the DagBag from /home/airflow/.local/lib/python3.6/site-packages/airflow/example_dags/example_latest_only_with_trigger.py
[2024-04-30 16:28:41,606] {scheduler_job.py:639} INFO - DAG(s) dict_keys(['latest_only_with_trigger']) retrieved from /home/airflow/.local/lib/python3.6/site-packages/airflow/example_dags/example_latest_only_with_trigger.py
[2024-04-30 16:28:41,626] {logging_mixin.py:104} INFO - [2024-04-30 16:28:41,626] {dag.py:1824} INFO - Sync 1 DAGs
[2024-04-30 16:28:41,642] {logging_mixin.py:104} INFO - [2024-04-30 16:28:41,641] {dag.py:2280} INFO - Setting next_dagrun for latest_only_with_trigger to 2024-04-28 00:00:00+00:00
[2024-04-30 16:28:41,652] {scheduler_job.py:190} INFO - Processing /home/airflow/.local/lib/python3.6/site-packages/airflow/example_dags/example_latest_only_with_trigger.py took 0.061 seconds
[2024-04-30 16:29:12,142] {scheduler_job.py:182} INFO - Started process (PID=1352) to work on /home/airflow/.local/lib/python3.6/site-packages/airflow/example_dags/example_latest_only_with_trigger.py
[2024-04-30 16:29:12,143] {scheduler_job.py:629} INFO - Processing file /home/airflow/.local/lib/python3.6/site-packages/airflow/example_dags/example_latest_only_with_trigger.py for tasks to queue
[2024-04-30 16:29:12,144] {logging_mixin.py:104} INFO - [2024-04-30 16:29:12,144] {dagbag.py:451} INFO - Filling up the DagBag from /home/airflow/.local/lib/python3.6/site-packages/airflow/example_dags/example_latest_only_with_trigger.py
[2024-04-30 16:29:12,154] {scheduler_job.py:639} INFO - DAG(s) dict_keys(['latest_only_with_trigger']) retrieved from /home/airflow/.local/lib/python3.6/site-packages/airflow/example_dags/example_latest_only_with_trigger.py
[2024-04-30 16:29:12,175] {logging_mixin.py:104} INFO - [2024-04-30 16:29:12,174] {dag.py:1824} INFO - Sync 1 DAGs
[2024-04-30 16:29:12,189] {logging_mixin.py:104} INFO - [2024-04-30 16:29:12,189] {dag.py:2280} INFO - Setting next_dagrun for latest_only_with_trigger to 2024-04-28 00:00:00+00:00
[2024-04-30 16:29:12,202] {scheduler_job.py:190} INFO - Processing /home/airflow/.local/lib/python3.6/site-packages/airflow/example_dags/example_latest_only_with_trigger.py took 0.063 seconds
[2024-04-30 16:29:42,790] {scheduler_job.py:182} INFO - Started process (PID=1384) to work on /home/airflow/.local/lib/python3.6/site-packages/airflow/example_dags/example_latest_only_with_trigger.py
[2024-04-30 16:29:42,791] {scheduler_job.py:629} INFO - Processing file /home/airflow/.local/lib/python3.6/site-packages/airflow/example_dags/example_latest_only_with_trigger.py for tasks to queue
[2024-04-30 16:29:42,792] {logging_mixin.py:104} INFO - [2024-04-30 16:29:42,792] {dagbag.py:451} INFO - Filling up the DagBag from /home/airflow/.local/lib/python3.6/site-packages/airflow/example_dags/example_latest_only_with_trigger.py
[2024-04-30 16:29:42,802] {scheduler_job.py:639} INFO - DAG(s) dict_keys(['latest_only_with_trigger']) retrieved from /home/airflow/.local/lib/python3.6/site-packages/airflow/example_dags/example_latest_only_with_trigger.py
[2024-04-30 16:29:42,823] {logging_mixin.py:104} INFO - [2024-04-30 16:29:42,823] {dag.py:1824} INFO - Sync 1 DAGs
[2024-04-30 16:29:42,838] {logging_mixin.py:104} INFO - [2024-04-30 16:29:42,838] {dag.py:2280} INFO - Setting next_dagrun for latest_only_with_trigger to 2024-04-28 00:00:00+00:00
[2024-04-30 16:29:42,850] {scheduler_job.py:190} INFO - Processing /home/airflow/.local/lib/python3.6/site-packages/airflow/example_dags/example_latest_only_with_trigger.py took 0.063 seconds
[2024-04-30 16:30:13,164] {scheduler_job.py:182} INFO - Started process (PID=1416) to work on /home/airflow/.local/lib/python3.6/site-packages/airflow/example_dags/example_latest_only_with_trigger.py
[2024-04-30 16:30:13,165] {scheduler_job.py:629} INFO - Processing file /home/airflow/.local/lib/python3.6/site-packages/airflow/example_dags/example_latest_only_with_trigger.py for tasks to queue
[2024-04-30 16:30:13,166] {logging_mixin.py:104} INFO - [2024-04-30 16:30:13,166] {dagbag.py:451} INFO - Filling up the DagBag from /home/airflow/.local/lib/python3.6/site-packages/airflow/example_dags/example_latest_only_with_trigger.py
[2024-04-30 16:30:13,176] {scheduler_job.py:639} INFO - DAG(s) dict_keys(['latest_only_with_trigger']) retrieved from /home/airflow/.local/lib/python3.6/site-packages/airflow/example_dags/example_latest_only_with_trigger.py
[2024-04-30 16:30:13,197] {logging_mixin.py:104} INFO - [2024-04-30 16:30:13,197] {dag.py:1824} INFO - Sync 1 DAGs
[2024-04-30 16:30:13,211] {logging_mixin.py:104} INFO - [2024-04-30 16:30:13,211] {dag.py:2280} INFO - Setting next_dagrun for latest_only_with_trigger to 2024-04-28 00:00:00+00:00
[2024-04-30 16:30:13,220] {scheduler_job.py:190} INFO - Processing /home/airflow/.local/lib/python3.6/site-packages/airflow/example_dags/example_latest_only_with_trigger.py took 0.060 seconds
[2024-04-30 16:30:43,968] {scheduler_job.py:182} INFO - Started process (PID=1448) to work on /home/airflow/.local/lib/python3.6/site-packages/airflow/example_dags/example_latest_only_with_trigger.py
[2024-04-30 16:30:43,970] {scheduler_job.py:629} INFO - Processing file /home/airflow/.local/lib/python3.6/site-packages/airflow/example_dags/example_latest_only_with_trigger.py for tasks to queue
[2024-04-30 16:30:43,972] {logging_mixin.py:104} INFO - [2024-04-30 16:30:43,972] {dagbag.py:451} INFO - Filling up the DagBag from /home/airflow/.local/lib/python3.6/site-packages/airflow/example_dags/example_latest_only_with_trigger.py
[2024-04-30 16:30:43,990] {scheduler_job.py:639} INFO - DAG(s) dict_keys(['latest_only_with_trigger']) retrieved from /home/airflow/.local/lib/python3.6/site-packages/airflow/example_dags/example_latest_only_with_trigger.py
[2024-04-30 16:30:44,032] {logging_mixin.py:104} INFO - [2024-04-30 16:30:44,032] {dag.py:1824} INFO - Sync 1 DAGs
[2024-04-30 16:30:44,083] {logging_mixin.py:104} INFO - [2024-04-30 16:30:44,083] {dag.py:2280} INFO - Setting next_dagrun for latest_only_with_trigger to 2024-04-28 00:00:00+00:00
[2024-04-30 16:30:44,100] {scheduler_job.py:190} INFO - Processing /home/airflow/.local/lib/python3.6/site-packages/airflow/example_dags/example_latest_only_with_trigger.py took 0.138 seconds
[2024-04-30 16:31:14,365] {scheduler_job.py:182} INFO - Started process (PID=1481) to work on /home/airflow/.local/lib/python3.6/site-packages/airflow/example_dags/example_latest_only_with_trigger.py
[2024-04-30 16:31:14,368] {scheduler_job.py:629} INFO - Processing file /home/airflow/.local/lib/python3.6/site-packages/airflow/example_dags/example_latest_only_with_trigger.py for tasks to queue
[2024-04-30 16:31:14,369] {logging_mixin.py:104} INFO - [2024-04-30 16:31:14,369] {dagbag.py:451} INFO - Filling up the DagBag from /home/airflow/.local/lib/python3.6/site-packages/airflow/example_dags/example_latest_only_with_trigger.py
[2024-04-30 16:31:14,393] {scheduler_job.py:639} INFO - DAG(s) dict_keys(['latest_only_with_trigger']) retrieved from /home/airflow/.local/lib/python3.6/site-packages/airflow/example_dags/example_latest_only_with_trigger.py
[2024-04-30 16:31:14,443] {logging_mixin.py:104} INFO - [2024-04-30 16:31:14,443] {dag.py:1824} INFO - Sync 1 DAGs
[2024-04-30 16:31:14,489] {logging_mixin.py:104} INFO - [2024-04-30 16:31:14,489] {dag.py:2280} INFO - Setting next_dagrun for latest_only_with_trigger to 2024-04-28 00:00:00+00:00
[2024-04-30 16:31:14,516] {scheduler_job.py:190} INFO - Processing /home/airflow/.local/lib/python3.6/site-packages/airflow/example_dags/example_latest_only_with_trigger.py took 0.157 seconds
[2024-04-30 16:31:44,759] {scheduler_job.py:182} INFO - Started process (PID=1513) to work on /home/airflow/.local/lib/python3.6/site-packages/airflow/example_dags/example_latest_only_with_trigger.py
[2024-04-30 16:31:44,762] {scheduler_job.py:629} INFO - Processing file /home/airflow/.local/lib/python3.6/site-packages/airflow/example_dags/example_latest_only_with_trigger.py for tasks to queue
[2024-04-30 16:31:44,762] {logging_mixin.py:104} INFO - [2024-04-30 16:31:44,762] {dagbag.py:451} INFO - Filling up the DagBag from /home/airflow/.local/lib/python3.6/site-packages/airflow/example_dags/example_latest_only_with_trigger.py
[2024-04-30 16:31:44,774] {scheduler_job.py:639} INFO - DAG(s) dict_keys(['latest_only_with_trigger']) retrieved from /home/airflow/.local/lib/python3.6/site-packages/airflow/example_dags/example_latest_only_with_trigger.py
[2024-04-30 16:31:44,799] {logging_mixin.py:104} INFO - [2024-04-30 16:31:44,799] {dag.py:1824} INFO - Sync 1 DAGs
[2024-04-30 16:31:44,819] {logging_mixin.py:104} INFO - [2024-04-30 16:31:44,819] {dag.py:2280} INFO - Setting next_dagrun for latest_only_with_trigger to 2024-04-28 00:00:00+00:00
[2024-04-30 16:31:44,831] {scheduler_job.py:190} INFO - Processing /home/airflow/.local/lib/python3.6/site-packages/airflow/example_dags/example_latest_only_with_trigger.py took 0.075 seconds
[2024-04-30 16:32:15,022] {scheduler_job.py:182} INFO - Started process (PID=1545) to work on /home/airflow/.local/lib/python3.6/site-packages/airflow/example_dags/example_latest_only_with_trigger.py
[2024-04-30 16:32:15,024] {scheduler_job.py:629} INFO - Processing file /home/airflow/.local/lib/python3.6/site-packages/airflow/example_dags/example_latest_only_with_trigger.py for tasks to queue
[2024-04-30 16:32:15,025] {logging_mixin.py:104} INFO - [2024-04-30 16:32:15,025] {dagbag.py:451} INFO - Filling up the DagBag from /home/airflow/.local/lib/python3.6/site-packages/airflow/example_dags/example_latest_only_with_trigger.py
[2024-04-30 16:32:15,055] {scheduler_job.py:639} INFO - DAG(s) dict_keys(['latest_only_with_trigger']) retrieved from /home/airflow/.local/lib/python3.6/site-packages/airflow/example_dags/example_latest_only_with_trigger.py
[2024-04-30 16:32:15,081] {logging_mixin.py:104} INFO - [2024-04-30 16:32:15,081] {dag.py:1824} INFO - Sync 1 DAGs
[2024-04-30 16:32:15,103] {logging_mixin.py:104} INFO - [2024-04-30 16:32:15,103] {dag.py:2280} INFO - Setting next_dagrun for latest_only_with_trigger to 2024-04-28 00:00:00+00:00
[2024-04-30 16:32:15,116] {scheduler_job.py:190} INFO - Processing /home/airflow/.local/lib/python3.6/site-packages/airflow/example_dags/example_latest_only_with_trigger.py took 0.099 seconds
[2024-04-30 16:32:45,627] {scheduler_job.py:182} INFO - Started process (PID=1576) to work on /home/airflow/.local/lib/python3.6/site-packages/airflow/example_dags/example_latest_only_with_trigger.py
[2024-04-30 16:32:45,629] {scheduler_job.py:629} INFO - Processing file /home/airflow/.local/lib/python3.6/site-packages/airflow/example_dags/example_latest_only_with_trigger.py for tasks to queue
[2024-04-30 16:32:45,629] {logging_mixin.py:104} INFO - [2024-04-30 16:32:45,629] {dagbag.py:451} INFO - Filling up the DagBag from /home/airflow/.local/lib/python3.6/site-packages/airflow/example_dags/example_latest_only_with_trigger.py
[2024-04-30 16:32:45,640] {scheduler_job.py:639} INFO - DAG(s) dict_keys(['latest_only_with_trigger']) retrieved from /home/airflow/.local/lib/python3.6/site-packages/airflow/example_dags/example_latest_only_with_trigger.py
[2024-04-30 16:32:45,661] {logging_mixin.py:104} INFO - [2024-04-30 16:32:45,661] {dag.py:1824} INFO - Sync 1 DAGs
[2024-04-30 16:32:45,678] {logging_mixin.py:104} INFO - [2024-04-30 16:32:45,678] {dag.py:2280} INFO - Setting next_dagrun for latest_only_with_trigger to 2024-04-28 00:00:00+00:00
[2024-04-30 16:32:45,691] {scheduler_job.py:190} INFO - Processing /home/airflow/.local/lib/python3.6/site-packages/airflow/example_dags/example_latest_only_with_trigger.py took 0.067 seconds
[2024-04-30 16:33:16,286] {scheduler_job.py:182} INFO - Started process (PID=1608) to work on /home/airflow/.local/lib/python3.6/site-packages/airflow/example_dags/example_latest_only_with_trigger.py
[2024-04-30 16:33:16,287] {scheduler_job.py:629} INFO - Processing file /home/airflow/.local/lib/python3.6/site-packages/airflow/example_dags/example_latest_only_with_trigger.py for tasks to queue
[2024-04-30 16:33:16,288] {logging_mixin.py:104} INFO - [2024-04-30 16:33:16,288] {dagbag.py:451} INFO - Filling up the DagBag from /home/airflow/.local/lib/python3.6/site-packages/airflow/example_dags/example_latest_only_with_trigger.py
[2024-04-30 16:33:16,298] {scheduler_job.py:639} INFO - DAG(s) dict_keys(['latest_only_with_trigger']) retrieved from /home/airflow/.local/lib/python3.6/site-packages/airflow/example_dags/example_latest_only_with_trigger.py
[2024-04-30 16:33:16,319] {logging_mixin.py:104} INFO - [2024-04-30 16:33:16,318] {dag.py:1824} INFO - Sync 1 DAGs
[2024-04-30 16:33:16,331] {logging_mixin.py:104} INFO - [2024-04-30 16:33:16,331] {dag.py:2280} INFO - Setting next_dagrun for latest_only_with_trigger to 2024-04-28 00:00:00+00:00
[2024-04-30 16:33:16,341] {scheduler_job.py:190} INFO - Processing /home/airflow/.local/lib/python3.6/site-packages/airflow/example_dags/example_latest_only_with_trigger.py took 0.058 seconds
[2024-04-30 16:33:46,840] {scheduler_job.py:182} INFO - Started process (PID=1640) to work on /home/airflow/.local/lib/python3.6/site-packages/airflow/example_dags/example_latest_only_with_trigger.py
[2024-04-30 16:33:46,841] {scheduler_job.py:629} INFO - Processing file /home/airflow/.local/lib/python3.6/site-packages/airflow/example_dags/example_latest_only_with_trigger.py for tasks to queue
[2024-04-30 16:33:46,842] {logging_mixin.py:104} INFO - [2024-04-30 16:33:46,842] {dagbag.py:451} INFO - Filling up the DagBag from /home/airflow/.local/lib/python3.6/site-packages/airflow/example_dags/example_latest_only_with_trigger.py
[2024-04-30 16:33:46,852] {scheduler_job.py:639} INFO - DAG(s) dict_keys(['latest_only_with_trigger']) retrieved from /home/airflow/.local/lib/python3.6/site-packages/airflow/example_dags/example_latest_only_with_trigger.py
[2024-04-30 16:33:46,873] {logging_mixin.py:104} INFO - [2024-04-30 16:33:46,873] {dag.py:1824} INFO - Sync 1 DAGs
[2024-04-30 16:33:46,888] {logging_mixin.py:104} INFO - [2024-04-30 16:33:46,888] {dag.py:2280} INFO - Setting next_dagrun for latest_only_with_trigger to 2024-04-28 00:00:00+00:00
[2024-04-30 16:33:46,898] {scheduler_job.py:190} INFO - Processing /home/airflow/.local/lib/python3.6/site-packages/airflow/example_dags/example_latest_only_with_trigger.py took 0.061 seconds
[2024-04-30 16:34:17,508] {scheduler_job.py:182} INFO - Started process (PID=1672) to work on /home/airflow/.local/lib/python3.6/site-packages/airflow/example_dags/example_latest_only_with_trigger.py
[2024-04-30 16:34:17,509] {scheduler_job.py:629} INFO - Processing file /home/airflow/.local/lib/python3.6/site-packages/airflow/example_dags/example_latest_only_with_trigger.py for tasks to queue
[2024-04-30 16:34:17,510] {logging_mixin.py:104} INFO - [2024-04-30 16:34:17,510] {dagbag.py:451} INFO - Filling up the DagBag from /home/airflow/.local/lib/python3.6/site-packages/airflow/example_dags/example_latest_only_with_trigger.py
[2024-04-30 16:34:17,519] {scheduler_job.py:639} INFO - DAG(s) dict_keys(['latest_only_with_trigger']) retrieved from /home/airflow/.local/lib/python3.6/site-packages/airflow/example_dags/example_latest_only_with_trigger.py
[2024-04-30 16:34:17,539] {logging_mixin.py:104} INFO - [2024-04-30 16:34:17,538] {dag.py:1824} INFO - Sync 1 DAGs
[2024-04-30 16:34:17,551] {logging_mixin.py:104} INFO - [2024-04-30 16:34:17,551] {dag.py:2280} INFO - Setting next_dagrun for latest_only_with_trigger to 2024-04-28 00:00:00+00:00
[2024-04-30 16:34:17,562] {scheduler_job.py:190} INFO - Processing /home/airflow/.local/lib/python3.6/site-packages/airflow/example_dags/example_latest_only_with_trigger.py took 0.057 seconds
[2024-04-30 16:34:48,109] {scheduler_job.py:182} INFO - Started process (PID=1704) to work on /home/airflow/.local/lib/python3.6/site-packages/airflow/example_dags/example_latest_only_with_trigger.py
[2024-04-30 16:34:48,111] {scheduler_job.py:629} INFO - Processing file /home/airflow/.local/lib/python3.6/site-packages/airflow/example_dags/example_latest_only_with_trigger.py for tasks to queue
[2024-04-30 16:34:48,112] {logging_mixin.py:104} INFO - [2024-04-30 16:34:48,111] {dagbag.py:451} INFO - Filling up the DagBag from /home/airflow/.local/lib/python3.6/site-packages/airflow/example_dags/example_latest_only_with_trigger.py
[2024-04-30 16:34:48,127] {scheduler_job.py:639} INFO - DAG(s) dict_keys(['latest_only_with_trigger']) retrieved from /home/airflow/.local/lib/python3.6/site-packages/airflow/example_dags/example_latest_only_with_trigger.py
[2024-04-30 16:34:48,154] {logging_mixin.py:104} INFO - [2024-04-30 16:34:48,154] {dag.py:1824} INFO - Sync 1 DAGs
[2024-04-30 16:34:48,178] {logging_mixin.py:104} INFO - [2024-04-30 16:34:48,178] {dag.py:2280} INFO - Setting next_dagrun for latest_only_with_trigger to 2024-04-28 00:00:00+00:00
[2024-04-30 16:34:48,193] {scheduler_job.py:190} INFO - Processing /home/airflow/.local/lib/python3.6/site-packages/airflow/example_dags/example_latest_only_with_trigger.py took 0.089 seconds
[2024-04-30 16:35:18,733] {scheduler_job.py:182} INFO - Started process (PID=1736) to work on /home/airflow/.local/lib/python3.6/site-packages/airflow/example_dags/example_latest_only_with_trigger.py
[2024-04-30 16:35:18,735] {scheduler_job.py:629} INFO - Processing file /home/airflow/.local/lib/python3.6/site-packages/airflow/example_dags/example_latest_only_with_trigger.py for tasks to queue
[2024-04-30 16:35:18,736] {logging_mixin.py:104} INFO - [2024-04-30 16:35:18,735] {dagbag.py:451} INFO - Filling up the DagBag from /home/airflow/.local/lib/python3.6/site-packages/airflow/example_dags/example_latest_only_with_trigger.py
[2024-04-30 16:35:18,746] {scheduler_job.py:639} INFO - DAG(s) dict_keys(['latest_only_with_trigger']) retrieved from /home/airflow/.local/lib/python3.6/site-packages/airflow/example_dags/example_latest_only_with_trigger.py
[2024-04-30 16:35:18,765] {logging_mixin.py:104} INFO - [2024-04-30 16:35:18,765] {dag.py:1824} INFO - Sync 1 DAGs
[2024-04-30 16:35:18,778] {logging_mixin.py:104} INFO - [2024-04-30 16:35:18,778] {dag.py:2280} INFO - Setting next_dagrun for latest_only_with_trigger to 2024-04-28 00:00:00+00:00
[2024-04-30 16:35:18,789] {scheduler_job.py:190} INFO - Processing /home/airflow/.local/lib/python3.6/site-packages/airflow/example_dags/example_latest_only_with_trigger.py took 0.058 seconds
[2024-04-30 16:35:49,237] {scheduler_job.py:182} INFO - Started process (PID=1768) to work on /home/airflow/.local/lib/python3.6/site-packages/airflow/example_dags/example_latest_only_with_trigger.py
[2024-04-30 16:35:49,238] {scheduler_job.py:629} INFO - Processing file /home/airflow/.local/lib/python3.6/site-packages/airflow/example_dags/example_latest_only_with_trigger.py for tasks to queue
[2024-04-30 16:35:49,239] {logging_mixin.py:104} INFO - [2024-04-30 16:35:49,239] {dagbag.py:451} INFO - Filling up the DagBag from /home/airflow/.local/lib/python3.6/site-packages/airflow/example_dags/example_latest_only_with_trigger.py
[2024-04-30 16:35:49,249] {scheduler_job.py:639} INFO - DAG(s) dict_keys(['latest_only_with_trigger']) retrieved from /home/airflow/.local/lib/python3.6/site-packages/airflow/example_dags/example_latest_only_with_trigger.py
[2024-04-30 16:35:49,272] {logging_mixin.py:104} INFO - [2024-04-30 16:35:49,272] {dag.py:1824} INFO - Sync 1 DAGs
[2024-04-30 16:35:49,285] {logging_mixin.py:104} INFO - [2024-04-30 16:35:49,285] {dag.py:2280} INFO - Setting next_dagrun for latest_only_with_trigger to 2024-04-28 00:00:00+00:00
[2024-04-30 16:35:49,295] {scheduler_job.py:190} INFO - Processing /home/airflow/.local/lib/python3.6/site-packages/airflow/example_dags/example_latest_only_with_trigger.py took 0.061 seconds
[2024-04-30 16:36:19,773] {scheduler_job.py:182} INFO - Started process (PID=1800) to work on /home/airflow/.local/lib/python3.6/site-packages/airflow/example_dags/example_latest_only_with_trigger.py
[2024-04-30 16:36:19,774] {scheduler_job.py:629} INFO - Processing file /home/airflow/.local/lib/python3.6/site-packages/airflow/example_dags/example_latest_only_with_trigger.py for tasks to queue
[2024-04-30 16:36:19,775] {logging_mixin.py:104} INFO - [2024-04-30 16:36:19,775] {dagbag.py:451} INFO - Filling up the DagBag from /home/airflow/.local/lib/python3.6/site-packages/airflow/example_dags/example_latest_only_with_trigger.py
[2024-04-30 16:36:19,785] {scheduler_job.py:639} INFO - DAG(s) dict_keys(['latest_only_with_trigger']) retrieved from /home/airflow/.local/lib/python3.6/site-packages/airflow/example_dags/example_latest_only_with_trigger.py
[2024-04-30 16:36:19,804] {logging_mixin.py:104} INFO - [2024-04-30 16:36:19,804] {dag.py:1824} INFO - Sync 1 DAGs
[2024-04-30 16:36:19,816] {logging_mixin.py:104} INFO - [2024-04-30 16:36:19,816] {dag.py:2280} INFO - Setting next_dagrun for latest_only_with_trigger to 2024-04-28 00:00:00+00:00
[2024-04-30 16:36:19,825] {scheduler_job.py:190} INFO - Processing /home/airflow/.local/lib/python3.6/site-packages/airflow/example_dags/example_latest_only_with_trigger.py took 0.055 seconds
[2024-04-30 16:36:50,329] {scheduler_job.py:182} INFO - Started process (PID=1832) to work on /home/airflow/.local/lib/python3.6/site-packages/airflow/example_dags/example_latest_only_with_trigger.py
[2024-04-30 16:36:50,330] {scheduler_job.py:629} INFO - Processing file /home/airflow/.local/lib/python3.6/site-packages/airflow/example_dags/example_latest_only_with_trigger.py for tasks to queue
[2024-04-30 16:36:50,331] {logging_mixin.py:104} INFO - [2024-04-30 16:36:50,331] {dagbag.py:451} INFO - Filling up the DagBag from /home/airflow/.local/lib/python3.6/site-packages/airflow/example_dags/example_latest_only_with_trigger.py
[2024-04-30 16:36:50,341] {scheduler_job.py:639} INFO - DAG(s) dict_keys(['latest_only_with_trigger']) retrieved from /home/airflow/.local/lib/python3.6/site-packages/airflow/example_dags/example_latest_only_with_trigger.py
[2024-04-30 16:36:50,360] {logging_mixin.py:104} INFO - [2024-04-30 16:36:50,360] {dag.py:1824} INFO - Sync 1 DAGs
[2024-04-30 16:36:50,374] {logging_mixin.py:104} INFO - [2024-04-30 16:36:50,374] {dag.py:2280} INFO - Setting next_dagrun for latest_only_with_trigger to 2024-04-28 00:00:00+00:00
[2024-04-30 16:36:50,384] {scheduler_job.py:190} INFO - Processing /home/airflow/.local/lib/python3.6/site-packages/airflow/example_dags/example_latest_only_with_trigger.py took 0.058 seconds
[2024-04-30 16:37:20,979] {scheduler_job.py:182} INFO - Started process (PID=1864) to work on /home/airflow/.local/lib/python3.6/site-packages/airflow/example_dags/example_latest_only_with_trigger.py
[2024-04-30 16:37:20,980] {scheduler_job.py:629} INFO - Processing file /home/airflow/.local/lib/python3.6/site-packages/airflow/example_dags/example_latest_only_with_trigger.py for tasks to queue
[2024-04-30 16:37:20,981] {logging_mixin.py:104} INFO - [2024-04-30 16:37:20,981] {dagbag.py:451} INFO - Filling up the DagBag from /home/airflow/.local/lib/python3.6/site-packages/airflow/example_dags/example_latest_only_with_trigger.py
[2024-04-30 16:37:20,994] {scheduler_job.py:639} INFO - DAG(s) dict_keys(['latest_only_with_trigger']) retrieved from /home/airflow/.local/lib/python3.6/site-packages/airflow/example_dags/example_latest_only_with_trigger.py
[2024-04-30 16:37:21,015] {logging_mixin.py:104} INFO - [2024-04-30 16:37:21,015] {dag.py:1824} INFO - Sync 1 DAGs
[2024-04-30 16:37:21,029] {logging_mixin.py:104} INFO - [2024-04-30 16:37:21,029] {dag.py:2280} INFO - Setting next_dagrun for latest_only_with_trigger to 2024-04-28 00:00:00+00:00
[2024-04-30 16:37:21,038] {scheduler_job.py:190} INFO - Processing /home/airflow/.local/lib/python3.6/site-packages/airflow/example_dags/example_latest_only_with_trigger.py took 0.062 seconds
[2024-04-30 16:37:51,408] {scheduler_job.py:182} INFO - Started process (PID=1896) to work on /home/airflow/.local/lib/python3.6/site-packages/airflow/example_dags/example_latest_only_with_trigger.py
[2024-04-30 16:37:51,409] {scheduler_job.py:629} INFO - Processing file /home/airflow/.local/lib/python3.6/site-packages/airflow/example_dags/example_latest_only_with_trigger.py for tasks to queue
[2024-04-30 16:37:51,410] {logging_mixin.py:104} INFO - [2024-04-30 16:37:51,410] {dagbag.py:451} INFO - Filling up the DagBag from /home/airflow/.local/lib/python3.6/site-packages/airflow/example_dags/example_latest_only_with_trigger.py
[2024-04-30 16:37:51,421] {scheduler_job.py:639} INFO - DAG(s) dict_keys(['latest_only_with_trigger']) retrieved from /home/airflow/.local/lib/python3.6/site-packages/airflow/example_dags/example_latest_only_with_trigger.py
[2024-04-30 16:37:51,439] {logging_mixin.py:104} INFO - [2024-04-30 16:37:51,439] {dag.py:1824} INFO - Sync 1 DAGs
[2024-04-30 16:37:51,455] {logging_mixin.py:104} INFO - [2024-04-30 16:37:51,454] {dag.py:2280} INFO - Setting next_dagrun for latest_only_with_trigger to 2024-04-28 00:00:00+00:00
[2024-04-30 16:37:51,464] {scheduler_job.py:190} INFO - Processing /home/airflow/.local/lib/python3.6/site-packages/airflow/example_dags/example_latest_only_with_trigger.py took 0.058 seconds
[2024-04-30 16:38:21,839] {scheduler_job.py:182} INFO - Started process (PID=1928) to work on /home/airflow/.local/lib/python3.6/site-packages/airflow/example_dags/example_latest_only_with_trigger.py
[2024-04-30 16:38:21,840] {scheduler_job.py:629} INFO - Processing file /home/airflow/.local/lib/python3.6/site-packages/airflow/example_dags/example_latest_only_with_trigger.py for tasks to queue
[2024-04-30 16:38:21,841] {logging_mixin.py:104} INFO - [2024-04-30 16:38:21,841] {dagbag.py:451} INFO - Filling up the DagBag from /home/airflow/.local/lib/python3.6/site-packages/airflow/example_dags/example_latest_only_with_trigger.py
[2024-04-30 16:38:21,850] {scheduler_job.py:639} INFO - DAG(s) dict_keys(['latest_only_with_trigger']) retrieved from /home/airflow/.local/lib/python3.6/site-packages/airflow/example_dags/example_latest_only_with_trigger.py
[2024-04-30 16:38:21,871] {logging_mixin.py:104} INFO - [2024-04-30 16:38:21,870] {dag.py:1824} INFO - Sync 1 DAGs
[2024-04-30 16:38:21,885] {logging_mixin.py:104} INFO - [2024-04-30 16:38:21,885] {dag.py:2280} INFO - Setting next_dagrun for latest_only_with_trigger to 2024-04-28 00:00:00+00:00
[2024-04-30 16:38:21,896] {scheduler_job.py:190} INFO - Processing /home/airflow/.local/lib/python3.6/site-packages/airflow/example_dags/example_latest_only_with_trigger.py took 0.060 seconds
[2024-04-30 16:38:52,407] {scheduler_job.py:182} INFO - Started process (PID=1960) to work on /home/airflow/.local/lib/python3.6/site-packages/airflow/example_dags/example_latest_only_with_trigger.py
[2024-04-30 16:38:52,409] {scheduler_job.py:629} INFO - Processing file /home/airflow/.local/lib/python3.6/site-packages/airflow/example_dags/example_latest_only_with_trigger.py for tasks to queue
[2024-04-30 16:38:52,409] {logging_mixin.py:104} INFO - [2024-04-30 16:38:52,409] {dagbag.py:451} INFO - Filling up the DagBag from /home/airflow/.local/lib/python3.6/site-packages/airflow/example_dags/example_latest_only_with_trigger.py
[2024-04-30 16:38:52,419] {scheduler_job.py:639} INFO - DAG(s) dict_keys(['latest_only_with_trigger']) retrieved from /home/airflow/.local/lib/python3.6/site-packages/airflow/example_dags/example_latest_only_with_trigger.py
[2024-04-30 16:38:52,441] {logging_mixin.py:104} INFO - [2024-04-30 16:38:52,440] {dag.py:1824} INFO - Sync 1 DAGs
[2024-04-30 16:38:52,454] {logging_mixin.py:104} INFO - [2024-04-30 16:38:52,454] {dag.py:2280} INFO - Setting next_dagrun for latest_only_with_trigger to 2024-04-28 00:00:00+00:00
[2024-04-30 16:38:52,464] {scheduler_job.py:190} INFO - Processing /home/airflow/.local/lib/python3.6/site-packages/airflow/example_dags/example_latest_only_with_trigger.py took 0.059 seconds
[2024-04-30 16:39:22,972] {scheduler_job.py:182} INFO - Started process (PID=1992) to work on /home/airflow/.local/lib/python3.6/site-packages/airflow/example_dags/example_latest_only_with_trigger.py
[2024-04-30 16:39:22,973] {scheduler_job.py:629} INFO - Processing file /home/airflow/.local/lib/python3.6/site-packages/airflow/example_dags/example_latest_only_with_trigger.py for tasks to queue
[2024-04-30 16:39:22,974] {logging_mixin.py:104} INFO - [2024-04-30 16:39:22,974] {dagbag.py:451} INFO - Filling up the DagBag from /home/airflow/.local/lib/python3.6/site-packages/airflow/example_dags/example_latest_only_with_trigger.py
[2024-04-30 16:39:22,983] {scheduler_job.py:639} INFO - DAG(s) dict_keys(['latest_only_with_trigger']) retrieved from /home/airflow/.local/lib/python3.6/site-packages/airflow/example_dags/example_latest_only_with_trigger.py
[2024-04-30 16:39:23,003] {logging_mixin.py:104} INFO - [2024-04-30 16:39:23,003] {dag.py:1824} INFO - Sync 1 DAGs
[2024-04-30 16:39:23,019] {logging_mixin.py:104} INFO - [2024-04-30 16:39:23,018] {dag.py:2280} INFO - Setting next_dagrun for latest_only_with_trigger to 2024-04-28 00:00:00+00:00
[2024-04-30 16:39:23,030] {scheduler_job.py:190} INFO - Processing /home/airflow/.local/lib/python3.6/site-packages/airflow/example_dags/example_latest_only_with_trigger.py took 0.061 seconds
[2024-04-30 16:39:53,607] {scheduler_job.py:182} INFO - Started process (PID=2024) to work on /home/airflow/.local/lib/python3.6/site-packages/airflow/example_dags/example_latest_only_with_trigger.py
[2024-04-30 16:39:53,609] {scheduler_job.py:629} INFO - Processing file /home/airflow/.local/lib/python3.6/site-packages/airflow/example_dags/example_latest_only_with_trigger.py for tasks to queue
[2024-04-30 16:39:53,609] {logging_mixin.py:104} INFO - [2024-04-30 16:39:53,609] {dagbag.py:451} INFO - Filling up the DagBag from /home/airflow/.local/lib/python3.6/site-packages/airflow/example_dags/example_latest_only_with_trigger.py
[2024-04-30 16:39:53,620] {scheduler_job.py:639} INFO - DAG(s) dict_keys(['latest_only_with_trigger']) retrieved from /home/airflow/.local/lib/python3.6/site-packages/airflow/example_dags/example_latest_only_with_trigger.py
[2024-04-30 16:39:53,641] {logging_mixin.py:104} INFO - [2024-04-30 16:39:53,641] {dag.py:1824} INFO - Sync 1 DAGs
[2024-04-30 16:39:53,655] {logging_mixin.py:104} INFO - [2024-04-30 16:39:53,655] {dag.py:2280} INFO - Setting next_dagrun for latest_only_with_trigger to 2024-04-28 00:00:00+00:00
[2024-04-30 16:39:53,665] {scheduler_job.py:190} INFO - Processing /home/airflow/.local/lib/python3.6/site-packages/airflow/example_dags/example_latest_only_with_trigger.py took 0.060 seconds
[2024-04-30 16:40:24,063] {scheduler_job.py:182} INFO - Started process (PID=2056) to work on /home/airflow/.local/lib/python3.6/site-packages/airflow/example_dags/example_latest_only_with_trigger.py
[2024-04-30 16:40:24,064] {scheduler_job.py:629} INFO - Processing file /home/airflow/.local/lib/python3.6/site-packages/airflow/example_dags/example_latest_only_with_trigger.py for tasks to queue
[2024-04-30 16:40:24,065] {logging_mixin.py:104} INFO - [2024-04-30 16:40:24,065] {dagbag.py:451} INFO - Filling up the DagBag from /home/airflow/.local/lib/python3.6/site-packages/airflow/example_dags/example_latest_only_with_trigger.py
[2024-04-30 16:40:24,075] {scheduler_job.py:639} INFO - DAG(s) dict_keys(['latest_only_with_trigger']) retrieved from /home/airflow/.local/lib/python3.6/site-packages/airflow/example_dags/example_latest_only_with_trigger.py
[2024-04-30 16:40:24,094] {logging_mixin.py:104} INFO - [2024-04-30 16:40:24,094] {dag.py:1824} INFO - Sync 1 DAGs
[2024-04-30 16:40:24,108] {logging_mixin.py:104} INFO - [2024-04-30 16:40:24,108] {dag.py:2280} INFO - Setting next_dagrun for latest_only_with_trigger to 2024-04-28 00:00:00+00:00
[2024-04-30 16:40:24,117] {scheduler_job.py:190} INFO - Processing /home/airflow/.local/lib/python3.6/site-packages/airflow/example_dags/example_latest_only_with_trigger.py took 0.057 seconds
[2024-04-30 16:40:54,543] {scheduler_job.py:182} INFO - Started process (PID=2088) to work on /home/airflow/.local/lib/python3.6/site-packages/airflow/example_dags/example_latest_only_with_trigger.py
[2024-04-30 16:40:54,544] {scheduler_job.py:629} INFO - Processing file /home/airflow/.local/lib/python3.6/site-packages/airflow/example_dags/example_latest_only_with_trigger.py for tasks to queue
[2024-04-30 16:40:54,545] {logging_mixin.py:104} INFO - [2024-04-30 16:40:54,545] {dagbag.py:451} INFO - Filling up the DagBag from /home/airflow/.local/lib/python3.6/site-packages/airflow/example_dags/example_latest_only_with_trigger.py
[2024-04-30 16:40:54,554] {scheduler_job.py:639} INFO - DAG(s) dict_keys(['latest_only_with_trigger']) retrieved from /home/airflow/.local/lib/python3.6/site-packages/airflow/example_dags/example_latest_only_with_trigger.py
[2024-04-30 16:40:54,572] {logging_mixin.py:104} INFO - [2024-04-30 16:40:54,572] {dag.py:1824} INFO - Sync 1 DAGs
[2024-04-30 16:40:54,586] {logging_mixin.py:104} INFO - [2024-04-30 16:40:54,586] {dag.py:2280} INFO - Setting next_dagrun for latest_only_with_trigger to 2024-04-28 00:00:00+00:00
[2024-04-30 16:40:54,595] {scheduler_job.py:190} INFO - Processing /home/airflow/.local/lib/python3.6/site-packages/airflow/example_dags/example_latest_only_with_trigger.py took 0.054 seconds
[2024-04-30 16:41:25,148] {scheduler_job.py:182} INFO - Started process (PID=2120) to work on /home/airflow/.local/lib/python3.6/site-packages/airflow/example_dags/example_latest_only_with_trigger.py
[2024-04-30 16:41:25,149] {scheduler_job.py:629} INFO - Processing file /home/airflow/.local/lib/python3.6/site-packages/airflow/example_dags/example_latest_only_with_trigger.py for tasks to queue
[2024-04-30 16:41:25,150] {logging_mixin.py:104} INFO - [2024-04-30 16:41:25,150] {dagbag.py:451} INFO - Filling up the DagBag from /home/airflow/.local/lib/python3.6/site-packages/airflow/example_dags/example_latest_only_with_trigger.py
[2024-04-30 16:41:25,160] {scheduler_job.py:639} INFO - DAG(s) dict_keys(['latest_only_with_trigger']) retrieved from /home/airflow/.local/lib/python3.6/site-packages/airflow/example_dags/example_latest_only_with_trigger.py
[2024-04-30 16:41:25,180] {logging_mixin.py:104} INFO - [2024-04-30 16:41:25,180] {dag.py:1824} INFO - Sync 1 DAGs
[2024-04-30 16:41:25,195] {logging_mixin.py:104} INFO - [2024-04-30 16:41:25,195] {dag.py:2280} INFO - Setting next_dagrun for latest_only_with_trigger to 2024-04-28 00:00:00+00:00
[2024-04-30 16:41:25,205] {scheduler_job.py:190} INFO - Processing /home/airflow/.local/lib/python3.6/site-packages/airflow/example_dags/example_latest_only_with_trigger.py took 0.059 seconds
