[2024-04-30 16:09:35,544] {scheduler_job.py:182} INFO - Started process (PID=47) to work on /home/airflow/.local/lib/python3.6/site-packages/airflow/example_dags/example_task_group.py
[2024-04-30 16:09:35,551] {scheduler_job.py:629} INFO - Processing file /home/airflow/.local/lib/python3.6/site-packages/airflow/example_dags/example_task_group.py for tasks to queue
[2024-04-30 16:09:35,557] {logging_mixin.py:104} INFO - [2024-04-30 16:09:35,553] {dagbag.py:451} INFO - Filling up the DagBag from /home/airflow/.local/lib/python3.6/site-packages/airflow/example_dags/example_task_group.py
[2024-04-30 16:09:35,625] {scheduler_job.py:639} INFO - DAG(s) dict_keys(['example_task_group']) retrieved from /home/airflow/.local/lib/python3.6/site-packages/airflow/example_dags/example_task_group.py
[2024-04-30 16:09:35,740] {logging_mixin.py:104} INFO - [2024-04-30 16:09:35,739] {dag.py:1824} INFO - Sync 1 DAGs
[2024-04-30 16:09:35,795] {logging_mixin.py:104} INFO - [2024-04-30 16:09:35,794] {dag.py:2280} INFO - Setting next_dagrun for example_task_group to 2024-04-28 00:00:00+00:00
[2024-04-30 16:09:35,842] {scheduler_job.py:190} INFO - Processing /home/airflow/.local/lib/python3.6/site-packages/airflow/example_dags/example_task_group.py took 0.328 seconds
[2024-04-30 16:10:06,192] {scheduler_job.py:182} INFO - Started process (PID=119) to work on /home/airflow/.local/lib/python3.6/site-packages/airflow/example_dags/example_task_group.py
[2024-04-30 16:10:06,196] {scheduler_job.py:629} INFO - Processing file /home/airflow/.local/lib/python3.6/site-packages/airflow/example_dags/example_task_group.py for tasks to queue
[2024-04-30 16:10:06,198] {logging_mixin.py:104} INFO - [2024-04-30 16:10:06,198] {dagbag.py:451} INFO - Filling up the DagBag from /home/airflow/.local/lib/python3.6/site-packages/airflow/example_dags/example_task_group.py
[2024-04-30 16:10:06,284] {scheduler_job.py:639} INFO - DAG(s) dict_keys(['example_task_group']) retrieved from /home/airflow/.local/lib/python3.6/site-packages/airflow/example_dags/example_task_group.py
[2024-04-30 16:10:06,437] {logging_mixin.py:104} INFO - [2024-04-30 16:10:06,437] {dag.py:1824} INFO - Sync 1 DAGs
[2024-04-30 16:10:06,586] {logging_mixin.py:104} INFO - [2024-04-30 16:10:06,585] {dag.py:2280} INFO - Setting next_dagrun for example_task_group to 2024-04-28 00:00:00+00:00
[2024-04-30 16:10:06,673] {scheduler_job.py:190} INFO - Processing /home/airflow/.local/lib/python3.6/site-packages/airflow/example_dags/example_task_group.py took 0.500 seconds
[2024-04-30 16:10:37,308] {scheduler_job.py:182} INFO - Started process (PID=151) to work on /home/airflow/.local/lib/python3.6/site-packages/airflow/example_dags/example_task_group.py
[2024-04-30 16:10:37,313] {scheduler_job.py:629} INFO - Processing file /home/airflow/.local/lib/python3.6/site-packages/airflow/example_dags/example_task_group.py for tasks to queue
[2024-04-30 16:10:37,316] {logging_mixin.py:104} INFO - [2024-04-30 16:10:37,315] {dagbag.py:451} INFO - Filling up the DagBag from /home/airflow/.local/lib/python3.6/site-packages/airflow/example_dags/example_task_group.py
[2024-04-30 16:10:37,425] {scheduler_job.py:639} INFO - DAG(s) dict_keys(['example_task_group']) retrieved from /home/airflow/.local/lib/python3.6/site-packages/airflow/example_dags/example_task_group.py
[2024-04-30 16:10:37,736] {logging_mixin.py:104} INFO - [2024-04-30 16:10:37,735] {dag.py:1824} INFO - Sync 1 DAGs
[2024-04-30 16:10:37,795] {logging_mixin.py:104} INFO - [2024-04-30 16:10:37,795] {dag.py:2280} INFO - Setting next_dagrun for example_task_group to 2024-04-28 00:00:00+00:00
[2024-04-30 16:10:37,830] {scheduler_job.py:190} INFO - Processing /home/airflow/.local/lib/python3.6/site-packages/airflow/example_dags/example_task_group.py took 0.530 seconds
[2024-04-30 16:11:23,538] {scheduler_job.py:182} INFO - Started process (PID=214) to work on /home/airflow/.local/lib/python3.6/site-packages/airflow/example_dags/example_task_group.py
[2024-04-30 16:11:23,543] {scheduler_job.py:629} INFO - Processing file /home/airflow/.local/lib/python3.6/site-packages/airflow/example_dags/example_task_group.py for tasks to queue
[2024-04-30 16:11:23,557] {logging_mixin.py:104} INFO - [2024-04-30 16:11:23,556] {dagbag.py:451} INFO - Filling up the DagBag from /home/airflow/.local/lib/python3.6/site-packages/airflow/example_dags/example_task_group.py
[2024-04-30 16:11:23,659] {scheduler_job.py:639} INFO - DAG(s) dict_keys(['example_task_group']) retrieved from /home/airflow/.local/lib/python3.6/site-packages/airflow/example_dags/example_task_group.py
[2024-04-30 16:11:23,857] {logging_mixin.py:104} INFO - [2024-04-30 16:11:23,854] {dag.py:1824} INFO - Sync 1 DAGs
[2024-04-30 16:11:23,976] {logging_mixin.py:104} INFO - [2024-04-30 16:11:23,976] {dag.py:2280} INFO - Setting next_dagrun for example_task_group to 2024-04-28 00:00:00+00:00
[2024-04-30 16:11:24,029] {scheduler_job.py:190} INFO - Processing /home/airflow/.local/lib/python3.6/site-packages/airflow/example_dags/example_task_group.py took 0.512 seconds
[2024-04-30 16:11:54,299] {scheduler_job.py:182} INFO - Started process (PID=258) to work on /home/airflow/.local/lib/python3.6/site-packages/airflow/example_dags/example_task_group.py
[2024-04-30 16:11:54,302] {scheduler_job.py:629} INFO - Processing file /home/airflow/.local/lib/python3.6/site-packages/airflow/example_dags/example_task_group.py for tasks to queue
[2024-04-30 16:11:54,304] {logging_mixin.py:104} INFO - [2024-04-30 16:11:54,304] {dagbag.py:451} INFO - Filling up the DagBag from /home/airflow/.local/lib/python3.6/site-packages/airflow/example_dags/example_task_group.py
[2024-04-30 16:11:54,322] {scheduler_job.py:639} INFO - DAG(s) dict_keys(['example_task_group']) retrieved from /home/airflow/.local/lib/python3.6/site-packages/airflow/example_dags/example_task_group.py
[2024-04-30 16:11:54,348] {logging_mixin.py:104} INFO - [2024-04-30 16:11:54,347] {dag.py:1824} INFO - Sync 1 DAGs
[2024-04-30 16:11:54,373] {logging_mixin.py:104} INFO - [2024-04-30 16:11:54,373] {dag.py:2280} INFO - Setting next_dagrun for example_task_group to 2024-04-28 00:00:00+00:00
[2024-04-30 16:11:54,389] {scheduler_job.py:190} INFO - Processing /home/airflow/.local/lib/python3.6/site-packages/airflow/example_dags/example_task_group.py took 0.096 seconds
[2024-04-30 16:12:24,912] {scheduler_job.py:182} INFO - Started process (PID=288) to work on /home/airflow/.local/lib/python3.6/site-packages/airflow/example_dags/example_task_group.py
[2024-04-30 16:12:24,915] {scheduler_job.py:629} INFO - Processing file /home/airflow/.local/lib/python3.6/site-packages/airflow/example_dags/example_task_group.py for tasks to queue
[2024-04-30 16:12:24,917] {logging_mixin.py:104} INFO - [2024-04-30 16:12:24,917] {dagbag.py:451} INFO - Filling up the DagBag from /home/airflow/.local/lib/python3.6/site-packages/airflow/example_dags/example_task_group.py
[2024-04-30 16:12:24,939] {scheduler_job.py:639} INFO - DAG(s) dict_keys(['example_task_group']) retrieved from /home/airflow/.local/lib/python3.6/site-packages/airflow/example_dags/example_task_group.py
[2024-04-30 16:12:24,990] {logging_mixin.py:104} INFO - [2024-04-30 16:12:24,990] {dag.py:1824} INFO - Sync 1 DAGs
[2024-04-30 16:12:25,024] {logging_mixin.py:104} INFO - [2024-04-30 16:12:25,024] {dag.py:2280} INFO - Setting next_dagrun for example_task_group to 2024-04-28 00:00:00+00:00
[2024-04-30 16:12:25,043] {scheduler_job.py:190} INFO - Processing /home/airflow/.local/lib/python3.6/site-packages/airflow/example_dags/example_task_group.py took 0.140 seconds
[2024-04-30 16:12:55,776] {scheduler_job.py:182} INFO - Started process (PID=320) to work on /home/airflow/.local/lib/python3.6/site-packages/airflow/example_dags/example_task_group.py
[2024-04-30 16:12:55,779] {scheduler_job.py:629} INFO - Processing file /home/airflow/.local/lib/python3.6/site-packages/airflow/example_dags/example_task_group.py for tasks to queue
[2024-04-30 16:12:55,781] {logging_mixin.py:104} INFO - [2024-04-30 16:12:55,781] {dagbag.py:451} INFO - Filling up the DagBag from /home/airflow/.local/lib/python3.6/site-packages/airflow/example_dags/example_task_group.py
[2024-04-30 16:12:55,813] {scheduler_job.py:639} INFO - DAG(s) dict_keys(['example_task_group']) retrieved from /home/airflow/.local/lib/python3.6/site-packages/airflow/example_dags/example_task_group.py
[2024-04-30 16:12:55,855] {logging_mixin.py:104} INFO - [2024-04-30 16:12:55,855] {dag.py:1824} INFO - Sync 1 DAGs
[2024-04-30 16:12:55,882] {logging_mixin.py:104} INFO - [2024-04-30 16:12:55,881] {dag.py:2280} INFO - Setting next_dagrun for example_task_group to 2024-04-28 00:00:00+00:00
[2024-04-30 16:12:55,900] {scheduler_job.py:190} INFO - Processing /home/airflow/.local/lib/python3.6/site-packages/airflow/example_dags/example_task_group.py took 0.141 seconds
[2024-04-30 16:13:26,660] {scheduler_job.py:182} INFO - Started process (PID=352) to work on /home/airflow/.local/lib/python3.6/site-packages/airflow/example_dags/example_task_group.py
[2024-04-30 16:13:26,663] {scheduler_job.py:629} INFO - Processing file /home/airflow/.local/lib/python3.6/site-packages/airflow/example_dags/example_task_group.py for tasks to queue
[2024-04-30 16:13:26,665] {logging_mixin.py:104} INFO - [2024-04-30 16:13:26,665] {dagbag.py:451} INFO - Filling up the DagBag from /home/airflow/.local/lib/python3.6/site-packages/airflow/example_dags/example_task_group.py
[2024-04-30 16:13:26,700] {scheduler_job.py:639} INFO - DAG(s) dict_keys(['example_task_group']) retrieved from /home/airflow/.local/lib/python3.6/site-packages/airflow/example_dags/example_task_group.py
[2024-04-30 16:13:26,748] {logging_mixin.py:104} INFO - [2024-04-30 16:13:26,748] {dag.py:1824} INFO - Sync 1 DAGs
[2024-04-30 16:13:26,793] {logging_mixin.py:104} INFO - [2024-04-30 16:13:26,793] {dag.py:2280} INFO - Setting next_dagrun for example_task_group to 2024-04-28 00:00:00+00:00
[2024-04-30 16:13:26,951] {scheduler_job.py:190} INFO - Processing /home/airflow/.local/lib/python3.6/site-packages/airflow/example_dags/example_task_group.py took 0.298 seconds
[2024-04-30 16:13:58,013] {scheduler_job.py:182} INFO - Started process (PID=403) to work on /home/airflow/.local/lib/python3.6/site-packages/airflow/example_dags/example_task_group.py
[2024-04-30 16:13:58,016] {scheduler_job.py:629} INFO - Processing file /home/airflow/.local/lib/python3.6/site-packages/airflow/example_dags/example_task_group.py for tasks to queue
[2024-04-30 16:13:58,018] {logging_mixin.py:104} INFO - [2024-04-30 16:13:58,017] {dagbag.py:451} INFO - Filling up the DagBag from /home/airflow/.local/lib/python3.6/site-packages/airflow/example_dags/example_task_group.py
[2024-04-30 16:13:58,049] {scheduler_job.py:639} INFO - DAG(s) dict_keys(['example_task_group']) retrieved from /home/airflow/.local/lib/python3.6/site-packages/airflow/example_dags/example_task_group.py
[2024-04-30 16:13:58,080] {logging_mixin.py:104} INFO - [2024-04-30 16:13:58,080] {dag.py:1824} INFO - Sync 1 DAGs
[2024-04-30 16:13:58,098] {logging_mixin.py:104} INFO - [2024-04-30 16:13:58,098] {dag.py:2280} INFO - Setting next_dagrun for example_task_group to 2024-04-28 00:00:00+00:00
[2024-04-30 16:13:58,109] {scheduler_job.py:190} INFO - Processing /home/airflow/.local/lib/python3.6/site-packages/airflow/example_dags/example_task_group.py took 0.102 seconds
[2024-04-30 16:14:28,595] {scheduler_job.py:182} INFO - Started process (PID=436) to work on /home/airflow/.local/lib/python3.6/site-packages/airflow/example_dags/example_task_group.py
[2024-04-30 16:14:28,597] {scheduler_job.py:629} INFO - Processing file /home/airflow/.local/lib/python3.6/site-packages/airflow/example_dags/example_task_group.py for tasks to queue
[2024-04-30 16:14:28,598] {logging_mixin.py:104} INFO - [2024-04-30 16:14:28,598] {dagbag.py:451} INFO - Filling up the DagBag from /home/airflow/.local/lib/python3.6/site-packages/airflow/example_dags/example_task_group.py
[2024-04-30 16:14:28,612] {scheduler_job.py:639} INFO - DAG(s) dict_keys(['example_task_group']) retrieved from /home/airflow/.local/lib/python3.6/site-packages/airflow/example_dags/example_task_group.py
[2024-04-30 16:14:28,648] {logging_mixin.py:104} INFO - [2024-04-30 16:14:28,648] {dag.py:1824} INFO - Sync 1 DAGs
[2024-04-30 16:14:28,670] {logging_mixin.py:104} INFO - [2024-04-30 16:14:28,670] {dag.py:2280} INFO - Setting next_dagrun for example_task_group to 2024-04-28 00:00:00+00:00
[2024-04-30 16:14:28,683] {scheduler_job.py:190} INFO - Processing /home/airflow/.local/lib/python3.6/site-packages/airflow/example_dags/example_task_group.py took 0.091 seconds
[2024-04-30 16:14:58,899] {scheduler_job.py:182} INFO - Started process (PID=468) to work on /home/airflow/.local/lib/python3.6/site-packages/airflow/example_dags/example_task_group.py
[2024-04-30 16:14:58,901] {scheduler_job.py:629} INFO - Processing file /home/airflow/.local/lib/python3.6/site-packages/airflow/example_dags/example_task_group.py for tasks to queue
[2024-04-30 16:14:58,902] {logging_mixin.py:104} INFO - [2024-04-30 16:14:58,902] {dagbag.py:451} INFO - Filling up the DagBag from /home/airflow/.local/lib/python3.6/site-packages/airflow/example_dags/example_task_group.py
[2024-04-30 16:14:58,917] {scheduler_job.py:639} INFO - DAG(s) dict_keys(['example_task_group']) retrieved from /home/airflow/.local/lib/python3.6/site-packages/airflow/example_dags/example_task_group.py
[2024-04-30 16:14:58,989] {logging_mixin.py:104} INFO - [2024-04-30 16:14:58,988] {dag.py:1824} INFO - Sync 1 DAGs
[2024-04-30 16:14:59,013] {logging_mixin.py:104} INFO - [2024-04-30 16:14:59,013] {dag.py:2280} INFO - Setting next_dagrun for example_task_group to 2024-04-28 00:00:00+00:00
[2024-04-30 16:14:59,026] {scheduler_job.py:190} INFO - Processing /home/airflow/.local/lib/python3.6/site-packages/airflow/example_dags/example_task_group.py took 0.131 seconds
[2024-04-30 16:15:29,949] {scheduler_job.py:182} INFO - Started process (PID=500) to work on /home/airflow/.local/lib/python3.6/site-packages/airflow/example_dags/example_task_group.py
[2024-04-30 16:15:29,951] {scheduler_job.py:629} INFO - Processing file /home/airflow/.local/lib/python3.6/site-packages/airflow/example_dags/example_task_group.py for tasks to queue
[2024-04-30 16:15:29,952] {logging_mixin.py:104} INFO - [2024-04-30 16:15:29,952] {dagbag.py:451} INFO - Filling up the DagBag from /home/airflow/.local/lib/python3.6/site-packages/airflow/example_dags/example_task_group.py
[2024-04-30 16:15:29,971] {scheduler_job.py:639} INFO - DAG(s) dict_keys(['example_task_group']) retrieved from /home/airflow/.local/lib/python3.6/site-packages/airflow/example_dags/example_task_group.py
[2024-04-30 16:15:30,010] {logging_mixin.py:104} INFO - [2024-04-30 16:15:30,009] {dag.py:1824} INFO - Sync 1 DAGs
[2024-04-30 16:15:30,048] {logging_mixin.py:104} INFO - [2024-04-30 16:15:30,048] {dag.py:2280} INFO - Setting next_dagrun for example_task_group to 2024-04-28 00:00:00+00:00
[2024-04-30 16:15:30,067] {scheduler_job.py:190} INFO - Processing /home/airflow/.local/lib/python3.6/site-packages/airflow/example_dags/example_task_group.py took 0.122 seconds
[2024-04-30 16:16:00,770] {scheduler_job.py:182} INFO - Started process (PID=532) to work on /home/airflow/.local/lib/python3.6/site-packages/airflow/example_dags/example_task_group.py
[2024-04-30 16:16:00,772] {scheduler_job.py:629} INFO - Processing file /home/airflow/.local/lib/python3.6/site-packages/airflow/example_dags/example_task_group.py for tasks to queue
[2024-04-30 16:16:00,774] {logging_mixin.py:104} INFO - [2024-04-30 16:16:00,773] {dagbag.py:451} INFO - Filling up the DagBag from /home/airflow/.local/lib/python3.6/site-packages/airflow/example_dags/example_task_group.py
[2024-04-30 16:16:00,792] {scheduler_job.py:639} INFO - DAG(s) dict_keys(['example_task_group']) retrieved from /home/airflow/.local/lib/python3.6/site-packages/airflow/example_dags/example_task_group.py
[2024-04-30 16:16:00,825] {logging_mixin.py:104} INFO - [2024-04-30 16:16:00,825] {dag.py:1824} INFO - Sync 1 DAGs
[2024-04-30 16:16:00,848] {logging_mixin.py:104} INFO - [2024-04-30 16:16:00,848] {dag.py:2280} INFO - Setting next_dagrun for example_task_group to 2024-04-28 00:00:00+00:00
[2024-04-30 16:16:00,865] {scheduler_job.py:190} INFO - Processing /home/airflow/.local/lib/python3.6/site-packages/airflow/example_dags/example_task_group.py took 0.099 seconds
[2024-04-30 16:16:31,269] {scheduler_job.py:182} INFO - Started process (PID=564) to work on /home/airflow/.local/lib/python3.6/site-packages/airflow/example_dags/example_task_group.py
[2024-04-30 16:16:31,279] {scheduler_job.py:629} INFO - Processing file /home/airflow/.local/lib/python3.6/site-packages/airflow/example_dags/example_task_group.py for tasks to queue
[2024-04-30 16:16:31,282] {logging_mixin.py:104} INFO - [2024-04-30 16:16:31,282] {dagbag.py:451} INFO - Filling up the DagBag from /home/airflow/.local/lib/python3.6/site-packages/airflow/example_dags/example_task_group.py
[2024-04-30 16:16:31,324] {scheduler_job.py:639} INFO - DAG(s) dict_keys(['example_task_group']) retrieved from /home/airflow/.local/lib/python3.6/site-packages/airflow/example_dags/example_task_group.py
[2024-04-30 16:16:31,373] {logging_mixin.py:104} INFO - [2024-04-30 16:16:31,373] {dag.py:1824} INFO - Sync 1 DAGs
[2024-04-30 16:16:31,434] {logging_mixin.py:104} INFO - [2024-04-30 16:16:31,434] {dag.py:2280} INFO - Setting next_dagrun for example_task_group to 2024-04-28 00:00:00+00:00
[2024-04-30 16:16:31,453] {scheduler_job.py:190} INFO - Processing /home/airflow/.local/lib/python3.6/site-packages/airflow/example_dags/example_task_group.py took 0.231 seconds
[2024-04-30 16:17:02,180] {scheduler_job.py:182} INFO - Started process (PID=596) to work on /home/airflow/.local/lib/python3.6/site-packages/airflow/example_dags/example_task_group.py
[2024-04-30 16:17:02,181] {scheduler_job.py:629} INFO - Processing file /home/airflow/.local/lib/python3.6/site-packages/airflow/example_dags/example_task_group.py for tasks to queue
[2024-04-30 16:17:02,182] {logging_mixin.py:104} INFO - [2024-04-30 16:17:02,182] {dagbag.py:451} INFO - Filling up the DagBag from /home/airflow/.local/lib/python3.6/site-packages/airflow/example_dags/example_task_group.py
[2024-04-30 16:17:02,195] {scheduler_job.py:639} INFO - DAG(s) dict_keys(['example_task_group']) retrieved from /home/airflow/.local/lib/python3.6/site-packages/airflow/example_dags/example_task_group.py
[2024-04-30 16:17:02,215] {logging_mixin.py:104} INFO - [2024-04-30 16:17:02,215] {dag.py:1824} INFO - Sync 1 DAGs
[2024-04-30 16:17:02,228] {logging_mixin.py:104} INFO - [2024-04-30 16:17:02,228] {dag.py:2280} INFO - Setting next_dagrun for example_task_group to 2024-04-28 00:00:00+00:00
[2024-04-30 16:17:02,239] {scheduler_job.py:190} INFO - Processing /home/airflow/.local/lib/python3.6/site-packages/airflow/example_dags/example_task_group.py took 0.062 seconds
[2024-04-30 16:17:32,937] {scheduler_job.py:182} INFO - Started process (PID=628) to work on /home/airflow/.local/lib/python3.6/site-packages/airflow/example_dags/example_task_group.py
[2024-04-30 16:17:32,939] {scheduler_job.py:629} INFO - Processing file /home/airflow/.local/lib/python3.6/site-packages/airflow/example_dags/example_task_group.py for tasks to queue
[2024-04-30 16:17:32,940] {logging_mixin.py:104} INFO - [2024-04-30 16:17:32,939] {dagbag.py:451} INFO - Filling up the DagBag from /home/airflow/.local/lib/python3.6/site-packages/airflow/example_dags/example_task_group.py
[2024-04-30 16:17:32,952] {scheduler_job.py:639} INFO - DAG(s) dict_keys(['example_task_group']) retrieved from /home/airflow/.local/lib/python3.6/site-packages/airflow/example_dags/example_task_group.py
[2024-04-30 16:17:32,973] {logging_mixin.py:104} INFO - [2024-04-30 16:17:32,972] {dag.py:1824} INFO - Sync 1 DAGs
[2024-04-30 16:17:32,986] {logging_mixin.py:104} INFO - [2024-04-30 16:17:32,986] {dag.py:2280} INFO - Setting next_dagrun for example_task_group to 2024-04-28 00:00:00+00:00
[2024-04-30 16:17:32,996] {scheduler_job.py:190} INFO - Processing /home/airflow/.local/lib/python3.6/site-packages/airflow/example_dags/example_task_group.py took 0.062 seconds
[2024-04-30 16:18:03,983] {scheduler_job.py:182} INFO - Started process (PID=660) to work on /home/airflow/.local/lib/python3.6/site-packages/airflow/example_dags/example_task_group.py
[2024-04-30 16:18:03,985] {scheduler_job.py:629} INFO - Processing file /home/airflow/.local/lib/python3.6/site-packages/airflow/example_dags/example_task_group.py for tasks to queue
[2024-04-30 16:18:03,986] {logging_mixin.py:104} INFO - [2024-04-30 16:18:03,986] {dagbag.py:451} INFO - Filling up the DagBag from /home/airflow/.local/lib/python3.6/site-packages/airflow/example_dags/example_task_group.py
[2024-04-30 16:18:03,997] {scheduler_job.py:639} INFO - DAG(s) dict_keys(['example_task_group']) retrieved from /home/airflow/.local/lib/python3.6/site-packages/airflow/example_dags/example_task_group.py
[2024-04-30 16:18:04,020] {logging_mixin.py:104} INFO - [2024-04-30 16:18:04,020] {dag.py:1824} INFO - Sync 1 DAGs
[2024-04-30 16:18:04,035] {logging_mixin.py:104} INFO - [2024-04-30 16:18:04,035] {dag.py:2280} INFO - Setting next_dagrun for example_task_group to 2024-04-28 00:00:00+00:00
[2024-04-30 16:18:04,045] {scheduler_job.py:190} INFO - Processing /home/airflow/.local/lib/python3.6/site-packages/airflow/example_dags/example_task_group.py took 0.065 seconds
[2024-04-30 16:18:34,297] {scheduler_job.py:182} INFO - Started process (PID=692) to work on /home/airflow/.local/lib/python3.6/site-packages/airflow/example_dags/example_task_group.py
[2024-04-30 16:18:34,299] {scheduler_job.py:629} INFO - Processing file /home/airflow/.local/lib/python3.6/site-packages/airflow/example_dags/example_task_group.py for tasks to queue
[2024-04-30 16:18:34,300] {logging_mixin.py:104} INFO - [2024-04-30 16:18:34,300] {dagbag.py:451} INFO - Filling up the DagBag from /home/airflow/.local/lib/python3.6/site-packages/airflow/example_dags/example_task_group.py
[2024-04-30 16:18:34,314] {scheduler_job.py:639} INFO - DAG(s) dict_keys(['example_task_group']) retrieved from /home/airflow/.local/lib/python3.6/site-packages/airflow/example_dags/example_task_group.py
[2024-04-30 16:18:34,334] {logging_mixin.py:104} INFO - [2024-04-30 16:18:34,334] {dag.py:1824} INFO - Sync 1 DAGs
[2024-04-30 16:18:34,347] {logging_mixin.py:104} INFO - [2024-04-30 16:18:34,347] {dag.py:2280} INFO - Setting next_dagrun for example_task_group to 2024-04-28 00:00:00+00:00
[2024-04-30 16:18:34,360] {scheduler_job.py:190} INFO - Processing /home/airflow/.local/lib/python3.6/site-packages/airflow/example_dags/example_task_group.py took 0.066 seconds
[2024-04-30 16:19:04,846] {scheduler_job.py:182} INFO - Started process (PID=724) to work on /home/airflow/.local/lib/python3.6/site-packages/airflow/example_dags/example_task_group.py
[2024-04-30 16:19:04,847] {scheduler_job.py:629} INFO - Processing file /home/airflow/.local/lib/python3.6/site-packages/airflow/example_dags/example_task_group.py for tasks to queue
[2024-04-30 16:19:04,848] {logging_mixin.py:104} INFO - [2024-04-30 16:19:04,848] {dagbag.py:451} INFO - Filling up the DagBag from /home/airflow/.local/lib/python3.6/site-packages/airflow/example_dags/example_task_group.py
[2024-04-30 16:19:04,859] {scheduler_job.py:639} INFO - DAG(s) dict_keys(['example_task_group']) retrieved from /home/airflow/.local/lib/python3.6/site-packages/airflow/example_dags/example_task_group.py
[2024-04-30 16:19:04,882] {logging_mixin.py:104} INFO - [2024-04-30 16:19:04,882] {dag.py:1824} INFO - Sync 1 DAGs
[2024-04-30 16:19:04,897] {logging_mixin.py:104} INFO - [2024-04-30 16:19:04,897] {dag.py:2280} INFO - Setting next_dagrun for example_task_group to 2024-04-28 00:00:00+00:00
[2024-04-30 16:19:04,910] {scheduler_job.py:190} INFO - Processing /home/airflow/.local/lib/python3.6/site-packages/airflow/example_dags/example_task_group.py took 0.067 seconds
[2024-04-30 16:19:35,286] {scheduler_job.py:182} INFO - Started process (PID=756) to work on /home/airflow/.local/lib/python3.6/site-packages/airflow/example_dags/example_task_group.py
[2024-04-30 16:19:35,287] {scheduler_job.py:629} INFO - Processing file /home/airflow/.local/lib/python3.6/site-packages/airflow/example_dags/example_task_group.py for tasks to queue
[2024-04-30 16:19:35,288] {logging_mixin.py:104} INFO - [2024-04-30 16:19:35,288] {dagbag.py:451} INFO - Filling up the DagBag from /home/airflow/.local/lib/python3.6/site-packages/airflow/example_dags/example_task_group.py
[2024-04-30 16:19:35,301] {scheduler_job.py:639} INFO - DAG(s) dict_keys(['example_task_group']) retrieved from /home/airflow/.local/lib/python3.6/site-packages/airflow/example_dags/example_task_group.py
[2024-04-30 16:19:35,321] {logging_mixin.py:104} INFO - [2024-04-30 16:19:35,321] {dag.py:1824} INFO - Sync 1 DAGs
[2024-04-30 16:19:35,337] {logging_mixin.py:104} INFO - [2024-04-30 16:19:35,336] {dag.py:2280} INFO - Setting next_dagrun for example_task_group to 2024-04-28 00:00:00+00:00
[2024-04-30 16:19:35,347] {scheduler_job.py:190} INFO - Processing /home/airflow/.local/lib/python3.6/site-packages/airflow/example_dags/example_task_group.py took 0.065 seconds
[2024-04-30 16:20:05,675] {scheduler_job.py:182} INFO - Started process (PID=788) to work on /home/airflow/.local/lib/python3.6/site-packages/airflow/example_dags/example_task_group.py
[2024-04-30 16:20:05,677] {scheduler_job.py:629} INFO - Processing file /home/airflow/.local/lib/python3.6/site-packages/airflow/example_dags/example_task_group.py for tasks to queue
[2024-04-30 16:20:05,678] {logging_mixin.py:104} INFO - [2024-04-30 16:20:05,677] {dagbag.py:451} INFO - Filling up the DagBag from /home/airflow/.local/lib/python3.6/site-packages/airflow/example_dags/example_task_group.py
[2024-04-30 16:20:05,690] {scheduler_job.py:639} INFO - DAG(s) dict_keys(['example_task_group']) retrieved from /home/airflow/.local/lib/python3.6/site-packages/airflow/example_dags/example_task_group.py
[2024-04-30 16:20:05,710] {logging_mixin.py:104} INFO - [2024-04-30 16:20:05,710] {dag.py:1824} INFO - Sync 1 DAGs
[2024-04-30 16:20:05,726] {logging_mixin.py:104} INFO - [2024-04-30 16:20:05,726] {dag.py:2280} INFO - Setting next_dagrun for example_task_group to 2024-04-28 00:00:00+00:00
[2024-04-30 16:20:05,736] {scheduler_job.py:190} INFO - Processing /home/airflow/.local/lib/python3.6/site-packages/airflow/example_dags/example_task_group.py took 0.063 seconds
[2024-04-30 16:20:36,193] {scheduler_job.py:182} INFO - Started process (PID=820) to work on /home/airflow/.local/lib/python3.6/site-packages/airflow/example_dags/example_task_group.py
[2024-04-30 16:20:36,194] {scheduler_job.py:629} INFO - Processing file /home/airflow/.local/lib/python3.6/site-packages/airflow/example_dags/example_task_group.py for tasks to queue
[2024-04-30 16:20:36,195] {logging_mixin.py:104} INFO - [2024-04-30 16:20:36,195] {dagbag.py:451} INFO - Filling up the DagBag from /home/airflow/.local/lib/python3.6/site-packages/airflow/example_dags/example_task_group.py
[2024-04-30 16:20:36,207] {scheduler_job.py:639} INFO - DAG(s) dict_keys(['example_task_group']) retrieved from /home/airflow/.local/lib/python3.6/site-packages/airflow/example_dags/example_task_group.py
[2024-04-30 16:20:36,228] {logging_mixin.py:104} INFO - [2024-04-30 16:20:36,228] {dag.py:1824} INFO - Sync 1 DAGs
[2024-04-30 16:20:36,249] {logging_mixin.py:104} INFO - [2024-04-30 16:20:36,248] {dag.py:2280} INFO - Setting next_dagrun for example_task_group to 2024-04-28 00:00:00+00:00
[2024-04-30 16:20:36,261] {scheduler_job.py:190} INFO - Processing /home/airflow/.local/lib/python3.6/site-packages/airflow/example_dags/example_task_group.py took 0.071 seconds
[2024-04-30 16:21:06,685] {scheduler_job.py:182} INFO - Started process (PID=852) to work on /home/airflow/.local/lib/python3.6/site-packages/airflow/example_dags/example_task_group.py
[2024-04-30 16:21:06,686] {scheduler_job.py:629} INFO - Processing file /home/airflow/.local/lib/python3.6/site-packages/airflow/example_dags/example_task_group.py for tasks to queue
[2024-04-30 16:21:06,687] {logging_mixin.py:104} INFO - [2024-04-30 16:21:06,687] {dagbag.py:451} INFO - Filling up the DagBag from /home/airflow/.local/lib/python3.6/site-packages/airflow/example_dags/example_task_group.py
[2024-04-30 16:21:06,699] {scheduler_job.py:639} INFO - DAG(s) dict_keys(['example_task_group']) retrieved from /home/airflow/.local/lib/python3.6/site-packages/airflow/example_dags/example_task_group.py
[2024-04-30 16:21:06,720] {logging_mixin.py:104} INFO - [2024-04-30 16:21:06,720] {dag.py:1824} INFO - Sync 1 DAGs
[2024-04-30 16:21:06,735] {logging_mixin.py:104} INFO - [2024-04-30 16:21:06,735] {dag.py:2280} INFO - Setting next_dagrun for example_task_group to 2024-04-28 00:00:00+00:00
[2024-04-30 16:21:06,747] {scheduler_job.py:190} INFO - Processing /home/airflow/.local/lib/python3.6/site-packages/airflow/example_dags/example_task_group.py took 0.064 seconds
[2024-04-30 16:21:37,191] {scheduler_job.py:182} INFO - Started process (PID=884) to work on /home/airflow/.local/lib/python3.6/site-packages/airflow/example_dags/example_task_group.py
[2024-04-30 16:21:37,193] {scheduler_job.py:629} INFO - Processing file /home/airflow/.local/lib/python3.6/site-packages/airflow/example_dags/example_task_group.py for tasks to queue
[2024-04-30 16:21:37,194] {logging_mixin.py:104} INFO - [2024-04-30 16:21:37,194] {dagbag.py:451} INFO - Filling up the DagBag from /home/airflow/.local/lib/python3.6/site-packages/airflow/example_dags/example_task_group.py
[2024-04-30 16:21:37,205] {scheduler_job.py:639} INFO - DAG(s) dict_keys(['example_task_group']) retrieved from /home/airflow/.local/lib/python3.6/site-packages/airflow/example_dags/example_task_group.py
[2024-04-30 16:21:37,232] {logging_mixin.py:104} INFO - [2024-04-30 16:21:37,232] {dag.py:1824} INFO - Sync 1 DAGs
[2024-04-30 16:21:37,253] {logging_mixin.py:104} INFO - [2024-04-30 16:21:37,252] {dag.py:2280} INFO - Setting next_dagrun for example_task_group to 2024-04-28 00:00:00+00:00
[2024-04-30 16:21:37,265] {scheduler_job.py:190} INFO - Processing /home/airflow/.local/lib/python3.6/site-packages/airflow/example_dags/example_task_group.py took 0.076 seconds
[2024-04-30 16:22:07,734] {scheduler_job.py:182} INFO - Started process (PID=916) to work on /home/airflow/.local/lib/python3.6/site-packages/airflow/example_dags/example_task_group.py
[2024-04-30 16:22:07,736] {scheduler_job.py:629} INFO - Processing file /home/airflow/.local/lib/python3.6/site-packages/airflow/example_dags/example_task_group.py for tasks to queue
[2024-04-30 16:22:07,737] {logging_mixin.py:104} INFO - [2024-04-30 16:22:07,737] {dagbag.py:451} INFO - Filling up the DagBag from /home/airflow/.local/lib/python3.6/site-packages/airflow/example_dags/example_task_group.py
[2024-04-30 16:22:07,751] {scheduler_job.py:639} INFO - DAG(s) dict_keys(['example_task_group']) retrieved from /home/airflow/.local/lib/python3.6/site-packages/airflow/example_dags/example_task_group.py
[2024-04-30 16:22:07,787] {logging_mixin.py:104} INFO - [2024-04-30 16:22:07,787] {dag.py:1824} INFO - Sync 1 DAGs
[2024-04-30 16:22:07,814] {logging_mixin.py:104} INFO - [2024-04-30 16:22:07,814] {dag.py:2280} INFO - Setting next_dagrun for example_task_group to 2024-04-28 00:00:00+00:00
[2024-04-30 16:22:07,824] {scheduler_job.py:190} INFO - Processing /home/airflow/.local/lib/python3.6/site-packages/airflow/example_dags/example_task_group.py took 0.095 seconds
[2024-04-30 16:22:38,462] {scheduler_job.py:182} INFO - Started process (PID=948) to work on /home/airflow/.local/lib/python3.6/site-packages/airflow/example_dags/example_task_group.py
[2024-04-30 16:22:38,465] {scheduler_job.py:629} INFO - Processing file /home/airflow/.local/lib/python3.6/site-packages/airflow/example_dags/example_task_group.py for tasks to queue
[2024-04-30 16:22:38,467] {logging_mixin.py:104} INFO - [2024-04-30 16:22:38,467] {dagbag.py:451} INFO - Filling up the DagBag from /home/airflow/.local/lib/python3.6/site-packages/airflow/example_dags/example_task_group.py
[2024-04-30 16:22:38,479] {scheduler_job.py:639} INFO - DAG(s) dict_keys(['example_task_group']) retrieved from /home/airflow/.local/lib/python3.6/site-packages/airflow/example_dags/example_task_group.py
[2024-04-30 16:22:38,505] {logging_mixin.py:104} INFO - [2024-04-30 16:22:38,505] {dag.py:1824} INFO - Sync 1 DAGs
[2024-04-30 16:22:38,522] {logging_mixin.py:104} INFO - [2024-04-30 16:22:38,522] {dag.py:2280} INFO - Setting next_dagrun for example_task_group to 2024-04-28 00:00:00+00:00
[2024-04-30 16:22:38,536] {scheduler_job.py:190} INFO - Processing /home/airflow/.local/lib/python3.6/site-packages/airflow/example_dags/example_task_group.py took 0.077 seconds
[2024-04-30 16:23:09,016] {scheduler_job.py:182} INFO - Started process (PID=980) to work on /home/airflow/.local/lib/python3.6/site-packages/airflow/example_dags/example_task_group.py
[2024-04-30 16:23:09,018] {scheduler_job.py:629} INFO - Processing file /home/airflow/.local/lib/python3.6/site-packages/airflow/example_dags/example_task_group.py for tasks to queue
[2024-04-30 16:23:09,019] {logging_mixin.py:104} INFO - [2024-04-30 16:23:09,019] {dagbag.py:451} INFO - Filling up the DagBag from /home/airflow/.local/lib/python3.6/site-packages/airflow/example_dags/example_task_group.py
[2024-04-30 16:23:09,032] {scheduler_job.py:639} INFO - DAG(s) dict_keys(['example_task_group']) retrieved from /home/airflow/.local/lib/python3.6/site-packages/airflow/example_dags/example_task_group.py
[2024-04-30 16:23:09,063] {logging_mixin.py:104} INFO - [2024-04-30 16:23:09,063] {dag.py:1824} INFO - Sync 1 DAGs
[2024-04-30 16:23:09,086] {logging_mixin.py:104} INFO - [2024-04-30 16:23:09,086] {dag.py:2280} INFO - Setting next_dagrun for example_task_group to 2024-04-28 00:00:00+00:00
[2024-04-30 16:23:09,104] {scheduler_job.py:190} INFO - Processing /home/airflow/.local/lib/python3.6/site-packages/airflow/example_dags/example_task_group.py took 0.092 seconds
[2024-04-30 16:23:39,516] {scheduler_job.py:182} INFO - Started process (PID=1012) to work on /home/airflow/.local/lib/python3.6/site-packages/airflow/example_dags/example_task_group.py
[2024-04-30 16:23:39,517] {scheduler_job.py:629} INFO - Processing file /home/airflow/.local/lib/python3.6/site-packages/airflow/example_dags/example_task_group.py for tasks to queue
[2024-04-30 16:23:39,518] {logging_mixin.py:104} INFO - [2024-04-30 16:23:39,518] {dagbag.py:451} INFO - Filling up the DagBag from /home/airflow/.local/lib/python3.6/site-packages/airflow/example_dags/example_task_group.py
[2024-04-30 16:23:39,530] {scheduler_job.py:639} INFO - DAG(s) dict_keys(['example_task_group']) retrieved from /home/airflow/.local/lib/python3.6/site-packages/airflow/example_dags/example_task_group.py
[2024-04-30 16:23:39,553] {logging_mixin.py:104} INFO - [2024-04-30 16:23:39,553] {dag.py:1824} INFO - Sync 1 DAGs
[2024-04-30 16:23:39,567] {logging_mixin.py:104} INFO - [2024-04-30 16:23:39,567] {dag.py:2280} INFO - Setting next_dagrun for example_task_group to 2024-04-28 00:00:00+00:00
[2024-04-30 16:23:39,581] {scheduler_job.py:190} INFO - Processing /home/airflow/.local/lib/python3.6/site-packages/airflow/example_dags/example_task_group.py took 0.069 seconds
[2024-04-30 16:24:10,188] {scheduler_job.py:182} INFO - Started process (PID=1044) to work on /home/airflow/.local/lib/python3.6/site-packages/airflow/example_dags/example_task_group.py
[2024-04-30 16:24:10,189] {scheduler_job.py:629} INFO - Processing file /home/airflow/.local/lib/python3.6/site-packages/airflow/example_dags/example_task_group.py for tasks to queue
[2024-04-30 16:24:10,190] {logging_mixin.py:104} INFO - [2024-04-30 16:24:10,190] {dagbag.py:451} INFO - Filling up the DagBag from /home/airflow/.local/lib/python3.6/site-packages/airflow/example_dags/example_task_group.py
[2024-04-30 16:24:10,201] {scheduler_job.py:639} INFO - DAG(s) dict_keys(['example_task_group']) retrieved from /home/airflow/.local/lib/python3.6/site-packages/airflow/example_dags/example_task_group.py
[2024-04-30 16:24:10,228] {logging_mixin.py:104} INFO - [2024-04-30 16:24:10,228] {dag.py:1824} INFO - Sync 1 DAGs
[2024-04-30 16:24:10,243] {logging_mixin.py:104} INFO - [2024-04-30 16:24:10,243] {dag.py:2280} INFO - Setting next_dagrun for example_task_group to 2024-04-28 00:00:00+00:00
[2024-04-30 16:24:10,253] {scheduler_job.py:190} INFO - Processing /home/airflow/.local/lib/python3.6/site-packages/airflow/example_dags/example_task_group.py took 0.068 seconds
[2024-04-30 16:24:40,678] {scheduler_job.py:182} INFO - Started process (PID=1076) to work on /home/airflow/.local/lib/python3.6/site-packages/airflow/example_dags/example_task_group.py
[2024-04-30 16:24:40,680] {scheduler_job.py:629} INFO - Processing file /home/airflow/.local/lib/python3.6/site-packages/airflow/example_dags/example_task_group.py for tasks to queue
[2024-04-30 16:24:40,682] {logging_mixin.py:104} INFO - [2024-04-30 16:24:40,681] {dagbag.py:451} INFO - Filling up the DagBag from /home/airflow/.local/lib/python3.6/site-packages/airflow/example_dags/example_task_group.py
[2024-04-30 16:24:40,695] {scheduler_job.py:639} INFO - DAG(s) dict_keys(['example_task_group']) retrieved from /home/airflow/.local/lib/python3.6/site-packages/airflow/example_dags/example_task_group.py
[2024-04-30 16:24:40,717] {logging_mixin.py:104} INFO - [2024-04-30 16:24:40,717] {dag.py:1824} INFO - Sync 1 DAGs
[2024-04-30 16:24:40,733] {logging_mixin.py:104} INFO - [2024-04-30 16:24:40,733] {dag.py:2280} INFO - Setting next_dagrun for example_task_group to 2024-04-28 00:00:00+00:00
[2024-04-30 16:24:40,745] {scheduler_job.py:190} INFO - Processing /home/airflow/.local/lib/python3.6/site-packages/airflow/example_dags/example_task_group.py took 0.072 seconds
[2024-04-30 16:25:11,406] {scheduler_job.py:182} INFO - Started process (PID=1108) to work on /home/airflow/.local/lib/python3.6/site-packages/airflow/example_dags/example_task_group.py
[2024-04-30 16:25:11,407] {scheduler_job.py:629} INFO - Processing file /home/airflow/.local/lib/python3.6/site-packages/airflow/example_dags/example_task_group.py for tasks to queue
[2024-04-30 16:25:11,408] {logging_mixin.py:104} INFO - [2024-04-30 16:25:11,408] {dagbag.py:451} INFO - Filling up the DagBag from /home/airflow/.local/lib/python3.6/site-packages/airflow/example_dags/example_task_group.py
[2024-04-30 16:25:11,422] {scheduler_job.py:639} INFO - DAG(s) dict_keys(['example_task_group']) retrieved from /home/airflow/.local/lib/python3.6/site-packages/airflow/example_dags/example_task_group.py
[2024-04-30 16:25:11,445] {logging_mixin.py:104} INFO - [2024-04-30 16:25:11,445] {dag.py:1824} INFO - Sync 1 DAGs
[2024-04-30 16:25:11,463] {logging_mixin.py:104} INFO - [2024-04-30 16:25:11,463] {dag.py:2280} INFO - Setting next_dagrun for example_task_group to 2024-04-28 00:00:00+00:00
[2024-04-30 16:25:11,474] {scheduler_job.py:190} INFO - Processing /home/airflow/.local/lib/python3.6/site-packages/airflow/example_dags/example_task_group.py took 0.072 seconds
[2024-04-30 16:25:42,043] {scheduler_job.py:182} INFO - Started process (PID=1140) to work on /home/airflow/.local/lib/python3.6/site-packages/airflow/example_dags/example_task_group.py
[2024-04-30 16:25:42,045] {scheduler_job.py:629} INFO - Processing file /home/airflow/.local/lib/python3.6/site-packages/airflow/example_dags/example_task_group.py for tasks to queue
[2024-04-30 16:25:42,050] {logging_mixin.py:104} INFO - [2024-04-30 16:25:42,047] {dagbag.py:451} INFO - Filling up the DagBag from /home/airflow/.local/lib/python3.6/site-packages/airflow/example_dags/example_task_group.py
[2024-04-30 16:25:42,077] {scheduler_job.py:639} INFO - DAG(s) dict_keys(['example_task_group']) retrieved from /home/airflow/.local/lib/python3.6/site-packages/airflow/example_dags/example_task_group.py
[2024-04-30 16:25:42,099] {logging_mixin.py:104} INFO - [2024-04-30 16:25:42,099] {dag.py:1824} INFO - Sync 1 DAGs
[2024-04-30 16:25:42,114] {logging_mixin.py:104} INFO - [2024-04-30 16:25:42,114] {dag.py:2280} INFO - Setting next_dagrun for example_task_group to 2024-04-28 00:00:00+00:00
[2024-04-30 16:25:42,130] {scheduler_job.py:190} INFO - Processing /home/airflow/.local/lib/python3.6/site-packages/airflow/example_dags/example_task_group.py took 0.091 seconds
[2024-04-30 16:26:12,511] {scheduler_job.py:182} INFO - Started process (PID=1172) to work on /home/airflow/.local/lib/python3.6/site-packages/airflow/example_dags/example_task_group.py
[2024-04-30 16:26:12,513] {scheduler_job.py:629} INFO - Processing file /home/airflow/.local/lib/python3.6/site-packages/airflow/example_dags/example_task_group.py for tasks to queue
[2024-04-30 16:26:12,513] {logging_mixin.py:104} INFO - [2024-04-30 16:26:12,513] {dagbag.py:451} INFO - Filling up the DagBag from /home/airflow/.local/lib/python3.6/site-packages/airflow/example_dags/example_task_group.py
[2024-04-30 16:26:12,529] {scheduler_job.py:639} INFO - DAG(s) dict_keys(['example_task_group']) retrieved from /home/airflow/.local/lib/python3.6/site-packages/airflow/example_dags/example_task_group.py
[2024-04-30 16:26:12,549] {logging_mixin.py:104} INFO - [2024-04-30 16:26:12,549] {dag.py:1824} INFO - Sync 1 DAGs
[2024-04-30 16:26:12,564] {logging_mixin.py:104} INFO - [2024-04-30 16:26:12,564] {dag.py:2280} INFO - Setting next_dagrun for example_task_group to 2024-04-28 00:00:00+00:00
[2024-04-30 16:26:12,576] {scheduler_job.py:190} INFO - Processing /home/airflow/.local/lib/python3.6/site-packages/airflow/example_dags/example_task_group.py took 0.069 seconds
[2024-04-30 16:26:42,971] {scheduler_job.py:182} INFO - Started process (PID=1204) to work on /home/airflow/.local/lib/python3.6/site-packages/airflow/example_dags/example_task_group.py
[2024-04-30 16:26:42,974] {scheduler_job.py:629} INFO - Processing file /home/airflow/.local/lib/python3.6/site-packages/airflow/example_dags/example_task_group.py for tasks to queue
[2024-04-30 16:26:42,975] {logging_mixin.py:104} INFO - [2024-04-30 16:26:42,975] {dagbag.py:451} INFO - Filling up the DagBag from /home/airflow/.local/lib/python3.6/site-packages/airflow/example_dags/example_task_group.py
[2024-04-30 16:26:42,986] {scheduler_job.py:639} INFO - DAG(s) dict_keys(['example_task_group']) retrieved from /home/airflow/.local/lib/python3.6/site-packages/airflow/example_dags/example_task_group.py
[2024-04-30 16:26:43,007] {logging_mixin.py:104} INFO - [2024-04-30 16:26:43,007] {dag.py:1824} INFO - Sync 1 DAGs
[2024-04-30 16:26:43,022] {logging_mixin.py:104} INFO - [2024-04-30 16:26:43,022] {dag.py:2280} INFO - Setting next_dagrun for example_task_group to 2024-04-28 00:00:00+00:00
[2024-04-30 16:26:43,032] {scheduler_job.py:190} INFO - Processing /home/airflow/.local/lib/python3.6/site-packages/airflow/example_dags/example_task_group.py took 0.066 seconds
[2024-04-30 16:27:13,485] {scheduler_job.py:182} INFO - Started process (PID=1236) to work on /home/airflow/.local/lib/python3.6/site-packages/airflow/example_dags/example_task_group.py
[2024-04-30 16:27:13,486] {scheduler_job.py:629} INFO - Processing file /home/airflow/.local/lib/python3.6/site-packages/airflow/example_dags/example_task_group.py for tasks to queue
[2024-04-30 16:27:13,487] {logging_mixin.py:104} INFO - [2024-04-30 16:27:13,487] {dagbag.py:451} INFO - Filling up the DagBag from /home/airflow/.local/lib/python3.6/site-packages/airflow/example_dags/example_task_group.py
[2024-04-30 16:27:13,498] {scheduler_job.py:639} INFO - DAG(s) dict_keys(['example_task_group']) retrieved from /home/airflow/.local/lib/python3.6/site-packages/airflow/example_dags/example_task_group.py
[2024-04-30 16:27:13,519] {logging_mixin.py:104} INFO - [2024-04-30 16:27:13,519] {dag.py:1824} INFO - Sync 1 DAGs
[2024-04-30 16:27:13,535] {logging_mixin.py:104} INFO - [2024-04-30 16:27:13,535] {dag.py:2280} INFO - Setting next_dagrun for example_task_group to 2024-04-28 00:00:00+00:00
[2024-04-30 16:27:13,545] {scheduler_job.py:190} INFO - Processing /home/airflow/.local/lib/python3.6/site-packages/airflow/example_dags/example_task_group.py took 0.064 seconds
[2024-04-30 16:27:44,022] {scheduler_job.py:182} INFO - Started process (PID=1268) to work on /home/airflow/.local/lib/python3.6/site-packages/airflow/example_dags/example_task_group.py
[2024-04-30 16:27:44,023] {scheduler_job.py:629} INFO - Processing file /home/airflow/.local/lib/python3.6/site-packages/airflow/example_dags/example_task_group.py for tasks to queue
[2024-04-30 16:27:44,024] {logging_mixin.py:104} INFO - [2024-04-30 16:27:44,024] {dagbag.py:451} INFO - Filling up the DagBag from /home/airflow/.local/lib/python3.6/site-packages/airflow/example_dags/example_task_group.py
[2024-04-30 16:27:44,036] {scheduler_job.py:639} INFO - DAG(s) dict_keys(['example_task_group']) retrieved from /home/airflow/.local/lib/python3.6/site-packages/airflow/example_dags/example_task_group.py
[2024-04-30 16:27:44,057] {logging_mixin.py:104} INFO - [2024-04-30 16:27:44,057] {dag.py:1824} INFO - Sync 1 DAGs
[2024-04-30 16:27:44,072] {logging_mixin.py:104} INFO - [2024-04-30 16:27:44,071] {dag.py:2280} INFO - Setting next_dagrun for example_task_group to 2024-04-28 00:00:00+00:00
[2024-04-30 16:27:44,082] {scheduler_job.py:190} INFO - Processing /home/airflow/.local/lib/python3.6/site-packages/airflow/example_dags/example_task_group.py took 0.062 seconds
[2024-04-30 16:28:14,599] {scheduler_job.py:182} INFO - Started process (PID=1300) to work on /home/airflow/.local/lib/python3.6/site-packages/airflow/example_dags/example_task_group.py
[2024-04-30 16:28:14,600] {scheduler_job.py:629} INFO - Processing file /home/airflow/.local/lib/python3.6/site-packages/airflow/example_dags/example_task_group.py for tasks to queue
[2024-04-30 16:28:14,601] {logging_mixin.py:104} INFO - [2024-04-30 16:28:14,601] {dagbag.py:451} INFO - Filling up the DagBag from /home/airflow/.local/lib/python3.6/site-packages/airflow/example_dags/example_task_group.py
[2024-04-30 16:28:14,613] {scheduler_job.py:639} INFO - DAG(s) dict_keys(['example_task_group']) retrieved from /home/airflow/.local/lib/python3.6/site-packages/airflow/example_dags/example_task_group.py
[2024-04-30 16:28:14,635] {logging_mixin.py:104} INFO - [2024-04-30 16:28:14,635] {dag.py:1824} INFO - Sync 1 DAGs
[2024-04-30 16:28:14,654] {logging_mixin.py:104} INFO - [2024-04-30 16:28:14,654] {dag.py:2280} INFO - Setting next_dagrun for example_task_group to 2024-04-28 00:00:00+00:00
[2024-04-30 16:28:14,665] {scheduler_job.py:190} INFO - Processing /home/airflow/.local/lib/python3.6/site-packages/airflow/example_dags/example_task_group.py took 0.069 seconds
[2024-04-30 16:28:45,109] {scheduler_job.py:182} INFO - Started process (PID=1332) to work on /home/airflow/.local/lib/python3.6/site-packages/airflow/example_dags/example_task_group.py
[2024-04-30 16:28:45,110] {scheduler_job.py:629} INFO - Processing file /home/airflow/.local/lib/python3.6/site-packages/airflow/example_dags/example_task_group.py for tasks to queue
[2024-04-30 16:28:45,111] {logging_mixin.py:104} INFO - [2024-04-30 16:28:45,111] {dagbag.py:451} INFO - Filling up the DagBag from /home/airflow/.local/lib/python3.6/site-packages/airflow/example_dags/example_task_group.py
[2024-04-30 16:28:45,122] {scheduler_job.py:639} INFO - DAG(s) dict_keys(['example_task_group']) retrieved from /home/airflow/.local/lib/python3.6/site-packages/airflow/example_dags/example_task_group.py
[2024-04-30 16:28:45,142] {logging_mixin.py:104} INFO - [2024-04-30 16:28:45,142] {dag.py:1824} INFO - Sync 1 DAGs
[2024-04-30 16:28:45,157] {logging_mixin.py:104} INFO - [2024-04-30 16:28:45,156] {dag.py:2280} INFO - Setting next_dagrun for example_task_group to 2024-04-28 00:00:00+00:00
[2024-04-30 16:28:45,168] {scheduler_job.py:190} INFO - Processing /home/airflow/.local/lib/python3.6/site-packages/airflow/example_dags/example_task_group.py took 0.062 seconds
[2024-04-30 16:29:15,665] {scheduler_job.py:182} INFO - Started process (PID=1364) to work on /home/airflow/.local/lib/python3.6/site-packages/airflow/example_dags/example_task_group.py
[2024-04-30 16:29:15,667] {scheduler_job.py:629} INFO - Processing file /home/airflow/.local/lib/python3.6/site-packages/airflow/example_dags/example_task_group.py for tasks to queue
[2024-04-30 16:29:15,668] {logging_mixin.py:104} INFO - [2024-04-30 16:29:15,668] {dagbag.py:451} INFO - Filling up the DagBag from /home/airflow/.local/lib/python3.6/site-packages/airflow/example_dags/example_task_group.py
[2024-04-30 16:29:15,679] {scheduler_job.py:639} INFO - DAG(s) dict_keys(['example_task_group']) retrieved from /home/airflow/.local/lib/python3.6/site-packages/airflow/example_dags/example_task_group.py
[2024-04-30 16:29:15,700] {logging_mixin.py:104} INFO - [2024-04-30 16:29:15,700] {dag.py:1824} INFO - Sync 1 DAGs
[2024-04-30 16:29:15,714] {logging_mixin.py:104} INFO - [2024-04-30 16:29:15,714] {dag.py:2280} INFO - Setting next_dagrun for example_task_group to 2024-04-28 00:00:00+00:00
[2024-04-30 16:29:15,725] {scheduler_job.py:190} INFO - Processing /home/airflow/.local/lib/python3.6/site-packages/airflow/example_dags/example_task_group.py took 0.063 seconds
[2024-04-30 16:29:46,251] {scheduler_job.py:182} INFO - Started process (PID=1396) to work on /home/airflow/.local/lib/python3.6/site-packages/airflow/example_dags/example_task_group.py
[2024-04-30 16:29:46,253] {scheduler_job.py:629} INFO - Processing file /home/airflow/.local/lib/python3.6/site-packages/airflow/example_dags/example_task_group.py for tasks to queue
[2024-04-30 16:29:46,253] {logging_mixin.py:104} INFO - [2024-04-30 16:29:46,253] {dagbag.py:451} INFO - Filling up the DagBag from /home/airflow/.local/lib/python3.6/site-packages/airflow/example_dags/example_task_group.py
[2024-04-30 16:29:46,265] {scheduler_job.py:639} INFO - DAG(s) dict_keys(['example_task_group']) retrieved from /home/airflow/.local/lib/python3.6/site-packages/airflow/example_dags/example_task_group.py
[2024-04-30 16:29:46,286] {logging_mixin.py:104} INFO - [2024-04-30 16:29:46,286] {dag.py:1824} INFO - Sync 1 DAGs
[2024-04-30 16:29:46,300] {logging_mixin.py:104} INFO - [2024-04-30 16:29:46,300] {dag.py:2280} INFO - Setting next_dagrun for example_task_group to 2024-04-28 00:00:00+00:00
[2024-04-30 16:29:46,311] {scheduler_job.py:190} INFO - Processing /home/airflow/.local/lib/python3.6/site-packages/airflow/example_dags/example_task_group.py took 0.063 seconds
[2024-04-30 16:30:16,791] {scheduler_job.py:182} INFO - Started process (PID=1428) to work on /home/airflow/.local/lib/python3.6/site-packages/airflow/example_dags/example_task_group.py
[2024-04-30 16:30:16,793] {scheduler_job.py:629} INFO - Processing file /home/airflow/.local/lib/python3.6/site-packages/airflow/example_dags/example_task_group.py for tasks to queue
[2024-04-30 16:30:16,794] {logging_mixin.py:104} INFO - [2024-04-30 16:30:16,793] {dagbag.py:451} INFO - Filling up the DagBag from /home/airflow/.local/lib/python3.6/site-packages/airflow/example_dags/example_task_group.py
[2024-04-30 16:30:16,806] {scheduler_job.py:639} INFO - DAG(s) dict_keys(['example_task_group']) retrieved from /home/airflow/.local/lib/python3.6/site-packages/airflow/example_dags/example_task_group.py
[2024-04-30 16:30:16,827] {logging_mixin.py:104} INFO - [2024-04-30 16:30:16,827] {dag.py:1824} INFO - Sync 1 DAGs
[2024-04-30 16:30:16,842] {logging_mixin.py:104} INFO - [2024-04-30 16:30:16,842] {dag.py:2280} INFO - Setting next_dagrun for example_task_group to 2024-04-28 00:00:00+00:00
[2024-04-30 16:30:16,852] {scheduler_job.py:190} INFO - Processing /home/airflow/.local/lib/python3.6/site-packages/airflow/example_dags/example_task_group.py took 0.065 seconds
[2024-04-30 16:30:47,620] {scheduler_job.py:182} INFO - Started process (PID=1460) to work on /home/airflow/.local/lib/python3.6/site-packages/airflow/example_dags/example_task_group.py
[2024-04-30 16:30:47,622] {scheduler_job.py:629} INFO - Processing file /home/airflow/.local/lib/python3.6/site-packages/airflow/example_dags/example_task_group.py for tasks to queue
[2024-04-30 16:30:47,623] {logging_mixin.py:104} INFO - [2024-04-30 16:30:47,622] {dagbag.py:451} INFO - Filling up the DagBag from /home/airflow/.local/lib/python3.6/site-packages/airflow/example_dags/example_task_group.py
[2024-04-30 16:30:47,640] {scheduler_job.py:639} INFO - DAG(s) dict_keys(['example_task_group']) retrieved from /home/airflow/.local/lib/python3.6/site-packages/airflow/example_dags/example_task_group.py
[2024-04-30 16:30:47,669] {logging_mixin.py:104} INFO - [2024-04-30 16:30:47,668] {dag.py:1824} INFO - Sync 1 DAGs
[2024-04-30 16:30:47,687] {logging_mixin.py:104} INFO - [2024-04-30 16:30:47,687] {dag.py:2280} INFO - Setting next_dagrun for example_task_group to 2024-04-28 00:00:00+00:00
[2024-04-30 16:30:47,698] {scheduler_job.py:190} INFO - Processing /home/airflow/.local/lib/python3.6/site-packages/airflow/example_dags/example_task_group.py took 0.083 seconds
[2024-04-30 16:31:18,014] {scheduler_job.py:182} INFO - Started process (PID=1492) to work on /home/airflow/.local/lib/python3.6/site-packages/airflow/example_dags/example_task_group.py
[2024-04-30 16:31:18,017] {scheduler_job.py:629} INFO - Processing file /home/airflow/.local/lib/python3.6/site-packages/airflow/example_dags/example_task_group.py for tasks to queue
[2024-04-30 16:31:18,027] {logging_mixin.py:104} INFO - [2024-04-30 16:31:18,027] {dagbag.py:451} INFO - Filling up the DagBag from /home/airflow/.local/lib/python3.6/site-packages/airflow/example_dags/example_task_group.py
[2024-04-30 16:31:18,073] {scheduler_job.py:639} INFO - DAG(s) dict_keys(['example_task_group']) retrieved from /home/airflow/.local/lib/python3.6/site-packages/airflow/example_dags/example_task_group.py
[2024-04-30 16:31:18,152] {logging_mixin.py:104} INFO - [2024-04-30 16:31:18,152] {dag.py:1824} INFO - Sync 1 DAGs
[2024-04-30 16:31:18,197] {logging_mixin.py:104} INFO - [2024-04-30 16:31:18,194] {dag.py:2280} INFO - Setting next_dagrun for example_task_group to 2024-04-28 00:00:00+00:00
[2024-04-30 16:31:18,241] {scheduler_job.py:190} INFO - Processing /home/airflow/.local/lib/python3.6/site-packages/airflow/example_dags/example_task_group.py took 0.232 seconds
[2024-04-30 16:31:48,419] {scheduler_job.py:182} INFO - Started process (PID=1524) to work on /home/airflow/.local/lib/python3.6/site-packages/airflow/example_dags/example_task_group.py
[2024-04-30 16:31:48,423] {scheduler_job.py:629} INFO - Processing file /home/airflow/.local/lib/python3.6/site-packages/airflow/example_dags/example_task_group.py for tasks to queue
[2024-04-30 16:31:48,426] {logging_mixin.py:104} INFO - [2024-04-30 16:31:48,426] {dagbag.py:451} INFO - Filling up the DagBag from /home/airflow/.local/lib/python3.6/site-packages/airflow/example_dags/example_task_group.py
[2024-04-30 16:31:48,467] {scheduler_job.py:639} INFO - DAG(s) dict_keys(['example_task_group']) retrieved from /home/airflow/.local/lib/python3.6/site-packages/airflow/example_dags/example_task_group.py
[2024-04-30 16:31:48,535] {logging_mixin.py:104} INFO - [2024-04-30 16:31:48,534] {dag.py:1824} INFO - Sync 1 DAGs
[2024-04-30 16:31:48,592] {logging_mixin.py:104} INFO - [2024-04-30 16:31:48,592] {dag.py:2280} INFO - Setting next_dagrun for example_task_group to 2024-04-28 00:00:00+00:00
[2024-04-30 16:31:48,627] {scheduler_job.py:190} INFO - Processing /home/airflow/.local/lib/python3.6/site-packages/airflow/example_dags/example_task_group.py took 0.214 seconds
[2024-04-30 16:32:18,676] {scheduler_job.py:182} INFO - Started process (PID=1556) to work on /home/airflow/.local/lib/python3.6/site-packages/airflow/example_dags/example_task_group.py
[2024-04-30 16:32:18,677] {scheduler_job.py:629} INFO - Processing file /home/airflow/.local/lib/python3.6/site-packages/airflow/example_dags/example_task_group.py for tasks to queue
[2024-04-30 16:32:18,678] {logging_mixin.py:104} INFO - [2024-04-30 16:32:18,678] {dagbag.py:451} INFO - Filling up the DagBag from /home/airflow/.local/lib/python3.6/site-packages/airflow/example_dags/example_task_group.py
[2024-04-30 16:32:18,692] {scheduler_job.py:639} INFO - DAG(s) dict_keys(['example_task_group']) retrieved from /home/airflow/.local/lib/python3.6/site-packages/airflow/example_dags/example_task_group.py
[2024-04-30 16:32:18,720] {logging_mixin.py:104} INFO - [2024-04-30 16:32:18,720] {dag.py:1824} INFO - Sync 1 DAGs
[2024-04-30 16:32:18,737] {logging_mixin.py:104} INFO - [2024-04-30 16:32:18,737] {dag.py:2280} INFO - Setting next_dagrun for example_task_group to 2024-04-28 00:00:00+00:00
[2024-04-30 16:32:18,753] {scheduler_job.py:190} INFO - Processing /home/airflow/.local/lib/python3.6/site-packages/airflow/example_dags/example_task_group.py took 0.081 seconds
[2024-04-30 16:32:49,156] {scheduler_job.py:182} INFO - Started process (PID=1588) to work on /home/airflow/.local/lib/python3.6/site-packages/airflow/example_dags/example_task_group.py
[2024-04-30 16:32:49,157] {scheduler_job.py:629} INFO - Processing file /home/airflow/.local/lib/python3.6/site-packages/airflow/example_dags/example_task_group.py for tasks to queue
[2024-04-30 16:32:49,158] {logging_mixin.py:104} INFO - [2024-04-30 16:32:49,158] {dagbag.py:451} INFO - Filling up the DagBag from /home/airflow/.local/lib/python3.6/site-packages/airflow/example_dags/example_task_group.py
[2024-04-30 16:32:49,170] {scheduler_job.py:639} INFO - DAG(s) dict_keys(['example_task_group']) retrieved from /home/airflow/.local/lib/python3.6/site-packages/airflow/example_dags/example_task_group.py
[2024-04-30 16:32:49,191] {logging_mixin.py:104} INFO - [2024-04-30 16:32:49,191] {dag.py:1824} INFO - Sync 1 DAGs
[2024-04-30 16:32:49,206] {logging_mixin.py:104} INFO - [2024-04-30 16:32:49,205] {dag.py:2280} INFO - Setting next_dagrun for example_task_group to 2024-04-28 00:00:00+00:00
[2024-04-30 16:32:49,216] {scheduler_job.py:190} INFO - Processing /home/airflow/.local/lib/python3.6/site-packages/airflow/example_dags/example_task_group.py took 0.062 seconds
[2024-04-30 16:33:19,795] {scheduler_job.py:182} INFO - Started process (PID=1620) to work on /home/airflow/.local/lib/python3.6/site-packages/airflow/example_dags/example_task_group.py
[2024-04-30 16:33:19,796] {scheduler_job.py:629} INFO - Processing file /home/airflow/.local/lib/python3.6/site-packages/airflow/example_dags/example_task_group.py for tasks to queue
[2024-04-30 16:33:19,797] {logging_mixin.py:104} INFO - [2024-04-30 16:33:19,796] {dagbag.py:451} INFO - Filling up the DagBag from /home/airflow/.local/lib/python3.6/site-packages/airflow/example_dags/example_task_group.py
[2024-04-30 16:33:19,807] {scheduler_job.py:639} INFO - DAG(s) dict_keys(['example_task_group']) retrieved from /home/airflow/.local/lib/python3.6/site-packages/airflow/example_dags/example_task_group.py
[2024-04-30 16:33:19,826] {logging_mixin.py:104} INFO - [2024-04-30 16:33:19,826] {dag.py:1824} INFO - Sync 1 DAGs
[2024-04-30 16:33:19,841] {logging_mixin.py:104} INFO - [2024-04-30 16:33:19,841] {dag.py:2280} INFO - Setting next_dagrun for example_task_group to 2024-04-28 00:00:00+00:00
[2024-04-30 16:33:19,852] {scheduler_job.py:190} INFO - Processing /home/airflow/.local/lib/python3.6/site-packages/airflow/example_dags/example_task_group.py took 0.059 seconds
[2024-04-30 16:33:50,411] {scheduler_job.py:182} INFO - Started process (PID=1652) to work on /home/airflow/.local/lib/python3.6/site-packages/airflow/example_dags/example_task_group.py
[2024-04-30 16:33:50,412] {scheduler_job.py:629} INFO - Processing file /home/airflow/.local/lib/python3.6/site-packages/airflow/example_dags/example_task_group.py for tasks to queue
[2024-04-30 16:33:50,413] {logging_mixin.py:104} INFO - [2024-04-30 16:33:50,413] {dagbag.py:451} INFO - Filling up the DagBag from /home/airflow/.local/lib/python3.6/site-packages/airflow/example_dags/example_task_group.py
[2024-04-30 16:33:50,425] {scheduler_job.py:639} INFO - DAG(s) dict_keys(['example_task_group']) retrieved from /home/airflow/.local/lib/python3.6/site-packages/airflow/example_dags/example_task_group.py
[2024-04-30 16:33:50,447] {logging_mixin.py:104} INFO - [2024-04-30 16:33:50,447] {dag.py:1824} INFO - Sync 1 DAGs
[2024-04-30 16:33:50,462] {logging_mixin.py:104} INFO - [2024-04-30 16:33:50,462] {dag.py:2280} INFO - Setting next_dagrun for example_task_group to 2024-04-28 00:00:00+00:00
[2024-04-30 16:33:50,473] {scheduler_job.py:190} INFO - Processing /home/airflow/.local/lib/python3.6/site-packages/airflow/example_dags/example_task_group.py took 0.065 seconds
[2024-04-30 16:34:21,000] {scheduler_job.py:182} INFO - Started process (PID=1684) to work on /home/airflow/.local/lib/python3.6/site-packages/airflow/example_dags/example_task_group.py
[2024-04-30 16:34:21,001] {scheduler_job.py:629} INFO - Processing file /home/airflow/.local/lib/python3.6/site-packages/airflow/example_dags/example_task_group.py for tasks to queue
[2024-04-30 16:34:21,002] {logging_mixin.py:104} INFO - [2024-04-30 16:34:21,002] {dagbag.py:451} INFO - Filling up the DagBag from /home/airflow/.local/lib/python3.6/site-packages/airflow/example_dags/example_task_group.py
[2024-04-30 16:34:21,014] {scheduler_job.py:639} INFO - DAG(s) dict_keys(['example_task_group']) retrieved from /home/airflow/.local/lib/python3.6/site-packages/airflow/example_dags/example_task_group.py
[2024-04-30 16:34:21,034] {logging_mixin.py:104} INFO - [2024-04-30 16:34:21,034] {dag.py:1824} INFO - Sync 1 DAGs
[2024-04-30 16:34:21,049] {logging_mixin.py:104} INFO - [2024-04-30 16:34:21,049] {dag.py:2280} INFO - Setting next_dagrun for example_task_group to 2024-04-28 00:00:00+00:00
[2024-04-30 16:34:21,058] {scheduler_job.py:190} INFO - Processing /home/airflow/.local/lib/python3.6/site-packages/airflow/example_dags/example_task_group.py took 0.060 seconds
[2024-04-30 16:34:51,701] {scheduler_job.py:182} INFO - Started process (PID=1716) to work on /home/airflow/.local/lib/python3.6/site-packages/airflow/example_dags/example_task_group.py
[2024-04-30 16:34:51,703] {scheduler_job.py:629} INFO - Processing file /home/airflow/.local/lib/python3.6/site-packages/airflow/example_dags/example_task_group.py for tasks to queue
[2024-04-30 16:34:51,703] {logging_mixin.py:104} INFO - [2024-04-30 16:34:51,703] {dagbag.py:451} INFO - Filling up the DagBag from /home/airflow/.local/lib/python3.6/site-packages/airflow/example_dags/example_task_group.py
[2024-04-30 16:34:51,713] {scheduler_job.py:639} INFO - DAG(s) dict_keys(['example_task_group']) retrieved from /home/airflow/.local/lib/python3.6/site-packages/airflow/example_dags/example_task_group.py
[2024-04-30 16:34:51,734] {logging_mixin.py:104} INFO - [2024-04-30 16:34:51,734] {dag.py:1824} INFO - Sync 1 DAGs
[2024-04-30 16:34:51,750] {logging_mixin.py:104} INFO - [2024-04-30 16:34:51,750] {dag.py:2280} INFO - Setting next_dagrun for example_task_group to 2024-04-28 00:00:00+00:00
[2024-04-30 16:34:51,760] {scheduler_job.py:190} INFO - Processing /home/airflow/.local/lib/python3.6/site-packages/airflow/example_dags/example_task_group.py took 0.063 seconds
[2024-04-30 16:35:22,227] {scheduler_job.py:182} INFO - Started process (PID=1748) to work on /home/airflow/.local/lib/python3.6/site-packages/airflow/example_dags/example_task_group.py
[2024-04-30 16:35:22,228] {scheduler_job.py:629} INFO - Processing file /home/airflow/.local/lib/python3.6/site-packages/airflow/example_dags/example_task_group.py for tasks to queue
[2024-04-30 16:35:22,229] {logging_mixin.py:104} INFO - [2024-04-30 16:35:22,229] {dagbag.py:451} INFO - Filling up the DagBag from /home/airflow/.local/lib/python3.6/site-packages/airflow/example_dags/example_task_group.py
[2024-04-30 16:35:22,240] {scheduler_job.py:639} INFO - DAG(s) dict_keys(['example_task_group']) retrieved from /home/airflow/.local/lib/python3.6/site-packages/airflow/example_dags/example_task_group.py
[2024-04-30 16:35:22,259] {logging_mixin.py:104} INFO - [2024-04-30 16:35:22,259] {dag.py:1824} INFO - Sync 1 DAGs
[2024-04-30 16:35:22,273] {logging_mixin.py:104} INFO - [2024-04-30 16:35:22,273] {dag.py:2280} INFO - Setting next_dagrun for example_task_group to 2024-04-28 00:00:00+00:00
[2024-04-30 16:35:22,283] {scheduler_job.py:190} INFO - Processing /home/airflow/.local/lib/python3.6/site-packages/airflow/example_dags/example_task_group.py took 0.058 seconds
[2024-04-30 16:35:52,764] {scheduler_job.py:182} INFO - Started process (PID=1780) to work on /home/airflow/.local/lib/python3.6/site-packages/airflow/example_dags/example_task_group.py
[2024-04-30 16:35:52,765] {scheduler_job.py:629} INFO - Processing file /home/airflow/.local/lib/python3.6/site-packages/airflow/example_dags/example_task_group.py for tasks to queue
[2024-04-30 16:35:52,765] {logging_mixin.py:104} INFO - [2024-04-30 16:35:52,765] {dagbag.py:451} INFO - Filling up the DagBag from /home/airflow/.local/lib/python3.6/site-packages/airflow/example_dags/example_task_group.py
[2024-04-30 16:35:52,776] {scheduler_job.py:639} INFO - DAG(s) dict_keys(['example_task_group']) retrieved from /home/airflow/.local/lib/python3.6/site-packages/airflow/example_dags/example_task_group.py
[2024-04-30 16:35:52,795] {logging_mixin.py:104} INFO - [2024-04-30 16:35:52,795] {dag.py:1824} INFO - Sync 1 DAGs
[2024-04-30 16:35:52,809] {logging_mixin.py:104} INFO - [2024-04-30 16:35:52,809] {dag.py:2280} INFO - Setting next_dagrun for example_task_group to 2024-04-28 00:00:00+00:00
[2024-04-30 16:35:52,819] {scheduler_job.py:190} INFO - Processing /home/airflow/.local/lib/python3.6/site-packages/airflow/example_dags/example_task_group.py took 0.058 seconds
[2024-04-30 16:36:23,341] {scheduler_job.py:182} INFO - Started process (PID=1812) to work on /home/airflow/.local/lib/python3.6/site-packages/airflow/example_dags/example_task_group.py
[2024-04-30 16:36:23,342] {scheduler_job.py:629} INFO - Processing file /home/airflow/.local/lib/python3.6/site-packages/airflow/example_dags/example_task_group.py for tasks to queue
[2024-04-30 16:36:23,343] {logging_mixin.py:104} INFO - [2024-04-30 16:36:23,342] {dagbag.py:451} INFO - Filling up the DagBag from /home/airflow/.local/lib/python3.6/site-packages/airflow/example_dags/example_task_group.py
[2024-04-30 16:36:23,353] {scheduler_job.py:639} INFO - DAG(s) dict_keys(['example_task_group']) retrieved from /home/airflow/.local/lib/python3.6/site-packages/airflow/example_dags/example_task_group.py
[2024-04-30 16:36:23,375] {logging_mixin.py:104} INFO - [2024-04-30 16:36:23,375] {dag.py:1824} INFO - Sync 1 DAGs
[2024-04-30 16:36:23,389] {logging_mixin.py:104} INFO - [2024-04-30 16:36:23,389] {dag.py:2280} INFO - Setting next_dagrun for example_task_group to 2024-04-28 00:00:00+00:00
[2024-04-30 16:36:23,400] {scheduler_job.py:190} INFO - Processing /home/airflow/.local/lib/python3.6/site-packages/airflow/example_dags/example_task_group.py took 0.062 seconds
[2024-04-30 16:36:53,902] {scheduler_job.py:182} INFO - Started process (PID=1844) to work on /home/airflow/.local/lib/python3.6/site-packages/airflow/example_dags/example_task_group.py
[2024-04-30 16:36:53,904] {scheduler_job.py:629} INFO - Processing file /home/airflow/.local/lib/python3.6/site-packages/airflow/example_dags/example_task_group.py for tasks to queue
[2024-04-30 16:36:53,905] {logging_mixin.py:104} INFO - [2024-04-30 16:36:53,905] {dagbag.py:451} INFO - Filling up the DagBag from /home/airflow/.local/lib/python3.6/site-packages/airflow/example_dags/example_task_group.py
[2024-04-30 16:36:53,916] {scheduler_job.py:639} INFO - DAG(s) dict_keys(['example_task_group']) retrieved from /home/airflow/.local/lib/python3.6/site-packages/airflow/example_dags/example_task_group.py
[2024-04-30 16:36:53,938] {logging_mixin.py:104} INFO - [2024-04-30 16:36:53,938] {dag.py:1824} INFO - Sync 1 DAGs
[2024-04-30 16:36:53,953] {logging_mixin.py:104} INFO - [2024-04-30 16:36:53,953] {dag.py:2280} INFO - Setting next_dagrun for example_task_group to 2024-04-28 00:00:00+00:00
[2024-04-30 16:36:53,963] {scheduler_job.py:190} INFO - Processing /home/airflow/.local/lib/python3.6/site-packages/airflow/example_dags/example_task_group.py took 0.064 seconds
[2024-04-30 16:37:24,464] {scheduler_job.py:182} INFO - Started process (PID=1876) to work on /home/airflow/.local/lib/python3.6/site-packages/airflow/example_dags/example_task_group.py
[2024-04-30 16:37:24,465] {scheduler_job.py:629} INFO - Processing file /home/airflow/.local/lib/python3.6/site-packages/airflow/example_dags/example_task_group.py for tasks to queue
[2024-04-30 16:37:24,465] {logging_mixin.py:104} INFO - [2024-04-30 16:37:24,465] {dagbag.py:451} INFO - Filling up the DagBag from /home/airflow/.local/lib/python3.6/site-packages/airflow/example_dags/example_task_group.py
[2024-04-30 16:37:24,475] {scheduler_job.py:639} INFO - DAG(s) dict_keys(['example_task_group']) retrieved from /home/airflow/.local/lib/python3.6/site-packages/airflow/example_dags/example_task_group.py
[2024-04-30 16:37:24,495] {logging_mixin.py:104} INFO - [2024-04-30 16:37:24,495] {dag.py:1824} INFO - Sync 1 DAGs
[2024-04-30 16:37:24,509] {logging_mixin.py:104} INFO - [2024-04-30 16:37:24,509] {dag.py:2280} INFO - Setting next_dagrun for example_task_group to 2024-04-28 00:00:00+00:00
[2024-04-30 16:37:24,520] {scheduler_job.py:190} INFO - Processing /home/airflow/.local/lib/python3.6/site-packages/airflow/example_dags/example_task_group.py took 0.059 seconds
[2024-04-30 16:37:54,899] {scheduler_job.py:182} INFO - Started process (PID=1908) to work on /home/airflow/.local/lib/python3.6/site-packages/airflow/example_dags/example_task_group.py
[2024-04-30 16:37:54,900] {scheduler_job.py:629} INFO - Processing file /home/airflow/.local/lib/python3.6/site-packages/airflow/example_dags/example_task_group.py for tasks to queue
[2024-04-30 16:37:54,900] {logging_mixin.py:104} INFO - [2024-04-30 16:37:54,900] {dagbag.py:451} INFO - Filling up the DagBag from /home/airflow/.local/lib/python3.6/site-packages/airflow/example_dags/example_task_group.py
[2024-04-30 16:37:54,910] {scheduler_job.py:639} INFO - DAG(s) dict_keys(['example_task_group']) retrieved from /home/airflow/.local/lib/python3.6/site-packages/airflow/example_dags/example_task_group.py
[2024-04-30 16:37:54,929] {logging_mixin.py:104} INFO - [2024-04-30 16:37:54,929] {dag.py:1824} INFO - Sync 1 DAGs
[2024-04-30 16:37:54,943] {logging_mixin.py:104} INFO - [2024-04-30 16:37:54,943] {dag.py:2280} INFO - Setting next_dagrun for example_task_group to 2024-04-28 00:00:00+00:00
[2024-04-30 16:37:54,955] {scheduler_job.py:190} INFO - Processing /home/airflow/.local/lib/python3.6/site-packages/airflow/example_dags/example_task_group.py took 0.059 seconds
[2024-04-30 16:38:25,355] {scheduler_job.py:182} INFO - Started process (PID=1940) to work on /home/airflow/.local/lib/python3.6/site-packages/airflow/example_dags/example_task_group.py
[2024-04-30 16:38:25,356] {scheduler_job.py:629} INFO - Processing file /home/airflow/.local/lib/python3.6/site-packages/airflow/example_dags/example_task_group.py for tasks to queue
[2024-04-30 16:38:25,357] {logging_mixin.py:104} INFO - [2024-04-30 16:38:25,357] {dagbag.py:451} INFO - Filling up the DagBag from /home/airflow/.local/lib/python3.6/site-packages/airflow/example_dags/example_task_group.py
[2024-04-30 16:38:25,367] {scheduler_job.py:639} INFO - DAG(s) dict_keys(['example_task_group']) retrieved from /home/airflow/.local/lib/python3.6/site-packages/airflow/example_dags/example_task_group.py
[2024-04-30 16:38:25,387] {logging_mixin.py:104} INFO - [2024-04-30 16:38:25,387] {dag.py:1824} INFO - Sync 1 DAGs
[2024-04-30 16:38:25,400] {logging_mixin.py:104} INFO - [2024-04-30 16:38:25,400] {dag.py:2280} INFO - Setting next_dagrun for example_task_group to 2024-04-28 00:00:00+00:00
[2024-04-30 16:38:25,409] {scheduler_job.py:190} INFO - Processing /home/airflow/.local/lib/python3.6/site-packages/airflow/example_dags/example_task_group.py took 0.056 seconds
[2024-04-30 16:38:56,018] {scheduler_job.py:182} INFO - Started process (PID=1972) to work on /home/airflow/.local/lib/python3.6/site-packages/airflow/example_dags/example_task_group.py
[2024-04-30 16:38:56,020] {scheduler_job.py:629} INFO - Processing file /home/airflow/.local/lib/python3.6/site-packages/airflow/example_dags/example_task_group.py for tasks to queue
[2024-04-30 16:38:56,021] {logging_mixin.py:104} INFO - [2024-04-30 16:38:56,020] {dagbag.py:451} INFO - Filling up the DagBag from /home/airflow/.local/lib/python3.6/site-packages/airflow/example_dags/example_task_group.py
[2024-04-30 16:38:56,032] {scheduler_job.py:639} INFO - DAG(s) dict_keys(['example_task_group']) retrieved from /home/airflow/.local/lib/python3.6/site-packages/airflow/example_dags/example_task_group.py
[2024-04-30 16:38:56,054] {logging_mixin.py:104} INFO - [2024-04-30 16:38:56,054] {dag.py:1824} INFO - Sync 1 DAGs
[2024-04-30 16:38:56,069] {logging_mixin.py:104} INFO - [2024-04-30 16:38:56,069] {dag.py:2280} INFO - Setting next_dagrun for example_task_group to 2024-04-28 00:00:00+00:00
[2024-04-30 16:38:56,079] {scheduler_job.py:190} INFO - Processing /home/airflow/.local/lib/python3.6/site-packages/airflow/example_dags/example_task_group.py took 0.064 seconds
[2024-04-30 16:39:26,477] {scheduler_job.py:182} INFO - Started process (PID=2004) to work on /home/airflow/.local/lib/python3.6/site-packages/airflow/example_dags/example_task_group.py
[2024-04-30 16:39:26,478] {scheduler_job.py:629} INFO - Processing file /home/airflow/.local/lib/python3.6/site-packages/airflow/example_dags/example_task_group.py for tasks to queue
[2024-04-30 16:39:26,479] {logging_mixin.py:104} INFO - [2024-04-30 16:39:26,479] {dagbag.py:451} INFO - Filling up the DagBag from /home/airflow/.local/lib/python3.6/site-packages/airflow/example_dags/example_task_group.py
[2024-04-30 16:39:26,489] {scheduler_job.py:639} INFO - DAG(s) dict_keys(['example_task_group']) retrieved from /home/airflow/.local/lib/python3.6/site-packages/airflow/example_dags/example_task_group.py
[2024-04-30 16:39:26,507] {logging_mixin.py:104} INFO - [2024-04-30 16:39:26,507] {dag.py:1824} INFO - Sync 1 DAGs
[2024-04-30 16:39:26,521] {logging_mixin.py:104} INFO - [2024-04-30 16:39:26,521] {dag.py:2280} INFO - Setting next_dagrun for example_task_group to 2024-04-28 00:00:00+00:00
[2024-04-30 16:39:26,531] {scheduler_job.py:190} INFO - Processing /home/airflow/.local/lib/python3.6/site-packages/airflow/example_dags/example_task_group.py took 0.056 seconds
[2024-04-30 16:39:57,107] {scheduler_job.py:182} INFO - Started process (PID=2036) to work on /home/airflow/.local/lib/python3.6/site-packages/airflow/example_dags/example_task_group.py
[2024-04-30 16:39:57,108] {scheduler_job.py:629} INFO - Processing file /home/airflow/.local/lib/python3.6/site-packages/airflow/example_dags/example_task_group.py for tasks to queue
[2024-04-30 16:39:57,109] {logging_mixin.py:104} INFO - [2024-04-30 16:39:57,109] {dagbag.py:451} INFO - Filling up the DagBag from /home/airflow/.local/lib/python3.6/site-packages/airflow/example_dags/example_task_group.py
[2024-04-30 16:39:57,120] {scheduler_job.py:639} INFO - DAG(s) dict_keys(['example_task_group']) retrieved from /home/airflow/.local/lib/python3.6/site-packages/airflow/example_dags/example_task_group.py
[2024-04-30 16:39:57,138] {logging_mixin.py:104} INFO - [2024-04-30 16:39:57,137] {dag.py:1824} INFO - Sync 1 DAGs
[2024-04-30 16:39:57,152] {logging_mixin.py:104} INFO - [2024-04-30 16:39:57,151] {dag.py:2280} INFO - Setting next_dagrun for example_task_group to 2024-04-28 00:00:00+00:00
[2024-04-30 16:39:57,161] {scheduler_job.py:190} INFO - Processing /home/airflow/.local/lib/python3.6/site-packages/airflow/example_dags/example_task_group.py took 0.057 seconds
[2024-04-30 16:40:27,542] {scheduler_job.py:182} INFO - Started process (PID=2068) to work on /home/airflow/.local/lib/python3.6/site-packages/airflow/example_dags/example_task_group.py
[2024-04-30 16:40:27,543] {scheduler_job.py:629} INFO - Processing file /home/airflow/.local/lib/python3.6/site-packages/airflow/example_dags/example_task_group.py for tasks to queue
[2024-04-30 16:40:27,544] {logging_mixin.py:104} INFO - [2024-04-30 16:40:27,544] {dagbag.py:451} INFO - Filling up the DagBag from /home/airflow/.local/lib/python3.6/site-packages/airflow/example_dags/example_task_group.py
[2024-04-30 16:40:27,554] {scheduler_job.py:639} INFO - DAG(s) dict_keys(['example_task_group']) retrieved from /home/airflow/.local/lib/python3.6/site-packages/airflow/example_dags/example_task_group.py
[2024-04-30 16:40:27,575] {logging_mixin.py:104} INFO - [2024-04-30 16:40:27,575] {dag.py:1824} INFO - Sync 1 DAGs
[2024-04-30 16:40:27,590] {logging_mixin.py:104} INFO - [2024-04-30 16:40:27,590] {dag.py:2280} INFO - Setting next_dagrun for example_task_group to 2024-04-28 00:00:00+00:00
[2024-04-30 16:40:27,601] {scheduler_job.py:190} INFO - Processing /home/airflow/.local/lib/python3.6/site-packages/airflow/example_dags/example_task_group.py took 0.061 seconds
[2024-04-30 16:40:58,056] {scheduler_job.py:182} INFO - Started process (PID=2100) to work on /home/airflow/.local/lib/python3.6/site-packages/airflow/example_dags/example_task_group.py
[2024-04-30 16:40:58,057] {scheduler_job.py:629} INFO - Processing file /home/airflow/.local/lib/python3.6/site-packages/airflow/example_dags/example_task_group.py for tasks to queue
[2024-04-30 16:40:58,058] {logging_mixin.py:104} INFO - [2024-04-30 16:40:58,058] {dagbag.py:451} INFO - Filling up the DagBag from /home/airflow/.local/lib/python3.6/site-packages/airflow/example_dags/example_task_group.py
[2024-04-30 16:40:58,070] {scheduler_job.py:639} INFO - DAG(s) dict_keys(['example_task_group']) retrieved from /home/airflow/.local/lib/python3.6/site-packages/airflow/example_dags/example_task_group.py
[2024-04-30 16:40:58,095] {logging_mixin.py:104} INFO - [2024-04-30 16:40:58,094] {dag.py:1824} INFO - Sync 1 DAGs
[2024-04-30 16:40:58,110] {logging_mixin.py:104} INFO - [2024-04-30 16:40:58,110] {dag.py:2280} INFO - Setting next_dagrun for example_task_group to 2024-04-28 00:00:00+00:00
[2024-04-30 16:40:58,119] {scheduler_job.py:190} INFO - Processing /home/airflow/.local/lib/python3.6/site-packages/airflow/example_dags/example_task_group.py took 0.067 seconds
[2024-04-30 16:41:28,763] {scheduler_job.py:182} INFO - Started process (PID=2132) to work on /home/airflow/.local/lib/python3.6/site-packages/airflow/example_dags/example_task_group.py
[2024-04-30 16:41:28,764] {scheduler_job.py:629} INFO - Processing file /home/airflow/.local/lib/python3.6/site-packages/airflow/example_dags/example_task_group.py for tasks to queue
[2024-04-30 16:41:28,765] {logging_mixin.py:104} INFO - [2024-04-30 16:41:28,765] {dagbag.py:451} INFO - Filling up the DagBag from /home/airflow/.local/lib/python3.6/site-packages/airflow/example_dags/example_task_group.py
[2024-04-30 16:41:28,777] {scheduler_job.py:639} INFO - DAG(s) dict_keys(['example_task_group']) retrieved from /home/airflow/.local/lib/python3.6/site-packages/airflow/example_dags/example_task_group.py
[2024-04-30 16:41:28,799] {logging_mixin.py:104} INFO - [2024-04-30 16:41:28,799] {dag.py:1824} INFO - Sync 1 DAGs
[2024-04-30 16:41:28,816] {logging_mixin.py:104} INFO - [2024-04-30 16:41:28,816] {dag.py:2280} INFO - Setting next_dagrun for example_task_group to 2024-04-28 00:00:00+00:00
[2024-04-30 16:41:28,828] {scheduler_job.py:190} INFO - Processing /home/airflow/.local/lib/python3.6/site-packages/airflow/example_dags/example_task_group.py took 0.068 seconds
