[2024-04-30 16:09:40,205] {scheduler_job.py:182} INFO - Started process (PID=71) to work on /home/airflow/.local/lib/python3.6/site-packages/airflow/example_dags/example_bash_operator.py
[2024-04-30 16:09:40,217] {scheduler_job.py:629} INFO - Processing file /home/airflow/.local/lib/python3.6/site-packages/airflow/example_dags/example_bash_operator.py for tasks to queue
[2024-04-30 16:09:40,220] {logging_mixin.py:104} INFO - [2024-04-30 16:09:40,220] {dagbag.py:451} INFO - Filling up the DagBag from /home/airflow/.local/lib/python3.6/site-packages/airflow/example_dags/example_bash_operator.py
[2024-04-30 16:09:40,362] {scheduler_job.py:639} INFO - DAG(s) dict_keys(['example_bash_operator']) retrieved from /home/airflow/.local/lib/python3.6/site-packages/airflow/example_dags/example_bash_operator.py
[2024-04-30 16:09:40,520] {logging_mixin.py:104} INFO - [2024-04-30 16:09:40,519] {dag.py:1824} INFO - Sync 1 DAGs
[2024-04-30 16:09:40,616] {logging_mixin.py:104} INFO - [2024-04-30 16:09:40,616] {dag.py:2280} INFO - Setting next_dagrun for example_bash_operator to 2024-04-28 00:00:00+00:00
[2024-04-30 16:09:40,679] {scheduler_job.py:190} INFO - Processing /home/airflow/.local/lib/python3.6/site-packages/airflow/example_dags/example_bash_operator.py took 0.493 seconds
[2024-04-30 16:10:11,426] {scheduler_job.py:182} INFO - Started process (PID=138) to work on /home/airflow/.local/lib/python3.6/site-packages/airflow/example_dags/example_bash_operator.py
[2024-04-30 16:10:11,428] {scheduler_job.py:629} INFO - Processing file /home/airflow/.local/lib/python3.6/site-packages/airflow/example_dags/example_bash_operator.py for tasks to queue
[2024-04-30 16:10:11,431] {logging_mixin.py:104} INFO - [2024-04-30 16:10:11,431] {dagbag.py:451} INFO - Filling up the DagBag from /home/airflow/.local/lib/python3.6/site-packages/airflow/example_dags/example_bash_operator.py
[2024-04-30 16:10:11,491] {scheduler_job.py:639} INFO - DAG(s) dict_keys(['example_bash_operator']) retrieved from /home/airflow/.local/lib/python3.6/site-packages/airflow/example_dags/example_bash_operator.py
[2024-04-30 16:10:11,561] {logging_mixin.py:104} INFO - [2024-04-30 16:10:11,559] {dag.py:1824} INFO - Sync 1 DAGs
[2024-04-30 16:10:11,749] {logging_mixin.py:104} INFO - [2024-04-30 16:10:11,748] {dag.py:2280} INFO - Setting next_dagrun for example_bash_operator to 2024-04-28 00:00:00+00:00
[2024-04-30 16:10:11,819] {scheduler_job.py:190} INFO - Processing /home/airflow/.local/lib/python3.6/site-packages/airflow/example_dags/example_bash_operator.py took 0.400 seconds
[2024-04-30 16:10:43,104] {scheduler_job.py:182} INFO - Started process (PID=169) to work on /home/airflow/.local/lib/python3.6/site-packages/airflow/example_dags/example_bash_operator.py
[2024-04-30 16:10:43,128] {scheduler_job.py:629} INFO - Processing file /home/airflow/.local/lib/python3.6/site-packages/airflow/example_dags/example_bash_operator.py for tasks to queue
[2024-04-30 16:10:43,137] {logging_mixin.py:104} INFO - [2024-04-30 16:10:43,137] {dagbag.py:451} INFO - Filling up the DagBag from /home/airflow/.local/lib/python3.6/site-packages/airflow/example_dags/example_bash_operator.py
[2024-04-30 16:10:43,250] {scheduler_job.py:639} INFO - DAG(s) dict_keys(['example_bash_operator']) retrieved from /home/airflow/.local/lib/python3.6/site-packages/airflow/example_dags/example_bash_operator.py
[2024-04-30 16:10:43,645] {logging_mixin.py:104} INFO - [2024-04-30 16:10:43,645] {dag.py:1824} INFO - Sync 1 DAGs
[2024-04-30 16:10:43,950] {logging_mixin.py:104} INFO - [2024-04-30 16:10:43,949] {dag.py:2280} INFO - Setting next_dagrun for example_bash_operator to 2024-04-28 00:00:00+00:00
[2024-04-30 16:10:44,006] {scheduler_job.py:190} INFO - Processing /home/airflow/.local/lib/python3.6/site-packages/airflow/example_dags/example_bash_operator.py took 0.921 seconds
[2024-04-30 16:11:24,498] {scheduler_job.py:182} INFO - Started process (PID=216) to work on /home/airflow/.local/lib/python3.6/site-packages/airflow/example_dags/example_bash_operator.py
[2024-04-30 16:11:24,501] {scheduler_job.py:629} INFO - Processing file /home/airflow/.local/lib/python3.6/site-packages/airflow/example_dags/example_bash_operator.py for tasks to queue
[2024-04-30 16:11:24,511] {logging_mixin.py:104} INFO - [2024-04-30 16:11:24,511] {dagbag.py:451} INFO - Filling up the DagBag from /home/airflow/.local/lib/python3.6/site-packages/airflow/example_dags/example_bash_operator.py
[2024-04-30 16:11:24,562] {scheduler_job.py:639} INFO - DAG(s) dict_keys(['example_bash_operator']) retrieved from /home/airflow/.local/lib/python3.6/site-packages/airflow/example_dags/example_bash_operator.py
[2024-04-30 16:11:24,675] {logging_mixin.py:104} INFO - [2024-04-30 16:11:24,675] {dag.py:1824} INFO - Sync 1 DAGs
[2024-04-30 16:11:24,816] {logging_mixin.py:104} INFO - [2024-04-30 16:11:24,815] {dag.py:2280} INFO - Setting next_dagrun for example_bash_operator to 2024-04-28 00:00:00+00:00
[2024-04-30 16:11:24,898] {scheduler_job.py:190} INFO - Processing /home/airflow/.local/lib/python3.6/site-packages/airflow/example_dags/example_bash_operator.py took 0.407 seconds
[2024-04-30 16:11:55,208] {scheduler_job.py:182} INFO - Started process (PID=259) to work on /home/airflow/.local/lib/python3.6/site-packages/airflow/example_dags/example_bash_operator.py
[2024-04-30 16:11:55,210] {scheduler_job.py:629} INFO - Processing file /home/airflow/.local/lib/python3.6/site-packages/airflow/example_dags/example_bash_operator.py for tasks to queue
[2024-04-30 16:11:55,212] {logging_mixin.py:104} INFO - [2024-04-30 16:11:55,211] {dagbag.py:451} INFO - Filling up the DagBag from /home/airflow/.local/lib/python3.6/site-packages/airflow/example_dags/example_bash_operator.py
[2024-04-30 16:11:55,231] {scheduler_job.py:639} INFO - DAG(s) dict_keys(['example_bash_operator']) retrieved from /home/airflow/.local/lib/python3.6/site-packages/airflow/example_dags/example_bash_operator.py
[2024-04-30 16:11:55,270] {logging_mixin.py:104} INFO - [2024-04-30 16:11:55,269] {dag.py:1824} INFO - Sync 1 DAGs
[2024-04-30 16:11:55,299] {logging_mixin.py:104} INFO - [2024-04-30 16:11:55,299] {dag.py:2280} INFO - Setting next_dagrun for example_bash_operator to 2024-04-28 00:00:00+00:00
[2024-04-30 16:11:55,320] {scheduler_job.py:190} INFO - Processing /home/airflow/.local/lib/python3.6/site-packages/airflow/example_dags/example_bash_operator.py took 0.119 seconds
[2024-04-30 16:12:26,236] {scheduler_job.py:182} INFO - Started process (PID=291) to work on /home/airflow/.local/lib/python3.6/site-packages/airflow/example_dags/example_bash_operator.py
[2024-04-30 16:12:26,239] {scheduler_job.py:629} INFO - Processing file /home/airflow/.local/lib/python3.6/site-packages/airflow/example_dags/example_bash_operator.py for tasks to queue
[2024-04-30 16:12:26,241] {logging_mixin.py:104} INFO - [2024-04-30 16:12:26,240] {dagbag.py:451} INFO - Filling up the DagBag from /home/airflow/.local/lib/python3.6/site-packages/airflow/example_dags/example_bash_operator.py
[2024-04-30 16:12:26,261] {scheduler_job.py:639} INFO - DAG(s) dict_keys(['example_bash_operator']) retrieved from /home/airflow/.local/lib/python3.6/site-packages/airflow/example_dags/example_bash_operator.py
[2024-04-30 16:12:26,291] {logging_mixin.py:104} INFO - [2024-04-30 16:12:26,291] {dag.py:1824} INFO - Sync 1 DAGs
[2024-04-30 16:12:26,318] {logging_mixin.py:104} INFO - [2024-04-30 16:12:26,318] {dag.py:2280} INFO - Setting next_dagrun for example_bash_operator to 2024-04-28 00:00:00+00:00
[2024-04-30 16:12:26,340] {scheduler_job.py:190} INFO - Processing /home/airflow/.local/lib/python3.6/site-packages/airflow/example_dags/example_bash_operator.py took 0.107 seconds
[2024-04-30 16:12:57,132] {scheduler_job.py:182} INFO - Started process (PID=323) to work on /home/airflow/.local/lib/python3.6/site-packages/airflow/example_dags/example_bash_operator.py
[2024-04-30 16:12:57,134] {scheduler_job.py:629} INFO - Processing file /home/airflow/.local/lib/python3.6/site-packages/airflow/example_dags/example_bash_operator.py for tasks to queue
[2024-04-30 16:12:57,136] {logging_mixin.py:104} INFO - [2024-04-30 16:12:57,136] {dagbag.py:451} INFO - Filling up the DagBag from /home/airflow/.local/lib/python3.6/site-packages/airflow/example_dags/example_bash_operator.py
[2024-04-30 16:12:57,157] {scheduler_job.py:639} INFO - DAG(s) dict_keys(['example_bash_operator']) retrieved from /home/airflow/.local/lib/python3.6/site-packages/airflow/example_dags/example_bash_operator.py
[2024-04-30 16:12:57,191] {logging_mixin.py:104} INFO - [2024-04-30 16:12:57,191] {dag.py:1824} INFO - Sync 1 DAGs
[2024-04-30 16:12:57,246] {logging_mixin.py:104} INFO - [2024-04-30 16:12:57,245] {dag.py:2280} INFO - Setting next_dagrun for example_bash_operator to 2024-04-28 00:00:00+00:00
[2024-04-30 16:12:57,305] {scheduler_job.py:190} INFO - Processing /home/airflow/.local/lib/python3.6/site-packages/airflow/example_dags/example_bash_operator.py took 0.179 seconds
[2024-04-30 16:13:27,422] {scheduler_job.py:182} INFO - Started process (PID=355) to work on /home/airflow/.local/lib/python3.6/site-packages/airflow/example_dags/example_bash_operator.py
[2024-04-30 16:13:27,426] {scheduler_job.py:629} INFO - Processing file /home/airflow/.local/lib/python3.6/site-packages/airflow/example_dags/example_bash_operator.py for tasks to queue
[2024-04-30 16:13:27,430] {logging_mixin.py:104} INFO - [2024-04-30 16:13:27,430] {dagbag.py:451} INFO - Filling up the DagBag from /home/airflow/.local/lib/python3.6/site-packages/airflow/example_dags/example_bash_operator.py
[2024-04-30 16:13:27,468] {scheduler_job.py:639} INFO - DAG(s) dict_keys(['example_bash_operator']) retrieved from /home/airflow/.local/lib/python3.6/site-packages/airflow/example_dags/example_bash_operator.py
[2024-04-30 16:13:27,534] {logging_mixin.py:104} INFO - [2024-04-30 16:13:27,534] {dag.py:1824} INFO - Sync 1 DAGs
[2024-04-30 16:13:27,607] {logging_mixin.py:104} INFO - [2024-04-30 16:13:27,607] {dag.py:2280} INFO - Setting next_dagrun for example_bash_operator to 2024-04-28 00:00:00+00:00
[2024-04-30 16:13:27,636] {scheduler_job.py:190} INFO - Processing /home/airflow/.local/lib/python3.6/site-packages/airflow/example_dags/example_bash_operator.py took 0.221 seconds
[2024-04-30 16:13:57,735] {scheduler_job.py:182} INFO - Started process (PID=400) to work on /home/airflow/.local/lib/python3.6/site-packages/airflow/example_dags/example_bash_operator.py
[2024-04-30 16:13:57,737] {scheduler_job.py:629} INFO - Processing file /home/airflow/.local/lib/python3.6/site-packages/airflow/example_dags/example_bash_operator.py for tasks to queue
[2024-04-30 16:13:57,737] {logging_mixin.py:104} INFO - [2024-04-30 16:13:57,737] {dagbag.py:451} INFO - Filling up the DagBag from /home/airflow/.local/lib/python3.6/site-packages/airflow/example_dags/example_bash_operator.py
[2024-04-30 16:13:57,752] {scheduler_job.py:639} INFO - DAG(s) dict_keys(['example_bash_operator']) retrieved from /home/airflow/.local/lib/python3.6/site-packages/airflow/example_dags/example_bash_operator.py
[2024-04-30 16:13:57,774] {logging_mixin.py:104} INFO - [2024-04-30 16:13:57,774] {dag.py:1824} INFO - Sync 1 DAGs
[2024-04-30 16:13:57,797] {logging_mixin.py:104} INFO - [2024-04-30 16:13:57,797] {dag.py:2280} INFO - Setting next_dagrun for example_bash_operator to 2024-04-28 00:00:00+00:00
[2024-04-30 16:13:57,824] {scheduler_job.py:190} INFO - Processing /home/airflow/.local/lib/python3.6/site-packages/airflow/example_dags/example_bash_operator.py took 0.094 seconds
[2024-04-30 16:14:28,321] {scheduler_job.py:182} INFO - Started process (PID=432) to work on /home/airflow/.local/lib/python3.6/site-packages/airflow/example_dags/example_bash_operator.py
[2024-04-30 16:14:28,323] {scheduler_job.py:629} INFO - Processing file /home/airflow/.local/lib/python3.6/site-packages/airflow/example_dags/example_bash_operator.py for tasks to queue
[2024-04-30 16:14:28,324] {logging_mixin.py:104} INFO - [2024-04-30 16:14:28,324] {dagbag.py:451} INFO - Filling up the DagBag from /home/airflow/.local/lib/python3.6/site-packages/airflow/example_dags/example_bash_operator.py
[2024-04-30 16:14:28,341] {scheduler_job.py:639} INFO - DAG(s) dict_keys(['example_bash_operator']) retrieved from /home/airflow/.local/lib/python3.6/site-packages/airflow/example_dags/example_bash_operator.py
[2024-04-30 16:14:28,366] {logging_mixin.py:104} INFO - [2024-04-30 16:14:28,366] {dag.py:1824} INFO - Sync 1 DAGs
[2024-04-30 16:14:28,384] {logging_mixin.py:104} INFO - [2024-04-30 16:14:28,384] {dag.py:2280} INFO - Setting next_dagrun for example_bash_operator to 2024-04-28 00:00:00+00:00
[2024-04-30 16:14:28,400] {scheduler_job.py:190} INFO - Processing /home/airflow/.local/lib/python3.6/site-packages/airflow/example_dags/example_bash_operator.py took 0.082 seconds
[2024-04-30 16:14:58,566] {scheduler_job.py:182} INFO - Started process (PID=464) to work on /home/airflow/.local/lib/python3.6/site-packages/airflow/example_dags/example_bash_operator.py
[2024-04-30 16:14:58,568] {scheduler_job.py:629} INFO - Processing file /home/airflow/.local/lib/python3.6/site-packages/airflow/example_dags/example_bash_operator.py for tasks to queue
[2024-04-30 16:14:58,569] {logging_mixin.py:104} INFO - [2024-04-30 16:14:58,569] {dagbag.py:451} INFO - Filling up the DagBag from /home/airflow/.local/lib/python3.6/site-packages/airflow/example_dags/example_bash_operator.py
[2024-04-30 16:14:58,585] {scheduler_job.py:639} INFO - DAG(s) dict_keys(['example_bash_operator']) retrieved from /home/airflow/.local/lib/python3.6/site-packages/airflow/example_dags/example_bash_operator.py
[2024-04-30 16:14:58,613] {logging_mixin.py:104} INFO - [2024-04-30 16:14:58,613] {dag.py:1824} INFO - Sync 1 DAGs
[2024-04-30 16:14:58,669] {logging_mixin.py:104} INFO - [2024-04-30 16:14:58,669] {dag.py:2280} INFO - Setting next_dagrun for example_bash_operator to 2024-04-28 00:00:00+00:00
[2024-04-30 16:14:58,682] {scheduler_job.py:190} INFO - Processing /home/airflow/.local/lib/python3.6/site-packages/airflow/example_dags/example_bash_operator.py took 0.119 seconds
[2024-04-30 16:15:29,572] {scheduler_job.py:182} INFO - Started process (PID=496) to work on /home/airflow/.local/lib/python3.6/site-packages/airflow/example_dags/example_bash_operator.py
[2024-04-30 16:15:29,575] {scheduler_job.py:629} INFO - Processing file /home/airflow/.local/lib/python3.6/site-packages/airflow/example_dags/example_bash_operator.py for tasks to queue
[2024-04-30 16:15:29,577] {logging_mixin.py:104} INFO - [2024-04-30 16:15:29,577] {dagbag.py:451} INFO - Filling up the DagBag from /home/airflow/.local/lib/python3.6/site-packages/airflow/example_dags/example_bash_operator.py
[2024-04-30 16:15:29,599] {scheduler_job.py:639} INFO - DAG(s) dict_keys(['example_bash_operator']) retrieved from /home/airflow/.local/lib/python3.6/site-packages/airflow/example_dags/example_bash_operator.py
[2024-04-30 16:15:29,631] {logging_mixin.py:104} INFO - [2024-04-30 16:15:29,631] {dag.py:1824} INFO - Sync 1 DAGs
[2024-04-30 16:15:29,689] {logging_mixin.py:104} INFO - [2024-04-30 16:15:29,686] {dag.py:2280} INFO - Setting next_dagrun for example_bash_operator to 2024-04-28 00:00:00+00:00
[2024-04-30 16:15:29,705] {scheduler_job.py:190} INFO - Processing /home/airflow/.local/lib/python3.6/site-packages/airflow/example_dags/example_bash_operator.py took 0.138 seconds
[2024-04-30 16:16:00,074] {scheduler_job.py:182} INFO - Started process (PID=528) to work on /home/airflow/.local/lib/python3.6/site-packages/airflow/example_dags/example_bash_operator.py
[2024-04-30 16:16:00,076] {scheduler_job.py:629} INFO - Processing file /home/airflow/.local/lib/python3.6/site-packages/airflow/example_dags/example_bash_operator.py for tasks to queue
[2024-04-30 16:16:00,077] {logging_mixin.py:104} INFO - [2024-04-30 16:16:00,077] {dagbag.py:451} INFO - Filling up the DagBag from /home/airflow/.local/lib/python3.6/site-packages/airflow/example_dags/example_bash_operator.py
[2024-04-30 16:16:00,101] {scheduler_job.py:639} INFO - DAG(s) dict_keys(['example_bash_operator']) retrieved from /home/airflow/.local/lib/python3.6/site-packages/airflow/example_dags/example_bash_operator.py
[2024-04-30 16:16:00,502] {logging_mixin.py:104} INFO - [2024-04-30 16:16:00,502] {dag.py:1824} INFO - Sync 1 DAGs
[2024-04-30 16:16:00,562] {logging_mixin.py:104} INFO - [2024-04-30 16:16:00,562] {dag.py:2280} INFO - Setting next_dagrun for example_bash_operator to 2024-04-28 00:00:00+00:00
[2024-04-30 16:16:00,577] {scheduler_job.py:190} INFO - Processing /home/airflow/.local/lib/python3.6/site-packages/airflow/example_dags/example_bash_operator.py took 0.509 seconds
[2024-04-30 16:16:30,686] {scheduler_job.py:182} INFO - Started process (PID=560) to work on /home/airflow/.local/lib/python3.6/site-packages/airflow/example_dags/example_bash_operator.py
[2024-04-30 16:16:30,690] {scheduler_job.py:629} INFO - Processing file /home/airflow/.local/lib/python3.6/site-packages/airflow/example_dags/example_bash_operator.py for tasks to queue
[2024-04-30 16:16:30,691] {logging_mixin.py:104} INFO - [2024-04-30 16:16:30,691] {dagbag.py:451} INFO - Filling up the DagBag from /home/airflow/.local/lib/python3.6/site-packages/airflow/example_dags/example_bash_operator.py
[2024-04-30 16:16:30,713] {scheduler_job.py:639} INFO - DAG(s) dict_keys(['example_bash_operator']) retrieved from /home/airflow/.local/lib/python3.6/site-packages/airflow/example_dags/example_bash_operator.py
[2024-04-30 16:16:30,756] {logging_mixin.py:104} INFO - [2024-04-30 16:16:30,756] {dag.py:1824} INFO - Sync 1 DAGs
[2024-04-30 16:16:30,791] {logging_mixin.py:104} INFO - [2024-04-30 16:16:30,791] {dag.py:2280} INFO - Setting next_dagrun for example_bash_operator to 2024-04-28 00:00:00+00:00
[2024-04-30 16:16:30,807] {scheduler_job.py:190} INFO - Processing /home/airflow/.local/lib/python3.6/site-packages/airflow/example_dags/example_bash_operator.py took 0.126 seconds
[2024-04-30 16:17:00,958] {scheduler_job.py:182} INFO - Started process (PID=592) to work on /home/airflow/.local/lib/python3.6/site-packages/airflow/example_dags/example_bash_operator.py
[2024-04-30 16:17:00,959] {scheduler_job.py:629} INFO - Processing file /home/airflow/.local/lib/python3.6/site-packages/airflow/example_dags/example_bash_operator.py for tasks to queue
[2024-04-30 16:17:00,960] {logging_mixin.py:104} INFO - [2024-04-30 16:17:00,960] {dagbag.py:451} INFO - Filling up the DagBag from /home/airflow/.local/lib/python3.6/site-packages/airflow/example_dags/example_bash_operator.py
[2024-04-30 16:17:00,975] {scheduler_job.py:639} INFO - DAG(s) dict_keys(['example_bash_operator']) retrieved from /home/airflow/.local/lib/python3.6/site-packages/airflow/example_dags/example_bash_operator.py
[2024-04-30 16:17:00,995] {logging_mixin.py:104} INFO - [2024-04-30 16:17:00,995] {dag.py:1824} INFO - Sync 1 DAGs
[2024-04-30 16:17:01,015] {logging_mixin.py:104} INFO - [2024-04-30 16:17:01,015] {dag.py:2280} INFO - Setting next_dagrun for example_bash_operator to 2024-04-28 00:00:00+00:00
[2024-04-30 16:17:01,027] {scheduler_job.py:190} INFO - Processing /home/airflow/.local/lib/python3.6/site-packages/airflow/example_dags/example_bash_operator.py took 0.072 seconds
[2024-04-30 16:17:31,736] {scheduler_job.py:182} INFO - Started process (PID=624) to work on /home/airflow/.local/lib/python3.6/site-packages/airflow/example_dags/example_bash_operator.py
[2024-04-30 16:17:31,738] {scheduler_job.py:629} INFO - Processing file /home/airflow/.local/lib/python3.6/site-packages/airflow/example_dags/example_bash_operator.py for tasks to queue
[2024-04-30 16:17:31,739] {logging_mixin.py:104} INFO - [2024-04-30 16:17:31,739] {dagbag.py:451} INFO - Filling up the DagBag from /home/airflow/.local/lib/python3.6/site-packages/airflow/example_dags/example_bash_operator.py
[2024-04-30 16:17:31,753] {scheduler_job.py:639} INFO - DAG(s) dict_keys(['example_bash_operator']) retrieved from /home/airflow/.local/lib/python3.6/site-packages/airflow/example_dags/example_bash_operator.py
[2024-04-30 16:17:31,778] {logging_mixin.py:104} INFO - [2024-04-30 16:17:31,778] {dag.py:1824} INFO - Sync 1 DAGs
[2024-04-30 16:17:31,796] {logging_mixin.py:104} INFO - [2024-04-30 16:17:31,796] {dag.py:2280} INFO - Setting next_dagrun for example_bash_operator to 2024-04-28 00:00:00+00:00
[2024-04-30 16:17:31,806] {scheduler_job.py:190} INFO - Processing /home/airflow/.local/lib/python3.6/site-packages/airflow/example_dags/example_bash_operator.py took 0.074 seconds
[2024-04-30 16:18:02,773] {scheduler_job.py:182} INFO - Started process (PID=656) to work on /home/airflow/.local/lib/python3.6/site-packages/airflow/example_dags/example_bash_operator.py
[2024-04-30 16:18:02,775] {scheduler_job.py:629} INFO - Processing file /home/airflow/.local/lib/python3.6/site-packages/airflow/example_dags/example_bash_operator.py for tasks to queue
[2024-04-30 16:18:02,775] {logging_mixin.py:104} INFO - [2024-04-30 16:18:02,775] {dagbag.py:451} INFO - Filling up the DagBag from /home/airflow/.local/lib/python3.6/site-packages/airflow/example_dags/example_bash_operator.py
[2024-04-30 16:18:02,789] {scheduler_job.py:639} INFO - DAG(s) dict_keys(['example_bash_operator']) retrieved from /home/airflow/.local/lib/python3.6/site-packages/airflow/example_dags/example_bash_operator.py
[2024-04-30 16:18:02,810] {logging_mixin.py:104} INFO - [2024-04-30 16:18:02,810] {dag.py:1824} INFO - Sync 1 DAGs
[2024-04-30 16:18:02,830] {logging_mixin.py:104} INFO - [2024-04-30 16:18:02,830] {dag.py:2280} INFO - Setting next_dagrun for example_bash_operator to 2024-04-28 00:00:00+00:00
[2024-04-30 16:18:02,842] {scheduler_job.py:190} INFO - Processing /home/airflow/.local/lib/python3.6/site-packages/airflow/example_dags/example_bash_operator.py took 0.073 seconds
[2024-04-30 16:18:33,095] {scheduler_job.py:182} INFO - Started process (PID=688) to work on /home/airflow/.local/lib/python3.6/site-packages/airflow/example_dags/example_bash_operator.py
[2024-04-30 16:18:33,096] {scheduler_job.py:629} INFO - Processing file /home/airflow/.local/lib/python3.6/site-packages/airflow/example_dags/example_bash_operator.py for tasks to queue
[2024-04-30 16:18:33,097] {logging_mixin.py:104} INFO - [2024-04-30 16:18:33,097] {dagbag.py:451} INFO - Filling up the DagBag from /home/airflow/.local/lib/python3.6/site-packages/airflow/example_dags/example_bash_operator.py
[2024-04-30 16:18:33,110] {scheduler_job.py:639} INFO - DAG(s) dict_keys(['example_bash_operator']) retrieved from /home/airflow/.local/lib/python3.6/site-packages/airflow/example_dags/example_bash_operator.py
[2024-04-30 16:18:33,130] {logging_mixin.py:104} INFO - [2024-04-30 16:18:33,130] {dag.py:1824} INFO - Sync 1 DAGs
[2024-04-30 16:18:33,150] {logging_mixin.py:104} INFO - [2024-04-30 16:18:33,150] {dag.py:2280} INFO - Setting next_dagrun for example_bash_operator to 2024-04-28 00:00:00+00:00
[2024-04-30 16:18:33,162] {scheduler_job.py:190} INFO - Processing /home/airflow/.local/lib/python3.6/site-packages/airflow/example_dags/example_bash_operator.py took 0.070 seconds
[2024-04-30 16:19:03,625] {scheduler_job.py:182} INFO - Started process (PID=720) to work on /home/airflow/.local/lib/python3.6/site-packages/airflow/example_dags/example_bash_operator.py
[2024-04-30 16:19:03,626] {scheduler_job.py:629} INFO - Processing file /home/airflow/.local/lib/python3.6/site-packages/airflow/example_dags/example_bash_operator.py for tasks to queue
[2024-04-30 16:19:03,627] {logging_mixin.py:104} INFO - [2024-04-30 16:19:03,627] {dagbag.py:451} INFO - Filling up the DagBag from /home/airflow/.local/lib/python3.6/site-packages/airflow/example_dags/example_bash_operator.py
[2024-04-30 16:19:03,642] {scheduler_job.py:639} INFO - DAG(s) dict_keys(['example_bash_operator']) retrieved from /home/airflow/.local/lib/python3.6/site-packages/airflow/example_dags/example_bash_operator.py
[2024-04-30 16:19:03,664] {logging_mixin.py:104} INFO - [2024-04-30 16:19:03,664] {dag.py:1824} INFO - Sync 1 DAGs
[2024-04-30 16:19:03,683] {logging_mixin.py:104} INFO - [2024-04-30 16:19:03,683] {dag.py:2280} INFO - Setting next_dagrun for example_bash_operator to 2024-04-28 00:00:00+00:00
[2024-04-30 16:19:03,695] {scheduler_job.py:190} INFO - Processing /home/airflow/.local/lib/python3.6/site-packages/airflow/example_dags/example_bash_operator.py took 0.074 seconds
[2024-04-30 16:19:34,077] {scheduler_job.py:182} INFO - Started process (PID=752) to work on /home/airflow/.local/lib/python3.6/site-packages/airflow/example_dags/example_bash_operator.py
[2024-04-30 16:19:34,079] {scheduler_job.py:629} INFO - Processing file /home/airflow/.local/lib/python3.6/site-packages/airflow/example_dags/example_bash_operator.py for tasks to queue
[2024-04-30 16:19:34,079] {logging_mixin.py:104} INFO - [2024-04-30 16:19:34,079] {dagbag.py:451} INFO - Filling up the DagBag from /home/airflow/.local/lib/python3.6/site-packages/airflow/example_dags/example_bash_operator.py
[2024-04-30 16:19:34,092] {scheduler_job.py:639} INFO - DAG(s) dict_keys(['example_bash_operator']) retrieved from /home/airflow/.local/lib/python3.6/site-packages/airflow/example_dags/example_bash_operator.py
[2024-04-30 16:19:34,110] {logging_mixin.py:104} INFO - [2024-04-30 16:19:34,110] {dag.py:1824} INFO - Sync 1 DAGs
[2024-04-30 16:19:34,129] {logging_mixin.py:104} INFO - [2024-04-30 16:19:34,129] {dag.py:2280} INFO - Setting next_dagrun for example_bash_operator to 2024-04-28 00:00:00+00:00
[2024-04-30 16:19:34,140] {scheduler_job.py:190} INFO - Processing /home/airflow/.local/lib/python3.6/site-packages/airflow/example_dags/example_bash_operator.py took 0.066 seconds
[2024-04-30 16:20:04,463] {scheduler_job.py:182} INFO - Started process (PID=784) to work on /home/airflow/.local/lib/python3.6/site-packages/airflow/example_dags/example_bash_operator.py
[2024-04-30 16:20:04,464] {scheduler_job.py:629} INFO - Processing file /home/airflow/.local/lib/python3.6/site-packages/airflow/example_dags/example_bash_operator.py for tasks to queue
[2024-04-30 16:20:04,465] {logging_mixin.py:104} INFO - [2024-04-30 16:20:04,465] {dagbag.py:451} INFO - Filling up the DagBag from /home/airflow/.local/lib/python3.6/site-packages/airflow/example_dags/example_bash_operator.py
[2024-04-30 16:20:04,477] {scheduler_job.py:639} INFO - DAG(s) dict_keys(['example_bash_operator']) retrieved from /home/airflow/.local/lib/python3.6/site-packages/airflow/example_dags/example_bash_operator.py
[2024-04-30 16:20:04,499] {logging_mixin.py:104} INFO - [2024-04-30 16:20:04,499] {dag.py:1824} INFO - Sync 1 DAGs
[2024-04-30 16:20:04,519] {logging_mixin.py:104} INFO - [2024-04-30 16:20:04,518] {dag.py:2280} INFO - Setting next_dagrun for example_bash_operator to 2024-04-28 00:00:00+00:00
[2024-04-30 16:20:04,530] {scheduler_job.py:190} INFO - Processing /home/airflow/.local/lib/python3.6/site-packages/airflow/example_dags/example_bash_operator.py took 0.070 seconds
[2024-04-30 16:20:34,989] {scheduler_job.py:182} INFO - Started process (PID=816) to work on /home/airflow/.local/lib/python3.6/site-packages/airflow/example_dags/example_bash_operator.py
[2024-04-30 16:20:34,990] {scheduler_job.py:629} INFO - Processing file /home/airflow/.local/lib/python3.6/site-packages/airflow/example_dags/example_bash_operator.py for tasks to queue
[2024-04-30 16:20:34,991] {logging_mixin.py:104} INFO - [2024-04-30 16:20:34,991] {dagbag.py:451} INFO - Filling up the DagBag from /home/airflow/.local/lib/python3.6/site-packages/airflow/example_dags/example_bash_operator.py
[2024-04-30 16:20:35,004] {scheduler_job.py:639} INFO - DAG(s) dict_keys(['example_bash_operator']) retrieved from /home/airflow/.local/lib/python3.6/site-packages/airflow/example_dags/example_bash_operator.py
[2024-04-30 16:20:35,024] {logging_mixin.py:104} INFO - [2024-04-30 16:20:35,024] {dag.py:1824} INFO - Sync 1 DAGs
[2024-04-30 16:20:35,044] {logging_mixin.py:104} INFO - [2024-04-30 16:20:35,044] {dag.py:2280} INFO - Setting next_dagrun for example_bash_operator to 2024-04-28 00:00:00+00:00
[2024-04-30 16:20:35,055] {scheduler_job.py:190} INFO - Processing /home/airflow/.local/lib/python3.6/site-packages/airflow/example_dags/example_bash_operator.py took 0.070 seconds
[2024-04-30 16:21:05,470] {scheduler_job.py:182} INFO - Started process (PID=848) to work on /home/airflow/.local/lib/python3.6/site-packages/airflow/example_dags/example_bash_operator.py
[2024-04-30 16:21:05,471] {scheduler_job.py:629} INFO - Processing file /home/airflow/.local/lib/python3.6/site-packages/airflow/example_dags/example_bash_operator.py for tasks to queue
[2024-04-30 16:21:05,472] {logging_mixin.py:104} INFO - [2024-04-30 16:21:05,472] {dagbag.py:451} INFO - Filling up the DagBag from /home/airflow/.local/lib/python3.6/site-packages/airflow/example_dags/example_bash_operator.py
[2024-04-30 16:21:05,485] {scheduler_job.py:639} INFO - DAG(s) dict_keys(['example_bash_operator']) retrieved from /home/airflow/.local/lib/python3.6/site-packages/airflow/example_dags/example_bash_operator.py
[2024-04-30 16:21:05,507] {logging_mixin.py:104} INFO - [2024-04-30 16:21:05,507] {dag.py:1824} INFO - Sync 1 DAGs
[2024-04-30 16:21:05,529] {logging_mixin.py:104} INFO - [2024-04-30 16:21:05,529] {dag.py:2280} INFO - Setting next_dagrun for example_bash_operator to 2024-04-28 00:00:00+00:00
[2024-04-30 16:21:05,540] {scheduler_job.py:190} INFO - Processing /home/airflow/.local/lib/python3.6/site-packages/airflow/example_dags/example_bash_operator.py took 0.074 seconds
[2024-04-30 16:21:35,987] {scheduler_job.py:182} INFO - Started process (PID=880) to work on /home/airflow/.local/lib/python3.6/site-packages/airflow/example_dags/example_bash_operator.py
[2024-04-30 16:21:35,989] {scheduler_job.py:629} INFO - Processing file /home/airflow/.local/lib/python3.6/site-packages/airflow/example_dags/example_bash_operator.py for tasks to queue
[2024-04-30 16:21:35,990] {logging_mixin.py:104} INFO - [2024-04-30 16:21:35,990] {dagbag.py:451} INFO - Filling up the DagBag from /home/airflow/.local/lib/python3.6/site-packages/airflow/example_dags/example_bash_operator.py
[2024-04-30 16:21:36,003] {scheduler_job.py:639} INFO - DAG(s) dict_keys(['example_bash_operator']) retrieved from /home/airflow/.local/lib/python3.6/site-packages/airflow/example_dags/example_bash_operator.py
[2024-04-30 16:21:36,023] {logging_mixin.py:104} INFO - [2024-04-30 16:21:36,023] {dag.py:1824} INFO - Sync 1 DAGs
[2024-04-30 16:21:36,042] {logging_mixin.py:104} INFO - [2024-04-30 16:21:36,042] {dag.py:2280} INFO - Setting next_dagrun for example_bash_operator to 2024-04-28 00:00:00+00:00
[2024-04-30 16:21:36,052] {scheduler_job.py:190} INFO - Processing /home/airflow/.local/lib/python3.6/site-packages/airflow/example_dags/example_bash_operator.py took 0.069 seconds
[2024-04-30 16:22:06,549] {scheduler_job.py:182} INFO - Started process (PID=912) to work on /home/airflow/.local/lib/python3.6/site-packages/airflow/example_dags/example_bash_operator.py
[2024-04-30 16:22:06,550] {scheduler_job.py:629} INFO - Processing file /home/airflow/.local/lib/python3.6/site-packages/airflow/example_dags/example_bash_operator.py for tasks to queue
[2024-04-30 16:22:06,551] {logging_mixin.py:104} INFO - [2024-04-30 16:22:06,551] {dagbag.py:451} INFO - Filling up the DagBag from /home/airflow/.local/lib/python3.6/site-packages/airflow/example_dags/example_bash_operator.py
[2024-04-30 16:22:06,563] {scheduler_job.py:639} INFO - DAG(s) dict_keys(['example_bash_operator']) retrieved from /home/airflow/.local/lib/python3.6/site-packages/airflow/example_dags/example_bash_operator.py
[2024-04-30 16:22:06,583] {logging_mixin.py:104} INFO - [2024-04-30 16:22:06,583] {dag.py:1824} INFO - Sync 1 DAGs
[2024-04-30 16:22:06,601] {logging_mixin.py:104} INFO - [2024-04-30 16:22:06,601] {dag.py:2280} INFO - Setting next_dagrun for example_bash_operator to 2024-04-28 00:00:00+00:00
[2024-04-30 16:22:06,610] {scheduler_job.py:190} INFO - Processing /home/airflow/.local/lib/python3.6/site-packages/airflow/example_dags/example_bash_operator.py took 0.064 seconds
[2024-04-30 16:22:37,189] {scheduler_job.py:182} INFO - Started process (PID=944) to work on /home/airflow/.local/lib/python3.6/site-packages/airflow/example_dags/example_bash_operator.py
[2024-04-30 16:22:37,191] {scheduler_job.py:629} INFO - Processing file /home/airflow/.local/lib/python3.6/site-packages/airflow/example_dags/example_bash_operator.py for tasks to queue
[2024-04-30 16:22:37,192] {logging_mixin.py:104} INFO - [2024-04-30 16:22:37,192] {dagbag.py:451} INFO - Filling up the DagBag from /home/airflow/.local/lib/python3.6/site-packages/airflow/example_dags/example_bash_operator.py
[2024-04-30 16:22:37,212] {scheduler_job.py:639} INFO - DAG(s) dict_keys(['example_bash_operator']) retrieved from /home/airflow/.local/lib/python3.6/site-packages/airflow/example_dags/example_bash_operator.py
[2024-04-30 16:22:37,241] {logging_mixin.py:104} INFO - [2024-04-30 16:22:37,241] {dag.py:1824} INFO - Sync 1 DAGs
[2024-04-30 16:22:37,262] {logging_mixin.py:104} INFO - [2024-04-30 16:22:37,262] {dag.py:2280} INFO - Setting next_dagrun for example_bash_operator to 2024-04-28 00:00:00+00:00
[2024-04-30 16:22:37,280] {scheduler_job.py:190} INFO - Processing /home/airflow/.local/lib/python3.6/site-packages/airflow/example_dags/example_bash_operator.py took 0.095 seconds
[2024-04-30 16:23:07,873] {scheduler_job.py:182} INFO - Started process (PID=976) to work on /home/airflow/.local/lib/python3.6/site-packages/airflow/example_dags/example_bash_operator.py
[2024-04-30 16:23:07,875] {scheduler_job.py:629} INFO - Processing file /home/airflow/.local/lib/python3.6/site-packages/airflow/example_dags/example_bash_operator.py for tasks to queue
[2024-04-30 16:23:07,877] {logging_mixin.py:104} INFO - [2024-04-30 16:23:07,877] {dagbag.py:451} INFO - Filling up the DagBag from /home/airflow/.local/lib/python3.6/site-packages/airflow/example_dags/example_bash_operator.py
[2024-04-30 16:23:07,897] {scheduler_job.py:639} INFO - DAG(s) dict_keys(['example_bash_operator']) retrieved from /home/airflow/.local/lib/python3.6/site-packages/airflow/example_dags/example_bash_operator.py
[2024-04-30 16:23:07,930] {logging_mixin.py:104} INFO - [2024-04-30 16:23:07,930] {dag.py:1824} INFO - Sync 1 DAGs
[2024-04-30 16:23:07,960] {logging_mixin.py:104} INFO - [2024-04-30 16:23:07,959] {dag.py:2280} INFO - Setting next_dagrun for example_bash_operator to 2024-04-28 00:00:00+00:00
[2024-04-30 16:23:07,970] {scheduler_job.py:190} INFO - Processing /home/airflow/.local/lib/python3.6/site-packages/airflow/example_dags/example_bash_operator.py took 0.101 seconds
[2024-04-30 16:23:38,287] {scheduler_job.py:182} INFO - Started process (PID=1008) to work on /home/airflow/.local/lib/python3.6/site-packages/airflow/example_dags/example_bash_operator.py
[2024-04-30 16:23:38,289] {scheduler_job.py:629} INFO - Processing file /home/airflow/.local/lib/python3.6/site-packages/airflow/example_dags/example_bash_operator.py for tasks to queue
[2024-04-30 16:23:38,290] {logging_mixin.py:104} INFO - [2024-04-30 16:23:38,290] {dagbag.py:451} INFO - Filling up the DagBag from /home/airflow/.local/lib/python3.6/site-packages/airflow/example_dags/example_bash_operator.py
[2024-04-30 16:23:38,303] {scheduler_job.py:639} INFO - DAG(s) dict_keys(['example_bash_operator']) retrieved from /home/airflow/.local/lib/python3.6/site-packages/airflow/example_dags/example_bash_operator.py
[2024-04-30 16:23:38,325] {logging_mixin.py:104} INFO - [2024-04-30 16:23:38,325] {dag.py:1824} INFO - Sync 1 DAGs
[2024-04-30 16:23:38,347] {logging_mixin.py:104} INFO - [2024-04-30 16:23:38,347] {dag.py:2280} INFO - Setting next_dagrun for example_bash_operator to 2024-04-28 00:00:00+00:00
[2024-04-30 16:23:38,369] {scheduler_job.py:190} INFO - Processing /home/airflow/.local/lib/python3.6/site-packages/airflow/example_dags/example_bash_operator.py took 0.085 seconds
[2024-04-30 16:24:08,953] {scheduler_job.py:182} INFO - Started process (PID=1040) to work on /home/airflow/.local/lib/python3.6/site-packages/airflow/example_dags/example_bash_operator.py
[2024-04-30 16:24:08,954] {scheduler_job.py:629} INFO - Processing file /home/airflow/.local/lib/python3.6/site-packages/airflow/example_dags/example_bash_operator.py for tasks to queue
[2024-04-30 16:24:08,955] {logging_mixin.py:104} INFO - [2024-04-30 16:24:08,955] {dagbag.py:451} INFO - Filling up the DagBag from /home/airflow/.local/lib/python3.6/site-packages/airflow/example_dags/example_bash_operator.py
[2024-04-30 16:24:08,971] {scheduler_job.py:639} INFO - DAG(s) dict_keys(['example_bash_operator']) retrieved from /home/airflow/.local/lib/python3.6/site-packages/airflow/example_dags/example_bash_operator.py
[2024-04-30 16:24:08,993] {logging_mixin.py:104} INFO - [2024-04-30 16:24:08,993] {dag.py:1824} INFO - Sync 1 DAGs
[2024-04-30 16:24:09,017] {logging_mixin.py:104} INFO - [2024-04-30 16:24:09,017] {dag.py:2280} INFO - Setting next_dagrun for example_bash_operator to 2024-04-28 00:00:00+00:00
[2024-04-30 16:24:09,029] {scheduler_job.py:190} INFO - Processing /home/airflow/.local/lib/python3.6/site-packages/airflow/example_dags/example_bash_operator.py took 0.079 seconds
[2024-04-30 16:24:39,457] {scheduler_job.py:182} INFO - Started process (PID=1072) to work on /home/airflow/.local/lib/python3.6/site-packages/airflow/example_dags/example_bash_operator.py
[2024-04-30 16:24:39,458] {scheduler_job.py:629} INFO - Processing file /home/airflow/.local/lib/python3.6/site-packages/airflow/example_dags/example_bash_operator.py for tasks to queue
[2024-04-30 16:24:39,459] {logging_mixin.py:104} INFO - [2024-04-30 16:24:39,459] {dagbag.py:451} INFO - Filling up the DagBag from /home/airflow/.local/lib/python3.6/site-packages/airflow/example_dags/example_bash_operator.py
[2024-04-30 16:24:39,472] {scheduler_job.py:639} INFO - DAG(s) dict_keys(['example_bash_operator']) retrieved from /home/airflow/.local/lib/python3.6/site-packages/airflow/example_dags/example_bash_operator.py
[2024-04-30 16:24:39,492] {logging_mixin.py:104} INFO - [2024-04-30 16:24:39,492] {dag.py:1824} INFO - Sync 1 DAGs
[2024-04-30 16:24:39,514] {logging_mixin.py:104} INFO - [2024-04-30 16:24:39,514] {dag.py:2280} INFO - Setting next_dagrun for example_bash_operator to 2024-04-28 00:00:00+00:00
[2024-04-30 16:24:39,525] {scheduler_job.py:190} INFO - Processing /home/airflow/.local/lib/python3.6/site-packages/airflow/example_dags/example_bash_operator.py took 0.071 seconds
[2024-04-30 16:25:10,185] {scheduler_job.py:182} INFO - Started process (PID=1104) to work on /home/airflow/.local/lib/python3.6/site-packages/airflow/example_dags/example_bash_operator.py
[2024-04-30 16:25:10,186] {scheduler_job.py:629} INFO - Processing file /home/airflow/.local/lib/python3.6/site-packages/airflow/example_dags/example_bash_operator.py for tasks to queue
[2024-04-30 16:25:10,187] {logging_mixin.py:104} INFO - [2024-04-30 16:25:10,187] {dagbag.py:451} INFO - Filling up the DagBag from /home/airflow/.local/lib/python3.6/site-packages/airflow/example_dags/example_bash_operator.py
[2024-04-30 16:25:10,203] {scheduler_job.py:639} INFO - DAG(s) dict_keys(['example_bash_operator']) retrieved from /home/airflow/.local/lib/python3.6/site-packages/airflow/example_dags/example_bash_operator.py
[2024-04-30 16:25:10,228] {logging_mixin.py:104} INFO - [2024-04-30 16:25:10,228] {dag.py:1824} INFO - Sync 1 DAGs
[2024-04-30 16:25:10,249] {logging_mixin.py:104} INFO - [2024-04-30 16:25:10,249] {dag.py:2280} INFO - Setting next_dagrun for example_bash_operator to 2024-04-28 00:00:00+00:00
[2024-04-30 16:25:10,260] {scheduler_job.py:190} INFO - Processing /home/airflow/.local/lib/python3.6/site-packages/airflow/example_dags/example_bash_operator.py took 0.078 seconds
[2024-04-30 16:25:40,830] {scheduler_job.py:182} INFO - Started process (PID=1136) to work on /home/airflow/.local/lib/python3.6/site-packages/airflow/example_dags/example_bash_operator.py
[2024-04-30 16:25:40,832] {scheduler_job.py:629} INFO - Processing file /home/airflow/.local/lib/python3.6/site-packages/airflow/example_dags/example_bash_operator.py for tasks to queue
[2024-04-30 16:25:40,833] {logging_mixin.py:104} INFO - [2024-04-30 16:25:40,833] {dagbag.py:451} INFO - Filling up the DagBag from /home/airflow/.local/lib/python3.6/site-packages/airflow/example_dags/example_bash_operator.py
[2024-04-30 16:25:40,847] {scheduler_job.py:639} INFO - DAG(s) dict_keys(['example_bash_operator']) retrieved from /home/airflow/.local/lib/python3.6/site-packages/airflow/example_dags/example_bash_operator.py
[2024-04-30 16:25:40,867] {logging_mixin.py:104} INFO - [2024-04-30 16:25:40,867] {dag.py:1824} INFO - Sync 1 DAGs
[2024-04-30 16:25:40,895] {logging_mixin.py:104} INFO - [2024-04-30 16:25:40,894] {dag.py:2280} INFO - Setting next_dagrun for example_bash_operator to 2024-04-28 00:00:00+00:00
[2024-04-30 16:25:40,906] {scheduler_job.py:190} INFO - Processing /home/airflow/.local/lib/python3.6/site-packages/airflow/example_dags/example_bash_operator.py took 0.081 seconds
[2024-04-30 16:26:11,299] {scheduler_job.py:182} INFO - Started process (PID=1168) to work on /home/airflow/.local/lib/python3.6/site-packages/airflow/example_dags/example_bash_operator.py
[2024-04-30 16:26:11,300] {scheduler_job.py:629} INFO - Processing file /home/airflow/.local/lib/python3.6/site-packages/airflow/example_dags/example_bash_operator.py for tasks to queue
[2024-04-30 16:26:11,301] {logging_mixin.py:104} INFO - [2024-04-30 16:26:11,301] {dagbag.py:451} INFO - Filling up the DagBag from /home/airflow/.local/lib/python3.6/site-packages/airflow/example_dags/example_bash_operator.py
[2024-04-30 16:26:11,316] {scheduler_job.py:639} INFO - DAG(s) dict_keys(['example_bash_operator']) retrieved from /home/airflow/.local/lib/python3.6/site-packages/airflow/example_dags/example_bash_operator.py
[2024-04-30 16:26:11,336] {logging_mixin.py:104} INFO - [2024-04-30 16:26:11,335] {dag.py:1824} INFO - Sync 1 DAGs
[2024-04-30 16:26:11,355] {logging_mixin.py:104} INFO - [2024-04-30 16:26:11,355] {dag.py:2280} INFO - Setting next_dagrun for example_bash_operator to 2024-04-28 00:00:00+00:00
[2024-04-30 16:26:11,366] {scheduler_job.py:190} INFO - Processing /home/airflow/.local/lib/python3.6/site-packages/airflow/example_dags/example_bash_operator.py took 0.070 seconds
[2024-04-30 16:26:41,737] {scheduler_job.py:182} INFO - Started process (PID=1200) to work on /home/airflow/.local/lib/python3.6/site-packages/airflow/example_dags/example_bash_operator.py
[2024-04-30 16:26:41,740] {scheduler_job.py:629} INFO - Processing file /home/airflow/.local/lib/python3.6/site-packages/airflow/example_dags/example_bash_operator.py for tasks to queue
[2024-04-30 16:26:41,741] {logging_mixin.py:104} INFO - [2024-04-30 16:26:41,741] {dagbag.py:451} INFO - Filling up the DagBag from /home/airflow/.local/lib/python3.6/site-packages/airflow/example_dags/example_bash_operator.py
[2024-04-30 16:26:41,752] {scheduler_job.py:639} INFO - DAG(s) dict_keys(['example_bash_operator']) retrieved from /home/airflow/.local/lib/python3.6/site-packages/airflow/example_dags/example_bash_operator.py
[2024-04-30 16:26:41,771] {logging_mixin.py:104} INFO - [2024-04-30 16:26:41,771] {dag.py:1824} INFO - Sync 1 DAGs
[2024-04-30 16:26:41,788] {logging_mixin.py:104} INFO - [2024-04-30 16:26:41,788] {dag.py:2280} INFO - Setting next_dagrun for example_bash_operator to 2024-04-28 00:00:00+00:00
[2024-04-30 16:26:41,809] {scheduler_job.py:190} INFO - Processing /home/airflow/.local/lib/python3.6/site-packages/airflow/example_dags/example_bash_operator.py took 0.075 seconds
[2024-04-30 16:27:12,290] {scheduler_job.py:182} INFO - Started process (PID=1232) to work on /home/airflow/.local/lib/python3.6/site-packages/airflow/example_dags/example_bash_operator.py
[2024-04-30 16:27:12,292] {scheduler_job.py:629} INFO - Processing file /home/airflow/.local/lib/python3.6/site-packages/airflow/example_dags/example_bash_operator.py for tasks to queue
[2024-04-30 16:27:12,293] {logging_mixin.py:104} INFO - [2024-04-30 16:27:12,293] {dagbag.py:451} INFO - Filling up the DagBag from /home/airflow/.local/lib/python3.6/site-packages/airflow/example_dags/example_bash_operator.py
[2024-04-30 16:27:12,308] {scheduler_job.py:639} INFO - DAG(s) dict_keys(['example_bash_operator']) retrieved from /home/airflow/.local/lib/python3.6/site-packages/airflow/example_dags/example_bash_operator.py
[2024-04-30 16:27:12,328] {logging_mixin.py:104} INFO - [2024-04-30 16:27:12,328] {dag.py:1824} INFO - Sync 1 DAGs
[2024-04-30 16:27:12,347] {logging_mixin.py:104} INFO - [2024-04-30 16:27:12,346] {dag.py:2280} INFO - Setting next_dagrun for example_bash_operator to 2024-04-28 00:00:00+00:00
[2024-04-30 16:27:12,357] {scheduler_job.py:190} INFO - Processing /home/airflow/.local/lib/python3.6/site-packages/airflow/example_dags/example_bash_operator.py took 0.070 seconds
[2024-04-30 16:27:42,801] {scheduler_job.py:182} INFO - Started process (PID=1264) to work on /home/airflow/.local/lib/python3.6/site-packages/airflow/example_dags/example_bash_operator.py
[2024-04-30 16:27:42,803] {scheduler_job.py:629} INFO - Processing file /home/airflow/.local/lib/python3.6/site-packages/airflow/example_dags/example_bash_operator.py for tasks to queue
[2024-04-30 16:27:42,804] {logging_mixin.py:104} INFO - [2024-04-30 16:27:42,804] {dagbag.py:451} INFO - Filling up the DagBag from /home/airflow/.local/lib/python3.6/site-packages/airflow/example_dags/example_bash_operator.py
[2024-04-30 16:27:42,819] {scheduler_job.py:639} INFO - DAG(s) dict_keys(['example_bash_operator']) retrieved from /home/airflow/.local/lib/python3.6/site-packages/airflow/example_dags/example_bash_operator.py
[2024-04-30 16:27:42,839] {logging_mixin.py:104} INFO - [2024-04-30 16:27:42,839] {dag.py:1824} INFO - Sync 1 DAGs
[2024-04-30 16:27:42,859] {logging_mixin.py:104} INFO - [2024-04-30 16:27:42,859] {dag.py:2280} INFO - Setting next_dagrun for example_bash_operator to 2024-04-28 00:00:00+00:00
[2024-04-30 16:27:42,869] {scheduler_job.py:190} INFO - Processing /home/airflow/.local/lib/python3.6/site-packages/airflow/example_dags/example_bash_operator.py took 0.072 seconds
[2024-04-30 16:28:13,289] {scheduler_job.py:182} INFO - Started process (PID=1296) to work on /home/airflow/.local/lib/python3.6/site-packages/airflow/example_dags/example_bash_operator.py
[2024-04-30 16:28:13,290] {scheduler_job.py:629} INFO - Processing file /home/airflow/.local/lib/python3.6/site-packages/airflow/example_dags/example_bash_operator.py for tasks to queue
[2024-04-30 16:28:13,291] {logging_mixin.py:104} INFO - [2024-04-30 16:28:13,291] {dagbag.py:451} INFO - Filling up the DagBag from /home/airflow/.local/lib/python3.6/site-packages/airflow/example_dags/example_bash_operator.py
[2024-04-30 16:28:13,308] {scheduler_job.py:639} INFO - DAG(s) dict_keys(['example_bash_operator']) retrieved from /home/airflow/.local/lib/python3.6/site-packages/airflow/example_dags/example_bash_operator.py
[2024-04-30 16:28:13,328] {logging_mixin.py:104} INFO - [2024-04-30 16:28:13,328] {dag.py:1824} INFO - Sync 1 DAGs
[2024-04-30 16:28:13,360] {logging_mixin.py:104} INFO - [2024-04-30 16:28:13,360] {dag.py:2280} INFO - Setting next_dagrun for example_bash_operator to 2024-04-28 00:00:00+00:00
[2024-04-30 16:28:13,379] {scheduler_job.py:190} INFO - Processing /home/airflow/.local/lib/python3.6/site-packages/airflow/example_dags/example_bash_operator.py took 0.095 seconds
[2024-04-30 16:28:43,904] {scheduler_job.py:182} INFO - Started process (PID=1328) to work on /home/airflow/.local/lib/python3.6/site-packages/airflow/example_dags/example_bash_operator.py
[2024-04-30 16:28:43,905] {scheduler_job.py:629} INFO - Processing file /home/airflow/.local/lib/python3.6/site-packages/airflow/example_dags/example_bash_operator.py for tasks to queue
[2024-04-30 16:28:43,906] {logging_mixin.py:104} INFO - [2024-04-30 16:28:43,906] {dagbag.py:451} INFO - Filling up the DagBag from /home/airflow/.local/lib/python3.6/site-packages/airflow/example_dags/example_bash_operator.py
[2024-04-30 16:28:43,919] {scheduler_job.py:639} INFO - DAG(s) dict_keys(['example_bash_operator']) retrieved from /home/airflow/.local/lib/python3.6/site-packages/airflow/example_dags/example_bash_operator.py
[2024-04-30 16:28:43,936] {logging_mixin.py:104} INFO - [2024-04-30 16:28:43,936] {dag.py:1824} INFO - Sync 1 DAGs
[2024-04-30 16:28:43,953] {logging_mixin.py:104} INFO - [2024-04-30 16:28:43,952] {dag.py:2280} INFO - Setting next_dagrun for example_bash_operator to 2024-04-28 00:00:00+00:00
[2024-04-30 16:28:43,962] {scheduler_job.py:190} INFO - Processing /home/airflow/.local/lib/python3.6/site-packages/airflow/example_dags/example_bash_operator.py took 0.060 seconds
[2024-04-30 16:29:14,453] {scheduler_job.py:182} INFO - Started process (PID=1360) to work on /home/airflow/.local/lib/python3.6/site-packages/airflow/example_dags/example_bash_operator.py
[2024-04-30 16:29:14,454] {scheduler_job.py:629} INFO - Processing file /home/airflow/.local/lib/python3.6/site-packages/airflow/example_dags/example_bash_operator.py for tasks to queue
[2024-04-30 16:29:14,455] {logging_mixin.py:104} INFO - [2024-04-30 16:29:14,455] {dagbag.py:451} INFO - Filling up the DagBag from /home/airflow/.local/lib/python3.6/site-packages/airflow/example_dags/example_bash_operator.py
[2024-04-30 16:29:14,471] {scheduler_job.py:639} INFO - DAG(s) dict_keys(['example_bash_operator']) retrieved from /home/airflow/.local/lib/python3.6/site-packages/airflow/example_dags/example_bash_operator.py
[2024-04-30 16:29:14,491] {logging_mixin.py:104} INFO - [2024-04-30 16:29:14,490] {dag.py:1824} INFO - Sync 1 DAGs
[2024-04-30 16:29:14,509] {logging_mixin.py:104} INFO - [2024-04-30 16:29:14,509] {dag.py:2280} INFO - Setting next_dagrun for example_bash_operator to 2024-04-28 00:00:00+00:00
[2024-04-30 16:29:14,520] {scheduler_job.py:190} INFO - Processing /home/airflow/.local/lib/python3.6/site-packages/airflow/example_dags/example_bash_operator.py took 0.071 seconds
[2024-04-30 16:29:45,052] {scheduler_job.py:182} INFO - Started process (PID=1392) to work on /home/airflow/.local/lib/python3.6/site-packages/airflow/example_dags/example_bash_operator.py
[2024-04-30 16:29:45,054] {scheduler_job.py:629} INFO - Processing file /home/airflow/.local/lib/python3.6/site-packages/airflow/example_dags/example_bash_operator.py for tasks to queue
[2024-04-30 16:29:45,055] {logging_mixin.py:104} INFO - [2024-04-30 16:29:45,055] {dagbag.py:451} INFO - Filling up the DagBag from /home/airflow/.local/lib/python3.6/site-packages/airflow/example_dags/example_bash_operator.py
[2024-04-30 16:29:45,069] {scheduler_job.py:639} INFO - DAG(s) dict_keys(['example_bash_operator']) retrieved from /home/airflow/.local/lib/python3.6/site-packages/airflow/example_dags/example_bash_operator.py
[2024-04-30 16:29:45,089] {logging_mixin.py:104} INFO - [2024-04-30 16:29:45,089] {dag.py:1824} INFO - Sync 1 DAGs
[2024-04-30 16:29:45,108] {logging_mixin.py:104} INFO - [2024-04-30 16:29:45,108] {dag.py:2280} INFO - Setting next_dagrun for example_bash_operator to 2024-04-28 00:00:00+00:00
[2024-04-30 16:29:45,119] {scheduler_job.py:190} INFO - Processing /home/airflow/.local/lib/python3.6/site-packages/airflow/example_dags/example_bash_operator.py took 0.070 seconds
[2024-04-30 16:30:15,563] {scheduler_job.py:182} INFO - Started process (PID=1424) to work on /home/airflow/.local/lib/python3.6/site-packages/airflow/example_dags/example_bash_operator.py
[2024-04-30 16:30:15,565] {scheduler_job.py:629} INFO - Processing file /home/airflow/.local/lib/python3.6/site-packages/airflow/example_dags/example_bash_operator.py for tasks to queue
[2024-04-30 16:30:15,565] {logging_mixin.py:104} INFO - [2024-04-30 16:30:15,565] {dagbag.py:451} INFO - Filling up the DagBag from /home/airflow/.local/lib/python3.6/site-packages/airflow/example_dags/example_bash_operator.py
[2024-04-30 16:30:15,580] {scheduler_job.py:639} INFO - DAG(s) dict_keys(['example_bash_operator']) retrieved from /home/airflow/.local/lib/python3.6/site-packages/airflow/example_dags/example_bash_operator.py
[2024-04-30 16:30:15,600] {logging_mixin.py:104} INFO - [2024-04-30 16:30:15,600] {dag.py:1824} INFO - Sync 1 DAGs
[2024-04-30 16:30:15,619] {logging_mixin.py:104} INFO - [2024-04-30 16:30:15,619] {dag.py:2280} INFO - Setting next_dagrun for example_bash_operator to 2024-04-28 00:00:00+00:00
[2024-04-30 16:30:15,630] {scheduler_job.py:190} INFO - Processing /home/airflow/.local/lib/python3.6/site-packages/airflow/example_dags/example_bash_operator.py took 0.070 seconds
[2024-04-30 16:30:46,381] {scheduler_job.py:182} INFO - Started process (PID=1456) to work on /home/airflow/.local/lib/python3.6/site-packages/airflow/example_dags/example_bash_operator.py
[2024-04-30 16:30:46,383] {scheduler_job.py:629} INFO - Processing file /home/airflow/.local/lib/python3.6/site-packages/airflow/example_dags/example_bash_operator.py for tasks to queue
[2024-04-30 16:30:46,384] {logging_mixin.py:104} INFO - [2024-04-30 16:30:46,384] {dagbag.py:451} INFO - Filling up the DagBag from /home/airflow/.local/lib/python3.6/site-packages/airflow/example_dags/example_bash_operator.py
[2024-04-30 16:30:46,399] {scheduler_job.py:639} INFO - DAG(s) dict_keys(['example_bash_operator']) retrieved from /home/airflow/.local/lib/python3.6/site-packages/airflow/example_dags/example_bash_operator.py
[2024-04-30 16:30:46,422] {logging_mixin.py:104} INFO - [2024-04-30 16:30:46,421] {dag.py:1824} INFO - Sync 1 DAGs
[2024-04-30 16:30:46,450] {logging_mixin.py:104} INFO - [2024-04-30 16:30:46,450] {dag.py:2280} INFO - Setting next_dagrun for example_bash_operator to 2024-04-28 00:00:00+00:00
[2024-04-30 16:30:46,463] {scheduler_job.py:190} INFO - Processing /home/airflow/.local/lib/python3.6/site-packages/airflow/example_dags/example_bash_operator.py took 0.084 seconds
[2024-04-30 16:31:17,169] {scheduler_job.py:182} INFO - Started process (PID=1488) to work on /home/airflow/.local/lib/python3.6/site-packages/airflow/example_dags/example_bash_operator.py
[2024-04-30 16:31:17,172] {scheduler_job.py:629} INFO - Processing file /home/airflow/.local/lib/python3.6/site-packages/airflow/example_dags/example_bash_operator.py for tasks to queue
[2024-04-30 16:31:17,177] {logging_mixin.py:104} INFO - [2024-04-30 16:31:17,176] {dagbag.py:451} INFO - Filling up the DagBag from /home/airflow/.local/lib/python3.6/site-packages/airflow/example_dags/example_bash_operator.py
[2024-04-30 16:31:17,212] {scheduler_job.py:639} INFO - DAG(s) dict_keys(['example_bash_operator']) retrieved from /home/airflow/.local/lib/python3.6/site-packages/airflow/example_dags/example_bash_operator.py
[2024-04-30 16:31:17,254] {logging_mixin.py:104} INFO - [2024-04-30 16:31:17,253] {dag.py:1824} INFO - Sync 1 DAGs
[2024-04-30 16:31:17,292] {logging_mixin.py:104} INFO - [2024-04-30 16:31:17,292] {dag.py:2280} INFO - Setting next_dagrun for example_bash_operator to 2024-04-28 00:00:00+00:00
[2024-04-30 16:31:17,312] {scheduler_job.py:190} INFO - Processing /home/airflow/.local/lib/python3.6/site-packages/airflow/example_dags/example_bash_operator.py took 0.149 seconds
[2024-04-30 16:31:48,003] {scheduler_job.py:182} INFO - Started process (PID=1520) to work on /home/airflow/.local/lib/python3.6/site-packages/airflow/example_dags/example_bash_operator.py
[2024-04-30 16:31:48,007] {scheduler_job.py:629} INFO - Processing file /home/airflow/.local/lib/python3.6/site-packages/airflow/example_dags/example_bash_operator.py for tasks to queue
[2024-04-30 16:31:48,008] {logging_mixin.py:104} INFO - [2024-04-30 16:31:48,008] {dagbag.py:451} INFO - Filling up the DagBag from /home/airflow/.local/lib/python3.6/site-packages/airflow/example_dags/example_bash_operator.py
[2024-04-30 16:31:48,049] {scheduler_job.py:639} INFO - DAG(s) dict_keys(['example_bash_operator']) retrieved from /home/airflow/.local/lib/python3.6/site-packages/airflow/example_dags/example_bash_operator.py
[2024-04-30 16:31:48,087] {logging_mixin.py:104} INFO - [2024-04-30 16:31:48,087] {dag.py:1824} INFO - Sync 1 DAGs
[2024-04-30 16:31:48,125] {logging_mixin.py:104} INFO - [2024-04-30 16:31:48,125] {dag.py:2280} INFO - Setting next_dagrun for example_bash_operator to 2024-04-28 00:00:00+00:00
[2024-04-30 16:31:48,142] {scheduler_job.py:190} INFO - Processing /home/airflow/.local/lib/python3.6/site-packages/airflow/example_dags/example_bash_operator.py took 0.145 seconds
[2024-04-30 16:32:18,353] {scheduler_job.py:182} INFO - Started process (PID=1552) to work on /home/airflow/.local/lib/python3.6/site-packages/airflow/example_dags/example_bash_operator.py
[2024-04-30 16:32:18,354] {scheduler_job.py:629} INFO - Processing file /home/airflow/.local/lib/python3.6/site-packages/airflow/example_dags/example_bash_operator.py for tasks to queue
[2024-04-30 16:32:18,356] {logging_mixin.py:104} INFO - [2024-04-30 16:32:18,355] {dagbag.py:451} INFO - Filling up the DagBag from /home/airflow/.local/lib/python3.6/site-packages/airflow/example_dags/example_bash_operator.py
[2024-04-30 16:32:18,370] {scheduler_job.py:639} INFO - DAG(s) dict_keys(['example_bash_operator']) retrieved from /home/airflow/.local/lib/python3.6/site-packages/airflow/example_dags/example_bash_operator.py
[2024-04-30 16:32:18,394] {logging_mixin.py:104} INFO - [2024-04-30 16:32:18,394] {dag.py:1824} INFO - Sync 1 DAGs
[2024-04-30 16:32:18,436] {logging_mixin.py:104} INFO - [2024-04-30 16:32:18,436] {dag.py:2280} INFO - Setting next_dagrun for example_bash_operator to 2024-04-28 00:00:00+00:00
[2024-04-30 16:32:18,458] {scheduler_job.py:190} INFO - Processing /home/airflow/.local/lib/python3.6/site-packages/airflow/example_dags/example_bash_operator.py took 0.110 seconds
[2024-04-30 16:32:48,949] {scheduler_job.py:182} INFO - Started process (PID=1584) to work on /home/airflow/.local/lib/python3.6/site-packages/airflow/example_dags/example_bash_operator.py
[2024-04-30 16:32:48,950] {scheduler_job.py:629} INFO - Processing file /home/airflow/.local/lib/python3.6/site-packages/airflow/example_dags/example_bash_operator.py for tasks to queue
[2024-04-30 16:32:48,951] {logging_mixin.py:104} INFO - [2024-04-30 16:32:48,951] {dagbag.py:451} INFO - Filling up the DagBag from /home/airflow/.local/lib/python3.6/site-packages/airflow/example_dags/example_bash_operator.py
[2024-04-30 16:32:48,963] {scheduler_job.py:639} INFO - DAG(s) dict_keys(['example_bash_operator']) retrieved from /home/airflow/.local/lib/python3.6/site-packages/airflow/example_dags/example_bash_operator.py
[2024-04-30 16:32:48,981] {logging_mixin.py:104} INFO - [2024-04-30 16:32:48,981] {dag.py:1824} INFO - Sync 1 DAGs
[2024-04-30 16:32:48,998] {logging_mixin.py:104} INFO - [2024-04-30 16:32:48,998] {dag.py:2280} INFO - Setting next_dagrun for example_bash_operator to 2024-04-28 00:00:00+00:00
[2024-04-30 16:32:49,009] {scheduler_job.py:190} INFO - Processing /home/airflow/.local/lib/python3.6/site-packages/airflow/example_dags/example_bash_operator.py took 0.063 seconds
[2024-04-30 16:33:19,604] {scheduler_job.py:182} INFO - Started process (PID=1616) to work on /home/airflow/.local/lib/python3.6/site-packages/airflow/example_dags/example_bash_operator.py
[2024-04-30 16:33:19,605] {scheduler_job.py:629} INFO - Processing file /home/airflow/.local/lib/python3.6/site-packages/airflow/example_dags/example_bash_operator.py for tasks to queue
[2024-04-30 16:33:19,606] {logging_mixin.py:104} INFO - [2024-04-30 16:33:19,606] {dagbag.py:451} INFO - Filling up the DagBag from /home/airflow/.local/lib/python3.6/site-packages/airflow/example_dags/example_bash_operator.py
[2024-04-30 16:33:19,620] {scheduler_job.py:639} INFO - DAG(s) dict_keys(['example_bash_operator']) retrieved from /home/airflow/.local/lib/python3.6/site-packages/airflow/example_dags/example_bash_operator.py
[2024-04-30 16:33:19,640] {logging_mixin.py:104} INFO - [2024-04-30 16:33:19,640] {dag.py:1824} INFO - Sync 1 DAGs
[2024-04-30 16:33:19,659] {logging_mixin.py:104} INFO - [2024-04-30 16:33:19,659] {dag.py:2280} INFO - Setting next_dagrun for example_bash_operator to 2024-04-28 00:00:00+00:00
[2024-04-30 16:33:19,669] {scheduler_job.py:190} INFO - Processing /home/airflow/.local/lib/python3.6/site-packages/airflow/example_dags/example_bash_operator.py took 0.069 seconds
[2024-04-30 16:33:50,135] {scheduler_job.py:182} INFO - Started process (PID=1648) to work on /home/airflow/.local/lib/python3.6/site-packages/airflow/example_dags/example_bash_operator.py
[2024-04-30 16:33:50,136] {scheduler_job.py:629} INFO - Processing file /home/airflow/.local/lib/python3.6/site-packages/airflow/example_dags/example_bash_operator.py for tasks to queue
[2024-04-30 16:33:50,137] {logging_mixin.py:104} INFO - [2024-04-30 16:33:50,137] {dagbag.py:451} INFO - Filling up the DagBag from /home/airflow/.local/lib/python3.6/site-packages/airflow/example_dags/example_bash_operator.py
[2024-04-30 16:33:50,148] {scheduler_job.py:639} INFO - DAG(s) dict_keys(['example_bash_operator']) retrieved from /home/airflow/.local/lib/python3.6/site-packages/airflow/example_dags/example_bash_operator.py
[2024-04-30 16:33:50,166] {logging_mixin.py:104} INFO - [2024-04-30 16:33:50,166] {dag.py:1824} INFO - Sync 1 DAGs
[2024-04-30 16:33:50,183] {logging_mixin.py:104} INFO - [2024-04-30 16:33:50,183] {dag.py:2280} INFO - Setting next_dagrun for example_bash_operator to 2024-04-28 00:00:00+00:00
[2024-04-30 16:33:50,193] {scheduler_job.py:190} INFO - Processing /home/airflow/.local/lib/python3.6/site-packages/airflow/example_dags/example_bash_operator.py took 0.060 seconds
[2024-04-30 16:34:20,802] {scheduler_job.py:182} INFO - Started process (PID=1680) to work on /home/airflow/.local/lib/python3.6/site-packages/airflow/example_dags/example_bash_operator.py
[2024-04-30 16:34:20,803] {scheduler_job.py:629} INFO - Processing file /home/airflow/.local/lib/python3.6/site-packages/airflow/example_dags/example_bash_operator.py for tasks to queue
[2024-04-30 16:34:20,804] {logging_mixin.py:104} INFO - [2024-04-30 16:34:20,804] {dagbag.py:451} INFO - Filling up the DagBag from /home/airflow/.local/lib/python3.6/site-packages/airflow/example_dags/example_bash_operator.py
[2024-04-30 16:34:20,817] {scheduler_job.py:639} INFO - DAG(s) dict_keys(['example_bash_operator']) retrieved from /home/airflow/.local/lib/python3.6/site-packages/airflow/example_dags/example_bash_operator.py
[2024-04-30 16:34:20,845] {logging_mixin.py:104} INFO - [2024-04-30 16:34:20,845] {dag.py:1824} INFO - Sync 1 DAGs
[2024-04-30 16:34:20,870] {logging_mixin.py:104} INFO - [2024-04-30 16:34:20,870] {dag.py:2280} INFO - Setting next_dagrun for example_bash_operator to 2024-04-28 00:00:00+00:00
[2024-04-30 16:34:20,883] {scheduler_job.py:190} INFO - Processing /home/airflow/.local/lib/python3.6/site-packages/airflow/example_dags/example_bash_operator.py took 0.084 seconds
[2024-04-30 16:34:51,421] {scheduler_job.py:182} INFO - Started process (PID=1712) to work on /home/airflow/.local/lib/python3.6/site-packages/airflow/example_dags/example_bash_operator.py
[2024-04-30 16:34:51,422] {scheduler_job.py:629} INFO - Processing file /home/airflow/.local/lib/python3.6/site-packages/airflow/example_dags/example_bash_operator.py for tasks to queue
[2024-04-30 16:34:51,423] {logging_mixin.py:104} INFO - [2024-04-30 16:34:51,423] {dagbag.py:451} INFO - Filling up the DagBag from /home/airflow/.local/lib/python3.6/site-packages/airflow/example_dags/example_bash_operator.py
[2024-04-30 16:34:51,435] {scheduler_job.py:639} INFO - DAG(s) dict_keys(['example_bash_operator']) retrieved from /home/airflow/.local/lib/python3.6/site-packages/airflow/example_dags/example_bash_operator.py
[2024-04-30 16:34:51,453] {logging_mixin.py:104} INFO - [2024-04-30 16:34:51,453] {dag.py:1824} INFO - Sync 1 DAGs
[2024-04-30 16:34:51,470] {logging_mixin.py:104} INFO - [2024-04-30 16:34:51,470] {dag.py:2280} INFO - Setting next_dagrun for example_bash_operator to 2024-04-28 00:00:00+00:00
[2024-04-30 16:34:51,480] {scheduler_job.py:190} INFO - Processing /home/airflow/.local/lib/python3.6/site-packages/airflow/example_dags/example_bash_operator.py took 0.062 seconds
[2024-04-30 16:35:22,040] {scheduler_job.py:182} INFO - Started process (PID=1744) to work on /home/airflow/.local/lib/python3.6/site-packages/airflow/example_dags/example_bash_operator.py
[2024-04-30 16:35:22,041] {scheduler_job.py:629} INFO - Processing file /home/airflow/.local/lib/python3.6/site-packages/airflow/example_dags/example_bash_operator.py for tasks to queue
[2024-04-30 16:35:22,042] {logging_mixin.py:104} INFO - [2024-04-30 16:35:22,042] {dagbag.py:451} INFO - Filling up the DagBag from /home/airflow/.local/lib/python3.6/site-packages/airflow/example_dags/example_bash_operator.py
[2024-04-30 16:35:22,056] {scheduler_job.py:639} INFO - DAG(s) dict_keys(['example_bash_operator']) retrieved from /home/airflow/.local/lib/python3.6/site-packages/airflow/example_dags/example_bash_operator.py
[2024-04-30 16:35:22,076] {logging_mixin.py:104} INFO - [2024-04-30 16:35:22,076] {dag.py:1824} INFO - Sync 1 DAGs
[2024-04-30 16:35:22,094] {logging_mixin.py:104} INFO - [2024-04-30 16:35:22,094] {dag.py:2280} INFO - Setting next_dagrun for example_bash_operator to 2024-04-28 00:00:00+00:00
[2024-04-30 16:35:22,105] {scheduler_job.py:190} INFO - Processing /home/airflow/.local/lib/python3.6/site-packages/airflow/example_dags/example_bash_operator.py took 0.068 seconds
[2024-04-30 16:35:52,562] {scheduler_job.py:182} INFO - Started process (PID=1776) to work on /home/airflow/.local/lib/python3.6/site-packages/airflow/example_dags/example_bash_operator.py
[2024-04-30 16:35:52,564] {scheduler_job.py:629} INFO - Processing file /home/airflow/.local/lib/python3.6/site-packages/airflow/example_dags/example_bash_operator.py for tasks to queue
[2024-04-30 16:35:52,565] {logging_mixin.py:104} INFO - [2024-04-30 16:35:52,565] {dagbag.py:451} INFO - Filling up the DagBag from /home/airflow/.local/lib/python3.6/site-packages/airflow/example_dags/example_bash_operator.py
[2024-04-30 16:35:52,578] {scheduler_job.py:639} INFO - DAG(s) dict_keys(['example_bash_operator']) retrieved from /home/airflow/.local/lib/python3.6/site-packages/airflow/example_dags/example_bash_operator.py
[2024-04-30 16:35:52,599] {logging_mixin.py:104} INFO - [2024-04-30 16:35:52,599] {dag.py:1824} INFO - Sync 1 DAGs
[2024-04-30 16:35:52,618] {logging_mixin.py:104} INFO - [2024-04-30 16:35:52,618] {dag.py:2280} INFO - Setting next_dagrun for example_bash_operator to 2024-04-28 00:00:00+00:00
[2024-04-30 16:35:52,629] {scheduler_job.py:190} INFO - Processing /home/airflow/.local/lib/python3.6/site-packages/airflow/example_dags/example_bash_operator.py took 0.070 seconds
[2024-04-30 16:36:23,064] {scheduler_job.py:182} INFO - Started process (PID=1808) to work on /home/airflow/.local/lib/python3.6/site-packages/airflow/example_dags/example_bash_operator.py
[2024-04-30 16:36:23,065] {scheduler_job.py:629} INFO - Processing file /home/airflow/.local/lib/python3.6/site-packages/airflow/example_dags/example_bash_operator.py for tasks to queue
[2024-04-30 16:36:23,066] {logging_mixin.py:104} INFO - [2024-04-30 16:36:23,066] {dagbag.py:451} INFO - Filling up the DagBag from /home/airflow/.local/lib/python3.6/site-packages/airflow/example_dags/example_bash_operator.py
[2024-04-30 16:36:23,081] {scheduler_job.py:639} INFO - DAG(s) dict_keys(['example_bash_operator']) retrieved from /home/airflow/.local/lib/python3.6/site-packages/airflow/example_dags/example_bash_operator.py
[2024-04-30 16:36:23,103] {logging_mixin.py:104} INFO - [2024-04-30 16:36:23,103] {dag.py:1824} INFO - Sync 1 DAGs
[2024-04-30 16:36:23,121] {logging_mixin.py:104} INFO - [2024-04-30 16:36:23,121] {dag.py:2280} INFO - Setting next_dagrun for example_bash_operator to 2024-04-28 00:00:00+00:00
[2024-04-30 16:36:23,132] {scheduler_job.py:190} INFO - Processing /home/airflow/.local/lib/python3.6/site-packages/airflow/example_dags/example_bash_operator.py took 0.072 seconds
[2024-04-30 16:36:53,629] {scheduler_job.py:182} INFO - Started process (PID=1840) to work on /home/airflow/.local/lib/python3.6/site-packages/airflow/example_dags/example_bash_operator.py
[2024-04-30 16:36:53,631] {scheduler_job.py:629} INFO - Processing file /home/airflow/.local/lib/python3.6/site-packages/airflow/example_dags/example_bash_operator.py for tasks to queue
[2024-04-30 16:36:53,632] {logging_mixin.py:104} INFO - [2024-04-30 16:36:53,632] {dagbag.py:451} INFO - Filling up the DagBag from /home/airflow/.local/lib/python3.6/site-packages/airflow/example_dags/example_bash_operator.py
[2024-04-30 16:36:53,644] {scheduler_job.py:639} INFO - DAG(s) dict_keys(['example_bash_operator']) retrieved from /home/airflow/.local/lib/python3.6/site-packages/airflow/example_dags/example_bash_operator.py
[2024-04-30 16:36:53,662] {logging_mixin.py:104} INFO - [2024-04-30 16:36:53,662] {dag.py:1824} INFO - Sync 1 DAGs
[2024-04-30 16:36:53,680] {logging_mixin.py:104} INFO - [2024-04-30 16:36:53,680] {dag.py:2280} INFO - Setting next_dagrun for example_bash_operator to 2024-04-28 00:00:00+00:00
[2024-04-30 16:36:53,690] {scheduler_job.py:190} INFO - Processing /home/airflow/.local/lib/python3.6/site-packages/airflow/example_dags/example_bash_operator.py took 0.065 seconds
[2024-04-30 16:37:24,278] {scheduler_job.py:182} INFO - Started process (PID=1872) to work on /home/airflow/.local/lib/python3.6/site-packages/airflow/example_dags/example_bash_operator.py
[2024-04-30 16:37:24,279] {scheduler_job.py:629} INFO - Processing file /home/airflow/.local/lib/python3.6/site-packages/airflow/example_dags/example_bash_operator.py for tasks to queue
[2024-04-30 16:37:24,280] {logging_mixin.py:104} INFO - [2024-04-30 16:37:24,280] {dagbag.py:451} INFO - Filling up the DagBag from /home/airflow/.local/lib/python3.6/site-packages/airflow/example_dags/example_bash_operator.py
[2024-04-30 16:37:24,294] {scheduler_job.py:639} INFO - DAG(s) dict_keys(['example_bash_operator']) retrieved from /home/airflow/.local/lib/python3.6/site-packages/airflow/example_dags/example_bash_operator.py
[2024-04-30 16:37:24,313] {logging_mixin.py:104} INFO - [2024-04-30 16:37:24,313] {dag.py:1824} INFO - Sync 1 DAGs
[2024-04-30 16:37:24,332] {logging_mixin.py:104} INFO - [2024-04-30 16:37:24,332] {dag.py:2280} INFO - Setting next_dagrun for example_bash_operator to 2024-04-28 00:00:00+00:00
[2024-04-30 16:37:24,343] {scheduler_job.py:190} INFO - Processing /home/airflow/.local/lib/python3.6/site-packages/airflow/example_dags/example_bash_operator.py took 0.068 seconds
[2024-04-30 16:37:54,715] {scheduler_job.py:182} INFO - Started process (PID=1904) to work on /home/airflow/.local/lib/python3.6/site-packages/airflow/example_dags/example_bash_operator.py
[2024-04-30 16:37:54,717] {scheduler_job.py:629} INFO - Processing file /home/airflow/.local/lib/python3.6/site-packages/airflow/example_dags/example_bash_operator.py for tasks to queue
[2024-04-30 16:37:54,718] {logging_mixin.py:104} INFO - [2024-04-30 16:37:54,718] {dagbag.py:451} INFO - Filling up the DagBag from /home/airflow/.local/lib/python3.6/site-packages/airflow/example_dags/example_bash_operator.py
[2024-04-30 16:37:54,730] {scheduler_job.py:639} INFO - DAG(s) dict_keys(['example_bash_operator']) retrieved from /home/airflow/.local/lib/python3.6/site-packages/airflow/example_dags/example_bash_operator.py
[2024-04-30 16:37:54,749] {logging_mixin.py:104} INFO - [2024-04-30 16:37:54,749] {dag.py:1824} INFO - Sync 1 DAGs
[2024-04-30 16:37:54,768] {logging_mixin.py:104} INFO - [2024-04-30 16:37:54,768] {dag.py:2280} INFO - Setting next_dagrun for example_bash_operator to 2024-04-28 00:00:00+00:00
[2024-04-30 16:37:54,779] {scheduler_job.py:190} INFO - Processing /home/airflow/.local/lib/python3.6/site-packages/airflow/example_dags/example_bash_operator.py took 0.066 seconds
[2024-04-30 16:38:25,174] {scheduler_job.py:182} INFO - Started process (PID=1936) to work on /home/airflow/.local/lib/python3.6/site-packages/airflow/example_dags/example_bash_operator.py
[2024-04-30 16:38:25,175] {scheduler_job.py:629} INFO - Processing file /home/airflow/.local/lib/python3.6/site-packages/airflow/example_dags/example_bash_operator.py for tasks to queue
[2024-04-30 16:38:25,176] {logging_mixin.py:104} INFO - [2024-04-30 16:38:25,176] {dagbag.py:451} INFO - Filling up the DagBag from /home/airflow/.local/lib/python3.6/site-packages/airflow/example_dags/example_bash_operator.py
[2024-04-30 16:38:25,188] {scheduler_job.py:639} INFO - DAG(s) dict_keys(['example_bash_operator']) retrieved from /home/airflow/.local/lib/python3.6/site-packages/airflow/example_dags/example_bash_operator.py
[2024-04-30 16:38:25,207] {logging_mixin.py:104} INFO - [2024-04-30 16:38:25,207] {dag.py:1824} INFO - Sync 1 DAGs
[2024-04-30 16:38:25,225] {logging_mixin.py:104} INFO - [2024-04-30 16:38:25,225] {dag.py:2280} INFO - Setting next_dagrun for example_bash_operator to 2024-04-28 00:00:00+00:00
[2024-04-30 16:38:25,235] {scheduler_job.py:190} INFO - Processing /home/airflow/.local/lib/python3.6/site-packages/airflow/example_dags/example_bash_operator.py took 0.064 seconds
[2024-04-30 16:38:55,748] {scheduler_job.py:182} INFO - Started process (PID=1968) to work on /home/airflow/.local/lib/python3.6/site-packages/airflow/example_dags/example_bash_operator.py
[2024-04-30 16:38:55,749] {scheduler_job.py:629} INFO - Processing file /home/airflow/.local/lib/python3.6/site-packages/airflow/example_dags/example_bash_operator.py for tasks to queue
[2024-04-30 16:38:55,750] {logging_mixin.py:104} INFO - [2024-04-30 16:38:55,750] {dagbag.py:451} INFO - Filling up the DagBag from /home/airflow/.local/lib/python3.6/site-packages/airflow/example_dags/example_bash_operator.py
[2024-04-30 16:38:55,763] {scheduler_job.py:639} INFO - DAG(s) dict_keys(['example_bash_operator']) retrieved from /home/airflow/.local/lib/python3.6/site-packages/airflow/example_dags/example_bash_operator.py
[2024-04-30 16:38:55,782] {logging_mixin.py:104} INFO - [2024-04-30 16:38:55,782] {dag.py:1824} INFO - Sync 1 DAGs
[2024-04-30 16:38:55,800] {logging_mixin.py:104} INFO - [2024-04-30 16:38:55,799] {dag.py:2280} INFO - Setting next_dagrun for example_bash_operator to 2024-04-28 00:00:00+00:00
[2024-04-30 16:38:55,810] {scheduler_job.py:190} INFO - Processing /home/airflow/.local/lib/python3.6/site-packages/airflow/example_dags/example_bash_operator.py took 0.066 seconds
[2024-04-30 16:39:26,301] {scheduler_job.py:182} INFO - Started process (PID=2000) to work on /home/airflow/.local/lib/python3.6/site-packages/airflow/example_dags/example_bash_operator.py
[2024-04-30 16:39:26,302] {scheduler_job.py:629} INFO - Processing file /home/airflow/.local/lib/python3.6/site-packages/airflow/example_dags/example_bash_operator.py for tasks to queue
[2024-04-30 16:39:26,303] {logging_mixin.py:104} INFO - [2024-04-30 16:39:26,303] {dagbag.py:451} INFO - Filling up the DagBag from /home/airflow/.local/lib/python3.6/site-packages/airflow/example_dags/example_bash_operator.py
[2024-04-30 16:39:26,315] {scheduler_job.py:639} INFO - DAG(s) dict_keys(['example_bash_operator']) retrieved from /home/airflow/.local/lib/python3.6/site-packages/airflow/example_dags/example_bash_operator.py
[2024-04-30 16:39:26,332] {logging_mixin.py:104} INFO - [2024-04-30 16:39:26,332] {dag.py:1824} INFO - Sync 1 DAGs
[2024-04-30 16:39:26,349] {logging_mixin.py:104} INFO - [2024-04-30 16:39:26,349] {dag.py:2280} INFO - Setting next_dagrun for example_bash_operator to 2024-04-28 00:00:00+00:00
[2024-04-30 16:39:26,359] {scheduler_job.py:190} INFO - Processing /home/airflow/.local/lib/python3.6/site-packages/airflow/example_dags/example_bash_operator.py took 0.061 seconds
[2024-04-30 16:39:56,904] {scheduler_job.py:182} INFO - Started process (PID=2032) to work on /home/airflow/.local/lib/python3.6/site-packages/airflow/example_dags/example_bash_operator.py
[2024-04-30 16:39:56,905] {scheduler_job.py:629} INFO - Processing file /home/airflow/.local/lib/python3.6/site-packages/airflow/example_dags/example_bash_operator.py for tasks to queue
[2024-04-30 16:39:56,906] {logging_mixin.py:104} INFO - [2024-04-30 16:39:56,906] {dagbag.py:451} INFO - Filling up the DagBag from /home/airflow/.local/lib/python3.6/site-packages/airflow/example_dags/example_bash_operator.py
[2024-04-30 16:39:56,919] {scheduler_job.py:639} INFO - DAG(s) dict_keys(['example_bash_operator']) retrieved from /home/airflow/.local/lib/python3.6/site-packages/airflow/example_dags/example_bash_operator.py
[2024-04-30 16:39:56,939] {logging_mixin.py:104} INFO - [2024-04-30 16:39:56,939] {dag.py:1824} INFO - Sync 1 DAGs
[2024-04-30 16:39:56,959] {logging_mixin.py:104} INFO - [2024-04-30 16:39:56,957] {dag.py:2280} INFO - Setting next_dagrun for example_bash_operator to 2024-04-28 00:00:00+00:00
[2024-04-30 16:39:56,972] {scheduler_job.py:190} INFO - Processing /home/airflow/.local/lib/python3.6/site-packages/airflow/example_dags/example_bash_operator.py took 0.070 seconds
[2024-04-30 16:40:27,361] {scheduler_job.py:182} INFO - Started process (PID=2064) to work on /home/airflow/.local/lib/python3.6/site-packages/airflow/example_dags/example_bash_operator.py
[2024-04-30 16:40:27,362] {scheduler_job.py:629} INFO - Processing file /home/airflow/.local/lib/python3.6/site-packages/airflow/example_dags/example_bash_operator.py for tasks to queue
[2024-04-30 16:40:27,363] {logging_mixin.py:104} INFO - [2024-04-30 16:40:27,363] {dagbag.py:451} INFO - Filling up the DagBag from /home/airflow/.local/lib/python3.6/site-packages/airflow/example_dags/example_bash_operator.py
[2024-04-30 16:40:27,376] {scheduler_job.py:639} INFO - DAG(s) dict_keys(['example_bash_operator']) retrieved from /home/airflow/.local/lib/python3.6/site-packages/airflow/example_dags/example_bash_operator.py
[2024-04-30 16:40:27,396] {logging_mixin.py:104} INFO - [2024-04-30 16:40:27,395] {dag.py:1824} INFO - Sync 1 DAGs
[2024-04-30 16:40:27,416] {logging_mixin.py:104} INFO - [2024-04-30 16:40:27,415] {dag.py:2280} INFO - Setting next_dagrun for example_bash_operator to 2024-04-28 00:00:00+00:00
[2024-04-30 16:40:27,424] {scheduler_job.py:190} INFO - Processing /home/airflow/.local/lib/python3.6/site-packages/airflow/example_dags/example_bash_operator.py took 0.067 seconds
[2024-04-30 16:40:57,865] {scheduler_job.py:182} INFO - Started process (PID=2096) to work on /home/airflow/.local/lib/python3.6/site-packages/airflow/example_dags/example_bash_operator.py
[2024-04-30 16:40:57,867] {scheduler_job.py:629} INFO - Processing file /home/airflow/.local/lib/python3.6/site-packages/airflow/example_dags/example_bash_operator.py for tasks to queue
[2024-04-30 16:40:57,867] {logging_mixin.py:104} INFO - [2024-04-30 16:40:57,867] {dagbag.py:451} INFO - Filling up the DagBag from /home/airflow/.local/lib/python3.6/site-packages/airflow/example_dags/example_bash_operator.py
[2024-04-30 16:40:57,879] {scheduler_job.py:639} INFO - DAG(s) dict_keys(['example_bash_operator']) retrieved from /home/airflow/.local/lib/python3.6/site-packages/airflow/example_dags/example_bash_operator.py
[2024-04-30 16:40:57,898] {logging_mixin.py:104} INFO - [2024-04-30 16:40:57,898] {dag.py:1824} INFO - Sync 1 DAGs
[2024-04-30 16:40:57,916] {logging_mixin.py:104} INFO - [2024-04-30 16:40:57,916] {dag.py:2280} INFO - Setting next_dagrun for example_bash_operator to 2024-04-28 00:00:00+00:00
[2024-04-30 16:40:57,927] {scheduler_job.py:190} INFO - Processing /home/airflow/.local/lib/python3.6/site-packages/airflow/example_dags/example_bash_operator.py took 0.065 seconds
[2024-04-30 16:41:28,469] {scheduler_job.py:182} INFO - Started process (PID=2128) to work on /home/airflow/.local/lib/python3.6/site-packages/airflow/example_dags/example_bash_operator.py
[2024-04-30 16:41:28,470] {scheduler_job.py:629} INFO - Processing file /home/airflow/.local/lib/python3.6/site-packages/airflow/example_dags/example_bash_operator.py for tasks to queue
[2024-04-30 16:41:28,472] {logging_mixin.py:104} INFO - [2024-04-30 16:41:28,471] {dagbag.py:451} INFO - Filling up the DagBag from /home/airflow/.local/lib/python3.6/site-packages/airflow/example_dags/example_bash_operator.py
[2024-04-30 16:41:28,488] {scheduler_job.py:639} INFO - DAG(s) dict_keys(['example_bash_operator']) retrieved from /home/airflow/.local/lib/python3.6/site-packages/airflow/example_dags/example_bash_operator.py
[2024-04-30 16:41:28,511] {logging_mixin.py:104} INFO - [2024-04-30 16:41:28,511] {dag.py:1824} INFO - Sync 1 DAGs
[2024-04-30 16:41:28,534] {logging_mixin.py:104} INFO - [2024-04-30 16:41:28,533] {dag.py:2280} INFO - Setting next_dagrun for example_bash_operator to 2024-04-28 00:00:00+00:00
[2024-04-30 16:41:28,542] {scheduler_job.py:190} INFO - Processing /home/airflow/.local/lib/python3.6/site-packages/airflow/example_dags/example_bash_operator.py took 0.077 seconds
