[2024-04-30 16:09:32,419] {scheduler_job.py:182} INFO - Started process (PID=34) to work on /home/airflow/.local/lib/python3.6/site-packages/airflow/example_dags/example_kubernetes_executor_config.py
[2024-04-30 16:09:32,438] {scheduler_job.py:629} INFO - Processing file /home/airflow/.local/lib/python3.6/site-packages/airflow/example_dags/example_kubernetes_executor_config.py for tasks to queue
[2024-04-30 16:09:32,443] {logging_mixin.py:104} INFO - [2024-04-30 16:09:32,443] {dagbag.py:451} INFO - Filling up the DagBag from /home/airflow/.local/lib/python3.6/site-packages/airflow/example_dags/example_kubernetes_executor_config.py
[2024-04-30 16:09:32,525] {scheduler_job.py:639} INFO - DAG(s) dict_keys(['example_kubernetes_executor_config']) retrieved from /home/airflow/.local/lib/python3.6/site-packages/airflow/example_dags/example_kubernetes_executor_config.py
[2024-04-30 16:09:32,640] {logging_mixin.py:104} INFO - [2024-04-30 16:09:32,639] {dag.py:1824} INFO - Sync 1 DAGs
[2024-04-30 16:09:32,717] {logging_mixin.py:104} INFO - [2024-04-30 16:09:32,717] {dag.py:2280} INFO - Setting next_dagrun for example_kubernetes_executor_config to None
[2024-04-30 16:09:32,852] {scheduler_job.py:190} INFO - Processing /home/airflow/.local/lib/python3.6/site-packages/airflow/example_dags/example_kubernetes_executor_config.py took 0.468 seconds
[2024-04-30 16:10:03,729] {scheduler_job.py:182} INFO - Started process (PID=104) to work on /home/airflow/.local/lib/python3.6/site-packages/airflow/example_dags/example_kubernetes_executor_config.py
[2024-04-30 16:10:03,735] {scheduler_job.py:629} INFO - Processing file /home/airflow/.local/lib/python3.6/site-packages/airflow/example_dags/example_kubernetes_executor_config.py for tasks to queue
[2024-04-30 16:10:03,747] {logging_mixin.py:104} INFO - [2024-04-30 16:10:03,746] {dagbag.py:451} INFO - Filling up the DagBag from /home/airflow/.local/lib/python3.6/site-packages/airflow/example_dags/example_kubernetes_executor_config.py
[2024-04-30 16:10:03,918] {scheduler_job.py:639} INFO - DAG(s) dict_keys(['example_kubernetes_executor_config']) retrieved from /home/airflow/.local/lib/python3.6/site-packages/airflow/example_dags/example_kubernetes_executor_config.py
[2024-04-30 16:10:04,021] {logging_mixin.py:104} INFO - [2024-04-30 16:10:04,021] {dag.py:1824} INFO - Sync 1 DAGs
[2024-04-30 16:10:04,078] {logging_mixin.py:104} INFO - [2024-04-30 16:10:04,078] {dag.py:2280} INFO - Setting next_dagrun for example_kubernetes_executor_config to None
[2024-04-30 16:10:04,128] {scheduler_job.py:190} INFO - Processing /home/airflow/.local/lib/python3.6/site-packages/airflow/example_dags/example_kubernetes_executor_config.py took 0.479 seconds
[2024-04-30 16:10:34,731] {scheduler_job.py:182} INFO - Started process (PID=145) to work on /home/airflow/.local/lib/python3.6/site-packages/airflow/example_dags/example_kubernetes_executor_config.py
[2024-04-30 16:10:34,746] {scheduler_job.py:629} INFO - Processing file /home/airflow/.local/lib/python3.6/site-packages/airflow/example_dags/example_kubernetes_executor_config.py for tasks to queue
[2024-04-30 16:10:34,756] {logging_mixin.py:104} INFO - [2024-04-30 16:10:34,755] {dagbag.py:451} INFO - Filling up the DagBag from /home/airflow/.local/lib/python3.6/site-packages/airflow/example_dags/example_kubernetes_executor_config.py
[2024-04-30 16:10:34,920] {scheduler_job.py:639} INFO - DAG(s) dict_keys(['example_kubernetes_executor_config']) retrieved from /home/airflow/.local/lib/python3.6/site-packages/airflow/example_dags/example_kubernetes_executor_config.py
[2024-04-30 16:10:35,256] {logging_mixin.py:104} INFO - [2024-04-30 16:10:35,255] {dag.py:1824} INFO - Sync 1 DAGs
[2024-04-30 16:10:35,415] {logging_mixin.py:104} INFO - [2024-04-30 16:10:35,415] {dag.py:2280} INFO - Setting next_dagrun for example_kubernetes_executor_config to None
[2024-04-30 16:10:35,531] {scheduler_job.py:190} INFO - Processing /home/airflow/.local/lib/python3.6/site-packages/airflow/example_dags/example_kubernetes_executor_config.py took 0.842 seconds
[2024-04-30 16:11:08,055] {scheduler_job.py:182} INFO - Started process (PID=179) to work on /home/airflow/.local/lib/python3.6/site-packages/airflow/example_dags/example_kubernetes_executor_config.py
[2024-04-30 16:11:08,224] {scheduler_job.py:629} INFO - Processing file /home/airflow/.local/lib/python3.6/site-packages/airflow/example_dags/example_kubernetes_executor_config.py for tasks to queue
[2024-04-30 16:11:08,236] {logging_mixin.py:104} INFO - [2024-04-30 16:11:08,235] {dagbag.py:451} INFO - Filling up the DagBag from /home/airflow/.local/lib/python3.6/site-packages/airflow/example_dags/example_kubernetes_executor_config.py
[2024-04-30 16:11:10,460] {scheduler_job.py:639} INFO - DAG(s) dict_keys(['example_kubernetes_executor_config']) retrieved from /home/airflow/.local/lib/python3.6/site-packages/airflow/example_dags/example_kubernetes_executor_config.py
[2024-04-30 16:11:14,633] {logging_mixin.py:104} INFO - [2024-04-30 16:11:14,631] {dag.py:1824} INFO - Sync 1 DAGs
[2024-04-30 16:11:17,780] {logging_mixin.py:104} INFO - [2024-04-30 16:11:17,779] {dag.py:2280} INFO - Setting next_dagrun for example_kubernetes_executor_config to None
[2024-04-30 16:11:18,633] {scheduler_job.py:190} INFO - Processing /home/airflow/.local/lib/python3.6/site-packages/airflow/example_dags/example_kubernetes_executor_config.py took 11.291 seconds
[2024-04-30 16:11:49,114] {scheduler_job.py:182} INFO - Started process (PID=245) to work on /home/airflow/.local/lib/python3.6/site-packages/airflow/example_dags/example_kubernetes_executor_config.py
[2024-04-30 16:11:49,120] {scheduler_job.py:629} INFO - Processing file /home/airflow/.local/lib/python3.6/site-packages/airflow/example_dags/example_kubernetes_executor_config.py for tasks to queue
[2024-04-30 16:11:49,123] {logging_mixin.py:104} INFO - [2024-04-30 16:11:49,123] {dagbag.py:451} INFO - Filling up the DagBag from /home/airflow/.local/lib/python3.6/site-packages/airflow/example_dags/example_kubernetes_executor_config.py
[2024-04-30 16:11:49,171] {scheduler_job.py:639} INFO - DAG(s) dict_keys(['example_kubernetes_executor_config']) retrieved from /home/airflow/.local/lib/python3.6/site-packages/airflow/example_dags/example_kubernetes_executor_config.py
[2024-04-30 16:11:49,215] {logging_mixin.py:104} INFO - [2024-04-30 16:11:49,215] {dag.py:1824} INFO - Sync 1 DAGs
[2024-04-30 16:11:49,251] {logging_mixin.py:104} INFO - [2024-04-30 16:11:49,250] {dag.py:2280} INFO - Setting next_dagrun for example_kubernetes_executor_config to None
[2024-04-30 16:11:49,268] {scheduler_job.py:190} INFO - Processing /home/airflow/.local/lib/python3.6/site-packages/airflow/example_dags/example_kubernetes_executor_config.py took 0.160 seconds
[2024-04-30 16:12:19,360] {scheduler_job.py:182} INFO - Started process (PID=277) to work on /home/airflow/.local/lib/python3.6/site-packages/airflow/example_dags/example_kubernetes_executor_config.py
[2024-04-30 16:12:19,363] {scheduler_job.py:629} INFO - Processing file /home/airflow/.local/lib/python3.6/site-packages/airflow/example_dags/example_kubernetes_executor_config.py for tasks to queue
[2024-04-30 16:12:19,364] {logging_mixin.py:104} INFO - [2024-04-30 16:12:19,364] {dagbag.py:451} INFO - Filling up the DagBag from /home/airflow/.local/lib/python3.6/site-packages/airflow/example_dags/example_kubernetes_executor_config.py
[2024-04-30 16:12:19,418] {scheduler_job.py:639} INFO - DAG(s) dict_keys(['example_kubernetes_executor_config']) retrieved from /home/airflow/.local/lib/python3.6/site-packages/airflow/example_dags/example_kubernetes_executor_config.py
[2024-04-30 16:12:19,813] {logging_mixin.py:104} INFO - [2024-04-30 16:12:19,813] {dag.py:1824} INFO - Sync 1 DAGs
[2024-04-30 16:12:20,114] {logging_mixin.py:104} INFO - [2024-04-30 16:12:20,113] {dag.py:2280} INFO - Setting next_dagrun for example_kubernetes_executor_config to None
[2024-04-30 16:12:20,167] {scheduler_job.py:190} INFO - Processing /home/airflow/.local/lib/python3.6/site-packages/airflow/example_dags/example_kubernetes_executor_config.py took 0.811 seconds
[2024-04-30 16:12:51,186] {scheduler_job.py:182} INFO - Started process (PID=309) to work on /home/airflow/.local/lib/python3.6/site-packages/airflow/example_dags/example_kubernetes_executor_config.py
[2024-04-30 16:12:51,187] {scheduler_job.py:629} INFO - Processing file /home/airflow/.local/lib/python3.6/site-packages/airflow/example_dags/example_kubernetes_executor_config.py for tasks to queue
[2024-04-30 16:12:51,189] {logging_mixin.py:104} INFO - [2024-04-30 16:12:51,188] {dagbag.py:451} INFO - Filling up the DagBag from /home/airflow/.local/lib/python3.6/site-packages/airflow/example_dags/example_kubernetes_executor_config.py
[2024-04-30 16:12:51,232] {scheduler_job.py:639} INFO - DAG(s) dict_keys(['example_kubernetes_executor_config']) retrieved from /home/airflow/.local/lib/python3.6/site-packages/airflow/example_dags/example_kubernetes_executor_config.py
[2024-04-30 16:12:51,400] {logging_mixin.py:104} INFO - [2024-04-30 16:12:51,400] {dag.py:1824} INFO - Sync 1 DAGs
[2024-04-30 16:12:51,518] {logging_mixin.py:104} INFO - [2024-04-30 16:12:51,518] {dag.py:2280} INFO - Setting next_dagrun for example_kubernetes_executor_config to None
[2024-04-30 16:12:51,570] {scheduler_job.py:190} INFO - Processing /home/airflow/.local/lib/python3.6/site-packages/airflow/example_dags/example_kubernetes_executor_config.py took 0.389 seconds
[2024-04-30 16:13:21,767] {scheduler_job.py:182} INFO - Started process (PID=341) to work on /home/airflow/.local/lib/python3.6/site-packages/airflow/example_dags/example_kubernetes_executor_config.py
[2024-04-30 16:13:21,774] {scheduler_job.py:629} INFO - Processing file /home/airflow/.local/lib/python3.6/site-packages/airflow/example_dags/example_kubernetes_executor_config.py for tasks to queue
[2024-04-30 16:13:21,782] {logging_mixin.py:104} INFO - [2024-04-30 16:13:21,780] {dagbag.py:451} INFO - Filling up the DagBag from /home/airflow/.local/lib/python3.6/site-packages/airflow/example_dags/example_kubernetes_executor_config.py
[2024-04-30 16:13:21,893] {scheduler_job.py:639} INFO - DAG(s) dict_keys(['example_kubernetes_executor_config']) retrieved from /home/airflow/.local/lib/python3.6/site-packages/airflow/example_dags/example_kubernetes_executor_config.py
[2024-04-30 16:13:22,001] {logging_mixin.py:104} INFO - [2024-04-30 16:13:22,000] {dag.py:1824} INFO - Sync 1 DAGs
[2024-04-30 16:13:22,068] {logging_mixin.py:104} INFO - [2024-04-30 16:13:22,067] {dag.py:2280} INFO - Setting next_dagrun for example_kubernetes_executor_config to None
[2024-04-30 16:13:22,189] {scheduler_job.py:190} INFO - Processing /home/airflow/.local/lib/python3.6/site-packages/airflow/example_dags/example_kubernetes_executor_config.py took 0.462 seconds
[2024-04-30 16:13:52,877] {scheduler_job.py:182} INFO - Started process (PID=389) to work on /home/airflow/.local/lib/python3.6/site-packages/airflow/example_dags/example_kubernetes_executor_config.py
[2024-04-30 16:13:52,880] {scheduler_job.py:629} INFO - Processing file /home/airflow/.local/lib/python3.6/site-packages/airflow/example_dags/example_kubernetes_executor_config.py for tasks to queue
[2024-04-30 16:13:52,882] {logging_mixin.py:104} INFO - [2024-04-30 16:13:52,882] {dagbag.py:451} INFO - Filling up the DagBag from /home/airflow/.local/lib/python3.6/site-packages/airflow/example_dags/example_kubernetes_executor_config.py
[2024-04-30 16:13:52,927] {scheduler_job.py:639} INFO - DAG(s) dict_keys(['example_kubernetes_executor_config']) retrieved from /home/airflow/.local/lib/python3.6/site-packages/airflow/example_dags/example_kubernetes_executor_config.py
[2024-04-30 16:13:53,044] {logging_mixin.py:104} INFO - [2024-04-30 16:13:53,044] {dag.py:1824} INFO - Sync 1 DAGs
[2024-04-30 16:13:53,139] {logging_mixin.py:104} INFO - [2024-04-30 16:13:53,139] {dag.py:2280} INFO - Setting next_dagrun for example_kubernetes_executor_config to None
[2024-04-30 16:13:53,153] {scheduler_job.py:190} INFO - Processing /home/airflow/.local/lib/python3.6/site-packages/airflow/example_dags/example_kubernetes_executor_config.py took 0.290 seconds
[2024-04-30 16:14:23,609] {scheduler_job.py:182} INFO - Started process (PID=421) to work on /home/airflow/.local/lib/python3.6/site-packages/airflow/example_dags/example_kubernetes_executor_config.py
[2024-04-30 16:14:23,613] {scheduler_job.py:629} INFO - Processing file /home/airflow/.local/lib/python3.6/site-packages/airflow/example_dags/example_kubernetes_executor_config.py for tasks to queue
[2024-04-30 16:14:23,617] {logging_mixin.py:104} INFO - [2024-04-30 16:14:23,616] {dagbag.py:451} INFO - Filling up the DagBag from /home/airflow/.local/lib/python3.6/site-packages/airflow/example_dags/example_kubernetes_executor_config.py
[2024-04-30 16:14:23,667] {scheduler_job.py:639} INFO - DAG(s) dict_keys(['example_kubernetes_executor_config']) retrieved from /home/airflow/.local/lib/python3.6/site-packages/airflow/example_dags/example_kubernetes_executor_config.py
[2024-04-30 16:14:23,759] {logging_mixin.py:104} INFO - [2024-04-30 16:14:23,759] {dag.py:1824} INFO - Sync 1 DAGs
[2024-04-30 16:14:23,813] {logging_mixin.py:104} INFO - [2024-04-30 16:14:23,813] {dag.py:2280} INFO - Setting next_dagrun for example_kubernetes_executor_config to None
[2024-04-30 16:14:23,829] {scheduler_job.py:190} INFO - Processing /home/airflow/.local/lib/python3.6/site-packages/airflow/example_dags/example_kubernetes_executor_config.py took 0.230 seconds
[2024-04-30 16:14:54,705] {scheduler_job.py:182} INFO - Started process (PID=453) to work on /home/airflow/.local/lib/python3.6/site-packages/airflow/example_dags/example_kubernetes_executor_config.py
[2024-04-30 16:14:54,709] {scheduler_job.py:629} INFO - Processing file /home/airflow/.local/lib/python3.6/site-packages/airflow/example_dags/example_kubernetes_executor_config.py for tasks to queue
[2024-04-30 16:14:54,711] {logging_mixin.py:104} INFO - [2024-04-30 16:14:54,711] {dagbag.py:451} INFO - Filling up the DagBag from /home/airflow/.local/lib/python3.6/site-packages/airflow/example_dags/example_kubernetes_executor_config.py
[2024-04-30 16:14:54,781] {scheduler_job.py:639} INFO - DAG(s) dict_keys(['example_kubernetes_executor_config']) retrieved from /home/airflow/.local/lib/python3.6/site-packages/airflow/example_dags/example_kubernetes_executor_config.py
[2024-04-30 16:14:54,835] {logging_mixin.py:104} INFO - [2024-04-30 16:14:54,834] {dag.py:1824} INFO - Sync 1 DAGs
[2024-04-30 16:14:54,866] {logging_mixin.py:104} INFO - [2024-04-30 16:14:54,866] {dag.py:2280} INFO - Setting next_dagrun for example_kubernetes_executor_config to None
[2024-04-30 16:14:54,887] {scheduler_job.py:190} INFO - Processing /home/airflow/.local/lib/python3.6/site-packages/airflow/example_dags/example_kubernetes_executor_config.py took 0.189 seconds
[2024-04-30 16:15:25,872] {scheduler_job.py:182} INFO - Started process (PID=485) to work on /home/airflow/.local/lib/python3.6/site-packages/airflow/example_dags/example_kubernetes_executor_config.py
[2024-04-30 16:15:25,873] {scheduler_job.py:629} INFO - Processing file /home/airflow/.local/lib/python3.6/site-packages/airflow/example_dags/example_kubernetes_executor_config.py for tasks to queue
[2024-04-30 16:15:25,876] {logging_mixin.py:104} INFO - [2024-04-30 16:15:25,875] {dagbag.py:451} INFO - Filling up the DagBag from /home/airflow/.local/lib/python3.6/site-packages/airflow/example_dags/example_kubernetes_executor_config.py
[2024-04-30 16:15:25,924] {scheduler_job.py:639} INFO - DAG(s) dict_keys(['example_kubernetes_executor_config']) retrieved from /home/airflow/.local/lib/python3.6/site-packages/airflow/example_dags/example_kubernetes_executor_config.py
[2024-04-30 16:15:25,964] {logging_mixin.py:104} INFO - [2024-04-30 16:15:25,964] {dag.py:1824} INFO - Sync 1 DAGs
[2024-04-30 16:15:25,997] {logging_mixin.py:104} INFO - [2024-04-30 16:15:25,997] {dag.py:2280} INFO - Setting next_dagrun for example_kubernetes_executor_config to None
[2024-04-30 16:15:26,008] {scheduler_job.py:190} INFO - Processing /home/airflow/.local/lib/python3.6/site-packages/airflow/example_dags/example_kubernetes_executor_config.py took 0.140 seconds
[2024-04-30 16:15:56,428] {scheduler_job.py:182} INFO - Started process (PID=517) to work on /home/airflow/.local/lib/python3.6/site-packages/airflow/example_dags/example_kubernetes_executor_config.py
[2024-04-30 16:15:56,432] {scheduler_job.py:629} INFO - Processing file /home/airflow/.local/lib/python3.6/site-packages/airflow/example_dags/example_kubernetes_executor_config.py for tasks to queue
[2024-04-30 16:15:56,435] {logging_mixin.py:104} INFO - [2024-04-30 16:15:56,435] {dagbag.py:451} INFO - Filling up the DagBag from /home/airflow/.local/lib/python3.6/site-packages/airflow/example_dags/example_kubernetes_executor_config.py
[2024-04-30 16:15:56,480] {scheduler_job.py:639} INFO - DAG(s) dict_keys(['example_kubernetes_executor_config']) retrieved from /home/airflow/.local/lib/python3.6/site-packages/airflow/example_dags/example_kubernetes_executor_config.py
[2024-04-30 16:15:56,522] {logging_mixin.py:104} INFO - [2024-04-30 16:15:56,520] {dag.py:1824} INFO - Sync 1 DAGs
[2024-04-30 16:15:56,567] {logging_mixin.py:104} INFO - [2024-04-30 16:15:56,566] {dag.py:2280} INFO - Setting next_dagrun for example_kubernetes_executor_config to None
[2024-04-30 16:15:56,590] {scheduler_job.py:190} INFO - Processing /home/airflow/.local/lib/python3.6/site-packages/airflow/example_dags/example_kubernetes_executor_config.py took 0.177 seconds
[2024-04-30 16:16:27,131] {scheduler_job.py:182} INFO - Started process (PID=549) to work on /home/airflow/.local/lib/python3.6/site-packages/airflow/example_dags/example_kubernetes_executor_config.py
[2024-04-30 16:16:27,142] {scheduler_job.py:629} INFO - Processing file /home/airflow/.local/lib/python3.6/site-packages/airflow/example_dags/example_kubernetes_executor_config.py for tasks to queue
[2024-04-30 16:16:27,158] {logging_mixin.py:104} INFO - [2024-04-30 16:16:27,157] {dagbag.py:451} INFO - Filling up the DagBag from /home/airflow/.local/lib/python3.6/site-packages/airflow/example_dags/example_kubernetes_executor_config.py
[2024-04-30 16:16:27,659] {scheduler_job.py:639} INFO - DAG(s) dict_keys(['example_kubernetes_executor_config']) retrieved from /home/airflow/.local/lib/python3.6/site-packages/airflow/example_dags/example_kubernetes_executor_config.py
[2024-04-30 16:16:27,787] {logging_mixin.py:104} INFO - [2024-04-30 16:16:27,787] {dag.py:1824} INFO - Sync 1 DAGs
[2024-04-30 16:16:27,841] {logging_mixin.py:104} INFO - [2024-04-30 16:16:27,841] {dag.py:2280} INFO - Setting next_dagrun for example_kubernetes_executor_config to None
[2024-04-30 16:16:27,888] {scheduler_job.py:190} INFO - Processing /home/airflow/.local/lib/python3.6/site-packages/airflow/example_dags/example_kubernetes_executor_config.py took 0.866 seconds
[2024-04-30 16:16:58,259] {scheduler_job.py:182} INFO - Started process (PID=581) to work on /home/airflow/.local/lib/python3.6/site-packages/airflow/example_dags/example_kubernetes_executor_config.py
[2024-04-30 16:16:58,263] {scheduler_job.py:629} INFO - Processing file /home/airflow/.local/lib/python3.6/site-packages/airflow/example_dags/example_kubernetes_executor_config.py for tasks to queue
[2024-04-30 16:16:58,266] {logging_mixin.py:104} INFO - [2024-04-30 16:16:58,265] {dagbag.py:451} INFO - Filling up the DagBag from /home/airflow/.local/lib/python3.6/site-packages/airflow/example_dags/example_kubernetes_executor_config.py
[2024-04-30 16:16:58,360] {scheduler_job.py:639} INFO - DAG(s) dict_keys(['example_kubernetes_executor_config']) retrieved from /home/airflow/.local/lib/python3.6/site-packages/airflow/example_dags/example_kubernetes_executor_config.py
[2024-04-30 16:16:58,465] {logging_mixin.py:104} INFO - [2024-04-30 16:16:58,465] {dag.py:1824} INFO - Sync 1 DAGs
[2024-04-30 16:16:58,508] {logging_mixin.py:104} INFO - [2024-04-30 16:16:58,508] {dag.py:2280} INFO - Setting next_dagrun for example_kubernetes_executor_config to None
[2024-04-30 16:16:58,533] {scheduler_job.py:190} INFO - Processing /home/airflow/.local/lib/python3.6/site-packages/airflow/example_dags/example_kubernetes_executor_config.py took 0.292 seconds
[2024-04-30 16:17:29,280] {scheduler_job.py:182} INFO - Started process (PID=613) to work on /home/airflow/.local/lib/python3.6/site-packages/airflow/example_dags/example_kubernetes_executor_config.py
[2024-04-30 16:17:29,284] {scheduler_job.py:629} INFO - Processing file /home/airflow/.local/lib/python3.6/site-packages/airflow/example_dags/example_kubernetes_executor_config.py for tasks to queue
[2024-04-30 16:17:29,287] {logging_mixin.py:104} INFO - [2024-04-30 16:17:29,286] {dagbag.py:451} INFO - Filling up the DagBag from /home/airflow/.local/lib/python3.6/site-packages/airflow/example_dags/example_kubernetes_executor_config.py
[2024-04-30 16:17:29,336] {scheduler_job.py:639} INFO - DAG(s) dict_keys(['example_kubernetes_executor_config']) retrieved from /home/airflow/.local/lib/python3.6/site-packages/airflow/example_dags/example_kubernetes_executor_config.py
[2024-04-30 16:17:29,362] {logging_mixin.py:104} INFO - [2024-04-30 16:17:29,361] {dag.py:1824} INFO - Sync 1 DAGs
[2024-04-30 16:17:29,387] {logging_mixin.py:104} INFO - [2024-04-30 16:17:29,387] {dag.py:2280} INFO - Setting next_dagrun for example_kubernetes_executor_config to None
[2024-04-30 16:17:29,404] {scheduler_job.py:190} INFO - Processing /home/airflow/.local/lib/python3.6/site-packages/airflow/example_dags/example_kubernetes_executor_config.py took 0.142 seconds
[2024-04-30 16:18:00,278] {scheduler_job.py:182} INFO - Started process (PID=645) to work on /home/airflow/.local/lib/python3.6/site-packages/airflow/example_dags/example_kubernetes_executor_config.py
[2024-04-30 16:18:00,279] {scheduler_job.py:629} INFO - Processing file /home/airflow/.local/lib/python3.6/site-packages/airflow/example_dags/example_kubernetes_executor_config.py for tasks to queue
[2024-04-30 16:18:00,280] {logging_mixin.py:104} INFO - [2024-04-30 16:18:00,280] {dagbag.py:451} INFO - Filling up the DagBag from /home/airflow/.local/lib/python3.6/site-packages/airflow/example_dags/example_kubernetes_executor_config.py
[2024-04-30 16:18:00,300] {scheduler_job.py:639} INFO - DAG(s) dict_keys(['example_kubernetes_executor_config']) retrieved from /home/airflow/.local/lib/python3.6/site-packages/airflow/example_dags/example_kubernetes_executor_config.py
[2024-04-30 16:18:00,344] {logging_mixin.py:104} INFO - [2024-04-30 16:18:00,344] {dag.py:1824} INFO - Sync 1 DAGs
[2024-04-30 16:18:00,382] {logging_mixin.py:104} INFO - [2024-04-30 16:18:00,382] {dag.py:2280} INFO - Setting next_dagrun for example_kubernetes_executor_config to None
[2024-04-30 16:18:00,395] {scheduler_job.py:190} INFO - Processing /home/airflow/.local/lib/python3.6/site-packages/airflow/example_dags/example_kubernetes_executor_config.py took 0.120 seconds
[2024-04-30 16:18:30,716] {scheduler_job.py:182} INFO - Started process (PID=677) to work on /home/airflow/.local/lib/python3.6/site-packages/airflow/example_dags/example_kubernetes_executor_config.py
[2024-04-30 16:18:30,717] {scheduler_job.py:629} INFO - Processing file /home/airflow/.local/lib/python3.6/site-packages/airflow/example_dags/example_kubernetes_executor_config.py for tasks to queue
[2024-04-30 16:18:30,718] {logging_mixin.py:104} INFO - [2024-04-30 16:18:30,718] {dagbag.py:451} INFO - Filling up the DagBag from /home/airflow/.local/lib/python3.6/site-packages/airflow/example_dags/example_kubernetes_executor_config.py
[2024-04-30 16:18:30,732] {scheduler_job.py:639} INFO - DAG(s) dict_keys(['example_kubernetes_executor_config']) retrieved from /home/airflow/.local/lib/python3.6/site-packages/airflow/example_dags/example_kubernetes_executor_config.py
[2024-04-30 16:18:30,755] {logging_mixin.py:104} INFO - [2024-04-30 16:18:30,755] {dag.py:1824} INFO - Sync 1 DAGs
[2024-04-30 16:18:30,770] {logging_mixin.py:104} INFO - [2024-04-30 16:18:30,770] {dag.py:2280} INFO - Setting next_dagrun for example_kubernetes_executor_config to None
[2024-04-30 16:18:30,781] {scheduler_job.py:190} INFO - Processing /home/airflow/.local/lib/python3.6/site-packages/airflow/example_dags/example_kubernetes_executor_config.py took 0.069 seconds
[2024-04-30 16:19:01,132] {scheduler_job.py:182} INFO - Started process (PID=709) to work on /home/airflow/.local/lib/python3.6/site-packages/airflow/example_dags/example_kubernetes_executor_config.py
[2024-04-30 16:19:01,133] {scheduler_job.py:629} INFO - Processing file /home/airflow/.local/lib/python3.6/site-packages/airflow/example_dags/example_kubernetes_executor_config.py for tasks to queue
[2024-04-30 16:19:01,134] {logging_mixin.py:104} INFO - [2024-04-30 16:19:01,134] {dagbag.py:451} INFO - Filling up the DagBag from /home/airflow/.local/lib/python3.6/site-packages/airflow/example_dags/example_kubernetes_executor_config.py
[2024-04-30 16:19:01,153] {scheduler_job.py:639} INFO - DAG(s) dict_keys(['example_kubernetes_executor_config']) retrieved from /home/airflow/.local/lib/python3.6/site-packages/airflow/example_dags/example_kubernetes_executor_config.py
[2024-04-30 16:19:01,176] {logging_mixin.py:104} INFO - [2024-04-30 16:19:01,176] {dag.py:1824} INFO - Sync 1 DAGs
[2024-04-30 16:19:01,192] {logging_mixin.py:104} INFO - [2024-04-30 16:19:01,192] {dag.py:2280} INFO - Setting next_dagrun for example_kubernetes_executor_config to None
[2024-04-30 16:19:01,203] {scheduler_job.py:190} INFO - Processing /home/airflow/.local/lib/python3.6/site-packages/airflow/example_dags/example_kubernetes_executor_config.py took 0.074 seconds
[2024-04-30 16:19:31,665] {scheduler_job.py:182} INFO - Started process (PID=741) to work on /home/airflow/.local/lib/python3.6/site-packages/airflow/example_dags/example_kubernetes_executor_config.py
[2024-04-30 16:19:31,666] {scheduler_job.py:629} INFO - Processing file /home/airflow/.local/lib/python3.6/site-packages/airflow/example_dags/example_kubernetes_executor_config.py for tasks to queue
[2024-04-30 16:19:31,667] {logging_mixin.py:104} INFO - [2024-04-30 16:19:31,667] {dagbag.py:451} INFO - Filling up the DagBag from /home/airflow/.local/lib/python3.6/site-packages/airflow/example_dags/example_kubernetes_executor_config.py
[2024-04-30 16:19:31,681] {scheduler_job.py:639} INFO - DAG(s) dict_keys(['example_kubernetes_executor_config']) retrieved from /home/airflow/.local/lib/python3.6/site-packages/airflow/example_dags/example_kubernetes_executor_config.py
[2024-04-30 16:19:31,701] {logging_mixin.py:104} INFO - [2024-04-30 16:19:31,701] {dag.py:1824} INFO - Sync 1 DAGs
[2024-04-30 16:19:31,716] {logging_mixin.py:104} INFO - [2024-04-30 16:19:31,716] {dag.py:2280} INFO - Setting next_dagrun for example_kubernetes_executor_config to None
[2024-04-30 16:19:31,726] {scheduler_job.py:190} INFO - Processing /home/airflow/.local/lib/python3.6/site-packages/airflow/example_dags/example_kubernetes_executor_config.py took 0.064 seconds
[2024-04-30 16:20:02,078] {scheduler_job.py:182} INFO - Started process (PID=773) to work on /home/airflow/.local/lib/python3.6/site-packages/airflow/example_dags/example_kubernetes_executor_config.py
[2024-04-30 16:20:02,080] {scheduler_job.py:629} INFO - Processing file /home/airflow/.local/lib/python3.6/site-packages/airflow/example_dags/example_kubernetes_executor_config.py for tasks to queue
[2024-04-30 16:20:02,081] {logging_mixin.py:104} INFO - [2024-04-30 16:20:02,081] {dagbag.py:451} INFO - Filling up the DagBag from /home/airflow/.local/lib/python3.6/site-packages/airflow/example_dags/example_kubernetes_executor_config.py
[2024-04-30 16:20:02,094] {scheduler_job.py:639} INFO - DAG(s) dict_keys(['example_kubernetes_executor_config']) retrieved from /home/airflow/.local/lib/python3.6/site-packages/airflow/example_dags/example_kubernetes_executor_config.py
[2024-04-30 16:20:02,117] {logging_mixin.py:104} INFO - [2024-04-30 16:20:02,117] {dag.py:1824} INFO - Sync 1 DAGs
[2024-04-30 16:20:02,131] {logging_mixin.py:104} INFO - [2024-04-30 16:20:02,130] {dag.py:2280} INFO - Setting next_dagrun for example_kubernetes_executor_config to None
[2024-04-30 16:20:02,141] {scheduler_job.py:190} INFO - Processing /home/airflow/.local/lib/python3.6/site-packages/airflow/example_dags/example_kubernetes_executor_config.py took 0.066 seconds
[2024-04-30 16:20:32,603] {scheduler_job.py:182} INFO - Started process (PID=805) to work on /home/airflow/.local/lib/python3.6/site-packages/airflow/example_dags/example_kubernetes_executor_config.py
[2024-04-30 16:20:32,604] {scheduler_job.py:629} INFO - Processing file /home/airflow/.local/lib/python3.6/site-packages/airflow/example_dags/example_kubernetes_executor_config.py for tasks to queue
[2024-04-30 16:20:32,604] {logging_mixin.py:104} INFO - [2024-04-30 16:20:32,604] {dagbag.py:451} INFO - Filling up the DagBag from /home/airflow/.local/lib/python3.6/site-packages/airflow/example_dags/example_kubernetes_executor_config.py
[2024-04-30 16:20:32,616] {scheduler_job.py:639} INFO - DAG(s) dict_keys(['example_kubernetes_executor_config']) retrieved from /home/airflow/.local/lib/python3.6/site-packages/airflow/example_dags/example_kubernetes_executor_config.py
[2024-04-30 16:20:32,638] {logging_mixin.py:104} INFO - [2024-04-30 16:20:32,638] {dag.py:1824} INFO - Sync 1 DAGs
[2024-04-30 16:20:32,651] {logging_mixin.py:104} INFO - [2024-04-30 16:20:32,651] {dag.py:2280} INFO - Setting next_dagrun for example_kubernetes_executor_config to None
[2024-04-30 16:20:32,662] {scheduler_job.py:190} INFO - Processing /home/airflow/.local/lib/python3.6/site-packages/airflow/example_dags/example_kubernetes_executor_config.py took 0.062 seconds
[2024-04-30 16:21:03,008] {scheduler_job.py:182} INFO - Started process (PID=837) to work on /home/airflow/.local/lib/python3.6/site-packages/airflow/example_dags/example_kubernetes_executor_config.py
[2024-04-30 16:21:03,010] {scheduler_job.py:629} INFO - Processing file /home/airflow/.local/lib/python3.6/site-packages/airflow/example_dags/example_kubernetes_executor_config.py for tasks to queue
[2024-04-30 16:21:03,011] {logging_mixin.py:104} INFO - [2024-04-30 16:21:03,011] {dagbag.py:451} INFO - Filling up the DagBag from /home/airflow/.local/lib/python3.6/site-packages/airflow/example_dags/example_kubernetes_executor_config.py
[2024-04-30 16:21:03,024] {scheduler_job.py:639} INFO - DAG(s) dict_keys(['example_kubernetes_executor_config']) retrieved from /home/airflow/.local/lib/python3.6/site-packages/airflow/example_dags/example_kubernetes_executor_config.py
[2024-04-30 16:21:03,046] {logging_mixin.py:104} INFO - [2024-04-30 16:21:03,046] {dag.py:1824} INFO - Sync 1 DAGs
[2024-04-30 16:21:03,060] {logging_mixin.py:104} INFO - [2024-04-30 16:21:03,060] {dag.py:2280} INFO - Setting next_dagrun for example_kubernetes_executor_config to None
[2024-04-30 16:21:03,070] {scheduler_job.py:190} INFO - Processing /home/airflow/.local/lib/python3.6/site-packages/airflow/example_dags/example_kubernetes_executor_config.py took 0.065 seconds
[2024-04-30 16:21:33,505] {scheduler_job.py:182} INFO - Started process (PID=869) to work on /home/airflow/.local/lib/python3.6/site-packages/airflow/example_dags/example_kubernetes_executor_config.py
[2024-04-30 16:21:33,507] {scheduler_job.py:629} INFO - Processing file /home/airflow/.local/lib/python3.6/site-packages/airflow/example_dags/example_kubernetes_executor_config.py for tasks to queue
[2024-04-30 16:21:33,508] {logging_mixin.py:104} INFO - [2024-04-30 16:21:33,507] {dagbag.py:451} INFO - Filling up the DagBag from /home/airflow/.local/lib/python3.6/site-packages/airflow/example_dags/example_kubernetes_executor_config.py
[2024-04-30 16:21:33,526] {scheduler_job.py:639} INFO - DAG(s) dict_keys(['example_kubernetes_executor_config']) retrieved from /home/airflow/.local/lib/python3.6/site-packages/airflow/example_dags/example_kubernetes_executor_config.py
[2024-04-30 16:21:33,552] {logging_mixin.py:104} INFO - [2024-04-30 16:21:33,552] {dag.py:1824} INFO - Sync 1 DAGs
[2024-04-30 16:21:33,566] {logging_mixin.py:104} INFO - [2024-04-30 16:21:33,566] {dag.py:2280} INFO - Setting next_dagrun for example_kubernetes_executor_config to None
[2024-04-30 16:21:33,577] {scheduler_job.py:190} INFO - Processing /home/airflow/.local/lib/python3.6/site-packages/airflow/example_dags/example_kubernetes_executor_config.py took 0.075 seconds
[2024-04-30 16:22:04,084] {scheduler_job.py:182} INFO - Started process (PID=901) to work on /home/airflow/.local/lib/python3.6/site-packages/airflow/example_dags/example_kubernetes_executor_config.py
[2024-04-30 16:22:04,085] {scheduler_job.py:629} INFO - Processing file /home/airflow/.local/lib/python3.6/site-packages/airflow/example_dags/example_kubernetes_executor_config.py for tasks to queue
[2024-04-30 16:22:04,086] {logging_mixin.py:104} INFO - [2024-04-30 16:22:04,086] {dagbag.py:451} INFO - Filling up the DagBag from /home/airflow/.local/lib/python3.6/site-packages/airflow/example_dags/example_kubernetes_executor_config.py
[2024-04-30 16:22:04,099] {scheduler_job.py:639} INFO - DAG(s) dict_keys(['example_kubernetes_executor_config']) retrieved from /home/airflow/.local/lib/python3.6/site-packages/airflow/example_dags/example_kubernetes_executor_config.py
[2024-04-30 16:22:04,122] {logging_mixin.py:104} INFO - [2024-04-30 16:22:04,122] {dag.py:1824} INFO - Sync 1 DAGs
[2024-04-30 16:22:04,137] {logging_mixin.py:104} INFO - [2024-04-30 16:22:04,137] {dag.py:2280} INFO - Setting next_dagrun for example_kubernetes_executor_config to None
[2024-04-30 16:22:04,147] {scheduler_job.py:190} INFO - Processing /home/airflow/.local/lib/python3.6/site-packages/airflow/example_dags/example_kubernetes_executor_config.py took 0.066 seconds
[2024-04-30 16:22:34,640] {scheduler_job.py:182} INFO - Started process (PID=933) to work on /home/airflow/.local/lib/python3.6/site-packages/airflow/example_dags/example_kubernetes_executor_config.py
[2024-04-30 16:22:34,641] {scheduler_job.py:629} INFO - Processing file /home/airflow/.local/lib/python3.6/site-packages/airflow/example_dags/example_kubernetes_executor_config.py for tasks to queue
[2024-04-30 16:22:34,642] {logging_mixin.py:104} INFO - [2024-04-30 16:22:34,642] {dagbag.py:451} INFO - Filling up the DagBag from /home/airflow/.local/lib/python3.6/site-packages/airflow/example_dags/example_kubernetes_executor_config.py
[2024-04-30 16:22:34,657] {scheduler_job.py:639} INFO - DAG(s) dict_keys(['example_kubernetes_executor_config']) retrieved from /home/airflow/.local/lib/python3.6/site-packages/airflow/example_dags/example_kubernetes_executor_config.py
[2024-04-30 16:22:34,685] {logging_mixin.py:104} INFO - [2024-04-30 16:22:34,685] {dag.py:1824} INFO - Sync 1 DAGs
[2024-04-30 16:22:34,701] {logging_mixin.py:104} INFO - [2024-04-30 16:22:34,701] {dag.py:2280} INFO - Setting next_dagrun for example_kubernetes_executor_config to None
[2024-04-30 16:22:34,715] {scheduler_job.py:190} INFO - Processing /home/airflow/.local/lib/python3.6/site-packages/airflow/example_dags/example_kubernetes_executor_config.py took 0.080 seconds
[2024-04-30 16:23:05,418] {scheduler_job.py:182} INFO - Started process (PID=965) to work on /home/airflow/.local/lib/python3.6/site-packages/airflow/example_dags/example_kubernetes_executor_config.py
[2024-04-30 16:23:05,421] {scheduler_job.py:629} INFO - Processing file /home/airflow/.local/lib/python3.6/site-packages/airflow/example_dags/example_kubernetes_executor_config.py for tasks to queue
[2024-04-30 16:23:05,423] {logging_mixin.py:104} INFO - [2024-04-30 16:23:05,422] {dagbag.py:451} INFO - Filling up the DagBag from /home/airflow/.local/lib/python3.6/site-packages/airflow/example_dags/example_kubernetes_executor_config.py
[2024-04-30 16:23:05,441] {scheduler_job.py:639} INFO - DAG(s) dict_keys(['example_kubernetes_executor_config']) retrieved from /home/airflow/.local/lib/python3.6/site-packages/airflow/example_dags/example_kubernetes_executor_config.py
[2024-04-30 16:23:05,469] {logging_mixin.py:104} INFO - [2024-04-30 16:23:05,468] {dag.py:1824} INFO - Sync 1 DAGs
[2024-04-30 16:23:05,484] {logging_mixin.py:104} INFO - [2024-04-30 16:23:05,484] {dag.py:2280} INFO - Setting next_dagrun for example_kubernetes_executor_config to None
[2024-04-30 16:23:05,503] {scheduler_job.py:190} INFO - Processing /home/airflow/.local/lib/python3.6/site-packages/airflow/example_dags/example_kubernetes_executor_config.py took 0.094 seconds
[2024-04-30 16:23:35,849] {scheduler_job.py:182} INFO - Started process (PID=997) to work on /home/airflow/.local/lib/python3.6/site-packages/airflow/example_dags/example_kubernetes_executor_config.py
[2024-04-30 16:23:35,850] {scheduler_job.py:629} INFO - Processing file /home/airflow/.local/lib/python3.6/site-packages/airflow/example_dags/example_kubernetes_executor_config.py for tasks to queue
[2024-04-30 16:23:35,852] {logging_mixin.py:104} INFO - [2024-04-30 16:23:35,851] {dagbag.py:451} INFO - Filling up the DagBag from /home/airflow/.local/lib/python3.6/site-packages/airflow/example_dags/example_kubernetes_executor_config.py
[2024-04-30 16:23:35,869] {scheduler_job.py:639} INFO - DAG(s) dict_keys(['example_kubernetes_executor_config']) retrieved from /home/airflow/.local/lib/python3.6/site-packages/airflow/example_dags/example_kubernetes_executor_config.py
[2024-04-30 16:23:35,895] {logging_mixin.py:104} INFO - [2024-04-30 16:23:35,895] {dag.py:1824} INFO - Sync 1 DAGs
[2024-04-30 16:23:35,910] {logging_mixin.py:104} INFO - [2024-04-30 16:23:35,910] {dag.py:2280} INFO - Setting next_dagrun for example_kubernetes_executor_config to None
[2024-04-30 16:23:35,924] {scheduler_job.py:190} INFO - Processing /home/airflow/.local/lib/python3.6/site-packages/airflow/example_dags/example_kubernetes_executor_config.py took 0.079 seconds
[2024-04-30 16:24:06,397] {scheduler_job.py:182} INFO - Started process (PID=1029) to work on /home/airflow/.local/lib/python3.6/site-packages/airflow/example_dags/example_kubernetes_executor_config.py
[2024-04-30 16:24:06,399] {scheduler_job.py:629} INFO - Processing file /home/airflow/.local/lib/python3.6/site-packages/airflow/example_dags/example_kubernetes_executor_config.py for tasks to queue
[2024-04-30 16:24:06,400] {logging_mixin.py:104} INFO - [2024-04-30 16:24:06,400] {dagbag.py:451} INFO - Filling up the DagBag from /home/airflow/.local/lib/python3.6/site-packages/airflow/example_dags/example_kubernetes_executor_config.py
[2024-04-30 16:24:06,419] {scheduler_job.py:639} INFO - DAG(s) dict_keys(['example_kubernetes_executor_config']) retrieved from /home/airflow/.local/lib/python3.6/site-packages/airflow/example_dags/example_kubernetes_executor_config.py
[2024-04-30 16:24:06,445] {logging_mixin.py:104} INFO - [2024-04-30 16:24:06,445] {dag.py:1824} INFO - Sync 1 DAGs
[2024-04-30 16:24:06,460] {logging_mixin.py:104} INFO - [2024-04-30 16:24:06,460] {dag.py:2280} INFO - Setting next_dagrun for example_kubernetes_executor_config to None
[2024-04-30 16:24:06,471] {scheduler_job.py:190} INFO - Processing /home/airflow/.local/lib/python3.6/site-packages/airflow/example_dags/example_kubernetes_executor_config.py took 0.077 seconds
[2024-04-30 16:24:36,943] {scheduler_job.py:182} INFO - Started process (PID=1061) to work on /home/airflow/.local/lib/python3.6/site-packages/airflow/example_dags/example_kubernetes_executor_config.py
[2024-04-30 16:24:36,944] {scheduler_job.py:629} INFO - Processing file /home/airflow/.local/lib/python3.6/site-packages/airflow/example_dags/example_kubernetes_executor_config.py for tasks to queue
[2024-04-30 16:24:36,945] {logging_mixin.py:104} INFO - [2024-04-30 16:24:36,945] {dagbag.py:451} INFO - Filling up the DagBag from /home/airflow/.local/lib/python3.6/site-packages/airflow/example_dags/example_kubernetes_executor_config.py
[2024-04-30 16:24:36,965] {scheduler_job.py:639} INFO - DAG(s) dict_keys(['example_kubernetes_executor_config']) retrieved from /home/airflow/.local/lib/python3.6/site-packages/airflow/example_dags/example_kubernetes_executor_config.py
[2024-04-30 16:24:36,988] {logging_mixin.py:104} INFO - [2024-04-30 16:24:36,988] {dag.py:1824} INFO - Sync 1 DAGs
[2024-04-30 16:24:37,003] {logging_mixin.py:104} INFO - [2024-04-30 16:24:37,003] {dag.py:2280} INFO - Setting next_dagrun for example_kubernetes_executor_config to None
[2024-04-30 16:24:37,014] {scheduler_job.py:190} INFO - Processing /home/airflow/.local/lib/python3.6/site-packages/airflow/example_dags/example_kubernetes_executor_config.py took 0.075 seconds
[2024-04-30 16:25:07,544] {scheduler_job.py:182} INFO - Started process (PID=1093) to work on /home/airflow/.local/lib/python3.6/site-packages/airflow/example_dags/example_kubernetes_executor_config.py
[2024-04-30 16:25:07,546] {scheduler_job.py:629} INFO - Processing file /home/airflow/.local/lib/python3.6/site-packages/airflow/example_dags/example_kubernetes_executor_config.py for tasks to queue
[2024-04-30 16:25:07,548] {logging_mixin.py:104} INFO - [2024-04-30 16:25:07,548] {dagbag.py:451} INFO - Filling up the DagBag from /home/airflow/.local/lib/python3.6/site-packages/airflow/example_dags/example_kubernetes_executor_config.py
[2024-04-30 16:25:07,577] {scheduler_job.py:639} INFO - DAG(s) dict_keys(['example_kubernetes_executor_config']) retrieved from /home/airflow/.local/lib/python3.6/site-packages/airflow/example_dags/example_kubernetes_executor_config.py
[2024-04-30 16:25:07,613] {logging_mixin.py:104} INFO - [2024-04-30 16:25:07,613] {dag.py:1824} INFO - Sync 1 DAGs
[2024-04-30 16:25:07,635] {logging_mixin.py:104} INFO - [2024-04-30 16:25:07,635] {dag.py:2280} INFO - Setting next_dagrun for example_kubernetes_executor_config to None
[2024-04-30 16:25:07,659] {scheduler_job.py:190} INFO - Processing /home/airflow/.local/lib/python3.6/site-packages/airflow/example_dags/example_kubernetes_executor_config.py took 0.120 seconds
[2024-04-30 16:25:38,337] {scheduler_job.py:182} INFO - Started process (PID=1125) to work on /home/airflow/.local/lib/python3.6/site-packages/airflow/example_dags/example_kubernetes_executor_config.py
[2024-04-30 16:25:38,338] {scheduler_job.py:629} INFO - Processing file /home/airflow/.local/lib/python3.6/site-packages/airflow/example_dags/example_kubernetes_executor_config.py for tasks to queue
[2024-04-30 16:25:38,339] {logging_mixin.py:104} INFO - [2024-04-30 16:25:38,339] {dagbag.py:451} INFO - Filling up the DagBag from /home/airflow/.local/lib/python3.6/site-packages/airflow/example_dags/example_kubernetes_executor_config.py
[2024-04-30 16:25:38,354] {scheduler_job.py:639} INFO - DAG(s) dict_keys(['example_kubernetes_executor_config']) retrieved from /home/airflow/.local/lib/python3.6/site-packages/airflow/example_dags/example_kubernetes_executor_config.py
[2024-04-30 16:25:38,376] {logging_mixin.py:104} INFO - [2024-04-30 16:25:38,376] {dag.py:1824} INFO - Sync 1 DAGs
[2024-04-30 16:25:38,389] {logging_mixin.py:104} INFO - [2024-04-30 16:25:38,389] {dag.py:2280} INFO - Setting next_dagrun for example_kubernetes_executor_config to None
[2024-04-30 16:25:38,401] {scheduler_job.py:190} INFO - Processing /home/airflow/.local/lib/python3.6/site-packages/airflow/example_dags/example_kubernetes_executor_config.py took 0.067 seconds
[2024-04-30 16:26:08,886] {scheduler_job.py:182} INFO - Started process (PID=1157) to work on /home/airflow/.local/lib/python3.6/site-packages/airflow/example_dags/example_kubernetes_executor_config.py
[2024-04-30 16:26:08,887] {scheduler_job.py:629} INFO - Processing file /home/airflow/.local/lib/python3.6/site-packages/airflow/example_dags/example_kubernetes_executor_config.py for tasks to queue
[2024-04-30 16:26:08,888] {logging_mixin.py:104} INFO - [2024-04-30 16:26:08,888] {dagbag.py:451} INFO - Filling up the DagBag from /home/airflow/.local/lib/python3.6/site-packages/airflow/example_dags/example_kubernetes_executor_config.py
[2024-04-30 16:26:08,902] {scheduler_job.py:639} INFO - DAG(s) dict_keys(['example_kubernetes_executor_config']) retrieved from /home/airflow/.local/lib/python3.6/site-packages/airflow/example_dags/example_kubernetes_executor_config.py
[2024-04-30 16:26:08,924] {logging_mixin.py:104} INFO - [2024-04-30 16:26:08,924] {dag.py:1824} INFO - Sync 1 DAGs
[2024-04-30 16:26:08,943] {logging_mixin.py:104} INFO - [2024-04-30 16:26:08,943] {dag.py:2280} INFO - Setting next_dagrun for example_kubernetes_executor_config to None
[2024-04-30 16:26:08,954] {scheduler_job.py:190} INFO - Processing /home/airflow/.local/lib/python3.6/site-packages/airflow/example_dags/example_kubernetes_executor_config.py took 0.071 seconds
[2024-04-30 16:26:39,223] {scheduler_job.py:182} INFO - Started process (PID=1189) to work on /home/airflow/.local/lib/python3.6/site-packages/airflow/example_dags/example_kubernetes_executor_config.py
[2024-04-30 16:26:39,226] {scheduler_job.py:629} INFO - Processing file /home/airflow/.local/lib/python3.6/site-packages/airflow/example_dags/example_kubernetes_executor_config.py for tasks to queue
[2024-04-30 16:26:39,227] {logging_mixin.py:104} INFO - [2024-04-30 16:26:39,227] {dagbag.py:451} INFO - Filling up the DagBag from /home/airflow/.local/lib/python3.6/site-packages/airflow/example_dags/example_kubernetes_executor_config.py
[2024-04-30 16:26:39,241] {scheduler_job.py:639} INFO - DAG(s) dict_keys(['example_kubernetes_executor_config']) retrieved from /home/airflow/.local/lib/python3.6/site-packages/airflow/example_dags/example_kubernetes_executor_config.py
[2024-04-30 16:26:39,264] {logging_mixin.py:104} INFO - [2024-04-30 16:26:39,263] {dag.py:1824} INFO - Sync 1 DAGs
[2024-04-30 16:26:39,278] {logging_mixin.py:104} INFO - [2024-04-30 16:26:39,278] {dag.py:2280} INFO - Setting next_dagrun for example_kubernetes_executor_config to None
[2024-04-30 16:26:39,287] {scheduler_job.py:190} INFO - Processing /home/airflow/.local/lib/python3.6/site-packages/airflow/example_dags/example_kubernetes_executor_config.py took 0.067 seconds
[2024-04-30 16:27:09,797] {scheduler_job.py:182} INFO - Started process (PID=1221) to work on /home/airflow/.local/lib/python3.6/site-packages/airflow/example_dags/example_kubernetes_executor_config.py
[2024-04-30 16:27:09,799] {scheduler_job.py:629} INFO - Processing file /home/airflow/.local/lib/python3.6/site-packages/airflow/example_dags/example_kubernetes_executor_config.py for tasks to queue
[2024-04-30 16:27:09,800] {logging_mixin.py:104} INFO - [2024-04-30 16:27:09,799] {dagbag.py:451} INFO - Filling up the DagBag from /home/airflow/.local/lib/python3.6/site-packages/airflow/example_dags/example_kubernetes_executor_config.py
[2024-04-30 16:27:09,812] {scheduler_job.py:639} INFO - DAG(s) dict_keys(['example_kubernetes_executor_config']) retrieved from /home/airflow/.local/lib/python3.6/site-packages/airflow/example_dags/example_kubernetes_executor_config.py
[2024-04-30 16:27:09,842] {logging_mixin.py:104} INFO - [2024-04-30 16:27:09,842] {dag.py:1824} INFO - Sync 1 DAGs
[2024-04-30 16:27:09,856] {logging_mixin.py:104} INFO - [2024-04-30 16:27:09,856] {dag.py:2280} INFO - Setting next_dagrun for example_kubernetes_executor_config to None
[2024-04-30 16:27:09,866] {scheduler_job.py:190} INFO - Processing /home/airflow/.local/lib/python3.6/site-packages/airflow/example_dags/example_kubernetes_executor_config.py took 0.072 seconds
[2024-04-30 16:27:40,310] {scheduler_job.py:182} INFO - Started process (PID=1253) to work on /home/airflow/.local/lib/python3.6/site-packages/airflow/example_dags/example_kubernetes_executor_config.py
[2024-04-30 16:27:40,311] {scheduler_job.py:629} INFO - Processing file /home/airflow/.local/lib/python3.6/site-packages/airflow/example_dags/example_kubernetes_executor_config.py for tasks to queue
[2024-04-30 16:27:40,312] {logging_mixin.py:104} INFO - [2024-04-30 16:27:40,312] {dagbag.py:451} INFO - Filling up the DagBag from /home/airflow/.local/lib/python3.6/site-packages/airflow/example_dags/example_kubernetes_executor_config.py
[2024-04-30 16:27:40,326] {scheduler_job.py:639} INFO - DAG(s) dict_keys(['example_kubernetes_executor_config']) retrieved from /home/airflow/.local/lib/python3.6/site-packages/airflow/example_dags/example_kubernetes_executor_config.py
[2024-04-30 16:27:40,348] {logging_mixin.py:104} INFO - [2024-04-30 16:27:40,348] {dag.py:1824} INFO - Sync 1 DAGs
[2024-04-30 16:27:40,370] {logging_mixin.py:104} INFO - [2024-04-30 16:27:40,370] {dag.py:2280} INFO - Setting next_dagrun for example_kubernetes_executor_config to None
[2024-04-30 16:27:40,390] {scheduler_job.py:190} INFO - Processing /home/airflow/.local/lib/python3.6/site-packages/airflow/example_dags/example_kubernetes_executor_config.py took 0.084 seconds
[2024-04-30 16:28:10,844] {scheduler_job.py:182} INFO - Started process (PID=1285) to work on /home/airflow/.local/lib/python3.6/site-packages/airflow/example_dags/example_kubernetes_executor_config.py
[2024-04-30 16:28:10,846] {scheduler_job.py:629} INFO - Processing file /home/airflow/.local/lib/python3.6/site-packages/airflow/example_dags/example_kubernetes_executor_config.py for tasks to queue
[2024-04-30 16:28:10,847] {logging_mixin.py:104} INFO - [2024-04-30 16:28:10,847] {dagbag.py:451} INFO - Filling up the DagBag from /home/airflow/.local/lib/python3.6/site-packages/airflow/example_dags/example_kubernetes_executor_config.py
[2024-04-30 16:28:10,863] {scheduler_job.py:639} INFO - DAG(s) dict_keys(['example_kubernetes_executor_config']) retrieved from /home/airflow/.local/lib/python3.6/site-packages/airflow/example_dags/example_kubernetes_executor_config.py
[2024-04-30 16:28:10,885] {logging_mixin.py:104} INFO - [2024-04-30 16:28:10,885] {dag.py:1824} INFO - Sync 1 DAGs
[2024-04-30 16:28:10,900] {logging_mixin.py:104} INFO - [2024-04-30 16:28:10,900] {dag.py:2280} INFO - Setting next_dagrun for example_kubernetes_executor_config to None
[2024-04-30 16:28:10,911] {scheduler_job.py:190} INFO - Processing /home/airflow/.local/lib/python3.6/site-packages/airflow/example_dags/example_kubernetes_executor_config.py took 0.072 seconds
[2024-04-30 16:28:41,506] {scheduler_job.py:182} INFO - Started process (PID=1317) to work on /home/airflow/.local/lib/python3.6/site-packages/airflow/example_dags/example_kubernetes_executor_config.py
[2024-04-30 16:28:41,507] {scheduler_job.py:629} INFO - Processing file /home/airflow/.local/lib/python3.6/site-packages/airflow/example_dags/example_kubernetes_executor_config.py for tasks to queue
[2024-04-30 16:28:41,508] {logging_mixin.py:104} INFO - [2024-04-30 16:28:41,508] {dagbag.py:451} INFO - Filling up the DagBag from /home/airflow/.local/lib/python3.6/site-packages/airflow/example_dags/example_kubernetes_executor_config.py
[2024-04-30 16:28:41,520] {scheduler_job.py:639} INFO - DAG(s) dict_keys(['example_kubernetes_executor_config']) retrieved from /home/airflow/.local/lib/python3.6/site-packages/airflow/example_dags/example_kubernetes_executor_config.py
[2024-04-30 16:28:41,541] {logging_mixin.py:104} INFO - [2024-04-30 16:28:41,541] {dag.py:1824} INFO - Sync 1 DAGs
[2024-04-30 16:28:41,558] {logging_mixin.py:104} INFO - [2024-04-30 16:28:41,558] {dag.py:2280} INFO - Setting next_dagrun for example_kubernetes_executor_config to None
[2024-04-30 16:28:41,569] {scheduler_job.py:190} INFO - Processing /home/airflow/.local/lib/python3.6/site-packages/airflow/example_dags/example_kubernetes_executor_config.py took 0.066 seconds
[2024-04-30 16:29:11,965] {scheduler_job.py:182} INFO - Started process (PID=1349) to work on /home/airflow/.local/lib/python3.6/site-packages/airflow/example_dags/example_kubernetes_executor_config.py
[2024-04-30 16:29:11,966] {scheduler_job.py:629} INFO - Processing file /home/airflow/.local/lib/python3.6/site-packages/airflow/example_dags/example_kubernetes_executor_config.py for tasks to queue
[2024-04-30 16:29:11,967] {logging_mixin.py:104} INFO - [2024-04-30 16:29:11,967] {dagbag.py:451} INFO - Filling up the DagBag from /home/airflow/.local/lib/python3.6/site-packages/airflow/example_dags/example_kubernetes_executor_config.py
[2024-04-30 16:29:11,980] {scheduler_job.py:639} INFO - DAG(s) dict_keys(['example_kubernetes_executor_config']) retrieved from /home/airflow/.local/lib/python3.6/site-packages/airflow/example_dags/example_kubernetes_executor_config.py
[2024-04-30 16:29:12,005] {logging_mixin.py:104} INFO - [2024-04-30 16:29:12,005] {dag.py:1824} INFO - Sync 1 DAGs
[2024-04-30 16:29:12,019] {logging_mixin.py:104} INFO - [2024-04-30 16:29:12,019] {dag.py:2280} INFO - Setting next_dagrun for example_kubernetes_executor_config to None
[2024-04-30 16:29:12,031] {scheduler_job.py:190} INFO - Processing /home/airflow/.local/lib/python3.6/site-packages/airflow/example_dags/example_kubernetes_executor_config.py took 0.069 seconds
[2024-04-30 16:29:42,626] {scheduler_job.py:182} INFO - Started process (PID=1381) to work on /home/airflow/.local/lib/python3.6/site-packages/airflow/example_dags/example_kubernetes_executor_config.py
[2024-04-30 16:29:42,627] {scheduler_job.py:629} INFO - Processing file /home/airflow/.local/lib/python3.6/site-packages/airflow/example_dags/example_kubernetes_executor_config.py for tasks to queue
[2024-04-30 16:29:42,628] {logging_mixin.py:104} INFO - [2024-04-30 16:29:42,628] {dagbag.py:451} INFO - Filling up the DagBag from /home/airflow/.local/lib/python3.6/site-packages/airflow/example_dags/example_kubernetes_executor_config.py
[2024-04-30 16:29:42,642] {scheduler_job.py:639} INFO - DAG(s) dict_keys(['example_kubernetes_executor_config']) retrieved from /home/airflow/.local/lib/python3.6/site-packages/airflow/example_dags/example_kubernetes_executor_config.py
[2024-04-30 16:29:42,662] {logging_mixin.py:104} INFO - [2024-04-30 16:29:42,662] {dag.py:1824} INFO - Sync 1 DAGs
[2024-04-30 16:29:42,677] {logging_mixin.py:104} INFO - [2024-04-30 16:29:42,677] {dag.py:2280} INFO - Setting next_dagrun for example_kubernetes_executor_config to None
[2024-04-30 16:29:42,687] {scheduler_job.py:190} INFO - Processing /home/airflow/.local/lib/python3.6/site-packages/airflow/example_dags/example_kubernetes_executor_config.py took 0.064 seconds
[2024-04-30 16:30:13,055] {scheduler_job.py:182} INFO - Started process (PID=1413) to work on /home/airflow/.local/lib/python3.6/site-packages/airflow/example_dags/example_kubernetes_executor_config.py
[2024-04-30 16:30:13,059] {scheduler_job.py:629} INFO - Processing file /home/airflow/.local/lib/python3.6/site-packages/airflow/example_dags/example_kubernetes_executor_config.py for tasks to queue
[2024-04-30 16:30:13,061] {logging_mixin.py:104} INFO - [2024-04-30 16:30:13,060] {dagbag.py:451} INFO - Filling up the DagBag from /home/airflow/.local/lib/python3.6/site-packages/airflow/example_dags/example_kubernetes_executor_config.py
[2024-04-30 16:30:13,093] {scheduler_job.py:639} INFO - DAG(s) dict_keys(['example_kubernetes_executor_config']) retrieved from /home/airflow/.local/lib/python3.6/site-packages/airflow/example_dags/example_kubernetes_executor_config.py
[2024-04-30 16:30:13,117] {logging_mixin.py:104} INFO - [2024-04-30 16:30:13,117] {dag.py:1824} INFO - Sync 1 DAGs
[2024-04-30 16:30:13,134] {logging_mixin.py:104} INFO - [2024-04-30 16:30:13,133] {dag.py:2280} INFO - Setting next_dagrun for example_kubernetes_executor_config to None
[2024-04-30 16:30:13,144] {scheduler_job.py:190} INFO - Processing /home/airflow/.local/lib/python3.6/site-packages/airflow/example_dags/example_kubernetes_executor_config.py took 0.102 seconds
[2024-04-30 16:30:43,647] {scheduler_job.py:182} INFO - Started process (PID=1445) to work on /home/airflow/.local/lib/python3.6/site-packages/airflow/example_dags/example_kubernetes_executor_config.py
[2024-04-30 16:30:43,649] {scheduler_job.py:629} INFO - Processing file /home/airflow/.local/lib/python3.6/site-packages/airflow/example_dags/example_kubernetes_executor_config.py for tasks to queue
[2024-04-30 16:30:43,651] {logging_mixin.py:104} INFO - [2024-04-30 16:30:43,651] {dagbag.py:451} INFO - Filling up the DagBag from /home/airflow/.local/lib/python3.6/site-packages/airflow/example_dags/example_kubernetes_executor_config.py
[2024-04-30 16:30:43,683] {scheduler_job.py:639} INFO - DAG(s) dict_keys(['example_kubernetes_executor_config']) retrieved from /home/airflow/.local/lib/python3.6/site-packages/airflow/example_dags/example_kubernetes_executor_config.py
[2024-04-30 16:30:43,747] {logging_mixin.py:104} INFO - [2024-04-30 16:30:43,746] {dag.py:1824} INFO - Sync 1 DAGs
[2024-04-30 16:30:43,779] {logging_mixin.py:104} INFO - [2024-04-30 16:30:43,778] {dag.py:2280} INFO - Setting next_dagrun for example_kubernetes_executor_config to None
[2024-04-30 16:30:43,799] {scheduler_job.py:190} INFO - Processing /home/airflow/.local/lib/python3.6/site-packages/airflow/example_dags/example_kubernetes_executor_config.py took 0.158 seconds
[2024-04-30 16:31:13,852] {scheduler_job.py:182} INFO - Started process (PID=1477) to work on /home/airflow/.local/lib/python3.6/site-packages/airflow/example_dags/example_kubernetes_executor_config.py
[2024-04-30 16:31:13,856] {scheduler_job.py:629} INFO - Processing file /home/airflow/.local/lib/python3.6/site-packages/airflow/example_dags/example_kubernetes_executor_config.py for tasks to queue
[2024-04-30 16:31:13,858] {logging_mixin.py:104} INFO - [2024-04-30 16:31:13,858] {dagbag.py:451} INFO - Filling up the DagBag from /home/airflow/.local/lib/python3.6/site-packages/airflow/example_dags/example_kubernetes_executor_config.py
[2024-04-30 16:31:13,897] {scheduler_job.py:639} INFO - DAG(s) dict_keys(['example_kubernetes_executor_config']) retrieved from /home/airflow/.local/lib/python3.6/site-packages/airflow/example_dags/example_kubernetes_executor_config.py
[2024-04-30 16:31:13,963] {logging_mixin.py:104} INFO - [2024-04-30 16:31:13,963] {dag.py:1824} INFO - Sync 1 DAGs
[2024-04-30 16:31:14,041] {logging_mixin.py:104} INFO - [2024-04-30 16:31:14,041] {dag.py:2280} INFO - Setting next_dagrun for example_kubernetes_executor_config to None
[2024-04-30 16:31:14,085] {scheduler_job.py:190} INFO - Processing /home/airflow/.local/lib/python3.6/site-packages/airflow/example_dags/example_kubernetes_executor_config.py took 0.240 seconds
[2024-04-30 16:31:44,552] {scheduler_job.py:182} INFO - Started process (PID=1509) to work on /home/airflow/.local/lib/python3.6/site-packages/airflow/example_dags/example_kubernetes_executor_config.py
[2024-04-30 16:31:44,555] {scheduler_job.py:629} INFO - Processing file /home/airflow/.local/lib/python3.6/site-packages/airflow/example_dags/example_kubernetes_executor_config.py for tasks to queue
[2024-04-30 16:31:44,556] {logging_mixin.py:104} INFO - [2024-04-30 16:31:44,556] {dagbag.py:451} INFO - Filling up the DagBag from /home/airflow/.local/lib/python3.6/site-packages/airflow/example_dags/example_kubernetes_executor_config.py
[2024-04-30 16:31:44,577] {scheduler_job.py:639} INFO - DAG(s) dict_keys(['example_kubernetes_executor_config']) retrieved from /home/airflow/.local/lib/python3.6/site-packages/airflow/example_dags/example_kubernetes_executor_config.py
[2024-04-30 16:31:44,608] {logging_mixin.py:104} INFO - [2024-04-30 16:31:44,608] {dag.py:1824} INFO - Sync 1 DAGs
[2024-04-30 16:31:44,626] {logging_mixin.py:104} INFO - [2024-04-30 16:31:44,626] {dag.py:2280} INFO - Setting next_dagrun for example_kubernetes_executor_config to None
[2024-04-30 16:31:44,638] {scheduler_job.py:190} INFO - Processing /home/airflow/.local/lib/python3.6/site-packages/airflow/example_dags/example_kubernetes_executor_config.py took 0.093 seconds
[2024-04-30 16:32:14,739] {scheduler_job.py:182} INFO - Started process (PID=1541) to work on /home/airflow/.local/lib/python3.6/site-packages/airflow/example_dags/example_kubernetes_executor_config.py
[2024-04-30 16:32:14,742] {scheduler_job.py:629} INFO - Processing file /home/airflow/.local/lib/python3.6/site-packages/airflow/example_dags/example_kubernetes_executor_config.py for tasks to queue
[2024-04-30 16:32:14,745] {logging_mixin.py:104} INFO - [2024-04-30 16:32:14,744] {dagbag.py:451} INFO - Filling up the DagBag from /home/airflow/.local/lib/python3.6/site-packages/airflow/example_dags/example_kubernetes_executor_config.py
[2024-04-30 16:32:14,787] {scheduler_job.py:639} INFO - DAG(s) dict_keys(['example_kubernetes_executor_config']) retrieved from /home/airflow/.local/lib/python3.6/site-packages/airflow/example_dags/example_kubernetes_executor_config.py
[2024-04-30 16:32:14,855] {logging_mixin.py:104} INFO - [2024-04-30 16:32:14,854] {dag.py:1824} INFO - Sync 1 DAGs
[2024-04-30 16:32:14,892] {logging_mixin.py:104} INFO - [2024-04-30 16:32:14,892] {dag.py:2280} INFO - Setting next_dagrun for example_kubernetes_executor_config to None
[2024-04-30 16:32:14,906] {scheduler_job.py:190} INFO - Processing /home/airflow/.local/lib/python3.6/site-packages/airflow/example_dags/example_kubernetes_executor_config.py took 0.186 seconds
[2024-04-30 16:32:45,521] {scheduler_job.py:182} INFO - Started process (PID=1573) to work on /home/airflow/.local/lib/python3.6/site-packages/airflow/example_dags/example_kubernetes_executor_config.py
[2024-04-30 16:32:45,523] {scheduler_job.py:629} INFO - Processing file /home/airflow/.local/lib/python3.6/site-packages/airflow/example_dags/example_kubernetes_executor_config.py for tasks to queue
[2024-04-30 16:32:45,524] {logging_mixin.py:104} INFO - [2024-04-30 16:32:45,524] {dagbag.py:451} INFO - Filling up the DagBag from /home/airflow/.local/lib/python3.6/site-packages/airflow/example_dags/example_kubernetes_executor_config.py
[2024-04-30 16:32:45,541] {scheduler_job.py:639} INFO - DAG(s) dict_keys(['example_kubernetes_executor_config']) retrieved from /home/airflow/.local/lib/python3.6/site-packages/airflow/example_dags/example_kubernetes_executor_config.py
[2024-04-30 16:32:45,571] {logging_mixin.py:104} INFO - [2024-04-30 16:32:45,571] {dag.py:1824} INFO - Sync 1 DAGs
[2024-04-30 16:32:45,594] {logging_mixin.py:104} INFO - [2024-04-30 16:32:45,594] {dag.py:2280} INFO - Setting next_dagrun for example_kubernetes_executor_config to None
[2024-04-30 16:32:45,607] {scheduler_job.py:190} INFO - Processing /home/airflow/.local/lib/python3.6/site-packages/airflow/example_dags/example_kubernetes_executor_config.py took 0.090 seconds
[2024-04-30 16:33:16,112] {scheduler_job.py:182} INFO - Started process (PID=1605) to work on /home/airflow/.local/lib/python3.6/site-packages/airflow/example_dags/example_kubernetes_executor_config.py
[2024-04-30 16:33:16,113] {scheduler_job.py:629} INFO - Processing file /home/airflow/.local/lib/python3.6/site-packages/airflow/example_dags/example_kubernetes_executor_config.py for tasks to queue
[2024-04-30 16:33:16,114] {logging_mixin.py:104} INFO - [2024-04-30 16:33:16,114] {dagbag.py:451} INFO - Filling up the DagBag from /home/airflow/.local/lib/python3.6/site-packages/airflow/example_dags/example_kubernetes_executor_config.py
[2024-04-30 16:33:16,127] {scheduler_job.py:639} INFO - DAG(s) dict_keys(['example_kubernetes_executor_config']) retrieved from /home/airflow/.local/lib/python3.6/site-packages/airflow/example_dags/example_kubernetes_executor_config.py
[2024-04-30 16:33:16,150] {logging_mixin.py:104} INFO - [2024-04-30 16:33:16,150] {dag.py:1824} INFO - Sync 1 DAGs
[2024-04-30 16:33:16,165] {logging_mixin.py:104} INFO - [2024-04-30 16:33:16,165] {dag.py:2280} INFO - Setting next_dagrun for example_kubernetes_executor_config to None
[2024-04-30 16:33:16,177] {scheduler_job.py:190} INFO - Processing /home/airflow/.local/lib/python3.6/site-packages/airflow/example_dags/example_kubernetes_executor_config.py took 0.068 seconds
[2024-04-30 16:33:46,663] {scheduler_job.py:182} INFO - Started process (PID=1637) to work on /home/airflow/.local/lib/python3.6/site-packages/airflow/example_dags/example_kubernetes_executor_config.py
[2024-04-30 16:33:46,664] {scheduler_job.py:629} INFO - Processing file /home/airflow/.local/lib/python3.6/site-packages/airflow/example_dags/example_kubernetes_executor_config.py for tasks to queue
[2024-04-30 16:33:46,665] {logging_mixin.py:104} INFO - [2024-04-30 16:33:46,665] {dagbag.py:451} INFO - Filling up the DagBag from /home/airflow/.local/lib/python3.6/site-packages/airflow/example_dags/example_kubernetes_executor_config.py
[2024-04-30 16:33:46,678] {scheduler_job.py:639} INFO - DAG(s) dict_keys(['example_kubernetes_executor_config']) retrieved from /home/airflow/.local/lib/python3.6/site-packages/airflow/example_dags/example_kubernetes_executor_config.py
[2024-04-30 16:33:46,702] {logging_mixin.py:104} INFO - [2024-04-30 16:33:46,702] {dag.py:1824} INFO - Sync 1 DAGs
[2024-04-30 16:33:46,717] {logging_mixin.py:104} INFO - [2024-04-30 16:33:46,717] {dag.py:2280} INFO - Setting next_dagrun for example_kubernetes_executor_config to None
[2024-04-30 16:33:46,729] {scheduler_job.py:190} INFO - Processing /home/airflow/.local/lib/python3.6/site-packages/airflow/example_dags/example_kubernetes_executor_config.py took 0.070 seconds
[2024-04-30 16:34:17,329] {scheduler_job.py:182} INFO - Started process (PID=1669) to work on /home/airflow/.local/lib/python3.6/site-packages/airflow/example_dags/example_kubernetes_executor_config.py
[2024-04-30 16:34:17,331] {scheduler_job.py:629} INFO - Processing file /home/airflow/.local/lib/python3.6/site-packages/airflow/example_dags/example_kubernetes_executor_config.py for tasks to queue
[2024-04-30 16:34:17,332] {logging_mixin.py:104} INFO - [2024-04-30 16:34:17,332] {dagbag.py:451} INFO - Filling up the DagBag from /home/airflow/.local/lib/python3.6/site-packages/airflow/example_dags/example_kubernetes_executor_config.py
[2024-04-30 16:34:17,346] {scheduler_job.py:639} INFO - DAG(s) dict_keys(['example_kubernetes_executor_config']) retrieved from /home/airflow/.local/lib/python3.6/site-packages/airflow/example_dags/example_kubernetes_executor_config.py
[2024-04-30 16:34:17,369] {logging_mixin.py:104} INFO - [2024-04-30 16:34:17,369] {dag.py:1824} INFO - Sync 1 DAGs
[2024-04-30 16:34:17,383] {logging_mixin.py:104} INFO - [2024-04-30 16:34:17,383] {dag.py:2280} INFO - Setting next_dagrun for example_kubernetes_executor_config to None
[2024-04-30 16:34:17,397] {scheduler_job.py:190} INFO - Processing /home/airflow/.local/lib/python3.6/site-packages/airflow/example_dags/example_kubernetes_executor_config.py took 0.071 seconds
[2024-04-30 16:34:47,895] {scheduler_job.py:182} INFO - Started process (PID=1701) to work on /home/airflow/.local/lib/python3.6/site-packages/airflow/example_dags/example_kubernetes_executor_config.py
[2024-04-30 16:34:47,896] {scheduler_job.py:629} INFO - Processing file /home/airflow/.local/lib/python3.6/site-packages/airflow/example_dags/example_kubernetes_executor_config.py for tasks to queue
[2024-04-30 16:34:47,897] {logging_mixin.py:104} INFO - [2024-04-30 16:34:47,896] {dagbag.py:451} INFO - Filling up the DagBag from /home/airflow/.local/lib/python3.6/site-packages/airflow/example_dags/example_kubernetes_executor_config.py
[2024-04-30 16:34:47,909] {scheduler_job.py:639} INFO - DAG(s) dict_keys(['example_kubernetes_executor_config']) retrieved from /home/airflow/.local/lib/python3.6/site-packages/airflow/example_dags/example_kubernetes_executor_config.py
[2024-04-30 16:34:47,936] {logging_mixin.py:104} INFO - [2024-04-30 16:34:47,936] {dag.py:1824} INFO - Sync 1 DAGs
[2024-04-30 16:34:47,957] {logging_mixin.py:104} INFO - [2024-04-30 16:34:47,956] {dag.py:2280} INFO - Setting next_dagrun for example_kubernetes_executor_config to None
[2024-04-30 16:34:47,971] {scheduler_job.py:190} INFO - Processing /home/airflow/.local/lib/python3.6/site-packages/airflow/example_dags/example_kubernetes_executor_config.py took 0.080 seconds
[2024-04-30 16:35:18,566] {scheduler_job.py:182} INFO - Started process (PID=1733) to work on /home/airflow/.local/lib/python3.6/site-packages/airflow/example_dags/example_kubernetes_executor_config.py
[2024-04-30 16:35:18,567] {scheduler_job.py:629} INFO - Processing file /home/airflow/.local/lib/python3.6/site-packages/airflow/example_dags/example_kubernetes_executor_config.py for tasks to queue
[2024-04-30 16:35:18,567] {logging_mixin.py:104} INFO - [2024-04-30 16:35:18,567] {dagbag.py:451} INFO - Filling up the DagBag from /home/airflow/.local/lib/python3.6/site-packages/airflow/example_dags/example_kubernetes_executor_config.py
[2024-04-30 16:35:18,579] {scheduler_job.py:639} INFO - DAG(s) dict_keys(['example_kubernetes_executor_config']) retrieved from /home/airflow/.local/lib/python3.6/site-packages/airflow/example_dags/example_kubernetes_executor_config.py
[2024-04-30 16:35:18,603] {logging_mixin.py:104} INFO - [2024-04-30 16:35:18,603] {dag.py:1824} INFO - Sync 1 DAGs
[2024-04-30 16:35:18,617] {logging_mixin.py:104} INFO - [2024-04-30 16:35:18,617] {dag.py:2280} INFO - Setting next_dagrun for example_kubernetes_executor_config to None
[2024-04-30 16:35:18,627] {scheduler_job.py:190} INFO - Processing /home/airflow/.local/lib/python3.6/site-packages/airflow/example_dags/example_kubernetes_executor_config.py took 0.064 seconds
[2024-04-30 16:35:49,069] {scheduler_job.py:182} INFO - Started process (PID=1765) to work on /home/airflow/.local/lib/python3.6/site-packages/airflow/example_dags/example_kubernetes_executor_config.py
[2024-04-30 16:35:49,070] {scheduler_job.py:629} INFO - Processing file /home/airflow/.local/lib/python3.6/site-packages/airflow/example_dags/example_kubernetes_executor_config.py for tasks to queue
[2024-04-30 16:35:49,071] {logging_mixin.py:104} INFO - [2024-04-30 16:35:49,071] {dagbag.py:451} INFO - Filling up the DagBag from /home/airflow/.local/lib/python3.6/site-packages/airflow/example_dags/example_kubernetes_executor_config.py
[2024-04-30 16:35:49,084] {scheduler_job.py:639} INFO - DAG(s) dict_keys(['example_kubernetes_executor_config']) retrieved from /home/airflow/.local/lib/python3.6/site-packages/airflow/example_dags/example_kubernetes_executor_config.py
[2024-04-30 16:35:49,105] {logging_mixin.py:104} INFO - [2024-04-30 16:35:49,105] {dag.py:1824} INFO - Sync 1 DAGs
[2024-04-30 16:35:49,120] {logging_mixin.py:104} INFO - [2024-04-30 16:35:49,120] {dag.py:2280} INFO - Setting next_dagrun for example_kubernetes_executor_config to None
[2024-04-30 16:35:49,131] {scheduler_job.py:190} INFO - Processing /home/airflow/.local/lib/python3.6/site-packages/airflow/example_dags/example_kubernetes_executor_config.py took 0.066 seconds
[2024-04-30 16:36:19,598] {scheduler_job.py:182} INFO - Started process (PID=1797) to work on /home/airflow/.local/lib/python3.6/site-packages/airflow/example_dags/example_kubernetes_executor_config.py
[2024-04-30 16:36:19,599] {scheduler_job.py:629} INFO - Processing file /home/airflow/.local/lib/python3.6/site-packages/airflow/example_dags/example_kubernetes_executor_config.py for tasks to queue
[2024-04-30 16:36:19,600] {logging_mixin.py:104} INFO - [2024-04-30 16:36:19,600] {dagbag.py:451} INFO - Filling up the DagBag from /home/airflow/.local/lib/python3.6/site-packages/airflow/example_dags/example_kubernetes_executor_config.py
[2024-04-30 16:36:19,614] {scheduler_job.py:639} INFO - DAG(s) dict_keys(['example_kubernetes_executor_config']) retrieved from /home/airflow/.local/lib/python3.6/site-packages/airflow/example_dags/example_kubernetes_executor_config.py
[2024-04-30 16:36:19,637] {logging_mixin.py:104} INFO - [2024-04-30 16:36:19,636] {dag.py:1824} INFO - Sync 1 DAGs
[2024-04-30 16:36:19,651] {logging_mixin.py:104} INFO - [2024-04-30 16:36:19,651] {dag.py:2280} INFO - Setting next_dagrun for example_kubernetes_executor_config to None
[2024-04-30 16:36:19,663] {scheduler_job.py:190} INFO - Processing /home/airflow/.local/lib/python3.6/site-packages/airflow/example_dags/example_kubernetes_executor_config.py took 0.069 seconds
[2024-04-30 16:36:50,150] {scheduler_job.py:182} INFO - Started process (PID=1829) to work on /home/airflow/.local/lib/python3.6/site-packages/airflow/example_dags/example_kubernetes_executor_config.py
[2024-04-30 16:36:50,152] {scheduler_job.py:629} INFO - Processing file /home/airflow/.local/lib/python3.6/site-packages/airflow/example_dags/example_kubernetes_executor_config.py for tasks to queue
[2024-04-30 16:36:50,153] {logging_mixin.py:104} INFO - [2024-04-30 16:36:50,153] {dagbag.py:451} INFO - Filling up the DagBag from /home/airflow/.local/lib/python3.6/site-packages/airflow/example_dags/example_kubernetes_executor_config.py
[2024-04-30 16:36:50,166] {scheduler_job.py:639} INFO - DAG(s) dict_keys(['example_kubernetes_executor_config']) retrieved from /home/airflow/.local/lib/python3.6/site-packages/airflow/example_dags/example_kubernetes_executor_config.py
[2024-04-30 16:36:50,189] {logging_mixin.py:104} INFO - [2024-04-30 16:36:50,189] {dag.py:1824} INFO - Sync 1 DAGs
[2024-04-30 16:36:50,204] {logging_mixin.py:104} INFO - [2024-04-30 16:36:50,204] {dag.py:2280} INFO - Setting next_dagrun for example_kubernetes_executor_config to None
[2024-04-30 16:36:50,214] {scheduler_job.py:190} INFO - Processing /home/airflow/.local/lib/python3.6/site-packages/airflow/example_dags/example_kubernetes_executor_config.py took 0.067 seconds
[2024-04-30 16:37:20,789] {scheduler_job.py:182} INFO - Started process (PID=1861) to work on /home/airflow/.local/lib/python3.6/site-packages/airflow/example_dags/example_kubernetes_executor_config.py
[2024-04-30 16:37:20,791] {scheduler_job.py:629} INFO - Processing file /home/airflow/.local/lib/python3.6/site-packages/airflow/example_dags/example_kubernetes_executor_config.py for tasks to queue
[2024-04-30 16:37:20,793] {logging_mixin.py:104} INFO - [2024-04-30 16:37:20,793] {dagbag.py:451} INFO - Filling up the DagBag from /home/airflow/.local/lib/python3.6/site-packages/airflow/example_dags/example_kubernetes_executor_config.py
[2024-04-30 16:37:20,812] {scheduler_job.py:639} INFO - DAG(s) dict_keys(['example_kubernetes_executor_config']) retrieved from /home/airflow/.local/lib/python3.6/site-packages/airflow/example_dags/example_kubernetes_executor_config.py
[2024-04-30 16:37:20,838] {logging_mixin.py:104} INFO - [2024-04-30 16:37:20,837] {dag.py:1824} INFO - Sync 1 DAGs
[2024-04-30 16:37:20,854] {logging_mixin.py:104} INFO - [2024-04-30 16:37:20,854] {dag.py:2280} INFO - Setting next_dagrun for example_kubernetes_executor_config to None
[2024-04-30 16:37:20,865] {scheduler_job.py:190} INFO - Processing /home/airflow/.local/lib/python3.6/site-packages/airflow/example_dags/example_kubernetes_executor_config.py took 0.081 seconds
[2024-04-30 16:37:51,259] {scheduler_job.py:182} INFO - Started process (PID=1893) to work on /home/airflow/.local/lib/python3.6/site-packages/airflow/example_dags/example_kubernetes_executor_config.py
[2024-04-30 16:37:51,260] {scheduler_job.py:629} INFO - Processing file /home/airflow/.local/lib/python3.6/site-packages/airflow/example_dags/example_kubernetes_executor_config.py for tasks to queue
[2024-04-30 16:37:51,261] {logging_mixin.py:104} INFO - [2024-04-30 16:37:51,261] {dagbag.py:451} INFO - Filling up the DagBag from /home/airflow/.local/lib/python3.6/site-packages/airflow/example_dags/example_kubernetes_executor_config.py
[2024-04-30 16:37:51,274] {scheduler_job.py:639} INFO - DAG(s) dict_keys(['example_kubernetes_executor_config']) retrieved from /home/airflow/.local/lib/python3.6/site-packages/airflow/example_dags/example_kubernetes_executor_config.py
[2024-04-30 16:37:51,294] {logging_mixin.py:104} INFO - [2024-04-30 16:37:51,293] {dag.py:1824} INFO - Sync 1 DAGs
[2024-04-30 16:37:51,307] {logging_mixin.py:104} INFO - [2024-04-30 16:37:51,307] {dag.py:2280} INFO - Setting next_dagrun for example_kubernetes_executor_config to None
[2024-04-30 16:37:51,316] {scheduler_job.py:190} INFO - Processing /home/airflow/.local/lib/python3.6/site-packages/airflow/example_dags/example_kubernetes_executor_config.py took 0.060 seconds
[2024-04-30 16:38:21,753] {scheduler_job.py:182} INFO - Started process (PID=1925) to work on /home/airflow/.local/lib/python3.6/site-packages/airflow/example_dags/example_kubernetes_executor_config.py
[2024-04-30 16:38:21,754] {scheduler_job.py:629} INFO - Processing file /home/airflow/.local/lib/python3.6/site-packages/airflow/example_dags/example_kubernetes_executor_config.py for tasks to queue
[2024-04-30 16:38:21,755] {logging_mixin.py:104} INFO - [2024-04-30 16:38:21,755] {dagbag.py:451} INFO - Filling up the DagBag from /home/airflow/.local/lib/python3.6/site-packages/airflow/example_dags/example_kubernetes_executor_config.py
[2024-04-30 16:38:21,769] {scheduler_job.py:639} INFO - DAG(s) dict_keys(['example_kubernetes_executor_config']) retrieved from /home/airflow/.local/lib/python3.6/site-packages/airflow/example_dags/example_kubernetes_executor_config.py
[2024-04-30 16:38:21,791] {logging_mixin.py:104} INFO - [2024-04-30 16:38:21,791] {dag.py:1824} INFO - Sync 1 DAGs
[2024-04-30 16:38:21,805] {logging_mixin.py:104} INFO - [2024-04-30 16:38:21,805] {dag.py:2280} INFO - Setting next_dagrun for example_kubernetes_executor_config to None
[2024-04-30 16:38:21,816] {scheduler_job.py:190} INFO - Processing /home/airflow/.local/lib/python3.6/site-packages/airflow/example_dags/example_kubernetes_executor_config.py took 0.066 seconds
[2024-04-30 16:38:52,237] {scheduler_job.py:182} INFO - Started process (PID=1957) to work on /home/airflow/.local/lib/python3.6/site-packages/airflow/example_dags/example_kubernetes_executor_config.py
[2024-04-30 16:38:52,239] {scheduler_job.py:629} INFO - Processing file /home/airflow/.local/lib/python3.6/site-packages/airflow/example_dags/example_kubernetes_executor_config.py for tasks to queue
[2024-04-30 16:38:52,240] {logging_mixin.py:104} INFO - [2024-04-30 16:38:52,239] {dagbag.py:451} INFO - Filling up the DagBag from /home/airflow/.local/lib/python3.6/site-packages/airflow/example_dags/example_kubernetes_executor_config.py
[2024-04-30 16:38:52,253] {scheduler_job.py:639} INFO - DAG(s) dict_keys(['example_kubernetes_executor_config']) retrieved from /home/airflow/.local/lib/python3.6/site-packages/airflow/example_dags/example_kubernetes_executor_config.py
[2024-04-30 16:38:52,276] {logging_mixin.py:104} INFO - [2024-04-30 16:38:52,275] {dag.py:1824} INFO - Sync 1 DAGs
[2024-04-30 16:38:52,290] {logging_mixin.py:104} INFO - [2024-04-30 16:38:52,290] {dag.py:2280} INFO - Setting next_dagrun for example_kubernetes_executor_config to None
[2024-04-30 16:38:52,301] {scheduler_job.py:190} INFO - Processing /home/airflow/.local/lib/python3.6/site-packages/airflow/example_dags/example_kubernetes_executor_config.py took 0.067 seconds
[2024-04-30 16:39:22,887] {scheduler_job.py:182} INFO - Started process (PID=1989) to work on /home/airflow/.local/lib/python3.6/site-packages/airflow/example_dags/example_kubernetes_executor_config.py
[2024-04-30 16:39:22,888] {scheduler_job.py:629} INFO - Processing file /home/airflow/.local/lib/python3.6/site-packages/airflow/example_dags/example_kubernetes_executor_config.py for tasks to queue
[2024-04-30 16:39:22,889] {logging_mixin.py:104} INFO - [2024-04-30 16:39:22,889] {dagbag.py:451} INFO - Filling up the DagBag from /home/airflow/.local/lib/python3.6/site-packages/airflow/example_dags/example_kubernetes_executor_config.py
[2024-04-30 16:39:22,904] {scheduler_job.py:639} INFO - DAG(s) dict_keys(['example_kubernetes_executor_config']) retrieved from /home/airflow/.local/lib/python3.6/site-packages/airflow/example_dags/example_kubernetes_executor_config.py
[2024-04-30 16:39:22,925] {logging_mixin.py:104} INFO - [2024-04-30 16:39:22,925] {dag.py:1824} INFO - Sync 1 DAGs
[2024-04-30 16:39:22,939] {logging_mixin.py:104} INFO - [2024-04-30 16:39:22,939] {dag.py:2280} INFO - Setting next_dagrun for example_kubernetes_executor_config to None
[2024-04-30 16:39:22,951] {scheduler_job.py:190} INFO - Processing /home/airflow/.local/lib/python3.6/site-packages/airflow/example_dags/example_kubernetes_executor_config.py took 0.067 seconds
[2024-04-30 16:39:53,445] {scheduler_job.py:182} INFO - Started process (PID=2021) to work on /home/airflow/.local/lib/python3.6/site-packages/airflow/example_dags/example_kubernetes_executor_config.py
[2024-04-30 16:39:53,446] {scheduler_job.py:629} INFO - Processing file /home/airflow/.local/lib/python3.6/site-packages/airflow/example_dags/example_kubernetes_executor_config.py for tasks to queue
[2024-04-30 16:39:53,447] {logging_mixin.py:104} INFO - [2024-04-30 16:39:53,447] {dagbag.py:451} INFO - Filling up the DagBag from /home/airflow/.local/lib/python3.6/site-packages/airflow/example_dags/example_kubernetes_executor_config.py
[2024-04-30 16:39:53,460] {scheduler_job.py:639} INFO - DAG(s) dict_keys(['example_kubernetes_executor_config']) retrieved from /home/airflow/.local/lib/python3.6/site-packages/airflow/example_dags/example_kubernetes_executor_config.py
[2024-04-30 16:39:53,481] {logging_mixin.py:104} INFO - [2024-04-30 16:39:53,481] {dag.py:1824} INFO - Sync 1 DAGs
[2024-04-30 16:39:53,493] {logging_mixin.py:104} INFO - [2024-04-30 16:39:53,493] {dag.py:2280} INFO - Setting next_dagrun for example_kubernetes_executor_config to None
[2024-04-30 16:39:53,502] {scheduler_job.py:190} INFO - Processing /home/airflow/.local/lib/python3.6/site-packages/airflow/example_dags/example_kubernetes_executor_config.py took 0.061 seconds
[2024-04-30 16:40:23,884] {scheduler_job.py:182} INFO - Started process (PID=2053) to work on /home/airflow/.local/lib/python3.6/site-packages/airflow/example_dags/example_kubernetes_executor_config.py
[2024-04-30 16:40:23,885] {scheduler_job.py:629} INFO - Processing file /home/airflow/.local/lib/python3.6/site-packages/airflow/example_dags/example_kubernetes_executor_config.py for tasks to queue
[2024-04-30 16:40:23,886] {logging_mixin.py:104} INFO - [2024-04-30 16:40:23,886] {dagbag.py:451} INFO - Filling up the DagBag from /home/airflow/.local/lib/python3.6/site-packages/airflow/example_dags/example_kubernetes_executor_config.py
[2024-04-30 16:40:23,901] {scheduler_job.py:639} INFO - DAG(s) dict_keys(['example_kubernetes_executor_config']) retrieved from /home/airflow/.local/lib/python3.6/site-packages/airflow/example_dags/example_kubernetes_executor_config.py
[2024-04-30 16:40:23,924] {logging_mixin.py:104} INFO - [2024-04-30 16:40:23,924] {dag.py:1824} INFO - Sync 1 DAGs
[2024-04-30 16:40:23,940] {logging_mixin.py:104} INFO - [2024-04-30 16:40:23,940] {dag.py:2280} INFO - Setting next_dagrun for example_kubernetes_executor_config to None
[2024-04-30 16:40:23,951] {scheduler_job.py:190} INFO - Processing /home/airflow/.local/lib/python3.6/site-packages/airflow/example_dags/example_kubernetes_executor_config.py took 0.070 seconds
[2024-04-30 16:40:54,443] {scheduler_job.py:182} INFO - Started process (PID=2085) to work on /home/airflow/.local/lib/python3.6/site-packages/airflow/example_dags/example_kubernetes_executor_config.py
[2024-04-30 16:40:54,445] {scheduler_job.py:629} INFO - Processing file /home/airflow/.local/lib/python3.6/site-packages/airflow/example_dags/example_kubernetes_executor_config.py for tasks to queue
[2024-04-30 16:40:54,446] {logging_mixin.py:104} INFO - [2024-04-30 16:40:54,445] {dagbag.py:451} INFO - Filling up the DagBag from /home/airflow/.local/lib/python3.6/site-packages/airflow/example_dags/example_kubernetes_executor_config.py
[2024-04-30 16:40:54,459] {scheduler_job.py:639} INFO - DAG(s) dict_keys(['example_kubernetes_executor_config']) retrieved from /home/airflow/.local/lib/python3.6/site-packages/airflow/example_dags/example_kubernetes_executor_config.py
[2024-04-30 16:40:54,479] {logging_mixin.py:104} INFO - [2024-04-30 16:40:54,479] {dag.py:1824} INFO - Sync 1 DAGs
[2024-04-30 16:40:54,492] {logging_mixin.py:104} INFO - [2024-04-30 16:40:54,492] {dag.py:2280} INFO - Setting next_dagrun for example_kubernetes_executor_config to None
[2024-04-30 16:40:54,500] {scheduler_job.py:190} INFO - Processing /home/airflow/.local/lib/python3.6/site-packages/airflow/example_dags/example_kubernetes_executor_config.py took 0.060 seconds
[2024-04-30 16:41:24,972] {scheduler_job.py:182} INFO - Started process (PID=2117) to work on /home/airflow/.local/lib/python3.6/site-packages/airflow/example_dags/example_kubernetes_executor_config.py
[2024-04-30 16:41:24,973] {scheduler_job.py:629} INFO - Processing file /home/airflow/.local/lib/python3.6/site-packages/airflow/example_dags/example_kubernetes_executor_config.py for tasks to queue
[2024-04-30 16:41:24,974] {logging_mixin.py:104} INFO - [2024-04-30 16:41:24,974] {dagbag.py:451} INFO - Filling up the DagBag from /home/airflow/.local/lib/python3.6/site-packages/airflow/example_dags/example_kubernetes_executor_config.py
[2024-04-30 16:41:24,988] {scheduler_job.py:639} INFO - DAG(s) dict_keys(['example_kubernetes_executor_config']) retrieved from /home/airflow/.local/lib/python3.6/site-packages/airflow/example_dags/example_kubernetes_executor_config.py
[2024-04-30 16:41:25,011] {logging_mixin.py:104} INFO - [2024-04-30 16:41:25,010] {dag.py:1824} INFO - Sync 1 DAGs
[2024-04-30 16:41:25,025] {logging_mixin.py:104} INFO - [2024-04-30 16:41:25,025] {dag.py:2280} INFO - Setting next_dagrun for example_kubernetes_executor_config to None
[2024-04-30 16:41:25,037] {scheduler_job.py:190} INFO - Processing /home/airflow/.local/lib/python3.6/site-packages/airflow/example_dags/example_kubernetes_executor_config.py took 0.069 seconds
[2024-04-30 17:02:17,137] {scheduler_job.py:182} INFO - Started process (PID=2149) to work on /home/airflow/.local/lib/python3.6/site-packages/airflow/example_dags/example_kubernetes_executor_config.py
[2024-04-30 17:02:17,180] {scheduler_job.py:629} INFO - Processing file /home/airflow/.local/lib/python3.6/site-packages/airflow/example_dags/example_kubernetes_executor_config.py for tasks to queue
[2024-04-30 17:02:17,243] {logging_mixin.py:104} INFO - [2024-04-30 17:02:17,243] {dagbag.py:451} INFO - Filling up the DagBag from /home/airflow/.local/lib/python3.6/site-packages/airflow/example_dags/example_kubernetes_executor_config.py
[2024-04-30 17:02:17,406] {scheduler_job.py:639} INFO - DAG(s) dict_keys(['example_kubernetes_executor_config']) retrieved from /home/airflow/.local/lib/python3.6/site-packages/airflow/example_dags/example_kubernetes_executor_config.py
[2024-04-30 17:02:18,435] {logging_mixin.py:104} INFO - [2024-04-30 17:02:18,433] {dag.py:1824} INFO - Sync 1 DAGs
[2024-04-30 17:02:18,699] {logging_mixin.py:104} INFO - [2024-04-30 17:02:18,699] {dag.py:2280} INFO - Setting next_dagrun for example_kubernetes_executor_config to None
[2024-04-30 17:02:18,896] {scheduler_job.py:190} INFO - Processing /home/airflow/.local/lib/python3.6/site-packages/airflow/example_dags/example_kubernetes_executor_config.py took 1.765 seconds
