[2024-04-30 16:09:37,485] {scheduler_job.py:182} INFO - Started process (PID=63) to work on /home/airflow/.local/lib/python3.6/site-packages/airflow/example_dags/example_nested_branch_dag.py
[2024-04-30 16:09:37,503] {scheduler_job.py:629} INFO - Processing file /home/airflow/.local/lib/python3.6/site-packages/airflow/example_dags/example_nested_branch_dag.py for tasks to queue
[2024-04-30 16:09:37,512] {logging_mixin.py:104} INFO - [2024-04-30 16:09:37,512] {dagbag.py:451} INFO - Filling up the DagBag from /home/airflow/.local/lib/python3.6/site-packages/airflow/example_dags/example_nested_branch_dag.py
[2024-04-30 16:09:37,670] {scheduler_job.py:639} INFO - DAG(s) dict_keys(['example_nested_branch_dag']) retrieved from /home/airflow/.local/lib/python3.6/site-packages/airflow/example_dags/example_nested_branch_dag.py
[2024-04-30 16:09:37,859] {logging_mixin.py:104} INFO - [2024-04-30 16:09:37,858] {dag.py:1824} INFO - Sync 1 DAGs
[2024-04-30 16:09:38,034] {logging_mixin.py:104} INFO - [2024-04-30 16:09:38,033] {dag.py:2280} INFO - Setting next_dagrun for example_nested_branch_dag to 2024-04-28 00:00:00+00:00
[2024-04-30 16:09:38,094] {scheduler_job.py:190} INFO - Processing /home/airflow/.local/lib/python3.6/site-packages/airflow/example_dags/example_nested_branch_dag.py took 0.652 seconds
[2024-04-30 16:10:08,388] {scheduler_job.py:182} INFO - Started process (PID=130) to work on /home/airflow/.local/lib/python3.6/site-packages/airflow/example_dags/example_nested_branch_dag.py
[2024-04-30 16:10:08,392] {scheduler_job.py:629} INFO - Processing file /home/airflow/.local/lib/python3.6/site-packages/airflow/example_dags/example_nested_branch_dag.py for tasks to queue
[2024-04-30 16:10:08,394] {logging_mixin.py:104} INFO - [2024-04-30 16:10:08,393] {dagbag.py:451} INFO - Filling up the DagBag from /home/airflow/.local/lib/python3.6/site-packages/airflow/example_dags/example_nested_branch_dag.py
[2024-04-30 16:10:08,440] {scheduler_job.py:639} INFO - DAG(s) dict_keys(['example_nested_branch_dag']) retrieved from /home/airflow/.local/lib/python3.6/site-packages/airflow/example_dags/example_nested_branch_dag.py
[2024-04-30 16:10:08,490] {logging_mixin.py:104} INFO - [2024-04-30 16:10:08,489] {dag.py:1824} INFO - Sync 1 DAGs
[2024-04-30 16:10:08,548] {logging_mixin.py:104} INFO - [2024-04-30 16:10:08,546] {dag.py:2280} INFO - Setting next_dagrun for example_nested_branch_dag to 2024-04-28 00:00:00+00:00
[2024-04-30 16:10:08,583] {scheduler_job.py:190} INFO - Processing /home/airflow/.local/lib/python3.6/site-packages/airflow/example_dags/example_nested_branch_dag.py took 0.204 seconds
[2024-04-30 16:10:38,798] {scheduler_job.py:182} INFO - Started process (PID=160) to work on /home/airflow/.local/lib/python3.6/site-packages/airflow/example_dags/example_nested_branch_dag.py
[2024-04-30 16:10:38,806] {scheduler_job.py:629} INFO - Processing file /home/airflow/.local/lib/python3.6/site-packages/airflow/example_dags/example_nested_branch_dag.py for tasks to queue
[2024-04-30 16:10:38,808] {logging_mixin.py:104} INFO - [2024-04-30 16:10:38,807] {dagbag.py:451} INFO - Filling up the DagBag from /home/airflow/.local/lib/python3.6/site-packages/airflow/example_dags/example_nested_branch_dag.py
[2024-04-30 16:10:38,851] {scheduler_job.py:639} INFO - DAG(s) dict_keys(['example_nested_branch_dag']) retrieved from /home/airflow/.local/lib/python3.6/site-packages/airflow/example_dags/example_nested_branch_dag.py
[2024-04-30 16:10:39,016] {logging_mixin.py:104} INFO - [2024-04-30 16:10:39,015] {dag.py:1824} INFO - Sync 1 DAGs
[2024-04-30 16:10:39,113] {logging_mixin.py:104} INFO - [2024-04-30 16:10:39,113] {dag.py:2280} INFO - Setting next_dagrun for example_nested_branch_dag to 2024-04-28 00:00:00+00:00
[2024-04-30 16:10:39,180] {scheduler_job.py:190} INFO - Processing /home/airflow/.local/lib/python3.6/site-packages/airflow/example_dags/example_nested_branch_dag.py took 0.393 seconds
[2024-04-30 16:11:31,208] {scheduler_job.py:182} INFO - Started process (PID=231) to work on /home/airflow/.local/lib/python3.6/site-packages/airflow/example_dags/example_nested_branch_dag.py
[2024-04-30 16:11:31,220] {scheduler_job.py:629} INFO - Processing file /home/airflow/.local/lib/python3.6/site-packages/airflow/example_dags/example_nested_branch_dag.py for tasks to queue
[2024-04-30 16:11:31,224] {logging_mixin.py:104} INFO - [2024-04-30 16:11:31,223] {dagbag.py:451} INFO - Filling up the DagBag from /home/airflow/.local/lib/python3.6/site-packages/airflow/example_dags/example_nested_branch_dag.py
[2024-04-30 16:11:31,395] {scheduler_job.py:639} INFO - DAG(s) dict_keys(['example_nested_branch_dag']) retrieved from /home/airflow/.local/lib/python3.6/site-packages/airflow/example_dags/example_nested_branch_dag.py
[2024-04-30 16:11:31,562] {logging_mixin.py:104} INFO - [2024-04-30 16:11:31,562] {dag.py:1824} INFO - Sync 1 DAGs
[2024-04-30 16:11:31,742] {logging_mixin.py:104} INFO - [2024-04-30 16:11:31,732] {dag.py:2280} INFO - Setting next_dagrun for example_nested_branch_dag to 2024-04-28 00:00:00+00:00
[2024-04-30 16:11:31,817] {scheduler_job.py:190} INFO - Processing /home/airflow/.local/lib/python3.6/site-packages/airflow/example_dags/example_nested_branch_dag.py took 0.617 seconds
[2024-04-30 16:12:02,320] {scheduler_job.py:182} INFO - Started process (PID=275) to work on /home/airflow/.local/lib/python3.6/site-packages/airflow/example_dags/example_nested_branch_dag.py
[2024-04-30 16:12:02,349] {scheduler_job.py:629} INFO - Processing file /home/airflow/.local/lib/python3.6/site-packages/airflow/example_dags/example_nested_branch_dag.py for tasks to queue
[2024-04-30 16:12:02,352] {logging_mixin.py:104} INFO - [2024-04-30 16:12:02,352] {dagbag.py:451} INFO - Filling up the DagBag from /home/airflow/.local/lib/python3.6/site-packages/airflow/example_dags/example_nested_branch_dag.py
[2024-04-30 16:12:02,437] {scheduler_job.py:639} INFO - DAG(s) dict_keys(['example_nested_branch_dag']) retrieved from /home/airflow/.local/lib/python3.6/site-packages/airflow/example_dags/example_nested_branch_dag.py
[2024-04-30 16:12:02,569] {logging_mixin.py:104} INFO - [2024-04-30 16:12:02,569] {dag.py:1824} INFO - Sync 1 DAGs
[2024-04-30 16:12:03,363] {logging_mixin.py:104} INFO - [2024-04-30 16:12:03,352] {dag.py:2280} INFO - Setting next_dagrun for example_nested_branch_dag to 2024-04-28 00:00:00+00:00
[2024-04-30 16:12:03,409] {scheduler_job.py:190} INFO - Processing /home/airflow/.local/lib/python3.6/site-packages/airflow/example_dags/example_nested_branch_dag.py took 1.095 seconds
[2024-04-30 16:12:33,779] {scheduler_job.py:182} INFO - Started process (PID=307) to work on /home/airflow/.local/lib/python3.6/site-packages/airflow/example_dags/example_nested_branch_dag.py
[2024-04-30 16:12:33,782] {scheduler_job.py:629} INFO - Processing file /home/airflow/.local/lib/python3.6/site-packages/airflow/example_dags/example_nested_branch_dag.py for tasks to queue
[2024-04-30 16:12:33,783] {logging_mixin.py:104} INFO - [2024-04-30 16:12:33,783] {dagbag.py:451} INFO - Filling up the DagBag from /home/airflow/.local/lib/python3.6/site-packages/airflow/example_dags/example_nested_branch_dag.py
[2024-04-30 16:12:33,806] {scheduler_job.py:639} INFO - DAG(s) dict_keys(['example_nested_branch_dag']) retrieved from /home/airflow/.local/lib/python3.6/site-packages/airflow/example_dags/example_nested_branch_dag.py
[2024-04-30 16:12:33,880] {logging_mixin.py:104} INFO - [2024-04-30 16:12:33,880] {dag.py:1824} INFO - Sync 1 DAGs
[2024-04-30 16:12:34,014] {logging_mixin.py:104} INFO - [2024-04-30 16:12:34,014] {dag.py:2280} INFO - Setting next_dagrun for example_nested_branch_dag to 2024-04-28 00:00:00+00:00
[2024-04-30 16:12:34,059] {scheduler_job.py:190} INFO - Processing /home/airflow/.local/lib/python3.6/site-packages/airflow/example_dags/example_nested_branch_dag.py took 0.284 seconds
[2024-04-30 16:13:04,394] {scheduler_job.py:182} INFO - Started process (PID=339) to work on /home/airflow/.local/lib/python3.6/site-packages/airflow/example_dags/example_nested_branch_dag.py
[2024-04-30 16:13:04,397] {scheduler_job.py:629} INFO - Processing file /home/airflow/.local/lib/python3.6/site-packages/airflow/example_dags/example_nested_branch_dag.py for tasks to queue
[2024-04-30 16:13:04,399] {logging_mixin.py:104} INFO - [2024-04-30 16:13:04,398] {dagbag.py:451} INFO - Filling up the DagBag from /home/airflow/.local/lib/python3.6/site-packages/airflow/example_dags/example_nested_branch_dag.py
[2024-04-30 16:13:04,424] {scheduler_job.py:639} INFO - DAG(s) dict_keys(['example_nested_branch_dag']) retrieved from /home/airflow/.local/lib/python3.6/site-packages/airflow/example_dags/example_nested_branch_dag.py
[2024-04-30 16:13:04,492] {logging_mixin.py:104} INFO - [2024-04-30 16:13:04,492] {dag.py:1824} INFO - Sync 1 DAGs
[2024-04-30 16:13:04,548] {logging_mixin.py:104} INFO - [2024-04-30 16:13:04,547] {dag.py:2280} INFO - Setting next_dagrun for example_nested_branch_dag to 2024-04-28 00:00:00+00:00
[2024-04-30 16:13:04,609] {scheduler_job.py:190} INFO - Processing /home/airflow/.local/lib/python3.6/site-packages/airflow/example_dags/example_nested_branch_dag.py took 0.220 seconds
[2024-04-30 16:13:35,139] {scheduler_job.py:182} INFO - Started process (PID=377) to work on /home/airflow/.local/lib/python3.6/site-packages/airflow/example_dags/example_nested_branch_dag.py
[2024-04-30 16:13:35,143] {scheduler_job.py:629} INFO - Processing file /home/airflow/.local/lib/python3.6/site-packages/airflow/example_dags/example_nested_branch_dag.py for tasks to queue
[2024-04-30 16:13:35,146] {logging_mixin.py:104} INFO - [2024-04-30 16:13:35,146] {dagbag.py:451} INFO - Filling up the DagBag from /home/airflow/.local/lib/python3.6/site-packages/airflow/example_dags/example_nested_branch_dag.py
[2024-04-30 16:13:35,240] {scheduler_job.py:639} INFO - DAG(s) dict_keys(['example_nested_branch_dag']) retrieved from /home/airflow/.local/lib/python3.6/site-packages/airflow/example_dags/example_nested_branch_dag.py
[2024-04-30 16:13:35,468] {logging_mixin.py:104} INFO - [2024-04-30 16:13:35,464] {dag.py:1824} INFO - Sync 1 DAGs
[2024-04-30 16:13:35,649] {logging_mixin.py:104} INFO - [2024-04-30 16:13:35,648] {dag.py:2280} INFO - Setting next_dagrun for example_nested_branch_dag to 2024-04-28 00:00:00+00:00
[2024-04-30 16:13:35,710] {scheduler_job.py:190} INFO - Processing /home/airflow/.local/lib/python3.6/site-packages/airflow/example_dags/example_nested_branch_dag.py took 0.642 seconds
[2024-04-30 16:14:06,522] {scheduler_job.py:182} INFO - Started process (PID=419) to work on /home/airflow/.local/lib/python3.6/site-packages/airflow/example_dags/example_nested_branch_dag.py
[2024-04-30 16:14:06,528] {scheduler_job.py:629} INFO - Processing file /home/airflow/.local/lib/python3.6/site-packages/airflow/example_dags/example_nested_branch_dag.py for tasks to queue
[2024-04-30 16:14:06,531] {logging_mixin.py:104} INFO - [2024-04-30 16:14:06,531] {dagbag.py:451} INFO - Filling up the DagBag from /home/airflow/.local/lib/python3.6/site-packages/airflow/example_dags/example_nested_branch_dag.py
[2024-04-30 16:14:06,554] {scheduler_job.py:639} INFO - DAG(s) dict_keys(['example_nested_branch_dag']) retrieved from /home/airflow/.local/lib/python3.6/site-packages/airflow/example_dags/example_nested_branch_dag.py
[2024-04-30 16:14:06,613] {logging_mixin.py:104} INFO - [2024-04-30 16:14:06,613] {dag.py:1824} INFO - Sync 1 DAGs
[2024-04-30 16:14:06,658] {logging_mixin.py:104} INFO - [2024-04-30 16:14:06,657] {dag.py:2280} INFO - Setting next_dagrun for example_nested_branch_dag to 2024-04-28 00:00:00+00:00
[2024-04-30 16:14:06,679] {scheduler_job.py:190} INFO - Processing /home/airflow/.local/lib/python3.6/site-packages/airflow/example_dags/example_nested_branch_dag.py took 0.162 seconds
[2024-04-30 16:14:37,355] {scheduler_job.py:182} INFO - Started process (PID=451) to work on /home/airflow/.local/lib/python3.6/site-packages/airflow/example_dags/example_nested_branch_dag.py
[2024-04-30 16:14:37,359] {scheduler_job.py:629} INFO - Processing file /home/airflow/.local/lib/python3.6/site-packages/airflow/example_dags/example_nested_branch_dag.py for tasks to queue
[2024-04-30 16:14:37,368] {logging_mixin.py:104} INFO - [2024-04-30 16:14:37,367] {dagbag.py:451} INFO - Filling up the DagBag from /home/airflow/.local/lib/python3.6/site-packages/airflow/example_dags/example_nested_branch_dag.py
[2024-04-30 16:14:37,435] {scheduler_job.py:639} INFO - DAG(s) dict_keys(['example_nested_branch_dag']) retrieved from /home/airflow/.local/lib/python3.6/site-packages/airflow/example_dags/example_nested_branch_dag.py
[2024-04-30 16:14:37,516] {logging_mixin.py:104} INFO - [2024-04-30 16:14:37,515] {dag.py:1824} INFO - Sync 1 DAGs
[2024-04-30 16:14:37,593] {logging_mixin.py:104} INFO - [2024-04-30 16:14:37,593] {dag.py:2280} INFO - Setting next_dagrun for example_nested_branch_dag to 2024-04-28 00:00:00+00:00
[2024-04-30 16:14:37,612] {scheduler_job.py:190} INFO - Processing /home/airflow/.local/lib/python3.6/site-packages/airflow/example_dags/example_nested_branch_dag.py took 0.263 seconds
[2024-04-30 16:15:07,692] {scheduler_job.py:182} INFO - Started process (PID=483) to work on /home/airflow/.local/lib/python3.6/site-packages/airflow/example_dags/example_nested_branch_dag.py
[2024-04-30 16:15:07,694] {scheduler_job.py:629} INFO - Processing file /home/airflow/.local/lib/python3.6/site-packages/airflow/example_dags/example_nested_branch_dag.py for tasks to queue
[2024-04-30 16:15:07,695] {logging_mixin.py:104} INFO - [2024-04-30 16:15:07,695] {dagbag.py:451} INFO - Filling up the DagBag from /home/airflow/.local/lib/python3.6/site-packages/airflow/example_dags/example_nested_branch_dag.py
[2024-04-30 16:15:07,710] {scheduler_job.py:639} INFO - DAG(s) dict_keys(['example_nested_branch_dag']) retrieved from /home/airflow/.local/lib/python3.6/site-packages/airflow/example_dags/example_nested_branch_dag.py
[2024-04-30 16:15:07,735] {logging_mixin.py:104} INFO - [2024-04-30 16:15:07,735] {dag.py:1824} INFO - Sync 1 DAGs
[2024-04-30 16:15:07,757] {logging_mixin.py:104} INFO - [2024-04-30 16:15:07,757] {dag.py:2280} INFO - Setting next_dagrun for example_nested_branch_dag to 2024-04-28 00:00:00+00:00
[2024-04-30 16:15:07,768] {scheduler_job.py:190} INFO - Processing /home/airflow/.local/lib/python3.6/site-packages/airflow/example_dags/example_nested_branch_dag.py took 0.079 seconds
[2024-04-30 16:15:38,239] {scheduler_job.py:182} INFO - Started process (PID=515) to work on /home/airflow/.local/lib/python3.6/site-packages/airflow/example_dags/example_nested_branch_dag.py
[2024-04-30 16:15:38,242] {scheduler_job.py:629} INFO - Processing file /home/airflow/.local/lib/python3.6/site-packages/airflow/example_dags/example_nested_branch_dag.py for tasks to queue
[2024-04-30 16:15:38,244] {logging_mixin.py:104} INFO - [2024-04-30 16:15:38,244] {dagbag.py:451} INFO - Filling up the DagBag from /home/airflow/.local/lib/python3.6/site-packages/airflow/example_dags/example_nested_branch_dag.py
[2024-04-30 16:15:38,282] {scheduler_job.py:639} INFO - DAG(s) dict_keys(['example_nested_branch_dag']) retrieved from /home/airflow/.local/lib/python3.6/site-packages/airflow/example_dags/example_nested_branch_dag.py
[2024-04-30 16:15:38,314] {logging_mixin.py:104} INFO - [2024-04-30 16:15:38,314] {dag.py:1824} INFO - Sync 1 DAGs
[2024-04-30 16:15:38,343] {logging_mixin.py:104} INFO - [2024-04-30 16:15:38,343] {dag.py:2280} INFO - Setting next_dagrun for example_nested_branch_dag to 2024-04-28 00:00:00+00:00
[2024-04-30 16:15:38,354] {scheduler_job.py:190} INFO - Processing /home/airflow/.local/lib/python3.6/site-packages/airflow/example_dags/example_nested_branch_dag.py took 0.126 seconds
[2024-04-30 16:16:08,759] {scheduler_job.py:182} INFO - Started process (PID=547) to work on /home/airflow/.local/lib/python3.6/site-packages/airflow/example_dags/example_nested_branch_dag.py
[2024-04-30 16:16:08,760] {scheduler_job.py:629} INFO - Processing file /home/airflow/.local/lib/python3.6/site-packages/airflow/example_dags/example_nested_branch_dag.py for tasks to queue
[2024-04-30 16:16:08,761] {logging_mixin.py:104} INFO - [2024-04-30 16:16:08,761] {dagbag.py:451} INFO - Filling up the DagBag from /home/airflow/.local/lib/python3.6/site-packages/airflow/example_dags/example_nested_branch_dag.py
[2024-04-30 16:16:08,777] {scheduler_job.py:639} INFO - DAG(s) dict_keys(['example_nested_branch_dag']) retrieved from /home/airflow/.local/lib/python3.6/site-packages/airflow/example_dags/example_nested_branch_dag.py
[2024-04-30 16:16:08,804] {logging_mixin.py:104} INFO - [2024-04-30 16:16:08,804] {dag.py:1824} INFO - Sync 1 DAGs
[2024-04-30 16:16:08,829] {logging_mixin.py:104} INFO - [2024-04-30 16:16:08,829] {dag.py:2280} INFO - Setting next_dagrun for example_nested_branch_dag to 2024-04-28 00:00:00+00:00
[2024-04-30 16:16:08,841] {scheduler_job.py:190} INFO - Processing /home/airflow/.local/lib/python3.6/site-packages/airflow/example_dags/example_nested_branch_dag.py took 0.085 seconds
[2024-04-30 16:16:39,170] {scheduler_job.py:182} INFO - Started process (PID=579) to work on /home/airflow/.local/lib/python3.6/site-packages/airflow/example_dags/example_nested_branch_dag.py
[2024-04-30 16:16:39,172] {scheduler_job.py:629} INFO - Processing file /home/airflow/.local/lib/python3.6/site-packages/airflow/example_dags/example_nested_branch_dag.py for tasks to queue
[2024-04-30 16:16:39,173] {logging_mixin.py:104} INFO - [2024-04-30 16:16:39,173] {dagbag.py:451} INFO - Filling up the DagBag from /home/airflow/.local/lib/python3.6/site-packages/airflow/example_dags/example_nested_branch_dag.py
[2024-04-30 16:16:39,187] {scheduler_job.py:639} INFO - DAG(s) dict_keys(['example_nested_branch_dag']) retrieved from /home/airflow/.local/lib/python3.6/site-packages/airflow/example_dags/example_nested_branch_dag.py
[2024-04-30 16:16:39,210] {logging_mixin.py:104} INFO - [2024-04-30 16:16:39,210] {dag.py:1824} INFO - Sync 1 DAGs
[2024-04-30 16:16:39,232] {logging_mixin.py:104} INFO - [2024-04-30 16:16:39,232] {dag.py:2280} INFO - Setting next_dagrun for example_nested_branch_dag to 2024-04-28 00:00:00+00:00
[2024-04-30 16:16:39,243] {scheduler_job.py:190} INFO - Processing /home/airflow/.local/lib/python3.6/site-packages/airflow/example_dags/example_nested_branch_dag.py took 0.077 seconds
[2024-04-30 16:17:09,992] {scheduler_job.py:182} INFO - Started process (PID=611) to work on /home/airflow/.local/lib/python3.6/site-packages/airflow/example_dags/example_nested_branch_dag.py
[2024-04-30 16:17:09,994] {scheduler_job.py:629} INFO - Processing file /home/airflow/.local/lib/python3.6/site-packages/airflow/example_dags/example_nested_branch_dag.py for tasks to queue
[2024-04-30 16:17:09,995] {logging_mixin.py:104} INFO - [2024-04-30 16:17:09,995] {dagbag.py:451} INFO - Filling up the DagBag from /home/airflow/.local/lib/python3.6/site-packages/airflow/example_dags/example_nested_branch_dag.py
[2024-04-30 16:17:10,017] {scheduler_job.py:639} INFO - DAG(s) dict_keys(['example_nested_branch_dag']) retrieved from /home/airflow/.local/lib/python3.6/site-packages/airflow/example_dags/example_nested_branch_dag.py
[2024-04-30 16:17:10,078] {logging_mixin.py:104} INFO - [2024-04-30 16:17:10,077] {dag.py:1824} INFO - Sync 1 DAGs
[2024-04-30 16:17:10,136] {logging_mixin.py:104} INFO - [2024-04-30 16:17:10,136] {dag.py:2280} INFO - Setting next_dagrun for example_nested_branch_dag to 2024-04-28 00:00:00+00:00
[2024-04-30 16:17:10,159] {scheduler_job.py:190} INFO - Processing /home/airflow/.local/lib/python3.6/site-packages/airflow/example_dags/example_nested_branch_dag.py took 0.171 seconds
[2024-04-30 16:17:41,049] {scheduler_job.py:182} INFO - Started process (PID=643) to work on /home/airflow/.local/lib/python3.6/site-packages/airflow/example_dags/example_nested_branch_dag.py
[2024-04-30 16:17:41,050] {scheduler_job.py:629} INFO - Processing file /home/airflow/.local/lib/python3.6/site-packages/airflow/example_dags/example_nested_branch_dag.py for tasks to queue
[2024-04-30 16:17:41,052] {logging_mixin.py:104} INFO - [2024-04-30 16:17:41,051] {dagbag.py:451} INFO - Filling up the DagBag from /home/airflow/.local/lib/python3.6/site-packages/airflow/example_dags/example_nested_branch_dag.py
[2024-04-30 16:17:41,081] {scheduler_job.py:639} INFO - DAG(s) dict_keys(['example_nested_branch_dag']) retrieved from /home/airflow/.local/lib/python3.6/site-packages/airflow/example_dags/example_nested_branch_dag.py
[2024-04-30 16:17:41,141] {logging_mixin.py:104} INFO - [2024-04-30 16:17:41,140] {dag.py:1824} INFO - Sync 1 DAGs
[2024-04-30 16:17:41,174] {logging_mixin.py:104} INFO - [2024-04-30 16:17:41,174] {dag.py:2280} INFO - Setting next_dagrun for example_nested_branch_dag to 2024-04-28 00:00:00+00:00
[2024-04-30 16:17:41,184] {scheduler_job.py:190} INFO - Processing /home/airflow/.local/lib/python3.6/site-packages/airflow/example_dags/example_nested_branch_dag.py took 0.144 seconds
[2024-04-30 16:18:11,645] {scheduler_job.py:182} INFO - Started process (PID=675) to work on /home/airflow/.local/lib/python3.6/site-packages/airflow/example_dags/example_nested_branch_dag.py
[2024-04-30 16:18:11,646] {scheduler_job.py:629} INFO - Processing file /home/airflow/.local/lib/python3.6/site-packages/airflow/example_dags/example_nested_branch_dag.py for tasks to queue
[2024-04-30 16:18:11,647] {logging_mixin.py:104} INFO - [2024-04-30 16:18:11,647] {dagbag.py:451} INFO - Filling up the DagBag from /home/airflow/.local/lib/python3.6/site-packages/airflow/example_dags/example_nested_branch_dag.py
[2024-04-30 16:18:11,671] {scheduler_job.py:639} INFO - DAG(s) dict_keys(['example_nested_branch_dag']) retrieved from /home/airflow/.local/lib/python3.6/site-packages/airflow/example_dags/example_nested_branch_dag.py
[2024-04-30 16:18:11,703] {logging_mixin.py:104} INFO - [2024-04-30 16:18:11,702] {dag.py:1824} INFO - Sync 1 DAGs
[2024-04-30 16:18:11,730] {logging_mixin.py:104} INFO - [2024-04-30 16:18:11,730] {dag.py:2280} INFO - Setting next_dagrun for example_nested_branch_dag to 2024-04-28 00:00:00+00:00
[2024-04-30 16:18:11,742] {scheduler_job.py:190} INFO - Processing /home/airflow/.local/lib/python3.6/site-packages/airflow/example_dags/example_nested_branch_dag.py took 0.100 seconds
[2024-04-30 16:18:42,050] {scheduler_job.py:182} INFO - Started process (PID=707) to work on /home/airflow/.local/lib/python3.6/site-packages/airflow/example_dags/example_nested_branch_dag.py
[2024-04-30 16:18:42,053] {scheduler_job.py:629} INFO - Processing file /home/airflow/.local/lib/python3.6/site-packages/airflow/example_dags/example_nested_branch_dag.py for tasks to queue
[2024-04-30 16:18:42,054] {logging_mixin.py:104} INFO - [2024-04-30 16:18:42,054] {dagbag.py:451} INFO - Filling up the DagBag from /home/airflow/.local/lib/python3.6/site-packages/airflow/example_dags/example_nested_branch_dag.py
[2024-04-30 16:18:42,091] {scheduler_job.py:639} INFO - DAG(s) dict_keys(['example_nested_branch_dag']) retrieved from /home/airflow/.local/lib/python3.6/site-packages/airflow/example_dags/example_nested_branch_dag.py
[2024-04-30 16:18:42,113] {logging_mixin.py:104} INFO - [2024-04-30 16:18:42,113] {dag.py:1824} INFO - Sync 1 DAGs
[2024-04-30 16:18:42,138] {logging_mixin.py:104} INFO - [2024-04-30 16:18:42,138] {dag.py:2280} INFO - Setting next_dagrun for example_nested_branch_dag to 2024-04-28 00:00:00+00:00
[2024-04-30 16:18:42,149] {scheduler_job.py:190} INFO - Processing /home/airflow/.local/lib/python3.6/site-packages/airflow/example_dags/example_nested_branch_dag.py took 0.103 seconds
[2024-04-30 16:19:12,489] {scheduler_job.py:182} INFO - Started process (PID=739) to work on /home/airflow/.local/lib/python3.6/site-packages/airflow/example_dags/example_nested_branch_dag.py
[2024-04-30 16:19:12,491] {scheduler_job.py:629} INFO - Processing file /home/airflow/.local/lib/python3.6/site-packages/airflow/example_dags/example_nested_branch_dag.py for tasks to queue
[2024-04-30 16:19:12,492] {logging_mixin.py:104} INFO - [2024-04-30 16:19:12,491] {dagbag.py:451} INFO - Filling up the DagBag from /home/airflow/.local/lib/python3.6/site-packages/airflow/example_dags/example_nested_branch_dag.py
[2024-04-30 16:19:12,507] {scheduler_job.py:639} INFO - DAG(s) dict_keys(['example_nested_branch_dag']) retrieved from /home/airflow/.local/lib/python3.6/site-packages/airflow/example_dags/example_nested_branch_dag.py
[2024-04-30 16:19:12,530] {logging_mixin.py:104} INFO - [2024-04-30 16:19:12,530] {dag.py:1824} INFO - Sync 1 DAGs
[2024-04-30 16:19:12,554] {logging_mixin.py:104} INFO - [2024-04-30 16:19:12,553] {dag.py:2280} INFO - Setting next_dagrun for example_nested_branch_dag to 2024-04-28 00:00:00+00:00
[2024-04-30 16:19:12,566] {scheduler_job.py:190} INFO - Processing /home/airflow/.local/lib/python3.6/site-packages/airflow/example_dags/example_nested_branch_dag.py took 0.081 seconds
[2024-04-30 16:19:43,010] {scheduler_job.py:182} INFO - Started process (PID=771) to work on /home/airflow/.local/lib/python3.6/site-packages/airflow/example_dags/example_nested_branch_dag.py
[2024-04-30 16:19:43,012] {scheduler_job.py:629} INFO - Processing file /home/airflow/.local/lib/python3.6/site-packages/airflow/example_dags/example_nested_branch_dag.py for tasks to queue
[2024-04-30 16:19:43,013] {logging_mixin.py:104} INFO - [2024-04-30 16:19:43,013] {dagbag.py:451} INFO - Filling up the DagBag from /home/airflow/.local/lib/python3.6/site-packages/airflow/example_dags/example_nested_branch_dag.py
[2024-04-30 16:19:43,034] {scheduler_job.py:639} INFO - DAG(s) dict_keys(['example_nested_branch_dag']) retrieved from /home/airflow/.local/lib/python3.6/site-packages/airflow/example_dags/example_nested_branch_dag.py
[2024-04-30 16:19:43,063] {logging_mixin.py:104} INFO - [2024-04-30 16:19:43,063] {dag.py:1824} INFO - Sync 1 DAGs
[2024-04-30 16:19:43,087] {logging_mixin.py:104} INFO - [2024-04-30 16:19:43,087] {dag.py:2280} INFO - Setting next_dagrun for example_nested_branch_dag to 2024-04-28 00:00:00+00:00
[2024-04-30 16:19:43,098] {scheduler_job.py:190} INFO - Processing /home/airflow/.local/lib/python3.6/site-packages/airflow/example_dags/example_nested_branch_dag.py took 0.093 seconds
[2024-04-30 16:20:13,391] {scheduler_job.py:182} INFO - Started process (PID=803) to work on /home/airflow/.local/lib/python3.6/site-packages/airflow/example_dags/example_nested_branch_dag.py
[2024-04-30 16:20:13,392] {scheduler_job.py:629} INFO - Processing file /home/airflow/.local/lib/python3.6/site-packages/airflow/example_dags/example_nested_branch_dag.py for tasks to queue
[2024-04-30 16:20:13,393] {logging_mixin.py:104} INFO - [2024-04-30 16:20:13,393] {dagbag.py:451} INFO - Filling up the DagBag from /home/airflow/.local/lib/python3.6/site-packages/airflow/example_dags/example_nested_branch_dag.py
[2024-04-30 16:20:13,408] {scheduler_job.py:639} INFO - DAG(s) dict_keys(['example_nested_branch_dag']) retrieved from /home/airflow/.local/lib/python3.6/site-packages/airflow/example_dags/example_nested_branch_dag.py
[2024-04-30 16:20:13,444] {logging_mixin.py:104} INFO - [2024-04-30 16:20:13,444] {dag.py:1824} INFO - Sync 1 DAGs
[2024-04-30 16:20:13,487] {logging_mixin.py:104} INFO - [2024-04-30 16:20:13,487] {dag.py:2280} INFO - Setting next_dagrun for example_nested_branch_dag to 2024-04-28 00:00:00+00:00
[2024-04-30 16:20:13,504] {scheduler_job.py:190} INFO - Processing /home/airflow/.local/lib/python3.6/site-packages/airflow/example_dags/example_nested_branch_dag.py took 0.116 seconds
[2024-04-30 16:20:43,911] {scheduler_job.py:182} INFO - Started process (PID=835) to work on /home/airflow/.local/lib/python3.6/site-packages/airflow/example_dags/example_nested_branch_dag.py
[2024-04-30 16:20:43,912] {scheduler_job.py:629} INFO - Processing file /home/airflow/.local/lib/python3.6/site-packages/airflow/example_dags/example_nested_branch_dag.py for tasks to queue
[2024-04-30 16:20:43,913] {logging_mixin.py:104} INFO - [2024-04-30 16:20:43,913] {dagbag.py:451} INFO - Filling up the DagBag from /home/airflow/.local/lib/python3.6/site-packages/airflow/example_dags/example_nested_branch_dag.py
[2024-04-30 16:20:43,928] {scheduler_job.py:639} INFO - DAG(s) dict_keys(['example_nested_branch_dag']) retrieved from /home/airflow/.local/lib/python3.6/site-packages/airflow/example_dags/example_nested_branch_dag.py
[2024-04-30 16:20:43,949] {logging_mixin.py:104} INFO - [2024-04-30 16:20:43,949] {dag.py:1824} INFO - Sync 1 DAGs
[2024-04-30 16:20:43,969] {logging_mixin.py:104} INFO - [2024-04-30 16:20:43,969] {dag.py:2280} INFO - Setting next_dagrun for example_nested_branch_dag to 2024-04-28 00:00:00+00:00
[2024-04-30 16:20:43,981] {scheduler_job.py:190} INFO - Processing /home/airflow/.local/lib/python3.6/site-packages/airflow/example_dags/example_nested_branch_dag.py took 0.073 seconds
[2024-04-30 16:21:14,407] {scheduler_job.py:182} INFO - Started process (PID=867) to work on /home/airflow/.local/lib/python3.6/site-packages/airflow/example_dags/example_nested_branch_dag.py
[2024-04-30 16:21:14,408] {scheduler_job.py:629} INFO - Processing file /home/airflow/.local/lib/python3.6/site-packages/airflow/example_dags/example_nested_branch_dag.py for tasks to queue
[2024-04-30 16:21:14,409] {logging_mixin.py:104} INFO - [2024-04-30 16:21:14,409] {dagbag.py:451} INFO - Filling up the DagBag from /home/airflow/.local/lib/python3.6/site-packages/airflow/example_dags/example_nested_branch_dag.py
[2024-04-30 16:21:14,424] {scheduler_job.py:639} INFO - DAG(s) dict_keys(['example_nested_branch_dag']) retrieved from /home/airflow/.local/lib/python3.6/site-packages/airflow/example_dags/example_nested_branch_dag.py
[2024-04-30 16:21:14,446] {logging_mixin.py:104} INFO - [2024-04-30 16:21:14,446] {dag.py:1824} INFO - Sync 1 DAGs
[2024-04-30 16:21:14,463] {logging_mixin.py:104} INFO - [2024-04-30 16:21:14,463] {dag.py:2280} INFO - Setting next_dagrun for example_nested_branch_dag to 2024-04-28 00:00:00+00:00
[2024-04-30 16:21:14,473] {scheduler_job.py:190} INFO - Processing /home/airflow/.local/lib/python3.6/site-packages/airflow/example_dags/example_nested_branch_dag.py took 0.069 seconds
[2024-04-30 16:21:45,014] {scheduler_job.py:182} INFO - Started process (PID=899) to work on /home/airflow/.local/lib/python3.6/site-packages/airflow/example_dags/example_nested_branch_dag.py
[2024-04-30 16:21:45,016] {scheduler_job.py:629} INFO - Processing file /home/airflow/.local/lib/python3.6/site-packages/airflow/example_dags/example_nested_branch_dag.py for tasks to queue
[2024-04-30 16:21:45,017] {logging_mixin.py:104} INFO - [2024-04-30 16:21:45,017] {dagbag.py:451} INFO - Filling up the DagBag from /home/airflow/.local/lib/python3.6/site-packages/airflow/example_dags/example_nested_branch_dag.py
[2024-04-30 16:21:45,031] {scheduler_job.py:639} INFO - DAG(s) dict_keys(['example_nested_branch_dag']) retrieved from /home/airflow/.local/lib/python3.6/site-packages/airflow/example_dags/example_nested_branch_dag.py
[2024-04-30 16:21:45,053] {logging_mixin.py:104} INFO - [2024-04-30 16:21:45,053] {dag.py:1824} INFO - Sync 1 DAGs
[2024-04-30 16:21:45,071] {logging_mixin.py:104} INFO - [2024-04-30 16:21:45,071] {dag.py:2280} INFO - Setting next_dagrun for example_nested_branch_dag to 2024-04-28 00:00:00+00:00
[2024-04-30 16:21:45,081] {scheduler_job.py:190} INFO - Processing /home/airflow/.local/lib/python3.6/site-packages/airflow/example_dags/example_nested_branch_dag.py took 0.069 seconds
[2024-04-30 16:22:15,564] {scheduler_job.py:182} INFO - Started process (PID=931) to work on /home/airflow/.local/lib/python3.6/site-packages/airflow/example_dags/example_nested_branch_dag.py
[2024-04-30 16:22:15,567] {scheduler_job.py:629} INFO - Processing file /home/airflow/.local/lib/python3.6/site-packages/airflow/example_dags/example_nested_branch_dag.py for tasks to queue
[2024-04-30 16:22:15,569] {logging_mixin.py:104} INFO - [2024-04-30 16:22:15,569] {dagbag.py:451} INFO - Filling up the DagBag from /home/airflow/.local/lib/python3.6/site-packages/airflow/example_dags/example_nested_branch_dag.py
[2024-04-30 16:22:15,600] {scheduler_job.py:639} INFO - DAG(s) dict_keys(['example_nested_branch_dag']) retrieved from /home/airflow/.local/lib/python3.6/site-packages/airflow/example_dags/example_nested_branch_dag.py
[2024-04-30 16:22:15,639] {logging_mixin.py:104} INFO - [2024-04-30 16:22:15,638] {dag.py:1824} INFO - Sync 1 DAGs
[2024-04-30 16:22:15,660] {logging_mixin.py:104} INFO - [2024-04-30 16:22:15,660] {dag.py:2280} INFO - Setting next_dagrun for example_nested_branch_dag to 2024-04-28 00:00:00+00:00
[2024-04-30 16:22:15,670] {scheduler_job.py:190} INFO - Processing /home/airflow/.local/lib/python3.6/site-packages/airflow/example_dags/example_nested_branch_dag.py took 0.111 seconds
[2024-04-30 16:22:46,304] {scheduler_job.py:182} INFO - Started process (PID=963) to work on /home/airflow/.local/lib/python3.6/site-packages/airflow/example_dags/example_nested_branch_dag.py
[2024-04-30 16:22:46,305] {scheduler_job.py:629} INFO - Processing file /home/airflow/.local/lib/python3.6/site-packages/airflow/example_dags/example_nested_branch_dag.py for tasks to queue
[2024-04-30 16:22:46,306] {logging_mixin.py:104} INFO - [2024-04-30 16:22:46,306] {dagbag.py:451} INFO - Filling up the DagBag from /home/airflow/.local/lib/python3.6/site-packages/airflow/example_dags/example_nested_branch_dag.py
[2024-04-30 16:22:46,328] {scheduler_job.py:639} INFO - DAG(s) dict_keys(['example_nested_branch_dag']) retrieved from /home/airflow/.local/lib/python3.6/site-packages/airflow/example_dags/example_nested_branch_dag.py
[2024-04-30 16:22:46,355] {logging_mixin.py:104} INFO - [2024-04-30 16:22:46,355] {dag.py:1824} INFO - Sync 1 DAGs
[2024-04-30 16:22:46,376] {logging_mixin.py:104} INFO - [2024-04-30 16:22:46,376] {dag.py:2280} INFO - Setting next_dagrun for example_nested_branch_dag to 2024-04-28 00:00:00+00:00
[2024-04-30 16:22:46,391] {scheduler_job.py:190} INFO - Processing /home/airflow/.local/lib/python3.6/site-packages/airflow/example_dags/example_nested_branch_dag.py took 0.091 seconds
[2024-04-30 16:23:16,783] {scheduler_job.py:182} INFO - Started process (PID=995) to work on /home/airflow/.local/lib/python3.6/site-packages/airflow/example_dags/example_nested_branch_dag.py
[2024-04-30 16:23:16,784] {scheduler_job.py:629} INFO - Processing file /home/airflow/.local/lib/python3.6/site-packages/airflow/example_dags/example_nested_branch_dag.py for tasks to queue
[2024-04-30 16:23:16,785] {logging_mixin.py:104} INFO - [2024-04-30 16:23:16,785] {dagbag.py:451} INFO - Filling up the DagBag from /home/airflow/.local/lib/python3.6/site-packages/airflow/example_dags/example_nested_branch_dag.py
[2024-04-30 16:23:16,807] {scheduler_job.py:639} INFO - DAG(s) dict_keys(['example_nested_branch_dag']) retrieved from /home/airflow/.local/lib/python3.6/site-packages/airflow/example_dags/example_nested_branch_dag.py
[2024-04-30 16:23:16,828] {logging_mixin.py:104} INFO - [2024-04-30 16:23:16,828] {dag.py:1824} INFO - Sync 1 DAGs
[2024-04-30 16:23:16,850] {logging_mixin.py:104} INFO - [2024-04-30 16:23:16,850] {dag.py:2280} INFO - Setting next_dagrun for example_nested_branch_dag to 2024-04-28 00:00:00+00:00
[2024-04-30 16:23:16,861] {scheduler_job.py:190} INFO - Processing /home/airflow/.local/lib/python3.6/site-packages/airflow/example_dags/example_nested_branch_dag.py took 0.083 seconds
[2024-04-30 16:23:47,330] {scheduler_job.py:182} INFO - Started process (PID=1027) to work on /home/airflow/.local/lib/python3.6/site-packages/airflow/example_dags/example_nested_branch_dag.py
[2024-04-30 16:23:47,331] {scheduler_job.py:629} INFO - Processing file /home/airflow/.local/lib/python3.6/site-packages/airflow/example_dags/example_nested_branch_dag.py for tasks to queue
[2024-04-30 16:23:47,332] {logging_mixin.py:104} INFO - [2024-04-30 16:23:47,332] {dagbag.py:451} INFO - Filling up the DagBag from /home/airflow/.local/lib/python3.6/site-packages/airflow/example_dags/example_nested_branch_dag.py
[2024-04-30 16:23:47,355] {scheduler_job.py:639} INFO - DAG(s) dict_keys(['example_nested_branch_dag']) retrieved from /home/airflow/.local/lib/python3.6/site-packages/airflow/example_dags/example_nested_branch_dag.py
[2024-04-30 16:23:47,381] {logging_mixin.py:104} INFO - [2024-04-30 16:23:47,381] {dag.py:1824} INFO - Sync 1 DAGs
[2024-04-30 16:23:47,407] {logging_mixin.py:104} INFO - [2024-04-30 16:23:47,407] {dag.py:2280} INFO - Setting next_dagrun for example_nested_branch_dag to 2024-04-28 00:00:00+00:00
[2024-04-30 16:23:47,425] {scheduler_job.py:190} INFO - Processing /home/airflow/.local/lib/python3.6/site-packages/airflow/example_dags/example_nested_branch_dag.py took 0.099 seconds
[2024-04-30 16:24:17,856] {scheduler_job.py:182} INFO - Started process (PID=1059) to work on /home/airflow/.local/lib/python3.6/site-packages/airflow/example_dags/example_nested_branch_dag.py
[2024-04-30 16:24:17,857] {scheduler_job.py:629} INFO - Processing file /home/airflow/.local/lib/python3.6/site-packages/airflow/example_dags/example_nested_branch_dag.py for tasks to queue
[2024-04-30 16:24:17,858] {logging_mixin.py:104} INFO - [2024-04-30 16:24:17,858] {dagbag.py:451} INFO - Filling up the DagBag from /home/airflow/.local/lib/python3.6/site-packages/airflow/example_dags/example_nested_branch_dag.py
[2024-04-30 16:24:17,875] {scheduler_job.py:639} INFO - DAG(s) dict_keys(['example_nested_branch_dag']) retrieved from /home/airflow/.local/lib/python3.6/site-packages/airflow/example_dags/example_nested_branch_dag.py
[2024-04-30 16:24:17,901] {logging_mixin.py:104} INFO - [2024-04-30 16:24:17,901] {dag.py:1824} INFO - Sync 1 DAGs
[2024-04-30 16:24:17,924] {logging_mixin.py:104} INFO - [2024-04-30 16:24:17,924] {dag.py:2280} INFO - Setting next_dagrun for example_nested_branch_dag to 2024-04-28 00:00:00+00:00
[2024-04-30 16:24:17,938] {scheduler_job.py:190} INFO - Processing /home/airflow/.local/lib/python3.6/site-packages/airflow/example_dags/example_nested_branch_dag.py took 0.086 seconds
[2024-04-30 16:24:48,464] {scheduler_job.py:182} INFO - Started process (PID=1091) to work on /home/airflow/.local/lib/python3.6/site-packages/airflow/example_dags/example_nested_branch_dag.py
[2024-04-30 16:24:48,465] {scheduler_job.py:629} INFO - Processing file /home/airflow/.local/lib/python3.6/site-packages/airflow/example_dags/example_nested_branch_dag.py for tasks to queue
[2024-04-30 16:24:48,466] {logging_mixin.py:104} INFO - [2024-04-30 16:24:48,466] {dagbag.py:451} INFO - Filling up the DagBag from /home/airflow/.local/lib/python3.6/site-packages/airflow/example_dags/example_nested_branch_dag.py
[2024-04-30 16:24:48,484] {scheduler_job.py:639} INFO - DAG(s) dict_keys(['example_nested_branch_dag']) retrieved from /home/airflow/.local/lib/python3.6/site-packages/airflow/example_dags/example_nested_branch_dag.py
[2024-04-30 16:24:48,508] {logging_mixin.py:104} INFO - [2024-04-30 16:24:48,508] {dag.py:1824} INFO - Sync 1 DAGs
[2024-04-30 16:24:48,535] {logging_mixin.py:104} INFO - [2024-04-30 16:24:48,534] {dag.py:2280} INFO - Setting next_dagrun for example_nested_branch_dag to 2024-04-28 00:00:00+00:00
[2024-04-30 16:24:48,545] {scheduler_job.py:190} INFO - Processing /home/airflow/.local/lib/python3.6/site-packages/airflow/example_dags/example_nested_branch_dag.py took 0.085 seconds
[2024-04-30 16:25:19,239] {scheduler_job.py:182} INFO - Started process (PID=1123) to work on /home/airflow/.local/lib/python3.6/site-packages/airflow/example_dags/example_nested_branch_dag.py
[2024-04-30 16:25:19,240] {scheduler_job.py:629} INFO - Processing file /home/airflow/.local/lib/python3.6/site-packages/airflow/example_dags/example_nested_branch_dag.py for tasks to queue
[2024-04-30 16:25:19,241] {logging_mixin.py:104} INFO - [2024-04-30 16:25:19,241] {dagbag.py:451} INFO - Filling up the DagBag from /home/airflow/.local/lib/python3.6/site-packages/airflow/example_dags/example_nested_branch_dag.py
[2024-04-30 16:25:19,257] {scheduler_job.py:639} INFO - DAG(s) dict_keys(['example_nested_branch_dag']) retrieved from /home/airflow/.local/lib/python3.6/site-packages/airflow/example_dags/example_nested_branch_dag.py
[2024-04-30 16:25:19,279] {logging_mixin.py:104} INFO - [2024-04-30 16:25:19,278] {dag.py:1824} INFO - Sync 1 DAGs
[2024-04-30 16:25:19,299] {logging_mixin.py:104} INFO - [2024-04-30 16:25:19,299] {dag.py:2280} INFO - Setting next_dagrun for example_nested_branch_dag to 2024-04-28 00:00:00+00:00
[2024-04-30 16:25:19,315] {scheduler_job.py:190} INFO - Processing /home/airflow/.local/lib/python3.6/site-packages/airflow/example_dags/example_nested_branch_dag.py took 0.079 seconds
[2024-04-30 16:25:49,813] {scheduler_job.py:182} INFO - Started process (PID=1155) to work on /home/airflow/.local/lib/python3.6/site-packages/airflow/example_dags/example_nested_branch_dag.py
[2024-04-30 16:25:49,814] {scheduler_job.py:629} INFO - Processing file /home/airflow/.local/lib/python3.6/site-packages/airflow/example_dags/example_nested_branch_dag.py for tasks to queue
[2024-04-30 16:25:49,815] {logging_mixin.py:104} INFO - [2024-04-30 16:25:49,815] {dagbag.py:451} INFO - Filling up the DagBag from /home/airflow/.local/lib/python3.6/site-packages/airflow/example_dags/example_nested_branch_dag.py
[2024-04-30 16:25:49,832] {scheduler_job.py:639} INFO - DAG(s) dict_keys(['example_nested_branch_dag']) retrieved from /home/airflow/.local/lib/python3.6/site-packages/airflow/example_dags/example_nested_branch_dag.py
[2024-04-30 16:25:49,853] {logging_mixin.py:104} INFO - [2024-04-30 16:25:49,853] {dag.py:1824} INFO - Sync 1 DAGs
[2024-04-30 16:25:49,880] {logging_mixin.py:104} INFO - [2024-04-30 16:25:49,880] {dag.py:2280} INFO - Setting next_dagrun for example_nested_branch_dag to 2024-04-28 00:00:00+00:00
[2024-04-30 16:25:49,895] {scheduler_job.py:190} INFO - Processing /home/airflow/.local/lib/python3.6/site-packages/airflow/example_dags/example_nested_branch_dag.py took 0.085 seconds
[2024-04-30 16:26:20,153] {scheduler_job.py:182} INFO - Started process (PID=1187) to work on /home/airflow/.local/lib/python3.6/site-packages/airflow/example_dags/example_nested_branch_dag.py
[2024-04-30 16:26:20,154] {scheduler_job.py:629} INFO - Processing file /home/airflow/.local/lib/python3.6/site-packages/airflow/example_dags/example_nested_branch_dag.py for tasks to queue
[2024-04-30 16:26:20,155] {logging_mixin.py:104} INFO - [2024-04-30 16:26:20,155] {dagbag.py:451} INFO - Filling up the DagBag from /home/airflow/.local/lib/python3.6/site-packages/airflow/example_dags/example_nested_branch_dag.py
[2024-04-30 16:26:20,172] {scheduler_job.py:639} INFO - DAG(s) dict_keys(['example_nested_branch_dag']) retrieved from /home/airflow/.local/lib/python3.6/site-packages/airflow/example_dags/example_nested_branch_dag.py
[2024-04-30 16:26:20,194] {logging_mixin.py:104} INFO - [2024-04-30 16:26:20,193] {dag.py:1824} INFO - Sync 1 DAGs
[2024-04-30 16:26:20,213] {logging_mixin.py:104} INFO - [2024-04-30 16:26:20,213] {dag.py:2280} INFO - Setting next_dagrun for example_nested_branch_dag to 2024-04-28 00:00:00+00:00
[2024-04-30 16:26:20,233] {scheduler_job.py:190} INFO - Processing /home/airflow/.local/lib/python3.6/site-packages/airflow/example_dags/example_nested_branch_dag.py took 0.083 seconds
[2024-04-30 16:26:50,719] {scheduler_job.py:182} INFO - Started process (PID=1219) to work on /home/airflow/.local/lib/python3.6/site-packages/airflow/example_dags/example_nested_branch_dag.py
[2024-04-30 16:26:50,722] {scheduler_job.py:629} INFO - Processing file /home/airflow/.local/lib/python3.6/site-packages/airflow/example_dags/example_nested_branch_dag.py for tasks to queue
[2024-04-30 16:26:50,723] {logging_mixin.py:104} INFO - [2024-04-30 16:26:50,723] {dagbag.py:451} INFO - Filling up the DagBag from /home/airflow/.local/lib/python3.6/site-packages/airflow/example_dags/example_nested_branch_dag.py
[2024-04-30 16:26:50,738] {scheduler_job.py:639} INFO - DAG(s) dict_keys(['example_nested_branch_dag']) retrieved from /home/airflow/.local/lib/python3.6/site-packages/airflow/example_dags/example_nested_branch_dag.py
[2024-04-30 16:26:50,758] {logging_mixin.py:104} INFO - [2024-04-30 16:26:50,758] {dag.py:1824} INFO - Sync 1 DAGs
[2024-04-30 16:26:50,778] {logging_mixin.py:104} INFO - [2024-04-30 16:26:50,778] {dag.py:2280} INFO - Setting next_dagrun for example_nested_branch_dag to 2024-04-28 00:00:00+00:00
[2024-04-30 16:26:50,790] {scheduler_job.py:190} INFO - Processing /home/airflow/.local/lib/python3.6/site-packages/airflow/example_dags/example_nested_branch_dag.py took 0.074 seconds
[2024-04-30 16:27:21,233] {scheduler_job.py:182} INFO - Started process (PID=1251) to work on /home/airflow/.local/lib/python3.6/site-packages/airflow/example_dags/example_nested_branch_dag.py
[2024-04-30 16:27:21,235] {scheduler_job.py:629} INFO - Processing file /home/airflow/.local/lib/python3.6/site-packages/airflow/example_dags/example_nested_branch_dag.py for tasks to queue
[2024-04-30 16:27:21,236] {logging_mixin.py:104} INFO - [2024-04-30 16:27:21,236] {dagbag.py:451} INFO - Filling up the DagBag from /home/airflow/.local/lib/python3.6/site-packages/airflow/example_dags/example_nested_branch_dag.py
[2024-04-30 16:27:21,250] {scheduler_job.py:639} INFO - DAG(s) dict_keys(['example_nested_branch_dag']) retrieved from /home/airflow/.local/lib/python3.6/site-packages/airflow/example_dags/example_nested_branch_dag.py
[2024-04-30 16:27:21,273] {logging_mixin.py:104} INFO - [2024-04-30 16:27:21,272] {dag.py:1824} INFO - Sync 1 DAGs
[2024-04-30 16:27:21,293] {logging_mixin.py:104} INFO - [2024-04-30 16:27:21,293] {dag.py:2280} INFO - Setting next_dagrun for example_nested_branch_dag to 2024-04-28 00:00:00+00:00
[2024-04-30 16:27:21,316] {scheduler_job.py:190} INFO - Processing /home/airflow/.local/lib/python3.6/site-packages/airflow/example_dags/example_nested_branch_dag.py took 0.086 seconds
[2024-04-30 16:27:51,713] {scheduler_job.py:182} INFO - Started process (PID=1283) to work on /home/airflow/.local/lib/python3.6/site-packages/airflow/example_dags/example_nested_branch_dag.py
[2024-04-30 16:27:51,715] {scheduler_job.py:629} INFO - Processing file /home/airflow/.local/lib/python3.6/site-packages/airflow/example_dags/example_nested_branch_dag.py for tasks to queue
[2024-04-30 16:27:51,716] {logging_mixin.py:104} INFO - [2024-04-30 16:27:51,716] {dagbag.py:451} INFO - Filling up the DagBag from /home/airflow/.local/lib/python3.6/site-packages/airflow/example_dags/example_nested_branch_dag.py
[2024-04-30 16:27:51,730] {scheduler_job.py:639} INFO - DAG(s) dict_keys(['example_nested_branch_dag']) retrieved from /home/airflow/.local/lib/python3.6/site-packages/airflow/example_dags/example_nested_branch_dag.py
[2024-04-30 16:27:51,752] {logging_mixin.py:104} INFO - [2024-04-30 16:27:51,752] {dag.py:1824} INFO - Sync 1 DAGs
[2024-04-30 16:27:51,772] {logging_mixin.py:104} INFO - [2024-04-30 16:27:51,772] {dag.py:2280} INFO - Setting next_dagrun for example_nested_branch_dag to 2024-04-28 00:00:00+00:00
[2024-04-30 16:27:51,783] {scheduler_job.py:190} INFO - Processing /home/airflow/.local/lib/python3.6/site-packages/airflow/example_dags/example_nested_branch_dag.py took 0.072 seconds
[2024-04-30 16:28:22,339] {scheduler_job.py:182} INFO - Started process (PID=1315) to work on /home/airflow/.local/lib/python3.6/site-packages/airflow/example_dags/example_nested_branch_dag.py
[2024-04-30 16:28:22,340] {scheduler_job.py:629} INFO - Processing file /home/airflow/.local/lib/python3.6/site-packages/airflow/example_dags/example_nested_branch_dag.py for tasks to queue
[2024-04-30 16:28:22,341] {logging_mixin.py:104} INFO - [2024-04-30 16:28:22,341] {dagbag.py:451} INFO - Filling up the DagBag from /home/airflow/.local/lib/python3.6/site-packages/airflow/example_dags/example_nested_branch_dag.py
[2024-04-30 16:28:22,356] {scheduler_job.py:639} INFO - DAG(s) dict_keys(['example_nested_branch_dag']) retrieved from /home/airflow/.local/lib/python3.6/site-packages/airflow/example_dags/example_nested_branch_dag.py
[2024-04-30 16:28:22,378] {logging_mixin.py:104} INFO - [2024-04-30 16:28:22,378] {dag.py:1824} INFO - Sync 1 DAGs
[2024-04-30 16:28:22,400] {logging_mixin.py:104} INFO - [2024-04-30 16:28:22,400] {dag.py:2280} INFO - Setting next_dagrun for example_nested_branch_dag to 2024-04-28 00:00:00+00:00
[2024-04-30 16:28:22,412] {scheduler_job.py:190} INFO - Processing /home/airflow/.local/lib/python3.6/site-packages/airflow/example_dags/example_nested_branch_dag.py took 0.076 seconds
[2024-04-30 16:28:52,808] {scheduler_job.py:182} INFO - Started process (PID=1347) to work on /home/airflow/.local/lib/python3.6/site-packages/airflow/example_dags/example_nested_branch_dag.py
[2024-04-30 16:28:52,810] {scheduler_job.py:629} INFO - Processing file /home/airflow/.local/lib/python3.6/site-packages/airflow/example_dags/example_nested_branch_dag.py for tasks to queue
[2024-04-30 16:28:52,810] {logging_mixin.py:104} INFO - [2024-04-30 16:28:52,810] {dagbag.py:451} INFO - Filling up the DagBag from /home/airflow/.local/lib/python3.6/site-packages/airflow/example_dags/example_nested_branch_dag.py
[2024-04-30 16:28:52,825] {scheduler_job.py:639} INFO - DAG(s) dict_keys(['example_nested_branch_dag']) retrieved from /home/airflow/.local/lib/python3.6/site-packages/airflow/example_dags/example_nested_branch_dag.py
[2024-04-30 16:28:52,847] {logging_mixin.py:104} INFO - [2024-04-30 16:28:52,846] {dag.py:1824} INFO - Sync 1 DAGs
[2024-04-30 16:28:52,869] {logging_mixin.py:104} INFO - [2024-04-30 16:28:52,869] {dag.py:2280} INFO - Setting next_dagrun for example_nested_branch_dag to 2024-04-28 00:00:00+00:00
[2024-04-30 16:28:52,892] {scheduler_job.py:190} INFO - Processing /home/airflow/.local/lib/python3.6/site-packages/airflow/example_dags/example_nested_branch_dag.py took 0.087 seconds
[2024-04-30 16:29:23,380] {scheduler_job.py:182} INFO - Started process (PID=1379) to work on /home/airflow/.local/lib/python3.6/site-packages/airflow/example_dags/example_nested_branch_dag.py
[2024-04-30 16:29:23,381] {scheduler_job.py:629} INFO - Processing file /home/airflow/.local/lib/python3.6/site-packages/airflow/example_dags/example_nested_branch_dag.py for tasks to queue
[2024-04-30 16:29:23,382] {logging_mixin.py:104} INFO - [2024-04-30 16:29:23,382] {dagbag.py:451} INFO - Filling up the DagBag from /home/airflow/.local/lib/python3.6/site-packages/airflow/example_dags/example_nested_branch_dag.py
[2024-04-30 16:29:23,397] {scheduler_job.py:639} INFO - DAG(s) dict_keys(['example_nested_branch_dag']) retrieved from /home/airflow/.local/lib/python3.6/site-packages/airflow/example_dags/example_nested_branch_dag.py
[2024-04-30 16:29:23,419] {logging_mixin.py:104} INFO - [2024-04-30 16:29:23,418] {dag.py:1824} INFO - Sync 1 DAGs
[2024-04-30 16:29:23,439] {logging_mixin.py:104} INFO - [2024-04-30 16:29:23,439] {dag.py:2280} INFO - Setting next_dagrun for example_nested_branch_dag to 2024-04-28 00:00:00+00:00
[2024-04-30 16:29:23,450] {scheduler_job.py:190} INFO - Processing /home/airflow/.local/lib/python3.6/site-packages/airflow/example_dags/example_nested_branch_dag.py took 0.074 seconds
[2024-04-30 16:29:53,973] {scheduler_job.py:182} INFO - Started process (PID=1411) to work on /home/airflow/.local/lib/python3.6/site-packages/airflow/example_dags/example_nested_branch_dag.py
[2024-04-30 16:29:53,974] {scheduler_job.py:629} INFO - Processing file /home/airflow/.local/lib/python3.6/site-packages/airflow/example_dags/example_nested_branch_dag.py for tasks to queue
[2024-04-30 16:29:53,975] {logging_mixin.py:104} INFO - [2024-04-30 16:29:53,975] {dagbag.py:451} INFO - Filling up the DagBag from /home/airflow/.local/lib/python3.6/site-packages/airflow/example_dags/example_nested_branch_dag.py
[2024-04-30 16:29:53,989] {scheduler_job.py:639} INFO - DAG(s) dict_keys(['example_nested_branch_dag']) retrieved from /home/airflow/.local/lib/python3.6/site-packages/airflow/example_dags/example_nested_branch_dag.py
[2024-04-30 16:29:54,011] {logging_mixin.py:104} INFO - [2024-04-30 16:29:54,011] {dag.py:1824} INFO - Sync 1 DAGs
[2024-04-30 16:29:54,032] {logging_mixin.py:104} INFO - [2024-04-30 16:29:54,032] {dag.py:2280} INFO - Setting next_dagrun for example_nested_branch_dag to 2024-04-28 00:00:00+00:00
[2024-04-30 16:29:54,042] {scheduler_job.py:190} INFO - Processing /home/airflow/.local/lib/python3.6/site-packages/airflow/example_dags/example_nested_branch_dag.py took 0.072 seconds
[2024-04-30 16:30:24,550] {scheduler_job.py:182} INFO - Started process (PID=1443) to work on /home/airflow/.local/lib/python3.6/site-packages/airflow/example_dags/example_nested_branch_dag.py
[2024-04-30 16:30:24,552] {scheduler_job.py:629} INFO - Processing file /home/airflow/.local/lib/python3.6/site-packages/airflow/example_dags/example_nested_branch_dag.py for tasks to queue
[2024-04-30 16:30:24,553] {logging_mixin.py:104} INFO - [2024-04-30 16:30:24,553] {dagbag.py:451} INFO - Filling up the DagBag from /home/airflow/.local/lib/python3.6/site-packages/airflow/example_dags/example_nested_branch_dag.py
[2024-04-30 16:30:24,569] {scheduler_job.py:639} INFO - DAG(s) dict_keys(['example_nested_branch_dag']) retrieved from /home/airflow/.local/lib/python3.6/site-packages/airflow/example_dags/example_nested_branch_dag.py
[2024-04-30 16:30:24,589] {logging_mixin.py:104} INFO - [2024-04-30 16:30:24,589] {dag.py:1824} INFO - Sync 1 DAGs
[2024-04-30 16:30:24,610] {logging_mixin.py:104} INFO - [2024-04-30 16:30:24,610] {dag.py:2280} INFO - Setting next_dagrun for example_nested_branch_dag to 2024-04-28 00:00:00+00:00
[2024-04-30 16:30:24,620] {scheduler_job.py:190} INFO - Processing /home/airflow/.local/lib/python3.6/site-packages/airflow/example_dags/example_nested_branch_dag.py took 0.073 seconds
[2024-04-30 16:30:54,672] {scheduler_job.py:182} INFO - Started process (PID=1475) to work on /home/airflow/.local/lib/python3.6/site-packages/airflow/example_dags/example_nested_branch_dag.py
[2024-04-30 16:30:54,674] {scheduler_job.py:629} INFO - Processing file /home/airflow/.local/lib/python3.6/site-packages/airflow/example_dags/example_nested_branch_dag.py for tasks to queue
[2024-04-30 16:30:54,675] {logging_mixin.py:104} INFO - [2024-04-30 16:30:54,675] {dagbag.py:451} INFO - Filling up the DagBag from /home/airflow/.local/lib/python3.6/site-packages/airflow/example_dags/example_nested_branch_dag.py
[2024-04-30 16:30:54,701] {scheduler_job.py:639} INFO - DAG(s) dict_keys(['example_nested_branch_dag']) retrieved from /home/airflow/.local/lib/python3.6/site-packages/airflow/example_dags/example_nested_branch_dag.py
[2024-04-30 16:30:54,728] {logging_mixin.py:104} INFO - [2024-04-30 16:30:54,728] {dag.py:1824} INFO - Sync 1 DAGs
[2024-04-30 16:30:54,762] {logging_mixin.py:104} INFO - [2024-04-30 16:30:54,762] {dag.py:2280} INFO - Setting next_dagrun for example_nested_branch_dag to 2024-04-28 00:00:00+00:00
[2024-04-30 16:30:54,775] {scheduler_job.py:190} INFO - Processing /home/airflow/.local/lib/python3.6/site-packages/airflow/example_dags/example_nested_branch_dag.py took 0.108 seconds
[2024-04-30 16:31:25,258] {scheduler_job.py:182} INFO - Started process (PID=1507) to work on /home/airflow/.local/lib/python3.6/site-packages/airflow/example_dags/example_nested_branch_dag.py
[2024-04-30 16:31:25,260] {scheduler_job.py:629} INFO - Processing file /home/airflow/.local/lib/python3.6/site-packages/airflow/example_dags/example_nested_branch_dag.py for tasks to queue
[2024-04-30 16:31:25,261] {logging_mixin.py:104} INFO - [2024-04-30 16:31:25,261] {dagbag.py:451} INFO - Filling up the DagBag from /home/airflow/.local/lib/python3.6/site-packages/airflow/example_dags/example_nested_branch_dag.py
[2024-04-30 16:31:25,291] {scheduler_job.py:639} INFO - DAG(s) dict_keys(['example_nested_branch_dag']) retrieved from /home/airflow/.local/lib/python3.6/site-packages/airflow/example_dags/example_nested_branch_dag.py
[2024-04-30 16:31:25,326] {logging_mixin.py:104} INFO - [2024-04-30 16:31:25,326] {dag.py:1824} INFO - Sync 1 DAGs
[2024-04-30 16:31:25,366] {logging_mixin.py:104} INFO - [2024-04-30 16:31:25,366] {dag.py:2280} INFO - Setting next_dagrun for example_nested_branch_dag to 2024-04-28 00:00:00+00:00
[2024-04-30 16:31:25,383] {scheduler_job.py:190} INFO - Processing /home/airflow/.local/lib/python3.6/site-packages/airflow/example_dags/example_nested_branch_dag.py took 0.130 seconds
[2024-04-30 16:31:55,568] {scheduler_job.py:182} INFO - Started process (PID=1539) to work on /home/airflow/.local/lib/python3.6/site-packages/airflow/example_dags/example_nested_branch_dag.py
[2024-04-30 16:31:55,570] {scheduler_job.py:629} INFO - Processing file /home/airflow/.local/lib/python3.6/site-packages/airflow/example_dags/example_nested_branch_dag.py for tasks to queue
[2024-04-30 16:31:55,571] {logging_mixin.py:104} INFO - [2024-04-30 16:31:55,571] {dagbag.py:451} INFO - Filling up the DagBag from /home/airflow/.local/lib/python3.6/site-packages/airflow/example_dags/example_nested_branch_dag.py
[2024-04-30 16:31:55,587] {scheduler_job.py:639} INFO - DAG(s) dict_keys(['example_nested_branch_dag']) retrieved from /home/airflow/.local/lib/python3.6/site-packages/airflow/example_dags/example_nested_branch_dag.py
[2024-04-30 16:31:55,613] {logging_mixin.py:104} INFO - [2024-04-30 16:31:55,613] {dag.py:1824} INFO - Sync 1 DAGs
[2024-04-30 16:31:55,643] {logging_mixin.py:104} INFO - [2024-04-30 16:31:55,643] {dag.py:2280} INFO - Setting next_dagrun for example_nested_branch_dag to 2024-04-28 00:00:00+00:00
[2024-04-30 16:31:55,658] {scheduler_job.py:190} INFO - Processing /home/airflow/.local/lib/python3.6/site-packages/airflow/example_dags/example_nested_branch_dag.py took 0.095 seconds
[2024-04-30 16:32:26,431] {scheduler_job.py:182} INFO - Started process (PID=1571) to work on /home/airflow/.local/lib/python3.6/site-packages/airflow/example_dags/example_nested_branch_dag.py
[2024-04-30 16:32:26,432] {scheduler_job.py:629} INFO - Processing file /home/airflow/.local/lib/python3.6/site-packages/airflow/example_dags/example_nested_branch_dag.py for tasks to queue
[2024-04-30 16:32:26,433] {logging_mixin.py:104} INFO - [2024-04-30 16:32:26,433] {dagbag.py:451} INFO - Filling up the DagBag from /home/airflow/.local/lib/python3.6/site-packages/airflow/example_dags/example_nested_branch_dag.py
[2024-04-30 16:32:26,447] {scheduler_job.py:639} INFO - DAG(s) dict_keys(['example_nested_branch_dag']) retrieved from /home/airflow/.local/lib/python3.6/site-packages/airflow/example_dags/example_nested_branch_dag.py
[2024-04-30 16:32:26,470] {logging_mixin.py:104} INFO - [2024-04-30 16:32:26,470] {dag.py:1824} INFO - Sync 1 DAGs
[2024-04-30 16:32:26,492] {logging_mixin.py:104} INFO - [2024-04-30 16:32:26,492] {dag.py:2280} INFO - Setting next_dagrun for example_nested_branch_dag to 2024-04-28 00:00:00+00:00
[2024-04-30 16:32:26,502] {scheduler_job.py:190} INFO - Processing /home/airflow/.local/lib/python3.6/site-packages/airflow/example_dags/example_nested_branch_dag.py took 0.075 seconds
[2024-04-30 16:32:56,934] {scheduler_job.py:182} INFO - Started process (PID=1603) to work on /home/airflow/.local/lib/python3.6/site-packages/airflow/example_dags/example_nested_branch_dag.py
[2024-04-30 16:32:56,936] {scheduler_job.py:629} INFO - Processing file /home/airflow/.local/lib/python3.6/site-packages/airflow/example_dags/example_nested_branch_dag.py for tasks to queue
[2024-04-30 16:32:56,937] {logging_mixin.py:104} INFO - [2024-04-30 16:32:56,937] {dagbag.py:451} INFO - Filling up the DagBag from /home/airflow/.local/lib/python3.6/site-packages/airflow/example_dags/example_nested_branch_dag.py
[2024-04-30 16:32:56,950] {scheduler_job.py:639} INFO - DAG(s) dict_keys(['example_nested_branch_dag']) retrieved from /home/airflow/.local/lib/python3.6/site-packages/airflow/example_dags/example_nested_branch_dag.py
[2024-04-30 16:32:56,974] {logging_mixin.py:104} INFO - [2024-04-30 16:32:56,973] {dag.py:1824} INFO - Sync 1 DAGs
[2024-04-30 16:32:56,995] {logging_mixin.py:104} INFO - [2024-04-30 16:32:56,995] {dag.py:2280} INFO - Setting next_dagrun for example_nested_branch_dag to 2024-04-28 00:00:00+00:00
[2024-04-30 16:32:57,007] {scheduler_job.py:190} INFO - Processing /home/airflow/.local/lib/python3.6/site-packages/airflow/example_dags/example_nested_branch_dag.py took 0.075 seconds
[2024-04-30 16:33:27,466] {scheduler_job.py:182} INFO - Started process (PID=1635) to work on /home/airflow/.local/lib/python3.6/site-packages/airflow/example_dags/example_nested_branch_dag.py
[2024-04-30 16:33:27,468] {scheduler_job.py:629} INFO - Processing file /home/airflow/.local/lib/python3.6/site-packages/airflow/example_dags/example_nested_branch_dag.py for tasks to queue
[2024-04-30 16:33:27,469] {logging_mixin.py:104} INFO - [2024-04-30 16:33:27,469] {dagbag.py:451} INFO - Filling up the DagBag from /home/airflow/.local/lib/python3.6/site-packages/airflow/example_dags/example_nested_branch_dag.py
[2024-04-30 16:33:27,484] {scheduler_job.py:639} INFO - DAG(s) dict_keys(['example_nested_branch_dag']) retrieved from /home/airflow/.local/lib/python3.6/site-packages/airflow/example_dags/example_nested_branch_dag.py
[2024-04-30 16:33:27,506] {logging_mixin.py:104} INFO - [2024-04-30 16:33:27,506] {dag.py:1824} INFO - Sync 1 DAGs
[2024-04-30 16:33:27,526] {logging_mixin.py:104} INFO - [2024-04-30 16:33:27,526] {dag.py:2280} INFO - Setting next_dagrun for example_nested_branch_dag to 2024-04-28 00:00:00+00:00
[2024-04-30 16:33:27,537] {scheduler_job.py:190} INFO - Processing /home/airflow/.local/lib/python3.6/site-packages/airflow/example_dags/example_nested_branch_dag.py took 0.073 seconds
[2024-04-30 16:33:58,135] {scheduler_job.py:182} INFO - Started process (PID=1667) to work on /home/airflow/.local/lib/python3.6/site-packages/airflow/example_dags/example_nested_branch_dag.py
[2024-04-30 16:33:58,138] {scheduler_job.py:629} INFO - Processing file /home/airflow/.local/lib/python3.6/site-packages/airflow/example_dags/example_nested_branch_dag.py for tasks to queue
[2024-04-30 16:33:58,139] {logging_mixin.py:104} INFO - [2024-04-30 16:33:58,139] {dagbag.py:451} INFO - Filling up the DagBag from /home/airflow/.local/lib/python3.6/site-packages/airflow/example_dags/example_nested_branch_dag.py
[2024-04-30 16:33:58,159] {scheduler_job.py:639} INFO - DAG(s) dict_keys(['example_nested_branch_dag']) retrieved from /home/airflow/.local/lib/python3.6/site-packages/airflow/example_dags/example_nested_branch_dag.py
[2024-04-30 16:33:58,184] {logging_mixin.py:104} INFO - [2024-04-30 16:33:58,184] {dag.py:1824} INFO - Sync 1 DAGs
[2024-04-30 16:33:58,206] {logging_mixin.py:104} INFO - [2024-04-30 16:33:58,206] {dag.py:2280} INFO - Setting next_dagrun for example_nested_branch_dag to 2024-04-28 00:00:00+00:00
[2024-04-30 16:33:58,216] {scheduler_job.py:190} INFO - Processing /home/airflow/.local/lib/python3.6/site-packages/airflow/example_dags/example_nested_branch_dag.py took 0.085 seconds
[2024-04-30 16:34:28,725] {scheduler_job.py:182} INFO - Started process (PID=1699) to work on /home/airflow/.local/lib/python3.6/site-packages/airflow/example_dags/example_nested_branch_dag.py
[2024-04-30 16:34:28,727] {scheduler_job.py:629} INFO - Processing file /home/airflow/.local/lib/python3.6/site-packages/airflow/example_dags/example_nested_branch_dag.py for tasks to queue
[2024-04-30 16:34:28,728] {logging_mixin.py:104} INFO - [2024-04-30 16:34:28,727] {dagbag.py:451} INFO - Filling up the DagBag from /home/airflow/.local/lib/python3.6/site-packages/airflow/example_dags/example_nested_branch_dag.py
[2024-04-30 16:34:28,743] {scheduler_job.py:639} INFO - DAG(s) dict_keys(['example_nested_branch_dag']) retrieved from /home/airflow/.local/lib/python3.6/site-packages/airflow/example_dags/example_nested_branch_dag.py
[2024-04-30 16:34:28,764] {logging_mixin.py:104} INFO - [2024-04-30 16:34:28,764] {dag.py:1824} INFO - Sync 1 DAGs
[2024-04-30 16:34:28,787] {logging_mixin.py:104} INFO - [2024-04-30 16:34:28,787] {dag.py:2280} INFO - Setting next_dagrun for example_nested_branch_dag to 2024-04-28 00:00:00+00:00
[2024-04-30 16:34:28,801] {scheduler_job.py:190} INFO - Processing /home/airflow/.local/lib/python3.6/site-packages/airflow/example_dags/example_nested_branch_dag.py took 0.079 seconds
[2024-04-30 16:34:59,398] {scheduler_job.py:182} INFO - Started process (PID=1731) to work on /home/airflow/.local/lib/python3.6/site-packages/airflow/example_dags/example_nested_branch_dag.py
[2024-04-30 16:34:59,399] {scheduler_job.py:629} INFO - Processing file /home/airflow/.local/lib/python3.6/site-packages/airflow/example_dags/example_nested_branch_dag.py for tasks to queue
[2024-04-30 16:34:59,400] {logging_mixin.py:104} INFO - [2024-04-30 16:34:59,400] {dagbag.py:451} INFO - Filling up the DagBag from /home/airflow/.local/lib/python3.6/site-packages/airflow/example_dags/example_nested_branch_dag.py
[2024-04-30 16:34:59,414] {scheduler_job.py:639} INFO - DAG(s) dict_keys(['example_nested_branch_dag']) retrieved from /home/airflow/.local/lib/python3.6/site-packages/airflow/example_dags/example_nested_branch_dag.py
[2024-04-30 16:34:59,435] {logging_mixin.py:104} INFO - [2024-04-30 16:34:59,435] {dag.py:1824} INFO - Sync 1 DAGs
[2024-04-30 16:34:59,462] {logging_mixin.py:104} INFO - [2024-04-30 16:34:59,462] {dag.py:2280} INFO - Setting next_dagrun for example_nested_branch_dag to 2024-04-28 00:00:00+00:00
[2024-04-30 16:34:59,474] {scheduler_job.py:190} INFO - Processing /home/airflow/.local/lib/python3.6/site-packages/airflow/example_dags/example_nested_branch_dag.py took 0.079 seconds
[2024-04-30 16:35:29,977] {scheduler_job.py:182} INFO - Started process (PID=1763) to work on /home/airflow/.local/lib/python3.6/site-packages/airflow/example_dags/example_nested_branch_dag.py
[2024-04-30 16:35:29,979] {scheduler_job.py:629} INFO - Processing file /home/airflow/.local/lib/python3.6/site-packages/airflow/example_dags/example_nested_branch_dag.py for tasks to queue
[2024-04-30 16:35:29,980] {logging_mixin.py:104} INFO - [2024-04-30 16:35:29,980] {dagbag.py:451} INFO - Filling up the DagBag from /home/airflow/.local/lib/python3.6/site-packages/airflow/example_dags/example_nested_branch_dag.py
[2024-04-30 16:35:29,994] {scheduler_job.py:639} INFO - DAG(s) dict_keys(['example_nested_branch_dag']) retrieved from /home/airflow/.local/lib/python3.6/site-packages/airflow/example_dags/example_nested_branch_dag.py
[2024-04-30 16:35:30,014] {logging_mixin.py:104} INFO - [2024-04-30 16:35:30,014] {dag.py:1824} INFO - Sync 1 DAGs
[2024-04-30 16:35:30,033] {logging_mixin.py:104} INFO - [2024-04-30 16:35:30,033] {dag.py:2280} INFO - Setting next_dagrun for example_nested_branch_dag to 2024-04-28 00:00:00+00:00
[2024-04-30 16:35:30,043] {scheduler_job.py:190} INFO - Processing /home/airflow/.local/lib/python3.6/site-packages/airflow/example_dags/example_nested_branch_dag.py took 0.069 seconds
[2024-04-30 16:36:00,496] {scheduler_job.py:182} INFO - Started process (PID=1795) to work on /home/airflow/.local/lib/python3.6/site-packages/airflow/example_dags/example_nested_branch_dag.py
[2024-04-30 16:36:00,498] {scheduler_job.py:629} INFO - Processing file /home/airflow/.local/lib/python3.6/site-packages/airflow/example_dags/example_nested_branch_dag.py for tasks to queue
[2024-04-30 16:36:00,499] {logging_mixin.py:104} INFO - [2024-04-30 16:36:00,499] {dagbag.py:451} INFO - Filling up the DagBag from /home/airflow/.local/lib/python3.6/site-packages/airflow/example_dags/example_nested_branch_dag.py
[2024-04-30 16:36:00,514] {scheduler_job.py:639} INFO - DAG(s) dict_keys(['example_nested_branch_dag']) retrieved from /home/airflow/.local/lib/python3.6/site-packages/airflow/example_dags/example_nested_branch_dag.py
[2024-04-30 16:36:00,536] {logging_mixin.py:104} INFO - [2024-04-30 16:36:00,536] {dag.py:1824} INFO - Sync 1 DAGs
[2024-04-30 16:36:00,556] {logging_mixin.py:104} INFO - [2024-04-30 16:36:00,556] {dag.py:2280} INFO - Setting next_dagrun for example_nested_branch_dag to 2024-04-28 00:00:00+00:00
[2024-04-30 16:36:00,567] {scheduler_job.py:190} INFO - Processing /home/airflow/.local/lib/python3.6/site-packages/airflow/example_dags/example_nested_branch_dag.py took 0.074 seconds
[2024-04-30 16:36:31,042] {scheduler_job.py:182} INFO - Started process (PID=1827) to work on /home/airflow/.local/lib/python3.6/site-packages/airflow/example_dags/example_nested_branch_dag.py
[2024-04-30 16:36:31,044] {scheduler_job.py:629} INFO - Processing file /home/airflow/.local/lib/python3.6/site-packages/airflow/example_dags/example_nested_branch_dag.py for tasks to queue
[2024-04-30 16:36:31,045] {logging_mixin.py:104} INFO - [2024-04-30 16:36:31,045] {dagbag.py:451} INFO - Filling up the DagBag from /home/airflow/.local/lib/python3.6/site-packages/airflow/example_dags/example_nested_branch_dag.py
[2024-04-30 16:36:31,059] {scheduler_job.py:639} INFO - DAG(s) dict_keys(['example_nested_branch_dag']) retrieved from /home/airflow/.local/lib/python3.6/site-packages/airflow/example_dags/example_nested_branch_dag.py
[2024-04-30 16:36:31,077] {logging_mixin.py:104} INFO - [2024-04-30 16:36:31,077] {dag.py:1824} INFO - Sync 1 DAGs
[2024-04-30 16:36:31,095] {logging_mixin.py:104} INFO - [2024-04-30 16:36:31,094] {dag.py:2280} INFO - Setting next_dagrun for example_nested_branch_dag to 2024-04-28 00:00:00+00:00
[2024-04-30 16:36:31,104] {scheduler_job.py:190} INFO - Processing /home/airflow/.local/lib/python3.6/site-packages/airflow/example_dags/example_nested_branch_dag.py took 0.065 seconds
[2024-04-30 16:37:01,603] {scheduler_job.py:182} INFO - Started process (PID=1859) to work on /home/airflow/.local/lib/python3.6/site-packages/airflow/example_dags/example_nested_branch_dag.py
[2024-04-30 16:37:01,605] {scheduler_job.py:629} INFO - Processing file /home/airflow/.local/lib/python3.6/site-packages/airflow/example_dags/example_nested_branch_dag.py for tasks to queue
[2024-04-30 16:37:01,606] {logging_mixin.py:104} INFO - [2024-04-30 16:37:01,606] {dagbag.py:451} INFO - Filling up the DagBag from /home/airflow/.local/lib/python3.6/site-packages/airflow/example_dags/example_nested_branch_dag.py
[2024-04-30 16:37:01,620] {scheduler_job.py:639} INFO - DAG(s) dict_keys(['example_nested_branch_dag']) retrieved from /home/airflow/.local/lib/python3.6/site-packages/airflow/example_dags/example_nested_branch_dag.py
[2024-04-30 16:37:01,640] {logging_mixin.py:104} INFO - [2024-04-30 16:37:01,640] {dag.py:1824} INFO - Sync 1 DAGs
[2024-04-30 16:37:01,660] {logging_mixin.py:104} INFO - [2024-04-30 16:37:01,660] {dag.py:2280} INFO - Setting next_dagrun for example_nested_branch_dag to 2024-04-28 00:00:00+00:00
[2024-04-30 16:37:01,670] {scheduler_job.py:190} INFO - Processing /home/airflow/.local/lib/python3.6/site-packages/airflow/example_dags/example_nested_branch_dag.py took 0.070 seconds
[2024-04-30 16:37:32,187] {scheduler_job.py:182} INFO - Started process (PID=1891) to work on /home/airflow/.local/lib/python3.6/site-packages/airflow/example_dags/example_nested_branch_dag.py
[2024-04-30 16:37:32,188] {scheduler_job.py:629} INFO - Processing file /home/airflow/.local/lib/python3.6/site-packages/airflow/example_dags/example_nested_branch_dag.py for tasks to queue
[2024-04-30 16:37:32,189] {logging_mixin.py:104} INFO - [2024-04-30 16:37:32,189] {dagbag.py:451} INFO - Filling up the DagBag from /home/airflow/.local/lib/python3.6/site-packages/airflow/example_dags/example_nested_branch_dag.py
[2024-04-30 16:37:32,207] {scheduler_job.py:639} INFO - DAG(s) dict_keys(['example_nested_branch_dag']) retrieved from /home/airflow/.local/lib/python3.6/site-packages/airflow/example_dags/example_nested_branch_dag.py
[2024-04-30 16:37:32,227] {logging_mixin.py:104} INFO - [2024-04-30 16:37:32,227] {dag.py:1824} INFO - Sync 1 DAGs
[2024-04-30 16:37:32,246] {logging_mixin.py:104} INFO - [2024-04-30 16:37:32,245] {dag.py:2280} INFO - Setting next_dagrun for example_nested_branch_dag to 2024-04-28 00:00:00+00:00
[2024-04-30 16:37:32,255] {scheduler_job.py:190} INFO - Processing /home/airflow/.local/lib/python3.6/site-packages/airflow/example_dags/example_nested_branch_dag.py took 0.071 seconds
[2024-04-30 16:38:02,646] {scheduler_job.py:182} INFO - Started process (PID=1923) to work on /home/airflow/.local/lib/python3.6/site-packages/airflow/example_dags/example_nested_branch_dag.py
[2024-04-30 16:38:02,647] {scheduler_job.py:629} INFO - Processing file /home/airflow/.local/lib/python3.6/site-packages/airflow/example_dags/example_nested_branch_dag.py for tasks to queue
[2024-04-30 16:38:02,648] {logging_mixin.py:104} INFO - [2024-04-30 16:38:02,648] {dagbag.py:451} INFO - Filling up the DagBag from /home/airflow/.local/lib/python3.6/site-packages/airflow/example_dags/example_nested_branch_dag.py
[2024-04-30 16:38:02,664] {scheduler_job.py:639} INFO - DAG(s) dict_keys(['example_nested_branch_dag']) retrieved from /home/airflow/.local/lib/python3.6/site-packages/airflow/example_dags/example_nested_branch_dag.py
[2024-04-30 16:38:02,686] {logging_mixin.py:104} INFO - [2024-04-30 16:38:02,686] {dag.py:1824} INFO - Sync 1 DAGs
[2024-04-30 16:38:02,707] {logging_mixin.py:104} INFO - [2024-04-30 16:38:02,707] {dag.py:2280} INFO - Setting next_dagrun for example_nested_branch_dag to 2024-04-28 00:00:00+00:00
[2024-04-30 16:38:02,718] {scheduler_job.py:190} INFO - Processing /home/airflow/.local/lib/python3.6/site-packages/airflow/example_dags/example_nested_branch_dag.py took 0.076 seconds
[2024-04-30 16:38:33,141] {scheduler_job.py:182} INFO - Started process (PID=1955) to work on /home/airflow/.local/lib/python3.6/site-packages/airflow/example_dags/example_nested_branch_dag.py
[2024-04-30 16:38:33,143] {scheduler_job.py:629} INFO - Processing file /home/airflow/.local/lib/python3.6/site-packages/airflow/example_dags/example_nested_branch_dag.py for tasks to queue
[2024-04-30 16:38:33,144] {logging_mixin.py:104} INFO - [2024-04-30 16:38:33,143] {dagbag.py:451} INFO - Filling up the DagBag from /home/airflow/.local/lib/python3.6/site-packages/airflow/example_dags/example_nested_branch_dag.py
[2024-04-30 16:38:33,158] {scheduler_job.py:639} INFO - DAG(s) dict_keys(['example_nested_branch_dag']) retrieved from /home/airflow/.local/lib/python3.6/site-packages/airflow/example_dags/example_nested_branch_dag.py
[2024-04-30 16:38:33,178] {logging_mixin.py:104} INFO - [2024-04-30 16:38:33,178] {dag.py:1824} INFO - Sync 1 DAGs
[2024-04-30 16:38:33,199] {logging_mixin.py:104} INFO - [2024-04-30 16:38:33,199] {dag.py:2280} INFO - Setting next_dagrun for example_nested_branch_dag to 2024-04-28 00:00:00+00:00
[2024-04-30 16:38:33,209] {scheduler_job.py:190} INFO - Processing /home/airflow/.local/lib/python3.6/site-packages/airflow/example_dags/example_nested_branch_dag.py took 0.071 seconds
[2024-04-30 16:39:03,762] {scheduler_job.py:182} INFO - Started process (PID=1987) to work on /home/airflow/.local/lib/python3.6/site-packages/airflow/example_dags/example_nested_branch_dag.py
[2024-04-30 16:39:03,764] {scheduler_job.py:629} INFO - Processing file /home/airflow/.local/lib/python3.6/site-packages/airflow/example_dags/example_nested_branch_dag.py for tasks to queue
[2024-04-30 16:39:03,765] {logging_mixin.py:104} INFO - [2024-04-30 16:39:03,765] {dagbag.py:451} INFO - Filling up the DagBag from /home/airflow/.local/lib/python3.6/site-packages/airflow/example_dags/example_nested_branch_dag.py
[2024-04-30 16:39:03,780] {scheduler_job.py:639} INFO - DAG(s) dict_keys(['example_nested_branch_dag']) retrieved from /home/airflow/.local/lib/python3.6/site-packages/airflow/example_dags/example_nested_branch_dag.py
[2024-04-30 16:39:03,802] {logging_mixin.py:104} INFO - [2024-04-30 16:39:03,802] {dag.py:1824} INFO - Sync 1 DAGs
[2024-04-30 16:39:03,822] {logging_mixin.py:104} INFO - [2024-04-30 16:39:03,822] {dag.py:2280} INFO - Setting next_dagrun for example_nested_branch_dag to 2024-04-28 00:00:00+00:00
[2024-04-30 16:39:03,832] {scheduler_job.py:190} INFO - Processing /home/airflow/.local/lib/python3.6/site-packages/airflow/example_dags/example_nested_branch_dag.py took 0.072 seconds
[2024-04-30 16:39:34,260] {scheduler_job.py:182} INFO - Started process (PID=2019) to work on /home/airflow/.local/lib/python3.6/site-packages/airflow/example_dags/example_nested_branch_dag.py
[2024-04-30 16:39:34,262] {scheduler_job.py:629} INFO - Processing file /home/airflow/.local/lib/python3.6/site-packages/airflow/example_dags/example_nested_branch_dag.py for tasks to queue
[2024-04-30 16:39:34,263] {logging_mixin.py:104} INFO - [2024-04-30 16:39:34,262] {dagbag.py:451} INFO - Filling up the DagBag from /home/airflow/.local/lib/python3.6/site-packages/airflow/example_dags/example_nested_branch_dag.py
[2024-04-30 16:39:34,281] {scheduler_job.py:639} INFO - DAG(s) dict_keys(['example_nested_branch_dag']) retrieved from /home/airflow/.local/lib/python3.6/site-packages/airflow/example_dags/example_nested_branch_dag.py
[2024-04-30 16:39:34,303] {logging_mixin.py:104} INFO - [2024-04-30 16:39:34,303] {dag.py:1824} INFO - Sync 1 DAGs
[2024-04-30 16:39:34,323] {logging_mixin.py:104} INFO - [2024-04-30 16:39:34,322] {dag.py:2280} INFO - Setting next_dagrun for example_nested_branch_dag to 2024-04-28 00:00:00+00:00
[2024-04-30 16:39:34,332] {scheduler_job.py:190} INFO - Processing /home/airflow/.local/lib/python3.6/site-packages/airflow/example_dags/example_nested_branch_dag.py took 0.075 seconds
[2024-04-30 16:40:04,773] {scheduler_job.py:182} INFO - Started process (PID=2051) to work on /home/airflow/.local/lib/python3.6/site-packages/airflow/example_dags/example_nested_branch_dag.py
[2024-04-30 16:40:04,774] {scheduler_job.py:629} INFO - Processing file /home/airflow/.local/lib/python3.6/site-packages/airflow/example_dags/example_nested_branch_dag.py for tasks to queue
[2024-04-30 16:40:04,775] {logging_mixin.py:104} INFO - [2024-04-30 16:40:04,775] {dagbag.py:451} INFO - Filling up the DagBag from /home/airflow/.local/lib/python3.6/site-packages/airflow/example_dags/example_nested_branch_dag.py
[2024-04-30 16:40:04,789] {scheduler_job.py:639} INFO - DAG(s) dict_keys(['example_nested_branch_dag']) retrieved from /home/airflow/.local/lib/python3.6/site-packages/airflow/example_dags/example_nested_branch_dag.py
[2024-04-30 16:40:04,810] {logging_mixin.py:104} INFO - [2024-04-30 16:40:04,809] {dag.py:1824} INFO - Sync 1 DAGs
[2024-04-30 16:40:04,830] {logging_mixin.py:104} INFO - [2024-04-30 16:40:04,830] {dag.py:2280} INFO - Setting next_dagrun for example_nested_branch_dag to 2024-04-28 00:00:00+00:00
[2024-04-30 16:40:04,840] {scheduler_job.py:190} INFO - Processing /home/airflow/.local/lib/python3.6/site-packages/airflow/example_dags/example_nested_branch_dag.py took 0.071 seconds
[2024-04-30 16:40:35,338] {scheduler_job.py:182} INFO - Started process (PID=2083) to work on /home/airflow/.local/lib/python3.6/site-packages/airflow/example_dags/example_nested_branch_dag.py
[2024-04-30 16:40:35,339] {scheduler_job.py:629} INFO - Processing file /home/airflow/.local/lib/python3.6/site-packages/airflow/example_dags/example_nested_branch_dag.py for tasks to queue
[2024-04-30 16:40:35,340] {logging_mixin.py:104} INFO - [2024-04-30 16:40:35,340] {dagbag.py:451} INFO - Filling up the DagBag from /home/airflow/.local/lib/python3.6/site-packages/airflow/example_dags/example_nested_branch_dag.py
[2024-04-30 16:40:35,354] {scheduler_job.py:639} INFO - DAG(s) dict_keys(['example_nested_branch_dag']) retrieved from /home/airflow/.local/lib/python3.6/site-packages/airflow/example_dags/example_nested_branch_dag.py
[2024-04-30 16:40:35,373] {logging_mixin.py:104} INFO - [2024-04-30 16:40:35,373] {dag.py:1824} INFO - Sync 1 DAGs
[2024-04-30 16:40:35,392] {logging_mixin.py:104} INFO - [2024-04-30 16:40:35,391] {dag.py:2280} INFO - Setting next_dagrun for example_nested_branch_dag to 2024-04-28 00:00:00+00:00
[2024-04-30 16:40:35,403] {scheduler_job.py:190} INFO - Processing /home/airflow/.local/lib/python3.6/site-packages/airflow/example_dags/example_nested_branch_dag.py took 0.069 seconds
[2024-04-30 16:41:05,865] {scheduler_job.py:182} INFO - Started process (PID=2115) to work on /home/airflow/.local/lib/python3.6/site-packages/airflow/example_dags/example_nested_branch_dag.py
[2024-04-30 16:41:05,866] {scheduler_job.py:629} INFO - Processing file /home/airflow/.local/lib/python3.6/site-packages/airflow/example_dags/example_nested_branch_dag.py for tasks to queue
[2024-04-30 16:41:05,867] {logging_mixin.py:104} INFO - [2024-04-30 16:41:05,867] {dagbag.py:451} INFO - Filling up the DagBag from /home/airflow/.local/lib/python3.6/site-packages/airflow/example_dags/example_nested_branch_dag.py
[2024-04-30 16:41:05,882] {scheduler_job.py:639} INFO - DAG(s) dict_keys(['example_nested_branch_dag']) retrieved from /home/airflow/.local/lib/python3.6/site-packages/airflow/example_dags/example_nested_branch_dag.py
[2024-04-30 16:41:05,904] {logging_mixin.py:104} INFO - [2024-04-30 16:41:05,904] {dag.py:1824} INFO - Sync 1 DAGs
[2024-04-30 16:41:05,926] {logging_mixin.py:104} INFO - [2024-04-30 16:41:05,926] {dag.py:2280} INFO - Setting next_dagrun for example_nested_branch_dag to 2024-04-28 00:00:00+00:00
[2024-04-30 16:41:05,948] {scheduler_job.py:190} INFO - Processing /home/airflow/.local/lib/python3.6/site-packages/airflow/example_dags/example_nested_branch_dag.py took 0.086 seconds
[2024-04-30 16:41:36,401] {scheduler_job.py:182} INFO - Started process (PID=2147) to work on /home/airflow/.local/lib/python3.6/site-packages/airflow/example_dags/example_nested_branch_dag.py
[2024-04-30 16:41:36,403] {scheduler_job.py:629} INFO - Processing file /home/airflow/.local/lib/python3.6/site-packages/airflow/example_dags/example_nested_branch_dag.py for tasks to queue
[2024-04-30 16:41:36,404] {logging_mixin.py:104} INFO - [2024-04-30 16:41:36,404] {dagbag.py:451} INFO - Filling up the DagBag from /home/airflow/.local/lib/python3.6/site-packages/airflow/example_dags/example_nested_branch_dag.py
[2024-04-30 16:41:36,419] {scheduler_job.py:639} INFO - DAG(s) dict_keys(['example_nested_branch_dag']) retrieved from /home/airflow/.local/lib/python3.6/site-packages/airflow/example_dags/example_nested_branch_dag.py
[2024-04-30 16:41:36,443] {logging_mixin.py:104} INFO - [2024-04-30 16:41:36,443] {dag.py:1824} INFO - Sync 1 DAGs
[2024-04-30 16:41:36,464] {logging_mixin.py:104} INFO - [2024-04-30 16:41:36,464] {dag.py:2280} INFO - Setting next_dagrun for example_nested_branch_dag to 2024-04-28 00:00:00+00:00
[2024-04-30 16:41:36,475] {scheduler_job.py:190} INFO - Processing /home/airflow/.local/lib/python3.6/site-packages/airflow/example_dags/example_nested_branch_dag.py took 0.077 seconds
