[2024-04-30 16:09:33,698] {scheduler_job.py:182} INFO - Started process (PID=37) to work on /home/airflow/.local/lib/python3.6/site-packages/airflow/example_dags/example_skip_dag.py
[2024-04-30 16:09:33,722] {scheduler_job.py:629} INFO - Processing file /home/airflow/.local/lib/python3.6/site-packages/airflow/example_dags/example_skip_dag.py for tasks to queue
[2024-04-30 16:09:33,732] {logging_mixin.py:104} INFO - [2024-04-30 16:09:33,732] {dagbag.py:451} INFO - Filling up the DagBag from /home/airflow/.local/lib/python3.6/site-packages/airflow/example_dags/example_skip_dag.py
[2024-04-30 16:09:33,791] {scheduler_job.py:639} INFO - DAG(s) dict_keys(['example_skip_dag']) retrieved from /home/airflow/.local/lib/python3.6/site-packages/airflow/example_dags/example_skip_dag.py
[2024-04-30 16:09:33,907] {logging_mixin.py:104} INFO - [2024-04-30 16:09:33,907] {dag.py:1824} INFO - Sync 1 DAGs
[2024-04-30 16:09:33,970] {logging_mixin.py:104} INFO - [2024-04-30 16:09:33,969] {dag.py:2280} INFO - Setting next_dagrun for example_skip_dag to 2024-04-28 00:00:00+00:00
[2024-04-30 16:09:34,015] {scheduler_job.py:190} INFO - Processing /home/airflow/.local/lib/python3.6/site-packages/airflow/example_dags/example_skip_dag.py took 0.337 seconds
[2024-04-30 16:10:04,390] {scheduler_job.py:182} INFO - Started process (PID=112) to work on /home/airflow/.local/lib/python3.6/site-packages/airflow/example_dags/example_skip_dag.py
[2024-04-30 16:10:04,394] {scheduler_job.py:629} INFO - Processing file /home/airflow/.local/lib/python3.6/site-packages/airflow/example_dags/example_skip_dag.py for tasks to queue
[2024-04-30 16:10:04,405] {logging_mixin.py:104} INFO - [2024-04-30 16:10:04,404] {dagbag.py:451} INFO - Filling up the DagBag from /home/airflow/.local/lib/python3.6/site-packages/airflow/example_dags/example_skip_dag.py
[2024-04-30 16:10:04,445] {scheduler_job.py:639} INFO - DAG(s) dict_keys(['example_skip_dag']) retrieved from /home/airflow/.local/lib/python3.6/site-packages/airflow/example_dags/example_skip_dag.py
[2024-04-30 16:10:04,524] {logging_mixin.py:104} INFO - [2024-04-30 16:10:04,523] {dag.py:1824} INFO - Sync 1 DAGs
[2024-04-30 16:10:04,671] {logging_mixin.py:104} INFO - [2024-04-30 16:10:04,670] {dag.py:2280} INFO - Setting next_dagrun for example_skip_dag to 2024-04-28 00:00:00+00:00
[2024-04-30 16:10:04,702] {scheduler_job.py:190} INFO - Processing /home/airflow/.local/lib/python3.6/site-packages/airflow/example_dags/example_skip_dag.py took 0.323 seconds
[2024-04-30 16:10:36,001] {scheduler_job.py:182} INFO - Started process (PID=149) to work on /home/airflow/.local/lib/python3.6/site-packages/airflow/example_dags/example_skip_dag.py
[2024-04-30 16:10:36,007] {scheduler_job.py:629} INFO - Processing file /home/airflow/.local/lib/python3.6/site-packages/airflow/example_dags/example_skip_dag.py for tasks to queue
[2024-04-30 16:10:36,013] {logging_mixin.py:104} INFO - [2024-04-30 16:10:36,012] {dagbag.py:451} INFO - Filling up the DagBag from /home/airflow/.local/lib/python3.6/site-packages/airflow/example_dags/example_skip_dag.py
[2024-04-30 16:10:36,040] {scheduler_job.py:639} INFO - DAG(s) dict_keys(['example_skip_dag']) retrieved from /home/airflow/.local/lib/python3.6/site-packages/airflow/example_dags/example_skip_dag.py
[2024-04-30 16:10:36,139] {logging_mixin.py:104} INFO - [2024-04-30 16:10:36,138] {dag.py:1824} INFO - Sync 1 DAGs
[2024-04-30 16:10:36,186] {logging_mixin.py:104} INFO - [2024-04-30 16:10:36,186] {dag.py:2280} INFO - Setting next_dagrun for example_skip_dag to 2024-04-28 00:00:00+00:00
[2024-04-30 16:10:36,216] {scheduler_job.py:190} INFO - Processing /home/airflow/.local/lib/python3.6/site-packages/airflow/example_dags/example_skip_dag.py took 0.225 seconds
[2024-04-30 16:11:19,919] {scheduler_job.py:182} INFO - Started process (PID=195) to work on /home/airflow/.local/lib/python3.6/site-packages/airflow/example_dags/example_skip_dag.py
[2024-04-30 16:11:19,923] {scheduler_job.py:629} INFO - Processing file /home/airflow/.local/lib/python3.6/site-packages/airflow/example_dags/example_skip_dag.py for tasks to queue
[2024-04-30 16:11:19,927] {logging_mixin.py:104} INFO - [2024-04-30 16:11:19,927] {dagbag.py:451} INFO - Filling up the DagBag from /home/airflow/.local/lib/python3.6/site-packages/airflow/example_dags/example_skip_dag.py
[2024-04-30 16:11:19,979] {scheduler_job.py:639} INFO - DAG(s) dict_keys(['example_skip_dag']) retrieved from /home/airflow/.local/lib/python3.6/site-packages/airflow/example_dags/example_skip_dag.py
[2024-04-30 16:11:20,077] {logging_mixin.py:104} INFO - [2024-04-30 16:11:20,077] {dag.py:1824} INFO - Sync 1 DAGs
[2024-04-30 16:11:20,177] {logging_mixin.py:104} INFO - [2024-04-30 16:11:20,176] {dag.py:2280} INFO - Setting next_dagrun for example_skip_dag to 2024-04-28 00:00:00+00:00
[2024-04-30 16:11:20,301] {scheduler_job.py:190} INFO - Processing /home/airflow/.local/lib/python3.6/site-packages/airflow/example_dags/example_skip_dag.py took 0.393 seconds
[2024-04-30 16:11:50,419] {scheduler_job.py:182} INFO - Started process (PID=249) to work on /home/airflow/.local/lib/python3.6/site-packages/airflow/example_dags/example_skip_dag.py
[2024-04-30 16:11:50,422] {scheduler_job.py:629} INFO - Processing file /home/airflow/.local/lib/python3.6/site-packages/airflow/example_dags/example_skip_dag.py for tasks to queue
[2024-04-30 16:11:50,423] {logging_mixin.py:104} INFO - [2024-04-30 16:11:50,423] {dagbag.py:451} INFO - Filling up the DagBag from /home/airflow/.local/lib/python3.6/site-packages/airflow/example_dags/example_skip_dag.py
[2024-04-30 16:11:50,473] {scheduler_job.py:639} INFO - DAG(s) dict_keys(['example_skip_dag']) retrieved from /home/airflow/.local/lib/python3.6/site-packages/airflow/example_dags/example_skip_dag.py
[2024-04-30 16:11:50,506] {logging_mixin.py:104} INFO - [2024-04-30 16:11:50,506] {dag.py:1824} INFO - Sync 1 DAGs
[2024-04-30 16:11:50,535] {logging_mixin.py:104} INFO - [2024-04-30 16:11:50,534] {dag.py:2280} INFO - Setting next_dagrun for example_skip_dag to 2024-04-28 00:00:00+00:00
[2024-04-30 16:11:50,549] {scheduler_job.py:190} INFO - Processing /home/airflow/.local/lib/python3.6/site-packages/airflow/example_dags/example_skip_dag.py took 0.137 seconds
[2024-04-30 16:12:21,821] {scheduler_job.py:182} INFO - Started process (PID=281) to work on /home/airflow/.local/lib/python3.6/site-packages/airflow/example_dags/example_skip_dag.py
[2024-04-30 16:12:21,827] {scheduler_job.py:629} INFO - Processing file /home/airflow/.local/lib/python3.6/site-packages/airflow/example_dags/example_skip_dag.py for tasks to queue
[2024-04-30 16:12:21,832] {logging_mixin.py:104} INFO - [2024-04-30 16:12:21,830] {dagbag.py:451} INFO - Filling up the DagBag from /home/airflow/.local/lib/python3.6/site-packages/airflow/example_dags/example_skip_dag.py
[2024-04-30 16:12:21,860] {scheduler_job.py:639} INFO - DAG(s) dict_keys(['example_skip_dag']) retrieved from /home/airflow/.local/lib/python3.6/site-packages/airflow/example_dags/example_skip_dag.py
[2024-04-30 16:12:21,955] {logging_mixin.py:104} INFO - [2024-04-30 16:12:21,955] {dag.py:1824} INFO - Sync 1 DAGs
[2024-04-30 16:12:22,067] {logging_mixin.py:104} INFO - [2024-04-30 16:12:22,065] {dag.py:2280} INFO - Setting next_dagrun for example_skip_dag to 2024-04-28 00:00:00+00:00
[2024-04-30 16:12:22,193] {scheduler_job.py:190} INFO - Processing /home/airflow/.local/lib/python3.6/site-packages/airflow/example_dags/example_skip_dag.py took 0.379 seconds
[2024-04-30 16:12:52,961] {scheduler_job.py:182} INFO - Started process (PID=314) to work on /home/airflow/.local/lib/python3.6/site-packages/airflow/example_dags/example_skip_dag.py
[2024-04-30 16:12:52,981] {scheduler_job.py:629} INFO - Processing file /home/airflow/.local/lib/python3.6/site-packages/airflow/example_dags/example_skip_dag.py for tasks to queue
[2024-04-30 16:12:52,991] {logging_mixin.py:104} INFO - [2024-04-30 16:12:52,990] {dagbag.py:451} INFO - Filling up the DagBag from /home/airflow/.local/lib/python3.6/site-packages/airflow/example_dags/example_skip_dag.py
[2024-04-30 16:12:53,010] {scheduler_job.py:639} INFO - DAG(s) dict_keys(['example_skip_dag']) retrieved from /home/airflow/.local/lib/python3.6/site-packages/airflow/example_dags/example_skip_dag.py
[2024-04-30 16:12:53,062] {logging_mixin.py:104} INFO - [2024-04-30 16:12:53,061] {dag.py:1824} INFO - Sync 1 DAGs
[2024-04-30 16:12:53,261] {logging_mixin.py:104} INFO - [2024-04-30 16:12:53,260] {dag.py:2280} INFO - Setting next_dagrun for example_skip_dag to 2024-04-28 00:00:00+00:00
[2024-04-30 16:12:53,330] {scheduler_job.py:190} INFO - Processing /home/airflow/.local/lib/python3.6/site-packages/airflow/example_dags/example_skip_dag.py took 0.406 seconds
[2024-04-30 16:13:24,629] {scheduler_job.py:182} INFO - Started process (PID=346) to work on /home/airflow/.local/lib/python3.6/site-packages/airflow/example_dags/example_skip_dag.py
[2024-04-30 16:13:24,631] {scheduler_job.py:629} INFO - Processing file /home/airflow/.local/lib/python3.6/site-packages/airflow/example_dags/example_skip_dag.py for tasks to queue
[2024-04-30 16:13:24,633] {logging_mixin.py:104} INFO - [2024-04-30 16:13:24,633] {dagbag.py:451} INFO - Filling up the DagBag from /home/airflow/.local/lib/python3.6/site-packages/airflow/example_dags/example_skip_dag.py
[2024-04-30 16:13:24,650] {scheduler_job.py:639} INFO - DAG(s) dict_keys(['example_skip_dag']) retrieved from /home/airflow/.local/lib/python3.6/site-packages/airflow/example_dags/example_skip_dag.py
[2024-04-30 16:13:24,689] {logging_mixin.py:104} INFO - [2024-04-30 16:13:24,689] {dag.py:1824} INFO - Sync 1 DAGs
[2024-04-30 16:13:24,771] {logging_mixin.py:104} INFO - [2024-04-30 16:13:24,771] {dag.py:2280} INFO - Setting next_dagrun for example_skip_dag to 2024-04-28 00:00:00+00:00
[2024-04-30 16:13:24,790] {scheduler_job.py:190} INFO - Processing /home/airflow/.local/lib/python3.6/site-packages/airflow/example_dags/example_skip_dag.py took 0.168 seconds
[2024-04-30 16:13:55,393] {scheduler_job.py:182} INFO - Started process (PID=394) to work on /home/airflow/.local/lib/python3.6/site-packages/airflow/example_dags/example_skip_dag.py
[2024-04-30 16:13:55,395] {scheduler_job.py:629} INFO - Processing file /home/airflow/.local/lib/python3.6/site-packages/airflow/example_dags/example_skip_dag.py for tasks to queue
[2024-04-30 16:13:55,395] {logging_mixin.py:104} INFO - [2024-04-30 16:13:55,395] {dagbag.py:451} INFO - Filling up the DagBag from /home/airflow/.local/lib/python3.6/site-packages/airflow/example_dags/example_skip_dag.py
[2024-04-30 16:13:55,408] {scheduler_job.py:639} INFO - DAG(s) dict_keys(['example_skip_dag']) retrieved from /home/airflow/.local/lib/python3.6/site-packages/airflow/example_dags/example_skip_dag.py
[2024-04-30 16:13:55,430] {logging_mixin.py:104} INFO - [2024-04-30 16:13:55,429] {dag.py:1824} INFO - Sync 1 DAGs
[2024-04-30 16:13:55,503] {logging_mixin.py:104} INFO - [2024-04-30 16:13:55,503] {dag.py:2280} INFO - Setting next_dagrun for example_skip_dag to 2024-04-28 00:00:00+00:00
[2024-04-30 16:13:55,532] {scheduler_job.py:190} INFO - Processing /home/airflow/.local/lib/python3.6/site-packages/airflow/example_dags/example_skip_dag.py took 0.143 seconds
[2024-04-30 16:14:25,969] {scheduler_job.py:182} INFO - Started process (PID=426) to work on /home/airflow/.local/lib/python3.6/site-packages/airflow/example_dags/example_skip_dag.py
[2024-04-30 16:14:25,971] {scheduler_job.py:629} INFO - Processing file /home/airflow/.local/lib/python3.6/site-packages/airflow/example_dags/example_skip_dag.py for tasks to queue
[2024-04-30 16:14:25,972] {logging_mixin.py:104} INFO - [2024-04-30 16:14:25,971] {dagbag.py:451} INFO - Filling up the DagBag from /home/airflow/.local/lib/python3.6/site-packages/airflow/example_dags/example_skip_dag.py
[2024-04-30 16:14:25,984] {scheduler_job.py:639} INFO - DAG(s) dict_keys(['example_skip_dag']) retrieved from /home/airflow/.local/lib/python3.6/site-packages/airflow/example_dags/example_skip_dag.py
[2024-04-30 16:14:26,006] {logging_mixin.py:104} INFO - [2024-04-30 16:14:26,006] {dag.py:1824} INFO - Sync 1 DAGs
[2024-04-30 16:14:26,023] {logging_mixin.py:104} INFO - [2024-04-30 16:14:26,023] {dag.py:2280} INFO - Setting next_dagrun for example_skip_dag to 2024-04-28 00:00:00+00:00
[2024-04-30 16:14:26,039] {scheduler_job.py:190} INFO - Processing /home/airflow/.local/lib/python3.6/site-packages/airflow/example_dags/example_skip_dag.py took 0.072 seconds
[2024-04-30 16:14:57,235] {scheduler_job.py:182} INFO - Started process (PID=458) to work on /home/airflow/.local/lib/python3.6/site-packages/airflow/example_dags/example_skip_dag.py
[2024-04-30 16:14:57,237] {scheduler_job.py:629} INFO - Processing file /home/airflow/.local/lib/python3.6/site-packages/airflow/example_dags/example_skip_dag.py for tasks to queue
[2024-04-30 16:14:57,238] {logging_mixin.py:104} INFO - [2024-04-30 16:14:57,237] {dagbag.py:451} INFO - Filling up the DagBag from /home/airflow/.local/lib/python3.6/site-packages/airflow/example_dags/example_skip_dag.py
[2024-04-30 16:14:57,258] {scheduler_job.py:639} INFO - DAG(s) dict_keys(['example_skip_dag']) retrieved from /home/airflow/.local/lib/python3.6/site-packages/airflow/example_dags/example_skip_dag.py
[2024-04-30 16:14:57,287] {logging_mixin.py:104} INFO - [2024-04-30 16:14:57,287] {dag.py:1824} INFO - Sync 1 DAGs
[2024-04-30 16:14:57,308] {logging_mixin.py:104} INFO - [2024-04-30 16:14:57,308] {dag.py:2280} INFO - Setting next_dagrun for example_skip_dag to 2024-04-28 00:00:00+00:00
[2024-04-30 16:14:57,320] {scheduler_job.py:190} INFO - Processing /home/airflow/.local/lib/python3.6/site-packages/airflow/example_dags/example_skip_dag.py took 0.089 seconds
[2024-04-30 16:15:27,819] {scheduler_job.py:182} INFO - Started process (PID=491) to work on /home/airflow/.local/lib/python3.6/site-packages/airflow/example_dags/example_skip_dag.py
[2024-04-30 16:15:27,825] {scheduler_job.py:629} INFO - Processing file /home/airflow/.local/lib/python3.6/site-packages/airflow/example_dags/example_skip_dag.py for tasks to queue
[2024-04-30 16:15:27,829] {logging_mixin.py:104} INFO - [2024-04-30 16:15:27,828] {dagbag.py:451} INFO - Filling up the DagBag from /home/airflow/.local/lib/python3.6/site-packages/airflow/example_dags/example_skip_dag.py
[2024-04-30 16:15:27,921] {scheduler_job.py:639} INFO - DAG(s) dict_keys(['example_skip_dag']) retrieved from /home/airflow/.local/lib/python3.6/site-packages/airflow/example_dags/example_skip_dag.py
[2024-04-30 16:15:28,152] {logging_mixin.py:104} INFO - [2024-04-30 16:15:28,151] {dag.py:1824} INFO - Sync 1 DAGs
[2024-04-30 16:15:28,212] {logging_mixin.py:104} INFO - [2024-04-30 16:15:28,211] {dag.py:2280} INFO - Setting next_dagrun for example_skip_dag to 2024-04-28 00:00:00+00:00
[2024-04-30 16:15:28,246] {scheduler_job.py:190} INFO - Processing /home/airflow/.local/lib/python3.6/site-packages/airflow/example_dags/example_skip_dag.py took 0.440 seconds
[2024-04-30 16:15:58,804] {scheduler_job.py:182} INFO - Started process (PID=523) to work on /home/airflow/.local/lib/python3.6/site-packages/airflow/example_dags/example_skip_dag.py
[2024-04-30 16:15:58,806] {scheduler_job.py:629} INFO - Processing file /home/airflow/.local/lib/python3.6/site-packages/airflow/example_dags/example_skip_dag.py for tasks to queue
[2024-04-30 16:15:58,807] {logging_mixin.py:104} INFO - [2024-04-30 16:15:58,807] {dagbag.py:451} INFO - Filling up the DagBag from /home/airflow/.local/lib/python3.6/site-packages/airflow/example_dags/example_skip_dag.py
[2024-04-30 16:15:58,820] {scheduler_job.py:639} INFO - DAG(s) dict_keys(['example_skip_dag']) retrieved from /home/airflow/.local/lib/python3.6/site-packages/airflow/example_dags/example_skip_dag.py
[2024-04-30 16:15:58,849] {logging_mixin.py:104} INFO - [2024-04-30 16:15:58,849] {dag.py:1824} INFO - Sync 1 DAGs
[2024-04-30 16:15:58,867] {logging_mixin.py:104} INFO - [2024-04-30 16:15:58,867] {dag.py:2280} INFO - Setting next_dagrun for example_skip_dag to 2024-04-28 00:00:00+00:00
[2024-04-30 16:15:58,879] {scheduler_job.py:190} INFO - Processing /home/airflow/.local/lib/python3.6/site-packages/airflow/example_dags/example_skip_dag.py took 0.080 seconds
[2024-04-30 16:16:29,239] {scheduler_job.py:182} INFO - Started process (PID=555) to work on /home/airflow/.local/lib/python3.6/site-packages/airflow/example_dags/example_skip_dag.py
[2024-04-30 16:16:29,241] {scheduler_job.py:629} INFO - Processing file /home/airflow/.local/lib/python3.6/site-packages/airflow/example_dags/example_skip_dag.py for tasks to queue
[2024-04-30 16:16:29,242] {logging_mixin.py:104} INFO - [2024-04-30 16:16:29,242] {dagbag.py:451} INFO - Filling up the DagBag from /home/airflow/.local/lib/python3.6/site-packages/airflow/example_dags/example_skip_dag.py
[2024-04-30 16:16:29,256] {scheduler_job.py:639} INFO - DAG(s) dict_keys(['example_skip_dag']) retrieved from /home/airflow/.local/lib/python3.6/site-packages/airflow/example_dags/example_skip_dag.py
[2024-04-30 16:16:29,284] {logging_mixin.py:104} INFO - [2024-04-30 16:16:29,284] {dag.py:1824} INFO - Sync 1 DAGs
[2024-04-30 16:16:29,338] {logging_mixin.py:104} INFO - [2024-04-30 16:16:29,338] {dag.py:2280} INFO - Setting next_dagrun for example_skip_dag to 2024-04-28 00:00:00+00:00
[2024-04-30 16:16:29,484] {scheduler_job.py:190} INFO - Processing /home/airflow/.local/lib/python3.6/site-packages/airflow/example_dags/example_skip_dag.py took 0.250 seconds
[2024-04-30 16:16:59,729] {scheduler_job.py:182} INFO - Started process (PID=587) to work on /home/airflow/.local/lib/python3.6/site-packages/airflow/example_dags/example_skip_dag.py
[2024-04-30 16:16:59,730] {scheduler_job.py:629} INFO - Processing file /home/airflow/.local/lib/python3.6/site-packages/airflow/example_dags/example_skip_dag.py for tasks to queue
[2024-04-30 16:16:59,731] {logging_mixin.py:104} INFO - [2024-04-30 16:16:59,731] {dagbag.py:451} INFO - Filling up the DagBag from /home/airflow/.local/lib/python3.6/site-packages/airflow/example_dags/example_skip_dag.py
[2024-04-30 16:16:59,742] {scheduler_job.py:639} INFO - DAG(s) dict_keys(['example_skip_dag']) retrieved from /home/airflow/.local/lib/python3.6/site-packages/airflow/example_dags/example_skip_dag.py
[2024-04-30 16:16:59,774] {logging_mixin.py:104} INFO - [2024-04-30 16:16:59,774] {dag.py:1824} INFO - Sync 1 DAGs
[2024-04-30 16:16:59,807] {logging_mixin.py:104} INFO - [2024-04-30 16:16:59,807] {dag.py:2280} INFO - Setting next_dagrun for example_skip_dag to 2024-04-28 00:00:00+00:00
[2024-04-30 16:16:59,819] {scheduler_job.py:190} INFO - Processing /home/airflow/.local/lib/python3.6/site-packages/airflow/example_dags/example_skip_dag.py took 0.094 seconds
[2024-04-30 16:17:30,529] {scheduler_job.py:182} INFO - Started process (PID=619) to work on /home/airflow/.local/lib/python3.6/site-packages/airflow/example_dags/example_skip_dag.py
[2024-04-30 16:17:30,530] {scheduler_job.py:629} INFO - Processing file /home/airflow/.local/lib/python3.6/site-packages/airflow/example_dags/example_skip_dag.py for tasks to queue
[2024-04-30 16:17:30,531] {logging_mixin.py:104} INFO - [2024-04-30 16:17:30,531] {dagbag.py:451} INFO - Filling up the DagBag from /home/airflow/.local/lib/python3.6/site-packages/airflow/example_dags/example_skip_dag.py
[2024-04-30 16:17:30,542] {scheduler_job.py:639} INFO - DAG(s) dict_keys(['example_skip_dag']) retrieved from /home/airflow/.local/lib/python3.6/site-packages/airflow/example_dags/example_skip_dag.py
[2024-04-30 16:17:30,563] {logging_mixin.py:104} INFO - [2024-04-30 16:17:30,563] {dag.py:1824} INFO - Sync 1 DAGs
[2024-04-30 16:17:30,579] {logging_mixin.py:104} INFO - [2024-04-30 16:17:30,579] {dag.py:2280} INFO - Setting next_dagrun for example_skip_dag to 2024-04-28 00:00:00+00:00
[2024-04-30 16:17:30,589] {scheduler_job.py:190} INFO - Processing /home/airflow/.local/lib/python3.6/site-packages/airflow/example_dags/example_skip_dag.py took 0.063 seconds
[2024-04-30 16:18:01,542] {scheduler_job.py:182} INFO - Started process (PID=651) to work on /home/airflow/.local/lib/python3.6/site-packages/airflow/example_dags/example_skip_dag.py
[2024-04-30 16:18:01,544] {scheduler_job.py:629} INFO - Processing file /home/airflow/.local/lib/python3.6/site-packages/airflow/example_dags/example_skip_dag.py for tasks to queue
[2024-04-30 16:18:01,545] {logging_mixin.py:104} INFO - [2024-04-30 16:18:01,544] {dagbag.py:451} INFO - Filling up the DagBag from /home/airflow/.local/lib/python3.6/site-packages/airflow/example_dags/example_skip_dag.py
[2024-04-30 16:18:01,555] {scheduler_job.py:639} INFO - DAG(s) dict_keys(['example_skip_dag']) retrieved from /home/airflow/.local/lib/python3.6/site-packages/airflow/example_dags/example_skip_dag.py
[2024-04-30 16:18:01,580] {logging_mixin.py:104} INFO - [2024-04-30 16:18:01,580] {dag.py:1824} INFO - Sync 1 DAGs
[2024-04-30 16:18:01,607] {logging_mixin.py:104} INFO - [2024-04-30 16:18:01,607] {dag.py:2280} INFO - Setting next_dagrun for example_skip_dag to 2024-04-28 00:00:00+00:00
[2024-04-30 16:18:01,620] {scheduler_job.py:190} INFO - Processing /home/airflow/.local/lib/python3.6/site-packages/airflow/example_dags/example_skip_dag.py took 0.081 seconds
[2024-04-30 16:18:31,897] {scheduler_job.py:182} INFO - Started process (PID=683) to work on /home/airflow/.local/lib/python3.6/site-packages/airflow/example_dags/example_skip_dag.py
[2024-04-30 16:18:31,898] {scheduler_job.py:629} INFO - Processing file /home/airflow/.local/lib/python3.6/site-packages/airflow/example_dags/example_skip_dag.py for tasks to queue
[2024-04-30 16:18:31,899] {logging_mixin.py:104} INFO - [2024-04-30 16:18:31,899] {dagbag.py:451} INFO - Filling up the DagBag from /home/airflow/.local/lib/python3.6/site-packages/airflow/example_dags/example_skip_dag.py
[2024-04-30 16:18:31,909] {scheduler_job.py:639} INFO - DAG(s) dict_keys(['example_skip_dag']) retrieved from /home/airflow/.local/lib/python3.6/site-packages/airflow/example_dags/example_skip_dag.py
[2024-04-30 16:18:31,929] {logging_mixin.py:104} INFO - [2024-04-30 16:18:31,929] {dag.py:1824} INFO - Sync 1 DAGs
[2024-04-30 16:18:31,945] {logging_mixin.py:104} INFO - [2024-04-30 16:18:31,945] {dag.py:2280} INFO - Setting next_dagrun for example_skip_dag to 2024-04-28 00:00:00+00:00
[2024-04-30 16:18:31,956] {scheduler_job.py:190} INFO - Processing /home/airflow/.local/lib/python3.6/site-packages/airflow/example_dags/example_skip_dag.py took 0.062 seconds
[2024-04-30 16:19:02,419] {scheduler_job.py:182} INFO - Started process (PID=715) to work on /home/airflow/.local/lib/python3.6/site-packages/airflow/example_dags/example_skip_dag.py
[2024-04-30 16:19:02,421] {scheduler_job.py:629} INFO - Processing file /home/airflow/.local/lib/python3.6/site-packages/airflow/example_dags/example_skip_dag.py for tasks to queue
[2024-04-30 16:19:02,422] {logging_mixin.py:104} INFO - [2024-04-30 16:19:02,421] {dagbag.py:451} INFO - Filling up the DagBag from /home/airflow/.local/lib/python3.6/site-packages/airflow/example_dags/example_skip_dag.py
[2024-04-30 16:19:02,432] {scheduler_job.py:639} INFO - DAG(s) dict_keys(['example_skip_dag']) retrieved from /home/airflow/.local/lib/python3.6/site-packages/airflow/example_dags/example_skip_dag.py
[2024-04-30 16:19:02,454] {logging_mixin.py:104} INFO - [2024-04-30 16:19:02,454] {dag.py:1824} INFO - Sync 1 DAGs
[2024-04-30 16:19:02,470] {logging_mixin.py:104} INFO - [2024-04-30 16:19:02,470] {dag.py:2280} INFO - Setting next_dagrun for example_skip_dag to 2024-04-28 00:00:00+00:00
[2024-04-30 16:19:02,482] {scheduler_job.py:190} INFO - Processing /home/airflow/.local/lib/python3.6/site-packages/airflow/example_dags/example_skip_dag.py took 0.065 seconds
[2024-04-30 16:19:32,852] {scheduler_job.py:182} INFO - Started process (PID=747) to work on /home/airflow/.local/lib/python3.6/site-packages/airflow/example_dags/example_skip_dag.py
[2024-04-30 16:19:32,853] {scheduler_job.py:629} INFO - Processing file /home/airflow/.local/lib/python3.6/site-packages/airflow/example_dags/example_skip_dag.py for tasks to queue
[2024-04-30 16:19:32,854] {logging_mixin.py:104} INFO - [2024-04-30 16:19:32,854] {dagbag.py:451} INFO - Filling up the DagBag from /home/airflow/.local/lib/python3.6/site-packages/airflow/example_dags/example_skip_dag.py
[2024-04-30 16:19:32,864] {scheduler_job.py:639} INFO - DAG(s) dict_keys(['example_skip_dag']) retrieved from /home/airflow/.local/lib/python3.6/site-packages/airflow/example_dags/example_skip_dag.py
[2024-04-30 16:19:32,885] {logging_mixin.py:104} INFO - [2024-04-30 16:19:32,885] {dag.py:1824} INFO - Sync 1 DAGs
[2024-04-30 16:19:32,900] {logging_mixin.py:104} INFO - [2024-04-30 16:19:32,900] {dag.py:2280} INFO - Setting next_dagrun for example_skip_dag to 2024-04-28 00:00:00+00:00
[2024-04-30 16:19:32,934] {scheduler_job.py:190} INFO - Processing /home/airflow/.local/lib/python3.6/site-packages/airflow/example_dags/example_skip_dag.py took 0.085 seconds
[2024-04-30 16:20:03,276] {scheduler_job.py:182} INFO - Started process (PID=779) to work on /home/airflow/.local/lib/python3.6/site-packages/airflow/example_dags/example_skip_dag.py
[2024-04-30 16:20:03,277] {scheduler_job.py:629} INFO - Processing file /home/airflow/.local/lib/python3.6/site-packages/airflow/example_dags/example_skip_dag.py for tasks to queue
[2024-04-30 16:20:03,278] {logging_mixin.py:104} INFO - [2024-04-30 16:20:03,278] {dagbag.py:451} INFO - Filling up the DagBag from /home/airflow/.local/lib/python3.6/site-packages/airflow/example_dags/example_skip_dag.py
[2024-04-30 16:20:03,289] {scheduler_job.py:639} INFO - DAG(s) dict_keys(['example_skip_dag']) retrieved from /home/airflow/.local/lib/python3.6/site-packages/airflow/example_dags/example_skip_dag.py
[2024-04-30 16:20:03,315] {logging_mixin.py:104} INFO - [2024-04-30 16:20:03,315] {dag.py:1824} INFO - Sync 1 DAGs
[2024-04-30 16:20:03,332] {logging_mixin.py:104} INFO - [2024-04-30 16:20:03,332] {dag.py:2280} INFO - Setting next_dagrun for example_skip_dag to 2024-04-28 00:00:00+00:00
[2024-04-30 16:20:03,341] {scheduler_job.py:190} INFO - Processing /home/airflow/.local/lib/python3.6/site-packages/airflow/example_dags/example_skip_dag.py took 0.069 seconds
[2024-04-30 16:20:33,790] {scheduler_job.py:182} INFO - Started process (PID=811) to work on /home/airflow/.local/lib/python3.6/site-packages/airflow/example_dags/example_skip_dag.py
[2024-04-30 16:20:33,792] {scheduler_job.py:629} INFO - Processing file /home/airflow/.local/lib/python3.6/site-packages/airflow/example_dags/example_skip_dag.py for tasks to queue
[2024-04-30 16:20:33,793] {logging_mixin.py:104} INFO - [2024-04-30 16:20:33,793] {dagbag.py:451} INFO - Filling up the DagBag from /home/airflow/.local/lib/python3.6/site-packages/airflow/example_dags/example_skip_dag.py
[2024-04-30 16:20:33,803] {scheduler_job.py:639} INFO - DAG(s) dict_keys(['example_skip_dag']) retrieved from /home/airflow/.local/lib/python3.6/site-packages/airflow/example_dags/example_skip_dag.py
[2024-04-30 16:20:33,826] {logging_mixin.py:104} INFO - [2024-04-30 16:20:33,826] {dag.py:1824} INFO - Sync 1 DAGs
[2024-04-30 16:20:33,843] {logging_mixin.py:104} INFO - [2024-04-30 16:20:33,843] {dag.py:2280} INFO - Setting next_dagrun for example_skip_dag to 2024-04-28 00:00:00+00:00
[2024-04-30 16:20:33,854] {scheduler_job.py:190} INFO - Processing /home/airflow/.local/lib/python3.6/site-packages/airflow/example_dags/example_skip_dag.py took 0.067 seconds
[2024-04-30 16:21:04,276] {scheduler_job.py:182} INFO - Started process (PID=843) to work on /home/airflow/.local/lib/python3.6/site-packages/airflow/example_dags/example_skip_dag.py
[2024-04-30 16:21:04,278] {scheduler_job.py:629} INFO - Processing file /home/airflow/.local/lib/python3.6/site-packages/airflow/example_dags/example_skip_dag.py for tasks to queue
[2024-04-30 16:21:04,278] {logging_mixin.py:104} INFO - [2024-04-30 16:21:04,278] {dagbag.py:451} INFO - Filling up the DagBag from /home/airflow/.local/lib/python3.6/site-packages/airflow/example_dags/example_skip_dag.py
[2024-04-30 16:21:04,288] {scheduler_job.py:639} INFO - DAG(s) dict_keys(['example_skip_dag']) retrieved from /home/airflow/.local/lib/python3.6/site-packages/airflow/example_dags/example_skip_dag.py
[2024-04-30 16:21:04,309] {logging_mixin.py:104} INFO - [2024-04-30 16:21:04,309] {dag.py:1824} INFO - Sync 1 DAGs
[2024-04-30 16:21:04,326] {logging_mixin.py:104} INFO - [2024-04-30 16:21:04,326] {dag.py:2280} INFO - Setting next_dagrun for example_skip_dag to 2024-04-28 00:00:00+00:00
[2024-04-30 16:21:04,336] {scheduler_job.py:190} INFO - Processing /home/airflow/.local/lib/python3.6/site-packages/airflow/example_dags/example_skip_dag.py took 0.062 seconds
[2024-04-30 16:21:34,788] {scheduler_job.py:182} INFO - Started process (PID=875) to work on /home/airflow/.local/lib/python3.6/site-packages/airflow/example_dags/example_skip_dag.py
[2024-04-30 16:21:34,790] {scheduler_job.py:629} INFO - Processing file /home/airflow/.local/lib/python3.6/site-packages/airflow/example_dags/example_skip_dag.py for tasks to queue
[2024-04-30 16:21:34,791] {logging_mixin.py:104} INFO - [2024-04-30 16:21:34,791] {dagbag.py:451} INFO - Filling up the DagBag from /home/airflow/.local/lib/python3.6/site-packages/airflow/example_dags/example_skip_dag.py
[2024-04-30 16:21:34,802] {scheduler_job.py:639} INFO - DAG(s) dict_keys(['example_skip_dag']) retrieved from /home/airflow/.local/lib/python3.6/site-packages/airflow/example_dags/example_skip_dag.py
[2024-04-30 16:21:34,824] {logging_mixin.py:104} INFO - [2024-04-30 16:21:34,824] {dag.py:1824} INFO - Sync 1 DAGs
[2024-04-30 16:21:34,840] {logging_mixin.py:104} INFO - [2024-04-30 16:21:34,840] {dag.py:2280} INFO - Setting next_dagrun for example_skip_dag to 2024-04-28 00:00:00+00:00
[2024-04-30 16:21:34,851] {scheduler_job.py:190} INFO - Processing /home/airflow/.local/lib/python3.6/site-packages/airflow/example_dags/example_skip_dag.py took 0.065 seconds
[2024-04-30 16:22:05,337] {scheduler_job.py:182} INFO - Started process (PID=907) to work on /home/airflow/.local/lib/python3.6/site-packages/airflow/example_dags/example_skip_dag.py
[2024-04-30 16:22:05,338] {scheduler_job.py:629} INFO - Processing file /home/airflow/.local/lib/python3.6/site-packages/airflow/example_dags/example_skip_dag.py for tasks to queue
[2024-04-30 16:22:05,338] {logging_mixin.py:104} INFO - [2024-04-30 16:22:05,338] {dagbag.py:451} INFO - Filling up the DagBag from /home/airflow/.local/lib/python3.6/site-packages/airflow/example_dags/example_skip_dag.py
[2024-04-30 16:22:05,347] {scheduler_job.py:639} INFO - DAG(s) dict_keys(['example_skip_dag']) retrieved from /home/airflow/.local/lib/python3.6/site-packages/airflow/example_dags/example_skip_dag.py
[2024-04-30 16:22:05,378] {logging_mixin.py:104} INFO - [2024-04-30 16:22:05,378] {dag.py:1824} INFO - Sync 1 DAGs
[2024-04-30 16:22:05,393] {logging_mixin.py:104} INFO - [2024-04-30 16:22:05,393] {dag.py:2280} INFO - Setting next_dagrun for example_skip_dag to 2024-04-28 00:00:00+00:00
[2024-04-30 16:22:05,403] {scheduler_job.py:190} INFO - Processing /home/airflow/.local/lib/python3.6/site-packages/airflow/example_dags/example_skip_dag.py took 0.068 seconds
[2024-04-30 16:22:35,953] {scheduler_job.py:182} INFO - Started process (PID=939) to work on /home/airflow/.local/lib/python3.6/site-packages/airflow/example_dags/example_skip_dag.py
[2024-04-30 16:22:35,954] {scheduler_job.py:629} INFO - Processing file /home/airflow/.local/lib/python3.6/site-packages/airflow/example_dags/example_skip_dag.py for tasks to queue
[2024-04-30 16:22:35,955] {logging_mixin.py:104} INFO - [2024-04-30 16:22:35,955] {dagbag.py:451} INFO - Filling up the DagBag from /home/airflow/.local/lib/python3.6/site-packages/airflow/example_dags/example_skip_dag.py
[2024-04-30 16:22:35,966] {scheduler_job.py:639} INFO - DAG(s) dict_keys(['example_skip_dag']) retrieved from /home/airflow/.local/lib/python3.6/site-packages/airflow/example_dags/example_skip_dag.py
[2024-04-30 16:22:35,994] {logging_mixin.py:104} INFO - [2024-04-30 16:22:35,994] {dag.py:1824} INFO - Sync 1 DAGs
[2024-04-30 16:22:36,013] {logging_mixin.py:104} INFO - [2024-04-30 16:22:36,013] {dag.py:2280} INFO - Setting next_dagrun for example_skip_dag to 2024-04-28 00:00:00+00:00
[2024-04-30 16:22:36,023] {scheduler_job.py:190} INFO - Processing /home/airflow/.local/lib/python3.6/site-packages/airflow/example_dags/example_skip_dag.py took 0.073 seconds
[2024-04-30 16:23:06,639] {scheduler_job.py:182} INFO - Started process (PID=971) to work on /home/airflow/.local/lib/python3.6/site-packages/airflow/example_dags/example_skip_dag.py
[2024-04-30 16:23:06,640] {scheduler_job.py:629} INFO - Processing file /home/airflow/.local/lib/python3.6/site-packages/airflow/example_dags/example_skip_dag.py for tasks to queue
[2024-04-30 16:23:06,641] {logging_mixin.py:104} INFO - [2024-04-30 16:23:06,641] {dagbag.py:451} INFO - Filling up the DagBag from /home/airflow/.local/lib/python3.6/site-packages/airflow/example_dags/example_skip_dag.py
[2024-04-30 16:23:06,653] {scheduler_job.py:639} INFO - DAG(s) dict_keys(['example_skip_dag']) retrieved from /home/airflow/.local/lib/python3.6/site-packages/airflow/example_dags/example_skip_dag.py
[2024-04-30 16:23:06,679] {logging_mixin.py:104} INFO - [2024-04-30 16:23:06,679] {dag.py:1824} INFO - Sync 1 DAGs
[2024-04-30 16:23:06,699] {logging_mixin.py:104} INFO - [2024-04-30 16:23:06,699] {dag.py:2280} INFO - Setting next_dagrun for example_skip_dag to 2024-04-28 00:00:00+00:00
[2024-04-30 16:23:06,710] {scheduler_job.py:190} INFO - Processing /home/airflow/.local/lib/python3.6/site-packages/airflow/example_dags/example_skip_dag.py took 0.074 seconds
[2024-04-30 16:23:37,062] {scheduler_job.py:182} INFO - Started process (PID=1003) to work on /home/airflow/.local/lib/python3.6/site-packages/airflow/example_dags/example_skip_dag.py
[2024-04-30 16:23:37,063] {scheduler_job.py:629} INFO - Processing file /home/airflow/.local/lib/python3.6/site-packages/airflow/example_dags/example_skip_dag.py for tasks to queue
[2024-04-30 16:23:37,064] {logging_mixin.py:104} INFO - [2024-04-30 16:23:37,064] {dagbag.py:451} INFO - Filling up the DagBag from /home/airflow/.local/lib/python3.6/site-packages/airflow/example_dags/example_skip_dag.py
[2024-04-30 16:23:37,075] {scheduler_job.py:639} INFO - DAG(s) dict_keys(['example_skip_dag']) retrieved from /home/airflow/.local/lib/python3.6/site-packages/airflow/example_dags/example_skip_dag.py
[2024-04-30 16:23:37,106] {logging_mixin.py:104} INFO - [2024-04-30 16:23:37,105] {dag.py:1824} INFO - Sync 1 DAGs
[2024-04-30 16:23:37,122] {logging_mixin.py:104} INFO - [2024-04-30 16:23:37,122] {dag.py:2280} INFO - Setting next_dagrun for example_skip_dag to 2024-04-28 00:00:00+00:00
[2024-04-30 16:23:37,132] {scheduler_job.py:190} INFO - Processing /home/airflow/.local/lib/python3.6/site-packages/airflow/example_dags/example_skip_dag.py took 0.073 seconds
[2024-04-30 16:24:07,689] {scheduler_job.py:182} INFO - Started process (PID=1035) to work on /home/airflow/.local/lib/python3.6/site-packages/airflow/example_dags/example_skip_dag.py
[2024-04-30 16:24:07,691] {scheduler_job.py:629} INFO - Processing file /home/airflow/.local/lib/python3.6/site-packages/airflow/example_dags/example_skip_dag.py for tasks to queue
[2024-04-30 16:24:07,693] {logging_mixin.py:104} INFO - [2024-04-30 16:24:07,692] {dagbag.py:451} INFO - Filling up the DagBag from /home/airflow/.local/lib/python3.6/site-packages/airflow/example_dags/example_skip_dag.py
[2024-04-30 16:24:07,712] {scheduler_job.py:639} INFO - DAG(s) dict_keys(['example_skip_dag']) retrieved from /home/airflow/.local/lib/python3.6/site-packages/airflow/example_dags/example_skip_dag.py
[2024-04-30 16:24:07,749] {logging_mixin.py:104} INFO - [2024-04-30 16:24:07,749] {dag.py:1824} INFO - Sync 1 DAGs
[2024-04-30 16:24:07,768] {logging_mixin.py:104} INFO - [2024-04-30 16:24:07,768] {dag.py:2280} INFO - Setting next_dagrun for example_skip_dag to 2024-04-28 00:00:00+00:00
[2024-04-30 16:24:07,782] {scheduler_job.py:190} INFO - Processing /home/airflow/.local/lib/python3.6/site-packages/airflow/example_dags/example_skip_dag.py took 0.097 seconds
[2024-04-30 16:24:38,232] {scheduler_job.py:182} INFO - Started process (PID=1067) to work on /home/airflow/.local/lib/python3.6/site-packages/airflow/example_dags/example_skip_dag.py
[2024-04-30 16:24:38,233] {scheduler_job.py:629} INFO - Processing file /home/airflow/.local/lib/python3.6/site-packages/airflow/example_dags/example_skip_dag.py for tasks to queue
[2024-04-30 16:24:38,234] {logging_mixin.py:104} INFO - [2024-04-30 16:24:38,234] {dagbag.py:451} INFO - Filling up the DagBag from /home/airflow/.local/lib/python3.6/site-packages/airflow/example_dags/example_skip_dag.py
[2024-04-30 16:24:38,251] {scheduler_job.py:639} INFO - DAG(s) dict_keys(['example_skip_dag']) retrieved from /home/airflow/.local/lib/python3.6/site-packages/airflow/example_dags/example_skip_dag.py
[2024-04-30 16:24:38,278] {logging_mixin.py:104} INFO - [2024-04-30 16:24:38,278] {dag.py:1824} INFO - Sync 1 DAGs
[2024-04-30 16:24:38,296] {logging_mixin.py:104} INFO - [2024-04-30 16:24:38,296] {dag.py:2280} INFO - Setting next_dagrun for example_skip_dag to 2024-04-28 00:00:00+00:00
[2024-04-30 16:24:38,307] {scheduler_job.py:190} INFO - Processing /home/airflow/.local/lib/python3.6/site-packages/airflow/example_dags/example_skip_dag.py took 0.080 seconds
[2024-04-30 16:25:08,954] {scheduler_job.py:182} INFO - Started process (PID=1099) to work on /home/airflow/.local/lib/python3.6/site-packages/airflow/example_dags/example_skip_dag.py
[2024-04-30 16:25:08,956] {scheduler_job.py:629} INFO - Processing file /home/airflow/.local/lib/python3.6/site-packages/airflow/example_dags/example_skip_dag.py for tasks to queue
[2024-04-30 16:25:08,957] {logging_mixin.py:104} INFO - [2024-04-30 16:25:08,957] {dagbag.py:451} INFO - Filling up the DagBag from /home/airflow/.local/lib/python3.6/site-packages/airflow/example_dags/example_skip_dag.py
[2024-04-30 16:25:08,978] {scheduler_job.py:639} INFO - DAG(s) dict_keys(['example_skip_dag']) retrieved from /home/airflow/.local/lib/python3.6/site-packages/airflow/example_dags/example_skip_dag.py
[2024-04-30 16:25:09,001] {logging_mixin.py:104} INFO - [2024-04-30 16:25:09,001] {dag.py:1824} INFO - Sync 1 DAGs
[2024-04-30 16:25:09,018] {logging_mixin.py:104} INFO - [2024-04-30 16:25:09,018] {dag.py:2280} INFO - Setting next_dagrun for example_skip_dag to 2024-04-28 00:00:00+00:00
[2024-04-30 16:25:09,036] {scheduler_job.py:190} INFO - Processing /home/airflow/.local/lib/python3.6/site-packages/airflow/example_dags/example_skip_dag.py took 0.085 seconds
[2024-04-30 16:25:39,620] {scheduler_job.py:182} INFO - Started process (PID=1131) to work on /home/airflow/.local/lib/python3.6/site-packages/airflow/example_dags/example_skip_dag.py
[2024-04-30 16:25:39,621] {scheduler_job.py:629} INFO - Processing file /home/airflow/.local/lib/python3.6/site-packages/airflow/example_dags/example_skip_dag.py for tasks to queue
[2024-04-30 16:25:39,623] {logging_mixin.py:104} INFO - [2024-04-30 16:25:39,622] {dagbag.py:451} INFO - Filling up the DagBag from /home/airflow/.local/lib/python3.6/site-packages/airflow/example_dags/example_skip_dag.py
[2024-04-30 16:25:39,637] {scheduler_job.py:639} INFO - DAG(s) dict_keys(['example_skip_dag']) retrieved from /home/airflow/.local/lib/python3.6/site-packages/airflow/example_dags/example_skip_dag.py
[2024-04-30 16:25:39,660] {logging_mixin.py:104} INFO - [2024-04-30 16:25:39,660] {dag.py:1824} INFO - Sync 1 DAGs
[2024-04-30 16:25:39,675] {logging_mixin.py:104} INFO - [2024-04-30 16:25:39,675] {dag.py:2280} INFO - Setting next_dagrun for example_skip_dag to 2024-04-28 00:00:00+00:00
[2024-04-30 16:25:39,684] {scheduler_job.py:190} INFO - Processing /home/airflow/.local/lib/python3.6/site-packages/airflow/example_dags/example_skip_dag.py took 0.069 seconds
[2024-04-30 16:26:10,085] {scheduler_job.py:182} INFO - Started process (PID=1163) to work on /home/airflow/.local/lib/python3.6/site-packages/airflow/example_dags/example_skip_dag.py
[2024-04-30 16:26:10,086] {scheduler_job.py:629} INFO - Processing file /home/airflow/.local/lib/python3.6/site-packages/airflow/example_dags/example_skip_dag.py for tasks to queue
[2024-04-30 16:26:10,087] {logging_mixin.py:104} INFO - [2024-04-30 16:26:10,087] {dagbag.py:451} INFO - Filling up the DagBag from /home/airflow/.local/lib/python3.6/site-packages/airflow/example_dags/example_skip_dag.py
[2024-04-30 16:26:10,100] {scheduler_job.py:639} INFO - DAG(s) dict_keys(['example_skip_dag']) retrieved from /home/airflow/.local/lib/python3.6/site-packages/airflow/example_dags/example_skip_dag.py
[2024-04-30 16:26:10,123] {logging_mixin.py:104} INFO - [2024-04-30 16:26:10,123] {dag.py:1824} INFO - Sync 1 DAGs
[2024-04-30 16:26:10,142] {logging_mixin.py:104} INFO - [2024-04-30 16:26:10,142] {dag.py:2280} INFO - Setting next_dagrun for example_skip_dag to 2024-04-28 00:00:00+00:00
[2024-04-30 16:26:10,159] {scheduler_job.py:190} INFO - Processing /home/airflow/.local/lib/python3.6/site-packages/airflow/example_dags/example_skip_dag.py took 0.078 seconds
[2024-04-30 16:26:40,498] {scheduler_job.py:182} INFO - Started process (PID=1195) to work on /home/airflow/.local/lib/python3.6/site-packages/airflow/example_dags/example_skip_dag.py
[2024-04-30 16:26:40,501] {scheduler_job.py:629} INFO - Processing file /home/airflow/.local/lib/python3.6/site-packages/airflow/example_dags/example_skip_dag.py for tasks to queue
[2024-04-30 16:26:40,502] {logging_mixin.py:104} INFO - [2024-04-30 16:26:40,502] {dagbag.py:451} INFO - Filling up the DagBag from /home/airflow/.local/lib/python3.6/site-packages/airflow/example_dags/example_skip_dag.py
[2024-04-30 16:26:40,517] {scheduler_job.py:639} INFO - DAG(s) dict_keys(['example_skip_dag']) retrieved from /home/airflow/.local/lib/python3.6/site-packages/airflow/example_dags/example_skip_dag.py
[2024-04-30 16:26:40,545] {logging_mixin.py:104} INFO - [2024-04-30 16:26:40,545] {dag.py:1824} INFO - Sync 1 DAGs
[2024-04-30 16:26:40,563] {logging_mixin.py:104} INFO - [2024-04-30 16:26:40,563] {dag.py:2280} INFO - Setting next_dagrun for example_skip_dag to 2024-04-28 00:00:00+00:00
[2024-04-30 16:26:40,575] {scheduler_job.py:190} INFO - Processing /home/airflow/.local/lib/python3.6/site-packages/airflow/example_dags/example_skip_dag.py took 0.081 seconds
[2024-04-30 16:27:11,054] {scheduler_job.py:182} INFO - Started process (PID=1227) to work on /home/airflow/.local/lib/python3.6/site-packages/airflow/example_dags/example_skip_dag.py
[2024-04-30 16:27:11,055] {scheduler_job.py:629} INFO - Processing file /home/airflow/.local/lib/python3.6/site-packages/airflow/example_dags/example_skip_dag.py for tasks to queue
[2024-04-30 16:27:11,056] {logging_mixin.py:104} INFO - [2024-04-30 16:27:11,056] {dagbag.py:451} INFO - Filling up the DagBag from /home/airflow/.local/lib/python3.6/site-packages/airflow/example_dags/example_skip_dag.py
[2024-04-30 16:27:11,071] {scheduler_job.py:639} INFO - DAG(s) dict_keys(['example_skip_dag']) retrieved from /home/airflow/.local/lib/python3.6/site-packages/airflow/example_dags/example_skip_dag.py
[2024-04-30 16:27:11,094] {logging_mixin.py:104} INFO - [2024-04-30 16:27:11,093] {dag.py:1824} INFO - Sync 1 DAGs
[2024-04-30 16:27:11,111] {logging_mixin.py:104} INFO - [2024-04-30 16:27:11,111] {dag.py:2280} INFO - Setting next_dagrun for example_skip_dag to 2024-04-28 00:00:00+00:00
[2024-04-30 16:27:11,123] {scheduler_job.py:190} INFO - Processing /home/airflow/.local/lib/python3.6/site-packages/airflow/example_dags/example_skip_dag.py took 0.072 seconds
[2024-04-30 16:27:41,602] {scheduler_job.py:182} INFO - Started process (PID=1259) to work on /home/airflow/.local/lib/python3.6/site-packages/airflow/example_dags/example_skip_dag.py
[2024-04-30 16:27:41,603] {scheduler_job.py:629} INFO - Processing file /home/airflow/.local/lib/python3.6/site-packages/airflow/example_dags/example_skip_dag.py for tasks to queue
[2024-04-30 16:27:41,604] {logging_mixin.py:104} INFO - [2024-04-30 16:27:41,604] {dagbag.py:451} INFO - Filling up the DagBag from /home/airflow/.local/lib/python3.6/site-packages/airflow/example_dags/example_skip_dag.py
[2024-04-30 16:27:41,614] {scheduler_job.py:639} INFO - DAG(s) dict_keys(['example_skip_dag']) retrieved from /home/airflow/.local/lib/python3.6/site-packages/airflow/example_dags/example_skip_dag.py
[2024-04-30 16:27:41,635] {logging_mixin.py:104} INFO - [2024-04-30 16:27:41,635] {dag.py:1824} INFO - Sync 1 DAGs
[2024-04-30 16:27:41,650] {logging_mixin.py:104} INFO - [2024-04-30 16:27:41,650] {dag.py:2280} INFO - Setting next_dagrun for example_skip_dag to 2024-04-28 00:00:00+00:00
[2024-04-30 16:27:41,659] {scheduler_job.py:190} INFO - Processing /home/airflow/.local/lib/python3.6/site-packages/airflow/example_dags/example_skip_dag.py took 0.060 seconds
[2024-04-30 16:28:12,031] {scheduler_job.py:182} INFO - Started process (PID=1291) to work on /home/airflow/.local/lib/python3.6/site-packages/airflow/example_dags/example_skip_dag.py
[2024-04-30 16:28:12,033] {scheduler_job.py:629} INFO - Processing file /home/airflow/.local/lib/python3.6/site-packages/airflow/example_dags/example_skip_dag.py for tasks to queue
[2024-04-30 16:28:12,034] {logging_mixin.py:104} INFO - [2024-04-30 16:28:12,034] {dagbag.py:451} INFO - Filling up the DagBag from /home/airflow/.local/lib/python3.6/site-packages/airflow/example_dags/example_skip_dag.py
[2024-04-30 16:28:12,043] {scheduler_job.py:639} INFO - DAG(s) dict_keys(['example_skip_dag']) retrieved from /home/airflow/.local/lib/python3.6/site-packages/airflow/example_dags/example_skip_dag.py
[2024-04-30 16:28:12,078] {logging_mixin.py:104} INFO - [2024-04-30 16:28:12,077] {dag.py:1824} INFO - Sync 1 DAGs
[2024-04-30 16:28:12,096] {logging_mixin.py:104} INFO - [2024-04-30 16:28:12,096] {dag.py:2280} INFO - Setting next_dagrun for example_skip_dag to 2024-04-28 00:00:00+00:00
[2024-04-30 16:28:12,108] {scheduler_job.py:190} INFO - Processing /home/airflow/.local/lib/python3.6/site-packages/airflow/example_dags/example_skip_dag.py took 0.080 seconds
[2024-04-30 16:28:42,714] {scheduler_job.py:182} INFO - Started process (PID=1323) to work on /home/airflow/.local/lib/python3.6/site-packages/airflow/example_dags/example_skip_dag.py
[2024-04-30 16:28:42,716] {scheduler_job.py:629} INFO - Processing file /home/airflow/.local/lib/python3.6/site-packages/airflow/example_dags/example_skip_dag.py for tasks to queue
[2024-04-30 16:28:42,717] {logging_mixin.py:104} INFO - [2024-04-30 16:28:42,716] {dagbag.py:451} INFO - Filling up the DagBag from /home/airflow/.local/lib/python3.6/site-packages/airflow/example_dags/example_skip_dag.py
[2024-04-30 16:28:42,727] {scheduler_job.py:639} INFO - DAG(s) dict_keys(['example_skip_dag']) retrieved from /home/airflow/.local/lib/python3.6/site-packages/airflow/example_dags/example_skip_dag.py
[2024-04-30 16:28:42,748] {logging_mixin.py:104} INFO - [2024-04-30 16:28:42,747] {dag.py:1824} INFO - Sync 1 DAGs
[2024-04-30 16:28:42,762] {logging_mixin.py:104} INFO - [2024-04-30 16:28:42,762] {dag.py:2280} INFO - Setting next_dagrun for example_skip_dag to 2024-04-28 00:00:00+00:00
[2024-04-30 16:28:42,771] {scheduler_job.py:190} INFO - Processing /home/airflow/.local/lib/python3.6/site-packages/airflow/example_dags/example_skip_dag.py took 0.060 seconds
[2024-04-30 16:29:13,245] {scheduler_job.py:182} INFO - Started process (PID=1355) to work on /home/airflow/.local/lib/python3.6/site-packages/airflow/example_dags/example_skip_dag.py
[2024-04-30 16:29:13,247] {scheduler_job.py:629} INFO - Processing file /home/airflow/.local/lib/python3.6/site-packages/airflow/example_dags/example_skip_dag.py for tasks to queue
[2024-04-30 16:29:13,248] {logging_mixin.py:104} INFO - [2024-04-30 16:29:13,248] {dagbag.py:451} INFO - Filling up the DagBag from /home/airflow/.local/lib/python3.6/site-packages/airflow/example_dags/example_skip_dag.py
[2024-04-30 16:29:13,262] {scheduler_job.py:639} INFO - DAG(s) dict_keys(['example_skip_dag']) retrieved from /home/airflow/.local/lib/python3.6/site-packages/airflow/example_dags/example_skip_dag.py
[2024-04-30 16:29:13,284] {logging_mixin.py:104} INFO - [2024-04-30 16:29:13,283] {dag.py:1824} INFO - Sync 1 DAGs
[2024-04-30 16:29:13,297] {logging_mixin.py:104} INFO - [2024-04-30 16:29:13,297] {dag.py:2280} INFO - Setting next_dagrun for example_skip_dag to 2024-04-28 00:00:00+00:00
[2024-04-30 16:29:13,306] {scheduler_job.py:190} INFO - Processing /home/airflow/.local/lib/python3.6/site-packages/airflow/example_dags/example_skip_dag.py took 0.065 seconds
[2024-04-30 16:29:43,877] {scheduler_job.py:182} INFO - Started process (PID=1387) to work on /home/airflow/.local/lib/python3.6/site-packages/airflow/example_dags/example_skip_dag.py
[2024-04-30 16:29:43,878] {scheduler_job.py:629} INFO - Processing file /home/airflow/.local/lib/python3.6/site-packages/airflow/example_dags/example_skip_dag.py for tasks to queue
[2024-04-30 16:29:43,879] {logging_mixin.py:104} INFO - [2024-04-30 16:29:43,878] {dagbag.py:451} INFO - Filling up the DagBag from /home/airflow/.local/lib/python3.6/site-packages/airflow/example_dags/example_skip_dag.py
[2024-04-30 16:29:43,887] {scheduler_job.py:639} INFO - DAG(s) dict_keys(['example_skip_dag']) retrieved from /home/airflow/.local/lib/python3.6/site-packages/airflow/example_dags/example_skip_dag.py
[2024-04-30 16:29:43,906] {logging_mixin.py:104} INFO - [2024-04-30 16:29:43,906] {dag.py:1824} INFO - Sync 1 DAGs
[2024-04-30 16:29:43,920] {logging_mixin.py:104} INFO - [2024-04-30 16:29:43,920] {dag.py:2280} INFO - Setting next_dagrun for example_skip_dag to 2024-04-28 00:00:00+00:00
[2024-04-30 16:29:43,930] {scheduler_job.py:190} INFO - Processing /home/airflow/.local/lib/python3.6/site-packages/airflow/example_dags/example_skip_dag.py took 0.057 seconds
[2024-04-30 16:30:14,274] {scheduler_job.py:182} INFO - Started process (PID=1419) to work on /home/airflow/.local/lib/python3.6/site-packages/airflow/example_dags/example_skip_dag.py
[2024-04-30 16:30:14,276] {scheduler_job.py:629} INFO - Processing file /home/airflow/.local/lib/python3.6/site-packages/airflow/example_dags/example_skip_dag.py for tasks to queue
[2024-04-30 16:30:14,277] {logging_mixin.py:104} INFO - [2024-04-30 16:30:14,277] {dagbag.py:451} INFO - Filling up the DagBag from /home/airflow/.local/lib/python3.6/site-packages/airflow/example_dags/example_skip_dag.py
[2024-04-30 16:30:14,287] {scheduler_job.py:639} INFO - DAG(s) dict_keys(['example_skip_dag']) retrieved from /home/airflow/.local/lib/python3.6/site-packages/airflow/example_dags/example_skip_dag.py
[2024-04-30 16:30:14,309] {logging_mixin.py:104} INFO - [2024-04-30 16:30:14,309] {dag.py:1824} INFO - Sync 1 DAGs
[2024-04-30 16:30:14,325] {logging_mixin.py:104} INFO - [2024-04-30 16:30:14,325] {dag.py:2280} INFO - Setting next_dagrun for example_skip_dag to 2024-04-28 00:00:00+00:00
[2024-04-30 16:30:14,346] {scheduler_job.py:190} INFO - Processing /home/airflow/.local/lib/python3.6/site-packages/airflow/example_dags/example_skip_dag.py took 0.075 seconds
[2024-04-30 16:30:45,139] {scheduler_job.py:182} INFO - Started process (PID=1451) to work on /home/airflow/.local/lib/python3.6/site-packages/airflow/example_dags/example_skip_dag.py
[2024-04-30 16:30:45,140] {scheduler_job.py:629} INFO - Processing file /home/airflow/.local/lib/python3.6/site-packages/airflow/example_dags/example_skip_dag.py for tasks to queue
[2024-04-30 16:30:45,142] {logging_mixin.py:104} INFO - [2024-04-30 16:30:45,142] {dagbag.py:451} INFO - Filling up the DagBag from /home/airflow/.local/lib/python3.6/site-packages/airflow/example_dags/example_skip_dag.py
[2024-04-30 16:30:45,160] {scheduler_job.py:639} INFO - DAG(s) dict_keys(['example_skip_dag']) retrieved from /home/airflow/.local/lib/python3.6/site-packages/airflow/example_dags/example_skip_dag.py
[2024-04-30 16:30:45,184] {logging_mixin.py:104} INFO - [2024-04-30 16:30:45,184] {dag.py:1824} INFO - Sync 1 DAGs
[2024-04-30 16:30:45,206] {logging_mixin.py:104} INFO - [2024-04-30 16:30:45,205] {dag.py:2280} INFO - Setting next_dagrun for example_skip_dag to 2024-04-28 00:00:00+00:00
[2024-04-30 16:30:45,219] {scheduler_job.py:190} INFO - Processing /home/airflow/.local/lib/python3.6/site-packages/airflow/example_dags/example_skip_dag.py took 0.085 seconds
[2024-04-30 16:31:15,561] {scheduler_job.py:182} INFO - Started process (PID=1483) to work on /home/airflow/.local/lib/python3.6/site-packages/airflow/example_dags/example_skip_dag.py
[2024-04-30 16:31:15,564] {scheduler_job.py:629} INFO - Processing file /home/airflow/.local/lib/python3.6/site-packages/airflow/example_dags/example_skip_dag.py for tasks to queue
[2024-04-30 16:31:15,567] {logging_mixin.py:104} INFO - [2024-04-30 16:31:15,566] {dagbag.py:451} INFO - Filling up the DagBag from /home/airflow/.local/lib/python3.6/site-packages/airflow/example_dags/example_skip_dag.py
[2024-04-30 16:31:15,598] {scheduler_job.py:639} INFO - DAG(s) dict_keys(['example_skip_dag']) retrieved from /home/airflow/.local/lib/python3.6/site-packages/airflow/example_dags/example_skip_dag.py
[2024-04-30 16:31:15,651] {logging_mixin.py:104} INFO - [2024-04-30 16:31:15,650] {dag.py:1824} INFO - Sync 1 DAGs
[2024-04-30 16:31:15,706] {logging_mixin.py:104} INFO - [2024-04-30 16:31:15,706] {dag.py:2280} INFO - Setting next_dagrun for example_skip_dag to 2024-04-28 00:00:00+00:00
[2024-04-30 16:31:15,735] {scheduler_job.py:190} INFO - Processing /home/airflow/.local/lib/python3.6/site-packages/airflow/example_dags/example_skip_dag.py took 0.180 seconds
[2024-04-30 16:31:45,779] {scheduler_job.py:182} INFO - Started process (PID=1514) to work on /home/airflow/.local/lib/python3.6/site-packages/airflow/example_dags/example_skip_dag.py
[2024-04-30 16:31:45,781] {scheduler_job.py:629} INFO - Processing file /home/airflow/.local/lib/python3.6/site-packages/airflow/example_dags/example_skip_dag.py for tasks to queue
[2024-04-30 16:31:45,782] {logging_mixin.py:104} INFO - [2024-04-30 16:31:45,782] {dagbag.py:451} INFO - Filling up the DagBag from /home/airflow/.local/lib/python3.6/site-packages/airflow/example_dags/example_skip_dag.py
[2024-04-30 16:31:45,793] {scheduler_job.py:639} INFO - DAG(s) dict_keys(['example_skip_dag']) retrieved from /home/airflow/.local/lib/python3.6/site-packages/airflow/example_dags/example_skip_dag.py
[2024-04-30 16:31:45,815] {logging_mixin.py:104} INFO - [2024-04-30 16:31:45,815] {dag.py:1824} INFO - Sync 1 DAGs
[2024-04-30 16:31:45,830] {logging_mixin.py:104} INFO - [2024-04-30 16:31:45,830] {dag.py:2280} INFO - Setting next_dagrun for example_skip_dag to 2024-04-28 00:00:00+00:00
[2024-04-30 16:31:45,841] {scheduler_job.py:190} INFO - Processing /home/airflow/.local/lib/python3.6/site-packages/airflow/example_dags/example_skip_dag.py took 0.064 seconds
[2024-04-30 16:32:16,071] {scheduler_job.py:182} INFO - Started process (PID=1547) to work on /home/airflow/.local/lib/python3.6/site-packages/airflow/example_dags/example_skip_dag.py
[2024-04-30 16:32:16,072] {scheduler_job.py:629} INFO - Processing file /home/airflow/.local/lib/python3.6/site-packages/airflow/example_dags/example_skip_dag.py for tasks to queue
[2024-04-30 16:32:16,073] {logging_mixin.py:104} INFO - [2024-04-30 16:32:16,073] {dagbag.py:451} INFO - Filling up the DagBag from /home/airflow/.local/lib/python3.6/site-packages/airflow/example_dags/example_skip_dag.py
[2024-04-30 16:32:16,090] {scheduler_job.py:639} INFO - DAG(s) dict_keys(['example_skip_dag']) retrieved from /home/airflow/.local/lib/python3.6/site-packages/airflow/example_dags/example_skip_dag.py
[2024-04-30 16:32:16,130] {logging_mixin.py:104} INFO - [2024-04-30 16:32:16,130] {dag.py:1824} INFO - Sync 1 DAGs
[2024-04-30 16:32:16,166] {logging_mixin.py:104} INFO - [2024-04-30 16:32:16,165] {dag.py:2280} INFO - Setting next_dagrun for example_skip_dag to 2024-04-28 00:00:00+00:00
[2024-04-30 16:32:16,192] {scheduler_job.py:190} INFO - Processing /home/airflow/.local/lib/python3.6/site-packages/airflow/example_dags/example_skip_dag.py took 0.125 seconds
[2024-04-30 16:32:46,728] {scheduler_job.py:182} INFO - Started process (PID=1579) to work on /home/airflow/.local/lib/python3.6/site-packages/airflow/example_dags/example_skip_dag.py
[2024-04-30 16:32:46,729] {scheduler_job.py:629} INFO - Processing file /home/airflow/.local/lib/python3.6/site-packages/airflow/example_dags/example_skip_dag.py for tasks to queue
[2024-04-30 16:32:46,730] {logging_mixin.py:104} INFO - [2024-04-30 16:32:46,730] {dagbag.py:451} INFO - Filling up the DagBag from /home/airflow/.local/lib/python3.6/site-packages/airflow/example_dags/example_skip_dag.py
[2024-04-30 16:32:46,740] {scheduler_job.py:639} INFO - DAG(s) dict_keys(['example_skip_dag']) retrieved from /home/airflow/.local/lib/python3.6/site-packages/airflow/example_dags/example_skip_dag.py
[2024-04-30 16:32:46,759] {logging_mixin.py:104} INFO - [2024-04-30 16:32:46,759] {dag.py:1824} INFO - Sync 1 DAGs
[2024-04-30 16:32:46,774] {logging_mixin.py:104} INFO - [2024-04-30 16:32:46,774] {dag.py:2280} INFO - Setting next_dagrun for example_skip_dag to 2024-04-28 00:00:00+00:00
[2024-04-30 16:32:46,785] {scheduler_job.py:190} INFO - Processing /home/airflow/.local/lib/python3.6/site-packages/airflow/example_dags/example_skip_dag.py took 0.060 seconds
[2024-04-30 16:33:17,390] {scheduler_job.py:182} INFO - Started process (PID=1611) to work on /home/airflow/.local/lib/python3.6/site-packages/airflow/example_dags/example_skip_dag.py
[2024-04-30 16:33:17,392] {scheduler_job.py:629} INFO - Processing file /home/airflow/.local/lib/python3.6/site-packages/airflow/example_dags/example_skip_dag.py for tasks to queue
[2024-04-30 16:33:17,393] {logging_mixin.py:104} INFO - [2024-04-30 16:33:17,393] {dagbag.py:451} INFO - Filling up the DagBag from /home/airflow/.local/lib/python3.6/site-packages/airflow/example_dags/example_skip_dag.py
[2024-04-30 16:33:17,407] {scheduler_job.py:639} INFO - DAG(s) dict_keys(['example_skip_dag']) retrieved from /home/airflow/.local/lib/python3.6/site-packages/airflow/example_dags/example_skip_dag.py
[2024-04-30 16:33:17,428] {logging_mixin.py:104} INFO - [2024-04-30 16:33:17,428] {dag.py:1824} INFO - Sync 1 DAGs
[2024-04-30 16:33:17,445] {logging_mixin.py:104} INFO - [2024-04-30 16:33:17,445] {dag.py:2280} INFO - Setting next_dagrun for example_skip_dag to 2024-04-28 00:00:00+00:00
[2024-04-30 16:33:17,461] {scheduler_job.py:190} INFO - Processing /home/airflow/.local/lib/python3.6/site-packages/airflow/example_dags/example_skip_dag.py took 0.074 seconds
[2024-04-30 16:33:47,926] {scheduler_job.py:182} INFO - Started process (PID=1643) to work on /home/airflow/.local/lib/python3.6/site-packages/airflow/example_dags/example_skip_dag.py
[2024-04-30 16:33:47,929] {scheduler_job.py:629} INFO - Processing file /home/airflow/.local/lib/python3.6/site-packages/airflow/example_dags/example_skip_dag.py for tasks to queue
[2024-04-30 16:33:47,930] {logging_mixin.py:104} INFO - [2024-04-30 16:33:47,930] {dagbag.py:451} INFO - Filling up the DagBag from /home/airflow/.local/lib/python3.6/site-packages/airflow/example_dags/example_skip_dag.py
[2024-04-30 16:33:47,943] {scheduler_job.py:639} INFO - DAG(s) dict_keys(['example_skip_dag']) retrieved from /home/airflow/.local/lib/python3.6/site-packages/airflow/example_dags/example_skip_dag.py
[2024-04-30 16:33:47,969] {logging_mixin.py:104} INFO - [2024-04-30 16:33:47,969] {dag.py:1824} INFO - Sync 1 DAGs
[2024-04-30 16:33:47,989] {logging_mixin.py:104} INFO - [2024-04-30 16:33:47,989] {dag.py:2280} INFO - Setting next_dagrun for example_skip_dag to 2024-04-28 00:00:00+00:00
[2024-04-30 16:33:48,000] {scheduler_job.py:190} INFO - Processing /home/airflow/.local/lib/python3.6/site-packages/airflow/example_dags/example_skip_dag.py took 0.077 seconds
[2024-04-30 16:34:18,615] {scheduler_job.py:182} INFO - Started process (PID=1675) to work on /home/airflow/.local/lib/python3.6/site-packages/airflow/example_dags/example_skip_dag.py
[2024-04-30 16:34:18,616] {scheduler_job.py:629} INFO - Processing file /home/airflow/.local/lib/python3.6/site-packages/airflow/example_dags/example_skip_dag.py for tasks to queue
[2024-04-30 16:34:18,617] {logging_mixin.py:104} INFO - [2024-04-30 16:34:18,617] {dagbag.py:451} INFO - Filling up the DagBag from /home/airflow/.local/lib/python3.6/site-packages/airflow/example_dags/example_skip_dag.py
[2024-04-30 16:34:18,628] {scheduler_job.py:639} INFO - DAG(s) dict_keys(['example_skip_dag']) retrieved from /home/airflow/.local/lib/python3.6/site-packages/airflow/example_dags/example_skip_dag.py
[2024-04-30 16:34:18,650] {logging_mixin.py:104} INFO - [2024-04-30 16:34:18,650] {dag.py:1824} INFO - Sync 1 DAGs
[2024-04-30 16:34:18,665] {logging_mixin.py:104} INFO - [2024-04-30 16:34:18,665] {dag.py:2280} INFO - Setting next_dagrun for example_skip_dag to 2024-04-28 00:00:00+00:00
[2024-04-30 16:34:18,675] {scheduler_job.py:190} INFO - Processing /home/airflow/.local/lib/python3.6/site-packages/airflow/example_dags/example_skip_dag.py took 0.064 seconds
[2024-04-30 16:34:49,237] {scheduler_job.py:182} INFO - Started process (PID=1707) to work on /home/airflow/.local/lib/python3.6/site-packages/airflow/example_dags/example_skip_dag.py
[2024-04-30 16:34:49,238] {scheduler_job.py:629} INFO - Processing file /home/airflow/.local/lib/python3.6/site-packages/airflow/example_dags/example_skip_dag.py for tasks to queue
[2024-04-30 16:34:49,239] {logging_mixin.py:104} INFO - [2024-04-30 16:34:49,239] {dagbag.py:451} INFO - Filling up the DagBag from /home/airflow/.local/lib/python3.6/site-packages/airflow/example_dags/example_skip_dag.py
[2024-04-30 16:34:49,250] {scheduler_job.py:639} INFO - DAG(s) dict_keys(['example_skip_dag']) retrieved from /home/airflow/.local/lib/python3.6/site-packages/airflow/example_dags/example_skip_dag.py
[2024-04-30 16:34:49,272] {logging_mixin.py:104} INFO - [2024-04-30 16:34:49,272] {dag.py:1824} INFO - Sync 1 DAGs
[2024-04-30 16:34:49,287] {logging_mixin.py:104} INFO - [2024-04-30 16:34:49,287] {dag.py:2280} INFO - Setting next_dagrun for example_skip_dag to 2024-04-28 00:00:00+00:00
[2024-04-30 16:34:49,296] {scheduler_job.py:190} INFO - Processing /home/airflow/.local/lib/python3.6/site-packages/airflow/example_dags/example_skip_dag.py took 0.062 seconds
[2024-04-30 16:35:19,823] {scheduler_job.py:182} INFO - Started process (PID=1739) to work on /home/airflow/.local/lib/python3.6/site-packages/airflow/example_dags/example_skip_dag.py
[2024-04-30 16:35:19,825] {scheduler_job.py:629} INFO - Processing file /home/airflow/.local/lib/python3.6/site-packages/airflow/example_dags/example_skip_dag.py for tasks to queue
[2024-04-30 16:35:19,825] {logging_mixin.py:104} INFO - [2024-04-30 16:35:19,825] {dagbag.py:451} INFO - Filling up the DagBag from /home/airflow/.local/lib/python3.6/site-packages/airflow/example_dags/example_skip_dag.py
[2024-04-30 16:35:19,835] {scheduler_job.py:639} INFO - DAG(s) dict_keys(['example_skip_dag']) retrieved from /home/airflow/.local/lib/python3.6/site-packages/airflow/example_dags/example_skip_dag.py
[2024-04-30 16:35:19,852] {logging_mixin.py:104} INFO - [2024-04-30 16:35:19,852] {dag.py:1824} INFO - Sync 1 DAGs
[2024-04-30 16:35:19,869] {logging_mixin.py:104} INFO - [2024-04-30 16:35:19,869] {dag.py:2280} INFO - Setting next_dagrun for example_skip_dag to 2024-04-28 00:00:00+00:00
[2024-04-30 16:35:19,878] {scheduler_job.py:190} INFO - Processing /home/airflow/.local/lib/python3.6/site-packages/airflow/example_dags/example_skip_dag.py took 0.058 seconds
[2024-04-30 16:35:50,318] {scheduler_job.py:182} INFO - Started process (PID=1771) to work on /home/airflow/.local/lib/python3.6/site-packages/airflow/example_dags/example_skip_dag.py
[2024-04-30 16:35:50,319] {scheduler_job.py:629} INFO - Processing file /home/airflow/.local/lib/python3.6/site-packages/airflow/example_dags/example_skip_dag.py for tasks to queue
[2024-04-30 16:35:50,320] {logging_mixin.py:104} INFO - [2024-04-30 16:35:50,320] {dagbag.py:451} INFO - Filling up the DagBag from /home/airflow/.local/lib/python3.6/site-packages/airflow/example_dags/example_skip_dag.py
[2024-04-30 16:35:50,330] {scheduler_job.py:639} INFO - DAG(s) dict_keys(['example_skip_dag']) retrieved from /home/airflow/.local/lib/python3.6/site-packages/airflow/example_dags/example_skip_dag.py
[2024-04-30 16:35:50,349] {logging_mixin.py:104} INFO - [2024-04-30 16:35:50,349] {dag.py:1824} INFO - Sync 1 DAGs
[2024-04-30 16:35:50,362] {logging_mixin.py:104} INFO - [2024-04-30 16:35:50,362] {dag.py:2280} INFO - Setting next_dagrun for example_skip_dag to 2024-04-28 00:00:00+00:00
[2024-04-30 16:35:50,371] {scheduler_job.py:190} INFO - Processing /home/airflow/.local/lib/python3.6/site-packages/airflow/example_dags/example_skip_dag.py took 0.056 seconds
[2024-04-30 16:36:20,857] {scheduler_job.py:182} INFO - Started process (PID=1803) to work on /home/airflow/.local/lib/python3.6/site-packages/airflow/example_dags/example_skip_dag.py
[2024-04-30 16:36:20,860] {scheduler_job.py:629} INFO - Processing file /home/airflow/.local/lib/python3.6/site-packages/airflow/example_dags/example_skip_dag.py for tasks to queue
[2024-04-30 16:36:20,861] {logging_mixin.py:104} INFO - [2024-04-30 16:36:20,861] {dagbag.py:451} INFO - Filling up the DagBag from /home/airflow/.local/lib/python3.6/site-packages/airflow/example_dags/example_skip_dag.py
[2024-04-30 16:36:20,875] {scheduler_job.py:639} INFO - DAG(s) dict_keys(['example_skip_dag']) retrieved from /home/airflow/.local/lib/python3.6/site-packages/airflow/example_dags/example_skip_dag.py
[2024-04-30 16:36:20,899] {logging_mixin.py:104} INFO - [2024-04-30 16:36:20,899] {dag.py:1824} INFO - Sync 1 DAGs
[2024-04-30 16:36:20,916] {logging_mixin.py:104} INFO - [2024-04-30 16:36:20,916] {dag.py:2280} INFO - Setting next_dagrun for example_skip_dag to 2024-04-28 00:00:00+00:00
[2024-04-30 16:36:20,928] {scheduler_job.py:190} INFO - Processing /home/airflow/.local/lib/python3.6/site-packages/airflow/example_dags/example_skip_dag.py took 0.074 seconds
[2024-04-30 16:36:51,421] {scheduler_job.py:182} INFO - Started process (PID=1835) to work on /home/airflow/.local/lib/python3.6/site-packages/airflow/example_dags/example_skip_dag.py
[2024-04-30 16:36:51,423] {scheduler_job.py:629} INFO - Processing file /home/airflow/.local/lib/python3.6/site-packages/airflow/example_dags/example_skip_dag.py for tasks to queue
[2024-04-30 16:36:51,423] {logging_mixin.py:104} INFO - [2024-04-30 16:36:51,423] {dagbag.py:451} INFO - Filling up the DagBag from /home/airflow/.local/lib/python3.6/site-packages/airflow/example_dags/example_skip_dag.py
[2024-04-30 16:36:51,433] {scheduler_job.py:639} INFO - DAG(s) dict_keys(['example_skip_dag']) retrieved from /home/airflow/.local/lib/python3.6/site-packages/airflow/example_dags/example_skip_dag.py
[2024-04-30 16:36:51,452] {logging_mixin.py:104} INFO - [2024-04-30 16:36:51,452] {dag.py:1824} INFO - Sync 1 DAGs
[2024-04-30 16:36:51,465] {logging_mixin.py:104} INFO - [2024-04-30 16:36:51,465] {dag.py:2280} INFO - Setting next_dagrun for example_skip_dag to 2024-04-28 00:00:00+00:00
[2024-04-30 16:36:51,475] {scheduler_job.py:190} INFO - Processing /home/airflow/.local/lib/python3.6/site-packages/airflow/example_dags/example_skip_dag.py took 0.058 seconds
[2024-04-30 16:37:22,075] {scheduler_job.py:182} INFO - Started process (PID=1867) to work on /home/airflow/.local/lib/python3.6/site-packages/airflow/example_dags/example_skip_dag.py
[2024-04-30 16:37:22,079] {scheduler_job.py:629} INFO - Processing file /home/airflow/.local/lib/python3.6/site-packages/airflow/example_dags/example_skip_dag.py for tasks to queue
[2024-04-30 16:37:22,081] {logging_mixin.py:104} INFO - [2024-04-30 16:37:22,080] {dagbag.py:451} INFO - Filling up the DagBag from /home/airflow/.local/lib/python3.6/site-packages/airflow/example_dags/example_skip_dag.py
[2024-04-30 16:37:22,095] {scheduler_job.py:639} INFO - DAG(s) dict_keys(['example_skip_dag']) retrieved from /home/airflow/.local/lib/python3.6/site-packages/airflow/example_dags/example_skip_dag.py
[2024-04-30 16:37:22,121] {logging_mixin.py:104} INFO - [2024-04-30 16:37:22,121] {dag.py:1824} INFO - Sync 1 DAGs
[2024-04-30 16:37:22,135] {logging_mixin.py:104} INFO - [2024-04-30 16:37:22,135] {dag.py:2280} INFO - Setting next_dagrun for example_skip_dag to 2024-04-28 00:00:00+00:00
[2024-04-30 16:37:22,144] {scheduler_job.py:190} INFO - Processing /home/airflow/.local/lib/python3.6/site-packages/airflow/example_dags/example_skip_dag.py took 0.074 seconds
[2024-04-30 16:37:52,487] {scheduler_job.py:182} INFO - Started process (PID=1899) to work on /home/airflow/.local/lib/python3.6/site-packages/airflow/example_dags/example_skip_dag.py
[2024-04-30 16:37:52,488] {scheduler_job.py:629} INFO - Processing file /home/airflow/.local/lib/python3.6/site-packages/airflow/example_dags/example_skip_dag.py for tasks to queue
[2024-04-30 16:37:52,489] {logging_mixin.py:104} INFO - [2024-04-30 16:37:52,488] {dagbag.py:451} INFO - Filling up the DagBag from /home/airflow/.local/lib/python3.6/site-packages/airflow/example_dags/example_skip_dag.py
[2024-04-30 16:37:52,499] {scheduler_job.py:639} INFO - DAG(s) dict_keys(['example_skip_dag']) retrieved from /home/airflow/.local/lib/python3.6/site-packages/airflow/example_dags/example_skip_dag.py
[2024-04-30 16:37:52,518] {logging_mixin.py:104} INFO - [2024-04-30 16:37:52,518] {dag.py:1824} INFO - Sync 1 DAGs
[2024-04-30 16:37:52,533] {logging_mixin.py:104} INFO - [2024-04-30 16:37:52,533] {dag.py:2280} INFO - Setting next_dagrun for example_skip_dag to 2024-04-28 00:00:00+00:00
[2024-04-30 16:37:52,542] {scheduler_job.py:190} INFO - Processing /home/airflow/.local/lib/python3.6/site-packages/airflow/example_dags/example_skip_dag.py took 0.058 seconds
[2024-04-30 16:38:22,934] {scheduler_job.py:182} INFO - Started process (PID=1931) to work on /home/airflow/.local/lib/python3.6/site-packages/airflow/example_dags/example_skip_dag.py
[2024-04-30 16:38:22,935] {scheduler_job.py:629} INFO - Processing file /home/airflow/.local/lib/python3.6/site-packages/airflow/example_dags/example_skip_dag.py for tasks to queue
[2024-04-30 16:38:22,936] {logging_mixin.py:104} INFO - [2024-04-30 16:38:22,936] {dagbag.py:451} INFO - Filling up the DagBag from /home/airflow/.local/lib/python3.6/site-packages/airflow/example_dags/example_skip_dag.py
[2024-04-30 16:38:22,946] {scheduler_job.py:639} INFO - DAG(s) dict_keys(['example_skip_dag']) retrieved from /home/airflow/.local/lib/python3.6/site-packages/airflow/example_dags/example_skip_dag.py
[2024-04-30 16:38:22,968] {logging_mixin.py:104} INFO - [2024-04-30 16:38:22,968] {dag.py:1824} INFO - Sync 1 DAGs
[2024-04-30 16:38:22,983] {logging_mixin.py:104} INFO - [2024-04-30 16:38:22,983] {dag.py:2280} INFO - Setting next_dagrun for example_skip_dag to 2024-04-28 00:00:00+00:00
[2024-04-30 16:38:22,994] {scheduler_job.py:190} INFO - Processing /home/airflow/.local/lib/python3.6/site-packages/airflow/example_dags/example_skip_dag.py took 0.063 seconds
[2024-04-30 16:38:53,491] {scheduler_job.py:182} INFO - Started process (PID=1963) to work on /home/airflow/.local/lib/python3.6/site-packages/airflow/example_dags/example_skip_dag.py
[2024-04-30 16:38:53,493] {scheduler_job.py:629} INFO - Processing file /home/airflow/.local/lib/python3.6/site-packages/airflow/example_dags/example_skip_dag.py for tasks to queue
[2024-04-30 16:38:53,493] {logging_mixin.py:104} INFO - [2024-04-30 16:38:53,493] {dagbag.py:451} INFO - Filling up the DagBag from /home/airflow/.local/lib/python3.6/site-packages/airflow/example_dags/example_skip_dag.py
[2024-04-30 16:38:53,506] {scheduler_job.py:639} INFO - DAG(s) dict_keys(['example_skip_dag']) retrieved from /home/airflow/.local/lib/python3.6/site-packages/airflow/example_dags/example_skip_dag.py
[2024-04-30 16:38:53,528] {logging_mixin.py:104} INFO - [2024-04-30 16:38:53,528] {dag.py:1824} INFO - Sync 1 DAGs
[2024-04-30 16:38:53,544] {logging_mixin.py:104} INFO - [2024-04-30 16:38:53,544] {dag.py:2280} INFO - Setting next_dagrun for example_skip_dag to 2024-04-28 00:00:00+00:00
[2024-04-30 16:38:53,564] {scheduler_job.py:190} INFO - Processing /home/airflow/.local/lib/python3.6/site-packages/airflow/example_dags/example_skip_dag.py took 0.075 seconds
[2024-04-30 16:39:24,108] {scheduler_job.py:182} INFO - Started process (PID=1995) to work on /home/airflow/.local/lib/python3.6/site-packages/airflow/example_dags/example_skip_dag.py
[2024-04-30 16:39:24,109] {scheduler_job.py:629} INFO - Processing file /home/airflow/.local/lib/python3.6/site-packages/airflow/example_dags/example_skip_dag.py for tasks to queue
[2024-04-30 16:39:24,110] {logging_mixin.py:104} INFO - [2024-04-30 16:39:24,110] {dagbag.py:451} INFO - Filling up the DagBag from /home/airflow/.local/lib/python3.6/site-packages/airflow/example_dags/example_skip_dag.py
[2024-04-30 16:39:24,120] {scheduler_job.py:639} INFO - DAG(s) dict_keys(['example_skip_dag']) retrieved from /home/airflow/.local/lib/python3.6/site-packages/airflow/example_dags/example_skip_dag.py
[2024-04-30 16:39:24,140] {logging_mixin.py:104} INFO - [2024-04-30 16:39:24,140] {dag.py:1824} INFO - Sync 1 DAGs
[2024-04-30 16:39:24,154] {logging_mixin.py:104} INFO - [2024-04-30 16:39:24,153] {dag.py:2280} INFO - Setting next_dagrun for example_skip_dag to 2024-04-28 00:00:00+00:00
[2024-04-30 16:39:24,164] {scheduler_job.py:190} INFO - Processing /home/airflow/.local/lib/python3.6/site-packages/airflow/example_dags/example_skip_dag.py took 0.059 seconds
[2024-04-30 16:39:54,697] {scheduler_job.py:182} INFO - Started process (PID=2027) to work on /home/airflow/.local/lib/python3.6/site-packages/airflow/example_dags/example_skip_dag.py
[2024-04-30 16:39:54,698] {scheduler_job.py:629} INFO - Processing file /home/airflow/.local/lib/python3.6/site-packages/airflow/example_dags/example_skip_dag.py for tasks to queue
[2024-04-30 16:39:54,699] {logging_mixin.py:104} INFO - [2024-04-30 16:39:54,699] {dagbag.py:451} INFO - Filling up the DagBag from /home/airflow/.local/lib/python3.6/site-packages/airflow/example_dags/example_skip_dag.py
[2024-04-30 16:39:54,710] {scheduler_job.py:639} INFO - DAG(s) dict_keys(['example_skip_dag']) retrieved from /home/airflow/.local/lib/python3.6/site-packages/airflow/example_dags/example_skip_dag.py
[2024-04-30 16:39:54,731] {logging_mixin.py:104} INFO - [2024-04-30 16:39:54,731] {dag.py:1824} INFO - Sync 1 DAGs
[2024-04-30 16:39:54,750] {logging_mixin.py:104} INFO - [2024-04-30 16:39:54,750] {dag.py:2280} INFO - Setting next_dagrun for example_skip_dag to 2024-04-28 00:00:00+00:00
[2024-04-30 16:39:54,760] {scheduler_job.py:190} INFO - Processing /home/airflow/.local/lib/python3.6/site-packages/airflow/example_dags/example_skip_dag.py took 0.066 seconds
[2024-04-30 16:40:25,152] {scheduler_job.py:182} INFO - Started process (PID=2059) to work on /home/airflow/.local/lib/python3.6/site-packages/airflow/example_dags/example_skip_dag.py
[2024-04-30 16:40:25,154] {scheduler_job.py:629} INFO - Processing file /home/airflow/.local/lib/python3.6/site-packages/airflow/example_dags/example_skip_dag.py for tasks to queue
[2024-04-30 16:40:25,155] {logging_mixin.py:104} INFO - [2024-04-30 16:40:25,154] {dagbag.py:451} INFO - Filling up the DagBag from /home/airflow/.local/lib/python3.6/site-packages/airflow/example_dags/example_skip_dag.py
[2024-04-30 16:40:25,165] {scheduler_job.py:639} INFO - DAG(s) dict_keys(['example_skip_dag']) retrieved from /home/airflow/.local/lib/python3.6/site-packages/airflow/example_dags/example_skip_dag.py
[2024-04-30 16:40:25,187] {logging_mixin.py:104} INFO - [2024-04-30 16:40:25,187] {dag.py:1824} INFO - Sync 1 DAGs
[2024-04-30 16:40:25,201] {logging_mixin.py:104} INFO - [2024-04-30 16:40:25,201] {dag.py:2280} INFO - Setting next_dagrun for example_skip_dag to 2024-04-28 00:00:00+00:00
[2024-04-30 16:40:25,211] {scheduler_job.py:190} INFO - Processing /home/airflow/.local/lib/python3.6/site-packages/airflow/example_dags/example_skip_dag.py took 0.061 seconds
[2024-04-30 16:40:55,647] {scheduler_job.py:182} INFO - Started process (PID=2091) to work on /home/airflow/.local/lib/python3.6/site-packages/airflow/example_dags/example_skip_dag.py
[2024-04-30 16:40:55,649] {scheduler_job.py:629} INFO - Processing file /home/airflow/.local/lib/python3.6/site-packages/airflow/example_dags/example_skip_dag.py for tasks to queue
[2024-04-30 16:40:55,649] {logging_mixin.py:104} INFO - [2024-04-30 16:40:55,649] {dagbag.py:451} INFO - Filling up the DagBag from /home/airflow/.local/lib/python3.6/site-packages/airflow/example_dags/example_skip_dag.py
[2024-04-30 16:40:55,660] {scheduler_job.py:639} INFO - DAG(s) dict_keys(['example_skip_dag']) retrieved from /home/airflow/.local/lib/python3.6/site-packages/airflow/example_dags/example_skip_dag.py
[2024-04-30 16:40:55,682] {logging_mixin.py:104} INFO - [2024-04-30 16:40:55,682] {dag.py:1824} INFO - Sync 1 DAGs
[2024-04-30 16:40:55,697] {logging_mixin.py:104} INFO - [2024-04-30 16:40:55,697] {dag.py:2280} INFO - Setting next_dagrun for example_skip_dag to 2024-04-28 00:00:00+00:00
[2024-04-30 16:40:55,707] {scheduler_job.py:190} INFO - Processing /home/airflow/.local/lib/python3.6/site-packages/airflow/example_dags/example_skip_dag.py took 0.063 seconds
[2024-04-30 16:41:26,254] {scheduler_job.py:182} INFO - Started process (PID=2123) to work on /home/airflow/.local/lib/python3.6/site-packages/airflow/example_dags/example_skip_dag.py
[2024-04-30 16:41:26,255] {scheduler_job.py:629} INFO - Processing file /home/airflow/.local/lib/python3.6/site-packages/airflow/example_dags/example_skip_dag.py for tasks to queue
[2024-04-30 16:41:26,256] {logging_mixin.py:104} INFO - [2024-04-30 16:41:26,255] {dagbag.py:451} INFO - Filling up the DagBag from /home/airflow/.local/lib/python3.6/site-packages/airflow/example_dags/example_skip_dag.py
[2024-04-30 16:41:26,266] {scheduler_job.py:639} INFO - DAG(s) dict_keys(['example_skip_dag']) retrieved from /home/airflow/.local/lib/python3.6/site-packages/airflow/example_dags/example_skip_dag.py
[2024-04-30 16:41:26,287] {logging_mixin.py:104} INFO - [2024-04-30 16:41:26,287] {dag.py:1824} INFO - Sync 1 DAGs
[2024-04-30 16:41:26,303] {logging_mixin.py:104} INFO - [2024-04-30 16:41:26,303] {dag.py:2280} INFO - Setting next_dagrun for example_skip_dag to 2024-04-28 00:00:00+00:00
[2024-04-30 16:41:26,313] {scheduler_job.py:190} INFO - Processing /home/airflow/.local/lib/python3.6/site-packages/airflow/example_dags/example_skip_dag.py took 0.063 seconds
[2024-04-30 17:02:24,049] {scheduler_job.py:182} INFO - Started process (PID=2152) to work on /home/airflow/.local/lib/python3.6/site-packages/airflow/example_dags/example_skip_dag.py
[2024-04-30 17:02:24,070] {scheduler_job.py:629} INFO - Processing file /home/airflow/.local/lib/python3.6/site-packages/airflow/example_dags/example_skip_dag.py for tasks to queue
[2024-04-30 17:02:24,080] {logging_mixin.py:104} INFO - [2024-04-30 17:02:24,079] {dagbag.py:451} INFO - Filling up the DagBag from /home/airflow/.local/lib/python3.6/site-packages/airflow/example_dags/example_skip_dag.py
[2024-04-30 17:02:24,305] {scheduler_job.py:639} INFO - DAG(s) dict_keys(['example_skip_dag']) retrieved from /home/airflow/.local/lib/python3.6/site-packages/airflow/example_dags/example_skip_dag.py
[2024-04-30 17:02:24,697] {logging_mixin.py:104} INFO - [2024-04-30 17:02:24,697] {dag.py:1824} INFO - Sync 1 DAGs
[2024-04-30 17:02:25,215] {logging_mixin.py:104} INFO - [2024-04-30 17:02:25,215] {dag.py:2280} INFO - Setting next_dagrun for example_skip_dag to 2024-04-28 00:00:00+00:00
[2024-04-30 17:02:25,308] {scheduler_job.py:190} INFO - Processing /home/airflow/.local/lib/python3.6/site-packages/airflow/example_dags/example_skip_dag.py took 1.315 seconds
