[2024-04-30 16:09:40,120] {scheduler_job.py:182} INFO - Started process (PID=70) to work on /home/airflow/.local/lib/python3.6/site-packages/airflow/example_dags/example_python_operator.py
[2024-04-30 16:09:40,132] {scheduler_job.py:629} INFO - Processing file /home/airflow/.local/lib/python3.6/site-packages/airflow/example_dags/example_python_operator.py for tasks to queue
[2024-04-30 16:09:40,134] {logging_mixin.py:104} INFO - [2024-04-30 16:09:40,134] {dagbag.py:451} INFO - Filling up the DagBag from /home/airflow/.local/lib/python3.6/site-packages/airflow/example_dags/example_python_operator.py
[2024-04-30 16:09:40,185] {scheduler_job.py:639} INFO - DAG(s) dict_keys(['example_python_operator']) retrieved from /home/airflow/.local/lib/python3.6/site-packages/airflow/example_dags/example_python_operator.py
[2024-04-30 16:09:40,368] {logging_mixin.py:104} INFO - [2024-04-30 16:09:40,368] {dag.py:1824} INFO - Sync 1 DAGs
[2024-04-30 16:09:40,432] {logging_mixin.py:104} INFO - [2024-04-30 16:09:40,431] {dag.py:2280} INFO - Setting next_dagrun for example_python_operator to None
[2024-04-30 16:09:40,490] {scheduler_job.py:190} INFO - Processing /home/airflow/.local/lib/python3.6/site-packages/airflow/example_dags/example_python_operator.py took 0.383 seconds
[2024-04-30 16:10:11,097] {scheduler_job.py:182} INFO - Started process (PID=137) to work on /home/airflow/.local/lib/python3.6/site-packages/airflow/example_dags/example_python_operator.py
[2024-04-30 16:10:11,100] {scheduler_job.py:629} INFO - Processing file /home/airflow/.local/lib/python3.6/site-packages/airflow/example_dags/example_python_operator.py for tasks to queue
[2024-04-30 16:10:11,102] {logging_mixin.py:104} INFO - [2024-04-30 16:10:11,102] {dagbag.py:451} INFO - Filling up the DagBag from /home/airflow/.local/lib/python3.6/site-packages/airflow/example_dags/example_python_operator.py
[2024-04-30 16:10:11,166] {scheduler_job.py:639} INFO - DAG(s) dict_keys(['example_python_operator']) retrieved from /home/airflow/.local/lib/python3.6/site-packages/airflow/example_dags/example_python_operator.py
[2024-04-30 16:10:11,248] {logging_mixin.py:104} INFO - [2024-04-30 16:10:11,247] {dag.py:1824} INFO - Sync 1 DAGs
[2024-04-30 16:10:11,302] {logging_mixin.py:104} INFO - [2024-04-30 16:10:11,302] {dag.py:2280} INFO - Setting next_dagrun for example_python_operator to None
[2024-04-30 16:10:11,348] {scheduler_job.py:190} INFO - Processing /home/airflow/.local/lib/python3.6/site-packages/airflow/example_dags/example_python_operator.py took 0.262 seconds
[2024-04-30 16:10:42,198] {scheduler_job.py:182} INFO - Started process (PID=168) to work on /home/airflow/.local/lib/python3.6/site-packages/airflow/example_dags/example_python_operator.py
[2024-04-30 16:10:42,213] {scheduler_job.py:629} INFO - Processing file /home/airflow/.local/lib/python3.6/site-packages/airflow/example_dags/example_python_operator.py for tasks to queue
[2024-04-30 16:10:42,223] {logging_mixin.py:104} INFO - [2024-04-30 16:10:42,222] {dagbag.py:451} INFO - Filling up the DagBag from /home/airflow/.local/lib/python3.6/site-packages/airflow/example_dags/example_python_operator.py
[2024-04-30 16:10:42,305] {scheduler_job.py:639} INFO - DAG(s) dict_keys(['example_python_operator']) retrieved from /home/airflow/.local/lib/python3.6/site-packages/airflow/example_dags/example_python_operator.py
[2024-04-30 16:10:42,409] {logging_mixin.py:104} INFO - [2024-04-30 16:10:42,409] {dag.py:1824} INFO - Sync 1 DAGs
[2024-04-30 16:10:42,558] {logging_mixin.py:104} INFO - [2024-04-30 16:10:42,558] {dag.py:2280} INFO - Setting next_dagrun for example_python_operator to None
[2024-04-30 16:10:42,614] {scheduler_job.py:190} INFO - Processing /home/airflow/.local/lib/python3.6/site-packages/airflow/example_dags/example_python_operator.py took 0.424 seconds
[2024-04-30 16:11:24,467] {scheduler_job.py:182} INFO - Started process (PID=215) to work on /home/airflow/.local/lib/python3.6/site-packages/airflow/example_dags/example_python_operator.py
[2024-04-30 16:11:24,481] {scheduler_job.py:629} INFO - Processing file /home/airflow/.local/lib/python3.6/site-packages/airflow/example_dags/example_python_operator.py for tasks to queue
[2024-04-30 16:11:24,491] {logging_mixin.py:104} INFO - [2024-04-30 16:11:24,491] {dagbag.py:451} INFO - Filling up the DagBag from /home/airflow/.local/lib/python3.6/site-packages/airflow/example_dags/example_python_operator.py
[2024-04-30 16:11:24,556] {scheduler_job.py:639} INFO - DAG(s) dict_keys(['example_python_operator']) retrieved from /home/airflow/.local/lib/python3.6/site-packages/airflow/example_dags/example_python_operator.py
[2024-04-30 16:11:24,631] {logging_mixin.py:104} INFO - [2024-04-30 16:11:24,631] {dag.py:1824} INFO - Sync 1 DAGs
[2024-04-30 16:11:24,700] {logging_mixin.py:104} INFO - [2024-04-30 16:11:24,693] {dag.py:2280} INFO - Setting next_dagrun for example_python_operator to None
[2024-04-30 16:11:24,755] {scheduler_job.py:190} INFO - Processing /home/airflow/.local/lib/python3.6/site-packages/airflow/example_dags/example_python_operator.py took 0.294 seconds
[2024-04-30 16:11:55,206] {scheduler_job.py:182} INFO - Started process (PID=260) to work on /home/airflow/.local/lib/python3.6/site-packages/airflow/example_dags/example_python_operator.py
[2024-04-30 16:11:55,207] {scheduler_job.py:629} INFO - Processing file /home/airflow/.local/lib/python3.6/site-packages/airflow/example_dags/example_python_operator.py for tasks to queue
[2024-04-30 16:11:55,208] {logging_mixin.py:104} INFO - [2024-04-30 16:11:55,208] {dagbag.py:451} INFO - Filling up the DagBag from /home/airflow/.local/lib/python3.6/site-packages/airflow/example_dags/example_python_operator.py
[2024-04-30 16:11:55,229] {scheduler_job.py:639} INFO - DAG(s) dict_keys(['example_python_operator']) retrieved from /home/airflow/.local/lib/python3.6/site-packages/airflow/example_dags/example_python_operator.py
[2024-04-30 16:11:55,267] {logging_mixin.py:104} INFO - [2024-04-30 16:11:55,267] {dag.py:1824} INFO - Sync 1 DAGs
[2024-04-30 16:11:55,287] {logging_mixin.py:104} INFO - [2024-04-30 16:11:55,287] {dag.py:2280} INFO - Setting next_dagrun for example_python_operator to None
[2024-04-30 16:11:55,300] {scheduler_job.py:190} INFO - Processing /home/airflow/.local/lib/python3.6/site-packages/airflow/example_dags/example_python_operator.py took 0.100 seconds
[2024-04-30 16:12:26,237] {scheduler_job.py:182} INFO - Started process (PID=292) to work on /home/airflow/.local/lib/python3.6/site-packages/airflow/example_dags/example_python_operator.py
[2024-04-30 16:12:26,240] {scheduler_job.py:629} INFO - Processing file /home/airflow/.local/lib/python3.6/site-packages/airflow/example_dags/example_python_operator.py for tasks to queue
[2024-04-30 16:12:26,241] {logging_mixin.py:104} INFO - [2024-04-30 16:12:26,241] {dagbag.py:451} INFO - Filling up the DagBag from /home/airflow/.local/lib/python3.6/site-packages/airflow/example_dags/example_python_operator.py
[2024-04-30 16:12:26,259] {scheduler_job.py:639} INFO - DAG(s) dict_keys(['example_python_operator']) retrieved from /home/airflow/.local/lib/python3.6/site-packages/airflow/example_dags/example_python_operator.py
[2024-04-30 16:12:26,290] {logging_mixin.py:104} INFO - [2024-04-30 16:12:26,290] {dag.py:1824} INFO - Sync 1 DAGs
[2024-04-30 16:12:26,312] {logging_mixin.py:104} INFO - [2024-04-30 16:12:26,312] {dag.py:2280} INFO - Setting next_dagrun for example_python_operator to None
[2024-04-30 16:12:26,329] {scheduler_job.py:190} INFO - Processing /home/airflow/.local/lib/python3.6/site-packages/airflow/example_dags/example_python_operator.py took 0.096 seconds
[2024-04-30 16:12:57,132] {scheduler_job.py:182} INFO - Started process (PID=324) to work on /home/airflow/.local/lib/python3.6/site-packages/airflow/example_dags/example_python_operator.py
[2024-04-30 16:12:57,134] {scheduler_job.py:629} INFO - Processing file /home/airflow/.local/lib/python3.6/site-packages/airflow/example_dags/example_python_operator.py for tasks to queue
[2024-04-30 16:12:57,136] {logging_mixin.py:104} INFO - [2024-04-30 16:12:57,136] {dagbag.py:451} INFO - Filling up the DagBag from /home/airflow/.local/lib/python3.6/site-packages/airflow/example_dags/example_python_operator.py
[2024-04-30 16:12:57,157] {scheduler_job.py:639} INFO - DAG(s) dict_keys(['example_python_operator']) retrieved from /home/airflow/.local/lib/python3.6/site-packages/airflow/example_dags/example_python_operator.py
[2024-04-30 16:12:57,188] {logging_mixin.py:104} INFO - [2024-04-30 16:12:57,188] {dag.py:1824} INFO - Sync 1 DAGs
[2024-04-30 16:12:57,233] {logging_mixin.py:104} INFO - [2024-04-30 16:12:57,233] {dag.py:2280} INFO - Setting next_dagrun for example_python_operator to None
[2024-04-30 16:12:57,295] {scheduler_job.py:190} INFO - Processing /home/airflow/.local/lib/python3.6/site-packages/airflow/example_dags/example_python_operator.py took 0.168 seconds
[2024-04-30 16:13:27,552] {scheduler_job.py:182} INFO - Started process (PID=356) to work on /home/airflow/.local/lib/python3.6/site-packages/airflow/example_dags/example_python_operator.py
[2024-04-30 16:13:27,558] {scheduler_job.py:629} INFO - Processing file /home/airflow/.local/lib/python3.6/site-packages/airflow/example_dags/example_python_operator.py for tasks to queue
[2024-04-30 16:13:27,565] {logging_mixin.py:104} INFO - [2024-04-30 16:13:27,565] {dagbag.py:451} INFO - Filling up the DagBag from /home/airflow/.local/lib/python3.6/site-packages/airflow/example_dags/example_python_operator.py
[2024-04-30 16:13:27,614] {scheduler_job.py:639} INFO - DAG(s) dict_keys(['example_python_operator']) retrieved from /home/airflow/.local/lib/python3.6/site-packages/airflow/example_dags/example_python_operator.py
[2024-04-30 16:13:27,676] {logging_mixin.py:104} INFO - [2024-04-30 16:13:27,676] {dag.py:1824} INFO - Sync 1 DAGs
[2024-04-30 16:13:27,736] {logging_mixin.py:104} INFO - [2024-04-30 16:13:27,735] {dag.py:2280} INFO - Setting next_dagrun for example_python_operator to None
[2024-04-30 16:13:27,782] {scheduler_job.py:190} INFO - Processing /home/airflow/.local/lib/python3.6/site-packages/airflow/example_dags/example_python_operator.py took 0.238 seconds
[2024-04-30 16:13:58,035] {scheduler_job.py:182} INFO - Started process (PID=404) to work on /home/airflow/.local/lib/python3.6/site-packages/airflow/example_dags/example_python_operator.py
[2024-04-30 16:13:58,039] {scheduler_job.py:629} INFO - Processing file /home/airflow/.local/lib/python3.6/site-packages/airflow/example_dags/example_python_operator.py for tasks to queue
[2024-04-30 16:13:58,042] {logging_mixin.py:104} INFO - [2024-04-30 16:13:58,041] {dagbag.py:451} INFO - Filling up the DagBag from /home/airflow/.local/lib/python3.6/site-packages/airflow/example_dags/example_python_operator.py
[2024-04-30 16:13:58,065] {scheduler_job.py:639} INFO - DAG(s) dict_keys(['example_python_operator']) retrieved from /home/airflow/.local/lib/python3.6/site-packages/airflow/example_dags/example_python_operator.py
[2024-04-30 16:13:58,092] {logging_mixin.py:104} INFO - [2024-04-30 16:13:58,092] {dag.py:1824} INFO - Sync 1 DAGs
[2024-04-30 16:13:58,109] {logging_mixin.py:104} INFO - [2024-04-30 16:13:58,109] {dag.py:2280} INFO - Setting next_dagrun for example_python_operator to None
[2024-04-30 16:13:58,120] {scheduler_job.py:190} INFO - Processing /home/airflow/.local/lib/python3.6/site-packages/airflow/example_dags/example_python_operator.py took 0.091 seconds
[2024-04-30 16:14:28,564] {scheduler_job.py:182} INFO - Started process (PID=435) to work on /home/airflow/.local/lib/python3.6/site-packages/airflow/example_dags/example_python_operator.py
[2024-04-30 16:14:28,566] {scheduler_job.py:629} INFO - Processing file /home/airflow/.local/lib/python3.6/site-packages/airflow/example_dags/example_python_operator.py for tasks to queue
[2024-04-30 16:14:28,567] {logging_mixin.py:104} INFO - [2024-04-30 16:14:28,567] {dagbag.py:451} INFO - Filling up the DagBag from /home/airflow/.local/lib/python3.6/site-packages/airflow/example_dags/example_python_operator.py
[2024-04-30 16:14:28,585] {scheduler_job.py:639} INFO - DAG(s) dict_keys(['example_python_operator']) retrieved from /home/airflow/.local/lib/python3.6/site-packages/airflow/example_dags/example_python_operator.py
[2024-04-30 16:14:28,609] {logging_mixin.py:104} INFO - [2024-04-30 16:14:28,609] {dag.py:1824} INFO - Sync 1 DAGs
[2024-04-30 16:14:28,639] {logging_mixin.py:104} INFO - [2024-04-30 16:14:28,638] {dag.py:2280} INFO - Setting next_dagrun for example_python_operator to None
[2024-04-30 16:14:28,652] {scheduler_job.py:190} INFO - Processing /home/airflow/.local/lib/python3.6/site-packages/airflow/example_dags/example_python_operator.py took 0.094 seconds
[2024-04-30 16:14:58,856] {scheduler_job.py:182} INFO - Started process (PID=467) to work on /home/airflow/.local/lib/python3.6/site-packages/airflow/example_dags/example_python_operator.py
[2024-04-30 16:14:58,858] {scheduler_job.py:629} INFO - Processing file /home/airflow/.local/lib/python3.6/site-packages/airflow/example_dags/example_python_operator.py for tasks to queue
[2024-04-30 16:14:58,859] {logging_mixin.py:104} INFO - [2024-04-30 16:14:58,859] {dagbag.py:451} INFO - Filling up the DagBag from /home/airflow/.local/lib/python3.6/site-packages/airflow/example_dags/example_python_operator.py
[2024-04-30 16:14:58,878] {scheduler_job.py:639} INFO - DAG(s) dict_keys(['example_python_operator']) retrieved from /home/airflow/.local/lib/python3.6/site-packages/airflow/example_dags/example_python_operator.py
[2024-04-30 16:14:58,905] {logging_mixin.py:104} INFO - [2024-04-30 16:14:58,905] {dag.py:1824} INFO - Sync 1 DAGs
[2024-04-30 16:14:58,928] {logging_mixin.py:104} INFO - [2024-04-30 16:14:58,928] {dag.py:2280} INFO - Setting next_dagrun for example_python_operator to None
[2024-04-30 16:14:58,966] {scheduler_job.py:190} INFO - Processing /home/airflow/.local/lib/python3.6/site-packages/airflow/example_dags/example_python_operator.py took 0.114 seconds
[2024-04-30 16:15:29,937] {scheduler_job.py:182} INFO - Started process (PID=499) to work on /home/airflow/.local/lib/python3.6/site-packages/airflow/example_dags/example_python_operator.py
[2024-04-30 16:15:29,939] {scheduler_job.py:629} INFO - Processing file /home/airflow/.local/lib/python3.6/site-packages/airflow/example_dags/example_python_operator.py for tasks to queue
[2024-04-30 16:15:29,941] {logging_mixin.py:104} INFO - [2024-04-30 16:15:29,941] {dagbag.py:451} INFO - Filling up the DagBag from /home/airflow/.local/lib/python3.6/site-packages/airflow/example_dags/example_python_operator.py
[2024-04-30 16:15:29,959] {scheduler_job.py:639} INFO - DAG(s) dict_keys(['example_python_operator']) retrieved from /home/airflow/.local/lib/python3.6/site-packages/airflow/example_dags/example_python_operator.py
[2024-04-30 16:15:29,989] {logging_mixin.py:104} INFO - [2024-04-30 16:15:29,989] {dag.py:1824} INFO - Sync 1 DAGs
[2024-04-30 16:15:30,025] {logging_mixin.py:104} INFO - [2024-04-30 16:15:30,024] {dag.py:2280} INFO - Setting next_dagrun for example_python_operator to None
[2024-04-30 16:15:30,045] {scheduler_job.py:190} INFO - Processing /home/airflow/.local/lib/python3.6/site-packages/airflow/example_dags/example_python_operator.py took 0.112 seconds
[2024-04-30 16:16:00,719] {scheduler_job.py:182} INFO - Started process (PID=531) to work on /home/airflow/.local/lib/python3.6/site-packages/airflow/example_dags/example_python_operator.py
[2024-04-30 16:16:00,721] {scheduler_job.py:629} INFO - Processing file /home/airflow/.local/lib/python3.6/site-packages/airflow/example_dags/example_python_operator.py for tasks to queue
[2024-04-30 16:16:00,723] {logging_mixin.py:104} INFO - [2024-04-30 16:16:00,723] {dagbag.py:451} INFO - Filling up the DagBag from /home/airflow/.local/lib/python3.6/site-packages/airflow/example_dags/example_python_operator.py
[2024-04-30 16:16:00,744] {scheduler_job.py:639} INFO - DAG(s) dict_keys(['example_python_operator']) retrieved from /home/airflow/.local/lib/python3.6/site-packages/airflow/example_dags/example_python_operator.py
[2024-04-30 16:16:00,776] {logging_mixin.py:104} INFO - [2024-04-30 16:16:00,776] {dag.py:1824} INFO - Sync 1 DAGs
[2024-04-30 16:16:00,799] {logging_mixin.py:104} INFO - [2024-04-30 16:16:00,799] {dag.py:2280} INFO - Setting next_dagrun for example_python_operator to None
[2024-04-30 16:16:00,813] {scheduler_job.py:190} INFO - Processing /home/airflow/.local/lib/python3.6/site-packages/airflow/example_dags/example_python_operator.py took 0.100 seconds
[2024-04-30 16:16:31,070] {scheduler_job.py:182} INFO - Started process (PID=563) to work on /home/airflow/.local/lib/python3.6/site-packages/airflow/example_dags/example_python_operator.py
[2024-04-30 16:16:31,074] {scheduler_job.py:629} INFO - Processing file /home/airflow/.local/lib/python3.6/site-packages/airflow/example_dags/example_python_operator.py for tasks to queue
[2024-04-30 16:16:31,076] {logging_mixin.py:104} INFO - [2024-04-30 16:16:31,076] {dagbag.py:451} INFO - Filling up the DagBag from /home/airflow/.local/lib/python3.6/site-packages/airflow/example_dags/example_python_operator.py
[2024-04-30 16:16:31,102] {scheduler_job.py:639} INFO - DAG(s) dict_keys(['example_python_operator']) retrieved from /home/airflow/.local/lib/python3.6/site-packages/airflow/example_dags/example_python_operator.py
[2024-04-30 16:16:31,137] {logging_mixin.py:104} INFO - [2024-04-30 16:16:31,137] {dag.py:1824} INFO - Sync 1 DAGs
[2024-04-30 16:16:31,162] {logging_mixin.py:104} INFO - [2024-04-30 16:16:31,162] {dag.py:2280} INFO - Setting next_dagrun for example_python_operator to None
[2024-04-30 16:16:31,179] {scheduler_job.py:190} INFO - Processing /home/airflow/.local/lib/python3.6/site-packages/airflow/example_dags/example_python_operator.py took 0.119 seconds
[2024-04-30 16:17:02,180] {scheduler_job.py:182} INFO - Started process (PID=595) to work on /home/airflow/.local/lib/python3.6/site-packages/airflow/example_dags/example_python_operator.py
[2024-04-30 16:17:02,181] {scheduler_job.py:629} INFO - Processing file /home/airflow/.local/lib/python3.6/site-packages/airflow/example_dags/example_python_operator.py for tasks to queue
[2024-04-30 16:17:02,182] {logging_mixin.py:104} INFO - [2024-04-30 16:17:02,182] {dagbag.py:451} INFO - Filling up the DagBag from /home/airflow/.local/lib/python3.6/site-packages/airflow/example_dags/example_python_operator.py
[2024-04-30 16:17:02,195] {scheduler_job.py:639} INFO - DAG(s) dict_keys(['example_python_operator']) retrieved from /home/airflow/.local/lib/python3.6/site-packages/airflow/example_dags/example_python_operator.py
[2024-04-30 16:17:02,215] {logging_mixin.py:104} INFO - [2024-04-30 16:17:02,215] {dag.py:1824} INFO - Sync 1 DAGs
[2024-04-30 16:17:02,228] {logging_mixin.py:104} INFO - [2024-04-30 16:17:02,228] {dag.py:2280} INFO - Setting next_dagrun for example_python_operator to None
[2024-04-30 16:17:02,241] {scheduler_job.py:190} INFO - Processing /home/airflow/.local/lib/python3.6/site-packages/airflow/example_dags/example_python_operator.py took 0.064 seconds
[2024-04-30 16:17:32,937] {scheduler_job.py:182} INFO - Started process (PID=627) to work on /home/airflow/.local/lib/python3.6/site-packages/airflow/example_dags/example_python_operator.py
[2024-04-30 16:17:32,939] {scheduler_job.py:629} INFO - Processing file /home/airflow/.local/lib/python3.6/site-packages/airflow/example_dags/example_python_operator.py for tasks to queue
[2024-04-30 16:17:32,940] {logging_mixin.py:104} INFO - [2024-04-30 16:17:32,940] {dagbag.py:451} INFO - Filling up the DagBag from /home/airflow/.local/lib/python3.6/site-packages/airflow/example_dags/example_python_operator.py
[2024-04-30 16:17:32,953] {scheduler_job.py:639} INFO - DAG(s) dict_keys(['example_python_operator']) retrieved from /home/airflow/.local/lib/python3.6/site-packages/airflow/example_dags/example_python_operator.py
[2024-04-30 16:17:32,973] {logging_mixin.py:104} INFO - [2024-04-30 16:17:32,972] {dag.py:1824} INFO - Sync 1 DAGs
[2024-04-30 16:17:32,986] {logging_mixin.py:104} INFO - [2024-04-30 16:17:32,986] {dag.py:2280} INFO - Setting next_dagrun for example_python_operator to None
[2024-04-30 16:17:32,998] {scheduler_job.py:190} INFO - Processing /home/airflow/.local/lib/python3.6/site-packages/airflow/example_dags/example_python_operator.py took 0.064 seconds
[2024-04-30 16:18:03,983] {scheduler_job.py:182} INFO - Started process (PID=659) to work on /home/airflow/.local/lib/python3.6/site-packages/airflow/example_dags/example_python_operator.py
[2024-04-30 16:18:03,985] {scheduler_job.py:629} INFO - Processing file /home/airflow/.local/lib/python3.6/site-packages/airflow/example_dags/example_python_operator.py for tasks to queue
[2024-04-30 16:18:03,986] {logging_mixin.py:104} INFO - [2024-04-30 16:18:03,986] {dagbag.py:451} INFO - Filling up the DagBag from /home/airflow/.local/lib/python3.6/site-packages/airflow/example_dags/example_python_operator.py
[2024-04-30 16:18:03,999] {scheduler_job.py:639} INFO - DAG(s) dict_keys(['example_python_operator']) retrieved from /home/airflow/.local/lib/python3.6/site-packages/airflow/example_dags/example_python_operator.py
[2024-04-30 16:18:04,020] {logging_mixin.py:104} INFO - [2024-04-30 16:18:04,020] {dag.py:1824} INFO - Sync 1 DAGs
[2024-04-30 16:18:04,035] {logging_mixin.py:104} INFO - [2024-04-30 16:18:04,035] {dag.py:2280} INFO - Setting next_dagrun for example_python_operator to None
[2024-04-30 16:18:04,046] {scheduler_job.py:190} INFO - Processing /home/airflow/.local/lib/python3.6/site-packages/airflow/example_dags/example_python_operator.py took 0.066 seconds
[2024-04-30 16:18:34,297] {scheduler_job.py:182} INFO - Started process (PID=691) to work on /home/airflow/.local/lib/python3.6/site-packages/airflow/example_dags/example_python_operator.py
[2024-04-30 16:18:34,299] {scheduler_job.py:629} INFO - Processing file /home/airflow/.local/lib/python3.6/site-packages/airflow/example_dags/example_python_operator.py for tasks to queue
[2024-04-30 16:18:34,300] {logging_mixin.py:104} INFO - [2024-04-30 16:18:34,299] {dagbag.py:451} INFO - Filling up the DagBag from /home/airflow/.local/lib/python3.6/site-packages/airflow/example_dags/example_python_operator.py
[2024-04-30 16:18:34,315] {scheduler_job.py:639} INFO - DAG(s) dict_keys(['example_python_operator']) retrieved from /home/airflow/.local/lib/python3.6/site-packages/airflow/example_dags/example_python_operator.py
[2024-04-30 16:18:34,334] {logging_mixin.py:104} INFO - [2024-04-30 16:18:34,334] {dag.py:1824} INFO - Sync 1 DAGs
[2024-04-30 16:18:34,347] {logging_mixin.py:104} INFO - [2024-04-30 16:18:34,347] {dag.py:2280} INFO - Setting next_dagrun for example_python_operator to None
[2024-04-30 16:18:34,359] {scheduler_job.py:190} INFO - Processing /home/airflow/.local/lib/python3.6/site-packages/airflow/example_dags/example_python_operator.py took 0.065 seconds
[2024-04-30 16:19:04,846] {scheduler_job.py:182} INFO - Started process (PID=723) to work on /home/airflow/.local/lib/python3.6/site-packages/airflow/example_dags/example_python_operator.py
[2024-04-30 16:19:04,847] {scheduler_job.py:629} INFO - Processing file /home/airflow/.local/lib/python3.6/site-packages/airflow/example_dags/example_python_operator.py for tasks to queue
[2024-04-30 16:19:04,848] {logging_mixin.py:104} INFO - [2024-04-30 16:19:04,848] {dagbag.py:451} INFO - Filling up the DagBag from /home/airflow/.local/lib/python3.6/site-packages/airflow/example_dags/example_python_operator.py
[2024-04-30 16:19:04,860] {scheduler_job.py:639} INFO - DAG(s) dict_keys(['example_python_operator']) retrieved from /home/airflow/.local/lib/python3.6/site-packages/airflow/example_dags/example_python_operator.py
[2024-04-30 16:19:04,882] {logging_mixin.py:104} INFO - [2024-04-30 16:19:04,882] {dag.py:1824} INFO - Sync 1 DAGs
[2024-04-30 16:19:04,898] {logging_mixin.py:104} INFO - [2024-04-30 16:19:04,898] {dag.py:2280} INFO - Setting next_dagrun for example_python_operator to None
[2024-04-30 16:19:04,909] {scheduler_job.py:190} INFO - Processing /home/airflow/.local/lib/python3.6/site-packages/airflow/example_dags/example_python_operator.py took 0.066 seconds
[2024-04-30 16:19:35,285] {scheduler_job.py:182} INFO - Started process (PID=755) to work on /home/airflow/.local/lib/python3.6/site-packages/airflow/example_dags/example_python_operator.py
[2024-04-30 16:19:35,286] {scheduler_job.py:629} INFO - Processing file /home/airflow/.local/lib/python3.6/site-packages/airflow/example_dags/example_python_operator.py for tasks to queue
[2024-04-30 16:19:35,287] {logging_mixin.py:104} INFO - [2024-04-30 16:19:35,287] {dagbag.py:451} INFO - Filling up the DagBag from /home/airflow/.local/lib/python3.6/site-packages/airflow/example_dags/example_python_operator.py
[2024-04-30 16:19:35,299] {scheduler_job.py:639} INFO - DAG(s) dict_keys(['example_python_operator']) retrieved from /home/airflow/.local/lib/python3.6/site-packages/airflow/example_dags/example_python_operator.py
[2024-04-30 16:19:35,321] {logging_mixin.py:104} INFO - [2024-04-30 16:19:35,321] {dag.py:1824} INFO - Sync 1 DAGs
[2024-04-30 16:19:35,336] {logging_mixin.py:104} INFO - [2024-04-30 16:19:35,336] {dag.py:2280} INFO - Setting next_dagrun for example_python_operator to None
[2024-04-30 16:19:35,348] {scheduler_job.py:190} INFO - Processing /home/airflow/.local/lib/python3.6/site-packages/airflow/example_dags/example_python_operator.py took 0.066 seconds
[2024-04-30 16:20:05,675] {scheduler_job.py:182} INFO - Started process (PID=787) to work on /home/airflow/.local/lib/python3.6/site-packages/airflow/example_dags/example_python_operator.py
[2024-04-30 16:20:05,677] {scheduler_job.py:629} INFO - Processing file /home/airflow/.local/lib/python3.6/site-packages/airflow/example_dags/example_python_operator.py for tasks to queue
[2024-04-30 16:20:05,678] {logging_mixin.py:104} INFO - [2024-04-30 16:20:05,677] {dagbag.py:451} INFO - Filling up the DagBag from /home/airflow/.local/lib/python3.6/site-packages/airflow/example_dags/example_python_operator.py
[2024-04-30 16:20:05,690] {scheduler_job.py:639} INFO - DAG(s) dict_keys(['example_python_operator']) retrieved from /home/airflow/.local/lib/python3.6/site-packages/airflow/example_dags/example_python_operator.py
[2024-04-30 16:20:05,710] {logging_mixin.py:104} INFO - [2024-04-30 16:20:05,710] {dag.py:1824} INFO - Sync 1 DAGs
[2024-04-30 16:20:05,726] {logging_mixin.py:104} INFO - [2024-04-30 16:20:05,726] {dag.py:2280} INFO - Setting next_dagrun for example_python_operator to None
[2024-04-30 16:20:05,737] {scheduler_job.py:190} INFO - Processing /home/airflow/.local/lib/python3.6/site-packages/airflow/example_dags/example_python_operator.py took 0.064 seconds
[2024-04-30 16:20:36,193] {scheduler_job.py:182} INFO - Started process (PID=819) to work on /home/airflow/.local/lib/python3.6/site-packages/airflow/example_dags/example_python_operator.py
[2024-04-30 16:20:36,194] {scheduler_job.py:629} INFO - Processing file /home/airflow/.local/lib/python3.6/site-packages/airflow/example_dags/example_python_operator.py for tasks to queue
[2024-04-30 16:20:36,195] {logging_mixin.py:104} INFO - [2024-04-30 16:20:36,195] {dagbag.py:451} INFO - Filling up the DagBag from /home/airflow/.local/lib/python3.6/site-packages/airflow/example_dags/example_python_operator.py
[2024-04-30 16:20:36,208] {scheduler_job.py:639} INFO - DAG(s) dict_keys(['example_python_operator']) retrieved from /home/airflow/.local/lib/python3.6/site-packages/airflow/example_dags/example_python_operator.py
[2024-04-30 16:20:36,228] {logging_mixin.py:104} INFO - [2024-04-30 16:20:36,228] {dag.py:1824} INFO - Sync 1 DAGs
[2024-04-30 16:20:36,248] {logging_mixin.py:104} INFO - [2024-04-30 16:20:36,248] {dag.py:2280} INFO - Setting next_dagrun for example_python_operator to None
[2024-04-30 16:20:36,261] {scheduler_job.py:190} INFO - Processing /home/airflow/.local/lib/python3.6/site-packages/airflow/example_dags/example_python_operator.py took 0.071 seconds
[2024-04-30 16:21:06,685] {scheduler_job.py:182} INFO - Started process (PID=851) to work on /home/airflow/.local/lib/python3.6/site-packages/airflow/example_dags/example_python_operator.py
[2024-04-30 16:21:06,686] {scheduler_job.py:629} INFO - Processing file /home/airflow/.local/lib/python3.6/site-packages/airflow/example_dags/example_python_operator.py for tasks to queue
[2024-04-30 16:21:06,687] {logging_mixin.py:104} INFO - [2024-04-30 16:21:06,687] {dagbag.py:451} INFO - Filling up the DagBag from /home/airflow/.local/lib/python3.6/site-packages/airflow/example_dags/example_python_operator.py
[2024-04-30 16:21:06,700] {scheduler_job.py:639} INFO - DAG(s) dict_keys(['example_python_operator']) retrieved from /home/airflow/.local/lib/python3.6/site-packages/airflow/example_dags/example_python_operator.py
[2024-04-30 16:21:06,720] {logging_mixin.py:104} INFO - [2024-04-30 16:21:06,720] {dag.py:1824} INFO - Sync 1 DAGs
[2024-04-30 16:21:06,735] {logging_mixin.py:104} INFO - [2024-04-30 16:21:06,735] {dag.py:2280} INFO - Setting next_dagrun for example_python_operator to None
[2024-04-30 16:21:06,746] {scheduler_job.py:190} INFO - Processing /home/airflow/.local/lib/python3.6/site-packages/airflow/example_dags/example_python_operator.py took 0.063 seconds
[2024-04-30 16:21:37,192] {scheduler_job.py:182} INFO - Started process (PID=883) to work on /home/airflow/.local/lib/python3.6/site-packages/airflow/example_dags/example_python_operator.py
[2024-04-30 16:21:37,193] {scheduler_job.py:629} INFO - Processing file /home/airflow/.local/lib/python3.6/site-packages/airflow/example_dags/example_python_operator.py for tasks to queue
[2024-04-30 16:21:37,194] {logging_mixin.py:104} INFO - [2024-04-30 16:21:37,194] {dagbag.py:451} INFO - Filling up the DagBag from /home/airflow/.local/lib/python3.6/site-packages/airflow/example_dags/example_python_operator.py
[2024-04-30 16:21:37,208] {scheduler_job.py:639} INFO - DAG(s) dict_keys(['example_python_operator']) retrieved from /home/airflow/.local/lib/python3.6/site-packages/airflow/example_dags/example_python_operator.py
[2024-04-30 16:21:37,235] {logging_mixin.py:104} INFO - [2024-04-30 16:21:37,235] {dag.py:1824} INFO - Sync 1 DAGs
[2024-04-30 16:21:37,254] {logging_mixin.py:104} INFO - [2024-04-30 16:21:37,254] {dag.py:2280} INFO - Setting next_dagrun for example_python_operator to None
[2024-04-30 16:21:37,266] {scheduler_job.py:190} INFO - Processing /home/airflow/.local/lib/python3.6/site-packages/airflow/example_dags/example_python_operator.py took 0.078 seconds
[2024-04-30 16:22:07,734] {scheduler_job.py:182} INFO - Started process (PID=915) to work on /home/airflow/.local/lib/python3.6/site-packages/airflow/example_dags/example_python_operator.py
[2024-04-30 16:22:07,736] {scheduler_job.py:629} INFO - Processing file /home/airflow/.local/lib/python3.6/site-packages/airflow/example_dags/example_python_operator.py for tasks to queue
[2024-04-30 16:22:07,737] {logging_mixin.py:104} INFO - [2024-04-30 16:22:07,737] {dagbag.py:451} INFO - Filling up the DagBag from /home/airflow/.local/lib/python3.6/site-packages/airflow/example_dags/example_python_operator.py
[2024-04-30 16:22:07,753] {scheduler_job.py:639} INFO - DAG(s) dict_keys(['example_python_operator']) retrieved from /home/airflow/.local/lib/python3.6/site-packages/airflow/example_dags/example_python_operator.py
[2024-04-30 16:22:07,785] {logging_mixin.py:104} INFO - [2024-04-30 16:22:07,785] {dag.py:1824} INFO - Sync 1 DAGs
[2024-04-30 16:22:07,805] {logging_mixin.py:104} INFO - [2024-04-30 16:22:07,805] {dag.py:2280} INFO - Setting next_dagrun for example_python_operator to None
[2024-04-30 16:22:07,816] {scheduler_job.py:190} INFO - Processing /home/airflow/.local/lib/python3.6/site-packages/airflow/example_dags/example_python_operator.py took 0.087 seconds
[2024-04-30 16:22:38,462] {scheduler_job.py:182} INFO - Started process (PID=947) to work on /home/airflow/.local/lib/python3.6/site-packages/airflow/example_dags/example_python_operator.py
[2024-04-30 16:22:38,465] {scheduler_job.py:629} INFO - Processing file /home/airflow/.local/lib/python3.6/site-packages/airflow/example_dags/example_python_operator.py for tasks to queue
[2024-04-30 16:22:38,467] {logging_mixin.py:104} INFO - [2024-04-30 16:22:38,467] {dagbag.py:451} INFO - Filling up the DagBag from /home/airflow/.local/lib/python3.6/site-packages/airflow/example_dags/example_python_operator.py
[2024-04-30 16:22:38,479] {scheduler_job.py:639} INFO - DAG(s) dict_keys(['example_python_operator']) retrieved from /home/airflow/.local/lib/python3.6/site-packages/airflow/example_dags/example_python_operator.py
[2024-04-30 16:22:38,505] {logging_mixin.py:104} INFO - [2024-04-30 16:22:38,505] {dag.py:1824} INFO - Sync 1 DAGs
[2024-04-30 16:22:38,522] {logging_mixin.py:104} INFO - [2024-04-30 16:22:38,522] {dag.py:2280} INFO - Setting next_dagrun for example_python_operator to None
[2024-04-30 16:22:38,537] {scheduler_job.py:190} INFO - Processing /home/airflow/.local/lib/python3.6/site-packages/airflow/example_dags/example_python_operator.py took 0.078 seconds
[2024-04-30 16:23:09,016] {scheduler_job.py:182} INFO - Started process (PID=979) to work on /home/airflow/.local/lib/python3.6/site-packages/airflow/example_dags/example_python_operator.py
[2024-04-30 16:23:09,018] {scheduler_job.py:629} INFO - Processing file /home/airflow/.local/lib/python3.6/site-packages/airflow/example_dags/example_python_operator.py for tasks to queue
[2024-04-30 16:23:09,019] {logging_mixin.py:104} INFO - [2024-04-30 16:23:09,019] {dagbag.py:451} INFO - Filling up the DagBag from /home/airflow/.local/lib/python3.6/site-packages/airflow/example_dags/example_python_operator.py
[2024-04-30 16:23:09,032] {scheduler_job.py:639} INFO - DAG(s) dict_keys(['example_python_operator']) retrieved from /home/airflow/.local/lib/python3.6/site-packages/airflow/example_dags/example_python_operator.py
[2024-04-30 16:23:09,063] {logging_mixin.py:104} INFO - [2024-04-30 16:23:09,063] {dag.py:1824} INFO - Sync 1 DAGs
[2024-04-30 16:23:09,086] {logging_mixin.py:104} INFO - [2024-04-30 16:23:09,086] {dag.py:2280} INFO - Setting next_dagrun for example_python_operator to None
[2024-04-30 16:23:09,105] {scheduler_job.py:190} INFO - Processing /home/airflow/.local/lib/python3.6/site-packages/airflow/example_dags/example_python_operator.py took 0.093 seconds
[2024-04-30 16:23:39,516] {scheduler_job.py:182} INFO - Started process (PID=1011) to work on /home/airflow/.local/lib/python3.6/site-packages/airflow/example_dags/example_python_operator.py
[2024-04-30 16:23:39,517] {scheduler_job.py:629} INFO - Processing file /home/airflow/.local/lib/python3.6/site-packages/airflow/example_dags/example_python_operator.py for tasks to queue
[2024-04-30 16:23:39,518] {logging_mixin.py:104} INFO - [2024-04-30 16:23:39,518] {dagbag.py:451} INFO - Filling up the DagBag from /home/airflow/.local/lib/python3.6/site-packages/airflow/example_dags/example_python_operator.py
[2024-04-30 16:23:39,530] {scheduler_job.py:639} INFO - DAG(s) dict_keys(['example_python_operator']) retrieved from /home/airflow/.local/lib/python3.6/site-packages/airflow/example_dags/example_python_operator.py
[2024-04-30 16:23:39,553] {logging_mixin.py:104} INFO - [2024-04-30 16:23:39,553] {dag.py:1824} INFO - Sync 1 DAGs
[2024-04-30 16:23:39,567] {logging_mixin.py:104} INFO - [2024-04-30 16:23:39,567] {dag.py:2280} INFO - Setting next_dagrun for example_python_operator to None
[2024-04-30 16:23:39,582] {scheduler_job.py:190} INFO - Processing /home/airflow/.local/lib/python3.6/site-packages/airflow/example_dags/example_python_operator.py took 0.070 seconds
[2024-04-30 16:24:10,188] {scheduler_job.py:182} INFO - Started process (PID=1043) to work on /home/airflow/.local/lib/python3.6/site-packages/airflow/example_dags/example_python_operator.py
[2024-04-30 16:24:10,189] {scheduler_job.py:629} INFO - Processing file /home/airflow/.local/lib/python3.6/site-packages/airflow/example_dags/example_python_operator.py for tasks to queue
[2024-04-30 16:24:10,190] {logging_mixin.py:104} INFO - [2024-04-30 16:24:10,190] {dagbag.py:451} INFO - Filling up the DagBag from /home/airflow/.local/lib/python3.6/site-packages/airflow/example_dags/example_python_operator.py
[2024-04-30 16:24:10,205] {scheduler_job.py:639} INFO - DAG(s) dict_keys(['example_python_operator']) retrieved from /home/airflow/.local/lib/python3.6/site-packages/airflow/example_dags/example_python_operator.py
[2024-04-30 16:24:10,228] {logging_mixin.py:104} INFO - [2024-04-30 16:24:10,228] {dag.py:1824} INFO - Sync 1 DAGs
[2024-04-30 16:24:10,243] {logging_mixin.py:104} INFO - [2024-04-30 16:24:10,243] {dag.py:2280} INFO - Setting next_dagrun for example_python_operator to None
[2024-04-30 16:24:10,254] {scheduler_job.py:190} INFO - Processing /home/airflow/.local/lib/python3.6/site-packages/airflow/example_dags/example_python_operator.py took 0.070 seconds
[2024-04-30 16:24:40,678] {scheduler_job.py:182} INFO - Started process (PID=1075) to work on /home/airflow/.local/lib/python3.6/site-packages/airflow/example_dags/example_python_operator.py
[2024-04-30 16:24:40,680] {scheduler_job.py:629} INFO - Processing file /home/airflow/.local/lib/python3.6/site-packages/airflow/example_dags/example_python_operator.py for tasks to queue
[2024-04-30 16:24:40,682] {logging_mixin.py:104} INFO - [2024-04-30 16:24:40,681] {dagbag.py:451} INFO - Filling up the DagBag from /home/airflow/.local/lib/python3.6/site-packages/airflow/example_dags/example_python_operator.py
[2024-04-30 16:24:40,696] {scheduler_job.py:639} INFO - DAG(s) dict_keys(['example_python_operator']) retrieved from /home/airflow/.local/lib/python3.6/site-packages/airflow/example_dags/example_python_operator.py
[2024-04-30 16:24:40,717] {logging_mixin.py:104} INFO - [2024-04-30 16:24:40,717] {dag.py:1824} INFO - Sync 1 DAGs
[2024-04-30 16:24:40,733] {logging_mixin.py:104} INFO - [2024-04-30 16:24:40,733] {dag.py:2280} INFO - Setting next_dagrun for example_python_operator to None
[2024-04-30 16:24:40,747] {scheduler_job.py:190} INFO - Processing /home/airflow/.local/lib/python3.6/site-packages/airflow/example_dags/example_python_operator.py took 0.073 seconds
[2024-04-30 16:25:11,406] {scheduler_job.py:182} INFO - Started process (PID=1107) to work on /home/airflow/.local/lib/python3.6/site-packages/airflow/example_dags/example_python_operator.py
[2024-04-30 16:25:11,407] {scheduler_job.py:629} INFO - Processing file /home/airflow/.local/lib/python3.6/site-packages/airflow/example_dags/example_python_operator.py for tasks to queue
[2024-04-30 16:25:11,408] {logging_mixin.py:104} INFO - [2024-04-30 16:25:11,408] {dagbag.py:451} INFO - Filling up the DagBag from /home/airflow/.local/lib/python3.6/site-packages/airflow/example_dags/example_python_operator.py
[2024-04-30 16:25:11,421] {scheduler_job.py:639} INFO - DAG(s) dict_keys(['example_python_operator']) retrieved from /home/airflow/.local/lib/python3.6/site-packages/airflow/example_dags/example_python_operator.py
[2024-04-30 16:25:11,445] {logging_mixin.py:104} INFO - [2024-04-30 16:25:11,444] {dag.py:1824} INFO - Sync 1 DAGs
[2024-04-30 16:25:11,462] {logging_mixin.py:104} INFO - [2024-04-30 16:25:11,462] {dag.py:2280} INFO - Setting next_dagrun for example_python_operator to None
[2024-04-30 16:25:11,473] {scheduler_job.py:190} INFO - Processing /home/airflow/.local/lib/python3.6/site-packages/airflow/example_dags/example_python_operator.py took 0.071 seconds
[2024-04-30 16:25:42,043] {scheduler_job.py:182} INFO - Started process (PID=1139) to work on /home/airflow/.local/lib/python3.6/site-packages/airflow/example_dags/example_python_operator.py
[2024-04-30 16:25:42,045] {scheduler_job.py:629} INFO - Processing file /home/airflow/.local/lib/python3.6/site-packages/airflow/example_dags/example_python_operator.py for tasks to queue
[2024-04-30 16:25:42,047] {logging_mixin.py:104} INFO - [2024-04-30 16:25:42,047] {dagbag.py:451} INFO - Filling up the DagBag from /home/airflow/.local/lib/python3.6/site-packages/airflow/example_dags/example_python_operator.py
[2024-04-30 16:25:42,076] {scheduler_job.py:639} INFO - DAG(s) dict_keys(['example_python_operator']) retrieved from /home/airflow/.local/lib/python3.6/site-packages/airflow/example_dags/example_python_operator.py
[2024-04-30 16:25:42,099] {logging_mixin.py:104} INFO - [2024-04-30 16:25:42,099] {dag.py:1824} INFO - Sync 1 DAGs
[2024-04-30 16:25:42,114] {logging_mixin.py:104} INFO - [2024-04-30 16:25:42,114] {dag.py:2280} INFO - Setting next_dagrun for example_python_operator to None
[2024-04-30 16:25:42,131] {scheduler_job.py:190} INFO - Processing /home/airflow/.local/lib/python3.6/site-packages/airflow/example_dags/example_python_operator.py took 0.093 seconds
[2024-04-30 16:26:12,511] {scheduler_job.py:182} INFO - Started process (PID=1171) to work on /home/airflow/.local/lib/python3.6/site-packages/airflow/example_dags/example_python_operator.py
[2024-04-30 16:26:12,513] {scheduler_job.py:629} INFO - Processing file /home/airflow/.local/lib/python3.6/site-packages/airflow/example_dags/example_python_operator.py for tasks to queue
[2024-04-30 16:26:12,513] {logging_mixin.py:104} INFO - [2024-04-30 16:26:12,513] {dagbag.py:451} INFO - Filling up the DagBag from /home/airflow/.local/lib/python3.6/site-packages/airflow/example_dags/example_python_operator.py
[2024-04-30 16:26:12,530] {scheduler_job.py:639} INFO - DAG(s) dict_keys(['example_python_operator']) retrieved from /home/airflow/.local/lib/python3.6/site-packages/airflow/example_dags/example_python_operator.py
[2024-04-30 16:26:12,549] {logging_mixin.py:104} INFO - [2024-04-30 16:26:12,549] {dag.py:1824} INFO - Sync 1 DAGs
[2024-04-30 16:26:12,564] {logging_mixin.py:104} INFO - [2024-04-30 16:26:12,564] {dag.py:2280} INFO - Setting next_dagrun for example_python_operator to None
[2024-04-30 16:26:12,577] {scheduler_job.py:190} INFO - Processing /home/airflow/.local/lib/python3.6/site-packages/airflow/example_dags/example_python_operator.py took 0.069 seconds
[2024-04-30 16:26:42,971] {scheduler_job.py:182} INFO - Started process (PID=1203) to work on /home/airflow/.local/lib/python3.6/site-packages/airflow/example_dags/example_python_operator.py
[2024-04-30 16:26:42,974] {scheduler_job.py:629} INFO - Processing file /home/airflow/.local/lib/python3.6/site-packages/airflow/example_dags/example_python_operator.py for tasks to queue
[2024-04-30 16:26:42,975] {logging_mixin.py:104} INFO - [2024-04-30 16:26:42,975] {dagbag.py:451} INFO - Filling up the DagBag from /home/airflow/.local/lib/python3.6/site-packages/airflow/example_dags/example_python_operator.py
[2024-04-30 16:26:42,987] {scheduler_job.py:639} INFO - DAG(s) dict_keys(['example_python_operator']) retrieved from /home/airflow/.local/lib/python3.6/site-packages/airflow/example_dags/example_python_operator.py
[2024-04-30 16:26:43,007] {logging_mixin.py:104} INFO - [2024-04-30 16:26:43,007] {dag.py:1824} INFO - Sync 1 DAGs
[2024-04-30 16:26:43,022] {logging_mixin.py:104} INFO - [2024-04-30 16:26:43,022] {dag.py:2280} INFO - Setting next_dagrun for example_python_operator to None
[2024-04-30 16:26:43,033] {scheduler_job.py:190} INFO - Processing /home/airflow/.local/lib/python3.6/site-packages/airflow/example_dags/example_python_operator.py took 0.067 seconds
[2024-04-30 16:27:13,485] {scheduler_job.py:182} INFO - Started process (PID=1235) to work on /home/airflow/.local/lib/python3.6/site-packages/airflow/example_dags/example_python_operator.py
[2024-04-30 16:27:13,486] {scheduler_job.py:629} INFO - Processing file /home/airflow/.local/lib/python3.6/site-packages/airflow/example_dags/example_python_operator.py for tasks to queue
[2024-04-30 16:27:13,487] {logging_mixin.py:104} INFO - [2024-04-30 16:27:13,487] {dagbag.py:451} INFO - Filling up the DagBag from /home/airflow/.local/lib/python3.6/site-packages/airflow/example_dags/example_python_operator.py
[2024-04-30 16:27:13,498] {scheduler_job.py:639} INFO - DAG(s) dict_keys(['example_python_operator']) retrieved from /home/airflow/.local/lib/python3.6/site-packages/airflow/example_dags/example_python_operator.py
[2024-04-30 16:27:13,519] {logging_mixin.py:104} INFO - [2024-04-30 16:27:13,519] {dag.py:1824} INFO - Sync 1 DAGs
[2024-04-30 16:27:13,535] {logging_mixin.py:104} INFO - [2024-04-30 16:27:13,535] {dag.py:2280} INFO - Setting next_dagrun for example_python_operator to None
[2024-04-30 16:27:13,546] {scheduler_job.py:190} INFO - Processing /home/airflow/.local/lib/python3.6/site-packages/airflow/example_dags/example_python_operator.py took 0.065 seconds
[2024-04-30 16:27:44,022] {scheduler_job.py:182} INFO - Started process (PID=1267) to work on /home/airflow/.local/lib/python3.6/site-packages/airflow/example_dags/example_python_operator.py
[2024-04-30 16:27:44,023] {scheduler_job.py:629} INFO - Processing file /home/airflow/.local/lib/python3.6/site-packages/airflow/example_dags/example_python_operator.py for tasks to queue
[2024-04-30 16:27:44,024] {logging_mixin.py:104} INFO - [2024-04-30 16:27:44,024] {dagbag.py:451} INFO - Filling up the DagBag from /home/airflow/.local/lib/python3.6/site-packages/airflow/example_dags/example_python_operator.py
[2024-04-30 16:27:44,036] {scheduler_job.py:639} INFO - DAG(s) dict_keys(['example_python_operator']) retrieved from /home/airflow/.local/lib/python3.6/site-packages/airflow/example_dags/example_python_operator.py
[2024-04-30 16:27:44,057] {logging_mixin.py:104} INFO - [2024-04-30 16:27:44,057] {dag.py:1824} INFO - Sync 1 DAGs
[2024-04-30 16:27:44,071] {logging_mixin.py:104} INFO - [2024-04-30 16:27:44,071] {dag.py:2280} INFO - Setting next_dagrun for example_python_operator to None
[2024-04-30 16:27:44,082] {scheduler_job.py:190} INFO - Processing /home/airflow/.local/lib/python3.6/site-packages/airflow/example_dags/example_python_operator.py took 0.063 seconds
[2024-04-30 16:28:14,599] {scheduler_job.py:182} INFO - Started process (PID=1299) to work on /home/airflow/.local/lib/python3.6/site-packages/airflow/example_dags/example_python_operator.py
[2024-04-30 16:28:14,600] {scheduler_job.py:629} INFO - Processing file /home/airflow/.local/lib/python3.6/site-packages/airflow/example_dags/example_python_operator.py for tasks to queue
[2024-04-30 16:28:14,601] {logging_mixin.py:104} INFO - [2024-04-30 16:28:14,601] {dagbag.py:451} INFO - Filling up the DagBag from /home/airflow/.local/lib/python3.6/site-packages/airflow/example_dags/example_python_operator.py
[2024-04-30 16:28:14,614] {scheduler_job.py:639} INFO - DAG(s) dict_keys(['example_python_operator']) retrieved from /home/airflow/.local/lib/python3.6/site-packages/airflow/example_dags/example_python_operator.py
[2024-04-30 16:28:14,635] {logging_mixin.py:104} INFO - [2024-04-30 16:28:14,635] {dag.py:1824} INFO - Sync 1 DAGs
[2024-04-30 16:28:14,654] {logging_mixin.py:104} INFO - [2024-04-30 16:28:14,654] {dag.py:2280} INFO - Setting next_dagrun for example_python_operator to None
[2024-04-30 16:28:14,665] {scheduler_job.py:190} INFO - Processing /home/airflow/.local/lib/python3.6/site-packages/airflow/example_dags/example_python_operator.py took 0.070 seconds
[2024-04-30 16:28:45,109] {scheduler_job.py:182} INFO - Started process (PID=1331) to work on /home/airflow/.local/lib/python3.6/site-packages/airflow/example_dags/example_python_operator.py
[2024-04-30 16:28:45,110] {scheduler_job.py:629} INFO - Processing file /home/airflow/.local/lib/python3.6/site-packages/airflow/example_dags/example_python_operator.py for tasks to queue
[2024-04-30 16:28:45,111] {logging_mixin.py:104} INFO - [2024-04-30 16:28:45,111] {dagbag.py:451} INFO - Filling up the DagBag from /home/airflow/.local/lib/python3.6/site-packages/airflow/example_dags/example_python_operator.py
[2024-04-30 16:28:45,123] {scheduler_job.py:639} INFO - DAG(s) dict_keys(['example_python_operator']) retrieved from /home/airflow/.local/lib/python3.6/site-packages/airflow/example_dags/example_python_operator.py
[2024-04-30 16:28:45,142] {logging_mixin.py:104} INFO - [2024-04-30 16:28:45,142] {dag.py:1824} INFO - Sync 1 DAGs
[2024-04-30 16:28:45,157] {logging_mixin.py:104} INFO - [2024-04-30 16:28:45,157] {dag.py:2280} INFO - Setting next_dagrun for example_python_operator to None
[2024-04-30 16:28:45,167] {scheduler_job.py:190} INFO - Processing /home/airflow/.local/lib/python3.6/site-packages/airflow/example_dags/example_python_operator.py took 0.062 seconds
[2024-04-30 16:29:15,665] {scheduler_job.py:182} INFO - Started process (PID=1363) to work on /home/airflow/.local/lib/python3.6/site-packages/airflow/example_dags/example_python_operator.py
[2024-04-30 16:29:15,667] {scheduler_job.py:629} INFO - Processing file /home/airflow/.local/lib/python3.6/site-packages/airflow/example_dags/example_python_operator.py for tasks to queue
[2024-04-30 16:29:15,668] {logging_mixin.py:104} INFO - [2024-04-30 16:29:15,668] {dagbag.py:451} INFO - Filling up the DagBag from /home/airflow/.local/lib/python3.6/site-packages/airflow/example_dags/example_python_operator.py
[2024-04-30 16:29:15,680] {scheduler_job.py:639} INFO - DAG(s) dict_keys(['example_python_operator']) retrieved from /home/airflow/.local/lib/python3.6/site-packages/airflow/example_dags/example_python_operator.py
[2024-04-30 16:29:15,700] {logging_mixin.py:104} INFO - [2024-04-30 16:29:15,700] {dag.py:1824} INFO - Sync 1 DAGs
[2024-04-30 16:29:15,714] {logging_mixin.py:104} INFO - [2024-04-30 16:29:15,714] {dag.py:2280} INFO - Setting next_dagrun for example_python_operator to None
[2024-04-30 16:29:15,724] {scheduler_job.py:190} INFO - Processing /home/airflow/.local/lib/python3.6/site-packages/airflow/example_dags/example_python_operator.py took 0.062 seconds
[2024-04-30 16:29:46,251] {scheduler_job.py:182} INFO - Started process (PID=1395) to work on /home/airflow/.local/lib/python3.6/site-packages/airflow/example_dags/example_python_operator.py
[2024-04-30 16:29:46,253] {scheduler_job.py:629} INFO - Processing file /home/airflow/.local/lib/python3.6/site-packages/airflow/example_dags/example_python_operator.py for tasks to queue
[2024-04-30 16:29:46,253] {logging_mixin.py:104} INFO - [2024-04-30 16:29:46,253] {dagbag.py:451} INFO - Filling up the DagBag from /home/airflow/.local/lib/python3.6/site-packages/airflow/example_dags/example_python_operator.py
[2024-04-30 16:29:46,266] {scheduler_job.py:639} INFO - DAG(s) dict_keys(['example_python_operator']) retrieved from /home/airflow/.local/lib/python3.6/site-packages/airflow/example_dags/example_python_operator.py
[2024-04-30 16:29:46,286] {logging_mixin.py:104} INFO - [2024-04-30 16:29:46,285] {dag.py:1824} INFO - Sync 1 DAGs
[2024-04-30 16:29:46,300] {logging_mixin.py:104} INFO - [2024-04-30 16:29:46,300] {dag.py:2280} INFO - Setting next_dagrun for example_python_operator to None
[2024-04-30 16:29:46,312] {scheduler_job.py:190} INFO - Processing /home/airflow/.local/lib/python3.6/site-packages/airflow/example_dags/example_python_operator.py took 0.064 seconds
[2024-04-30 16:30:16,791] {scheduler_job.py:182} INFO - Started process (PID=1427) to work on /home/airflow/.local/lib/python3.6/site-packages/airflow/example_dags/example_python_operator.py
[2024-04-30 16:30:16,793] {scheduler_job.py:629} INFO - Processing file /home/airflow/.local/lib/python3.6/site-packages/airflow/example_dags/example_python_operator.py for tasks to queue
[2024-04-30 16:30:16,794] {logging_mixin.py:104} INFO - [2024-04-30 16:30:16,793] {dagbag.py:451} INFO - Filling up the DagBag from /home/airflow/.local/lib/python3.6/site-packages/airflow/example_dags/example_python_operator.py
[2024-04-30 16:30:16,806] {scheduler_job.py:639} INFO - DAG(s) dict_keys(['example_python_operator']) retrieved from /home/airflow/.local/lib/python3.6/site-packages/airflow/example_dags/example_python_operator.py
[2024-04-30 16:30:16,827] {logging_mixin.py:104} INFO - [2024-04-30 16:30:16,827] {dag.py:1824} INFO - Sync 1 DAGs
[2024-04-30 16:30:16,842] {logging_mixin.py:104} INFO - [2024-04-30 16:30:16,842] {dag.py:2280} INFO - Setting next_dagrun for example_python_operator to None
[2024-04-30 16:30:16,853] {scheduler_job.py:190} INFO - Processing /home/airflow/.local/lib/python3.6/site-packages/airflow/example_dags/example_python_operator.py took 0.065 seconds
[2024-04-30 16:30:47,620] {scheduler_job.py:182} INFO - Started process (PID=1459) to work on /home/airflow/.local/lib/python3.6/site-packages/airflow/example_dags/example_python_operator.py
[2024-04-30 16:30:47,621] {scheduler_job.py:629} INFO - Processing file /home/airflow/.local/lib/python3.6/site-packages/airflow/example_dags/example_python_operator.py for tasks to queue
[2024-04-30 16:30:47,623] {logging_mixin.py:104} INFO - [2024-04-30 16:30:47,623] {dagbag.py:451} INFO - Filling up the DagBag from /home/airflow/.local/lib/python3.6/site-packages/airflow/example_dags/example_python_operator.py
[2024-04-30 16:30:47,639] {scheduler_job.py:639} INFO - DAG(s) dict_keys(['example_python_operator']) retrieved from /home/airflow/.local/lib/python3.6/site-packages/airflow/example_dags/example_python_operator.py
[2024-04-30 16:30:47,668] {logging_mixin.py:104} INFO - [2024-04-30 16:30:47,668] {dag.py:1824} INFO - Sync 1 DAGs
[2024-04-30 16:30:47,687] {logging_mixin.py:104} INFO - [2024-04-30 16:30:47,687] {dag.py:2280} INFO - Setting next_dagrun for example_python_operator to None
[2024-04-30 16:30:47,698] {scheduler_job.py:190} INFO - Processing /home/airflow/.local/lib/python3.6/site-packages/airflow/example_dags/example_python_operator.py took 0.082 seconds
[2024-04-30 16:31:18,011] {scheduler_job.py:182} INFO - Started process (PID=1491) to work on /home/airflow/.local/lib/python3.6/site-packages/airflow/example_dags/example_python_operator.py
[2024-04-30 16:31:18,013] {scheduler_job.py:629} INFO - Processing file /home/airflow/.local/lib/python3.6/site-packages/airflow/example_dags/example_python_operator.py for tasks to queue
[2024-04-30 16:31:18,016] {logging_mixin.py:104} INFO - [2024-04-30 16:31:18,015] {dagbag.py:451} INFO - Filling up the DagBag from /home/airflow/.local/lib/python3.6/site-packages/airflow/example_dags/example_python_operator.py
[2024-04-30 16:31:18,068] {scheduler_job.py:639} INFO - DAG(s) dict_keys(['example_python_operator']) retrieved from /home/airflow/.local/lib/python3.6/site-packages/airflow/example_dags/example_python_operator.py
[2024-04-30 16:31:18,128] {logging_mixin.py:104} INFO - [2024-04-30 16:31:18,127] {dag.py:1824} INFO - Sync 1 DAGs
[2024-04-30 16:31:18,174] {logging_mixin.py:104} INFO - [2024-04-30 16:31:18,174] {dag.py:2280} INFO - Setting next_dagrun for example_python_operator to None
[2024-04-30 16:31:18,200] {scheduler_job.py:190} INFO - Processing /home/airflow/.local/lib/python3.6/site-packages/airflow/example_dags/example_python_operator.py took 0.195 seconds
[2024-04-30 16:31:48,418] {scheduler_job.py:182} INFO - Started process (PID=1523) to work on /home/airflow/.local/lib/python3.6/site-packages/airflow/example_dags/example_python_operator.py
[2024-04-30 16:31:48,422] {scheduler_job.py:629} INFO - Processing file /home/airflow/.local/lib/python3.6/site-packages/airflow/example_dags/example_python_operator.py for tasks to queue
[2024-04-30 16:31:48,425] {logging_mixin.py:104} INFO - [2024-04-30 16:31:48,425] {dagbag.py:451} INFO - Filling up the DagBag from /home/airflow/.local/lib/python3.6/site-packages/airflow/example_dags/example_python_operator.py
[2024-04-30 16:31:48,477] {scheduler_job.py:639} INFO - DAG(s) dict_keys(['example_python_operator']) retrieved from /home/airflow/.local/lib/python3.6/site-packages/airflow/example_dags/example_python_operator.py
[2024-04-30 16:31:48,536] {logging_mixin.py:104} INFO - [2024-04-30 16:31:48,535] {dag.py:1824} INFO - Sync 1 DAGs
[2024-04-30 16:31:48,589] {logging_mixin.py:104} INFO - [2024-04-30 16:31:48,589] {dag.py:2280} INFO - Setting next_dagrun for example_python_operator to None
[2024-04-30 16:31:48,617] {scheduler_job.py:190} INFO - Processing /home/airflow/.local/lib/python3.6/site-packages/airflow/example_dags/example_python_operator.py took 0.207 seconds
[2024-04-30 16:32:18,676] {scheduler_job.py:182} INFO - Started process (PID=1555) to work on /home/airflow/.local/lib/python3.6/site-packages/airflow/example_dags/example_python_operator.py
[2024-04-30 16:32:18,677] {scheduler_job.py:629} INFO - Processing file /home/airflow/.local/lib/python3.6/site-packages/airflow/example_dags/example_python_operator.py for tasks to queue
[2024-04-30 16:32:18,678] {logging_mixin.py:104} INFO - [2024-04-30 16:32:18,678] {dagbag.py:451} INFO - Filling up the DagBag from /home/airflow/.local/lib/python3.6/site-packages/airflow/example_dags/example_python_operator.py
[2024-04-30 16:32:18,693] {scheduler_job.py:639} INFO - DAG(s) dict_keys(['example_python_operator']) retrieved from /home/airflow/.local/lib/python3.6/site-packages/airflow/example_dags/example_python_operator.py
[2024-04-30 16:32:18,720] {logging_mixin.py:104} INFO - [2024-04-30 16:32:18,720] {dag.py:1824} INFO - Sync 1 DAGs
[2024-04-30 16:32:18,737] {logging_mixin.py:104} INFO - [2024-04-30 16:32:18,737] {dag.py:2280} INFO - Setting next_dagrun for example_python_operator to None
[2024-04-30 16:32:18,753] {scheduler_job.py:190} INFO - Processing /home/airflow/.local/lib/python3.6/site-packages/airflow/example_dags/example_python_operator.py took 0.081 seconds
[2024-04-30 16:32:49,130] {scheduler_job.py:182} INFO - Started process (PID=1587) to work on /home/airflow/.local/lib/python3.6/site-packages/airflow/example_dags/example_python_operator.py
[2024-04-30 16:32:49,131] {scheduler_job.py:629} INFO - Processing file /home/airflow/.local/lib/python3.6/site-packages/airflow/example_dags/example_python_operator.py for tasks to queue
[2024-04-30 16:32:49,132] {logging_mixin.py:104} INFO - [2024-04-30 16:32:49,132] {dagbag.py:451} INFO - Filling up the DagBag from /home/airflow/.local/lib/python3.6/site-packages/airflow/example_dags/example_python_operator.py
[2024-04-30 16:32:49,143] {scheduler_job.py:639} INFO - DAG(s) dict_keys(['example_python_operator']) retrieved from /home/airflow/.local/lib/python3.6/site-packages/airflow/example_dags/example_python_operator.py
[2024-04-30 16:32:49,164] {logging_mixin.py:104} INFO - [2024-04-30 16:32:49,164] {dag.py:1824} INFO - Sync 1 DAGs
[2024-04-30 16:32:49,179] {logging_mixin.py:104} INFO - [2024-04-30 16:32:49,178] {dag.py:2280} INFO - Setting next_dagrun for example_python_operator to None
[2024-04-30 16:32:49,188] {scheduler_job.py:190} INFO - Processing /home/airflow/.local/lib/python3.6/site-packages/airflow/example_dags/example_python_operator.py took 0.060 seconds
[2024-04-30 16:33:19,793] {scheduler_job.py:182} INFO - Started process (PID=1619) to work on /home/airflow/.local/lib/python3.6/site-packages/airflow/example_dags/example_python_operator.py
[2024-04-30 16:33:19,794] {scheduler_job.py:629} INFO - Processing file /home/airflow/.local/lib/python3.6/site-packages/airflow/example_dags/example_python_operator.py for tasks to queue
[2024-04-30 16:33:19,795] {logging_mixin.py:104} INFO - [2024-04-30 16:33:19,794] {dagbag.py:451} INFO - Filling up the DagBag from /home/airflow/.local/lib/python3.6/site-packages/airflow/example_dags/example_python_operator.py
[2024-04-30 16:33:19,808] {scheduler_job.py:639} INFO - DAG(s) dict_keys(['example_python_operator']) retrieved from /home/airflow/.local/lib/python3.6/site-packages/airflow/example_dags/example_python_operator.py
[2024-04-30 16:33:19,826] {logging_mixin.py:104} INFO - [2024-04-30 16:33:19,826] {dag.py:1824} INFO - Sync 1 DAGs
[2024-04-30 16:33:19,841] {logging_mixin.py:104} INFO - [2024-04-30 16:33:19,841] {dag.py:2280} INFO - Setting next_dagrun for example_python_operator to None
[2024-04-30 16:33:19,853] {scheduler_job.py:190} INFO - Processing /home/airflow/.local/lib/python3.6/site-packages/airflow/example_dags/example_python_operator.py took 0.062 seconds
[2024-04-30 16:33:50,324] {scheduler_job.py:182} INFO - Started process (PID=1651) to work on /home/airflow/.local/lib/python3.6/site-packages/airflow/example_dags/example_python_operator.py
[2024-04-30 16:33:50,326] {scheduler_job.py:629} INFO - Processing file /home/airflow/.local/lib/python3.6/site-packages/airflow/example_dags/example_python_operator.py for tasks to queue
[2024-04-30 16:33:50,327] {logging_mixin.py:104} INFO - [2024-04-30 16:33:50,327] {dagbag.py:451} INFO - Filling up the DagBag from /home/airflow/.local/lib/python3.6/site-packages/airflow/example_dags/example_python_operator.py
[2024-04-30 16:33:50,338] {scheduler_job.py:639} INFO - DAG(s) dict_keys(['example_python_operator']) retrieved from /home/airflow/.local/lib/python3.6/site-packages/airflow/example_dags/example_python_operator.py
[2024-04-30 16:33:50,358] {logging_mixin.py:104} INFO - [2024-04-30 16:33:50,358] {dag.py:1824} INFO - Sync 1 DAGs
[2024-04-30 16:33:50,372] {logging_mixin.py:104} INFO - [2024-04-30 16:33:50,372] {dag.py:2280} INFO - Setting next_dagrun for example_python_operator to None
[2024-04-30 16:33:50,383] {scheduler_job.py:190} INFO - Processing /home/airflow/.local/lib/python3.6/site-packages/airflow/example_dags/example_python_operator.py took 0.062 seconds
[2024-04-30 16:34:21,000] {scheduler_job.py:182} INFO - Started process (PID=1683) to work on /home/airflow/.local/lib/python3.6/site-packages/airflow/example_dags/example_python_operator.py
[2024-04-30 16:34:21,001] {scheduler_job.py:629} INFO - Processing file /home/airflow/.local/lib/python3.6/site-packages/airflow/example_dags/example_python_operator.py for tasks to queue
[2024-04-30 16:34:21,002] {logging_mixin.py:104} INFO - [2024-04-30 16:34:21,001] {dagbag.py:451} INFO - Filling up the DagBag from /home/airflow/.local/lib/python3.6/site-packages/airflow/example_dags/example_python_operator.py
[2024-04-30 16:34:21,015] {scheduler_job.py:639} INFO - DAG(s) dict_keys(['example_python_operator']) retrieved from /home/airflow/.local/lib/python3.6/site-packages/airflow/example_dags/example_python_operator.py
[2024-04-30 16:34:21,034] {logging_mixin.py:104} INFO - [2024-04-30 16:34:21,034] {dag.py:1824} INFO - Sync 1 DAGs
[2024-04-30 16:34:21,049] {logging_mixin.py:104} INFO - [2024-04-30 16:34:21,049] {dag.py:2280} INFO - Setting next_dagrun for example_python_operator to None
[2024-04-30 16:34:21,058] {scheduler_job.py:190} INFO - Processing /home/airflow/.local/lib/python3.6/site-packages/airflow/example_dags/example_python_operator.py took 0.060 seconds
[2024-04-30 16:34:51,610] {scheduler_job.py:182} INFO - Started process (PID=1715) to work on /home/airflow/.local/lib/python3.6/site-packages/airflow/example_dags/example_python_operator.py
[2024-04-30 16:34:51,612] {scheduler_job.py:629} INFO - Processing file /home/airflow/.local/lib/python3.6/site-packages/airflow/example_dags/example_python_operator.py for tasks to queue
[2024-04-30 16:34:51,613] {logging_mixin.py:104} INFO - [2024-04-30 16:34:51,612] {dagbag.py:451} INFO - Filling up the DagBag from /home/airflow/.local/lib/python3.6/site-packages/airflow/example_dags/example_python_operator.py
[2024-04-30 16:34:51,625] {scheduler_job.py:639} INFO - DAG(s) dict_keys(['example_python_operator']) retrieved from /home/airflow/.local/lib/python3.6/site-packages/airflow/example_dags/example_python_operator.py
[2024-04-30 16:34:51,647] {logging_mixin.py:104} INFO - [2024-04-30 16:34:51,647] {dag.py:1824} INFO - Sync 1 DAGs
[2024-04-30 16:34:51,662] {logging_mixin.py:104} INFO - [2024-04-30 16:34:51,662] {dag.py:2280} INFO - Setting next_dagrun for example_python_operator to None
[2024-04-30 16:34:51,672] {scheduler_job.py:190} INFO - Processing /home/airflow/.local/lib/python3.6/site-packages/airflow/example_dags/example_python_operator.py took 0.065 seconds
[2024-04-30 16:35:22,220] {scheduler_job.py:182} INFO - Started process (PID=1747) to work on /home/airflow/.local/lib/python3.6/site-packages/airflow/example_dags/example_python_operator.py
[2024-04-30 16:35:22,221] {scheduler_job.py:629} INFO - Processing file /home/airflow/.local/lib/python3.6/site-packages/airflow/example_dags/example_python_operator.py for tasks to queue
[2024-04-30 16:35:22,222] {logging_mixin.py:104} INFO - [2024-04-30 16:35:22,222] {dagbag.py:451} INFO - Filling up the DagBag from /home/airflow/.local/lib/python3.6/site-packages/airflow/example_dags/example_python_operator.py
[2024-04-30 16:35:22,233] {scheduler_job.py:639} INFO - DAG(s) dict_keys(['example_python_operator']) retrieved from /home/airflow/.local/lib/python3.6/site-packages/airflow/example_dags/example_python_operator.py
[2024-04-30 16:35:22,252] {logging_mixin.py:104} INFO - [2024-04-30 16:35:22,252] {dag.py:1824} INFO - Sync 1 DAGs
[2024-04-30 16:35:22,266] {logging_mixin.py:104} INFO - [2024-04-30 16:35:22,266] {dag.py:2280} INFO - Setting next_dagrun for example_python_operator to None
[2024-04-30 16:35:22,276] {scheduler_job.py:190} INFO - Processing /home/airflow/.local/lib/python3.6/site-packages/airflow/example_dags/example_python_operator.py took 0.058 seconds
[2024-04-30 16:35:52,763] {scheduler_job.py:182} INFO - Started process (PID=1779) to work on /home/airflow/.local/lib/python3.6/site-packages/airflow/example_dags/example_python_operator.py
[2024-04-30 16:35:52,764] {scheduler_job.py:629} INFO - Processing file /home/airflow/.local/lib/python3.6/site-packages/airflow/example_dags/example_python_operator.py for tasks to queue
[2024-04-30 16:35:52,764] {logging_mixin.py:104} INFO - [2024-04-30 16:35:52,764] {dagbag.py:451} INFO - Filling up the DagBag from /home/airflow/.local/lib/python3.6/site-packages/airflow/example_dags/example_python_operator.py
[2024-04-30 16:35:52,775] {scheduler_job.py:639} INFO - DAG(s) dict_keys(['example_python_operator']) retrieved from /home/airflow/.local/lib/python3.6/site-packages/airflow/example_dags/example_python_operator.py
[2024-04-30 16:35:52,796] {logging_mixin.py:104} INFO - [2024-04-30 16:35:52,795] {dag.py:1824} INFO - Sync 1 DAGs
[2024-04-30 16:35:52,809] {logging_mixin.py:104} INFO - [2024-04-30 16:35:52,809] {dag.py:2280} INFO - Setting next_dagrun for example_python_operator to None
[2024-04-30 16:35:52,818] {scheduler_job.py:190} INFO - Processing /home/airflow/.local/lib/python3.6/site-packages/airflow/example_dags/example_python_operator.py took 0.058 seconds
[2024-04-30 16:36:23,269] {scheduler_job.py:182} INFO - Started process (PID=1811) to work on /home/airflow/.local/lib/python3.6/site-packages/airflow/example_dags/example_python_operator.py
[2024-04-30 16:36:23,270] {scheduler_job.py:629} INFO - Processing file /home/airflow/.local/lib/python3.6/site-packages/airflow/example_dags/example_python_operator.py for tasks to queue
[2024-04-30 16:36:23,271] {logging_mixin.py:104} INFO - [2024-04-30 16:36:23,270] {dagbag.py:451} INFO - Filling up the DagBag from /home/airflow/.local/lib/python3.6/site-packages/airflow/example_dags/example_python_operator.py
[2024-04-30 16:36:23,281] {scheduler_job.py:639} INFO - DAG(s) dict_keys(['example_python_operator']) retrieved from /home/airflow/.local/lib/python3.6/site-packages/airflow/example_dags/example_python_operator.py
[2024-04-30 16:36:23,299] {logging_mixin.py:104} INFO - [2024-04-30 16:36:23,299] {dag.py:1824} INFO - Sync 1 DAGs
[2024-04-30 16:36:23,311] {logging_mixin.py:104} INFO - [2024-04-30 16:36:23,311] {dag.py:2280} INFO - Setting next_dagrun for example_python_operator to None
[2024-04-30 16:36:23,320] {scheduler_job.py:190} INFO - Processing /home/airflow/.local/lib/python3.6/site-packages/airflow/example_dags/example_python_operator.py took 0.054 seconds
[2024-04-30 16:36:53,813] {scheduler_job.py:182} INFO - Started process (PID=1843) to work on /home/airflow/.local/lib/python3.6/site-packages/airflow/example_dags/example_python_operator.py
[2024-04-30 16:36:53,815] {scheduler_job.py:629} INFO - Processing file /home/airflow/.local/lib/python3.6/site-packages/airflow/example_dags/example_python_operator.py for tasks to queue
[2024-04-30 16:36:53,816] {logging_mixin.py:104} INFO - [2024-04-30 16:36:53,815] {dagbag.py:451} INFO - Filling up the DagBag from /home/airflow/.local/lib/python3.6/site-packages/airflow/example_dags/example_python_operator.py
[2024-04-30 16:36:53,828] {scheduler_job.py:639} INFO - DAG(s) dict_keys(['example_python_operator']) retrieved from /home/airflow/.local/lib/python3.6/site-packages/airflow/example_dags/example_python_operator.py
[2024-04-30 16:36:53,850] {logging_mixin.py:104} INFO - [2024-04-30 16:36:53,850] {dag.py:1824} INFO - Sync 1 DAGs
[2024-04-30 16:36:53,864] {logging_mixin.py:104} INFO - [2024-04-30 16:36:53,864] {dag.py:2280} INFO - Setting next_dagrun for example_python_operator to None
[2024-04-30 16:36:53,875] {scheduler_job.py:190} INFO - Processing /home/airflow/.local/lib/python3.6/site-packages/airflow/example_dags/example_python_operator.py took 0.065 seconds
[2024-04-30 16:37:24,461] {scheduler_job.py:182} INFO - Started process (PID=1875) to work on /home/airflow/.local/lib/python3.6/site-packages/airflow/example_dags/example_python_operator.py
[2024-04-30 16:37:24,462] {scheduler_job.py:629} INFO - Processing file /home/airflow/.local/lib/python3.6/site-packages/airflow/example_dags/example_python_operator.py for tasks to queue
[2024-04-30 16:37:24,463] {logging_mixin.py:104} INFO - [2024-04-30 16:37:24,463] {dagbag.py:451} INFO - Filling up the DagBag from /home/airflow/.local/lib/python3.6/site-packages/airflow/example_dags/example_python_operator.py
[2024-04-30 16:37:24,473] {scheduler_job.py:639} INFO - DAG(s) dict_keys(['example_python_operator']) retrieved from /home/airflow/.local/lib/python3.6/site-packages/airflow/example_dags/example_python_operator.py
[2024-04-30 16:37:24,493] {logging_mixin.py:104} INFO - [2024-04-30 16:37:24,493] {dag.py:1824} INFO - Sync 1 DAGs
[2024-04-30 16:37:24,508] {logging_mixin.py:104} INFO - [2024-04-30 16:37:24,508] {dag.py:2280} INFO - Setting next_dagrun for example_python_operator to None
[2024-04-30 16:37:24,519] {scheduler_job.py:190} INFO - Processing /home/airflow/.local/lib/python3.6/site-packages/airflow/example_dags/example_python_operator.py took 0.060 seconds
[2024-04-30 16:37:54,898] {scheduler_job.py:182} INFO - Started process (PID=1907) to work on /home/airflow/.local/lib/python3.6/site-packages/airflow/example_dags/example_python_operator.py
[2024-04-30 16:37:54,899] {scheduler_job.py:629} INFO - Processing file /home/airflow/.local/lib/python3.6/site-packages/airflow/example_dags/example_python_operator.py for tasks to queue
[2024-04-30 16:37:54,900] {logging_mixin.py:104} INFO - [2024-04-30 16:37:54,900] {dagbag.py:451} INFO - Filling up the DagBag from /home/airflow/.local/lib/python3.6/site-packages/airflow/example_dags/example_python_operator.py
[2024-04-30 16:37:54,910] {scheduler_job.py:639} INFO - DAG(s) dict_keys(['example_python_operator']) retrieved from /home/airflow/.local/lib/python3.6/site-packages/airflow/example_dags/example_python_operator.py
[2024-04-30 16:37:54,929] {logging_mixin.py:104} INFO - [2024-04-30 16:37:54,929] {dag.py:1824} INFO - Sync 1 DAGs
[2024-04-30 16:37:54,943] {logging_mixin.py:104} INFO - [2024-04-30 16:37:54,943] {dag.py:2280} INFO - Setting next_dagrun for example_python_operator to None
[2024-04-30 16:37:54,954] {scheduler_job.py:190} INFO - Processing /home/airflow/.local/lib/python3.6/site-packages/airflow/example_dags/example_python_operator.py took 0.058 seconds
[2024-04-30 16:38:25,355] {scheduler_job.py:182} INFO - Started process (PID=1939) to work on /home/airflow/.local/lib/python3.6/site-packages/airflow/example_dags/example_python_operator.py
[2024-04-30 16:38:25,356] {scheduler_job.py:629} INFO - Processing file /home/airflow/.local/lib/python3.6/site-packages/airflow/example_dags/example_python_operator.py for tasks to queue
[2024-04-30 16:38:25,357] {logging_mixin.py:104} INFO - [2024-04-30 16:38:25,357] {dagbag.py:451} INFO - Filling up the DagBag from /home/airflow/.local/lib/python3.6/site-packages/airflow/example_dags/example_python_operator.py
[2024-04-30 16:38:25,370] {scheduler_job.py:639} INFO - DAG(s) dict_keys(['example_python_operator']) retrieved from /home/airflow/.local/lib/python3.6/site-packages/airflow/example_dags/example_python_operator.py
[2024-04-30 16:38:25,389] {logging_mixin.py:104} INFO - [2024-04-30 16:38:25,389] {dag.py:1824} INFO - Sync 1 DAGs
[2024-04-30 16:38:25,402] {logging_mixin.py:104} INFO - [2024-04-30 16:38:25,402] {dag.py:2280} INFO - Setting next_dagrun for example_python_operator to None
[2024-04-30 16:38:25,411] {scheduler_job.py:190} INFO - Processing /home/airflow/.local/lib/python3.6/site-packages/airflow/example_dags/example_python_operator.py took 0.059 seconds
[2024-04-30 16:38:55,927] {scheduler_job.py:182} INFO - Started process (PID=1971) to work on /home/airflow/.local/lib/python3.6/site-packages/airflow/example_dags/example_python_operator.py
[2024-04-30 16:38:55,928] {scheduler_job.py:629} INFO - Processing file /home/airflow/.local/lib/python3.6/site-packages/airflow/example_dags/example_python_operator.py for tasks to queue
[2024-04-30 16:38:55,929] {logging_mixin.py:104} INFO - [2024-04-30 16:38:55,929] {dagbag.py:451} INFO - Filling up the DagBag from /home/airflow/.local/lib/python3.6/site-packages/airflow/example_dags/example_python_operator.py
[2024-04-30 16:38:55,941] {scheduler_job.py:639} INFO - DAG(s) dict_keys(['example_python_operator']) retrieved from /home/airflow/.local/lib/python3.6/site-packages/airflow/example_dags/example_python_operator.py
[2024-04-30 16:38:55,963] {logging_mixin.py:104} INFO - [2024-04-30 16:38:55,963] {dag.py:1824} INFO - Sync 1 DAGs
[2024-04-30 16:38:55,979] {logging_mixin.py:104} INFO - [2024-04-30 16:38:55,979] {dag.py:2280} INFO - Setting next_dagrun for example_python_operator to None
[2024-04-30 16:38:55,990] {scheduler_job.py:190} INFO - Processing /home/airflow/.local/lib/python3.6/site-packages/airflow/example_dags/example_python_operator.py took 0.066 seconds
[2024-04-30 16:39:26,473] {scheduler_job.py:182} INFO - Started process (PID=2003) to work on /home/airflow/.local/lib/python3.6/site-packages/airflow/example_dags/example_python_operator.py
[2024-04-30 16:39:26,474] {scheduler_job.py:629} INFO - Processing file /home/airflow/.local/lib/python3.6/site-packages/airflow/example_dags/example_python_operator.py for tasks to queue
[2024-04-30 16:39:26,475] {logging_mixin.py:104} INFO - [2024-04-30 16:39:26,475] {dagbag.py:451} INFO - Filling up the DagBag from /home/airflow/.local/lib/python3.6/site-packages/airflow/example_dags/example_python_operator.py
[2024-04-30 16:39:26,485] {scheduler_job.py:639} INFO - DAG(s) dict_keys(['example_python_operator']) retrieved from /home/airflow/.local/lib/python3.6/site-packages/airflow/example_dags/example_python_operator.py
[2024-04-30 16:39:26,504] {logging_mixin.py:104} INFO - [2024-04-30 16:39:26,503] {dag.py:1824} INFO - Sync 1 DAGs
[2024-04-30 16:39:26,517] {logging_mixin.py:104} INFO - [2024-04-30 16:39:26,517] {dag.py:2280} INFO - Setting next_dagrun for example_python_operator to None
[2024-04-30 16:39:26,526] {scheduler_job.py:190} INFO - Processing /home/airflow/.local/lib/python3.6/site-packages/airflow/example_dags/example_python_operator.py took 0.056 seconds
[2024-04-30 16:39:57,098] {scheduler_job.py:182} INFO - Started process (PID=2035) to work on /home/airflow/.local/lib/python3.6/site-packages/airflow/example_dags/example_python_operator.py
[2024-04-30 16:39:57,099] {scheduler_job.py:629} INFO - Processing file /home/airflow/.local/lib/python3.6/site-packages/airflow/example_dags/example_python_operator.py for tasks to queue
[2024-04-30 16:39:57,100] {logging_mixin.py:104} INFO - [2024-04-30 16:39:57,099] {dagbag.py:451} INFO - Filling up the DagBag from /home/airflow/.local/lib/python3.6/site-packages/airflow/example_dags/example_python_operator.py
[2024-04-30 16:39:57,112] {scheduler_job.py:639} INFO - DAG(s) dict_keys(['example_python_operator']) retrieved from /home/airflow/.local/lib/python3.6/site-packages/airflow/example_dags/example_python_operator.py
[2024-04-30 16:39:57,130] {logging_mixin.py:104} INFO - [2024-04-30 16:39:57,130] {dag.py:1824} INFO - Sync 1 DAGs
[2024-04-30 16:39:57,143] {logging_mixin.py:104} INFO - [2024-04-30 16:39:57,143] {dag.py:2280} INFO - Setting next_dagrun for example_python_operator to None
[2024-04-30 16:39:57,153] {scheduler_job.py:190} INFO - Processing /home/airflow/.local/lib/python3.6/site-packages/airflow/example_dags/example_python_operator.py took 0.058 seconds
[2024-04-30 16:40:27,542] {scheduler_job.py:182} INFO - Started process (PID=2067) to work on /home/airflow/.local/lib/python3.6/site-packages/airflow/example_dags/example_python_operator.py
[2024-04-30 16:40:27,543] {scheduler_job.py:629} INFO - Processing file /home/airflow/.local/lib/python3.6/site-packages/airflow/example_dags/example_python_operator.py for tasks to queue
[2024-04-30 16:40:27,544] {logging_mixin.py:104} INFO - [2024-04-30 16:40:27,544] {dagbag.py:451} INFO - Filling up the DagBag from /home/airflow/.local/lib/python3.6/site-packages/airflow/example_dags/example_python_operator.py
[2024-04-30 16:40:27,554] {scheduler_job.py:639} INFO - DAG(s) dict_keys(['example_python_operator']) retrieved from /home/airflow/.local/lib/python3.6/site-packages/airflow/example_dags/example_python_operator.py
[2024-04-30 16:40:27,575] {logging_mixin.py:104} INFO - [2024-04-30 16:40:27,575] {dag.py:1824} INFO - Sync 1 DAGs
[2024-04-30 16:40:27,591] {logging_mixin.py:104} INFO - [2024-04-30 16:40:27,591] {dag.py:2280} INFO - Setting next_dagrun for example_python_operator to None
[2024-04-30 16:40:27,602] {scheduler_job.py:190} INFO - Processing /home/airflow/.local/lib/python3.6/site-packages/airflow/example_dags/example_python_operator.py took 0.062 seconds
[2024-04-30 16:40:58,056] {scheduler_job.py:182} INFO - Started process (PID=2099) to work on /home/airflow/.local/lib/python3.6/site-packages/airflow/example_dags/example_python_operator.py
[2024-04-30 16:40:58,058] {scheduler_job.py:629} INFO - Processing file /home/airflow/.local/lib/python3.6/site-packages/airflow/example_dags/example_python_operator.py for tasks to queue
[2024-04-30 16:40:58,059] {logging_mixin.py:104} INFO - [2024-04-30 16:40:58,059] {dagbag.py:451} INFO - Filling up the DagBag from /home/airflow/.local/lib/python3.6/site-packages/airflow/example_dags/example_python_operator.py
[2024-04-30 16:40:58,075] {scheduler_job.py:639} INFO - DAG(s) dict_keys(['example_python_operator']) retrieved from /home/airflow/.local/lib/python3.6/site-packages/airflow/example_dags/example_python_operator.py
[2024-04-30 16:40:58,098] {logging_mixin.py:104} INFO - [2024-04-30 16:40:58,098] {dag.py:1824} INFO - Sync 1 DAGs
[2024-04-30 16:40:58,112] {logging_mixin.py:104} INFO - [2024-04-30 16:40:58,112] {dag.py:2280} INFO - Setting next_dagrun for example_python_operator to None
[2024-04-30 16:40:58,123] {scheduler_job.py:190} INFO - Processing /home/airflow/.local/lib/python3.6/site-packages/airflow/example_dags/example_python_operator.py took 0.070 seconds
[2024-04-30 16:41:28,669] {scheduler_job.py:182} INFO - Started process (PID=2131) to work on /home/airflow/.local/lib/python3.6/site-packages/airflow/example_dags/example_python_operator.py
[2024-04-30 16:41:28,670] {scheduler_job.py:629} INFO - Processing file /home/airflow/.local/lib/python3.6/site-packages/airflow/example_dags/example_python_operator.py for tasks to queue
[2024-04-30 16:41:28,671] {logging_mixin.py:104} INFO - [2024-04-30 16:41:28,671] {dagbag.py:451} INFO - Filling up the DagBag from /home/airflow/.local/lib/python3.6/site-packages/airflow/example_dags/example_python_operator.py
[2024-04-30 16:41:28,685] {scheduler_job.py:639} INFO - DAG(s) dict_keys(['example_python_operator']) retrieved from /home/airflow/.local/lib/python3.6/site-packages/airflow/example_dags/example_python_operator.py
[2024-04-30 16:41:28,709] {logging_mixin.py:104} INFO - [2024-04-30 16:41:28,708] {dag.py:1824} INFO - Sync 1 DAGs
[2024-04-30 16:41:28,723] {logging_mixin.py:104} INFO - [2024-04-30 16:41:28,723] {dag.py:2280} INFO - Setting next_dagrun for example_python_operator to None
[2024-04-30 16:41:28,734] {scheduler_job.py:190} INFO - Processing /home/airflow/.local/lib/python3.6/site-packages/airflow/example_dags/example_python_operator.py took 0.068 seconds
