[2024-04-30 16:09:38,114] {scheduler_job.py:182} INFO - Started process (PID=64) to work on /home/airflow/.local/lib/python3.6/site-packages/airflow/example_dags/example_short_circuit_operator.py
[2024-04-30 16:09:38,122] {scheduler_job.py:629} INFO - Processing file /home/airflow/.local/lib/python3.6/site-packages/airflow/example_dags/example_short_circuit_operator.py for tasks to queue
[2024-04-30 16:09:38,127] {logging_mixin.py:104} INFO - [2024-04-30 16:09:38,127] {dagbag.py:451} INFO - Filling up the DagBag from /home/airflow/.local/lib/python3.6/site-packages/airflow/example_dags/example_short_circuit_operator.py
[2024-04-30 16:09:38,195] {scheduler_job.py:639} INFO - DAG(s) dict_keys(['example_short_circuit_operator']) retrieved from /home/airflow/.local/lib/python3.6/site-packages/airflow/example_dags/example_short_circuit_operator.py
[2024-04-30 16:09:38,389] {logging_mixin.py:104} INFO - [2024-04-30 16:09:38,389] {dag.py:1824} INFO - Sync 1 DAGs
[2024-04-30 16:09:38,454] {logging_mixin.py:104} INFO - [2024-04-30 16:09:38,454] {dag.py:2280} INFO - Setting next_dagrun for example_short_circuit_operator to 2024-04-28 00:00:00+00:00
[2024-04-30 16:09:38,723] {scheduler_job.py:190} INFO - Processing /home/airflow/.local/lib/python3.6/site-packages/airflow/example_dags/example_short_circuit_operator.py took 0.620 seconds
[2024-04-30 16:10:09,615] {scheduler_job.py:182} INFO - Started process (PID=131) to work on /home/airflow/.local/lib/python3.6/site-packages/airflow/example_dags/example_short_circuit_operator.py
[2024-04-30 16:10:09,619] {scheduler_job.py:629} INFO - Processing file /home/airflow/.local/lib/python3.6/site-packages/airflow/example_dags/example_short_circuit_operator.py for tasks to queue
[2024-04-30 16:10:09,621] {logging_mixin.py:104} INFO - [2024-04-30 16:10:09,621] {dagbag.py:451} INFO - Filling up the DagBag from /home/airflow/.local/lib/python3.6/site-packages/airflow/example_dags/example_short_circuit_operator.py
[2024-04-30 16:10:09,653] {scheduler_job.py:639} INFO - DAG(s) dict_keys(['example_short_circuit_operator']) retrieved from /home/airflow/.local/lib/python3.6/site-packages/airflow/example_dags/example_short_circuit_operator.py
[2024-04-30 16:10:09,701] {logging_mixin.py:104} INFO - [2024-04-30 16:10:09,700] {dag.py:1824} INFO - Sync 1 DAGs
[2024-04-30 16:10:09,730] {logging_mixin.py:104} INFO - [2024-04-30 16:10:09,730] {dag.py:2280} INFO - Setting next_dagrun for example_short_circuit_operator to 2024-04-28 00:00:00+00:00
[2024-04-30 16:10:09,755] {scheduler_job.py:190} INFO - Processing /home/airflow/.local/lib/python3.6/site-packages/airflow/example_dags/example_short_circuit_operator.py took 0.150 seconds
[2024-04-30 16:10:40,762] {scheduler_job.py:182} INFO - Started process (PID=163) to work on /home/airflow/.local/lib/python3.6/site-packages/airflow/example_dags/example_short_circuit_operator.py
[2024-04-30 16:10:40,769] {scheduler_job.py:629} INFO - Processing file /home/airflow/.local/lib/python3.6/site-packages/airflow/example_dags/example_short_circuit_operator.py for tasks to queue
[2024-04-30 16:10:40,784] {logging_mixin.py:104} INFO - [2024-04-30 16:10:40,784] {dagbag.py:451} INFO - Filling up the DagBag from /home/airflow/.local/lib/python3.6/site-packages/airflow/example_dags/example_short_circuit_operator.py
[2024-04-30 16:10:40,834] {scheduler_job.py:639} INFO - DAG(s) dict_keys(['example_short_circuit_operator']) retrieved from /home/airflow/.local/lib/python3.6/site-packages/airflow/example_dags/example_short_circuit_operator.py
[2024-04-30 16:10:41,032] {logging_mixin.py:104} INFO - [2024-04-30 16:10:41,021] {dag.py:1824} INFO - Sync 1 DAGs
[2024-04-30 16:10:41,156] {logging_mixin.py:104} INFO - [2024-04-30 16:10:41,155] {dag.py:2280} INFO - Setting next_dagrun for example_short_circuit_operator to 2024-04-28 00:00:00+00:00
[2024-04-30 16:10:41,251] {scheduler_job.py:190} INFO - Processing /home/airflow/.local/lib/python3.6/site-packages/airflow/example_dags/example_short_circuit_operator.py took 0.506 seconds
[2024-04-30 16:11:20,540] {scheduler_job.py:182} INFO - Started process (PID=201) to work on /home/airflow/.local/lib/python3.6/site-packages/airflow/example_dags/example_short_circuit_operator.py
[2024-04-30 16:11:20,562] {scheduler_job.py:629} INFO - Processing file /home/airflow/.local/lib/python3.6/site-packages/airflow/example_dags/example_short_circuit_operator.py for tasks to queue
[2024-04-30 16:11:20,579] {logging_mixin.py:104} INFO - [2024-04-30 16:11:20,579] {dagbag.py:451} INFO - Filling up the DagBag from /home/airflow/.local/lib/python3.6/site-packages/airflow/example_dags/example_short_circuit_operator.py
[2024-04-30 16:11:21,091] {scheduler_job.py:639} INFO - DAG(s) dict_keys(['example_short_circuit_operator']) retrieved from /home/airflow/.local/lib/python3.6/site-packages/airflow/example_dags/example_short_circuit_operator.py
[2024-04-30 16:11:21,444] {logging_mixin.py:104} INFO - [2024-04-30 16:11:21,444] {dag.py:1824} INFO - Sync 1 DAGs
[2024-04-30 16:11:21,556] {logging_mixin.py:104} INFO - [2024-04-30 16:11:21,555] {dag.py:2280} INFO - Setting next_dagrun for example_short_circuit_operator to 2024-04-28 00:00:00+00:00
[2024-04-30 16:11:21,633] {scheduler_job.py:190} INFO - Processing /home/airflow/.local/lib/python3.6/site-packages/airflow/example_dags/example_short_circuit_operator.py took 1.171 seconds
[2024-04-30 16:11:51,724] {scheduler_job.py:182} INFO - Started process (PID=251) to work on /home/airflow/.local/lib/python3.6/site-packages/airflow/example_dags/example_short_circuit_operator.py
[2024-04-30 16:11:51,728] {scheduler_job.py:629} INFO - Processing file /home/airflow/.local/lib/python3.6/site-packages/airflow/example_dags/example_short_circuit_operator.py for tasks to queue
[2024-04-30 16:11:51,729] {logging_mixin.py:104} INFO - [2024-04-30 16:11:51,729] {dagbag.py:451} INFO - Filling up the DagBag from /home/airflow/.local/lib/python3.6/site-packages/airflow/example_dags/example_short_circuit_operator.py
[2024-04-30 16:11:51,745] {scheduler_job.py:639} INFO - DAG(s) dict_keys(['example_short_circuit_operator']) retrieved from /home/airflow/.local/lib/python3.6/site-packages/airflow/example_dags/example_short_circuit_operator.py
[2024-04-30 16:11:51,784] {logging_mixin.py:104} INFO - [2024-04-30 16:11:51,784] {dag.py:1824} INFO - Sync 1 DAGs
[2024-04-30 16:11:51,806] {logging_mixin.py:104} INFO - [2024-04-30 16:11:51,805] {dag.py:2280} INFO - Setting next_dagrun for example_short_circuit_operator to 2024-04-28 00:00:00+00:00
[2024-04-30 16:11:51,818] {scheduler_job.py:190} INFO - Processing /home/airflow/.local/lib/python3.6/site-packages/airflow/example_dags/example_short_circuit_operator.py took 0.099 seconds
[2024-04-30 16:12:21,959] {scheduler_job.py:182} INFO - Started process (PID=282) to work on /home/airflow/.local/lib/python3.6/site-packages/airflow/example_dags/example_short_circuit_operator.py
[2024-04-30 16:12:21,974] {scheduler_job.py:629} INFO - Processing file /home/airflow/.local/lib/python3.6/site-packages/airflow/example_dags/example_short_circuit_operator.py for tasks to queue
[2024-04-30 16:12:21,979] {logging_mixin.py:104} INFO - [2024-04-30 16:12:21,979] {dagbag.py:451} INFO - Filling up the DagBag from /home/airflow/.local/lib/python3.6/site-packages/airflow/example_dags/example_short_circuit_operator.py
[2024-04-30 16:12:22,165] {scheduler_job.py:639} INFO - DAG(s) dict_keys(['example_short_circuit_operator']) retrieved from /home/airflow/.local/lib/python3.6/site-packages/airflow/example_dags/example_short_circuit_operator.py
[2024-04-30 16:12:22,330] {logging_mixin.py:104} INFO - [2024-04-30 16:12:22,329] {dag.py:1824} INFO - Sync 1 DAGs
[2024-04-30 16:12:22,445] {logging_mixin.py:104} INFO - [2024-04-30 16:12:22,445] {dag.py:2280} INFO - Setting next_dagrun for example_short_circuit_operator to 2024-04-28 00:00:00+00:00
[2024-04-30 16:12:22,490] {scheduler_job.py:190} INFO - Processing /home/airflow/.local/lib/python3.6/site-packages/airflow/example_dags/example_short_circuit_operator.py took 0.551 seconds
[2024-04-30 16:12:52,608] {scheduler_job.py:182} INFO - Started process (PID=312) to work on /home/airflow/.local/lib/python3.6/site-packages/airflow/example_dags/example_short_circuit_operator.py
[2024-04-30 16:12:52,609] {scheduler_job.py:629} INFO - Processing file /home/airflow/.local/lib/python3.6/site-packages/airflow/example_dags/example_short_circuit_operator.py for tasks to queue
[2024-04-30 16:12:52,611] {logging_mixin.py:104} INFO - [2024-04-30 16:12:52,611] {dagbag.py:451} INFO - Filling up the DagBag from /home/airflow/.local/lib/python3.6/site-packages/airflow/example_dags/example_short_circuit_operator.py
[2024-04-30 16:12:52,637] {scheduler_job.py:639} INFO - DAG(s) dict_keys(['example_short_circuit_operator']) retrieved from /home/airflow/.local/lib/python3.6/site-packages/airflow/example_dags/example_short_circuit_operator.py
[2024-04-30 16:12:52,678] {logging_mixin.py:104} INFO - [2024-04-30 16:12:52,678] {dag.py:1824} INFO - Sync 1 DAGs
[2024-04-30 16:12:52,703] {logging_mixin.py:104} INFO - [2024-04-30 16:12:52,702] {dag.py:2280} INFO - Setting next_dagrun for example_short_circuit_operator to 2024-04-28 00:00:00+00:00
[2024-04-30 16:12:52,747] {scheduler_job.py:190} INFO - Processing /home/airflow/.local/lib/python3.6/site-packages/airflow/example_dags/example_short_circuit_operator.py took 0.144 seconds
[2024-04-30 16:13:23,467] {scheduler_job.py:182} INFO - Started process (PID=344) to work on /home/airflow/.local/lib/python3.6/site-packages/airflow/example_dags/example_short_circuit_operator.py
[2024-04-30 16:13:23,486] {scheduler_job.py:629} INFO - Processing file /home/airflow/.local/lib/python3.6/site-packages/airflow/example_dags/example_short_circuit_operator.py for tasks to queue
[2024-04-30 16:13:23,490] {logging_mixin.py:104} INFO - [2024-04-30 16:13:23,490] {dagbag.py:451} INFO - Filling up the DagBag from /home/airflow/.local/lib/python3.6/site-packages/airflow/example_dags/example_short_circuit_operator.py
[2024-04-30 16:13:23,917] {scheduler_job.py:639} INFO - DAG(s) dict_keys(['example_short_circuit_operator']) retrieved from /home/airflow/.local/lib/python3.6/site-packages/airflow/example_dags/example_short_circuit_operator.py
[2024-04-30 16:13:24,326] {logging_mixin.py:104} INFO - [2024-04-30 16:13:24,325] {dag.py:1824} INFO - Sync 1 DAGs
[2024-04-30 16:13:24,525] {logging_mixin.py:104} INFO - [2024-04-30 16:13:24,524] {dag.py:2280} INFO - Setting next_dagrun for example_short_circuit_operator to 2024-04-28 00:00:00+00:00
[2024-04-30 16:13:24,573] {scheduler_job.py:190} INFO - Processing /home/airflow/.local/lib/python3.6/site-packages/airflow/example_dags/example_short_circuit_operator.py took 1.200 seconds
[2024-04-30 16:13:55,158] {scheduler_job.py:182} INFO - Started process (PID=392) to work on /home/airflow/.local/lib/python3.6/site-packages/airflow/example_dags/example_short_circuit_operator.py
[2024-04-30 16:13:55,161] {scheduler_job.py:629} INFO - Processing file /home/airflow/.local/lib/python3.6/site-packages/airflow/example_dags/example_short_circuit_operator.py for tasks to queue
[2024-04-30 16:13:55,162] {logging_mixin.py:104} INFO - [2024-04-30 16:13:55,162] {dagbag.py:451} INFO - Filling up the DagBag from /home/airflow/.local/lib/python3.6/site-packages/airflow/example_dags/example_short_circuit_operator.py
[2024-04-30 16:13:55,190] {scheduler_job.py:639} INFO - DAG(s) dict_keys(['example_short_circuit_operator']) retrieved from /home/airflow/.local/lib/python3.6/site-packages/airflow/example_dags/example_short_circuit_operator.py
[2024-04-30 16:13:55,217] {logging_mixin.py:104} INFO - [2024-04-30 16:13:55,216] {dag.py:1824} INFO - Sync 1 DAGs
[2024-04-30 16:13:55,296] {logging_mixin.py:104} INFO - [2024-04-30 16:13:55,296] {dag.py:2280} INFO - Setting next_dagrun for example_short_circuit_operator to 2024-04-28 00:00:00+00:00
[2024-04-30 16:13:55,345] {scheduler_job.py:190} INFO - Processing /home/airflow/.local/lib/python3.6/site-packages/airflow/example_dags/example_short_circuit_operator.py took 0.195 seconds
[2024-04-30 16:14:25,846] {scheduler_job.py:182} INFO - Started process (PID=423) to work on /home/airflow/.local/lib/python3.6/site-packages/airflow/example_dags/example_short_circuit_operator.py
[2024-04-30 16:14:25,848] {scheduler_job.py:629} INFO - Processing file /home/airflow/.local/lib/python3.6/site-packages/airflow/example_dags/example_short_circuit_operator.py for tasks to queue
[2024-04-30 16:14:25,849] {logging_mixin.py:104} INFO - [2024-04-30 16:14:25,849] {dagbag.py:451} INFO - Filling up the DagBag from /home/airflow/.local/lib/python3.6/site-packages/airflow/example_dags/example_short_circuit_operator.py
[2024-04-30 16:14:25,861] {scheduler_job.py:639} INFO - DAG(s) dict_keys(['example_short_circuit_operator']) retrieved from /home/airflow/.local/lib/python3.6/site-packages/airflow/example_dags/example_short_circuit_operator.py
[2024-04-30 16:14:25,886] {logging_mixin.py:104} INFO - [2024-04-30 16:14:25,886] {dag.py:1824} INFO - Sync 1 DAGs
[2024-04-30 16:14:25,916] {logging_mixin.py:104} INFO - [2024-04-30 16:14:25,915] {dag.py:2280} INFO - Setting next_dagrun for example_short_circuit_operator to 2024-04-28 00:00:00+00:00
[2024-04-30 16:14:25,947] {scheduler_job.py:190} INFO - Processing /home/airflow/.local/lib/python3.6/site-packages/airflow/example_dags/example_short_circuit_operator.py took 0.104 seconds
[2024-04-30 16:14:56,915] {scheduler_job.py:182} INFO - Started process (PID=455) to work on /home/airflow/.local/lib/python3.6/site-packages/airflow/example_dags/example_short_circuit_operator.py
[2024-04-30 16:14:56,917] {scheduler_job.py:629} INFO - Processing file /home/airflow/.local/lib/python3.6/site-packages/airflow/example_dags/example_short_circuit_operator.py for tasks to queue
[2024-04-30 16:14:56,917] {logging_mixin.py:104} INFO - [2024-04-30 16:14:56,917] {dagbag.py:451} INFO - Filling up the DagBag from /home/airflow/.local/lib/python3.6/site-packages/airflow/example_dags/example_short_circuit_operator.py
[2024-04-30 16:14:56,932] {scheduler_job.py:639} INFO - DAG(s) dict_keys(['example_short_circuit_operator']) retrieved from /home/airflow/.local/lib/python3.6/site-packages/airflow/example_dags/example_short_circuit_operator.py
[2024-04-30 16:14:56,959] {logging_mixin.py:104} INFO - [2024-04-30 16:14:56,959] {dag.py:1824} INFO - Sync 1 DAGs
[2024-04-30 16:14:57,003] {logging_mixin.py:104} INFO - [2024-04-30 16:14:57,003] {dag.py:2280} INFO - Setting next_dagrun for example_short_circuit_operator to 2024-04-28 00:00:00+00:00
[2024-04-30 16:14:57,037] {scheduler_job.py:190} INFO - Processing /home/airflow/.local/lib/python3.6/site-packages/airflow/example_dags/example_short_circuit_operator.py took 0.124 seconds
[2024-04-30 16:15:27,072] {scheduler_job.py:182} INFO - Started process (PID=487) to work on /home/airflow/.local/lib/python3.6/site-packages/airflow/example_dags/example_short_circuit_operator.py
[2024-04-30 16:15:27,075] {scheduler_job.py:629} INFO - Processing file /home/airflow/.local/lib/python3.6/site-packages/airflow/example_dags/example_short_circuit_operator.py for tasks to queue
[2024-04-30 16:15:27,077] {logging_mixin.py:104} INFO - [2024-04-30 16:15:27,076] {dagbag.py:451} INFO - Filling up the DagBag from /home/airflow/.local/lib/python3.6/site-packages/airflow/example_dags/example_short_circuit_operator.py
[2024-04-30 16:15:27,104] {scheduler_job.py:639} INFO - DAG(s) dict_keys(['example_short_circuit_operator']) retrieved from /home/airflow/.local/lib/python3.6/site-packages/airflow/example_dags/example_short_circuit_operator.py
[2024-04-30 16:15:27,167] {logging_mixin.py:104} INFO - [2024-04-30 16:15:27,166] {dag.py:1824} INFO - Sync 1 DAGs
[2024-04-30 16:15:27,233] {logging_mixin.py:104} INFO - [2024-04-30 16:15:27,233] {dag.py:2280} INFO - Setting next_dagrun for example_short_circuit_operator to 2024-04-28 00:00:00+00:00
[2024-04-30 16:15:27,256] {scheduler_job.py:190} INFO - Processing /home/airflow/.local/lib/python3.6/site-packages/airflow/example_dags/example_short_circuit_operator.py took 0.188 seconds
[2024-04-30 16:15:57,632] {scheduler_job.py:182} INFO - Started process (PID=519) to work on /home/airflow/.local/lib/python3.6/site-packages/airflow/example_dags/example_short_circuit_operator.py
[2024-04-30 16:15:57,634] {scheduler_job.py:629} INFO - Processing file /home/airflow/.local/lib/python3.6/site-packages/airflow/example_dags/example_short_circuit_operator.py for tasks to queue
[2024-04-30 16:15:57,635] {logging_mixin.py:104} INFO - [2024-04-30 16:15:57,635] {dagbag.py:451} INFO - Filling up the DagBag from /home/airflow/.local/lib/python3.6/site-packages/airflow/example_dags/example_short_circuit_operator.py
[2024-04-30 16:15:57,657] {scheduler_job.py:639} INFO - DAG(s) dict_keys(['example_short_circuit_operator']) retrieved from /home/airflow/.local/lib/python3.6/site-packages/airflow/example_dags/example_short_circuit_operator.py
[2024-04-30 16:15:57,689] {logging_mixin.py:104} INFO - [2024-04-30 16:15:57,689] {dag.py:1824} INFO - Sync 1 DAGs
[2024-04-30 16:15:57,712] {logging_mixin.py:104} INFO - [2024-04-30 16:15:57,712] {dag.py:2280} INFO - Setting next_dagrun for example_short_circuit_operator to 2024-04-28 00:00:00+00:00
[2024-04-30 16:15:57,734] {scheduler_job.py:190} INFO - Processing /home/airflow/.local/lib/python3.6/site-packages/airflow/example_dags/example_short_circuit_operator.py took 0.107 seconds
[2024-04-30 16:16:28,024] {scheduler_job.py:182} INFO - Started process (PID=551) to work on /home/airflow/.local/lib/python3.6/site-packages/airflow/example_dags/example_short_circuit_operator.py
[2024-04-30 16:16:28,032] {scheduler_job.py:629} INFO - Processing file /home/airflow/.local/lib/python3.6/site-packages/airflow/example_dags/example_short_circuit_operator.py for tasks to queue
[2024-04-30 16:16:28,035] {logging_mixin.py:104} INFO - [2024-04-30 16:16:28,034] {dagbag.py:451} INFO - Filling up the DagBag from /home/airflow/.local/lib/python3.6/site-packages/airflow/example_dags/example_short_circuit_operator.py
[2024-04-30 16:16:28,073] {scheduler_job.py:639} INFO - DAG(s) dict_keys(['example_short_circuit_operator']) retrieved from /home/airflow/.local/lib/python3.6/site-packages/airflow/example_dags/example_short_circuit_operator.py
[2024-04-30 16:16:28,131] {logging_mixin.py:104} INFO - [2024-04-30 16:16:28,131] {dag.py:1824} INFO - Sync 1 DAGs
[2024-04-30 16:16:28,170] {logging_mixin.py:104} INFO - [2024-04-30 16:16:28,170] {dag.py:2280} INFO - Setting next_dagrun for example_short_circuit_operator to 2024-04-28 00:00:00+00:00
[2024-04-30 16:16:28,189] {scheduler_job.py:190} INFO - Processing /home/airflow/.local/lib/python3.6/site-packages/airflow/example_dags/example_short_circuit_operator.py took 0.186 seconds
[2024-04-30 16:16:58,244] {scheduler_job.py:182} INFO - Started process (PID=582) to work on /home/airflow/.local/lib/python3.6/site-packages/airflow/example_dags/example_short_circuit_operator.py
[2024-04-30 16:16:58,245] {scheduler_job.py:629} INFO - Processing file /home/airflow/.local/lib/python3.6/site-packages/airflow/example_dags/example_short_circuit_operator.py for tasks to queue
[2024-04-30 16:16:58,246] {logging_mixin.py:104} INFO - [2024-04-30 16:16:58,246] {dagbag.py:451} INFO - Filling up the DagBag from /home/airflow/.local/lib/python3.6/site-packages/airflow/example_dags/example_short_circuit_operator.py
[2024-04-30 16:16:58,294] {scheduler_job.py:639} INFO - DAG(s) dict_keys(['example_short_circuit_operator']) retrieved from /home/airflow/.local/lib/python3.6/site-packages/airflow/example_dags/example_short_circuit_operator.py
[2024-04-30 16:16:58,360] {logging_mixin.py:104} INFO - [2024-04-30 16:16:58,360] {dag.py:1824} INFO - Sync 1 DAGs
[2024-04-30 16:16:58,417] {logging_mixin.py:104} INFO - [2024-04-30 16:16:58,417] {dag.py:2280} INFO - Setting next_dagrun for example_short_circuit_operator to 2024-04-28 00:00:00+00:00
[2024-04-30 16:16:58,476] {scheduler_job.py:190} INFO - Processing /home/airflow/.local/lib/python3.6/site-packages/airflow/example_dags/example_short_circuit_operator.py took 0.236 seconds
[2024-04-30 16:17:29,270] {scheduler_job.py:182} INFO - Started process (PID=614) to work on /home/airflow/.local/lib/python3.6/site-packages/airflow/example_dags/example_short_circuit_operator.py
[2024-04-30 16:17:29,276] {scheduler_job.py:629} INFO - Processing file /home/airflow/.local/lib/python3.6/site-packages/airflow/example_dags/example_short_circuit_operator.py for tasks to queue
[2024-04-30 16:17:29,278] {logging_mixin.py:104} INFO - [2024-04-30 16:17:29,278] {dagbag.py:451} INFO - Filling up the DagBag from /home/airflow/.local/lib/python3.6/site-packages/airflow/example_dags/example_short_circuit_operator.py
[2024-04-30 16:17:29,331] {scheduler_job.py:639} INFO - DAG(s) dict_keys(['example_short_circuit_operator']) retrieved from /home/airflow/.local/lib/python3.6/site-packages/airflow/example_dags/example_short_circuit_operator.py
[2024-04-30 16:17:29,357] {logging_mixin.py:104} INFO - [2024-04-30 16:17:29,357] {dag.py:1824} INFO - Sync 1 DAGs
[2024-04-30 16:17:29,381] {logging_mixin.py:104} INFO - [2024-04-30 16:17:29,380] {dag.py:2280} INFO - Setting next_dagrun for example_short_circuit_operator to 2024-04-28 00:00:00+00:00
[2024-04-30 16:17:29,395] {scheduler_job.py:190} INFO - Processing /home/airflow/.local/lib/python3.6/site-packages/airflow/example_dags/example_short_circuit_operator.py took 0.135 seconds
[2024-04-30 16:18:00,286] {scheduler_job.py:182} INFO - Started process (PID=646) to work on /home/airflow/.local/lib/python3.6/site-packages/airflow/example_dags/example_short_circuit_operator.py
[2024-04-30 16:18:00,287] {scheduler_job.py:629} INFO - Processing file /home/airflow/.local/lib/python3.6/site-packages/airflow/example_dags/example_short_circuit_operator.py for tasks to queue
[2024-04-30 16:18:00,288] {logging_mixin.py:104} INFO - [2024-04-30 16:18:00,288] {dagbag.py:451} INFO - Filling up the DagBag from /home/airflow/.local/lib/python3.6/site-packages/airflow/example_dags/example_short_circuit_operator.py
[2024-04-30 16:18:00,305] {scheduler_job.py:639} INFO - DAG(s) dict_keys(['example_short_circuit_operator']) retrieved from /home/airflow/.local/lib/python3.6/site-packages/airflow/example_dags/example_short_circuit_operator.py
[2024-04-30 16:18:00,362] {logging_mixin.py:104} INFO - [2024-04-30 16:18:00,362] {dag.py:1824} INFO - Sync 1 DAGs
[2024-04-30 16:18:00,386] {logging_mixin.py:104} INFO - [2024-04-30 16:18:00,386] {dag.py:2280} INFO - Setting next_dagrun for example_short_circuit_operator to 2024-04-28 00:00:00+00:00
[2024-04-30 16:18:00,405] {scheduler_job.py:190} INFO - Processing /home/airflow/.local/lib/python3.6/site-packages/airflow/example_dags/example_short_circuit_operator.py took 0.122 seconds
[2024-04-30 16:18:30,716] {scheduler_job.py:182} INFO - Started process (PID=678) to work on /home/airflow/.local/lib/python3.6/site-packages/airflow/example_dags/example_short_circuit_operator.py
[2024-04-30 16:18:30,717] {scheduler_job.py:629} INFO - Processing file /home/airflow/.local/lib/python3.6/site-packages/airflow/example_dags/example_short_circuit_operator.py for tasks to queue
[2024-04-30 16:18:30,718] {logging_mixin.py:104} INFO - [2024-04-30 16:18:30,718] {dagbag.py:451} INFO - Filling up the DagBag from /home/airflow/.local/lib/python3.6/site-packages/airflow/example_dags/example_short_circuit_operator.py
[2024-04-30 16:18:30,731] {scheduler_job.py:639} INFO - DAG(s) dict_keys(['example_short_circuit_operator']) retrieved from /home/airflow/.local/lib/python3.6/site-packages/airflow/example_dags/example_short_circuit_operator.py
[2024-04-30 16:18:30,751] {logging_mixin.py:104} INFO - [2024-04-30 16:18:30,751] {dag.py:1824} INFO - Sync 1 DAGs
[2024-04-30 16:18:30,767] {logging_mixin.py:104} INFO - [2024-04-30 16:18:30,767] {dag.py:2280} INFO - Setting next_dagrun for example_short_circuit_operator to 2024-04-28 00:00:00+00:00
[2024-04-30 16:18:30,777] {scheduler_job.py:190} INFO - Processing /home/airflow/.local/lib/python3.6/site-packages/airflow/example_dags/example_short_circuit_operator.py took 0.064 seconds
[2024-04-30 16:19:01,132] {scheduler_job.py:182} INFO - Started process (PID=710) to work on /home/airflow/.local/lib/python3.6/site-packages/airflow/example_dags/example_short_circuit_operator.py
[2024-04-30 16:19:01,134] {scheduler_job.py:629} INFO - Processing file /home/airflow/.local/lib/python3.6/site-packages/airflow/example_dags/example_short_circuit_operator.py for tasks to queue
[2024-04-30 16:19:01,134] {logging_mixin.py:104} INFO - [2024-04-30 16:19:01,134] {dagbag.py:451} INFO - Filling up the DagBag from /home/airflow/.local/lib/python3.6/site-packages/airflow/example_dags/example_short_circuit_operator.py
[2024-04-30 16:19:01,153] {scheduler_job.py:639} INFO - DAG(s) dict_keys(['example_short_circuit_operator']) retrieved from /home/airflow/.local/lib/python3.6/site-packages/airflow/example_dags/example_short_circuit_operator.py
[2024-04-30 16:19:01,175] {logging_mixin.py:104} INFO - [2024-04-30 16:19:01,175] {dag.py:1824} INFO - Sync 1 DAGs
[2024-04-30 16:19:01,191] {logging_mixin.py:104} INFO - [2024-04-30 16:19:01,191] {dag.py:2280} INFO - Setting next_dagrun for example_short_circuit_operator to 2024-04-28 00:00:00+00:00
[2024-04-30 16:19:01,202] {scheduler_job.py:190} INFO - Processing /home/airflow/.local/lib/python3.6/site-packages/airflow/example_dags/example_short_circuit_operator.py took 0.073 seconds
[2024-04-30 16:19:31,665] {scheduler_job.py:182} INFO - Started process (PID=742) to work on /home/airflow/.local/lib/python3.6/site-packages/airflow/example_dags/example_short_circuit_operator.py
[2024-04-30 16:19:31,667] {scheduler_job.py:629} INFO - Processing file /home/airflow/.local/lib/python3.6/site-packages/airflow/example_dags/example_short_circuit_operator.py for tasks to queue
[2024-04-30 16:19:31,668] {logging_mixin.py:104} INFO - [2024-04-30 16:19:31,668] {dagbag.py:451} INFO - Filling up the DagBag from /home/airflow/.local/lib/python3.6/site-packages/airflow/example_dags/example_short_circuit_operator.py
[2024-04-30 16:19:31,680] {scheduler_job.py:639} INFO - DAG(s) dict_keys(['example_short_circuit_operator']) retrieved from /home/airflow/.local/lib/python3.6/site-packages/airflow/example_dags/example_short_circuit_operator.py
[2024-04-30 16:19:31,700] {logging_mixin.py:104} INFO - [2024-04-30 16:19:31,700] {dag.py:1824} INFO - Sync 1 DAGs
[2024-04-30 16:19:31,715] {logging_mixin.py:104} INFO - [2024-04-30 16:19:31,715] {dag.py:2280} INFO - Setting next_dagrun for example_short_circuit_operator to 2024-04-28 00:00:00+00:00
[2024-04-30 16:19:31,725] {scheduler_job.py:190} INFO - Processing /home/airflow/.local/lib/python3.6/site-packages/airflow/example_dags/example_short_circuit_operator.py took 0.063 seconds
[2024-04-30 16:20:02,079] {scheduler_job.py:182} INFO - Started process (PID=774) to work on /home/airflow/.local/lib/python3.6/site-packages/airflow/example_dags/example_short_circuit_operator.py
[2024-04-30 16:20:02,080] {scheduler_job.py:629} INFO - Processing file /home/airflow/.local/lib/python3.6/site-packages/airflow/example_dags/example_short_circuit_operator.py for tasks to queue
[2024-04-30 16:20:02,081] {logging_mixin.py:104} INFO - [2024-04-30 16:20:02,081] {dagbag.py:451} INFO - Filling up the DagBag from /home/airflow/.local/lib/python3.6/site-packages/airflow/example_dags/example_short_circuit_operator.py
[2024-04-30 16:20:02,094] {scheduler_job.py:639} INFO - DAG(s) dict_keys(['example_short_circuit_operator']) retrieved from /home/airflow/.local/lib/python3.6/site-packages/airflow/example_dags/example_short_circuit_operator.py
[2024-04-30 16:20:02,115] {logging_mixin.py:104} INFO - [2024-04-30 16:20:02,114] {dag.py:1824} INFO - Sync 1 DAGs
[2024-04-30 16:20:02,130] {logging_mixin.py:104} INFO - [2024-04-30 16:20:02,130] {dag.py:2280} INFO - Setting next_dagrun for example_short_circuit_operator to 2024-04-28 00:00:00+00:00
[2024-04-30 16:20:02,140] {scheduler_job.py:190} INFO - Processing /home/airflow/.local/lib/python3.6/site-packages/airflow/example_dags/example_short_circuit_operator.py took 0.065 seconds
[2024-04-30 16:20:32,603] {scheduler_job.py:182} INFO - Started process (PID=806) to work on /home/airflow/.local/lib/python3.6/site-packages/airflow/example_dags/example_short_circuit_operator.py
[2024-04-30 16:20:32,604] {scheduler_job.py:629} INFO - Processing file /home/airflow/.local/lib/python3.6/site-packages/airflow/example_dags/example_short_circuit_operator.py for tasks to queue
[2024-04-30 16:20:32,604] {logging_mixin.py:104} INFO - [2024-04-30 16:20:32,604] {dagbag.py:451} INFO - Filling up the DagBag from /home/airflow/.local/lib/python3.6/site-packages/airflow/example_dags/example_short_circuit_operator.py
[2024-04-30 16:20:32,616] {scheduler_job.py:639} INFO - DAG(s) dict_keys(['example_short_circuit_operator']) retrieved from /home/airflow/.local/lib/python3.6/site-packages/airflow/example_dags/example_short_circuit_operator.py
[2024-04-30 16:20:32,636] {logging_mixin.py:104} INFO - [2024-04-30 16:20:32,635] {dag.py:1824} INFO - Sync 1 DAGs
[2024-04-30 16:20:32,650] {logging_mixin.py:104} INFO - [2024-04-30 16:20:32,650] {dag.py:2280} INFO - Setting next_dagrun for example_short_circuit_operator to 2024-04-28 00:00:00+00:00
[2024-04-30 16:20:32,661] {scheduler_job.py:190} INFO - Processing /home/airflow/.local/lib/python3.6/site-packages/airflow/example_dags/example_short_circuit_operator.py took 0.061 seconds
[2024-04-30 16:21:03,008] {scheduler_job.py:182} INFO - Started process (PID=838) to work on /home/airflow/.local/lib/python3.6/site-packages/airflow/example_dags/example_short_circuit_operator.py
[2024-04-30 16:21:03,010] {scheduler_job.py:629} INFO - Processing file /home/airflow/.local/lib/python3.6/site-packages/airflow/example_dags/example_short_circuit_operator.py for tasks to queue
[2024-04-30 16:21:03,011] {logging_mixin.py:104} INFO - [2024-04-30 16:21:03,011] {dagbag.py:451} INFO - Filling up the DagBag from /home/airflow/.local/lib/python3.6/site-packages/airflow/example_dags/example_short_circuit_operator.py
[2024-04-30 16:21:03,024] {scheduler_job.py:639} INFO - DAG(s) dict_keys(['example_short_circuit_operator']) retrieved from /home/airflow/.local/lib/python3.6/site-packages/airflow/example_dags/example_short_circuit_operator.py
[2024-04-30 16:21:03,044] {logging_mixin.py:104} INFO - [2024-04-30 16:21:03,044] {dag.py:1824} INFO - Sync 1 DAGs
[2024-04-30 16:21:03,060] {logging_mixin.py:104} INFO - [2024-04-30 16:21:03,060] {dag.py:2280} INFO - Setting next_dagrun for example_short_circuit_operator to 2024-04-28 00:00:00+00:00
[2024-04-30 16:21:03,071] {scheduler_job.py:190} INFO - Processing /home/airflow/.local/lib/python3.6/site-packages/airflow/example_dags/example_short_circuit_operator.py took 0.066 seconds
[2024-04-30 16:21:33,506] {scheduler_job.py:182} INFO - Started process (PID=870) to work on /home/airflow/.local/lib/python3.6/site-packages/airflow/example_dags/example_short_circuit_operator.py
[2024-04-30 16:21:33,507] {scheduler_job.py:629} INFO - Processing file /home/airflow/.local/lib/python3.6/site-packages/airflow/example_dags/example_short_circuit_operator.py for tasks to queue
[2024-04-30 16:21:33,508] {logging_mixin.py:104} INFO - [2024-04-30 16:21:33,508] {dagbag.py:451} INFO - Filling up the DagBag from /home/airflow/.local/lib/python3.6/site-packages/airflow/example_dags/example_short_circuit_operator.py
[2024-04-30 16:21:33,525] {scheduler_job.py:639} INFO - DAG(s) dict_keys(['example_short_circuit_operator']) retrieved from /home/airflow/.local/lib/python3.6/site-packages/airflow/example_dags/example_short_circuit_operator.py
[2024-04-30 16:21:33,549] {logging_mixin.py:104} INFO - [2024-04-30 16:21:33,549] {dag.py:1824} INFO - Sync 1 DAGs
[2024-04-30 16:21:33,564] {logging_mixin.py:104} INFO - [2024-04-30 16:21:33,564] {dag.py:2280} INFO - Setting next_dagrun for example_short_circuit_operator to 2024-04-28 00:00:00+00:00
[2024-04-30 16:21:33,575] {scheduler_job.py:190} INFO - Processing /home/airflow/.local/lib/python3.6/site-packages/airflow/example_dags/example_short_circuit_operator.py took 0.072 seconds
[2024-04-30 16:22:04,084] {scheduler_job.py:182} INFO - Started process (PID=902) to work on /home/airflow/.local/lib/python3.6/site-packages/airflow/example_dags/example_short_circuit_operator.py
[2024-04-30 16:22:04,085] {scheduler_job.py:629} INFO - Processing file /home/airflow/.local/lib/python3.6/site-packages/airflow/example_dags/example_short_circuit_operator.py for tasks to queue
[2024-04-30 16:22:04,086] {logging_mixin.py:104} INFO - [2024-04-30 16:22:04,086] {dagbag.py:451} INFO - Filling up the DagBag from /home/airflow/.local/lib/python3.6/site-packages/airflow/example_dags/example_short_circuit_operator.py
[2024-04-30 16:22:04,099] {scheduler_job.py:639} INFO - DAG(s) dict_keys(['example_short_circuit_operator']) retrieved from /home/airflow/.local/lib/python3.6/site-packages/airflow/example_dags/example_short_circuit_operator.py
[2024-04-30 16:22:04,121] {logging_mixin.py:104} INFO - [2024-04-30 16:22:04,121] {dag.py:1824} INFO - Sync 1 DAGs
[2024-04-30 16:22:04,137] {logging_mixin.py:104} INFO - [2024-04-30 16:22:04,137] {dag.py:2280} INFO - Setting next_dagrun for example_short_circuit_operator to 2024-04-28 00:00:00+00:00
[2024-04-30 16:22:04,147] {scheduler_job.py:190} INFO - Processing /home/airflow/.local/lib/python3.6/site-packages/airflow/example_dags/example_short_circuit_operator.py took 0.066 seconds
[2024-04-30 16:22:34,640] {scheduler_job.py:182} INFO - Started process (PID=934) to work on /home/airflow/.local/lib/python3.6/site-packages/airflow/example_dags/example_short_circuit_operator.py
[2024-04-30 16:22:34,641] {scheduler_job.py:629} INFO - Processing file /home/airflow/.local/lib/python3.6/site-packages/airflow/example_dags/example_short_circuit_operator.py for tasks to queue
[2024-04-30 16:22:34,642] {logging_mixin.py:104} INFO - [2024-04-30 16:22:34,642] {dagbag.py:451} INFO - Filling up the DagBag from /home/airflow/.local/lib/python3.6/site-packages/airflow/example_dags/example_short_circuit_operator.py
[2024-04-30 16:22:34,655] {scheduler_job.py:639} INFO - DAG(s) dict_keys(['example_short_circuit_operator']) retrieved from /home/airflow/.local/lib/python3.6/site-packages/airflow/example_dags/example_short_circuit_operator.py
[2024-04-30 16:22:34,685] {logging_mixin.py:104} INFO - [2024-04-30 16:22:34,685] {dag.py:1824} INFO - Sync 1 DAGs
[2024-04-30 16:22:34,701] {logging_mixin.py:104} INFO - [2024-04-30 16:22:34,701] {dag.py:2280} INFO - Setting next_dagrun for example_short_circuit_operator to 2024-04-28 00:00:00+00:00
[2024-04-30 16:22:34,715] {scheduler_job.py:190} INFO - Processing /home/airflow/.local/lib/python3.6/site-packages/airflow/example_dags/example_short_circuit_operator.py took 0.079 seconds
[2024-04-30 16:23:05,412] {scheduler_job.py:182} INFO - Started process (PID=966) to work on /home/airflow/.local/lib/python3.6/site-packages/airflow/example_dags/example_short_circuit_operator.py
[2024-04-30 16:23:05,413] {scheduler_job.py:629} INFO - Processing file /home/airflow/.local/lib/python3.6/site-packages/airflow/example_dags/example_short_circuit_operator.py for tasks to queue
[2024-04-30 16:23:05,414] {logging_mixin.py:104} INFO - [2024-04-30 16:23:05,414] {dagbag.py:451} INFO - Filling up the DagBag from /home/airflow/.local/lib/python3.6/site-packages/airflow/example_dags/example_short_circuit_operator.py
[2024-04-30 16:23:05,431] {scheduler_job.py:639} INFO - DAG(s) dict_keys(['example_short_circuit_operator']) retrieved from /home/airflow/.local/lib/python3.6/site-packages/airflow/example_dags/example_short_circuit_operator.py
[2024-04-30 16:23:05,456] {logging_mixin.py:104} INFO - [2024-04-30 16:23:05,456] {dag.py:1824} INFO - Sync 1 DAGs
[2024-04-30 16:23:05,476] {logging_mixin.py:104} INFO - [2024-04-30 16:23:05,476] {dag.py:2280} INFO - Setting next_dagrun for example_short_circuit_operator to 2024-04-28 00:00:00+00:00
[2024-04-30 16:23:05,487] {scheduler_job.py:190} INFO - Processing /home/airflow/.local/lib/python3.6/site-packages/airflow/example_dags/example_short_circuit_operator.py took 0.079 seconds
[2024-04-30 16:23:35,849] {scheduler_job.py:182} INFO - Started process (PID=998) to work on /home/airflow/.local/lib/python3.6/site-packages/airflow/example_dags/example_short_circuit_operator.py
[2024-04-30 16:23:35,850] {scheduler_job.py:629} INFO - Processing file /home/airflow/.local/lib/python3.6/site-packages/airflow/example_dags/example_short_circuit_operator.py for tasks to queue
[2024-04-30 16:23:35,852] {logging_mixin.py:104} INFO - [2024-04-30 16:23:35,851] {dagbag.py:451} INFO - Filling up the DagBag from /home/airflow/.local/lib/python3.6/site-packages/airflow/example_dags/example_short_circuit_operator.py
[2024-04-30 16:23:35,875] {scheduler_job.py:639} INFO - DAG(s) dict_keys(['example_short_circuit_operator']) retrieved from /home/airflow/.local/lib/python3.6/site-packages/airflow/example_dags/example_short_circuit_operator.py
[2024-04-30 16:23:35,895] {logging_mixin.py:104} INFO - [2024-04-30 16:23:35,895] {dag.py:1824} INFO - Sync 1 DAGs
[2024-04-30 16:23:35,913] {logging_mixin.py:104} INFO - [2024-04-30 16:23:35,913] {dag.py:2280} INFO - Setting next_dagrun for example_short_circuit_operator to 2024-04-28 00:00:00+00:00
[2024-04-30 16:23:35,927] {scheduler_job.py:190} INFO - Processing /home/airflow/.local/lib/python3.6/site-packages/airflow/example_dags/example_short_circuit_operator.py took 0.082 seconds
[2024-04-30 16:24:06,397] {scheduler_job.py:182} INFO - Started process (PID=1030) to work on /home/airflow/.local/lib/python3.6/site-packages/airflow/example_dags/example_short_circuit_operator.py
[2024-04-30 16:24:06,399] {scheduler_job.py:629} INFO - Processing file /home/airflow/.local/lib/python3.6/site-packages/airflow/example_dags/example_short_circuit_operator.py for tasks to queue
[2024-04-30 16:24:06,400] {logging_mixin.py:104} INFO - [2024-04-30 16:24:06,399] {dagbag.py:451} INFO - Filling up the DagBag from /home/airflow/.local/lib/python3.6/site-packages/airflow/example_dags/example_short_circuit_operator.py
[2024-04-30 16:24:06,419] {scheduler_job.py:639} INFO - DAG(s) dict_keys(['example_short_circuit_operator']) retrieved from /home/airflow/.local/lib/python3.6/site-packages/airflow/example_dags/example_short_circuit_operator.py
[2024-04-30 16:24:06,452] {logging_mixin.py:104} INFO - [2024-04-30 16:24:06,452] {dag.py:1824} INFO - Sync 1 DAGs
[2024-04-30 16:24:06,465] {logging_mixin.py:104} INFO - [2024-04-30 16:24:06,465] {dag.py:2280} INFO - Setting next_dagrun for example_short_circuit_operator to 2024-04-28 00:00:00+00:00
[2024-04-30 16:24:06,475] {scheduler_job.py:190} INFO - Processing /home/airflow/.local/lib/python3.6/site-packages/airflow/example_dags/example_short_circuit_operator.py took 0.082 seconds
[2024-04-30 16:24:36,943] {scheduler_job.py:182} INFO - Started process (PID=1062) to work on /home/airflow/.local/lib/python3.6/site-packages/airflow/example_dags/example_short_circuit_operator.py
[2024-04-30 16:24:36,944] {scheduler_job.py:629} INFO - Processing file /home/airflow/.local/lib/python3.6/site-packages/airflow/example_dags/example_short_circuit_operator.py for tasks to queue
[2024-04-30 16:24:36,945] {logging_mixin.py:104} INFO - [2024-04-30 16:24:36,945] {dagbag.py:451} INFO - Filling up the DagBag from /home/airflow/.local/lib/python3.6/site-packages/airflow/example_dags/example_short_circuit_operator.py
[2024-04-30 16:24:36,964] {scheduler_job.py:639} INFO - DAG(s) dict_keys(['example_short_circuit_operator']) retrieved from /home/airflow/.local/lib/python3.6/site-packages/airflow/example_dags/example_short_circuit_operator.py
[2024-04-30 16:24:36,986] {logging_mixin.py:104} INFO - [2024-04-30 16:24:36,986] {dag.py:1824} INFO - Sync 1 DAGs
[2024-04-30 16:24:37,002] {logging_mixin.py:104} INFO - [2024-04-30 16:24:37,002] {dag.py:2280} INFO - Setting next_dagrun for example_short_circuit_operator to 2024-04-28 00:00:00+00:00
[2024-04-30 16:24:37,013] {scheduler_job.py:190} INFO - Processing /home/airflow/.local/lib/python3.6/site-packages/airflow/example_dags/example_short_circuit_operator.py took 0.074 seconds
[2024-04-30 16:25:07,546] {scheduler_job.py:182} INFO - Started process (PID=1094) to work on /home/airflow/.local/lib/python3.6/site-packages/airflow/example_dags/example_short_circuit_operator.py
[2024-04-30 16:25:07,548] {scheduler_job.py:629} INFO - Processing file /home/airflow/.local/lib/python3.6/site-packages/airflow/example_dags/example_short_circuit_operator.py for tasks to queue
[2024-04-30 16:25:07,549] {logging_mixin.py:104} INFO - [2024-04-30 16:25:07,549] {dagbag.py:451} INFO - Filling up the DagBag from /home/airflow/.local/lib/python3.6/site-packages/airflow/example_dags/example_short_circuit_operator.py
[2024-04-30 16:25:07,575] {scheduler_job.py:639} INFO - DAG(s) dict_keys(['example_short_circuit_operator']) retrieved from /home/airflow/.local/lib/python3.6/site-packages/airflow/example_dags/example_short_circuit_operator.py
[2024-04-30 16:25:07,610] {logging_mixin.py:104} INFO - [2024-04-30 16:25:07,609] {dag.py:1824} INFO - Sync 1 DAGs
[2024-04-30 16:25:07,632] {logging_mixin.py:104} INFO - [2024-04-30 16:25:07,632] {dag.py:2280} INFO - Setting next_dagrun for example_short_circuit_operator to 2024-04-28 00:00:00+00:00
[2024-04-30 16:25:07,653] {scheduler_job.py:190} INFO - Processing /home/airflow/.local/lib/python3.6/site-packages/airflow/example_dags/example_short_circuit_operator.py took 0.114 seconds
[2024-04-30 16:25:38,337] {scheduler_job.py:182} INFO - Started process (PID=1126) to work on /home/airflow/.local/lib/python3.6/site-packages/airflow/example_dags/example_short_circuit_operator.py
[2024-04-30 16:25:38,338] {scheduler_job.py:629} INFO - Processing file /home/airflow/.local/lib/python3.6/site-packages/airflow/example_dags/example_short_circuit_operator.py for tasks to queue
[2024-04-30 16:25:38,339] {logging_mixin.py:104} INFO - [2024-04-30 16:25:38,339] {dagbag.py:451} INFO - Filling up the DagBag from /home/airflow/.local/lib/python3.6/site-packages/airflow/example_dags/example_short_circuit_operator.py
[2024-04-30 16:25:38,354] {scheduler_job.py:639} INFO - DAG(s) dict_keys(['example_short_circuit_operator']) retrieved from /home/airflow/.local/lib/python3.6/site-packages/airflow/example_dags/example_short_circuit_operator.py
[2024-04-30 16:25:38,375] {logging_mixin.py:104} INFO - [2024-04-30 16:25:38,375] {dag.py:1824} INFO - Sync 1 DAGs
[2024-04-30 16:25:38,389] {logging_mixin.py:104} INFO - [2024-04-30 16:25:38,389] {dag.py:2280} INFO - Setting next_dagrun for example_short_circuit_operator to 2024-04-28 00:00:00+00:00
[2024-04-30 16:25:38,400] {scheduler_job.py:190} INFO - Processing /home/airflow/.local/lib/python3.6/site-packages/airflow/example_dags/example_short_circuit_operator.py took 0.067 seconds
[2024-04-30 16:26:08,886] {scheduler_job.py:182} INFO - Started process (PID=1158) to work on /home/airflow/.local/lib/python3.6/site-packages/airflow/example_dags/example_short_circuit_operator.py
[2024-04-30 16:26:08,887] {scheduler_job.py:629} INFO - Processing file /home/airflow/.local/lib/python3.6/site-packages/airflow/example_dags/example_short_circuit_operator.py for tasks to queue
[2024-04-30 16:26:08,888] {logging_mixin.py:104} INFO - [2024-04-30 16:26:08,888] {dagbag.py:451} INFO - Filling up the DagBag from /home/airflow/.local/lib/python3.6/site-packages/airflow/example_dags/example_short_circuit_operator.py
[2024-04-30 16:26:08,902] {scheduler_job.py:639} INFO - DAG(s) dict_keys(['example_short_circuit_operator']) retrieved from /home/airflow/.local/lib/python3.6/site-packages/airflow/example_dags/example_short_circuit_operator.py
[2024-04-30 16:26:08,924] {logging_mixin.py:104} INFO - [2024-04-30 16:26:08,923] {dag.py:1824} INFO - Sync 1 DAGs
[2024-04-30 16:26:08,942] {logging_mixin.py:104} INFO - [2024-04-30 16:26:08,942] {dag.py:2280} INFO - Setting next_dagrun for example_short_circuit_operator to 2024-04-28 00:00:00+00:00
[2024-04-30 16:26:08,954] {scheduler_job.py:190} INFO - Processing /home/airflow/.local/lib/python3.6/site-packages/airflow/example_dags/example_short_circuit_operator.py took 0.071 seconds
[2024-04-30 16:26:39,223] {scheduler_job.py:182} INFO - Started process (PID=1190) to work on /home/airflow/.local/lib/python3.6/site-packages/airflow/example_dags/example_short_circuit_operator.py
[2024-04-30 16:26:39,226] {scheduler_job.py:629} INFO - Processing file /home/airflow/.local/lib/python3.6/site-packages/airflow/example_dags/example_short_circuit_operator.py for tasks to queue
[2024-04-30 16:26:39,227] {logging_mixin.py:104} INFO - [2024-04-30 16:26:39,227] {dagbag.py:451} INFO - Filling up the DagBag from /home/airflow/.local/lib/python3.6/site-packages/airflow/example_dags/example_short_circuit_operator.py
[2024-04-30 16:26:39,241] {scheduler_job.py:639} INFO - DAG(s) dict_keys(['example_short_circuit_operator']) retrieved from /home/airflow/.local/lib/python3.6/site-packages/airflow/example_dags/example_short_circuit_operator.py
[2024-04-30 16:26:39,262] {logging_mixin.py:104} INFO - [2024-04-30 16:26:39,262] {dag.py:1824} INFO - Sync 1 DAGs
[2024-04-30 16:26:39,278] {logging_mixin.py:104} INFO - [2024-04-30 16:26:39,278] {dag.py:2280} INFO - Setting next_dagrun for example_short_circuit_operator to 2024-04-28 00:00:00+00:00
[2024-04-30 16:26:39,287] {scheduler_job.py:190} INFO - Processing /home/airflow/.local/lib/python3.6/site-packages/airflow/example_dags/example_short_circuit_operator.py took 0.067 seconds
[2024-04-30 16:27:09,797] {scheduler_job.py:182} INFO - Started process (PID=1222) to work on /home/airflow/.local/lib/python3.6/site-packages/airflow/example_dags/example_short_circuit_operator.py
[2024-04-30 16:27:09,799] {scheduler_job.py:629} INFO - Processing file /home/airflow/.local/lib/python3.6/site-packages/airflow/example_dags/example_short_circuit_operator.py for tasks to queue
[2024-04-30 16:27:09,800] {logging_mixin.py:104} INFO - [2024-04-30 16:27:09,799] {dagbag.py:451} INFO - Filling up the DagBag from /home/airflow/.local/lib/python3.6/site-packages/airflow/example_dags/example_short_circuit_operator.py
[2024-04-30 16:27:09,811] {scheduler_job.py:639} INFO - DAG(s) dict_keys(['example_short_circuit_operator']) retrieved from /home/airflow/.local/lib/python3.6/site-packages/airflow/example_dags/example_short_circuit_operator.py
[2024-04-30 16:27:09,842] {logging_mixin.py:104} INFO - [2024-04-30 16:27:09,842] {dag.py:1824} INFO - Sync 1 DAGs
[2024-04-30 16:27:09,856] {logging_mixin.py:104} INFO - [2024-04-30 16:27:09,856] {dag.py:2280} INFO - Setting next_dagrun for example_short_circuit_operator to 2024-04-28 00:00:00+00:00
[2024-04-30 16:27:09,866] {scheduler_job.py:190} INFO - Processing /home/airflow/.local/lib/python3.6/site-packages/airflow/example_dags/example_short_circuit_operator.py took 0.071 seconds
[2024-04-30 16:27:40,310] {scheduler_job.py:182} INFO - Started process (PID=1254) to work on /home/airflow/.local/lib/python3.6/site-packages/airflow/example_dags/example_short_circuit_operator.py
[2024-04-30 16:27:40,311] {scheduler_job.py:629} INFO - Processing file /home/airflow/.local/lib/python3.6/site-packages/airflow/example_dags/example_short_circuit_operator.py for tasks to queue
[2024-04-30 16:27:40,312] {logging_mixin.py:104} INFO - [2024-04-30 16:27:40,312] {dagbag.py:451} INFO - Filling up the DagBag from /home/airflow/.local/lib/python3.6/site-packages/airflow/example_dags/example_short_circuit_operator.py
[2024-04-30 16:27:40,325] {scheduler_job.py:639} INFO - DAG(s) dict_keys(['example_short_circuit_operator']) retrieved from /home/airflow/.local/lib/python3.6/site-packages/airflow/example_dags/example_short_circuit_operator.py
[2024-04-30 16:27:40,347] {logging_mixin.py:104} INFO - [2024-04-30 16:27:40,347] {dag.py:1824} INFO - Sync 1 DAGs
[2024-04-30 16:27:40,368] {logging_mixin.py:104} INFO - [2024-04-30 16:27:40,368] {dag.py:2280} INFO - Setting next_dagrun for example_short_circuit_operator to 2024-04-28 00:00:00+00:00
[2024-04-30 16:27:40,387] {scheduler_job.py:190} INFO - Processing /home/airflow/.local/lib/python3.6/site-packages/airflow/example_dags/example_short_circuit_operator.py took 0.080 seconds
[2024-04-30 16:28:10,845] {scheduler_job.py:182} INFO - Started process (PID=1286) to work on /home/airflow/.local/lib/python3.6/site-packages/airflow/example_dags/example_short_circuit_operator.py
[2024-04-30 16:28:10,846] {scheduler_job.py:629} INFO - Processing file /home/airflow/.local/lib/python3.6/site-packages/airflow/example_dags/example_short_circuit_operator.py for tasks to queue
[2024-04-30 16:28:10,848] {logging_mixin.py:104} INFO - [2024-04-30 16:28:10,848] {dagbag.py:451} INFO - Filling up the DagBag from /home/airflow/.local/lib/python3.6/site-packages/airflow/example_dags/example_short_circuit_operator.py
[2024-04-30 16:28:10,862] {scheduler_job.py:639} INFO - DAG(s) dict_keys(['example_short_circuit_operator']) retrieved from /home/airflow/.local/lib/python3.6/site-packages/airflow/example_dags/example_short_circuit_operator.py
[2024-04-30 16:28:10,884] {logging_mixin.py:104} INFO - [2024-04-30 16:28:10,884] {dag.py:1824} INFO - Sync 1 DAGs
[2024-04-30 16:28:10,900] {logging_mixin.py:104} INFO - [2024-04-30 16:28:10,900] {dag.py:2280} INFO - Setting next_dagrun for example_short_circuit_operator to 2024-04-28 00:00:00+00:00
[2024-04-30 16:28:10,911] {scheduler_job.py:190} INFO - Processing /home/airflow/.local/lib/python3.6/site-packages/airflow/example_dags/example_short_circuit_operator.py took 0.072 seconds
[2024-04-30 16:28:41,506] {scheduler_job.py:182} INFO - Started process (PID=1318) to work on /home/airflow/.local/lib/python3.6/site-packages/airflow/example_dags/example_short_circuit_operator.py
[2024-04-30 16:28:41,507] {scheduler_job.py:629} INFO - Processing file /home/airflow/.local/lib/python3.6/site-packages/airflow/example_dags/example_short_circuit_operator.py for tasks to queue
[2024-04-30 16:28:41,508] {logging_mixin.py:104} INFO - [2024-04-30 16:28:41,508] {dagbag.py:451} INFO - Filling up the DagBag from /home/airflow/.local/lib/python3.6/site-packages/airflow/example_dags/example_short_circuit_operator.py
[2024-04-30 16:28:41,520] {scheduler_job.py:639} INFO - DAG(s) dict_keys(['example_short_circuit_operator']) retrieved from /home/airflow/.local/lib/python3.6/site-packages/airflow/example_dags/example_short_circuit_operator.py
[2024-04-30 16:28:41,540] {logging_mixin.py:104} INFO - [2024-04-30 16:28:41,540] {dag.py:1824} INFO - Sync 1 DAGs
[2024-04-30 16:28:41,558] {logging_mixin.py:104} INFO - [2024-04-30 16:28:41,558] {dag.py:2280} INFO - Setting next_dagrun for example_short_circuit_operator to 2024-04-28 00:00:00+00:00
[2024-04-30 16:28:41,569] {scheduler_job.py:190} INFO - Processing /home/airflow/.local/lib/python3.6/site-packages/airflow/example_dags/example_short_circuit_operator.py took 0.067 seconds
[2024-04-30 16:29:11,965] {scheduler_job.py:182} INFO - Started process (PID=1350) to work on /home/airflow/.local/lib/python3.6/site-packages/airflow/example_dags/example_short_circuit_operator.py
[2024-04-30 16:29:11,966] {scheduler_job.py:629} INFO - Processing file /home/airflow/.local/lib/python3.6/site-packages/airflow/example_dags/example_short_circuit_operator.py for tasks to queue
[2024-04-30 16:29:11,967] {logging_mixin.py:104} INFO - [2024-04-30 16:29:11,967] {dagbag.py:451} INFO - Filling up the DagBag from /home/airflow/.local/lib/python3.6/site-packages/airflow/example_dags/example_short_circuit_operator.py
[2024-04-30 16:29:11,980] {scheduler_job.py:639} INFO - DAG(s) dict_keys(['example_short_circuit_operator']) retrieved from /home/airflow/.local/lib/python3.6/site-packages/airflow/example_dags/example_short_circuit_operator.py
[2024-04-30 16:29:12,003] {logging_mixin.py:104} INFO - [2024-04-30 16:29:12,003] {dag.py:1824} INFO - Sync 1 DAGs
[2024-04-30 16:29:12,019] {logging_mixin.py:104} INFO - [2024-04-30 16:29:12,018] {dag.py:2280} INFO - Setting next_dagrun for example_short_circuit_operator to 2024-04-28 00:00:00+00:00
[2024-04-30 16:29:12,030] {scheduler_job.py:190} INFO - Processing /home/airflow/.local/lib/python3.6/site-packages/airflow/example_dags/example_short_circuit_operator.py took 0.068 seconds
[2024-04-30 16:29:42,626] {scheduler_job.py:182} INFO - Started process (PID=1382) to work on /home/airflow/.local/lib/python3.6/site-packages/airflow/example_dags/example_short_circuit_operator.py
[2024-04-30 16:29:42,627] {scheduler_job.py:629} INFO - Processing file /home/airflow/.local/lib/python3.6/site-packages/airflow/example_dags/example_short_circuit_operator.py for tasks to queue
[2024-04-30 16:29:42,628] {logging_mixin.py:104} INFO - [2024-04-30 16:29:42,628] {dagbag.py:451} INFO - Filling up the DagBag from /home/airflow/.local/lib/python3.6/site-packages/airflow/example_dags/example_short_circuit_operator.py
[2024-04-30 16:29:42,640] {scheduler_job.py:639} INFO - DAG(s) dict_keys(['example_short_circuit_operator']) retrieved from /home/airflow/.local/lib/python3.6/site-packages/airflow/example_dags/example_short_circuit_operator.py
[2024-04-30 16:29:42,660] {logging_mixin.py:104} INFO - [2024-04-30 16:29:42,660] {dag.py:1824} INFO - Sync 1 DAGs
[2024-04-30 16:29:42,676] {logging_mixin.py:104} INFO - [2024-04-30 16:29:42,676] {dag.py:2280} INFO - Setting next_dagrun for example_short_circuit_operator to 2024-04-28 00:00:00+00:00
[2024-04-30 16:29:42,685] {scheduler_job.py:190} INFO - Processing /home/airflow/.local/lib/python3.6/site-packages/airflow/example_dags/example_short_circuit_operator.py took 0.062 seconds
[2024-04-30 16:30:13,047] {scheduler_job.py:182} INFO - Started process (PID=1414) to work on /home/airflow/.local/lib/python3.6/site-packages/airflow/example_dags/example_short_circuit_operator.py
[2024-04-30 16:30:13,048] {scheduler_job.py:629} INFO - Processing file /home/airflow/.local/lib/python3.6/site-packages/airflow/example_dags/example_short_circuit_operator.py for tasks to queue
[2024-04-30 16:30:13,050] {logging_mixin.py:104} INFO - [2024-04-30 16:30:13,049] {dagbag.py:451} INFO - Filling up the DagBag from /home/airflow/.local/lib/python3.6/site-packages/airflow/example_dags/example_short_circuit_operator.py
[2024-04-30 16:30:13,062] {scheduler_job.py:639} INFO - DAG(s) dict_keys(['example_short_circuit_operator']) retrieved from /home/airflow/.local/lib/python3.6/site-packages/airflow/example_dags/example_short_circuit_operator.py
[2024-04-30 16:30:13,084] {logging_mixin.py:104} INFO - [2024-04-30 16:30:13,083] {dag.py:1824} INFO - Sync 1 DAGs
[2024-04-30 16:30:13,098] {logging_mixin.py:104} INFO - [2024-04-30 16:30:13,097] {dag.py:2280} INFO - Setting next_dagrun for example_short_circuit_operator to 2024-04-28 00:00:00+00:00
[2024-04-30 16:30:13,108] {scheduler_job.py:190} INFO - Processing /home/airflow/.local/lib/python3.6/site-packages/airflow/example_dags/example_short_circuit_operator.py took 0.066 seconds
[2024-04-30 16:30:43,657] {scheduler_job.py:182} INFO - Started process (PID=1446) to work on /home/airflow/.local/lib/python3.6/site-packages/airflow/example_dags/example_short_circuit_operator.py
[2024-04-30 16:30:43,661] {scheduler_job.py:629} INFO - Processing file /home/airflow/.local/lib/python3.6/site-packages/airflow/example_dags/example_short_circuit_operator.py for tasks to queue
[2024-04-30 16:30:43,663] {logging_mixin.py:104} INFO - [2024-04-30 16:30:43,662] {dagbag.py:451} INFO - Filling up the DagBag from /home/airflow/.local/lib/python3.6/site-packages/airflow/example_dags/example_short_circuit_operator.py
[2024-04-30 16:30:43,692] {scheduler_job.py:639} INFO - DAG(s) dict_keys(['example_short_circuit_operator']) retrieved from /home/airflow/.local/lib/python3.6/site-packages/airflow/example_dags/example_short_circuit_operator.py
[2024-04-30 16:30:43,745] {logging_mixin.py:104} INFO - [2024-04-30 16:30:43,744] {dag.py:1824} INFO - Sync 1 DAGs
[2024-04-30 16:30:43,784] {logging_mixin.py:104} INFO - [2024-04-30 16:30:43,784] {dag.py:2280} INFO - Setting next_dagrun for example_short_circuit_operator to 2024-04-28 00:00:00+00:00
[2024-04-30 16:30:43,806] {scheduler_job.py:190} INFO - Processing /home/airflow/.local/lib/python3.6/site-packages/airflow/example_dags/example_short_circuit_operator.py took 0.154 seconds
[2024-04-30 16:31:14,191] {scheduler_job.py:182} INFO - Started process (PID=1478) to work on /home/airflow/.local/lib/python3.6/site-packages/airflow/example_dags/example_short_circuit_operator.py
[2024-04-30 16:31:14,195] {scheduler_job.py:629} INFO - Processing file /home/airflow/.local/lib/python3.6/site-packages/airflow/example_dags/example_short_circuit_operator.py for tasks to queue
[2024-04-30 16:31:14,196] {logging_mixin.py:104} INFO - [2024-04-30 16:31:14,196] {dagbag.py:451} INFO - Filling up the DagBag from /home/airflow/.local/lib/python3.6/site-packages/airflow/example_dags/example_short_circuit_operator.py
[2024-04-30 16:31:14,234] {scheduler_job.py:639} INFO - DAG(s) dict_keys(['example_short_circuit_operator']) retrieved from /home/airflow/.local/lib/python3.6/site-packages/airflow/example_dags/example_short_circuit_operator.py
[2024-04-30 16:31:14,281] {logging_mixin.py:104} INFO - [2024-04-30 16:31:14,281] {dag.py:1824} INFO - Sync 1 DAGs
[2024-04-30 16:31:14,314] {logging_mixin.py:104} INFO - [2024-04-30 16:31:14,314] {dag.py:2280} INFO - Setting next_dagrun for example_short_circuit_operator to 2024-04-28 00:00:00+00:00
[2024-04-30 16:31:14,332] {scheduler_job.py:190} INFO - Processing /home/airflow/.local/lib/python3.6/site-packages/airflow/example_dags/example_short_circuit_operator.py took 0.149 seconds
[2024-04-30 16:31:44,557] {scheduler_job.py:182} INFO - Started process (PID=1510) to work on /home/airflow/.local/lib/python3.6/site-packages/airflow/example_dags/example_short_circuit_operator.py
[2024-04-30 16:31:44,559] {scheduler_job.py:629} INFO - Processing file /home/airflow/.local/lib/python3.6/site-packages/airflow/example_dags/example_short_circuit_operator.py for tasks to queue
[2024-04-30 16:31:44,560] {logging_mixin.py:104} INFO - [2024-04-30 16:31:44,560] {dagbag.py:451} INFO - Filling up the DagBag from /home/airflow/.local/lib/python3.6/site-packages/airflow/example_dags/example_short_circuit_operator.py
[2024-04-30 16:31:44,578] {scheduler_job.py:639} INFO - DAG(s) dict_keys(['example_short_circuit_operator']) retrieved from /home/airflow/.local/lib/python3.6/site-packages/airflow/example_dags/example_short_circuit_operator.py
[2024-04-30 16:31:44,607] {logging_mixin.py:104} INFO - [2024-04-30 16:31:44,607] {dag.py:1824} INFO - Sync 1 DAGs
[2024-04-30 16:31:44,625] {logging_mixin.py:104} INFO - [2024-04-30 16:31:44,625] {dag.py:2280} INFO - Setting next_dagrun for example_short_circuit_operator to 2024-04-28 00:00:00+00:00
[2024-04-30 16:31:44,638] {scheduler_job.py:190} INFO - Processing /home/airflow/.local/lib/python3.6/site-packages/airflow/example_dags/example_short_circuit_operator.py took 0.087 seconds
[2024-04-30 16:32:14,725] {scheduler_job.py:182} INFO - Started process (PID=1542) to work on /home/airflow/.local/lib/python3.6/site-packages/airflow/example_dags/example_short_circuit_operator.py
[2024-04-30 16:32:14,727] {scheduler_job.py:629} INFO - Processing file /home/airflow/.local/lib/python3.6/site-packages/airflow/example_dags/example_short_circuit_operator.py for tasks to queue
[2024-04-30 16:32:14,729] {logging_mixin.py:104} INFO - [2024-04-30 16:32:14,728] {dagbag.py:451} INFO - Filling up the DagBag from /home/airflow/.local/lib/python3.6/site-packages/airflow/example_dags/example_short_circuit_operator.py
[2024-04-30 16:32:14,758] {scheduler_job.py:639} INFO - DAG(s) dict_keys(['example_short_circuit_operator']) retrieved from /home/airflow/.local/lib/python3.6/site-packages/airflow/example_dags/example_short_circuit_operator.py
[2024-04-30 16:32:14,811] {logging_mixin.py:104} INFO - [2024-04-30 16:32:14,811] {dag.py:1824} INFO - Sync 1 DAGs
[2024-04-30 16:32:14,863] {logging_mixin.py:104} INFO - [2024-04-30 16:32:14,863] {dag.py:2280} INFO - Setting next_dagrun for example_short_circuit_operator to 2024-04-28 00:00:00+00:00
[2024-04-30 16:32:14,884] {scheduler_job.py:190} INFO - Processing /home/airflow/.local/lib/python3.6/site-packages/airflow/example_dags/example_short_circuit_operator.py took 0.164 seconds
[2024-04-30 16:32:45,521] {scheduler_job.py:182} INFO - Started process (PID=1574) to work on /home/airflow/.local/lib/python3.6/site-packages/airflow/example_dags/example_short_circuit_operator.py
[2024-04-30 16:32:45,522] {scheduler_job.py:629} INFO - Processing file /home/airflow/.local/lib/python3.6/site-packages/airflow/example_dags/example_short_circuit_operator.py for tasks to queue
[2024-04-30 16:32:45,523] {logging_mixin.py:104} INFO - [2024-04-30 16:32:45,523] {dagbag.py:451} INFO - Filling up the DagBag from /home/airflow/.local/lib/python3.6/site-packages/airflow/example_dags/example_short_circuit_operator.py
[2024-04-30 16:32:45,539] {scheduler_job.py:639} INFO - DAG(s) dict_keys(['example_short_circuit_operator']) retrieved from /home/airflow/.local/lib/python3.6/site-packages/airflow/example_dags/example_short_circuit_operator.py
[2024-04-30 16:32:45,570] {logging_mixin.py:104} INFO - [2024-04-30 16:32:45,569] {dag.py:1824} INFO - Sync 1 DAGs
[2024-04-30 16:32:45,590] {logging_mixin.py:104} INFO - [2024-04-30 16:32:45,590] {dag.py:2280} INFO - Setting next_dagrun for example_short_circuit_operator to 2024-04-28 00:00:00+00:00
[2024-04-30 16:32:45,602] {scheduler_job.py:190} INFO - Processing /home/airflow/.local/lib/python3.6/site-packages/airflow/example_dags/example_short_circuit_operator.py took 0.085 seconds
[2024-04-30 16:33:16,112] {scheduler_job.py:182} INFO - Started process (PID=1606) to work on /home/airflow/.local/lib/python3.6/site-packages/airflow/example_dags/example_short_circuit_operator.py
[2024-04-30 16:33:16,113] {scheduler_job.py:629} INFO - Processing file /home/airflow/.local/lib/python3.6/site-packages/airflow/example_dags/example_short_circuit_operator.py for tasks to queue
[2024-04-30 16:33:16,114] {logging_mixin.py:104} INFO - [2024-04-30 16:33:16,114] {dagbag.py:451} INFO - Filling up the DagBag from /home/airflow/.local/lib/python3.6/site-packages/airflow/example_dags/example_short_circuit_operator.py
[2024-04-30 16:33:16,127] {scheduler_job.py:639} INFO - DAG(s) dict_keys(['example_short_circuit_operator']) retrieved from /home/airflow/.local/lib/python3.6/site-packages/airflow/example_dags/example_short_circuit_operator.py
[2024-04-30 16:33:16,149] {logging_mixin.py:104} INFO - [2024-04-30 16:33:16,149] {dag.py:1824} INFO - Sync 1 DAGs
[2024-04-30 16:33:16,165] {logging_mixin.py:104} INFO - [2024-04-30 16:33:16,165] {dag.py:2280} INFO - Setting next_dagrun for example_short_circuit_operator to 2024-04-28 00:00:00+00:00
[2024-04-30 16:33:16,176] {scheduler_job.py:190} INFO - Processing /home/airflow/.local/lib/python3.6/site-packages/airflow/example_dags/example_short_circuit_operator.py took 0.067 seconds
[2024-04-30 16:33:46,663] {scheduler_job.py:182} INFO - Started process (PID=1638) to work on /home/airflow/.local/lib/python3.6/site-packages/airflow/example_dags/example_short_circuit_operator.py
[2024-04-30 16:33:46,664] {scheduler_job.py:629} INFO - Processing file /home/airflow/.local/lib/python3.6/site-packages/airflow/example_dags/example_short_circuit_operator.py for tasks to queue
[2024-04-30 16:33:46,665] {logging_mixin.py:104} INFO - [2024-04-30 16:33:46,665] {dagbag.py:451} INFO - Filling up the DagBag from /home/airflow/.local/lib/python3.6/site-packages/airflow/example_dags/example_short_circuit_operator.py
[2024-04-30 16:33:46,678] {scheduler_job.py:639} INFO - DAG(s) dict_keys(['example_short_circuit_operator']) retrieved from /home/airflow/.local/lib/python3.6/site-packages/airflow/example_dags/example_short_circuit_operator.py
[2024-04-30 16:33:46,701] {logging_mixin.py:104} INFO - [2024-04-30 16:33:46,701] {dag.py:1824} INFO - Sync 1 DAGs
[2024-04-30 16:33:46,717] {logging_mixin.py:104} INFO - [2024-04-30 16:33:46,717] {dag.py:2280} INFO - Setting next_dagrun for example_short_circuit_operator to 2024-04-28 00:00:00+00:00
[2024-04-30 16:33:46,728] {scheduler_job.py:190} INFO - Processing /home/airflow/.local/lib/python3.6/site-packages/airflow/example_dags/example_short_circuit_operator.py took 0.069 seconds
[2024-04-30 16:34:17,329] {scheduler_job.py:182} INFO - Started process (PID=1670) to work on /home/airflow/.local/lib/python3.6/site-packages/airflow/example_dags/example_short_circuit_operator.py
[2024-04-30 16:34:17,331] {scheduler_job.py:629} INFO - Processing file /home/airflow/.local/lib/python3.6/site-packages/airflow/example_dags/example_short_circuit_operator.py for tasks to queue
[2024-04-30 16:34:17,332] {logging_mixin.py:104} INFO - [2024-04-30 16:34:17,332] {dagbag.py:451} INFO - Filling up the DagBag from /home/airflow/.local/lib/python3.6/site-packages/airflow/example_dags/example_short_circuit_operator.py
[2024-04-30 16:34:17,345] {scheduler_job.py:639} INFO - DAG(s) dict_keys(['example_short_circuit_operator']) retrieved from /home/airflow/.local/lib/python3.6/site-packages/airflow/example_dags/example_short_circuit_operator.py
[2024-04-30 16:34:17,367] {logging_mixin.py:104} INFO - [2024-04-30 16:34:17,367] {dag.py:1824} INFO - Sync 1 DAGs
[2024-04-30 16:34:17,383] {logging_mixin.py:104} INFO - [2024-04-30 16:34:17,383] {dag.py:2280} INFO - Setting next_dagrun for example_short_circuit_operator to 2024-04-28 00:00:00+00:00
[2024-04-30 16:34:17,397] {scheduler_job.py:190} INFO - Processing /home/airflow/.local/lib/python3.6/site-packages/airflow/example_dags/example_short_circuit_operator.py took 0.071 seconds
[2024-04-30 16:34:47,895] {scheduler_job.py:182} INFO - Started process (PID=1702) to work on /home/airflow/.local/lib/python3.6/site-packages/airflow/example_dags/example_short_circuit_operator.py
[2024-04-30 16:34:47,896] {scheduler_job.py:629} INFO - Processing file /home/airflow/.local/lib/python3.6/site-packages/airflow/example_dags/example_short_circuit_operator.py for tasks to queue
[2024-04-30 16:34:47,897] {logging_mixin.py:104} INFO - [2024-04-30 16:34:47,896] {dagbag.py:451} INFO - Filling up the DagBag from /home/airflow/.local/lib/python3.6/site-packages/airflow/example_dags/example_short_circuit_operator.py
[2024-04-30 16:34:47,909] {scheduler_job.py:639} INFO - DAG(s) dict_keys(['example_short_circuit_operator']) retrieved from /home/airflow/.local/lib/python3.6/site-packages/airflow/example_dags/example_short_circuit_operator.py
[2024-04-30 16:34:47,934] {logging_mixin.py:104} INFO - [2024-04-30 16:34:47,934] {dag.py:1824} INFO - Sync 1 DAGs
[2024-04-30 16:34:47,956] {logging_mixin.py:104} INFO - [2024-04-30 16:34:47,956] {dag.py:2280} INFO - Setting next_dagrun for example_short_circuit_operator to 2024-04-28 00:00:00+00:00
[2024-04-30 16:34:47,971] {scheduler_job.py:190} INFO - Processing /home/airflow/.local/lib/python3.6/site-packages/airflow/example_dags/example_short_circuit_operator.py took 0.080 seconds
[2024-04-30 16:35:18,566] {scheduler_job.py:182} INFO - Started process (PID=1734) to work on /home/airflow/.local/lib/python3.6/site-packages/airflow/example_dags/example_short_circuit_operator.py
[2024-04-30 16:35:18,567] {scheduler_job.py:629} INFO - Processing file /home/airflow/.local/lib/python3.6/site-packages/airflow/example_dags/example_short_circuit_operator.py for tasks to queue
[2024-04-30 16:35:18,568] {logging_mixin.py:104} INFO - [2024-04-30 16:35:18,567] {dagbag.py:451} INFO - Filling up the DagBag from /home/airflow/.local/lib/python3.6/site-packages/airflow/example_dags/example_short_circuit_operator.py
[2024-04-30 16:35:18,578] {scheduler_job.py:639} INFO - DAG(s) dict_keys(['example_short_circuit_operator']) retrieved from /home/airflow/.local/lib/python3.6/site-packages/airflow/example_dags/example_short_circuit_operator.py
[2024-04-30 16:35:18,602] {logging_mixin.py:104} INFO - [2024-04-30 16:35:18,602] {dag.py:1824} INFO - Sync 1 DAGs
[2024-04-30 16:35:18,619] {logging_mixin.py:104} INFO - [2024-04-30 16:35:18,619] {dag.py:2280} INFO - Setting next_dagrun for example_short_circuit_operator to 2024-04-28 00:00:00+00:00
[2024-04-30 16:35:18,628] {scheduler_job.py:190} INFO - Processing /home/airflow/.local/lib/python3.6/site-packages/airflow/example_dags/example_short_circuit_operator.py took 0.065 seconds
[2024-04-30 16:35:49,069] {scheduler_job.py:182} INFO - Started process (PID=1766) to work on /home/airflow/.local/lib/python3.6/site-packages/airflow/example_dags/example_short_circuit_operator.py
[2024-04-30 16:35:49,070] {scheduler_job.py:629} INFO - Processing file /home/airflow/.local/lib/python3.6/site-packages/airflow/example_dags/example_short_circuit_operator.py for tasks to queue
[2024-04-30 16:35:49,071] {logging_mixin.py:104} INFO - [2024-04-30 16:35:49,071] {dagbag.py:451} INFO - Filling up the DagBag from /home/airflow/.local/lib/python3.6/site-packages/airflow/example_dags/example_short_circuit_operator.py
[2024-04-30 16:35:49,084] {scheduler_job.py:639} INFO - DAG(s) dict_keys(['example_short_circuit_operator']) retrieved from /home/airflow/.local/lib/python3.6/site-packages/airflow/example_dags/example_short_circuit_operator.py
[2024-04-30 16:35:49,104] {logging_mixin.py:104} INFO - [2024-04-30 16:35:49,104] {dag.py:1824} INFO - Sync 1 DAGs
[2024-04-30 16:35:49,120] {logging_mixin.py:104} INFO - [2024-04-30 16:35:49,120] {dag.py:2280} INFO - Setting next_dagrun for example_short_circuit_operator to 2024-04-28 00:00:00+00:00
[2024-04-30 16:35:49,130] {scheduler_job.py:190} INFO - Processing /home/airflow/.local/lib/python3.6/site-packages/airflow/example_dags/example_short_circuit_operator.py took 0.064 seconds
[2024-04-30 16:36:19,598] {scheduler_job.py:182} INFO - Started process (PID=1798) to work on /home/airflow/.local/lib/python3.6/site-packages/airflow/example_dags/example_short_circuit_operator.py
[2024-04-30 16:36:19,599] {scheduler_job.py:629} INFO - Processing file /home/airflow/.local/lib/python3.6/site-packages/airflow/example_dags/example_short_circuit_operator.py for tasks to queue
[2024-04-30 16:36:19,600] {logging_mixin.py:104} INFO - [2024-04-30 16:36:19,600] {dagbag.py:451} INFO - Filling up the DagBag from /home/airflow/.local/lib/python3.6/site-packages/airflow/example_dags/example_short_circuit_operator.py
[2024-04-30 16:36:19,613] {scheduler_job.py:639} INFO - DAG(s) dict_keys(['example_short_circuit_operator']) retrieved from /home/airflow/.local/lib/python3.6/site-packages/airflow/example_dags/example_short_circuit_operator.py
[2024-04-30 16:36:19,636] {logging_mixin.py:104} INFO - [2024-04-30 16:36:19,635] {dag.py:1824} INFO - Sync 1 DAGs
[2024-04-30 16:36:19,652] {logging_mixin.py:104} INFO - [2024-04-30 16:36:19,652] {dag.py:2280} INFO - Setting next_dagrun for example_short_circuit_operator to 2024-04-28 00:00:00+00:00
[2024-04-30 16:36:19,662] {scheduler_job.py:190} INFO - Processing /home/airflow/.local/lib/python3.6/site-packages/airflow/example_dags/example_short_circuit_operator.py took 0.068 seconds
[2024-04-30 16:36:50,150] {scheduler_job.py:182} INFO - Started process (PID=1830) to work on /home/airflow/.local/lib/python3.6/site-packages/airflow/example_dags/example_short_circuit_operator.py
[2024-04-30 16:36:50,152] {scheduler_job.py:629} INFO - Processing file /home/airflow/.local/lib/python3.6/site-packages/airflow/example_dags/example_short_circuit_operator.py for tasks to queue
[2024-04-30 16:36:50,153] {logging_mixin.py:104} INFO - [2024-04-30 16:36:50,153] {dagbag.py:451} INFO - Filling up the DagBag from /home/airflow/.local/lib/python3.6/site-packages/airflow/example_dags/example_short_circuit_operator.py
[2024-04-30 16:36:50,165] {scheduler_job.py:639} INFO - DAG(s) dict_keys(['example_short_circuit_operator']) retrieved from /home/airflow/.local/lib/python3.6/site-packages/airflow/example_dags/example_short_circuit_operator.py
[2024-04-30 16:36:50,187] {logging_mixin.py:104} INFO - [2024-04-30 16:36:50,187] {dag.py:1824} INFO - Sync 1 DAGs
[2024-04-30 16:36:50,203] {logging_mixin.py:104} INFO - [2024-04-30 16:36:50,203] {dag.py:2280} INFO - Setting next_dagrun for example_short_circuit_operator to 2024-04-28 00:00:00+00:00
[2024-04-30 16:36:50,213] {scheduler_job.py:190} INFO - Processing /home/airflow/.local/lib/python3.6/site-packages/airflow/example_dags/example_short_circuit_operator.py took 0.066 seconds
[2024-04-30 16:37:20,789] {scheduler_job.py:182} INFO - Started process (PID=1862) to work on /home/airflow/.local/lib/python3.6/site-packages/airflow/example_dags/example_short_circuit_operator.py
[2024-04-30 16:37:20,791] {scheduler_job.py:629} INFO - Processing file /home/airflow/.local/lib/python3.6/site-packages/airflow/example_dags/example_short_circuit_operator.py for tasks to queue
[2024-04-30 16:37:20,793] {logging_mixin.py:104} INFO - [2024-04-30 16:37:20,793] {dagbag.py:451} INFO - Filling up the DagBag from /home/airflow/.local/lib/python3.6/site-packages/airflow/example_dags/example_short_circuit_operator.py
[2024-04-30 16:37:20,810] {scheduler_job.py:639} INFO - DAG(s) dict_keys(['example_short_circuit_operator']) retrieved from /home/airflow/.local/lib/python3.6/site-packages/airflow/example_dags/example_short_circuit_operator.py
[2024-04-30 16:37:20,833] {logging_mixin.py:104} INFO - [2024-04-30 16:37:20,833] {dag.py:1824} INFO - Sync 1 DAGs
[2024-04-30 16:37:20,849] {logging_mixin.py:104} INFO - [2024-04-30 16:37:20,849] {dag.py:2280} INFO - Setting next_dagrun for example_short_circuit_operator to 2024-04-28 00:00:00+00:00
[2024-04-30 16:37:20,859] {scheduler_job.py:190} INFO - Processing /home/airflow/.local/lib/python3.6/site-packages/airflow/example_dags/example_short_circuit_operator.py took 0.076 seconds
[2024-04-30 16:37:51,259] {scheduler_job.py:182} INFO - Started process (PID=1894) to work on /home/airflow/.local/lib/python3.6/site-packages/airflow/example_dags/example_short_circuit_operator.py
[2024-04-30 16:37:51,260] {scheduler_job.py:629} INFO - Processing file /home/airflow/.local/lib/python3.6/site-packages/airflow/example_dags/example_short_circuit_operator.py for tasks to queue
[2024-04-30 16:37:51,261] {logging_mixin.py:104} INFO - [2024-04-30 16:37:51,261] {dagbag.py:451} INFO - Filling up the DagBag from /home/airflow/.local/lib/python3.6/site-packages/airflow/example_dags/example_short_circuit_operator.py
[2024-04-30 16:37:51,273] {scheduler_job.py:639} INFO - DAG(s) dict_keys(['example_short_circuit_operator']) retrieved from /home/airflow/.local/lib/python3.6/site-packages/airflow/example_dags/example_short_circuit_operator.py
[2024-04-30 16:37:51,292] {logging_mixin.py:104} INFO - [2024-04-30 16:37:51,292] {dag.py:1824} INFO - Sync 1 DAGs
[2024-04-30 16:37:51,307] {logging_mixin.py:104} INFO - [2024-04-30 16:37:51,307] {dag.py:2280} INFO - Setting next_dagrun for example_short_circuit_operator to 2024-04-28 00:00:00+00:00
[2024-04-30 16:37:51,316] {scheduler_job.py:190} INFO - Processing /home/airflow/.local/lib/python3.6/site-packages/airflow/example_dags/example_short_circuit_operator.py took 0.059 seconds
[2024-04-30 16:38:21,753] {scheduler_job.py:182} INFO - Started process (PID=1926) to work on /home/airflow/.local/lib/python3.6/site-packages/airflow/example_dags/example_short_circuit_operator.py
[2024-04-30 16:38:21,754] {scheduler_job.py:629} INFO - Processing file /home/airflow/.local/lib/python3.6/site-packages/airflow/example_dags/example_short_circuit_operator.py for tasks to queue
[2024-04-30 16:38:21,755] {logging_mixin.py:104} INFO - [2024-04-30 16:38:21,755] {dagbag.py:451} INFO - Filling up the DagBag from /home/airflow/.local/lib/python3.6/site-packages/airflow/example_dags/example_short_circuit_operator.py
[2024-04-30 16:38:21,768] {scheduler_job.py:639} INFO - DAG(s) dict_keys(['example_short_circuit_operator']) retrieved from /home/airflow/.local/lib/python3.6/site-packages/airflow/example_dags/example_short_circuit_operator.py
[2024-04-30 16:38:21,790] {logging_mixin.py:104} INFO - [2024-04-30 16:38:21,790] {dag.py:1824} INFO - Sync 1 DAGs
[2024-04-30 16:38:21,805] {logging_mixin.py:104} INFO - [2024-04-30 16:38:21,805] {dag.py:2280} INFO - Setting next_dagrun for example_short_circuit_operator to 2024-04-28 00:00:00+00:00
[2024-04-30 16:38:21,816] {scheduler_job.py:190} INFO - Processing /home/airflow/.local/lib/python3.6/site-packages/airflow/example_dags/example_short_circuit_operator.py took 0.066 seconds
[2024-04-30 16:38:52,237] {scheduler_job.py:182} INFO - Started process (PID=1958) to work on /home/airflow/.local/lib/python3.6/site-packages/airflow/example_dags/example_short_circuit_operator.py
[2024-04-30 16:38:52,239] {scheduler_job.py:629} INFO - Processing file /home/airflow/.local/lib/python3.6/site-packages/airflow/example_dags/example_short_circuit_operator.py for tasks to queue
[2024-04-30 16:38:52,240] {logging_mixin.py:104} INFO - [2024-04-30 16:38:52,239] {dagbag.py:451} INFO - Filling up the DagBag from /home/airflow/.local/lib/python3.6/site-packages/airflow/example_dags/example_short_circuit_operator.py
[2024-04-30 16:38:52,253] {scheduler_job.py:639} INFO - DAG(s) dict_keys(['example_short_circuit_operator']) retrieved from /home/airflow/.local/lib/python3.6/site-packages/airflow/example_dags/example_short_circuit_operator.py
[2024-04-30 16:38:52,274] {logging_mixin.py:104} INFO - [2024-04-30 16:38:52,274] {dag.py:1824} INFO - Sync 1 DAGs
[2024-04-30 16:38:52,290] {logging_mixin.py:104} INFO - [2024-04-30 16:38:52,290] {dag.py:2280} INFO - Setting next_dagrun for example_short_circuit_operator to 2024-04-28 00:00:00+00:00
[2024-04-30 16:38:52,302] {scheduler_job.py:190} INFO - Processing /home/airflow/.local/lib/python3.6/site-packages/airflow/example_dags/example_short_circuit_operator.py took 0.068 seconds
[2024-04-30 16:39:22,887] {scheduler_job.py:182} INFO - Started process (PID=1990) to work on /home/airflow/.local/lib/python3.6/site-packages/airflow/example_dags/example_short_circuit_operator.py
[2024-04-30 16:39:22,888] {scheduler_job.py:629} INFO - Processing file /home/airflow/.local/lib/python3.6/site-packages/airflow/example_dags/example_short_circuit_operator.py for tasks to queue
[2024-04-30 16:39:22,889] {logging_mixin.py:104} INFO - [2024-04-30 16:39:22,889] {dagbag.py:451} INFO - Filling up the DagBag from /home/airflow/.local/lib/python3.6/site-packages/airflow/example_dags/example_short_circuit_operator.py
[2024-04-30 16:39:22,903] {scheduler_job.py:639} INFO - DAG(s) dict_keys(['example_short_circuit_operator']) retrieved from /home/airflow/.local/lib/python3.6/site-packages/airflow/example_dags/example_short_circuit_operator.py
[2024-04-30 16:39:22,924] {logging_mixin.py:104} INFO - [2024-04-30 16:39:22,924] {dag.py:1824} INFO - Sync 1 DAGs
[2024-04-30 16:39:22,939] {logging_mixin.py:104} INFO - [2024-04-30 16:39:22,939] {dag.py:2280} INFO - Setting next_dagrun for example_short_circuit_operator to 2024-04-28 00:00:00+00:00
[2024-04-30 16:39:22,951] {scheduler_job.py:190} INFO - Processing /home/airflow/.local/lib/python3.6/site-packages/airflow/example_dags/example_short_circuit_operator.py took 0.067 seconds
[2024-04-30 16:39:53,444] {scheduler_job.py:182} INFO - Started process (PID=2022) to work on /home/airflow/.local/lib/python3.6/site-packages/airflow/example_dags/example_short_circuit_operator.py
[2024-04-30 16:39:53,446] {scheduler_job.py:629} INFO - Processing file /home/airflow/.local/lib/python3.6/site-packages/airflow/example_dags/example_short_circuit_operator.py for tasks to queue
[2024-04-30 16:39:53,447] {logging_mixin.py:104} INFO - [2024-04-30 16:39:53,447] {dagbag.py:451} INFO - Filling up the DagBag from /home/airflow/.local/lib/python3.6/site-packages/airflow/example_dags/example_short_circuit_operator.py
[2024-04-30 16:39:53,459] {scheduler_job.py:639} INFO - DAG(s) dict_keys(['example_short_circuit_operator']) retrieved from /home/airflow/.local/lib/python3.6/site-packages/airflow/example_dags/example_short_circuit_operator.py
[2024-04-30 16:39:53,479] {logging_mixin.py:104} INFO - [2024-04-30 16:39:53,479] {dag.py:1824} INFO - Sync 1 DAGs
[2024-04-30 16:39:53,493] {logging_mixin.py:104} INFO - [2024-04-30 16:39:53,493] {dag.py:2280} INFO - Setting next_dagrun for example_short_circuit_operator to 2024-04-28 00:00:00+00:00
[2024-04-30 16:39:53,501] {scheduler_job.py:190} INFO - Processing /home/airflow/.local/lib/python3.6/site-packages/airflow/example_dags/example_short_circuit_operator.py took 0.061 seconds
[2024-04-30 16:40:23,885] {scheduler_job.py:182} INFO - Started process (PID=2054) to work on /home/airflow/.local/lib/python3.6/site-packages/airflow/example_dags/example_short_circuit_operator.py
[2024-04-30 16:40:23,886] {scheduler_job.py:629} INFO - Processing file /home/airflow/.local/lib/python3.6/site-packages/airflow/example_dags/example_short_circuit_operator.py for tasks to queue
[2024-04-30 16:40:23,887] {logging_mixin.py:104} INFO - [2024-04-30 16:40:23,887] {dagbag.py:451} INFO - Filling up the DagBag from /home/airflow/.local/lib/python3.6/site-packages/airflow/example_dags/example_short_circuit_operator.py
[2024-04-30 16:40:23,901] {scheduler_job.py:639} INFO - DAG(s) dict_keys(['example_short_circuit_operator']) retrieved from /home/airflow/.local/lib/python3.6/site-packages/airflow/example_dags/example_short_circuit_operator.py
[2024-04-30 16:40:23,923] {logging_mixin.py:104} INFO - [2024-04-30 16:40:23,923] {dag.py:1824} INFO - Sync 1 DAGs
[2024-04-30 16:40:23,940] {logging_mixin.py:104} INFO - [2024-04-30 16:40:23,940] {dag.py:2280} INFO - Setting next_dagrun for example_short_circuit_operator to 2024-04-28 00:00:00+00:00
[2024-04-30 16:40:23,951] {scheduler_job.py:190} INFO - Processing /home/airflow/.local/lib/python3.6/site-packages/airflow/example_dags/example_short_circuit_operator.py took 0.071 seconds
[2024-04-30 16:40:54,449] {scheduler_job.py:182} INFO - Started process (PID=2086) to work on /home/airflow/.local/lib/python3.6/site-packages/airflow/example_dags/example_short_circuit_operator.py
[2024-04-30 16:40:54,452] {scheduler_job.py:629} INFO - Processing file /home/airflow/.local/lib/python3.6/site-packages/airflow/example_dags/example_short_circuit_operator.py for tasks to queue
[2024-04-30 16:40:54,455] {logging_mixin.py:104} INFO - [2024-04-30 16:40:54,454] {dagbag.py:451} INFO - Filling up the DagBag from /home/airflow/.local/lib/python3.6/site-packages/airflow/example_dags/example_short_circuit_operator.py
[2024-04-30 16:40:54,482] {scheduler_job.py:639} INFO - DAG(s) dict_keys(['example_short_circuit_operator']) retrieved from /home/airflow/.local/lib/python3.6/site-packages/airflow/example_dags/example_short_circuit_operator.py
[2024-04-30 16:40:54,502] {logging_mixin.py:104} INFO - [2024-04-30 16:40:54,502] {dag.py:1824} INFO - Sync 1 DAGs
[2024-04-30 16:40:54,516] {logging_mixin.py:104} INFO - [2024-04-30 16:40:54,516] {dag.py:2280} INFO - Setting next_dagrun for example_short_circuit_operator to 2024-04-28 00:00:00+00:00
[2024-04-30 16:40:54,525] {scheduler_job.py:190} INFO - Processing /home/airflow/.local/lib/python3.6/site-packages/airflow/example_dags/example_short_circuit_operator.py took 0.085 seconds
[2024-04-30 16:41:24,972] {scheduler_job.py:182} INFO - Started process (PID=2118) to work on /home/airflow/.local/lib/python3.6/site-packages/airflow/example_dags/example_short_circuit_operator.py
[2024-04-30 16:41:24,973] {scheduler_job.py:629} INFO - Processing file /home/airflow/.local/lib/python3.6/site-packages/airflow/example_dags/example_short_circuit_operator.py for tasks to queue
[2024-04-30 16:41:24,974] {logging_mixin.py:104} INFO - [2024-04-30 16:41:24,974] {dagbag.py:451} INFO - Filling up the DagBag from /home/airflow/.local/lib/python3.6/site-packages/airflow/example_dags/example_short_circuit_operator.py
[2024-04-30 16:41:24,987] {scheduler_job.py:639} INFO - DAG(s) dict_keys(['example_short_circuit_operator']) retrieved from /home/airflow/.local/lib/python3.6/site-packages/airflow/example_dags/example_short_circuit_operator.py
[2024-04-30 16:41:25,009] {logging_mixin.py:104} INFO - [2024-04-30 16:41:25,009] {dag.py:1824} INFO - Sync 1 DAGs
[2024-04-30 16:41:25,025] {logging_mixin.py:104} INFO - [2024-04-30 16:41:25,025] {dag.py:2280} INFO - Setting next_dagrun for example_short_circuit_operator to 2024-04-28 00:00:00+00:00
[2024-04-30 16:41:25,036] {scheduler_job.py:190} INFO - Processing /home/airflow/.local/lib/python3.6/site-packages/airflow/example_dags/example_short_circuit_operator.py took 0.068 seconds
