[2024-04-30 16:09:37,394] {scheduler_job.py:182} INFO - Started process (PID=62) to work on /home/airflow/.local/lib/python3.6/site-packages/airflow/example_dags/example_branch_python_dop_operator_3.py
[2024-04-30 16:09:37,396] {scheduler_job.py:629} INFO - Processing file /home/airflow/.local/lib/python3.6/site-packages/airflow/example_dags/example_branch_python_dop_operator_3.py for tasks to queue
[2024-04-30 16:09:37,398] {logging_mixin.py:104} INFO - [2024-04-30 16:09:37,398] {dagbag.py:451} INFO - Filling up the DagBag from /home/airflow/.local/lib/python3.6/site-packages/airflow/example_dags/example_branch_python_dop_operator_3.py
[2024-04-30 16:09:37,548] {scheduler_job.py:639} INFO - DAG(s) dict_keys(['example_branch_dop_operator_v3']) retrieved from /home/airflow/.local/lib/python3.6/site-packages/airflow/example_dags/example_branch_python_dop_operator_3.py
[2024-04-30 16:09:37,778] {logging_mixin.py:104} INFO - [2024-04-30 16:09:37,778] {dag.py:1824} INFO - Sync 1 DAGs
[2024-04-30 16:09:37,937] {logging_mixin.py:104} INFO - [2024-04-30 16:09:37,936] {dag.py:2280} INFO - Setting next_dagrun for example_branch_dop_operator_v3 to 2024-04-28 00:00:00+00:00
[2024-04-30 16:09:38,009] {scheduler_job.py:190} INFO - Processing /home/airflow/.local/lib/python3.6/site-packages/airflow/example_dags/example_branch_python_dop_operator_3.py took 0.622 seconds
[2024-04-30 16:10:08,333] {scheduler_job.py:182} INFO - Started process (PID=129) to work on /home/airflow/.local/lib/python3.6/site-packages/airflow/example_dags/example_branch_python_dop_operator_3.py
[2024-04-30 16:10:08,338] {scheduler_job.py:629} INFO - Processing file /home/airflow/.local/lib/python3.6/site-packages/airflow/example_dags/example_branch_python_dop_operator_3.py for tasks to queue
[2024-04-30 16:10:08,342] {logging_mixin.py:104} INFO - [2024-04-30 16:10:08,342] {dagbag.py:451} INFO - Filling up the DagBag from /home/airflow/.local/lib/python3.6/site-packages/airflow/example_dags/example_branch_python_dop_operator_3.py
[2024-04-30 16:10:08,386] {scheduler_job.py:639} INFO - DAG(s) dict_keys(['example_branch_dop_operator_v3']) retrieved from /home/airflow/.local/lib/python3.6/site-packages/airflow/example_dags/example_branch_python_dop_operator_3.py
[2024-04-30 16:10:08,444] {logging_mixin.py:104} INFO - [2024-04-30 16:10:08,443] {dag.py:1824} INFO - Sync 1 DAGs
[2024-04-30 16:10:08,515] {logging_mixin.py:104} INFO - [2024-04-30 16:10:08,515] {dag.py:2280} INFO - Setting next_dagrun for example_branch_dop_operator_v3 to 2024-04-28 00:00:00+00:00
[2024-04-30 16:10:08,539] {scheduler_job.py:190} INFO - Processing /home/airflow/.local/lib/python3.6/site-packages/airflow/example_dags/example_branch_python_dop_operator_3.py took 0.219 seconds
[2024-04-30 16:10:38,647] {scheduler_job.py:182} INFO - Started process (PID=159) to work on /home/airflow/.local/lib/python3.6/site-packages/airflow/example_dags/example_branch_python_dop_operator_3.py
[2024-04-30 16:10:38,654] {scheduler_job.py:629} INFO - Processing file /home/airflow/.local/lib/python3.6/site-packages/airflow/example_dags/example_branch_python_dop_operator_3.py for tasks to queue
[2024-04-30 16:10:38,660] {logging_mixin.py:104} INFO - [2024-04-30 16:10:38,659] {dagbag.py:451} INFO - Filling up the DagBag from /home/airflow/.local/lib/python3.6/site-packages/airflow/example_dags/example_branch_python_dop_operator_3.py
[2024-04-30 16:10:38,716] {scheduler_job.py:639} INFO - DAG(s) dict_keys(['example_branch_dop_operator_v3']) retrieved from /home/airflow/.local/lib/python3.6/site-packages/airflow/example_dags/example_branch_python_dop_operator_3.py
[2024-04-30 16:10:38,783] {logging_mixin.py:104} INFO - [2024-04-30 16:10:38,783] {dag.py:1824} INFO - Sync 1 DAGs
[2024-04-30 16:10:38,891] {logging_mixin.py:104} INFO - [2024-04-30 16:10:38,891] {dag.py:2280} INFO - Setting next_dagrun for example_branch_dop_operator_v3 to 2024-04-28 00:00:00+00:00
[2024-04-30 16:10:38,924] {scheduler_job.py:190} INFO - Processing /home/airflow/.local/lib/python3.6/site-packages/airflow/example_dags/example_branch_python_dop_operator_3.py took 0.285 seconds
[2024-04-30 16:11:29,966] {scheduler_job.py:182} INFO - Started process (PID=230) to work on /home/airflow/.local/lib/python3.6/site-packages/airflow/example_dags/example_branch_python_dop_operator_3.py
[2024-04-30 16:11:29,971] {scheduler_job.py:629} INFO - Processing file /home/airflow/.local/lib/python3.6/site-packages/airflow/example_dags/example_branch_python_dop_operator_3.py for tasks to queue
[2024-04-30 16:11:29,973] {logging_mixin.py:104} INFO - [2024-04-30 16:11:29,973] {dagbag.py:451} INFO - Filling up the DagBag from /home/airflow/.local/lib/python3.6/site-packages/airflow/example_dags/example_branch_python_dop_operator_3.py
[2024-04-30 16:11:30,094] {scheduler_job.py:639} INFO - DAG(s) dict_keys(['example_branch_dop_operator_v3']) retrieved from /home/airflow/.local/lib/python3.6/site-packages/airflow/example_dags/example_branch_python_dop_operator_3.py
[2024-04-30 16:11:30,807] {logging_mixin.py:104} INFO - [2024-04-30 16:11:30,806] {dag.py:1824} INFO - Sync 1 DAGs
[2024-04-30 16:11:31,159] {logging_mixin.py:104} INFO - [2024-04-30 16:11:31,158] {dag.py:2280} INFO - Setting next_dagrun for example_branch_dop_operator_v3 to 2024-04-28 00:00:00+00:00
[2024-04-30 16:11:31,230] {scheduler_job.py:190} INFO - Processing /home/airflow/.local/lib/python3.6/site-packages/airflow/example_dags/example_branch_python_dop_operator_3.py took 1.333 seconds
[2024-04-30 16:12:01,881] {scheduler_job.py:182} INFO - Started process (PID=274) to work on /home/airflow/.local/lib/python3.6/site-packages/airflow/example_dags/example_branch_python_dop_operator_3.py
[2024-04-30 16:12:01,884] {scheduler_job.py:629} INFO - Processing file /home/airflow/.local/lib/python3.6/site-packages/airflow/example_dags/example_branch_python_dop_operator_3.py for tasks to queue
[2024-04-30 16:12:01,886] {logging_mixin.py:104} INFO - [2024-04-30 16:12:01,886] {dagbag.py:451} INFO - Filling up the DagBag from /home/airflow/.local/lib/python3.6/site-packages/airflow/example_dags/example_branch_python_dop_operator_3.py
[2024-04-30 16:12:01,956] {scheduler_job.py:639} INFO - DAG(s) dict_keys(['example_branch_dop_operator_v3']) retrieved from /home/airflow/.local/lib/python3.6/site-packages/airflow/example_dags/example_branch_python_dop_operator_3.py
[2024-04-30 16:12:02,012] {logging_mixin.py:104} INFO - [2024-04-30 16:12:02,011] {dag.py:1824} INFO - Sync 1 DAGs
[2024-04-30 16:12:02,140] {logging_mixin.py:104} INFO - [2024-04-30 16:12:02,140] {dag.py:2280} INFO - Setting next_dagrun for example_branch_dop_operator_v3 to 2024-04-28 00:00:00+00:00
[2024-04-30 16:12:02,196] {scheduler_job.py:190} INFO - Processing /home/airflow/.local/lib/python3.6/site-packages/airflow/example_dags/example_branch_python_dop_operator_3.py took 0.323 seconds
[2024-04-30 16:12:32,349] {scheduler_job.py:182} INFO - Started process (PID=305) to work on /home/airflow/.local/lib/python3.6/site-packages/airflow/example_dags/example_branch_python_dop_operator_3.py
[2024-04-30 16:12:32,351] {scheduler_job.py:629} INFO - Processing file /home/airflow/.local/lib/python3.6/site-packages/airflow/example_dags/example_branch_python_dop_operator_3.py for tasks to queue
[2024-04-30 16:12:32,353] {logging_mixin.py:104} INFO - [2024-04-30 16:12:32,353] {dagbag.py:451} INFO - Filling up the DagBag from /home/airflow/.local/lib/python3.6/site-packages/airflow/example_dags/example_branch_python_dop_operator_3.py
[2024-04-30 16:12:32,418] {scheduler_job.py:639} INFO - DAG(s) dict_keys(['example_branch_dop_operator_v3']) retrieved from /home/airflow/.local/lib/python3.6/site-packages/airflow/example_dags/example_branch_python_dop_operator_3.py
[2024-04-30 16:12:32,548] {logging_mixin.py:104} INFO - [2024-04-30 16:12:32,548] {dag.py:1824} INFO - Sync 1 DAGs
[2024-04-30 16:12:32,688] {logging_mixin.py:104} INFO - [2024-04-30 16:12:32,688] {dag.py:2280} INFO - Setting next_dagrun for example_branch_dop_operator_v3 to 2024-04-28 00:00:00+00:00
[2024-04-30 16:12:32,741] {scheduler_job.py:190} INFO - Processing /home/airflow/.local/lib/python3.6/site-packages/airflow/example_dags/example_branch_python_dop_operator_3.py took 0.398 seconds
[2024-04-30 16:13:03,242] {scheduler_job.py:182} INFO - Started process (PID=337) to work on /home/airflow/.local/lib/python3.6/site-packages/airflow/example_dags/example_branch_python_dop_operator_3.py
[2024-04-30 16:13:03,244] {scheduler_job.py:629} INFO - Processing file /home/airflow/.local/lib/python3.6/site-packages/airflow/example_dags/example_branch_python_dop_operator_3.py for tasks to queue
[2024-04-30 16:13:03,246] {logging_mixin.py:104} INFO - [2024-04-30 16:13:03,246] {dagbag.py:451} INFO - Filling up the DagBag from /home/airflow/.local/lib/python3.6/site-packages/airflow/example_dags/example_branch_python_dop_operator_3.py
[2024-04-30 16:13:03,274] {scheduler_job.py:639} INFO - DAG(s) dict_keys(['example_branch_dop_operator_v3']) retrieved from /home/airflow/.local/lib/python3.6/site-packages/airflow/example_dags/example_branch_python_dop_operator_3.py
[2024-04-30 16:13:03,307] {logging_mixin.py:104} INFO - [2024-04-30 16:13:03,307] {dag.py:1824} INFO - Sync 1 DAGs
[2024-04-30 16:13:03,352] {logging_mixin.py:104} INFO - [2024-04-30 16:13:03,352] {dag.py:2280} INFO - Setting next_dagrun for example_branch_dop_operator_v3 to 2024-04-28 00:00:00+00:00
[2024-04-30 16:13:03,366] {scheduler_job.py:190} INFO - Processing /home/airflow/.local/lib/python3.6/site-packages/airflow/example_dags/example_branch_python_dop_operator_3.py took 0.129 seconds
[2024-04-30 16:13:33,486] {scheduler_job.py:182} INFO - Started process (PID=375) to work on /home/airflow/.local/lib/python3.6/site-packages/airflow/example_dags/example_branch_python_dop_operator_3.py
[2024-04-30 16:13:33,497] {scheduler_job.py:629} INFO - Processing file /home/airflow/.local/lib/python3.6/site-packages/airflow/example_dags/example_branch_python_dop_operator_3.py for tasks to queue
[2024-04-30 16:13:33,499] {logging_mixin.py:104} INFO - [2024-04-30 16:13:33,499] {dagbag.py:451} INFO - Filling up the DagBag from /home/airflow/.local/lib/python3.6/site-packages/airflow/example_dags/example_branch_python_dop_operator_3.py
[2024-04-30 16:13:33,579] {scheduler_job.py:639} INFO - DAG(s) dict_keys(['example_branch_dop_operator_v3']) retrieved from /home/airflow/.local/lib/python3.6/site-packages/airflow/example_dags/example_branch_python_dop_operator_3.py
[2024-04-30 16:13:33,737] {logging_mixin.py:104} INFO - [2024-04-30 16:13:33,736] {dag.py:1824} INFO - Sync 1 DAGs
[2024-04-30 16:13:33,994] {logging_mixin.py:104} INFO - [2024-04-30 16:13:33,993] {dag.py:2280} INFO - Setting next_dagrun for example_branch_dop_operator_v3 to 2024-04-28 00:00:00+00:00
[2024-04-30 16:13:34,020] {scheduler_job.py:190} INFO - Processing /home/airflow/.local/lib/python3.6/site-packages/airflow/example_dags/example_branch_python_dop_operator_3.py took 0.541 seconds
[2024-04-30 16:14:04,390] {scheduler_job.py:182} INFO - Started process (PID=417) to work on /home/airflow/.local/lib/python3.6/site-packages/airflow/example_dags/example_branch_python_dop_operator_3.py
[2024-04-30 16:14:04,391] {scheduler_job.py:629} INFO - Processing file /home/airflow/.local/lib/python3.6/site-packages/airflow/example_dags/example_branch_python_dop_operator_3.py for tasks to queue
[2024-04-30 16:14:04,392] {logging_mixin.py:104} INFO - [2024-04-30 16:14:04,392] {dagbag.py:451} INFO - Filling up the DagBag from /home/airflow/.local/lib/python3.6/site-packages/airflow/example_dags/example_branch_python_dop_operator_3.py
[2024-04-30 16:14:04,407] {scheduler_job.py:639} INFO - DAG(s) dict_keys(['example_branch_dop_operator_v3']) retrieved from /home/airflow/.local/lib/python3.6/site-packages/airflow/example_dags/example_branch_python_dop_operator_3.py
[2024-04-30 16:14:04,429] {logging_mixin.py:104} INFO - [2024-04-30 16:14:04,429] {dag.py:1824} INFO - Sync 1 DAGs
[2024-04-30 16:14:04,462] {logging_mixin.py:104} INFO - [2024-04-30 16:14:04,461] {dag.py:2280} INFO - Setting next_dagrun for example_branch_dop_operator_v3 to 2024-04-28 00:00:00+00:00
[2024-04-30 16:14:04,476] {scheduler_job.py:190} INFO - Processing /home/airflow/.local/lib/python3.6/site-packages/airflow/example_dags/example_branch_python_dop_operator_3.py took 0.091 seconds
[2024-04-30 16:14:35,238] {scheduler_job.py:182} INFO - Started process (PID=449) to work on /home/airflow/.local/lib/python3.6/site-packages/airflow/example_dags/example_branch_python_dop_operator_3.py
[2024-04-30 16:14:35,240] {scheduler_job.py:629} INFO - Processing file /home/airflow/.local/lib/python3.6/site-packages/airflow/example_dags/example_branch_python_dop_operator_3.py for tasks to queue
[2024-04-30 16:14:35,241] {logging_mixin.py:104} INFO - [2024-04-30 16:14:35,241] {dagbag.py:451} INFO - Filling up the DagBag from /home/airflow/.local/lib/python3.6/site-packages/airflow/example_dags/example_branch_python_dop_operator_3.py
[2024-04-30 16:14:35,257] {scheduler_job.py:639} INFO - DAG(s) dict_keys(['example_branch_dop_operator_v3']) retrieved from /home/airflow/.local/lib/python3.6/site-packages/airflow/example_dags/example_branch_python_dop_operator_3.py
[2024-04-30 16:14:35,278] {logging_mixin.py:104} INFO - [2024-04-30 16:14:35,278] {dag.py:1824} INFO - Sync 1 DAGs
[2024-04-30 16:14:35,312] {logging_mixin.py:104} INFO - [2024-04-30 16:14:35,312] {dag.py:2280} INFO - Setting next_dagrun for example_branch_dop_operator_v3 to 2024-04-28 00:00:00+00:00
[2024-04-30 16:14:35,324] {scheduler_job.py:190} INFO - Processing /home/airflow/.local/lib/python3.6/site-packages/airflow/example_dags/example_branch_python_dop_operator_3.py took 0.092 seconds
[2024-04-30 16:15:05,582] {scheduler_job.py:182} INFO - Started process (PID=481) to work on /home/airflow/.local/lib/python3.6/site-packages/airflow/example_dags/example_branch_python_dop_operator_3.py
[2024-04-30 16:15:05,584] {scheduler_job.py:629} INFO - Processing file /home/airflow/.local/lib/python3.6/site-packages/airflow/example_dags/example_branch_python_dop_operator_3.py for tasks to queue
[2024-04-30 16:15:05,585] {logging_mixin.py:104} INFO - [2024-04-30 16:15:05,585] {dagbag.py:451} INFO - Filling up the DagBag from /home/airflow/.local/lib/python3.6/site-packages/airflow/example_dags/example_branch_python_dop_operator_3.py
[2024-04-30 16:15:05,601] {scheduler_job.py:639} INFO - DAG(s) dict_keys(['example_branch_dop_operator_v3']) retrieved from /home/airflow/.local/lib/python3.6/site-packages/airflow/example_dags/example_branch_python_dop_operator_3.py
[2024-04-30 16:15:05,627] {logging_mixin.py:104} INFO - [2024-04-30 16:15:05,627] {dag.py:1824} INFO - Sync 1 DAGs
[2024-04-30 16:15:05,655] {logging_mixin.py:104} INFO - [2024-04-30 16:15:05,655] {dag.py:2280} INFO - Setting next_dagrun for example_branch_dop_operator_v3 to 2024-04-28 00:00:00+00:00
[2024-04-30 16:15:05,667] {scheduler_job.py:190} INFO - Processing /home/airflow/.local/lib/python3.6/site-packages/airflow/example_dags/example_branch_python_dop_operator_3.py took 0.088 seconds
[2024-04-30 16:15:36,118] {scheduler_job.py:182} INFO - Started process (PID=513) to work on /home/airflow/.local/lib/python3.6/site-packages/airflow/example_dags/example_branch_python_dop_operator_3.py
[2024-04-30 16:15:36,122] {scheduler_job.py:629} INFO - Processing file /home/airflow/.local/lib/python3.6/site-packages/airflow/example_dags/example_branch_python_dop_operator_3.py for tasks to queue
[2024-04-30 16:15:36,124] {logging_mixin.py:104} INFO - [2024-04-30 16:15:36,124] {dagbag.py:451} INFO - Filling up the DagBag from /home/airflow/.local/lib/python3.6/site-packages/airflow/example_dags/example_branch_python_dop_operator_3.py
[2024-04-30 16:15:36,150] {scheduler_job.py:639} INFO - DAG(s) dict_keys(['example_branch_dop_operator_v3']) retrieved from /home/airflow/.local/lib/python3.6/site-packages/airflow/example_dags/example_branch_python_dop_operator_3.py
[2024-04-30 16:15:36,188] {logging_mixin.py:104} INFO - [2024-04-30 16:15:36,188] {dag.py:1824} INFO - Sync 1 DAGs
[2024-04-30 16:15:36,218] {logging_mixin.py:104} INFO - [2024-04-30 16:15:36,218] {dag.py:2280} INFO - Setting next_dagrun for example_branch_dop_operator_v3 to 2024-04-28 00:00:00+00:00
[2024-04-30 16:15:36,229] {scheduler_job.py:190} INFO - Processing /home/airflow/.local/lib/python3.6/site-packages/airflow/example_dags/example_branch_python_dop_operator_3.py took 0.123 seconds
[2024-04-30 16:16:06,648] {scheduler_job.py:182} INFO - Started process (PID=545) to work on /home/airflow/.local/lib/python3.6/site-packages/airflow/example_dags/example_branch_python_dop_operator_3.py
[2024-04-30 16:16:06,650] {scheduler_job.py:629} INFO - Processing file /home/airflow/.local/lib/python3.6/site-packages/airflow/example_dags/example_branch_python_dop_operator_3.py for tasks to queue
[2024-04-30 16:16:06,651] {logging_mixin.py:104} INFO - [2024-04-30 16:16:06,651] {dagbag.py:451} INFO - Filling up the DagBag from /home/airflow/.local/lib/python3.6/site-packages/airflow/example_dags/example_branch_python_dop_operator_3.py
[2024-04-30 16:16:06,672] {scheduler_job.py:639} INFO - DAG(s) dict_keys(['example_branch_dop_operator_v3']) retrieved from /home/airflow/.local/lib/python3.6/site-packages/airflow/example_dags/example_branch_python_dop_operator_3.py
[2024-04-30 16:16:06,697] {logging_mixin.py:104} INFO - [2024-04-30 16:16:06,697] {dag.py:1824} INFO - Sync 1 DAGs
[2024-04-30 16:16:06,726] {logging_mixin.py:104} INFO - [2024-04-30 16:16:06,726] {dag.py:2280} INFO - Setting next_dagrun for example_branch_dop_operator_v3 to 2024-04-28 00:00:00+00:00
[2024-04-30 16:16:06,738] {scheduler_job.py:190} INFO - Processing /home/airflow/.local/lib/python3.6/site-packages/airflow/example_dags/example_branch_python_dop_operator_3.py took 0.092 seconds
[2024-04-30 16:16:37,042] {scheduler_job.py:182} INFO - Started process (PID=577) to work on /home/airflow/.local/lib/python3.6/site-packages/airflow/example_dags/example_branch_python_dop_operator_3.py
[2024-04-30 16:16:37,045] {scheduler_job.py:629} INFO - Processing file /home/airflow/.local/lib/python3.6/site-packages/airflow/example_dags/example_branch_python_dop_operator_3.py for tasks to queue
[2024-04-30 16:16:37,046] {logging_mixin.py:104} INFO - [2024-04-30 16:16:37,046] {dagbag.py:451} INFO - Filling up the DagBag from /home/airflow/.local/lib/python3.6/site-packages/airflow/example_dags/example_branch_python_dop_operator_3.py
[2024-04-30 16:16:37,073] {scheduler_job.py:639} INFO - DAG(s) dict_keys(['example_branch_dop_operator_v3']) retrieved from /home/airflow/.local/lib/python3.6/site-packages/airflow/example_dags/example_branch_python_dop_operator_3.py
[2024-04-30 16:16:37,103] {logging_mixin.py:104} INFO - [2024-04-30 16:16:37,103] {dag.py:1824} INFO - Sync 1 DAGs
[2024-04-30 16:16:37,138] {logging_mixin.py:104} INFO - [2024-04-30 16:16:37,138] {dag.py:2280} INFO - Setting next_dagrun for example_branch_dop_operator_v3 to 2024-04-28 00:00:00+00:00
[2024-04-30 16:16:37,152] {scheduler_job.py:190} INFO - Processing /home/airflow/.local/lib/python3.6/site-packages/airflow/example_dags/example_branch_python_dop_operator_3.py took 0.114 seconds
[2024-04-30 16:17:07,895] {scheduler_job.py:182} INFO - Started process (PID=609) to work on /home/airflow/.local/lib/python3.6/site-packages/airflow/example_dags/example_branch_python_dop_operator_3.py
[2024-04-30 16:17:07,897] {scheduler_job.py:629} INFO - Processing file /home/airflow/.local/lib/python3.6/site-packages/airflow/example_dags/example_branch_python_dop_operator_3.py for tasks to queue
[2024-04-30 16:17:07,897] {logging_mixin.py:104} INFO - [2024-04-30 16:17:07,897] {dagbag.py:451} INFO - Filling up the DagBag from /home/airflow/.local/lib/python3.6/site-packages/airflow/example_dags/example_branch_python_dop_operator_3.py
[2024-04-30 16:17:07,911] {scheduler_job.py:639} INFO - DAG(s) dict_keys(['example_branch_dop_operator_v3']) retrieved from /home/airflow/.local/lib/python3.6/site-packages/airflow/example_dags/example_branch_python_dop_operator_3.py
[2024-04-30 16:17:07,930] {logging_mixin.py:104} INFO - [2024-04-30 16:17:07,930] {dag.py:1824} INFO - Sync 1 DAGs
[2024-04-30 16:17:07,956] {logging_mixin.py:104} INFO - [2024-04-30 16:17:07,956] {dag.py:2280} INFO - Setting next_dagrun for example_branch_dop_operator_v3 to 2024-04-28 00:00:00+00:00
[2024-04-30 16:17:07,968] {scheduler_job.py:190} INFO - Processing /home/airflow/.local/lib/python3.6/site-packages/airflow/example_dags/example_branch_python_dop_operator_3.py took 0.075 seconds
[2024-04-30 16:17:38,946] {scheduler_job.py:182} INFO - Started process (PID=641) to work on /home/airflow/.local/lib/python3.6/site-packages/airflow/example_dags/example_branch_python_dop_operator_3.py
[2024-04-30 16:17:38,948] {scheduler_job.py:629} INFO - Processing file /home/airflow/.local/lib/python3.6/site-packages/airflow/example_dags/example_branch_python_dop_operator_3.py for tasks to queue
[2024-04-30 16:17:38,948] {logging_mixin.py:104} INFO - [2024-04-30 16:17:38,948] {dagbag.py:451} INFO - Filling up the DagBag from /home/airflow/.local/lib/python3.6/site-packages/airflow/example_dags/example_branch_python_dop_operator_3.py
[2024-04-30 16:17:38,962] {scheduler_job.py:639} INFO - DAG(s) dict_keys(['example_branch_dop_operator_v3']) retrieved from /home/airflow/.local/lib/python3.6/site-packages/airflow/example_dags/example_branch_python_dop_operator_3.py
[2024-04-30 16:17:38,981] {logging_mixin.py:104} INFO - [2024-04-30 16:17:38,981] {dag.py:1824} INFO - Sync 1 DAGs
[2024-04-30 16:17:39,007] {logging_mixin.py:104} INFO - [2024-04-30 16:17:39,007] {dag.py:2280} INFO - Setting next_dagrun for example_branch_dop_operator_v3 to 2024-04-28 00:00:00+00:00
[2024-04-30 16:17:39,020] {scheduler_job.py:190} INFO - Processing /home/airflow/.local/lib/python3.6/site-packages/airflow/example_dags/example_branch_python_dop_operator_3.py took 0.077 seconds
[2024-04-30 16:18:09,547] {scheduler_job.py:182} INFO - Started process (PID=673) to work on /home/airflow/.local/lib/python3.6/site-packages/airflow/example_dags/example_branch_python_dop_operator_3.py
[2024-04-30 16:18:09,549] {scheduler_job.py:629} INFO - Processing file /home/airflow/.local/lib/python3.6/site-packages/airflow/example_dags/example_branch_python_dop_operator_3.py for tasks to queue
[2024-04-30 16:18:09,550] {logging_mixin.py:104} INFO - [2024-04-30 16:18:09,550] {dagbag.py:451} INFO - Filling up the DagBag from /home/airflow/.local/lib/python3.6/site-packages/airflow/example_dags/example_branch_python_dop_operator_3.py
[2024-04-30 16:18:09,565] {scheduler_job.py:639} INFO - DAG(s) dict_keys(['example_branch_dop_operator_v3']) retrieved from /home/airflow/.local/lib/python3.6/site-packages/airflow/example_dags/example_branch_python_dop_operator_3.py
[2024-04-30 16:18:09,585] {logging_mixin.py:104} INFO - [2024-04-30 16:18:09,585] {dag.py:1824} INFO - Sync 1 DAGs
[2024-04-30 16:18:09,611] {logging_mixin.py:104} INFO - [2024-04-30 16:18:09,611] {dag.py:2280} INFO - Setting next_dagrun for example_branch_dop_operator_v3 to 2024-04-28 00:00:00+00:00
[2024-04-30 16:18:09,622] {scheduler_job.py:190} INFO - Processing /home/airflow/.local/lib/python3.6/site-packages/airflow/example_dags/example_branch_python_dop_operator_3.py took 0.077 seconds
[2024-04-30 16:18:39,949] {scheduler_job.py:182} INFO - Started process (PID=705) to work on /home/airflow/.local/lib/python3.6/site-packages/airflow/example_dags/example_branch_python_dop_operator_3.py
[2024-04-30 16:18:39,950] {scheduler_job.py:629} INFO - Processing file /home/airflow/.local/lib/python3.6/site-packages/airflow/example_dags/example_branch_python_dop_operator_3.py for tasks to queue
[2024-04-30 16:18:39,951] {logging_mixin.py:104} INFO - [2024-04-30 16:18:39,951] {dagbag.py:451} INFO - Filling up the DagBag from /home/airflow/.local/lib/python3.6/site-packages/airflow/example_dags/example_branch_python_dop_operator_3.py
[2024-04-30 16:18:39,966] {scheduler_job.py:639} INFO - DAG(s) dict_keys(['example_branch_dop_operator_v3']) retrieved from /home/airflow/.local/lib/python3.6/site-packages/airflow/example_dags/example_branch_python_dop_operator_3.py
[2024-04-30 16:18:39,985] {logging_mixin.py:104} INFO - [2024-04-30 16:18:39,985] {dag.py:1824} INFO - Sync 1 DAGs
[2024-04-30 16:18:40,011] {logging_mixin.py:104} INFO - [2024-04-30 16:18:40,011] {dag.py:2280} INFO - Setting next_dagrun for example_branch_dop_operator_v3 to 2024-04-28 00:00:00+00:00
[2024-04-30 16:18:40,022] {scheduler_job.py:190} INFO - Processing /home/airflow/.local/lib/python3.6/site-packages/airflow/example_dags/example_branch_python_dop_operator_3.py took 0.076 seconds
[2024-04-30 16:19:10,394] {scheduler_job.py:182} INFO - Started process (PID=737) to work on /home/airflow/.local/lib/python3.6/site-packages/airflow/example_dags/example_branch_python_dop_operator_3.py
[2024-04-30 16:19:10,395] {scheduler_job.py:629} INFO - Processing file /home/airflow/.local/lib/python3.6/site-packages/airflow/example_dags/example_branch_python_dop_operator_3.py for tasks to queue
[2024-04-30 16:19:10,396] {logging_mixin.py:104} INFO - [2024-04-30 16:19:10,396] {dagbag.py:451} INFO - Filling up the DagBag from /home/airflow/.local/lib/python3.6/site-packages/airflow/example_dags/example_branch_python_dop_operator_3.py
[2024-04-30 16:19:10,410] {scheduler_job.py:639} INFO - DAG(s) dict_keys(['example_branch_dop_operator_v3']) retrieved from /home/airflow/.local/lib/python3.6/site-packages/airflow/example_dags/example_branch_python_dop_operator_3.py
[2024-04-30 16:19:10,428] {logging_mixin.py:104} INFO - [2024-04-30 16:19:10,428] {dag.py:1824} INFO - Sync 1 DAGs
[2024-04-30 16:19:10,453] {logging_mixin.py:104} INFO - [2024-04-30 16:19:10,453] {dag.py:2280} INFO - Setting next_dagrun for example_branch_dop_operator_v3 to 2024-04-28 00:00:00+00:00
[2024-04-30 16:19:10,463] {scheduler_job.py:190} INFO - Processing /home/airflow/.local/lib/python3.6/site-packages/airflow/example_dags/example_branch_python_dop_operator_3.py took 0.072 seconds
[2024-04-30 16:19:40,905] {scheduler_job.py:182} INFO - Started process (PID=769) to work on /home/airflow/.local/lib/python3.6/site-packages/airflow/example_dags/example_branch_python_dop_operator_3.py
[2024-04-30 16:19:40,907] {scheduler_job.py:629} INFO - Processing file /home/airflow/.local/lib/python3.6/site-packages/airflow/example_dags/example_branch_python_dop_operator_3.py for tasks to queue
[2024-04-30 16:19:40,907] {logging_mixin.py:104} INFO - [2024-04-30 16:19:40,907] {dagbag.py:451} INFO - Filling up the DagBag from /home/airflow/.local/lib/python3.6/site-packages/airflow/example_dags/example_branch_python_dop_operator_3.py
[2024-04-30 16:19:40,922] {scheduler_job.py:639} INFO - DAG(s) dict_keys(['example_branch_dop_operator_v3']) retrieved from /home/airflow/.local/lib/python3.6/site-packages/airflow/example_dags/example_branch_python_dop_operator_3.py
[2024-04-30 16:19:40,941] {logging_mixin.py:104} INFO - [2024-04-30 16:19:40,941] {dag.py:1824} INFO - Sync 1 DAGs
[2024-04-30 16:19:40,969] {logging_mixin.py:104} INFO - [2024-04-30 16:19:40,969] {dag.py:2280} INFO - Setting next_dagrun for example_branch_dop_operator_v3 to 2024-04-28 00:00:00+00:00
[2024-04-30 16:19:40,980] {scheduler_job.py:190} INFO - Processing /home/airflow/.local/lib/python3.6/site-packages/airflow/example_dags/example_branch_python_dop_operator_3.py took 0.077 seconds
[2024-04-30 16:20:11,273] {scheduler_job.py:182} INFO - Started process (PID=801) to work on /home/airflow/.local/lib/python3.6/site-packages/airflow/example_dags/example_branch_python_dop_operator_3.py
[2024-04-30 16:20:11,274] {scheduler_job.py:629} INFO - Processing file /home/airflow/.local/lib/python3.6/site-packages/airflow/example_dags/example_branch_python_dop_operator_3.py for tasks to queue
[2024-04-30 16:20:11,275] {logging_mixin.py:104} INFO - [2024-04-30 16:20:11,275] {dagbag.py:451} INFO - Filling up the DagBag from /home/airflow/.local/lib/python3.6/site-packages/airflow/example_dags/example_branch_python_dop_operator_3.py
[2024-04-30 16:20:11,291] {scheduler_job.py:639} INFO - DAG(s) dict_keys(['example_branch_dop_operator_v3']) retrieved from /home/airflow/.local/lib/python3.6/site-packages/airflow/example_dags/example_branch_python_dop_operator_3.py
[2024-04-30 16:20:11,312] {logging_mixin.py:104} INFO - [2024-04-30 16:20:11,312] {dag.py:1824} INFO - Sync 1 DAGs
[2024-04-30 16:20:11,339] {logging_mixin.py:104} INFO - [2024-04-30 16:20:11,339] {dag.py:2280} INFO - Setting next_dagrun for example_branch_dop_operator_v3 to 2024-04-28 00:00:00+00:00
[2024-04-30 16:20:11,349] {scheduler_job.py:190} INFO - Processing /home/airflow/.local/lib/python3.6/site-packages/airflow/example_dags/example_branch_python_dop_operator_3.py took 0.080 seconds
[2024-04-30 16:20:41,809] {scheduler_job.py:182} INFO - Started process (PID=833) to work on /home/airflow/.local/lib/python3.6/site-packages/airflow/example_dags/example_branch_python_dop_operator_3.py
[2024-04-30 16:20:41,810] {scheduler_job.py:629} INFO - Processing file /home/airflow/.local/lib/python3.6/site-packages/airflow/example_dags/example_branch_python_dop_operator_3.py for tasks to queue
[2024-04-30 16:20:41,811] {logging_mixin.py:104} INFO - [2024-04-30 16:20:41,811] {dagbag.py:451} INFO - Filling up the DagBag from /home/airflow/.local/lib/python3.6/site-packages/airflow/example_dags/example_branch_python_dop_operator_3.py
[2024-04-30 16:20:41,825] {scheduler_job.py:639} INFO - DAG(s) dict_keys(['example_branch_dop_operator_v3']) retrieved from /home/airflow/.local/lib/python3.6/site-packages/airflow/example_dags/example_branch_python_dop_operator_3.py
[2024-04-30 16:20:41,846] {logging_mixin.py:104} INFO - [2024-04-30 16:20:41,846] {dag.py:1824} INFO - Sync 1 DAGs
[2024-04-30 16:20:41,873] {logging_mixin.py:104} INFO - [2024-04-30 16:20:41,873] {dag.py:2280} INFO - Setting next_dagrun for example_branch_dop_operator_v3 to 2024-04-28 00:00:00+00:00
[2024-04-30 16:20:41,883] {scheduler_job.py:190} INFO - Processing /home/airflow/.local/lib/python3.6/site-packages/airflow/example_dags/example_branch_python_dop_operator_3.py took 0.077 seconds
[2024-04-30 16:21:12,306] {scheduler_job.py:182} INFO - Started process (PID=865) to work on /home/airflow/.local/lib/python3.6/site-packages/airflow/example_dags/example_branch_python_dop_operator_3.py
[2024-04-30 16:21:12,308] {scheduler_job.py:629} INFO - Processing file /home/airflow/.local/lib/python3.6/site-packages/airflow/example_dags/example_branch_python_dop_operator_3.py for tasks to queue
[2024-04-30 16:21:12,308] {logging_mixin.py:104} INFO - [2024-04-30 16:21:12,308] {dagbag.py:451} INFO - Filling up the DagBag from /home/airflow/.local/lib/python3.6/site-packages/airflow/example_dags/example_branch_python_dop_operator_3.py
[2024-04-30 16:21:12,323] {scheduler_job.py:639} INFO - DAG(s) dict_keys(['example_branch_dop_operator_v3']) retrieved from /home/airflow/.local/lib/python3.6/site-packages/airflow/example_dags/example_branch_python_dop_operator_3.py
[2024-04-30 16:21:12,342] {logging_mixin.py:104} INFO - [2024-04-30 16:21:12,342] {dag.py:1824} INFO - Sync 1 DAGs
[2024-04-30 16:21:12,368] {logging_mixin.py:104} INFO - [2024-04-30 16:21:12,368] {dag.py:2280} INFO - Setting next_dagrun for example_branch_dop_operator_v3 to 2024-04-28 00:00:00+00:00
[2024-04-30 16:21:12,379] {scheduler_job.py:190} INFO - Processing /home/airflow/.local/lib/python3.6/site-packages/airflow/example_dags/example_branch_python_dop_operator_3.py took 0.076 seconds
[2024-04-30 16:21:42,896] {scheduler_job.py:182} INFO - Started process (PID=897) to work on /home/airflow/.local/lib/python3.6/site-packages/airflow/example_dags/example_branch_python_dop_operator_3.py
[2024-04-30 16:21:42,898] {scheduler_job.py:629} INFO - Processing file /home/airflow/.local/lib/python3.6/site-packages/airflow/example_dags/example_branch_python_dop_operator_3.py for tasks to queue
[2024-04-30 16:21:42,899] {logging_mixin.py:104} INFO - [2024-04-30 16:21:42,898] {dagbag.py:451} INFO - Filling up the DagBag from /home/airflow/.local/lib/python3.6/site-packages/airflow/example_dags/example_branch_python_dop_operator_3.py
[2024-04-30 16:21:42,918] {scheduler_job.py:639} INFO - DAG(s) dict_keys(['example_branch_dop_operator_v3']) retrieved from /home/airflow/.local/lib/python3.6/site-packages/airflow/example_dags/example_branch_python_dop_operator_3.py
[2024-04-30 16:21:42,941] {logging_mixin.py:104} INFO - [2024-04-30 16:21:42,941] {dag.py:1824} INFO - Sync 1 DAGs
[2024-04-30 16:21:42,965] {logging_mixin.py:104} INFO - [2024-04-30 16:21:42,965] {dag.py:2280} INFO - Setting next_dagrun for example_branch_dop_operator_v3 to 2024-04-28 00:00:00+00:00
[2024-04-30 16:21:42,976] {scheduler_job.py:190} INFO - Processing /home/airflow/.local/lib/python3.6/site-packages/airflow/example_dags/example_branch_python_dop_operator_3.py took 0.084 seconds
[2024-04-30 16:22:13,441] {scheduler_job.py:182} INFO - Started process (PID=929) to work on /home/airflow/.local/lib/python3.6/site-packages/airflow/example_dags/example_branch_python_dop_operator_3.py
[2024-04-30 16:22:13,443] {scheduler_job.py:629} INFO - Processing file /home/airflow/.local/lib/python3.6/site-packages/airflow/example_dags/example_branch_python_dop_operator_3.py for tasks to queue
[2024-04-30 16:22:13,444] {logging_mixin.py:104} INFO - [2024-04-30 16:22:13,444] {dagbag.py:451} INFO - Filling up the DagBag from /home/airflow/.local/lib/python3.6/site-packages/airflow/example_dags/example_branch_python_dop_operator_3.py
[2024-04-30 16:22:13,458] {scheduler_job.py:639} INFO - DAG(s) dict_keys(['example_branch_dop_operator_v3']) retrieved from /home/airflow/.local/lib/python3.6/site-packages/airflow/example_dags/example_branch_python_dop_operator_3.py
[2024-04-30 16:22:13,481] {logging_mixin.py:104} INFO - [2024-04-30 16:22:13,481] {dag.py:1824} INFO - Sync 1 DAGs
[2024-04-30 16:22:13,508] {logging_mixin.py:104} INFO - [2024-04-30 16:22:13,508] {dag.py:2280} INFO - Setting next_dagrun for example_branch_dop_operator_v3 to 2024-04-28 00:00:00+00:00
[2024-04-30 16:22:13,520] {scheduler_job.py:190} INFO - Processing /home/airflow/.local/lib/python3.6/site-packages/airflow/example_dags/example_branch_python_dop_operator_3.py took 0.082 seconds
[2024-04-30 16:22:44,187] {scheduler_job.py:182} INFO - Started process (PID=961) to work on /home/airflow/.local/lib/python3.6/site-packages/airflow/example_dags/example_branch_python_dop_operator_3.py
[2024-04-30 16:22:44,188] {scheduler_job.py:629} INFO - Processing file /home/airflow/.local/lib/python3.6/site-packages/airflow/example_dags/example_branch_python_dop_operator_3.py for tasks to queue
[2024-04-30 16:22:44,189] {logging_mixin.py:104} INFO - [2024-04-30 16:22:44,189] {dagbag.py:451} INFO - Filling up the DagBag from /home/airflow/.local/lib/python3.6/site-packages/airflow/example_dags/example_branch_python_dop_operator_3.py
[2024-04-30 16:22:44,204] {scheduler_job.py:639} INFO - DAG(s) dict_keys(['example_branch_dop_operator_v3']) retrieved from /home/airflow/.local/lib/python3.6/site-packages/airflow/example_dags/example_branch_python_dop_operator_3.py
[2024-04-30 16:22:44,229] {logging_mixin.py:104} INFO - [2024-04-30 16:22:44,229] {dag.py:1824} INFO - Sync 1 DAGs
[2024-04-30 16:22:44,261] {logging_mixin.py:104} INFO - [2024-04-30 16:22:44,261] {dag.py:2280} INFO - Setting next_dagrun for example_branch_dop_operator_v3 to 2024-04-28 00:00:00+00:00
[2024-04-30 16:22:44,273] {scheduler_job.py:190} INFO - Processing /home/airflow/.local/lib/python3.6/site-packages/airflow/example_dags/example_branch_python_dop_operator_3.py took 0.089 seconds
[2024-04-30 16:23:14,648] {scheduler_job.py:182} INFO - Started process (PID=993) to work on /home/airflow/.local/lib/python3.6/site-packages/airflow/example_dags/example_branch_python_dop_operator_3.py
[2024-04-30 16:23:14,650] {scheduler_job.py:629} INFO - Processing file /home/airflow/.local/lib/python3.6/site-packages/airflow/example_dags/example_branch_python_dop_operator_3.py for tasks to queue
[2024-04-30 16:23:14,651] {logging_mixin.py:104} INFO - [2024-04-30 16:23:14,651] {dagbag.py:451} INFO - Filling up the DagBag from /home/airflow/.local/lib/python3.6/site-packages/airflow/example_dags/example_branch_python_dop_operator_3.py
[2024-04-30 16:23:14,665] {scheduler_job.py:639} INFO - DAG(s) dict_keys(['example_branch_dop_operator_v3']) retrieved from /home/airflow/.local/lib/python3.6/site-packages/airflow/example_dags/example_branch_python_dop_operator_3.py
[2024-04-30 16:23:14,687] {logging_mixin.py:104} INFO - [2024-04-30 16:23:14,687] {dag.py:1824} INFO - Sync 1 DAGs
[2024-04-30 16:23:14,717] {logging_mixin.py:104} INFO - [2024-04-30 16:23:14,717] {dag.py:2280} INFO - Setting next_dagrun for example_branch_dop_operator_v3 to 2024-04-28 00:00:00+00:00
[2024-04-30 16:23:14,729] {scheduler_job.py:190} INFO - Processing /home/airflow/.local/lib/python3.6/site-packages/airflow/example_dags/example_branch_python_dop_operator_3.py took 0.084 seconds
[2024-04-30 16:23:45,199] {scheduler_job.py:182} INFO - Started process (PID=1025) to work on /home/airflow/.local/lib/python3.6/site-packages/airflow/example_dags/example_branch_python_dop_operator_3.py
[2024-04-30 16:23:45,201] {scheduler_job.py:629} INFO - Processing file /home/airflow/.local/lib/python3.6/site-packages/airflow/example_dags/example_branch_python_dop_operator_3.py for tasks to queue
[2024-04-30 16:23:45,202] {logging_mixin.py:104} INFO - [2024-04-30 16:23:45,201] {dagbag.py:451} INFO - Filling up the DagBag from /home/airflow/.local/lib/python3.6/site-packages/airflow/example_dags/example_branch_python_dop_operator_3.py
[2024-04-30 16:23:45,216] {scheduler_job.py:639} INFO - DAG(s) dict_keys(['example_branch_dop_operator_v3']) retrieved from /home/airflow/.local/lib/python3.6/site-packages/airflow/example_dags/example_branch_python_dop_operator_3.py
[2024-04-30 16:23:45,240] {logging_mixin.py:104} INFO - [2024-04-30 16:23:45,240] {dag.py:1824} INFO - Sync 1 DAGs
[2024-04-30 16:23:45,272] {logging_mixin.py:104} INFO - [2024-04-30 16:23:45,272] {dag.py:2280} INFO - Setting next_dagrun for example_branch_dop_operator_v3 to 2024-04-28 00:00:00+00:00
[2024-04-30 16:23:45,282] {scheduler_job.py:190} INFO - Processing /home/airflow/.local/lib/python3.6/site-packages/airflow/example_dags/example_branch_python_dop_operator_3.py took 0.086 seconds
[2024-04-30 16:24:15,751] {scheduler_job.py:182} INFO - Started process (PID=1057) to work on /home/airflow/.local/lib/python3.6/site-packages/airflow/example_dags/example_branch_python_dop_operator_3.py
[2024-04-30 16:24:15,753] {scheduler_job.py:629} INFO - Processing file /home/airflow/.local/lib/python3.6/site-packages/airflow/example_dags/example_branch_python_dop_operator_3.py for tasks to queue
[2024-04-30 16:24:15,754] {logging_mixin.py:104} INFO - [2024-04-30 16:24:15,754] {dagbag.py:451} INFO - Filling up the DagBag from /home/airflow/.local/lib/python3.6/site-packages/airflow/example_dags/example_branch_python_dop_operator_3.py
[2024-04-30 16:24:15,769] {scheduler_job.py:639} INFO - DAG(s) dict_keys(['example_branch_dop_operator_v3']) retrieved from /home/airflow/.local/lib/python3.6/site-packages/airflow/example_dags/example_branch_python_dop_operator_3.py
[2024-04-30 16:24:15,790] {logging_mixin.py:104} INFO - [2024-04-30 16:24:15,790] {dag.py:1824} INFO - Sync 1 DAGs
[2024-04-30 16:24:15,816] {logging_mixin.py:104} INFO - [2024-04-30 16:24:15,815] {dag.py:2280} INFO - Setting next_dagrun for example_branch_dop_operator_v3 to 2024-04-28 00:00:00+00:00
[2024-04-30 16:24:15,826] {scheduler_job.py:190} INFO - Processing /home/airflow/.local/lib/python3.6/site-packages/airflow/example_dags/example_branch_python_dop_operator_3.py took 0.078 seconds
[2024-04-30 16:24:46,333] {scheduler_job.py:182} INFO - Started process (PID=1089) to work on /home/airflow/.local/lib/python3.6/site-packages/airflow/example_dags/example_branch_python_dop_operator_3.py
[2024-04-30 16:24:46,334] {scheduler_job.py:629} INFO - Processing file /home/airflow/.local/lib/python3.6/site-packages/airflow/example_dags/example_branch_python_dop_operator_3.py for tasks to queue
[2024-04-30 16:24:46,334] {logging_mixin.py:104} INFO - [2024-04-30 16:24:46,334] {dagbag.py:451} INFO - Filling up the DagBag from /home/airflow/.local/lib/python3.6/site-packages/airflow/example_dags/example_branch_python_dop_operator_3.py
[2024-04-30 16:24:46,350] {scheduler_job.py:639} INFO - DAG(s) dict_keys(['example_branch_dop_operator_v3']) retrieved from /home/airflow/.local/lib/python3.6/site-packages/airflow/example_dags/example_branch_python_dop_operator_3.py
[2024-04-30 16:24:46,373] {logging_mixin.py:104} INFO - [2024-04-30 16:24:46,373] {dag.py:1824} INFO - Sync 1 DAGs
[2024-04-30 16:24:46,399] {logging_mixin.py:104} INFO - [2024-04-30 16:24:46,399] {dag.py:2280} INFO - Setting next_dagrun for example_branch_dop_operator_v3 to 2024-04-28 00:00:00+00:00
[2024-04-30 16:24:46,419] {scheduler_job.py:190} INFO - Processing /home/airflow/.local/lib/python3.6/site-packages/airflow/example_dags/example_branch_python_dop_operator_3.py took 0.090 seconds
[2024-04-30 16:25:17,107] {scheduler_job.py:182} INFO - Started process (PID=1121) to work on /home/airflow/.local/lib/python3.6/site-packages/airflow/example_dags/example_branch_python_dop_operator_3.py
[2024-04-30 16:25:17,109] {scheduler_job.py:629} INFO - Processing file /home/airflow/.local/lib/python3.6/site-packages/airflow/example_dags/example_branch_python_dop_operator_3.py for tasks to queue
[2024-04-30 16:25:17,110] {logging_mixin.py:104} INFO - [2024-04-30 16:25:17,110] {dagbag.py:451} INFO - Filling up the DagBag from /home/airflow/.local/lib/python3.6/site-packages/airflow/example_dags/example_branch_python_dop_operator_3.py
[2024-04-30 16:25:17,144] {scheduler_job.py:639} INFO - DAG(s) dict_keys(['example_branch_dop_operator_v3']) retrieved from /home/airflow/.local/lib/python3.6/site-packages/airflow/example_dags/example_branch_python_dop_operator_3.py
[2024-04-30 16:25:17,167] {logging_mixin.py:104} INFO - [2024-04-30 16:25:17,166] {dag.py:1824} INFO - Sync 1 DAGs
[2024-04-30 16:25:17,194] {logging_mixin.py:104} INFO - [2024-04-30 16:25:17,194] {dag.py:2280} INFO - Setting next_dagrun for example_branch_dop_operator_v3 to 2024-04-28 00:00:00+00:00
[2024-04-30 16:25:17,204] {scheduler_job.py:190} INFO - Processing /home/airflow/.local/lib/python3.6/site-packages/airflow/example_dags/example_branch_python_dop_operator_3.py took 0.101 seconds
[2024-04-30 16:25:47,678] {scheduler_job.py:182} INFO - Started process (PID=1153) to work on /home/airflow/.local/lib/python3.6/site-packages/airflow/example_dags/example_branch_python_dop_operator_3.py
[2024-04-30 16:25:47,680] {scheduler_job.py:629} INFO - Processing file /home/airflow/.local/lib/python3.6/site-packages/airflow/example_dags/example_branch_python_dop_operator_3.py for tasks to queue
[2024-04-30 16:25:47,681] {logging_mixin.py:104} INFO - [2024-04-30 16:25:47,680] {dagbag.py:451} INFO - Filling up the DagBag from /home/airflow/.local/lib/python3.6/site-packages/airflow/example_dags/example_branch_python_dop_operator_3.py
[2024-04-30 16:25:47,696] {scheduler_job.py:639} INFO - DAG(s) dict_keys(['example_branch_dop_operator_v3']) retrieved from /home/airflow/.local/lib/python3.6/site-packages/airflow/example_dags/example_branch_python_dop_operator_3.py
[2024-04-30 16:25:47,721] {logging_mixin.py:104} INFO - [2024-04-30 16:25:47,721] {dag.py:1824} INFO - Sync 1 DAGs
[2024-04-30 16:25:47,763] {logging_mixin.py:104} INFO - [2024-04-30 16:25:47,763] {dag.py:2280} INFO - Setting next_dagrun for example_branch_dop_operator_v3 to 2024-04-28 00:00:00+00:00
[2024-04-30 16:25:47,782] {scheduler_job.py:190} INFO - Processing /home/airflow/.local/lib/python3.6/site-packages/airflow/example_dags/example_branch_python_dop_operator_3.py took 0.107 seconds
[2024-04-30 16:26:18,010] {scheduler_job.py:182} INFO - Started process (PID=1185) to work on /home/airflow/.local/lib/python3.6/site-packages/airflow/example_dags/example_branch_python_dop_operator_3.py
[2024-04-30 16:26:18,012] {scheduler_job.py:629} INFO - Processing file /home/airflow/.local/lib/python3.6/site-packages/airflow/example_dags/example_branch_python_dop_operator_3.py for tasks to queue
[2024-04-30 16:26:18,013] {logging_mixin.py:104} INFO - [2024-04-30 16:26:18,013] {dagbag.py:451} INFO - Filling up the DagBag from /home/airflow/.local/lib/python3.6/site-packages/airflow/example_dags/example_branch_python_dop_operator_3.py
[2024-04-30 16:26:18,036] {scheduler_job.py:639} INFO - DAG(s) dict_keys(['example_branch_dop_operator_v3']) retrieved from /home/airflow/.local/lib/python3.6/site-packages/airflow/example_dags/example_branch_python_dop_operator_3.py
[2024-04-30 16:26:18,058] {logging_mixin.py:104} INFO - [2024-04-30 16:26:18,058] {dag.py:1824} INFO - Sync 1 DAGs
[2024-04-30 16:26:18,084] {logging_mixin.py:104} INFO - [2024-04-30 16:26:18,084] {dag.py:2280} INFO - Setting next_dagrun for example_branch_dop_operator_v3 to 2024-04-28 00:00:00+00:00
[2024-04-30 16:26:18,094] {scheduler_job.py:190} INFO - Processing /home/airflow/.local/lib/python3.6/site-packages/airflow/example_dags/example_branch_python_dop_operator_3.py took 0.088 seconds
[2024-04-30 16:26:48,623] {scheduler_job.py:182} INFO - Started process (PID=1217) to work on /home/airflow/.local/lib/python3.6/site-packages/airflow/example_dags/example_branch_python_dop_operator_3.py
[2024-04-30 16:26:48,625] {scheduler_job.py:629} INFO - Processing file /home/airflow/.local/lib/python3.6/site-packages/airflow/example_dags/example_branch_python_dop_operator_3.py for tasks to queue
[2024-04-30 16:26:48,627] {logging_mixin.py:104} INFO - [2024-04-30 16:26:48,626] {dagbag.py:451} INFO - Filling up the DagBag from /home/airflow/.local/lib/python3.6/site-packages/airflow/example_dags/example_branch_python_dop_operator_3.py
[2024-04-30 16:26:48,639] {scheduler_job.py:639} INFO - DAG(s) dict_keys(['example_branch_dop_operator_v3']) retrieved from /home/airflow/.local/lib/python3.6/site-packages/airflow/example_dags/example_branch_python_dop_operator_3.py
[2024-04-30 16:26:48,657] {logging_mixin.py:104} INFO - [2024-04-30 16:26:48,657] {dag.py:1824} INFO - Sync 1 DAGs
[2024-04-30 16:26:48,680] {logging_mixin.py:104} INFO - [2024-04-30 16:26:48,680] {dag.py:2280} INFO - Setting next_dagrun for example_branch_dop_operator_v3 to 2024-04-28 00:00:00+00:00
[2024-04-30 16:26:48,692] {scheduler_job.py:190} INFO - Processing /home/airflow/.local/lib/python3.6/site-packages/airflow/example_dags/example_branch_python_dop_operator_3.py took 0.072 seconds
[2024-04-30 16:27:19,139] {scheduler_job.py:182} INFO - Started process (PID=1249) to work on /home/airflow/.local/lib/python3.6/site-packages/airflow/example_dags/example_branch_python_dop_operator_3.py
[2024-04-30 16:27:19,141] {scheduler_job.py:629} INFO - Processing file /home/airflow/.local/lib/python3.6/site-packages/airflow/example_dags/example_branch_python_dop_operator_3.py for tasks to queue
[2024-04-30 16:27:19,141] {logging_mixin.py:104} INFO - [2024-04-30 16:27:19,141] {dagbag.py:451} INFO - Filling up the DagBag from /home/airflow/.local/lib/python3.6/site-packages/airflow/example_dags/example_branch_python_dop_operator_3.py
[2024-04-30 16:27:19,155] {scheduler_job.py:639} INFO - DAG(s) dict_keys(['example_branch_dop_operator_v3']) retrieved from /home/airflow/.local/lib/python3.6/site-packages/airflow/example_dags/example_branch_python_dop_operator_3.py
[2024-04-30 16:27:19,173] {logging_mixin.py:104} INFO - [2024-04-30 16:27:19,173] {dag.py:1824} INFO - Sync 1 DAGs
[2024-04-30 16:27:19,197] {logging_mixin.py:104} INFO - [2024-04-30 16:27:19,197] {dag.py:2280} INFO - Setting next_dagrun for example_branch_dop_operator_v3 to 2024-04-28 00:00:00+00:00
[2024-04-30 16:27:19,208] {scheduler_job.py:190} INFO - Processing /home/airflow/.local/lib/python3.6/site-packages/airflow/example_dags/example_branch_python_dop_operator_3.py took 0.072 seconds
[2024-04-30 16:27:49,610] {scheduler_job.py:182} INFO - Started process (PID=1281) to work on /home/airflow/.local/lib/python3.6/site-packages/airflow/example_dags/example_branch_python_dop_operator_3.py
[2024-04-30 16:27:49,611] {scheduler_job.py:629} INFO - Processing file /home/airflow/.local/lib/python3.6/site-packages/airflow/example_dags/example_branch_python_dop_operator_3.py for tasks to queue
[2024-04-30 16:27:49,612] {logging_mixin.py:104} INFO - [2024-04-30 16:27:49,612] {dagbag.py:451} INFO - Filling up the DagBag from /home/airflow/.local/lib/python3.6/site-packages/airflow/example_dags/example_branch_python_dop_operator_3.py
[2024-04-30 16:27:49,625] {scheduler_job.py:639} INFO - DAG(s) dict_keys(['example_branch_dop_operator_v3']) retrieved from /home/airflow/.local/lib/python3.6/site-packages/airflow/example_dags/example_branch_python_dop_operator_3.py
[2024-04-30 16:27:49,643] {logging_mixin.py:104} INFO - [2024-04-30 16:27:49,643] {dag.py:1824} INFO - Sync 1 DAGs
[2024-04-30 16:27:49,668] {logging_mixin.py:104} INFO - [2024-04-30 16:27:49,668] {dag.py:2280} INFO - Setting next_dagrun for example_branch_dop_operator_v3 to 2024-04-28 00:00:00+00:00
[2024-04-30 16:27:49,678] {scheduler_job.py:190} INFO - Processing /home/airflow/.local/lib/python3.6/site-packages/airflow/example_dags/example_branch_python_dop_operator_3.py took 0.072 seconds
[2024-04-30 16:28:20,242] {scheduler_job.py:182} INFO - Started process (PID=1313) to work on /home/airflow/.local/lib/python3.6/site-packages/airflow/example_dags/example_branch_python_dop_operator_3.py
[2024-04-30 16:28:20,243] {scheduler_job.py:629} INFO - Processing file /home/airflow/.local/lib/python3.6/site-packages/airflow/example_dags/example_branch_python_dop_operator_3.py for tasks to queue
[2024-04-30 16:28:20,244] {logging_mixin.py:104} INFO - [2024-04-30 16:28:20,244] {dagbag.py:451} INFO - Filling up the DagBag from /home/airflow/.local/lib/python3.6/site-packages/airflow/example_dags/example_branch_python_dop_operator_3.py
[2024-04-30 16:28:20,258] {scheduler_job.py:639} INFO - DAG(s) dict_keys(['example_branch_dop_operator_v3']) retrieved from /home/airflow/.local/lib/python3.6/site-packages/airflow/example_dags/example_branch_python_dop_operator_3.py
[2024-04-30 16:28:20,278] {logging_mixin.py:104} INFO - [2024-04-30 16:28:20,278] {dag.py:1824} INFO - Sync 1 DAGs
[2024-04-30 16:28:20,304] {logging_mixin.py:104} INFO - [2024-04-30 16:28:20,304] {dag.py:2280} INFO - Setting next_dagrun for example_branch_dop_operator_v3 to 2024-04-28 00:00:00+00:00
[2024-04-30 16:28:20,318] {scheduler_job.py:190} INFO - Processing /home/airflow/.local/lib/python3.6/site-packages/airflow/example_dags/example_branch_python_dop_operator_3.py took 0.079 seconds
[2024-04-30 16:28:50,765] {scheduler_job.py:182} INFO - Started process (PID=1345) to work on /home/airflow/.local/lib/python3.6/site-packages/airflow/example_dags/example_branch_python_dop_operator_3.py
[2024-04-30 16:28:50,766] {scheduler_job.py:629} INFO - Processing file /home/airflow/.local/lib/python3.6/site-packages/airflow/example_dags/example_branch_python_dop_operator_3.py for tasks to queue
[2024-04-30 16:28:50,767] {logging_mixin.py:104} INFO - [2024-04-30 16:28:50,767] {dagbag.py:451} INFO - Filling up the DagBag from /home/airflow/.local/lib/python3.6/site-packages/airflow/example_dags/example_branch_python_dop_operator_3.py
[2024-04-30 16:28:50,781] {scheduler_job.py:639} INFO - DAG(s) dict_keys(['example_branch_dop_operator_v3']) retrieved from /home/airflow/.local/lib/python3.6/site-packages/airflow/example_dags/example_branch_python_dop_operator_3.py
[2024-04-30 16:28:50,801] {logging_mixin.py:104} INFO - [2024-04-30 16:28:50,801] {dag.py:1824} INFO - Sync 1 DAGs
[2024-04-30 16:28:50,826] {logging_mixin.py:104} INFO - [2024-04-30 16:28:50,826] {dag.py:2280} INFO - Setting next_dagrun for example_branch_dop_operator_v3 to 2024-04-28 00:00:00+00:00
[2024-04-30 16:28:50,842] {scheduler_job.py:190} INFO - Processing /home/airflow/.local/lib/python3.6/site-packages/airflow/example_dags/example_branch_python_dop_operator_3.py took 0.080 seconds
[2024-04-30 16:29:21,336] {scheduler_job.py:182} INFO - Started process (PID=1377) to work on /home/airflow/.local/lib/python3.6/site-packages/airflow/example_dags/example_branch_python_dop_operator_3.py
[2024-04-30 16:29:21,338] {scheduler_job.py:629} INFO - Processing file /home/airflow/.local/lib/python3.6/site-packages/airflow/example_dags/example_branch_python_dop_operator_3.py for tasks to queue
[2024-04-30 16:29:21,339] {logging_mixin.py:104} INFO - [2024-04-30 16:29:21,338] {dagbag.py:451} INFO - Filling up the DagBag from /home/airflow/.local/lib/python3.6/site-packages/airflow/example_dags/example_branch_python_dop_operator_3.py
[2024-04-30 16:29:21,359] {scheduler_job.py:639} INFO - DAG(s) dict_keys(['example_branch_dop_operator_v3']) retrieved from /home/airflow/.local/lib/python3.6/site-packages/airflow/example_dags/example_branch_python_dop_operator_3.py
[2024-04-30 16:29:21,379] {logging_mixin.py:104} INFO - [2024-04-30 16:29:21,378] {dag.py:1824} INFO - Sync 1 DAGs
[2024-04-30 16:29:21,404] {logging_mixin.py:104} INFO - [2024-04-30 16:29:21,404] {dag.py:2280} INFO - Setting next_dagrun for example_branch_dop_operator_v3 to 2024-04-28 00:00:00+00:00
[2024-04-30 16:29:21,419] {scheduler_job.py:190} INFO - Processing /home/airflow/.local/lib/python3.6/site-packages/airflow/example_dags/example_branch_python_dop_operator_3.py took 0.086 seconds
[2024-04-30 16:29:51,857] {scheduler_job.py:182} INFO - Started process (PID=1409) to work on /home/airflow/.local/lib/python3.6/site-packages/airflow/example_dags/example_branch_python_dop_operator_3.py
[2024-04-30 16:29:51,859] {scheduler_job.py:629} INFO - Processing file /home/airflow/.local/lib/python3.6/site-packages/airflow/example_dags/example_branch_python_dop_operator_3.py for tasks to queue
[2024-04-30 16:29:51,860] {logging_mixin.py:104} INFO - [2024-04-30 16:29:51,859] {dagbag.py:451} INFO - Filling up the DagBag from /home/airflow/.local/lib/python3.6/site-packages/airflow/example_dags/example_branch_python_dop_operator_3.py
[2024-04-30 16:29:51,873] {scheduler_job.py:639} INFO - DAG(s) dict_keys(['example_branch_dop_operator_v3']) retrieved from /home/airflow/.local/lib/python3.6/site-packages/airflow/example_dags/example_branch_python_dop_operator_3.py
[2024-04-30 16:29:51,894] {logging_mixin.py:104} INFO - [2024-04-30 16:29:51,894] {dag.py:1824} INFO - Sync 1 DAGs
[2024-04-30 16:29:51,923] {logging_mixin.py:104} INFO - [2024-04-30 16:29:51,923] {dag.py:2280} INFO - Setting next_dagrun for example_branch_dop_operator_v3 to 2024-04-28 00:00:00+00:00
[2024-04-30 16:29:51,933] {scheduler_job.py:190} INFO - Processing /home/airflow/.local/lib/python3.6/site-packages/airflow/example_dags/example_branch_python_dop_operator_3.py took 0.079 seconds
[2024-04-30 16:30:22,423] {scheduler_job.py:182} INFO - Started process (PID=1441) to work on /home/airflow/.local/lib/python3.6/site-packages/airflow/example_dags/example_branch_python_dop_operator_3.py
[2024-04-30 16:30:22,425] {scheduler_job.py:629} INFO - Processing file /home/airflow/.local/lib/python3.6/site-packages/airflow/example_dags/example_branch_python_dop_operator_3.py for tasks to queue
[2024-04-30 16:30:22,425] {logging_mixin.py:104} INFO - [2024-04-30 16:30:22,425] {dagbag.py:451} INFO - Filling up the DagBag from /home/airflow/.local/lib/python3.6/site-packages/airflow/example_dags/example_branch_python_dop_operator_3.py
[2024-04-30 16:30:22,440] {scheduler_job.py:639} INFO - DAG(s) dict_keys(['example_branch_dop_operator_v3']) retrieved from /home/airflow/.local/lib/python3.6/site-packages/airflow/example_dags/example_branch_python_dop_operator_3.py
[2024-04-30 16:30:22,460] {logging_mixin.py:104} INFO - [2024-04-30 16:30:22,460] {dag.py:1824} INFO - Sync 1 DAGs
[2024-04-30 16:30:22,485] {logging_mixin.py:104} INFO - [2024-04-30 16:30:22,485] {dag.py:2280} INFO - Setting next_dagrun for example_branch_dop_operator_v3 to 2024-04-28 00:00:00+00:00
[2024-04-30 16:30:22,496] {scheduler_job.py:190} INFO - Processing /home/airflow/.local/lib/python3.6/site-packages/airflow/example_dags/example_branch_python_dop_operator_3.py took 0.075 seconds
[2024-04-30 16:30:53,512] {scheduler_job.py:182} INFO - Started process (PID=1473) to work on /home/airflow/.local/lib/python3.6/site-packages/airflow/example_dags/example_branch_python_dop_operator_3.py
[2024-04-30 16:30:53,514] {scheduler_job.py:629} INFO - Processing file /home/airflow/.local/lib/python3.6/site-packages/airflow/example_dags/example_branch_python_dop_operator_3.py for tasks to queue
[2024-04-30 16:30:53,515] {logging_mixin.py:104} INFO - [2024-04-30 16:30:53,515] {dagbag.py:451} INFO - Filling up the DagBag from /home/airflow/.local/lib/python3.6/site-packages/airflow/example_dags/example_branch_python_dop_operator_3.py
[2024-04-30 16:30:53,538] {scheduler_job.py:639} INFO - DAG(s) dict_keys(['example_branch_dop_operator_v3']) retrieved from /home/airflow/.local/lib/python3.6/site-packages/airflow/example_dags/example_branch_python_dop_operator_3.py
[2024-04-30 16:30:53,573] {logging_mixin.py:104} INFO - [2024-04-30 16:30:53,573] {dag.py:1824} INFO - Sync 1 DAGs
[2024-04-30 16:30:53,631] {logging_mixin.py:104} INFO - [2024-04-30 16:30:53,631] {dag.py:2280} INFO - Setting next_dagrun for example_branch_dop_operator_v3 to 2024-04-28 00:00:00+00:00
[2024-04-30 16:30:53,652] {scheduler_job.py:190} INFO - Processing /home/airflow/.local/lib/python3.6/site-packages/airflow/example_dags/example_branch_python_dop_operator_3.py took 0.144 seconds
[2024-04-30 16:31:24,121] {scheduler_job.py:182} INFO - Started process (PID=1505) to work on /home/airflow/.local/lib/python3.6/site-packages/airflow/example_dags/example_branch_python_dop_operator_3.py
[2024-04-30 16:31:24,123] {scheduler_job.py:629} INFO - Processing file /home/airflow/.local/lib/python3.6/site-packages/airflow/example_dags/example_branch_python_dop_operator_3.py for tasks to queue
[2024-04-30 16:31:24,124] {logging_mixin.py:104} INFO - [2024-04-30 16:31:24,124] {dagbag.py:451} INFO - Filling up the DagBag from /home/airflow/.local/lib/python3.6/site-packages/airflow/example_dags/example_branch_python_dop_operator_3.py
[2024-04-30 16:31:24,147] {scheduler_job.py:639} INFO - DAG(s) dict_keys(['example_branch_dop_operator_v3']) retrieved from /home/airflow/.local/lib/python3.6/site-packages/airflow/example_dags/example_branch_python_dop_operator_3.py
[2024-04-30 16:31:24,179] {logging_mixin.py:104} INFO - [2024-04-30 16:31:24,179] {dag.py:1824} INFO - Sync 1 DAGs
[2024-04-30 16:31:24,218] {logging_mixin.py:104} INFO - [2024-04-30 16:31:24,218] {dag.py:2280} INFO - Setting next_dagrun for example_branch_dop_operator_v3 to 2024-04-28 00:00:00+00:00
[2024-04-30 16:31:24,232] {scheduler_job.py:190} INFO - Processing /home/airflow/.local/lib/python3.6/site-packages/airflow/example_dags/example_branch_python_dop_operator_3.py took 0.115 seconds
[2024-04-30 16:31:54,429] {scheduler_job.py:182} INFO - Started process (PID=1537) to work on /home/airflow/.local/lib/python3.6/site-packages/airflow/example_dags/example_branch_python_dop_operator_3.py
[2024-04-30 16:31:54,430] {scheduler_job.py:629} INFO - Processing file /home/airflow/.local/lib/python3.6/site-packages/airflow/example_dags/example_branch_python_dop_operator_3.py for tasks to queue
[2024-04-30 16:31:54,431] {logging_mixin.py:104} INFO - [2024-04-30 16:31:54,431] {dagbag.py:451} INFO - Filling up the DagBag from /home/airflow/.local/lib/python3.6/site-packages/airflow/example_dags/example_branch_python_dop_operator_3.py
[2024-04-30 16:31:54,454] {scheduler_job.py:639} INFO - DAG(s) dict_keys(['example_branch_dop_operator_v3']) retrieved from /home/airflow/.local/lib/python3.6/site-packages/airflow/example_dags/example_branch_python_dop_operator_3.py
[2024-04-30 16:31:54,487] {logging_mixin.py:104} INFO - [2024-04-30 16:31:54,487] {dag.py:1824} INFO - Sync 1 DAGs
[2024-04-30 16:31:54,532] {logging_mixin.py:104} INFO - [2024-04-30 16:31:54,532] {dag.py:2280} INFO - Setting next_dagrun for example_branch_dop_operator_v3 to 2024-04-28 00:00:00+00:00
[2024-04-30 16:31:54,544] {scheduler_job.py:190} INFO - Processing /home/airflow/.local/lib/python3.6/site-packages/airflow/example_dags/example_branch_python_dop_operator_3.py took 0.120 seconds
[2024-04-30 16:32:25,318] {scheduler_job.py:182} INFO - Started process (PID=1569) to work on /home/airflow/.local/lib/python3.6/site-packages/airflow/example_dags/example_branch_python_dop_operator_3.py
[2024-04-30 16:32:25,319] {scheduler_job.py:629} INFO - Processing file /home/airflow/.local/lib/python3.6/site-packages/airflow/example_dags/example_branch_python_dop_operator_3.py for tasks to queue
[2024-04-30 16:32:25,320] {logging_mixin.py:104} INFO - [2024-04-30 16:32:25,320] {dagbag.py:451} INFO - Filling up the DagBag from /home/airflow/.local/lib/python3.6/site-packages/airflow/example_dags/example_branch_python_dop_operator_3.py
[2024-04-30 16:32:25,336] {scheduler_job.py:639} INFO - DAG(s) dict_keys(['example_branch_dop_operator_v3']) retrieved from /home/airflow/.local/lib/python3.6/site-packages/airflow/example_dags/example_branch_python_dop_operator_3.py
[2024-04-30 16:32:25,358] {logging_mixin.py:104} INFO - [2024-04-30 16:32:25,358] {dag.py:1824} INFO - Sync 1 DAGs
[2024-04-30 16:32:25,400] {logging_mixin.py:104} INFO - [2024-04-30 16:32:25,400] {dag.py:2280} INFO - Setting next_dagrun for example_branch_dop_operator_v3 to 2024-04-28 00:00:00+00:00
[2024-04-30 16:32:25,413] {scheduler_job.py:190} INFO - Processing /home/airflow/.local/lib/python3.6/site-packages/airflow/example_dags/example_branch_python_dop_operator_3.py took 0.098 seconds
[2024-04-30 16:32:55,847] {scheduler_job.py:182} INFO - Started process (PID=1601) to work on /home/airflow/.local/lib/python3.6/site-packages/airflow/example_dags/example_branch_python_dop_operator_3.py
[2024-04-30 16:32:55,848] {scheduler_job.py:629} INFO - Processing file /home/airflow/.local/lib/python3.6/site-packages/airflow/example_dags/example_branch_python_dop_operator_3.py for tasks to queue
[2024-04-30 16:32:55,849] {logging_mixin.py:104} INFO - [2024-04-30 16:32:55,849] {dagbag.py:451} INFO - Filling up the DagBag from /home/airflow/.local/lib/python3.6/site-packages/airflow/example_dags/example_branch_python_dop_operator_3.py
[2024-04-30 16:32:55,862] {scheduler_job.py:639} INFO - DAG(s) dict_keys(['example_branch_dop_operator_v3']) retrieved from /home/airflow/.local/lib/python3.6/site-packages/airflow/example_dags/example_branch_python_dop_operator_3.py
[2024-04-30 16:32:55,879] {logging_mixin.py:104} INFO - [2024-04-30 16:32:55,879] {dag.py:1824} INFO - Sync 1 DAGs
[2024-04-30 16:32:55,904] {logging_mixin.py:104} INFO - [2024-04-30 16:32:55,904] {dag.py:2280} INFO - Setting next_dagrun for example_branch_dop_operator_v3 to 2024-04-28 00:00:00+00:00
[2024-04-30 16:32:55,916] {scheduler_job.py:190} INFO - Processing /home/airflow/.local/lib/python3.6/site-packages/airflow/example_dags/example_branch_python_dop_operator_3.py took 0.071 seconds
[2024-04-30 16:33:26,352] {scheduler_job.py:182} INFO - Started process (PID=1633) to work on /home/airflow/.local/lib/python3.6/site-packages/airflow/example_dags/example_branch_python_dop_operator_3.py
[2024-04-30 16:33:26,354] {scheduler_job.py:629} INFO - Processing file /home/airflow/.local/lib/python3.6/site-packages/airflow/example_dags/example_branch_python_dop_operator_3.py for tasks to queue
[2024-04-30 16:33:26,355] {logging_mixin.py:104} INFO - [2024-04-30 16:33:26,355] {dagbag.py:451} INFO - Filling up the DagBag from /home/airflow/.local/lib/python3.6/site-packages/airflow/example_dags/example_branch_python_dop_operator_3.py
[2024-04-30 16:33:26,369] {scheduler_job.py:639} INFO - DAG(s) dict_keys(['example_branch_dop_operator_v3']) retrieved from /home/airflow/.local/lib/python3.6/site-packages/airflow/example_dags/example_branch_python_dop_operator_3.py
[2024-04-30 16:33:26,390] {logging_mixin.py:104} INFO - [2024-04-30 16:33:26,389] {dag.py:1824} INFO - Sync 1 DAGs
[2024-04-30 16:33:26,415] {logging_mixin.py:104} INFO - [2024-04-30 16:33:26,415] {dag.py:2280} INFO - Setting next_dagrun for example_branch_dop_operator_v3 to 2024-04-28 00:00:00+00:00
[2024-04-30 16:33:26,426] {scheduler_job.py:190} INFO - Processing /home/airflow/.local/lib/python3.6/site-packages/airflow/example_dags/example_branch_python_dop_operator_3.py took 0.076 seconds
[2024-04-30 16:33:57,041] {scheduler_job.py:182} INFO - Started process (PID=1665) to work on /home/airflow/.local/lib/python3.6/site-packages/airflow/example_dags/example_branch_python_dop_operator_3.py
[2024-04-30 16:33:57,043] {scheduler_job.py:629} INFO - Processing file /home/airflow/.local/lib/python3.6/site-packages/airflow/example_dags/example_branch_python_dop_operator_3.py for tasks to queue
[2024-04-30 16:33:57,044] {logging_mixin.py:104} INFO - [2024-04-30 16:33:57,044] {dagbag.py:451} INFO - Filling up the DagBag from /home/airflow/.local/lib/python3.6/site-packages/airflow/example_dags/example_branch_python_dop_operator_3.py
[2024-04-30 16:33:57,058] {scheduler_job.py:639} INFO - DAG(s) dict_keys(['example_branch_dop_operator_v3']) retrieved from /home/airflow/.local/lib/python3.6/site-packages/airflow/example_dags/example_branch_python_dop_operator_3.py
[2024-04-30 16:33:57,078] {logging_mixin.py:104} INFO - [2024-04-30 16:33:57,078] {dag.py:1824} INFO - Sync 1 DAGs
[2024-04-30 16:33:57,104] {logging_mixin.py:104} INFO - [2024-04-30 16:33:57,104] {dag.py:2280} INFO - Setting next_dagrun for example_branch_dop_operator_v3 to 2024-04-28 00:00:00+00:00
[2024-04-30 16:33:57,114] {scheduler_job.py:190} INFO - Processing /home/airflow/.local/lib/python3.6/site-packages/airflow/example_dags/example_branch_python_dop_operator_3.py took 0.076 seconds
[2024-04-30 16:34:27,613] {scheduler_job.py:182} INFO - Started process (PID=1697) to work on /home/airflow/.local/lib/python3.6/site-packages/airflow/example_dags/example_branch_python_dop_operator_3.py
[2024-04-30 16:34:27,614] {scheduler_job.py:629} INFO - Processing file /home/airflow/.local/lib/python3.6/site-packages/airflow/example_dags/example_branch_python_dop_operator_3.py for tasks to queue
[2024-04-30 16:34:27,615] {logging_mixin.py:104} INFO - [2024-04-30 16:34:27,615] {dagbag.py:451} INFO - Filling up the DagBag from /home/airflow/.local/lib/python3.6/site-packages/airflow/example_dags/example_branch_python_dop_operator_3.py
[2024-04-30 16:34:27,629] {scheduler_job.py:639} INFO - DAG(s) dict_keys(['example_branch_dop_operator_v3']) retrieved from /home/airflow/.local/lib/python3.6/site-packages/airflow/example_dags/example_branch_python_dop_operator_3.py
[2024-04-30 16:34:27,649] {logging_mixin.py:104} INFO - [2024-04-30 16:34:27,649] {dag.py:1824} INFO - Sync 1 DAGs
[2024-04-30 16:34:27,675] {logging_mixin.py:104} INFO - [2024-04-30 16:34:27,674] {dag.py:2280} INFO - Setting next_dagrun for example_branch_dop_operator_v3 to 2024-04-28 00:00:00+00:00
[2024-04-30 16:34:27,685] {scheduler_job.py:190} INFO - Processing /home/airflow/.local/lib/python3.6/site-packages/airflow/example_dags/example_branch_python_dop_operator_3.py took 0.075 seconds
[2024-04-30 16:34:58,282] {scheduler_job.py:182} INFO - Started process (PID=1729) to work on /home/airflow/.local/lib/python3.6/site-packages/airflow/example_dags/example_branch_python_dop_operator_3.py
[2024-04-30 16:34:58,283] {scheduler_job.py:629} INFO - Processing file /home/airflow/.local/lib/python3.6/site-packages/airflow/example_dags/example_branch_python_dop_operator_3.py for tasks to queue
[2024-04-30 16:34:58,284] {logging_mixin.py:104} INFO - [2024-04-30 16:34:58,284] {dagbag.py:451} INFO - Filling up the DagBag from /home/airflow/.local/lib/python3.6/site-packages/airflow/example_dags/example_branch_python_dop_operator_3.py
[2024-04-30 16:34:58,307] {scheduler_job.py:639} INFO - DAG(s) dict_keys(['example_branch_dop_operator_v3']) retrieved from /home/airflow/.local/lib/python3.6/site-packages/airflow/example_dags/example_branch_python_dop_operator_3.py
[2024-04-30 16:34:58,339] {logging_mixin.py:104} INFO - [2024-04-30 16:34:58,339] {dag.py:1824} INFO - Sync 1 DAGs
[2024-04-30 16:34:58,370] {logging_mixin.py:104} INFO - [2024-04-30 16:34:58,370] {dag.py:2280} INFO - Setting next_dagrun for example_branch_dop_operator_v3 to 2024-04-28 00:00:00+00:00
[2024-04-30 16:34:58,383] {scheduler_job.py:190} INFO - Processing /home/airflow/.local/lib/python3.6/site-packages/airflow/example_dags/example_branch_python_dop_operator_3.py took 0.105 seconds
[2024-04-30 16:35:28,882] {scheduler_job.py:182} INFO - Started process (PID=1761) to work on /home/airflow/.local/lib/python3.6/site-packages/airflow/example_dags/example_branch_python_dop_operator_3.py
[2024-04-30 16:35:28,883] {scheduler_job.py:629} INFO - Processing file /home/airflow/.local/lib/python3.6/site-packages/airflow/example_dags/example_branch_python_dop_operator_3.py for tasks to queue
[2024-04-30 16:35:28,884] {logging_mixin.py:104} INFO - [2024-04-30 16:35:28,884] {dagbag.py:451} INFO - Filling up the DagBag from /home/airflow/.local/lib/python3.6/site-packages/airflow/example_dags/example_branch_python_dop_operator_3.py
[2024-04-30 16:35:28,898] {scheduler_job.py:639} INFO - DAG(s) dict_keys(['example_branch_dop_operator_v3']) retrieved from /home/airflow/.local/lib/python3.6/site-packages/airflow/example_dags/example_branch_python_dop_operator_3.py
[2024-04-30 16:35:28,918] {logging_mixin.py:104} INFO - [2024-04-30 16:35:28,918] {dag.py:1824} INFO - Sync 1 DAGs
[2024-04-30 16:35:28,944] {logging_mixin.py:104} INFO - [2024-04-30 16:35:28,944] {dag.py:2280} INFO - Setting next_dagrun for example_branch_dop_operator_v3 to 2024-04-28 00:00:00+00:00
[2024-04-30 16:35:28,954] {scheduler_job.py:190} INFO - Processing /home/airflow/.local/lib/python3.6/site-packages/airflow/example_dags/example_branch_python_dop_operator_3.py took 0.075 seconds
[2024-04-30 16:35:59,382] {scheduler_job.py:182} INFO - Started process (PID=1793) to work on /home/airflow/.local/lib/python3.6/site-packages/airflow/example_dags/example_branch_python_dop_operator_3.py
[2024-04-30 16:35:59,384] {scheduler_job.py:629} INFO - Processing file /home/airflow/.local/lib/python3.6/site-packages/airflow/example_dags/example_branch_python_dop_operator_3.py for tasks to queue
[2024-04-30 16:35:59,385] {logging_mixin.py:104} INFO - [2024-04-30 16:35:59,385] {dagbag.py:451} INFO - Filling up the DagBag from /home/airflow/.local/lib/python3.6/site-packages/airflow/example_dags/example_branch_python_dop_operator_3.py
[2024-04-30 16:35:59,398] {scheduler_job.py:639} INFO - DAG(s) dict_keys(['example_branch_dop_operator_v3']) retrieved from /home/airflow/.local/lib/python3.6/site-packages/airflow/example_dags/example_branch_python_dop_operator_3.py
[2024-04-30 16:35:59,419] {logging_mixin.py:104} INFO - [2024-04-30 16:35:59,419] {dag.py:1824} INFO - Sync 1 DAGs
[2024-04-30 16:35:59,444] {logging_mixin.py:104} INFO - [2024-04-30 16:35:59,444] {dag.py:2280} INFO - Setting next_dagrun for example_branch_dop_operator_v3 to 2024-04-28 00:00:00+00:00
[2024-04-30 16:35:59,455] {scheduler_job.py:190} INFO - Processing /home/airflow/.local/lib/python3.6/site-packages/airflow/example_dags/example_branch_python_dop_operator_3.py took 0.075 seconds
[2024-04-30 16:36:29,943] {scheduler_job.py:182} INFO - Started process (PID=1825) to work on /home/airflow/.local/lib/python3.6/site-packages/airflow/example_dags/example_branch_python_dop_operator_3.py
[2024-04-30 16:36:29,945] {scheduler_job.py:629} INFO - Processing file /home/airflow/.local/lib/python3.6/site-packages/airflow/example_dags/example_branch_python_dop_operator_3.py for tasks to queue
[2024-04-30 16:36:29,946] {logging_mixin.py:104} INFO - [2024-04-30 16:36:29,946] {dagbag.py:451} INFO - Filling up the DagBag from /home/airflow/.local/lib/python3.6/site-packages/airflow/example_dags/example_branch_python_dop_operator_3.py
[2024-04-30 16:36:29,960] {scheduler_job.py:639} INFO - DAG(s) dict_keys(['example_branch_dop_operator_v3']) retrieved from /home/airflow/.local/lib/python3.6/site-packages/airflow/example_dags/example_branch_python_dop_operator_3.py
[2024-04-30 16:36:29,979] {logging_mixin.py:104} INFO - [2024-04-30 16:36:29,979] {dag.py:1824} INFO - Sync 1 DAGs
[2024-04-30 16:36:30,004] {logging_mixin.py:104} INFO - [2024-04-30 16:36:30,004] {dag.py:2280} INFO - Setting next_dagrun for example_branch_dop_operator_v3 to 2024-04-28 00:00:00+00:00
[2024-04-30 16:36:30,015] {scheduler_job.py:190} INFO - Processing /home/airflow/.local/lib/python3.6/site-packages/airflow/example_dags/example_branch_python_dop_operator_3.py took 0.075 seconds
[2024-04-30 16:37:00,574] {scheduler_job.py:182} INFO - Started process (PID=1857) to work on /home/airflow/.local/lib/python3.6/site-packages/airflow/example_dags/example_branch_python_dop_operator_3.py
[2024-04-30 16:37:00,576] {scheduler_job.py:629} INFO - Processing file /home/airflow/.local/lib/python3.6/site-packages/airflow/example_dags/example_branch_python_dop_operator_3.py for tasks to queue
[2024-04-30 16:37:00,576] {logging_mixin.py:104} INFO - [2024-04-30 16:37:00,576] {dagbag.py:451} INFO - Filling up the DagBag from /home/airflow/.local/lib/python3.6/site-packages/airflow/example_dags/example_branch_python_dop_operator_3.py
[2024-04-30 16:37:00,590] {scheduler_job.py:639} INFO - DAG(s) dict_keys(['example_branch_dop_operator_v3']) retrieved from /home/airflow/.local/lib/python3.6/site-packages/airflow/example_dags/example_branch_python_dop_operator_3.py
[2024-04-30 16:37:00,610] {logging_mixin.py:104} INFO - [2024-04-30 16:37:00,610] {dag.py:1824} INFO - Sync 1 DAGs
[2024-04-30 16:37:00,635] {logging_mixin.py:104} INFO - [2024-04-30 16:37:00,635] {dag.py:2280} INFO - Setting next_dagrun for example_branch_dop_operator_v3 to 2024-04-28 00:00:00+00:00
[2024-04-30 16:37:00,650] {scheduler_job.py:190} INFO - Processing /home/airflow/.local/lib/python3.6/site-packages/airflow/example_dags/example_branch_python_dop_operator_3.py took 0.079 seconds
[2024-04-30 16:37:31,104] {scheduler_job.py:182} INFO - Started process (PID=1889) to work on /home/airflow/.local/lib/python3.6/site-packages/airflow/example_dags/example_branch_python_dop_operator_3.py
[2024-04-30 16:37:31,106] {scheduler_job.py:629} INFO - Processing file /home/airflow/.local/lib/python3.6/site-packages/airflow/example_dags/example_branch_python_dop_operator_3.py for tasks to queue
[2024-04-30 16:37:31,106] {logging_mixin.py:104} INFO - [2024-04-30 16:37:31,106] {dagbag.py:451} INFO - Filling up the DagBag from /home/airflow/.local/lib/python3.6/site-packages/airflow/example_dags/example_branch_python_dop_operator_3.py
[2024-04-30 16:37:31,122] {scheduler_job.py:639} INFO - DAG(s) dict_keys(['example_branch_dop_operator_v3']) retrieved from /home/airflow/.local/lib/python3.6/site-packages/airflow/example_dags/example_branch_python_dop_operator_3.py
[2024-04-30 16:37:31,140] {logging_mixin.py:104} INFO - [2024-04-30 16:37:31,140] {dag.py:1824} INFO - Sync 1 DAGs
[2024-04-30 16:37:31,163] {logging_mixin.py:104} INFO - [2024-04-30 16:37:31,163] {dag.py:2280} INFO - Setting next_dagrun for example_branch_dop_operator_v3 to 2024-04-28 00:00:00+00:00
[2024-04-30 16:37:31,174] {scheduler_job.py:190} INFO - Processing /home/airflow/.local/lib/python3.6/site-packages/airflow/example_dags/example_branch_python_dop_operator_3.py took 0.073 seconds
[2024-04-30 16:38:01,528] {scheduler_job.py:182} INFO - Started process (PID=1921) to work on /home/airflow/.local/lib/python3.6/site-packages/airflow/example_dags/example_branch_python_dop_operator_3.py
[2024-04-30 16:38:01,530] {scheduler_job.py:629} INFO - Processing file /home/airflow/.local/lib/python3.6/site-packages/airflow/example_dags/example_branch_python_dop_operator_3.py for tasks to queue
[2024-04-30 16:38:01,531] {logging_mixin.py:104} INFO - [2024-04-30 16:38:01,530] {dagbag.py:451} INFO - Filling up the DagBag from /home/airflow/.local/lib/python3.6/site-packages/airflow/example_dags/example_branch_python_dop_operator_3.py
[2024-04-30 16:38:01,544] {scheduler_job.py:639} INFO - DAG(s) dict_keys(['example_branch_dop_operator_v3']) retrieved from /home/airflow/.local/lib/python3.6/site-packages/airflow/example_dags/example_branch_python_dop_operator_3.py
[2024-04-30 16:38:01,564] {logging_mixin.py:104} INFO - [2024-04-30 16:38:01,564] {dag.py:1824} INFO - Sync 1 DAGs
[2024-04-30 16:38:01,589] {logging_mixin.py:104} INFO - [2024-04-30 16:38:01,589] {dag.py:2280} INFO - Setting next_dagrun for example_branch_dop_operator_v3 to 2024-04-28 00:00:00+00:00
[2024-04-30 16:38:01,600] {scheduler_job.py:190} INFO - Processing /home/airflow/.local/lib/python3.6/site-packages/airflow/example_dags/example_branch_python_dop_operator_3.py took 0.075 seconds
[2024-04-30 16:38:32,022] {scheduler_job.py:182} INFO - Started process (PID=1953) to work on /home/airflow/.local/lib/python3.6/site-packages/airflow/example_dags/example_branch_python_dop_operator_3.py
[2024-04-30 16:38:32,024] {scheduler_job.py:629} INFO - Processing file /home/airflow/.local/lib/python3.6/site-packages/airflow/example_dags/example_branch_python_dop_operator_3.py for tasks to queue
[2024-04-30 16:38:32,025] {logging_mixin.py:104} INFO - [2024-04-30 16:38:32,025] {dagbag.py:451} INFO - Filling up the DagBag from /home/airflow/.local/lib/python3.6/site-packages/airflow/example_dags/example_branch_python_dop_operator_3.py
[2024-04-30 16:38:32,038] {scheduler_job.py:639} INFO - DAG(s) dict_keys(['example_branch_dop_operator_v3']) retrieved from /home/airflow/.local/lib/python3.6/site-packages/airflow/example_dags/example_branch_python_dop_operator_3.py
[2024-04-30 16:38:32,060] {logging_mixin.py:104} INFO - [2024-04-30 16:38:32,060] {dag.py:1824} INFO - Sync 1 DAGs
[2024-04-30 16:38:32,097] {logging_mixin.py:104} INFO - [2024-04-30 16:38:32,096] {dag.py:2280} INFO - Setting next_dagrun for example_branch_dop_operator_v3 to 2024-04-28 00:00:00+00:00
[2024-04-30 16:38:32,107] {scheduler_job.py:190} INFO - Processing /home/airflow/.local/lib/python3.6/site-packages/airflow/example_dags/example_branch_python_dop_operator_3.py took 0.088 seconds
[2024-04-30 16:39:02,653] {scheduler_job.py:182} INFO - Started process (PID=1985) to work on /home/airflow/.local/lib/python3.6/site-packages/airflow/example_dags/example_branch_python_dop_operator_3.py
[2024-04-30 16:39:02,654] {scheduler_job.py:629} INFO - Processing file /home/airflow/.local/lib/python3.6/site-packages/airflow/example_dags/example_branch_python_dop_operator_3.py for tasks to queue
[2024-04-30 16:39:02,655] {logging_mixin.py:104} INFO - [2024-04-30 16:39:02,655] {dagbag.py:451} INFO - Filling up the DagBag from /home/airflow/.local/lib/python3.6/site-packages/airflow/example_dags/example_branch_python_dop_operator_3.py
[2024-04-30 16:39:02,669] {scheduler_job.py:639} INFO - DAG(s) dict_keys(['example_branch_dop_operator_v3']) retrieved from /home/airflow/.local/lib/python3.6/site-packages/airflow/example_dags/example_branch_python_dop_operator_3.py
[2024-04-30 16:39:02,689] {logging_mixin.py:104} INFO - [2024-04-30 16:39:02,689] {dag.py:1824} INFO - Sync 1 DAGs
[2024-04-30 16:39:02,715] {logging_mixin.py:104} INFO - [2024-04-30 16:39:02,715] {dag.py:2280} INFO - Setting next_dagrun for example_branch_dop_operator_v3 to 2024-04-28 00:00:00+00:00
[2024-04-30 16:39:02,725] {scheduler_job.py:190} INFO - Processing /home/airflow/.local/lib/python3.6/site-packages/airflow/example_dags/example_branch_python_dop_operator_3.py took 0.075 seconds
[2024-04-30 16:39:33,159] {scheduler_job.py:182} INFO - Started process (PID=2017) to work on /home/airflow/.local/lib/python3.6/site-packages/airflow/example_dags/example_branch_python_dop_operator_3.py
[2024-04-30 16:39:33,160] {scheduler_job.py:629} INFO - Processing file /home/airflow/.local/lib/python3.6/site-packages/airflow/example_dags/example_branch_python_dop_operator_3.py for tasks to queue
[2024-04-30 16:39:33,160] {logging_mixin.py:104} INFO - [2024-04-30 16:39:33,160] {dagbag.py:451} INFO - Filling up the DagBag from /home/airflow/.local/lib/python3.6/site-packages/airflow/example_dags/example_branch_python_dop_operator_3.py
[2024-04-30 16:39:33,171] {scheduler_job.py:639} INFO - DAG(s) dict_keys(['example_branch_dop_operator_v3']) retrieved from /home/airflow/.local/lib/python3.6/site-packages/airflow/example_dags/example_branch_python_dop_operator_3.py
[2024-04-30 16:39:33,188] {logging_mixin.py:104} INFO - [2024-04-30 16:39:33,188] {dag.py:1824} INFO - Sync 1 DAGs
[2024-04-30 16:39:33,213] {logging_mixin.py:104} INFO - [2024-04-30 16:39:33,213] {dag.py:2280} INFO - Setting next_dagrun for example_branch_dop_operator_v3 to 2024-04-28 00:00:00+00:00
[2024-04-30 16:39:33,223] {scheduler_job.py:190} INFO - Processing /home/airflow/.local/lib/python3.6/site-packages/airflow/example_dags/example_branch_python_dop_operator_3.py took 0.067 seconds
[2024-04-30 16:40:03,667] {scheduler_job.py:182} INFO - Started process (PID=2049) to work on /home/airflow/.local/lib/python3.6/site-packages/airflow/example_dags/example_branch_python_dop_operator_3.py
[2024-04-30 16:40:03,669] {scheduler_job.py:629} INFO - Processing file /home/airflow/.local/lib/python3.6/site-packages/airflow/example_dags/example_branch_python_dop_operator_3.py for tasks to queue
[2024-04-30 16:40:03,669] {logging_mixin.py:104} INFO - [2024-04-30 16:40:03,669] {dagbag.py:451} INFO - Filling up the DagBag from /home/airflow/.local/lib/python3.6/site-packages/airflow/example_dags/example_branch_python_dop_operator_3.py
[2024-04-30 16:40:03,683] {scheduler_job.py:639} INFO - DAG(s) dict_keys(['example_branch_dop_operator_v3']) retrieved from /home/airflow/.local/lib/python3.6/site-packages/airflow/example_dags/example_branch_python_dop_operator_3.py
[2024-04-30 16:40:03,701] {logging_mixin.py:104} INFO - [2024-04-30 16:40:03,701] {dag.py:1824} INFO - Sync 1 DAGs
[2024-04-30 16:40:03,725] {logging_mixin.py:104} INFO - [2024-04-30 16:40:03,725] {dag.py:2280} INFO - Setting next_dagrun for example_branch_dop_operator_v3 to 2024-04-28 00:00:00+00:00
[2024-04-30 16:40:03,736] {scheduler_job.py:190} INFO - Processing /home/airflow/.local/lib/python3.6/site-packages/airflow/example_dags/example_branch_python_dop_operator_3.py took 0.071 seconds
[2024-04-30 16:40:34,234] {scheduler_job.py:182} INFO - Started process (PID=2081) to work on /home/airflow/.local/lib/python3.6/site-packages/airflow/example_dags/example_branch_python_dop_operator_3.py
[2024-04-30 16:40:34,236] {scheduler_job.py:629} INFO - Processing file /home/airflow/.local/lib/python3.6/site-packages/airflow/example_dags/example_branch_python_dop_operator_3.py for tasks to queue
[2024-04-30 16:40:34,237] {logging_mixin.py:104} INFO - [2024-04-30 16:40:34,237] {dagbag.py:451} INFO - Filling up the DagBag from /home/airflow/.local/lib/python3.6/site-packages/airflow/example_dags/example_branch_python_dop_operator_3.py
[2024-04-30 16:40:34,251] {scheduler_job.py:639} INFO - DAG(s) dict_keys(['example_branch_dop_operator_v3']) retrieved from /home/airflow/.local/lib/python3.6/site-packages/airflow/example_dags/example_branch_python_dop_operator_3.py
[2024-04-30 16:40:34,271] {logging_mixin.py:104} INFO - [2024-04-30 16:40:34,271] {dag.py:1824} INFO - Sync 1 DAGs
[2024-04-30 16:40:34,295] {logging_mixin.py:104} INFO - [2024-04-30 16:40:34,295] {dag.py:2280} INFO - Setting next_dagrun for example_branch_dop_operator_v3 to 2024-04-28 00:00:00+00:00
[2024-04-30 16:40:34,306] {scheduler_job.py:190} INFO - Processing /home/airflow/.local/lib/python3.6/site-packages/airflow/example_dags/example_branch_python_dop_operator_3.py took 0.075 seconds
[2024-04-30 16:41:04,763] {scheduler_job.py:182} INFO - Started process (PID=2113) to work on /home/airflow/.local/lib/python3.6/site-packages/airflow/example_dags/example_branch_python_dop_operator_3.py
[2024-04-30 16:41:04,764] {scheduler_job.py:629} INFO - Processing file /home/airflow/.local/lib/python3.6/site-packages/airflow/example_dags/example_branch_python_dop_operator_3.py for tasks to queue
[2024-04-30 16:41:04,765] {logging_mixin.py:104} INFO - [2024-04-30 16:41:04,765] {dagbag.py:451} INFO - Filling up the DagBag from /home/airflow/.local/lib/python3.6/site-packages/airflow/example_dags/example_branch_python_dop_operator_3.py
[2024-04-30 16:41:04,780] {scheduler_job.py:639} INFO - DAG(s) dict_keys(['example_branch_dop_operator_v3']) retrieved from /home/airflow/.local/lib/python3.6/site-packages/airflow/example_dags/example_branch_python_dop_operator_3.py
[2024-04-30 16:41:04,800] {logging_mixin.py:104} INFO - [2024-04-30 16:41:04,800] {dag.py:1824} INFO - Sync 1 DAGs
[2024-04-30 16:41:04,826] {logging_mixin.py:104} INFO - [2024-04-30 16:41:04,825] {dag.py:2280} INFO - Setting next_dagrun for example_branch_dop_operator_v3 to 2024-04-28 00:00:00+00:00
[2024-04-30 16:41:04,837] {scheduler_job.py:190} INFO - Processing /home/airflow/.local/lib/python3.6/site-packages/airflow/example_dags/example_branch_python_dop_operator_3.py took 0.077 seconds
[2024-04-30 16:41:35,340] {scheduler_job.py:182} INFO - Started process (PID=2145) to work on /home/airflow/.local/lib/python3.6/site-packages/airflow/example_dags/example_branch_python_dop_operator_3.py
[2024-04-30 16:41:35,342] {scheduler_job.py:629} INFO - Processing file /home/airflow/.local/lib/python3.6/site-packages/airflow/example_dags/example_branch_python_dop_operator_3.py for tasks to queue
[2024-04-30 16:41:35,343] {logging_mixin.py:104} INFO - [2024-04-30 16:41:35,343] {dagbag.py:451} INFO - Filling up the DagBag from /home/airflow/.local/lib/python3.6/site-packages/airflow/example_dags/example_branch_python_dop_operator_3.py
[2024-04-30 16:41:35,357] {scheduler_job.py:639} INFO - DAG(s) dict_keys(['example_branch_dop_operator_v3']) retrieved from /home/airflow/.local/lib/python3.6/site-packages/airflow/example_dags/example_branch_python_dop_operator_3.py
[2024-04-30 16:41:35,377] {logging_mixin.py:104} INFO - [2024-04-30 16:41:35,377] {dag.py:1824} INFO - Sync 1 DAGs
[2024-04-30 16:41:35,402] {logging_mixin.py:104} INFO - [2024-04-30 16:41:35,402] {dag.py:2280} INFO - Setting next_dagrun for example_branch_dop_operator_v3 to 2024-04-28 00:00:00+00:00
[2024-04-30 16:41:35,418] {scheduler_job.py:190} INFO - Processing /home/airflow/.local/lib/python3.6/site-packages/airflow/example_dags/example_branch_python_dop_operator_3.py took 0.081 seconds
