[2024-04-30 16:09:32,432] {scheduler_job.py:182} INFO - Started process (PID=35) to work on /home/airflow/.local/lib/python3.6/site-packages/airflow/example_dags/example_latest_only.py
[2024-04-30 16:09:32,437] {scheduler_job.py:629} INFO - Processing file /home/airflow/.local/lib/python3.6/site-packages/airflow/example_dags/example_latest_only.py for tasks to queue
[2024-04-30 16:09:32,446] {logging_mixin.py:104} INFO - [2024-04-30 16:09:32,446] {dagbag.py:451} INFO - Filling up the DagBag from /home/airflow/.local/lib/python3.6/site-packages/airflow/example_dags/example_latest_only.py
[2024-04-30 16:09:32,499] {scheduler_job.py:639} INFO - DAG(s) dict_keys(['latest_only']) retrieved from /home/airflow/.local/lib/python3.6/site-packages/airflow/example_dags/example_latest_only.py
[2024-04-30 16:09:32,627] {logging_mixin.py:104} INFO - [2024-04-30 16:09:32,627] {dag.py:1824} INFO - Sync 1 DAGs
[2024-04-30 16:09:32,719] {logging_mixin.py:104} INFO - [2024-04-30 16:09:32,719] {dag.py:2280} INFO - Setting next_dagrun for latest_only to 2024-04-28 00:00:00+00:00
[2024-04-30 16:09:32,814] {scheduler_job.py:190} INFO - Processing /home/airflow/.local/lib/python3.6/site-packages/airflow/example_dags/example_latest_only.py took 0.388 seconds
[2024-04-30 16:10:03,732] {scheduler_job.py:182} INFO - Started process (PID=105) to work on /home/airflow/.local/lib/python3.6/site-packages/airflow/example_dags/example_latest_only.py
[2024-04-30 16:10:03,735] {scheduler_job.py:629} INFO - Processing file /home/airflow/.local/lib/python3.6/site-packages/airflow/example_dags/example_latest_only.py for tasks to queue
[2024-04-30 16:10:03,747] {logging_mixin.py:104} INFO - [2024-04-30 16:10:03,746] {dagbag.py:451} INFO - Filling up the DagBag from /home/airflow/.local/lib/python3.6/site-packages/airflow/example_dags/example_latest_only.py
[2024-04-30 16:10:03,899] {scheduler_job.py:639} INFO - DAG(s) dict_keys(['latest_only']) retrieved from /home/airflow/.local/lib/python3.6/site-packages/airflow/example_dags/example_latest_only.py
[2024-04-30 16:10:04,009] {logging_mixin.py:104} INFO - [2024-04-30 16:10:04,009] {dag.py:1824} INFO - Sync 1 DAGs
[2024-04-30 16:10:04,095] {logging_mixin.py:104} INFO - [2024-04-30 16:10:04,095] {dag.py:2280} INFO - Setting next_dagrun for latest_only to 2024-04-28 00:00:00+00:00
[2024-04-30 16:10:04,129] {scheduler_job.py:190} INFO - Processing /home/airflow/.local/lib/python3.6/site-packages/airflow/example_dags/example_latest_only.py took 0.442 seconds
[2024-04-30 16:10:34,789] {scheduler_job.py:182} INFO - Started process (PID=146) to work on /home/airflow/.local/lib/python3.6/site-packages/airflow/example_dags/example_latest_only.py
[2024-04-30 16:10:34,795] {scheduler_job.py:629} INFO - Processing file /home/airflow/.local/lib/python3.6/site-packages/airflow/example_dags/example_latest_only.py for tasks to queue
[2024-04-30 16:10:34,801] {logging_mixin.py:104} INFO - [2024-04-30 16:10:34,800] {dagbag.py:451} INFO - Filling up the DagBag from /home/airflow/.local/lib/python3.6/site-packages/airflow/example_dags/example_latest_only.py
[2024-04-30 16:10:34,917] {scheduler_job.py:639} INFO - DAG(s) dict_keys(['latest_only']) retrieved from /home/airflow/.local/lib/python3.6/site-packages/airflow/example_dags/example_latest_only.py
[2024-04-30 16:10:35,233] {logging_mixin.py:104} INFO - [2024-04-30 16:10:35,231] {dag.py:1824} INFO - Sync 1 DAGs
[2024-04-30 16:10:35,417] {logging_mixin.py:104} INFO - [2024-04-30 16:10:35,417] {dag.py:2280} INFO - Setting next_dagrun for latest_only to 2024-04-28 00:00:00+00:00
[2024-04-30 16:10:35,537] {scheduler_job.py:190} INFO - Processing /home/airflow/.local/lib/python3.6/site-packages/airflow/example_dags/example_latest_only.py took 0.794 seconds
[2024-04-30 16:11:08,129] {scheduler_job.py:182} INFO - Started process (PID=181) to work on /home/airflow/.local/lib/python3.6/site-packages/airflow/example_dags/example_latest_only.py
[2024-04-30 16:11:08,146] {scheduler_job.py:629} INFO - Processing file /home/airflow/.local/lib/python3.6/site-packages/airflow/example_dags/example_latest_only.py for tasks to queue
[2024-04-30 16:11:08,196] {logging_mixin.py:104} INFO - [2024-04-30 16:11:08,191] {dagbag.py:451} INFO - Filling up the DagBag from /home/airflow/.local/lib/python3.6/site-packages/airflow/example_dags/example_latest_only.py
[2024-04-30 16:11:10,272] {scheduler_job.py:639} INFO - DAG(s) dict_keys(['latest_only']) retrieved from /home/airflow/.local/lib/python3.6/site-packages/airflow/example_dags/example_latest_only.py
[2024-04-30 16:11:14,865] {logging_mixin.py:104} INFO - [2024-04-30 16:11:14,846] {dag.py:1824} INFO - Sync 1 DAGs
[2024-04-30 16:11:17,736] {logging_mixin.py:104} INFO - [2024-04-30 16:11:17,735] {dag.py:2280} INFO - Setting next_dagrun for latest_only to 2024-04-28 00:00:00+00:00
[2024-04-30 16:11:18,637] {scheduler_job.py:190} INFO - Processing /home/airflow/.local/lib/python3.6/site-packages/airflow/example_dags/example_latest_only.py took 10.880 seconds
[2024-04-30 16:11:49,114] {scheduler_job.py:182} INFO - Started process (PID=246) to work on /home/airflow/.local/lib/python3.6/site-packages/airflow/example_dags/example_latest_only.py
[2024-04-30 16:11:49,122] {scheduler_job.py:629} INFO - Processing file /home/airflow/.local/lib/python3.6/site-packages/airflow/example_dags/example_latest_only.py for tasks to queue
[2024-04-30 16:11:49,125] {logging_mixin.py:104} INFO - [2024-04-30 16:11:49,125] {dagbag.py:451} INFO - Filling up the DagBag from /home/airflow/.local/lib/python3.6/site-packages/airflow/example_dags/example_latest_only.py
[2024-04-30 16:11:49,149] {scheduler_job.py:639} INFO - DAG(s) dict_keys(['latest_only']) retrieved from /home/airflow/.local/lib/python3.6/site-packages/airflow/example_dags/example_latest_only.py
[2024-04-30 16:11:49,201] {logging_mixin.py:104} INFO - [2024-04-30 16:11:49,201] {dag.py:1824} INFO - Sync 1 DAGs
[2024-04-30 16:11:49,234] {logging_mixin.py:104} INFO - [2024-04-30 16:11:49,234] {dag.py:2280} INFO - Setting next_dagrun for latest_only to 2024-04-28 00:00:00+00:00
[2024-04-30 16:11:49,255] {scheduler_job.py:190} INFO - Processing /home/airflow/.local/lib/python3.6/site-packages/airflow/example_dags/example_latest_only.py took 0.147 seconds
[2024-04-30 16:12:19,440] {scheduler_job.py:182} INFO - Started process (PID=278) to work on /home/airflow/.local/lib/python3.6/site-packages/airflow/example_dags/example_latest_only.py
[2024-04-30 16:12:19,498] {scheduler_job.py:629} INFO - Processing file /home/airflow/.local/lib/python3.6/site-packages/airflow/example_dags/example_latest_only.py for tasks to queue
[2024-04-30 16:12:19,524] {logging_mixin.py:104} INFO - [2024-04-30 16:12:19,518] {dagbag.py:451} INFO - Filling up the DagBag from /home/airflow/.local/lib/python3.6/site-packages/airflow/example_dags/example_latest_only.py
[2024-04-30 16:12:19,971] {scheduler_job.py:639} INFO - DAG(s) dict_keys(['latest_only']) retrieved from /home/airflow/.local/lib/python3.6/site-packages/airflow/example_dags/example_latest_only.py
[2024-04-30 16:12:20,208] {logging_mixin.py:104} INFO - [2024-04-30 16:12:20,207] {dag.py:1824} INFO - Sync 1 DAGs
[2024-04-30 16:12:20,243] {logging_mixin.py:104} INFO - [2024-04-30 16:12:20,243] {dag.py:2280} INFO - Setting next_dagrun for latest_only to 2024-04-28 00:00:00+00:00
[2024-04-30 16:12:20,264] {scheduler_job.py:190} INFO - Processing /home/airflow/.local/lib/python3.6/site-packages/airflow/example_dags/example_latest_only.py took 0.908 seconds
[2024-04-30 16:12:51,220] {scheduler_job.py:182} INFO - Started process (PID=310) to work on /home/airflow/.local/lib/python3.6/site-packages/airflow/example_dags/example_latest_only.py
[2024-04-30 16:12:51,224] {scheduler_job.py:629} INFO - Processing file /home/airflow/.local/lib/python3.6/site-packages/airflow/example_dags/example_latest_only.py for tasks to queue
[2024-04-30 16:12:51,228] {logging_mixin.py:104} INFO - [2024-04-30 16:12:51,228] {dagbag.py:451} INFO - Filling up the DagBag from /home/airflow/.local/lib/python3.6/site-packages/airflow/example_dags/example_latest_only.py
[2024-04-30 16:12:51,363] {scheduler_job.py:639} INFO - DAG(s) dict_keys(['latest_only']) retrieved from /home/airflow/.local/lib/python3.6/site-packages/airflow/example_dags/example_latest_only.py
[2024-04-30 16:12:51,575] {logging_mixin.py:104} INFO - [2024-04-30 16:12:51,574] {dag.py:1824} INFO - Sync 1 DAGs
[2024-04-30 16:12:51,611] {logging_mixin.py:104} INFO - [2024-04-30 16:12:51,611] {dag.py:2280} INFO - Setting next_dagrun for latest_only to 2024-04-28 00:00:00+00:00
[2024-04-30 16:12:51,626] {scheduler_job.py:190} INFO - Processing /home/airflow/.local/lib/python3.6/site-packages/airflow/example_dags/example_latest_only.py took 0.431 seconds
[2024-04-30 16:13:21,730] {scheduler_job.py:182} INFO - Started process (PID=342) to work on /home/airflow/.local/lib/python3.6/site-packages/airflow/example_dags/example_latest_only.py
[2024-04-30 16:13:21,741] {scheduler_job.py:629} INFO - Processing file /home/airflow/.local/lib/python3.6/site-packages/airflow/example_dags/example_latest_only.py for tasks to queue
[2024-04-30 16:13:21,747] {logging_mixin.py:104} INFO - [2024-04-30 16:13:21,747] {dagbag.py:451} INFO - Filling up the DagBag from /home/airflow/.local/lib/python3.6/site-packages/airflow/example_dags/example_latest_only.py
[2024-04-30 16:13:21,842] {scheduler_job.py:639} INFO - DAG(s) dict_keys(['latest_only']) retrieved from /home/airflow/.local/lib/python3.6/site-packages/airflow/example_dags/example_latest_only.py
[2024-04-30 16:13:21,983] {logging_mixin.py:104} INFO - [2024-04-30 16:13:21,983] {dag.py:1824} INFO - Sync 1 DAGs
[2024-04-30 16:13:22,036] {logging_mixin.py:104} INFO - [2024-04-30 16:13:22,036] {dag.py:2280} INFO - Setting next_dagrun for latest_only to 2024-04-28 00:00:00+00:00
[2024-04-30 16:13:22,189] {scheduler_job.py:190} INFO - Processing /home/airflow/.local/lib/python3.6/site-packages/airflow/example_dags/example_latest_only.py took 0.469 seconds
[2024-04-30 16:13:52,878] {scheduler_job.py:182} INFO - Started process (PID=390) to work on /home/airflow/.local/lib/python3.6/site-packages/airflow/example_dags/example_latest_only.py
[2024-04-30 16:13:52,880] {scheduler_job.py:629} INFO - Processing file /home/airflow/.local/lib/python3.6/site-packages/airflow/example_dags/example_latest_only.py for tasks to queue
[2024-04-30 16:13:52,881] {logging_mixin.py:104} INFO - [2024-04-30 16:13:52,881] {dagbag.py:451} INFO - Filling up the DagBag from /home/airflow/.local/lib/python3.6/site-packages/airflow/example_dags/example_latest_only.py
[2024-04-30 16:13:52,911] {scheduler_job.py:639} INFO - DAG(s) dict_keys(['latest_only']) retrieved from /home/airflow/.local/lib/python3.6/site-packages/airflow/example_dags/example_latest_only.py
[2024-04-30 16:13:52,974] {logging_mixin.py:104} INFO - [2024-04-30 16:13:52,973] {dag.py:1824} INFO - Sync 1 DAGs
[2024-04-30 16:13:53,054] {logging_mixin.py:104} INFO - [2024-04-30 16:13:53,054] {dag.py:2280} INFO - Setting next_dagrun for latest_only to 2024-04-28 00:00:00+00:00
[2024-04-30 16:13:53,096] {scheduler_job.py:190} INFO - Processing /home/airflow/.local/lib/python3.6/site-packages/airflow/example_dags/example_latest_only.py took 0.233 seconds
[2024-04-30 16:14:23,612] {scheduler_job.py:182} INFO - Started process (PID=422) to work on /home/airflow/.local/lib/python3.6/site-packages/airflow/example_dags/example_latest_only.py
[2024-04-30 16:14:23,616] {scheduler_job.py:629} INFO - Processing file /home/airflow/.local/lib/python3.6/site-packages/airflow/example_dags/example_latest_only.py for tasks to queue
[2024-04-30 16:14:23,619] {logging_mixin.py:104} INFO - [2024-04-30 16:14:23,619] {dagbag.py:451} INFO - Filling up the DagBag from /home/airflow/.local/lib/python3.6/site-packages/airflow/example_dags/example_latest_only.py
[2024-04-30 16:14:23,662] {scheduler_job.py:639} INFO - DAG(s) dict_keys(['latest_only']) retrieved from /home/airflow/.local/lib/python3.6/site-packages/airflow/example_dags/example_latest_only.py
[2024-04-30 16:14:23,744] {logging_mixin.py:104} INFO - [2024-04-30 16:14:23,744] {dag.py:1824} INFO - Sync 1 DAGs
[2024-04-30 16:14:23,793] {logging_mixin.py:104} INFO - [2024-04-30 16:14:23,793] {dag.py:2280} INFO - Setting next_dagrun for latest_only to 2024-04-28 00:00:00+00:00
[2024-04-30 16:14:23,817] {scheduler_job.py:190} INFO - Processing /home/airflow/.local/lib/python3.6/site-packages/airflow/example_dags/example_latest_only.py took 0.216 seconds
[2024-04-30 16:14:54,753] {scheduler_job.py:182} INFO - Started process (PID=454) to work on /home/airflow/.local/lib/python3.6/site-packages/airflow/example_dags/example_latest_only.py
[2024-04-30 16:14:54,756] {scheduler_job.py:629} INFO - Processing file /home/airflow/.local/lib/python3.6/site-packages/airflow/example_dags/example_latest_only.py for tasks to queue
[2024-04-30 16:14:54,760] {logging_mixin.py:104} INFO - [2024-04-30 16:14:54,759] {dagbag.py:451} INFO - Filling up the DagBag from /home/airflow/.local/lib/python3.6/site-packages/airflow/example_dags/example_latest_only.py
[2024-04-30 16:14:54,815] {scheduler_job.py:639} INFO - DAG(s) dict_keys(['latest_only']) retrieved from /home/airflow/.local/lib/python3.6/site-packages/airflow/example_dags/example_latest_only.py
[2024-04-30 16:14:54,866] {logging_mixin.py:104} INFO - [2024-04-30 16:14:54,866] {dag.py:1824} INFO - Sync 1 DAGs
[2024-04-30 16:14:54,906] {logging_mixin.py:104} INFO - [2024-04-30 16:14:54,906] {dag.py:2280} INFO - Setting next_dagrun for latest_only to 2024-04-28 00:00:00+00:00
[2024-04-30 16:14:54,916] {scheduler_job.py:190} INFO - Processing /home/airflow/.local/lib/python3.6/site-packages/airflow/example_dags/example_latest_only.py took 0.202 seconds
[2024-04-30 16:15:25,891] {scheduler_job.py:182} INFO - Started process (PID=486) to work on /home/airflow/.local/lib/python3.6/site-packages/airflow/example_dags/example_latest_only.py
[2024-04-30 16:15:25,893] {scheduler_job.py:629} INFO - Processing file /home/airflow/.local/lib/python3.6/site-packages/airflow/example_dags/example_latest_only.py for tasks to queue
[2024-04-30 16:15:25,896] {logging_mixin.py:104} INFO - [2024-04-30 16:15:25,895] {dagbag.py:451} INFO - Filling up the DagBag from /home/airflow/.local/lib/python3.6/site-packages/airflow/example_dags/example_latest_only.py
[2024-04-30 16:15:25,929] {scheduler_job.py:639} INFO - DAG(s) dict_keys(['latest_only']) retrieved from /home/airflow/.local/lib/python3.6/site-packages/airflow/example_dags/example_latest_only.py
[2024-04-30 16:15:25,990] {logging_mixin.py:104} INFO - [2024-04-30 16:15:25,990] {dag.py:1824} INFO - Sync 1 DAGs
[2024-04-30 16:15:26,026] {logging_mixin.py:104} INFO - [2024-04-30 16:15:26,026] {dag.py:2280} INFO - Setting next_dagrun for latest_only to 2024-04-28 00:00:00+00:00
[2024-04-30 16:15:26,040] {scheduler_job.py:190} INFO - Processing /home/airflow/.local/lib/python3.6/site-packages/airflow/example_dags/example_latest_only.py took 0.160 seconds
[2024-04-30 16:15:56,431] {scheduler_job.py:182} INFO - Started process (PID=518) to work on /home/airflow/.local/lib/python3.6/site-packages/airflow/example_dags/example_latest_only.py
[2024-04-30 16:15:56,434] {scheduler_job.py:629} INFO - Processing file /home/airflow/.local/lib/python3.6/site-packages/airflow/example_dags/example_latest_only.py for tasks to queue
[2024-04-30 16:15:56,437] {logging_mixin.py:104} INFO - [2024-04-30 16:15:56,437] {dagbag.py:451} INFO - Filling up the DagBag from /home/airflow/.local/lib/python3.6/site-packages/airflow/example_dags/example_latest_only.py
[2024-04-30 16:15:56,472] {scheduler_job.py:639} INFO - DAG(s) dict_keys(['latest_only']) retrieved from /home/airflow/.local/lib/python3.6/site-packages/airflow/example_dags/example_latest_only.py
[2024-04-30 16:15:56,548] {logging_mixin.py:104} INFO - [2024-04-30 16:15:56,548] {dag.py:1824} INFO - Sync 1 DAGs
[2024-04-30 16:15:56,597] {logging_mixin.py:104} INFO - [2024-04-30 16:15:56,597] {dag.py:2280} INFO - Setting next_dagrun for latest_only to 2024-04-28 00:00:00+00:00
[2024-04-30 16:15:56,606] {scheduler_job.py:190} INFO - Processing /home/airflow/.local/lib/python3.6/site-packages/airflow/example_dags/example_latest_only.py took 0.193 seconds
[2024-04-30 16:16:27,391] {scheduler_job.py:182} INFO - Started process (PID=550) to work on /home/airflow/.local/lib/python3.6/site-packages/airflow/example_dags/example_latest_only.py
[2024-04-30 16:16:27,442] {scheduler_job.py:629} INFO - Processing file /home/airflow/.local/lib/python3.6/site-packages/airflow/example_dags/example_latest_only.py for tasks to queue
[2024-04-30 16:16:27,477] {logging_mixin.py:104} INFO - [2024-04-30 16:16:27,475] {dagbag.py:451} INFO - Filling up the DagBag from /home/airflow/.local/lib/python3.6/site-packages/airflow/example_dags/example_latest_only.py
[2024-04-30 16:16:27,649] {scheduler_job.py:639} INFO - DAG(s) dict_keys(['latest_only']) retrieved from /home/airflow/.local/lib/python3.6/site-packages/airflow/example_dags/example_latest_only.py
[2024-04-30 16:16:27,768] {logging_mixin.py:104} INFO - [2024-04-30 16:16:27,767] {dag.py:1824} INFO - Sync 1 DAGs
[2024-04-30 16:16:27,847] {logging_mixin.py:104} INFO - [2024-04-30 16:16:27,847] {dag.py:2280} INFO - Setting next_dagrun for latest_only to 2024-04-28 00:00:00+00:00
[2024-04-30 16:16:27,895] {scheduler_job.py:190} INFO - Processing /home/airflow/.local/lib/python3.6/site-packages/airflow/example_dags/example_latest_only.py took 0.876 seconds
[2024-04-30 16:16:58,516] {scheduler_job.py:182} INFO - Started process (PID=583) to work on /home/airflow/.local/lib/python3.6/site-packages/airflow/example_dags/example_latest_only.py
[2024-04-30 16:16:58,519] {scheduler_job.py:629} INFO - Processing file /home/airflow/.local/lib/python3.6/site-packages/airflow/example_dags/example_latest_only.py for tasks to queue
[2024-04-30 16:16:58,520] {logging_mixin.py:104} INFO - [2024-04-30 16:16:58,520] {dagbag.py:451} INFO - Filling up the DagBag from /home/airflow/.local/lib/python3.6/site-packages/airflow/example_dags/example_latest_only.py
[2024-04-30 16:16:58,540] {scheduler_job.py:639} INFO - DAG(s) dict_keys(['latest_only']) retrieved from /home/airflow/.local/lib/python3.6/site-packages/airflow/example_dags/example_latest_only.py
[2024-04-30 16:16:58,571] {logging_mixin.py:104} INFO - [2024-04-30 16:16:58,570] {dag.py:1824} INFO - Sync 1 DAGs
[2024-04-30 16:16:58,596] {logging_mixin.py:104} INFO - [2024-04-30 16:16:58,596] {dag.py:2280} INFO - Setting next_dagrun for latest_only to 2024-04-28 00:00:00+00:00
[2024-04-30 16:16:58,630] {scheduler_job.py:190} INFO - Processing /home/airflow/.local/lib/python3.6/site-packages/airflow/example_dags/example_latest_only.py took 0.120 seconds
[2024-04-30 16:17:29,422] {scheduler_job.py:182} INFO - Started process (PID=615) to work on /home/airflow/.local/lib/python3.6/site-packages/airflow/example_dags/example_latest_only.py
[2024-04-30 16:17:29,423] {scheduler_job.py:629} INFO - Processing file /home/airflow/.local/lib/python3.6/site-packages/airflow/example_dags/example_latest_only.py for tasks to queue
[2024-04-30 16:17:29,424] {logging_mixin.py:104} INFO - [2024-04-30 16:17:29,424] {dagbag.py:451} INFO - Filling up the DagBag from /home/airflow/.local/lib/python3.6/site-packages/airflow/example_dags/example_latest_only.py
[2024-04-30 16:17:29,436] {scheduler_job.py:639} INFO - DAG(s) dict_keys(['latest_only']) retrieved from /home/airflow/.local/lib/python3.6/site-packages/airflow/example_dags/example_latest_only.py
[2024-04-30 16:17:29,459] {logging_mixin.py:104} INFO - [2024-04-30 16:17:29,459] {dag.py:1824} INFO - Sync 1 DAGs
[2024-04-30 16:17:29,474] {logging_mixin.py:104} INFO - [2024-04-30 16:17:29,474] {dag.py:2280} INFO - Setting next_dagrun for latest_only to 2024-04-28 00:00:00+00:00
[2024-04-30 16:17:29,485] {scheduler_job.py:190} INFO - Processing /home/airflow/.local/lib/python3.6/site-packages/airflow/example_dags/example_latest_only.py took 0.067 seconds
[2024-04-30 16:18:00,417] {scheduler_job.py:182} INFO - Started process (PID=647) to work on /home/airflow/.local/lib/python3.6/site-packages/airflow/example_dags/example_latest_only.py
[2024-04-30 16:18:00,418] {scheduler_job.py:629} INFO - Processing file /home/airflow/.local/lib/python3.6/site-packages/airflow/example_dags/example_latest_only.py for tasks to queue
[2024-04-30 16:18:00,419] {logging_mixin.py:104} INFO - [2024-04-30 16:18:00,419] {dagbag.py:451} INFO - Filling up the DagBag from /home/airflow/.local/lib/python3.6/site-packages/airflow/example_dags/example_latest_only.py
[2024-04-30 16:18:00,429] {scheduler_job.py:639} INFO - DAG(s) dict_keys(['latest_only']) retrieved from /home/airflow/.local/lib/python3.6/site-packages/airflow/example_dags/example_latest_only.py
[2024-04-30 16:18:00,450] {logging_mixin.py:104} INFO - [2024-04-30 16:18:00,449] {dag.py:1824} INFO - Sync 1 DAGs
[2024-04-30 16:18:00,468] {logging_mixin.py:104} INFO - [2024-04-30 16:18:00,468] {dag.py:2280} INFO - Setting next_dagrun for latest_only to 2024-04-28 00:00:00+00:00
[2024-04-30 16:18:00,480] {scheduler_job.py:190} INFO - Processing /home/airflow/.local/lib/python3.6/site-packages/airflow/example_dags/example_latest_only.py took 0.066 seconds
[2024-04-30 16:18:30,803] {scheduler_job.py:182} INFO - Started process (PID=679) to work on /home/airflow/.local/lib/python3.6/site-packages/airflow/example_dags/example_latest_only.py
[2024-04-30 16:18:30,804] {scheduler_job.py:629} INFO - Processing file /home/airflow/.local/lib/python3.6/site-packages/airflow/example_dags/example_latest_only.py for tasks to queue
[2024-04-30 16:18:30,805] {logging_mixin.py:104} INFO - [2024-04-30 16:18:30,805] {dagbag.py:451} INFO - Filling up the DagBag from /home/airflow/.local/lib/python3.6/site-packages/airflow/example_dags/example_latest_only.py
[2024-04-30 16:18:30,817] {scheduler_job.py:639} INFO - DAG(s) dict_keys(['latest_only']) retrieved from /home/airflow/.local/lib/python3.6/site-packages/airflow/example_dags/example_latest_only.py
[2024-04-30 16:18:30,835] {logging_mixin.py:104} INFO - [2024-04-30 16:18:30,834] {dag.py:1824} INFO - Sync 1 DAGs
[2024-04-30 16:18:30,848] {logging_mixin.py:104} INFO - [2024-04-30 16:18:30,848] {dag.py:2280} INFO - Setting next_dagrun for latest_only to 2024-04-28 00:00:00+00:00
[2024-04-30 16:18:30,859] {scheduler_job.py:190} INFO - Processing /home/airflow/.local/lib/python3.6/site-packages/airflow/example_dags/example_latest_only.py took 0.060 seconds
[2024-04-30 16:19:01,228] {scheduler_job.py:182} INFO - Started process (PID=711) to work on /home/airflow/.local/lib/python3.6/site-packages/airflow/example_dags/example_latest_only.py
[2024-04-30 16:19:01,229] {scheduler_job.py:629} INFO - Processing file /home/airflow/.local/lib/python3.6/site-packages/airflow/example_dags/example_latest_only.py for tasks to queue
[2024-04-30 16:19:01,230] {logging_mixin.py:104} INFO - [2024-04-30 16:19:01,230] {dagbag.py:451} INFO - Filling up the DagBag from /home/airflow/.local/lib/python3.6/site-packages/airflow/example_dags/example_latest_only.py
[2024-04-30 16:19:01,240] {scheduler_job.py:639} INFO - DAG(s) dict_keys(['latest_only']) retrieved from /home/airflow/.local/lib/python3.6/site-packages/airflow/example_dags/example_latest_only.py
[2024-04-30 16:19:01,263] {logging_mixin.py:104} INFO - [2024-04-30 16:19:01,263] {dag.py:1824} INFO - Sync 1 DAGs
[2024-04-30 16:19:01,278] {logging_mixin.py:104} INFO - [2024-04-30 16:19:01,277] {dag.py:2280} INFO - Setting next_dagrun for latest_only to 2024-04-28 00:00:00+00:00
[2024-04-30 16:19:01,288] {scheduler_job.py:190} INFO - Processing /home/airflow/.local/lib/python3.6/site-packages/airflow/example_dags/example_latest_only.py took 0.064 seconds
[2024-04-30 16:19:31,754] {scheduler_job.py:182} INFO - Started process (PID=743) to work on /home/airflow/.local/lib/python3.6/site-packages/airflow/example_dags/example_latest_only.py
[2024-04-30 16:19:31,756] {scheduler_job.py:629} INFO - Processing file /home/airflow/.local/lib/python3.6/site-packages/airflow/example_dags/example_latest_only.py for tasks to queue
[2024-04-30 16:19:31,757] {logging_mixin.py:104} INFO - [2024-04-30 16:19:31,756] {dagbag.py:451} INFO - Filling up the DagBag from /home/airflow/.local/lib/python3.6/site-packages/airflow/example_dags/example_latest_only.py
[2024-04-30 16:19:31,767] {scheduler_job.py:639} INFO - DAG(s) dict_keys(['latest_only']) retrieved from /home/airflow/.local/lib/python3.6/site-packages/airflow/example_dags/example_latest_only.py
[2024-04-30 16:19:31,788] {logging_mixin.py:104} INFO - [2024-04-30 16:19:31,788] {dag.py:1824} INFO - Sync 1 DAGs
[2024-04-30 16:19:31,804] {logging_mixin.py:104} INFO - [2024-04-30 16:19:31,804] {dag.py:2280} INFO - Setting next_dagrun for latest_only to 2024-04-28 00:00:00+00:00
[2024-04-30 16:19:31,816] {scheduler_job.py:190} INFO - Processing /home/airflow/.local/lib/python3.6/site-packages/airflow/example_dags/example_latest_only.py took 0.066 seconds
[2024-04-30 16:20:02,166] {scheduler_job.py:182} INFO - Started process (PID=775) to work on /home/airflow/.local/lib/python3.6/site-packages/airflow/example_dags/example_latest_only.py
[2024-04-30 16:20:02,167] {scheduler_job.py:629} INFO - Processing file /home/airflow/.local/lib/python3.6/site-packages/airflow/example_dags/example_latest_only.py for tasks to queue
[2024-04-30 16:20:02,168] {logging_mixin.py:104} INFO - [2024-04-30 16:20:02,168] {dagbag.py:451} INFO - Filling up the DagBag from /home/airflow/.local/lib/python3.6/site-packages/airflow/example_dags/example_latest_only.py
[2024-04-30 16:20:02,178] {scheduler_job.py:639} INFO - DAG(s) dict_keys(['latest_only']) retrieved from /home/airflow/.local/lib/python3.6/site-packages/airflow/example_dags/example_latest_only.py
[2024-04-30 16:20:02,197] {logging_mixin.py:104} INFO - [2024-04-30 16:20:02,197] {dag.py:1824} INFO - Sync 1 DAGs
[2024-04-30 16:20:02,212] {logging_mixin.py:104} INFO - [2024-04-30 16:20:02,212] {dag.py:2280} INFO - Setting next_dagrun for latest_only to 2024-04-28 00:00:00+00:00
[2024-04-30 16:20:02,222] {scheduler_job.py:190} INFO - Processing /home/airflow/.local/lib/python3.6/site-packages/airflow/example_dags/example_latest_only.py took 0.060 seconds
[2024-04-30 16:20:32,685] {scheduler_job.py:182} INFO - Started process (PID=807) to work on /home/airflow/.local/lib/python3.6/site-packages/airflow/example_dags/example_latest_only.py
[2024-04-30 16:20:32,686] {scheduler_job.py:629} INFO - Processing file /home/airflow/.local/lib/python3.6/site-packages/airflow/example_dags/example_latest_only.py for tasks to queue
[2024-04-30 16:20:32,687] {logging_mixin.py:104} INFO - [2024-04-30 16:20:32,687] {dagbag.py:451} INFO - Filling up the DagBag from /home/airflow/.local/lib/python3.6/site-packages/airflow/example_dags/example_latest_only.py
[2024-04-30 16:20:32,696] {scheduler_job.py:639} INFO - DAG(s) dict_keys(['latest_only']) retrieved from /home/airflow/.local/lib/python3.6/site-packages/airflow/example_dags/example_latest_only.py
[2024-04-30 16:20:32,715] {logging_mixin.py:104} INFO - [2024-04-30 16:20:32,715] {dag.py:1824} INFO - Sync 1 DAGs
[2024-04-30 16:20:32,730] {logging_mixin.py:104} INFO - [2024-04-30 16:20:32,730] {dag.py:2280} INFO - Setting next_dagrun for latest_only to 2024-04-28 00:00:00+00:00
[2024-04-30 16:20:32,748] {scheduler_job.py:190} INFO - Processing /home/airflow/.local/lib/python3.6/site-packages/airflow/example_dags/example_latest_only.py took 0.066 seconds
[2024-04-30 16:21:03,095] {scheduler_job.py:182} INFO - Started process (PID=839) to work on /home/airflow/.local/lib/python3.6/site-packages/airflow/example_dags/example_latest_only.py
[2024-04-30 16:21:03,097] {scheduler_job.py:629} INFO - Processing file /home/airflow/.local/lib/python3.6/site-packages/airflow/example_dags/example_latest_only.py for tasks to queue
[2024-04-30 16:21:03,098] {logging_mixin.py:104} INFO - [2024-04-30 16:21:03,098] {dagbag.py:451} INFO - Filling up the DagBag from /home/airflow/.local/lib/python3.6/site-packages/airflow/example_dags/example_latest_only.py
[2024-04-30 16:21:03,107] {scheduler_job.py:639} INFO - DAG(s) dict_keys(['latest_only']) retrieved from /home/airflow/.local/lib/python3.6/site-packages/airflow/example_dags/example_latest_only.py
[2024-04-30 16:21:03,128] {logging_mixin.py:104} INFO - [2024-04-30 16:21:03,128] {dag.py:1824} INFO - Sync 1 DAGs
[2024-04-30 16:21:03,145] {logging_mixin.py:104} INFO - [2024-04-30 16:21:03,145] {dag.py:2280} INFO - Setting next_dagrun for latest_only to 2024-04-28 00:00:00+00:00
[2024-04-30 16:21:03,155] {scheduler_job.py:190} INFO - Processing /home/airflow/.local/lib/python3.6/site-packages/airflow/example_dags/example_latest_only.py took 0.063 seconds
[2024-04-30 16:21:33,601] {scheduler_job.py:182} INFO - Started process (PID=871) to work on /home/airflow/.local/lib/python3.6/site-packages/airflow/example_dags/example_latest_only.py
[2024-04-30 16:21:33,603] {scheduler_job.py:629} INFO - Processing file /home/airflow/.local/lib/python3.6/site-packages/airflow/example_dags/example_latest_only.py for tasks to queue
[2024-04-30 16:21:33,604] {logging_mixin.py:104} INFO - [2024-04-30 16:21:33,604] {dagbag.py:451} INFO - Filling up the DagBag from /home/airflow/.local/lib/python3.6/site-packages/airflow/example_dags/example_latest_only.py
[2024-04-30 16:21:33,614] {scheduler_job.py:639} INFO - DAG(s) dict_keys(['latest_only']) retrieved from /home/airflow/.local/lib/python3.6/site-packages/airflow/example_dags/example_latest_only.py
[2024-04-30 16:21:33,635] {logging_mixin.py:104} INFO - [2024-04-30 16:21:33,635] {dag.py:1824} INFO - Sync 1 DAGs
[2024-04-30 16:21:33,651] {logging_mixin.py:104} INFO - [2024-04-30 16:21:33,650] {dag.py:2280} INFO - Setting next_dagrun for latest_only to 2024-04-28 00:00:00+00:00
[2024-04-30 16:21:33,662] {scheduler_job.py:190} INFO - Processing /home/airflow/.local/lib/python3.6/site-packages/airflow/example_dags/example_latest_only.py took 0.064 seconds
[2024-04-30 16:22:04,171] {scheduler_job.py:182} INFO - Started process (PID=903) to work on /home/airflow/.local/lib/python3.6/site-packages/airflow/example_dags/example_latest_only.py
[2024-04-30 16:22:04,173] {scheduler_job.py:629} INFO - Processing file /home/airflow/.local/lib/python3.6/site-packages/airflow/example_dags/example_latest_only.py for tasks to queue
[2024-04-30 16:22:04,173] {logging_mixin.py:104} INFO - [2024-04-30 16:22:04,173] {dagbag.py:451} INFO - Filling up the DagBag from /home/airflow/.local/lib/python3.6/site-packages/airflow/example_dags/example_latest_only.py
[2024-04-30 16:22:04,186] {scheduler_job.py:639} INFO - DAG(s) dict_keys(['latest_only']) retrieved from /home/airflow/.local/lib/python3.6/site-packages/airflow/example_dags/example_latest_only.py
[2024-04-30 16:22:04,206] {logging_mixin.py:104} INFO - [2024-04-30 16:22:04,206] {dag.py:1824} INFO - Sync 1 DAGs
[2024-04-30 16:22:04,220] {logging_mixin.py:104} INFO - [2024-04-30 16:22:04,220] {dag.py:2280} INFO - Setting next_dagrun for latest_only to 2024-04-28 00:00:00+00:00
[2024-04-30 16:22:04,229] {scheduler_job.py:190} INFO - Processing /home/airflow/.local/lib/python3.6/site-packages/airflow/example_dags/example_latest_only.py took 0.061 seconds
[2024-04-30 16:22:34,744] {scheduler_job.py:182} INFO - Started process (PID=935) to work on /home/airflow/.local/lib/python3.6/site-packages/airflow/example_dags/example_latest_only.py
[2024-04-30 16:22:34,746] {scheduler_job.py:629} INFO - Processing file /home/airflow/.local/lib/python3.6/site-packages/airflow/example_dags/example_latest_only.py for tasks to queue
[2024-04-30 16:22:34,746] {logging_mixin.py:104} INFO - [2024-04-30 16:22:34,746] {dagbag.py:451} INFO - Filling up the DagBag from /home/airflow/.local/lib/python3.6/site-packages/airflow/example_dags/example_latest_only.py
[2024-04-30 16:22:34,757] {scheduler_job.py:639} INFO - DAG(s) dict_keys(['latest_only']) retrieved from /home/airflow/.local/lib/python3.6/site-packages/airflow/example_dags/example_latest_only.py
[2024-04-30 16:22:34,784] {logging_mixin.py:104} INFO - [2024-04-30 16:22:34,784] {dag.py:1824} INFO - Sync 1 DAGs
[2024-04-30 16:22:34,800] {logging_mixin.py:104} INFO - [2024-04-30 16:22:34,800] {dag.py:2280} INFO - Setting next_dagrun for latest_only to 2024-04-28 00:00:00+00:00
[2024-04-30 16:22:34,819] {scheduler_job.py:190} INFO - Processing /home/airflow/.local/lib/python3.6/site-packages/airflow/example_dags/example_latest_only.py took 0.079 seconds
[2024-04-30 16:23:05,515] {scheduler_job.py:182} INFO - Started process (PID=967) to work on /home/airflow/.local/lib/python3.6/site-packages/airflow/example_dags/example_latest_only.py
[2024-04-30 16:23:05,517] {scheduler_job.py:629} INFO - Processing file /home/airflow/.local/lib/python3.6/site-packages/airflow/example_dags/example_latest_only.py for tasks to queue
[2024-04-30 16:23:05,518] {logging_mixin.py:104} INFO - [2024-04-30 16:23:05,518] {dagbag.py:451} INFO - Filling up the DagBag from /home/airflow/.local/lib/python3.6/site-packages/airflow/example_dags/example_latest_only.py
[2024-04-30 16:23:05,533] {scheduler_job.py:639} INFO - DAG(s) dict_keys(['latest_only']) retrieved from /home/airflow/.local/lib/python3.6/site-packages/airflow/example_dags/example_latest_only.py
[2024-04-30 16:23:05,557] {logging_mixin.py:104} INFO - [2024-04-30 16:23:05,557] {dag.py:1824} INFO - Sync 1 DAGs
[2024-04-30 16:23:05,576] {logging_mixin.py:104} INFO - [2024-04-30 16:23:05,576] {dag.py:2280} INFO - Setting next_dagrun for latest_only to 2024-04-28 00:00:00+00:00
[2024-04-30 16:23:05,587] {scheduler_job.py:190} INFO - Processing /home/airflow/.local/lib/python3.6/site-packages/airflow/example_dags/example_latest_only.py took 0.074 seconds
[2024-04-30 16:23:35,953] {scheduler_job.py:182} INFO - Started process (PID=999) to work on /home/airflow/.local/lib/python3.6/site-packages/airflow/example_dags/example_latest_only.py
[2024-04-30 16:23:35,955] {scheduler_job.py:629} INFO - Processing file /home/airflow/.local/lib/python3.6/site-packages/airflow/example_dags/example_latest_only.py for tasks to queue
[2024-04-30 16:23:35,956] {logging_mixin.py:104} INFO - [2024-04-30 16:23:35,955] {dagbag.py:451} INFO - Filling up the DagBag from /home/airflow/.local/lib/python3.6/site-packages/airflow/example_dags/example_latest_only.py
[2024-04-30 16:23:35,966] {scheduler_job.py:639} INFO - DAG(s) dict_keys(['latest_only']) retrieved from /home/airflow/.local/lib/python3.6/site-packages/airflow/example_dags/example_latest_only.py
[2024-04-30 16:23:35,998] {logging_mixin.py:104} INFO - [2024-04-30 16:23:35,998] {dag.py:1824} INFO - Sync 1 DAGs
[2024-04-30 16:23:36,017] {logging_mixin.py:104} INFO - [2024-04-30 16:23:36,017] {dag.py:2280} INFO - Setting next_dagrun for latest_only to 2024-04-28 00:00:00+00:00
[2024-04-30 16:23:36,029] {scheduler_job.py:190} INFO - Processing /home/airflow/.local/lib/python3.6/site-packages/airflow/example_dags/example_latest_only.py took 0.081 seconds
[2024-04-30 16:24:06,500] {scheduler_job.py:182} INFO - Started process (PID=1031) to work on /home/airflow/.local/lib/python3.6/site-packages/airflow/example_dags/example_latest_only.py
[2024-04-30 16:24:06,501] {scheduler_job.py:629} INFO - Processing file /home/airflow/.local/lib/python3.6/site-packages/airflow/example_dags/example_latest_only.py for tasks to queue
[2024-04-30 16:24:06,502] {logging_mixin.py:104} INFO - [2024-04-30 16:24:06,502] {dagbag.py:451} INFO - Filling up the DagBag from /home/airflow/.local/lib/python3.6/site-packages/airflow/example_dags/example_latest_only.py
[2024-04-30 16:24:06,513] {scheduler_job.py:639} INFO - DAG(s) dict_keys(['latest_only']) retrieved from /home/airflow/.local/lib/python3.6/site-packages/airflow/example_dags/example_latest_only.py
[2024-04-30 16:24:06,536] {logging_mixin.py:104} INFO - [2024-04-30 16:24:06,536] {dag.py:1824} INFO - Sync 1 DAGs
[2024-04-30 16:24:06,554] {logging_mixin.py:104} INFO - [2024-04-30 16:24:06,554] {dag.py:2280} INFO - Setting next_dagrun for latest_only to 2024-04-28 00:00:00+00:00
[2024-04-30 16:24:06,566] {scheduler_job.py:190} INFO - Processing /home/airflow/.local/lib/python3.6/site-packages/airflow/example_dags/example_latest_only.py took 0.070 seconds
[2024-04-30 16:24:37,046] {scheduler_job.py:182} INFO - Started process (PID=1063) to work on /home/airflow/.local/lib/python3.6/site-packages/airflow/example_dags/example_latest_only.py
[2024-04-30 16:24:37,048] {scheduler_job.py:629} INFO - Processing file /home/airflow/.local/lib/python3.6/site-packages/airflow/example_dags/example_latest_only.py for tasks to queue
[2024-04-30 16:24:37,049] {logging_mixin.py:104} INFO - [2024-04-30 16:24:37,048] {dagbag.py:451} INFO - Filling up the DagBag from /home/airflow/.local/lib/python3.6/site-packages/airflow/example_dags/example_latest_only.py
[2024-04-30 16:24:37,061] {scheduler_job.py:639} INFO - DAG(s) dict_keys(['latest_only']) retrieved from /home/airflow/.local/lib/python3.6/site-packages/airflow/example_dags/example_latest_only.py
[2024-04-30 16:24:37,082] {logging_mixin.py:104} INFO - [2024-04-30 16:24:37,081] {dag.py:1824} INFO - Sync 1 DAGs
[2024-04-30 16:24:37,102] {logging_mixin.py:104} INFO - [2024-04-30 16:24:37,102] {dag.py:2280} INFO - Setting next_dagrun for latest_only to 2024-04-28 00:00:00+00:00
[2024-04-30 16:24:37,114] {scheduler_job.py:190} INFO - Processing /home/airflow/.local/lib/python3.6/site-packages/airflow/example_dags/example_latest_only.py took 0.071 seconds
[2024-04-30 16:25:07,701] {scheduler_job.py:182} INFO - Started process (PID=1095) to work on /home/airflow/.local/lib/python3.6/site-packages/airflow/example_dags/example_latest_only.py
[2024-04-30 16:25:07,703] {scheduler_job.py:629} INFO - Processing file /home/airflow/.local/lib/python3.6/site-packages/airflow/example_dags/example_latest_only.py for tasks to queue
[2024-04-30 16:25:07,705] {logging_mixin.py:104} INFO - [2024-04-30 16:25:07,704] {dagbag.py:451} INFO - Filling up the DagBag from /home/airflow/.local/lib/python3.6/site-packages/airflow/example_dags/example_latest_only.py
[2024-04-30 16:25:07,732] {scheduler_job.py:639} INFO - DAG(s) dict_keys(['latest_only']) retrieved from /home/airflow/.local/lib/python3.6/site-packages/airflow/example_dags/example_latest_only.py
[2024-04-30 16:25:07,763] {logging_mixin.py:104} INFO - [2024-04-30 16:25:07,763] {dag.py:1824} INFO - Sync 1 DAGs
[2024-04-30 16:25:07,790] {logging_mixin.py:104} INFO - [2024-04-30 16:25:07,790] {dag.py:2280} INFO - Setting next_dagrun for latest_only to 2024-04-28 00:00:00+00:00
[2024-04-30 16:25:07,804] {scheduler_job.py:190} INFO - Processing /home/airflow/.local/lib/python3.6/site-packages/airflow/example_dags/example_latest_only.py took 0.120 seconds
[2024-04-30 16:25:38,432] {scheduler_job.py:182} INFO - Started process (PID=1127) to work on /home/airflow/.local/lib/python3.6/site-packages/airflow/example_dags/example_latest_only.py
[2024-04-30 16:25:38,433] {scheduler_job.py:629} INFO - Processing file /home/airflow/.local/lib/python3.6/site-packages/airflow/example_dags/example_latest_only.py for tasks to queue
[2024-04-30 16:25:38,434] {logging_mixin.py:104} INFO - [2024-04-30 16:25:38,434] {dagbag.py:451} INFO - Filling up the DagBag from /home/airflow/.local/lib/python3.6/site-packages/airflow/example_dags/example_latest_only.py
[2024-04-30 16:25:38,446] {scheduler_job.py:639} INFO - DAG(s) dict_keys(['latest_only']) retrieved from /home/airflow/.local/lib/python3.6/site-packages/airflow/example_dags/example_latest_only.py
[2024-04-30 16:25:38,468] {logging_mixin.py:104} INFO - [2024-04-30 16:25:38,468] {dag.py:1824} INFO - Sync 1 DAGs
[2024-04-30 16:25:38,483] {logging_mixin.py:104} INFO - [2024-04-30 16:25:38,483] {dag.py:2280} INFO - Setting next_dagrun for latest_only to 2024-04-28 00:00:00+00:00
[2024-04-30 16:25:38,499] {scheduler_job.py:190} INFO - Processing /home/airflow/.local/lib/python3.6/site-packages/airflow/example_dags/example_latest_only.py took 0.070 seconds
[2024-04-30 16:26:08,983] {scheduler_job.py:182} INFO - Started process (PID=1159) to work on /home/airflow/.local/lib/python3.6/site-packages/airflow/example_dags/example_latest_only.py
[2024-04-30 16:26:08,984] {scheduler_job.py:629} INFO - Processing file /home/airflow/.local/lib/python3.6/site-packages/airflow/example_dags/example_latest_only.py for tasks to queue
[2024-04-30 16:26:08,985] {logging_mixin.py:104} INFO - [2024-04-30 16:26:08,985] {dagbag.py:451} INFO - Filling up the DagBag from /home/airflow/.local/lib/python3.6/site-packages/airflow/example_dags/example_latest_only.py
[2024-04-30 16:26:08,997] {scheduler_job.py:639} INFO - DAG(s) dict_keys(['latest_only']) retrieved from /home/airflow/.local/lib/python3.6/site-packages/airflow/example_dags/example_latest_only.py
[2024-04-30 16:26:09,017] {logging_mixin.py:104} INFO - [2024-04-30 16:26:09,017] {dag.py:1824} INFO - Sync 1 DAGs
[2024-04-30 16:26:09,033] {logging_mixin.py:104} INFO - [2024-04-30 16:26:09,033] {dag.py:2280} INFO - Setting next_dagrun for latest_only to 2024-04-28 00:00:00+00:00
[2024-04-30 16:26:09,045] {scheduler_job.py:190} INFO - Processing /home/airflow/.local/lib/python3.6/site-packages/airflow/example_dags/example_latest_only.py took 0.064 seconds
[2024-04-30 16:26:39,308] {scheduler_job.py:182} INFO - Started process (PID=1191) to work on /home/airflow/.local/lib/python3.6/site-packages/airflow/example_dags/example_latest_only.py
[2024-04-30 16:26:39,311] {scheduler_job.py:629} INFO - Processing file /home/airflow/.local/lib/python3.6/site-packages/airflow/example_dags/example_latest_only.py for tasks to queue
[2024-04-30 16:26:39,312] {logging_mixin.py:104} INFO - [2024-04-30 16:26:39,312] {dagbag.py:451} INFO - Filling up the DagBag from /home/airflow/.local/lib/python3.6/site-packages/airflow/example_dags/example_latest_only.py
[2024-04-30 16:26:39,321] {scheduler_job.py:639} INFO - DAG(s) dict_keys(['latest_only']) retrieved from /home/airflow/.local/lib/python3.6/site-packages/airflow/example_dags/example_latest_only.py
[2024-04-30 16:26:39,338] {logging_mixin.py:104} INFO - [2024-04-30 16:26:39,338] {dag.py:1824} INFO - Sync 1 DAGs
[2024-04-30 16:26:39,353] {logging_mixin.py:104} INFO - [2024-04-30 16:26:39,353] {dag.py:2280} INFO - Setting next_dagrun for latest_only to 2024-04-28 00:00:00+00:00
[2024-04-30 16:26:39,363] {scheduler_job.py:190} INFO - Processing /home/airflow/.local/lib/python3.6/site-packages/airflow/example_dags/example_latest_only.py took 0.058 seconds
[2024-04-30 16:27:09,889] {scheduler_job.py:182} INFO - Started process (PID=1223) to work on /home/airflow/.local/lib/python3.6/site-packages/airflow/example_dags/example_latest_only.py
[2024-04-30 16:27:09,891] {scheduler_job.py:629} INFO - Processing file /home/airflow/.local/lib/python3.6/site-packages/airflow/example_dags/example_latest_only.py for tasks to queue
[2024-04-30 16:27:09,892] {logging_mixin.py:104} INFO - [2024-04-30 16:27:09,891] {dagbag.py:451} INFO - Filling up the DagBag from /home/airflow/.local/lib/python3.6/site-packages/airflow/example_dags/example_latest_only.py
[2024-04-30 16:27:09,900] {scheduler_job.py:639} INFO - DAG(s) dict_keys(['latest_only']) retrieved from /home/airflow/.local/lib/python3.6/site-packages/airflow/example_dags/example_latest_only.py
[2024-04-30 16:27:09,918] {logging_mixin.py:104} INFO - [2024-04-30 16:27:09,917] {dag.py:1824} INFO - Sync 1 DAGs
[2024-04-30 16:27:09,931] {logging_mixin.py:104} INFO - [2024-04-30 16:27:09,931] {dag.py:2280} INFO - Setting next_dagrun for latest_only to 2024-04-28 00:00:00+00:00
[2024-04-30 16:27:09,941] {scheduler_job.py:190} INFO - Processing /home/airflow/.local/lib/python3.6/site-packages/airflow/example_dags/example_latest_only.py took 0.055 seconds
[2024-04-30 16:27:40,426] {scheduler_job.py:182} INFO - Started process (PID=1255) to work on /home/airflow/.local/lib/python3.6/site-packages/airflow/example_dags/example_latest_only.py
[2024-04-30 16:27:40,428] {scheduler_job.py:629} INFO - Processing file /home/airflow/.local/lib/python3.6/site-packages/airflow/example_dags/example_latest_only.py for tasks to queue
[2024-04-30 16:27:40,429] {logging_mixin.py:104} INFO - [2024-04-30 16:27:40,429] {dagbag.py:451} INFO - Filling up the DagBag from /home/airflow/.local/lib/python3.6/site-packages/airflow/example_dags/example_latest_only.py
[2024-04-30 16:27:40,441] {scheduler_job.py:639} INFO - DAG(s) dict_keys(['latest_only']) retrieved from /home/airflow/.local/lib/python3.6/site-packages/airflow/example_dags/example_latest_only.py
[2024-04-30 16:27:40,467] {logging_mixin.py:104} INFO - [2024-04-30 16:27:40,467] {dag.py:1824} INFO - Sync 1 DAGs
[2024-04-30 16:27:40,483] {logging_mixin.py:104} INFO - [2024-04-30 16:27:40,483] {dag.py:2280} INFO - Setting next_dagrun for latest_only to 2024-04-28 00:00:00+00:00
[2024-04-30 16:27:40,500] {scheduler_job.py:190} INFO - Processing /home/airflow/.local/lib/python3.6/site-packages/airflow/example_dags/example_latest_only.py took 0.079 seconds
[2024-04-30 16:28:10,935] {scheduler_job.py:182} INFO - Started process (PID=1287) to work on /home/airflow/.local/lib/python3.6/site-packages/airflow/example_dags/example_latest_only.py
[2024-04-30 16:28:10,936] {scheduler_job.py:629} INFO - Processing file /home/airflow/.local/lib/python3.6/site-packages/airflow/example_dags/example_latest_only.py for tasks to queue
[2024-04-30 16:28:10,937] {logging_mixin.py:104} INFO - [2024-04-30 16:28:10,937] {dagbag.py:451} INFO - Filling up the DagBag from /home/airflow/.local/lib/python3.6/site-packages/airflow/example_dags/example_latest_only.py
[2024-04-30 16:28:10,947] {scheduler_job.py:639} INFO - DAG(s) dict_keys(['latest_only']) retrieved from /home/airflow/.local/lib/python3.6/site-packages/airflow/example_dags/example_latest_only.py
[2024-04-30 16:28:10,967] {logging_mixin.py:104} INFO - [2024-04-30 16:28:10,967] {dag.py:1824} INFO - Sync 1 DAGs
[2024-04-30 16:28:10,982] {logging_mixin.py:104} INFO - [2024-04-30 16:28:10,982] {dag.py:2280} INFO - Setting next_dagrun for latest_only to 2024-04-28 00:00:00+00:00
[2024-04-30 16:28:10,992] {scheduler_job.py:190} INFO - Processing /home/airflow/.local/lib/python3.6/site-packages/airflow/example_dags/example_latest_only.py took 0.061 seconds
[2024-04-30 16:28:41,594] {scheduler_job.py:182} INFO - Started process (PID=1319) to work on /home/airflow/.local/lib/python3.6/site-packages/airflow/example_dags/example_latest_only.py
[2024-04-30 16:28:41,595] {scheduler_job.py:629} INFO - Processing file /home/airflow/.local/lib/python3.6/site-packages/airflow/example_dags/example_latest_only.py for tasks to queue
[2024-04-30 16:28:41,596] {logging_mixin.py:104} INFO - [2024-04-30 16:28:41,596] {dagbag.py:451} INFO - Filling up the DagBag from /home/airflow/.local/lib/python3.6/site-packages/airflow/example_dags/example_latest_only.py
[2024-04-30 16:28:41,606] {scheduler_job.py:639} INFO - DAG(s) dict_keys(['latest_only']) retrieved from /home/airflow/.local/lib/python3.6/site-packages/airflow/example_dags/example_latest_only.py
[2024-04-30 16:28:41,626] {logging_mixin.py:104} INFO - [2024-04-30 16:28:41,626] {dag.py:1824} INFO - Sync 1 DAGs
[2024-04-30 16:28:41,642] {logging_mixin.py:104} INFO - [2024-04-30 16:28:41,642] {dag.py:2280} INFO - Setting next_dagrun for latest_only to 2024-04-28 00:00:00+00:00
[2024-04-30 16:28:41,653] {scheduler_job.py:190} INFO - Processing /home/airflow/.local/lib/python3.6/site-packages/airflow/example_dags/example_latest_only.py took 0.062 seconds
[2024-04-30 16:29:12,058] {scheduler_job.py:182} INFO - Started process (PID=1351) to work on /home/airflow/.local/lib/python3.6/site-packages/airflow/example_dags/example_latest_only.py
[2024-04-30 16:29:12,059] {scheduler_job.py:629} INFO - Processing file /home/airflow/.local/lib/python3.6/site-packages/airflow/example_dags/example_latest_only.py for tasks to queue
[2024-04-30 16:29:12,060] {logging_mixin.py:104} INFO - [2024-04-30 16:29:12,060] {dagbag.py:451} INFO - Filling up the DagBag from /home/airflow/.local/lib/python3.6/site-packages/airflow/example_dags/example_latest_only.py
[2024-04-30 16:29:12,070] {scheduler_job.py:639} INFO - DAG(s) dict_keys(['latest_only']) retrieved from /home/airflow/.local/lib/python3.6/site-packages/airflow/example_dags/example_latest_only.py
[2024-04-30 16:29:12,092] {logging_mixin.py:104} INFO - [2024-04-30 16:29:12,091] {dag.py:1824} INFO - Sync 1 DAGs
[2024-04-30 16:29:12,107] {logging_mixin.py:104} INFO - [2024-04-30 16:29:12,106] {dag.py:2280} INFO - Setting next_dagrun for latest_only to 2024-04-28 00:00:00+00:00
[2024-04-30 16:29:12,117] {scheduler_job.py:190} INFO - Processing /home/airflow/.local/lib/python3.6/site-packages/airflow/example_dags/example_latest_only.py took 0.063 seconds
[2024-04-30 16:29:42,706] {scheduler_job.py:182} INFO - Started process (PID=1383) to work on /home/airflow/.local/lib/python3.6/site-packages/airflow/example_dags/example_latest_only.py
[2024-04-30 16:29:42,708] {scheduler_job.py:629} INFO - Processing file /home/airflow/.local/lib/python3.6/site-packages/airflow/example_dags/example_latest_only.py for tasks to queue
[2024-04-30 16:29:42,708] {logging_mixin.py:104} INFO - [2024-04-30 16:29:42,708] {dagbag.py:451} INFO - Filling up the DagBag from /home/airflow/.local/lib/python3.6/site-packages/airflow/example_dags/example_latest_only.py
[2024-04-30 16:29:42,719] {scheduler_job.py:639} INFO - DAG(s) dict_keys(['latest_only']) retrieved from /home/airflow/.local/lib/python3.6/site-packages/airflow/example_dags/example_latest_only.py
[2024-04-30 16:29:42,740] {logging_mixin.py:104} INFO - [2024-04-30 16:29:42,740] {dag.py:1824} INFO - Sync 1 DAGs
[2024-04-30 16:29:42,755] {logging_mixin.py:104} INFO - [2024-04-30 16:29:42,755] {dag.py:2280} INFO - Setting next_dagrun for latest_only to 2024-04-28 00:00:00+00:00
[2024-04-30 16:29:42,765] {scheduler_job.py:190} INFO - Processing /home/airflow/.local/lib/python3.6/site-packages/airflow/example_dags/example_latest_only.py took 0.062 seconds
[2024-04-30 16:30:13,129] {scheduler_job.py:182} INFO - Started process (PID=1415) to work on /home/airflow/.local/lib/python3.6/site-packages/airflow/example_dags/example_latest_only.py
[2024-04-30 16:30:13,131] {scheduler_job.py:629} INFO - Processing file /home/airflow/.local/lib/python3.6/site-packages/airflow/example_dags/example_latest_only.py for tasks to queue
[2024-04-30 16:30:13,132] {logging_mixin.py:104} INFO - [2024-04-30 16:30:13,131] {dagbag.py:451} INFO - Filling up the DagBag from /home/airflow/.local/lib/python3.6/site-packages/airflow/example_dags/example_latest_only.py
[2024-04-30 16:30:13,142] {scheduler_job.py:639} INFO - DAG(s) dict_keys(['latest_only']) retrieved from /home/airflow/.local/lib/python3.6/site-packages/airflow/example_dags/example_latest_only.py
[2024-04-30 16:30:13,163] {logging_mixin.py:104} INFO - [2024-04-30 16:30:13,163] {dag.py:1824} INFO - Sync 1 DAGs
[2024-04-30 16:30:13,178] {logging_mixin.py:104} INFO - [2024-04-30 16:30:13,178] {dag.py:2280} INFO - Setting next_dagrun for latest_only to 2024-04-28 00:00:00+00:00
[2024-04-30 16:30:13,188] {scheduler_job.py:190} INFO - Processing /home/airflow/.local/lib/python3.6/site-packages/airflow/example_dags/example_latest_only.py took 0.062 seconds
[2024-04-30 16:30:43,842] {scheduler_job.py:182} INFO - Started process (PID=1447) to work on /home/airflow/.local/lib/python3.6/site-packages/airflow/example_dags/example_latest_only.py
[2024-04-30 16:30:43,844] {scheduler_job.py:629} INFO - Processing file /home/airflow/.local/lib/python3.6/site-packages/airflow/example_dags/example_latest_only.py for tasks to queue
[2024-04-30 16:30:43,846] {logging_mixin.py:104} INFO - [2024-04-30 16:30:43,845] {dagbag.py:451} INFO - Filling up the DagBag from /home/airflow/.local/lib/python3.6/site-packages/airflow/example_dags/example_latest_only.py
[2024-04-30 16:30:43,862] {scheduler_job.py:639} INFO - DAG(s) dict_keys(['latest_only']) retrieved from /home/airflow/.local/lib/python3.6/site-packages/airflow/example_dags/example_latest_only.py
[2024-04-30 16:30:43,892] {logging_mixin.py:104} INFO - [2024-04-30 16:30:43,892] {dag.py:1824} INFO - Sync 1 DAGs
[2024-04-30 16:30:43,908] {logging_mixin.py:104} INFO - [2024-04-30 16:30:43,908] {dag.py:2280} INFO - Setting next_dagrun for latest_only to 2024-04-28 00:00:00+00:00
[2024-04-30 16:30:43,923] {scheduler_job.py:190} INFO - Processing /home/airflow/.local/lib/python3.6/site-packages/airflow/example_dags/example_latest_only.py took 0.086 seconds
[2024-04-30 16:31:14,146] {scheduler_job.py:182} INFO - Started process (PID=1479) to work on /home/airflow/.local/lib/python3.6/site-packages/airflow/example_dags/example_latest_only.py
[2024-04-30 16:31:14,149] {scheduler_job.py:629} INFO - Processing file /home/airflow/.local/lib/python3.6/site-packages/airflow/example_dags/example_latest_only.py for tasks to queue
[2024-04-30 16:31:14,152] {logging_mixin.py:104} INFO - [2024-04-30 16:31:14,152] {dagbag.py:451} INFO - Filling up the DagBag from /home/airflow/.local/lib/python3.6/site-packages/airflow/example_dags/example_latest_only.py
[2024-04-30 16:31:14,195] {scheduler_job.py:639} INFO - DAG(s) dict_keys(['latest_only']) retrieved from /home/airflow/.local/lib/python3.6/site-packages/airflow/example_dags/example_latest_only.py
[2024-04-30 16:31:14,242] {logging_mixin.py:104} INFO - [2024-04-30 16:31:14,242] {dag.py:1824} INFO - Sync 1 DAGs
[2024-04-30 16:31:14,278] {logging_mixin.py:104} INFO - [2024-04-30 16:31:14,277] {dag.py:2280} INFO - Setting next_dagrun for latest_only to 2024-04-28 00:00:00+00:00
[2024-04-30 16:31:14,297] {scheduler_job.py:190} INFO - Processing /home/airflow/.local/lib/python3.6/site-packages/airflow/example_dags/example_latest_only.py took 0.158 seconds
[2024-04-30 16:31:44,668] {scheduler_job.py:182} INFO - Started process (PID=1511) to work on /home/airflow/.local/lib/python3.6/site-packages/airflow/example_dags/example_latest_only.py
[2024-04-30 16:31:44,670] {scheduler_job.py:629} INFO - Processing file /home/airflow/.local/lib/python3.6/site-packages/airflow/example_dags/example_latest_only.py for tasks to queue
[2024-04-30 16:31:44,671] {logging_mixin.py:104} INFO - [2024-04-30 16:31:44,671] {dagbag.py:451} INFO - Filling up the DagBag from /home/airflow/.local/lib/python3.6/site-packages/airflow/example_dags/example_latest_only.py
[2024-04-30 16:31:44,684] {scheduler_job.py:639} INFO - DAG(s) dict_keys(['latest_only']) retrieved from /home/airflow/.local/lib/python3.6/site-packages/airflow/example_dags/example_latest_only.py
[2024-04-30 16:31:44,708] {logging_mixin.py:104} INFO - [2024-04-30 16:31:44,708] {dag.py:1824} INFO - Sync 1 DAGs
[2024-04-30 16:31:44,727] {logging_mixin.py:104} INFO - [2024-04-30 16:31:44,727] {dag.py:2280} INFO - Setting next_dagrun for latest_only to 2024-04-28 00:00:00+00:00
[2024-04-30 16:31:44,738] {scheduler_job.py:190} INFO - Processing /home/airflow/.local/lib/python3.6/site-packages/airflow/example_dags/example_latest_only.py took 0.074 seconds
[2024-04-30 16:32:14,910] {scheduler_job.py:182} INFO - Started process (PID=1543) to work on /home/airflow/.local/lib/python3.6/site-packages/airflow/example_dags/example_latest_only.py
[2024-04-30 16:32:14,912] {scheduler_job.py:629} INFO - Processing file /home/airflow/.local/lib/python3.6/site-packages/airflow/example_dags/example_latest_only.py for tasks to queue
[2024-04-30 16:32:14,913] {logging_mixin.py:104} INFO - [2024-04-30 16:32:14,913] {dagbag.py:451} INFO - Filling up the DagBag from /home/airflow/.local/lib/python3.6/site-packages/airflow/example_dags/example_latest_only.py
[2024-04-30 16:32:14,927] {scheduler_job.py:639} INFO - DAG(s) dict_keys(['latest_only']) retrieved from /home/airflow/.local/lib/python3.6/site-packages/airflow/example_dags/example_latest_only.py
[2024-04-30 16:32:14,954] {logging_mixin.py:104} INFO - [2024-04-30 16:32:14,954] {dag.py:1824} INFO - Sync 1 DAGs
[2024-04-30 16:32:14,975] {logging_mixin.py:104} INFO - [2024-04-30 16:32:14,974] {dag.py:2280} INFO - Setting next_dagrun for latest_only to 2024-04-28 00:00:00+00:00
[2024-04-30 16:32:14,995] {scheduler_job.py:190} INFO - Processing /home/airflow/.local/lib/python3.6/site-packages/airflow/example_dags/example_latest_only.py took 0.089 seconds
[2024-04-30 16:32:45,627] {scheduler_job.py:182} INFO - Started process (PID=1575) to work on /home/airflow/.local/lib/python3.6/site-packages/airflow/example_dags/example_latest_only.py
[2024-04-30 16:32:45,629] {scheduler_job.py:629} INFO - Processing file /home/airflow/.local/lib/python3.6/site-packages/airflow/example_dags/example_latest_only.py for tasks to queue
[2024-04-30 16:32:45,629] {logging_mixin.py:104} INFO - [2024-04-30 16:32:45,629] {dagbag.py:451} INFO - Filling up the DagBag from /home/airflow/.local/lib/python3.6/site-packages/airflow/example_dags/example_latest_only.py
[2024-04-30 16:32:45,639] {scheduler_job.py:639} INFO - DAG(s) dict_keys(['latest_only']) retrieved from /home/airflow/.local/lib/python3.6/site-packages/airflow/example_dags/example_latest_only.py
[2024-04-30 16:32:45,661] {logging_mixin.py:104} INFO - [2024-04-30 16:32:45,661] {dag.py:1824} INFO - Sync 1 DAGs
[2024-04-30 16:32:45,678] {logging_mixin.py:104} INFO - [2024-04-30 16:32:45,678] {dag.py:2280} INFO - Setting next_dagrun for latest_only to 2024-04-28 00:00:00+00:00
[2024-04-30 16:32:45,692] {scheduler_job.py:190} INFO - Processing /home/airflow/.local/lib/python3.6/site-packages/airflow/example_dags/example_latest_only.py took 0.068 seconds
[2024-04-30 16:33:16,205] {scheduler_job.py:182} INFO - Started process (PID=1607) to work on /home/airflow/.local/lib/python3.6/site-packages/airflow/example_dags/example_latest_only.py
[2024-04-30 16:33:16,206] {scheduler_job.py:629} INFO - Processing file /home/airflow/.local/lib/python3.6/site-packages/airflow/example_dags/example_latest_only.py for tasks to queue
[2024-04-30 16:33:16,207] {logging_mixin.py:104} INFO - [2024-04-30 16:33:16,207] {dagbag.py:451} INFO - Filling up the DagBag from /home/airflow/.local/lib/python3.6/site-packages/airflow/example_dags/example_latest_only.py
[2024-04-30 16:33:16,217] {scheduler_job.py:639} INFO - DAG(s) dict_keys(['latest_only']) retrieved from /home/airflow/.local/lib/python3.6/site-packages/airflow/example_dags/example_latest_only.py
[2024-04-30 16:33:16,239] {logging_mixin.py:104} INFO - [2024-04-30 16:33:16,239] {dag.py:1824} INFO - Sync 1 DAGs
[2024-04-30 16:33:16,254] {logging_mixin.py:104} INFO - [2024-04-30 16:33:16,254] {dag.py:2280} INFO - Setting next_dagrun for latest_only to 2024-04-28 00:00:00+00:00
[2024-04-30 16:33:16,264] {scheduler_job.py:190} INFO - Processing /home/airflow/.local/lib/python3.6/site-packages/airflow/example_dags/example_latest_only.py took 0.063 seconds
[2024-04-30 16:33:46,755] {scheduler_job.py:182} INFO - Started process (PID=1639) to work on /home/airflow/.local/lib/python3.6/site-packages/airflow/example_dags/example_latest_only.py
[2024-04-30 16:33:46,757] {scheduler_job.py:629} INFO - Processing file /home/airflow/.local/lib/python3.6/site-packages/airflow/example_dags/example_latest_only.py for tasks to queue
[2024-04-30 16:33:46,757] {logging_mixin.py:104} INFO - [2024-04-30 16:33:46,757] {dagbag.py:451} INFO - Filling up the DagBag from /home/airflow/.local/lib/python3.6/site-packages/airflow/example_dags/example_latest_only.py
[2024-04-30 16:33:46,768] {scheduler_job.py:639} INFO - DAG(s) dict_keys(['latest_only']) retrieved from /home/airflow/.local/lib/python3.6/site-packages/airflow/example_dags/example_latest_only.py
[2024-04-30 16:33:46,789] {logging_mixin.py:104} INFO - [2024-04-30 16:33:46,789] {dag.py:1824} INFO - Sync 1 DAGs
[2024-04-30 16:33:46,804] {logging_mixin.py:104} INFO - [2024-04-30 16:33:46,804] {dag.py:2280} INFO - Setting next_dagrun for latest_only to 2024-04-28 00:00:00+00:00
[2024-04-30 16:33:46,815] {scheduler_job.py:190} INFO - Processing /home/airflow/.local/lib/python3.6/site-packages/airflow/example_dags/example_latest_only.py took 0.063 seconds
[2024-04-30 16:34:17,422] {scheduler_job.py:182} INFO - Started process (PID=1671) to work on /home/airflow/.local/lib/python3.6/site-packages/airflow/example_dags/example_latest_only.py
[2024-04-30 16:34:17,423] {scheduler_job.py:629} INFO - Processing file /home/airflow/.local/lib/python3.6/site-packages/airflow/example_dags/example_latest_only.py for tasks to queue
[2024-04-30 16:34:17,424] {logging_mixin.py:104} INFO - [2024-04-30 16:34:17,424] {dagbag.py:451} INFO - Filling up the DagBag from /home/airflow/.local/lib/python3.6/site-packages/airflow/example_dags/example_latest_only.py
[2024-04-30 16:34:17,435] {scheduler_job.py:639} INFO - DAG(s) dict_keys(['latest_only']) retrieved from /home/airflow/.local/lib/python3.6/site-packages/airflow/example_dags/example_latest_only.py
[2024-04-30 16:34:17,456] {logging_mixin.py:104} INFO - [2024-04-30 16:34:17,456] {dag.py:1824} INFO - Sync 1 DAGs
[2024-04-30 16:34:17,471] {logging_mixin.py:104} INFO - [2024-04-30 16:34:17,471] {dag.py:2280} INFO - Setting next_dagrun for latest_only to 2024-04-28 00:00:00+00:00
[2024-04-30 16:34:17,482] {scheduler_job.py:190} INFO - Processing /home/airflow/.local/lib/python3.6/site-packages/airflow/example_dags/example_latest_only.py took 0.063 seconds
[2024-04-30 16:34:48,012] {scheduler_job.py:182} INFO - Started process (PID=1703) to work on /home/airflow/.local/lib/python3.6/site-packages/airflow/example_dags/example_latest_only.py
[2024-04-30 16:34:48,014] {scheduler_job.py:629} INFO - Processing file /home/airflow/.local/lib/python3.6/site-packages/airflow/example_dags/example_latest_only.py for tasks to queue
[2024-04-30 16:34:48,016] {logging_mixin.py:104} INFO - [2024-04-30 16:34:48,015] {dagbag.py:451} INFO - Filling up the DagBag from /home/airflow/.local/lib/python3.6/site-packages/airflow/example_dags/example_latest_only.py
[2024-04-30 16:34:48,033] {scheduler_job.py:639} INFO - DAG(s) dict_keys(['latest_only']) retrieved from /home/airflow/.local/lib/python3.6/site-packages/airflow/example_dags/example_latest_only.py
[2024-04-30 16:34:48,056] {logging_mixin.py:104} INFO - [2024-04-30 16:34:48,056] {dag.py:1824} INFO - Sync 1 DAGs
[2024-04-30 16:34:48,072] {logging_mixin.py:104} INFO - [2024-04-30 16:34:48,072] {dag.py:2280} INFO - Setting next_dagrun for latest_only to 2024-04-28 00:00:00+00:00
[2024-04-30 16:34:48,082] {scheduler_job.py:190} INFO - Processing /home/airflow/.local/lib/python3.6/site-packages/airflow/example_dags/example_latest_only.py took 0.082 seconds
[2024-04-30 16:35:18,651] {scheduler_job.py:182} INFO - Started process (PID=1735) to work on /home/airflow/.local/lib/python3.6/site-packages/airflow/example_dags/example_latest_only.py
[2024-04-30 16:35:18,652] {scheduler_job.py:629} INFO - Processing file /home/airflow/.local/lib/python3.6/site-packages/airflow/example_dags/example_latest_only.py for tasks to queue
[2024-04-30 16:35:18,653] {logging_mixin.py:104} INFO - [2024-04-30 16:35:18,653] {dagbag.py:451} INFO - Filling up the DagBag from /home/airflow/.local/lib/python3.6/site-packages/airflow/example_dags/example_latest_only.py
[2024-04-30 16:35:18,663] {scheduler_job.py:639} INFO - DAG(s) dict_keys(['latest_only']) retrieved from /home/airflow/.local/lib/python3.6/site-packages/airflow/example_dags/example_latest_only.py
[2024-04-30 16:35:18,684] {logging_mixin.py:104} INFO - [2024-04-30 16:35:18,684] {dag.py:1824} INFO - Sync 1 DAGs
[2024-04-30 16:35:18,699] {logging_mixin.py:104} INFO - [2024-04-30 16:35:18,699] {dag.py:2280} INFO - Setting next_dagrun for latest_only to 2024-04-28 00:00:00+00:00
[2024-04-30 16:35:18,710] {scheduler_job.py:190} INFO - Processing /home/airflow/.local/lib/python3.6/site-packages/airflow/example_dags/example_latest_only.py took 0.062 seconds
[2024-04-30 16:35:49,153] {scheduler_job.py:182} INFO - Started process (PID=1767) to work on /home/airflow/.local/lib/python3.6/site-packages/airflow/example_dags/example_latest_only.py
[2024-04-30 16:35:49,154] {scheduler_job.py:629} INFO - Processing file /home/airflow/.local/lib/python3.6/site-packages/airflow/example_dags/example_latest_only.py for tasks to queue
[2024-04-30 16:35:49,155] {logging_mixin.py:104} INFO - [2024-04-30 16:35:49,155] {dagbag.py:451} INFO - Filling up the DagBag from /home/airflow/.local/lib/python3.6/site-packages/airflow/example_dags/example_latest_only.py
[2024-04-30 16:35:49,166] {scheduler_job.py:639} INFO - DAG(s) dict_keys(['latest_only']) retrieved from /home/airflow/.local/lib/python3.6/site-packages/airflow/example_dags/example_latest_only.py
[2024-04-30 16:35:49,186] {logging_mixin.py:104} INFO - [2024-04-30 16:35:49,186] {dag.py:1824} INFO - Sync 1 DAGs
[2024-04-30 16:35:49,201] {logging_mixin.py:104} INFO - [2024-04-30 16:35:49,201] {dag.py:2280} INFO - Setting next_dagrun for latest_only to 2024-04-28 00:00:00+00:00
[2024-04-30 16:35:49,212] {scheduler_job.py:190} INFO - Processing /home/airflow/.local/lib/python3.6/site-packages/airflow/example_dags/example_latest_only.py took 0.062 seconds
[2024-04-30 16:36:19,689] {scheduler_job.py:182} INFO - Started process (PID=1799) to work on /home/airflow/.local/lib/python3.6/site-packages/airflow/example_dags/example_latest_only.py
[2024-04-30 16:36:19,690] {scheduler_job.py:629} INFO - Processing file /home/airflow/.local/lib/python3.6/site-packages/airflow/example_dags/example_latest_only.py for tasks to queue
[2024-04-30 16:36:19,691] {logging_mixin.py:104} INFO - [2024-04-30 16:36:19,691] {dagbag.py:451} INFO - Filling up the DagBag from /home/airflow/.local/lib/python3.6/site-packages/airflow/example_dags/example_latest_only.py
[2024-04-30 16:36:19,701] {scheduler_job.py:639} INFO - DAG(s) dict_keys(['latest_only']) retrieved from /home/airflow/.local/lib/python3.6/site-packages/airflow/example_dags/example_latest_only.py
[2024-04-30 16:36:19,723] {logging_mixin.py:104} INFO - [2024-04-30 16:36:19,723] {dag.py:1824} INFO - Sync 1 DAGs
[2024-04-30 16:36:19,738] {logging_mixin.py:104} INFO - [2024-04-30 16:36:19,738] {dag.py:2280} INFO - Setting next_dagrun for latest_only to 2024-04-28 00:00:00+00:00
[2024-04-30 16:36:19,749] {scheduler_job.py:190} INFO - Processing /home/airflow/.local/lib/python3.6/site-packages/airflow/example_dags/example_latest_only.py took 0.063 seconds
[2024-04-30 16:36:50,240] {scheduler_job.py:182} INFO - Started process (PID=1831) to work on /home/airflow/.local/lib/python3.6/site-packages/airflow/example_dags/example_latest_only.py
[2024-04-30 16:36:50,242] {scheduler_job.py:629} INFO - Processing file /home/airflow/.local/lib/python3.6/site-packages/airflow/example_dags/example_latest_only.py for tasks to queue
[2024-04-30 16:36:50,243] {logging_mixin.py:104} INFO - [2024-04-30 16:36:50,242] {dagbag.py:451} INFO - Filling up the DagBag from /home/airflow/.local/lib/python3.6/site-packages/airflow/example_dags/example_latest_only.py
[2024-04-30 16:36:50,252] {scheduler_job.py:639} INFO - DAG(s) dict_keys(['latest_only']) retrieved from /home/airflow/.local/lib/python3.6/site-packages/airflow/example_dags/example_latest_only.py
[2024-04-30 16:36:50,275] {logging_mixin.py:104} INFO - [2024-04-30 16:36:50,274] {dag.py:1824} INFO - Sync 1 DAGs
[2024-04-30 16:36:50,293] {logging_mixin.py:104} INFO - [2024-04-30 16:36:50,293] {dag.py:2280} INFO - Setting next_dagrun for latest_only to 2024-04-28 00:00:00+00:00
[2024-04-30 16:36:50,302] {scheduler_job.py:190} INFO - Processing /home/airflow/.local/lib/python3.6/site-packages/airflow/example_dags/example_latest_only.py took 0.065 seconds
[2024-04-30 16:37:20,885] {scheduler_job.py:182} INFO - Started process (PID=1863) to work on /home/airflow/.local/lib/python3.6/site-packages/airflow/example_dags/example_latest_only.py
[2024-04-30 16:37:20,887] {scheduler_job.py:629} INFO - Processing file /home/airflow/.local/lib/python3.6/site-packages/airflow/example_dags/example_latest_only.py for tasks to queue
[2024-04-30 16:37:20,888] {logging_mixin.py:104} INFO - [2024-04-30 16:37:20,887] {dagbag.py:451} INFO - Filling up the DagBag from /home/airflow/.local/lib/python3.6/site-packages/airflow/example_dags/example_latest_only.py
[2024-04-30 16:37:20,903] {scheduler_job.py:639} INFO - DAG(s) dict_keys(['latest_only']) retrieved from /home/airflow/.local/lib/python3.6/site-packages/airflow/example_dags/example_latest_only.py
[2024-04-30 16:37:20,926] {logging_mixin.py:104} INFO - [2024-04-30 16:37:20,926] {dag.py:1824} INFO - Sync 1 DAGs
[2024-04-30 16:37:20,942] {logging_mixin.py:104} INFO - [2024-04-30 16:37:20,942] {dag.py:2280} INFO - Setting next_dagrun for latest_only to 2024-04-28 00:00:00+00:00
[2024-04-30 16:37:20,953] {scheduler_job.py:190} INFO - Processing /home/airflow/.local/lib/python3.6/site-packages/airflow/example_dags/example_latest_only.py took 0.071 seconds
[2024-04-30 16:37:51,338] {scheduler_job.py:182} INFO - Started process (PID=1895) to work on /home/airflow/.local/lib/python3.6/site-packages/airflow/example_dags/example_latest_only.py
[2024-04-30 16:37:51,339] {scheduler_job.py:629} INFO - Processing file /home/airflow/.local/lib/python3.6/site-packages/airflow/example_dags/example_latest_only.py for tasks to queue
[2024-04-30 16:37:51,339] {logging_mixin.py:104} INFO - [2024-04-30 16:37:51,339] {dagbag.py:451} INFO - Filling up the DagBag from /home/airflow/.local/lib/python3.6/site-packages/airflow/example_dags/example_latest_only.py
[2024-04-30 16:37:51,348] {scheduler_job.py:639} INFO - DAG(s) dict_keys(['latest_only']) retrieved from /home/airflow/.local/lib/python3.6/site-packages/airflow/example_dags/example_latest_only.py
[2024-04-30 16:37:51,366] {logging_mixin.py:104} INFO - [2024-04-30 16:37:51,366] {dag.py:1824} INFO - Sync 1 DAGs
[2024-04-30 16:37:51,380] {logging_mixin.py:104} INFO - [2024-04-30 16:37:51,379] {dag.py:2280} INFO - Setting next_dagrun for latest_only to 2024-04-28 00:00:00+00:00
[2024-04-30 16:37:51,388] {scheduler_job.py:190} INFO - Processing /home/airflow/.local/lib/python3.6/site-packages/airflow/example_dags/example_latest_only.py took 0.053 seconds
[2024-04-30 16:38:21,839] {scheduler_job.py:182} INFO - Started process (PID=1927) to work on /home/airflow/.local/lib/python3.6/site-packages/airflow/example_dags/example_latest_only.py
[2024-04-30 16:38:21,840] {scheduler_job.py:629} INFO - Processing file /home/airflow/.local/lib/python3.6/site-packages/airflow/example_dags/example_latest_only.py for tasks to queue
[2024-04-30 16:38:21,841] {logging_mixin.py:104} INFO - [2024-04-30 16:38:21,841] {dagbag.py:451} INFO - Filling up the DagBag from /home/airflow/.local/lib/python3.6/site-packages/airflow/example_dags/example_latest_only.py
[2024-04-30 16:38:21,850] {scheduler_job.py:639} INFO - DAG(s) dict_keys(['latest_only']) retrieved from /home/airflow/.local/lib/python3.6/site-packages/airflow/example_dags/example_latest_only.py
[2024-04-30 16:38:21,871] {logging_mixin.py:104} INFO - [2024-04-30 16:38:21,870] {dag.py:1824} INFO - Sync 1 DAGs
[2024-04-30 16:38:21,885] {logging_mixin.py:104} INFO - [2024-04-30 16:38:21,885] {dag.py:2280} INFO - Setting next_dagrun for latest_only to 2024-04-28 00:00:00+00:00
[2024-04-30 16:38:21,896] {scheduler_job.py:190} INFO - Processing /home/airflow/.local/lib/python3.6/site-packages/airflow/example_dags/example_latest_only.py took 0.059 seconds
[2024-04-30 16:38:52,324] {scheduler_job.py:182} INFO - Started process (PID=1959) to work on /home/airflow/.local/lib/python3.6/site-packages/airflow/example_dags/example_latest_only.py
[2024-04-30 16:38:52,326] {scheduler_job.py:629} INFO - Processing file /home/airflow/.local/lib/python3.6/site-packages/airflow/example_dags/example_latest_only.py for tasks to queue
[2024-04-30 16:38:52,327] {logging_mixin.py:104} INFO - [2024-04-30 16:38:52,326] {dagbag.py:451} INFO - Filling up the DagBag from /home/airflow/.local/lib/python3.6/site-packages/airflow/example_dags/example_latest_only.py
[2024-04-30 16:38:52,337] {scheduler_job.py:639} INFO - DAG(s) dict_keys(['latest_only']) retrieved from /home/airflow/.local/lib/python3.6/site-packages/airflow/example_dags/example_latest_only.py
[2024-04-30 16:38:52,356] {logging_mixin.py:104} INFO - [2024-04-30 16:38:52,355] {dag.py:1824} INFO - Sync 1 DAGs
[2024-04-30 16:38:52,372] {logging_mixin.py:104} INFO - [2024-04-30 16:38:52,372] {dag.py:2280} INFO - Setting next_dagrun for latest_only to 2024-04-28 00:00:00+00:00
[2024-04-30 16:38:52,384] {scheduler_job.py:190} INFO - Processing /home/airflow/.local/lib/python3.6/site-packages/airflow/example_dags/example_latest_only.py took 0.063 seconds
[2024-04-30 16:39:22,972] {scheduler_job.py:182} INFO - Started process (PID=1991) to work on /home/airflow/.local/lib/python3.6/site-packages/airflow/example_dags/example_latest_only.py
[2024-04-30 16:39:22,973] {scheduler_job.py:629} INFO - Processing file /home/airflow/.local/lib/python3.6/site-packages/airflow/example_dags/example_latest_only.py for tasks to queue
[2024-04-30 16:39:22,974] {logging_mixin.py:104} INFO - [2024-04-30 16:39:22,974] {dagbag.py:451} INFO - Filling up the DagBag from /home/airflow/.local/lib/python3.6/site-packages/airflow/example_dags/example_latest_only.py
[2024-04-30 16:39:22,983] {scheduler_job.py:639} INFO - DAG(s) dict_keys(['latest_only']) retrieved from /home/airflow/.local/lib/python3.6/site-packages/airflow/example_dags/example_latest_only.py
[2024-04-30 16:39:23,003] {logging_mixin.py:104} INFO - [2024-04-30 16:39:23,003] {dag.py:1824} INFO - Sync 1 DAGs
[2024-04-30 16:39:23,019] {logging_mixin.py:104} INFO - [2024-04-30 16:39:23,018] {dag.py:2280} INFO - Setting next_dagrun for latest_only to 2024-04-28 00:00:00+00:00
[2024-04-30 16:39:23,031] {scheduler_job.py:190} INFO - Processing /home/airflow/.local/lib/python3.6/site-packages/airflow/example_dags/example_latest_only.py took 0.062 seconds
[2024-04-30 16:39:53,524] {scheduler_job.py:182} INFO - Started process (PID=2023) to work on /home/airflow/.local/lib/python3.6/site-packages/airflow/example_dags/example_latest_only.py
[2024-04-30 16:39:53,525] {scheduler_job.py:629} INFO - Processing file /home/airflow/.local/lib/python3.6/site-packages/airflow/example_dags/example_latest_only.py for tasks to queue
[2024-04-30 16:39:53,526] {logging_mixin.py:104} INFO - [2024-04-30 16:39:53,526] {dagbag.py:451} INFO - Filling up the DagBag from /home/airflow/.local/lib/python3.6/site-packages/airflow/example_dags/example_latest_only.py
[2024-04-30 16:39:53,536] {scheduler_job.py:639} INFO - DAG(s) dict_keys(['latest_only']) retrieved from /home/airflow/.local/lib/python3.6/site-packages/airflow/example_dags/example_latest_only.py
[2024-04-30 16:39:53,558] {logging_mixin.py:104} INFO - [2024-04-30 16:39:53,558] {dag.py:1824} INFO - Sync 1 DAGs
[2024-04-30 16:39:53,573] {logging_mixin.py:104} INFO - [2024-04-30 16:39:53,572] {dag.py:2280} INFO - Setting next_dagrun for latest_only to 2024-04-28 00:00:00+00:00
[2024-04-30 16:39:53,584] {scheduler_job.py:190} INFO - Processing /home/airflow/.local/lib/python3.6/site-packages/airflow/example_dags/example_latest_only.py took 0.062 seconds
[2024-04-30 16:40:23,978] {scheduler_job.py:182} INFO - Started process (PID=2055) to work on /home/airflow/.local/lib/python3.6/site-packages/airflow/example_dags/example_latest_only.py
[2024-04-30 16:40:23,979] {scheduler_job.py:629} INFO - Processing file /home/airflow/.local/lib/python3.6/site-packages/airflow/example_dags/example_latest_only.py for tasks to queue
[2024-04-30 16:40:23,980] {logging_mixin.py:104} INFO - [2024-04-30 16:40:23,980] {dagbag.py:451} INFO - Filling up the DagBag from /home/airflow/.local/lib/python3.6/site-packages/airflow/example_dags/example_latest_only.py
[2024-04-30 16:40:23,990] {scheduler_job.py:639} INFO - DAG(s) dict_keys(['latest_only']) retrieved from /home/airflow/.local/lib/python3.6/site-packages/airflow/example_dags/example_latest_only.py
[2024-04-30 16:40:24,010] {logging_mixin.py:104} INFO - [2024-04-30 16:40:24,010] {dag.py:1824} INFO - Sync 1 DAGs
[2024-04-30 16:40:24,025] {logging_mixin.py:104} INFO - [2024-04-30 16:40:24,025] {dag.py:2280} INFO - Setting next_dagrun for latest_only to 2024-04-28 00:00:00+00:00
[2024-04-30 16:40:24,037] {scheduler_job.py:190} INFO - Processing /home/airflow/.local/lib/python3.6/site-packages/airflow/example_dags/example_latest_only.py took 0.062 seconds
[2024-04-30 16:40:54,519] {scheduler_job.py:182} INFO - Started process (PID=2087) to work on /home/airflow/.local/lib/python3.6/site-packages/airflow/example_dags/example_latest_only.py
[2024-04-30 16:40:54,520] {scheduler_job.py:629} INFO - Processing file /home/airflow/.local/lib/python3.6/site-packages/airflow/example_dags/example_latest_only.py for tasks to queue
[2024-04-30 16:40:54,521] {logging_mixin.py:104} INFO - [2024-04-30 16:40:54,520] {dagbag.py:451} INFO - Filling up the DagBag from /home/airflow/.local/lib/python3.6/site-packages/airflow/example_dags/example_latest_only.py
[2024-04-30 16:40:54,530] {scheduler_job.py:639} INFO - DAG(s) dict_keys(['latest_only']) retrieved from /home/airflow/.local/lib/python3.6/site-packages/airflow/example_dags/example_latest_only.py
[2024-04-30 16:40:54,548] {logging_mixin.py:104} INFO - [2024-04-30 16:40:54,547] {dag.py:1824} INFO - Sync 1 DAGs
[2024-04-30 16:40:54,561] {logging_mixin.py:104} INFO - [2024-04-30 16:40:54,561] {dag.py:2280} INFO - Setting next_dagrun for latest_only to 2024-04-28 00:00:00+00:00
[2024-04-30 16:40:54,570] {scheduler_job.py:190} INFO - Processing /home/airflow/.local/lib/python3.6/site-packages/airflow/example_dags/example_latest_only.py took 0.054 seconds
[2024-04-30 16:41:25,064] {scheduler_job.py:182} INFO - Started process (PID=2119) to work on /home/airflow/.local/lib/python3.6/site-packages/airflow/example_dags/example_latest_only.py
[2024-04-30 16:41:25,065] {scheduler_job.py:629} INFO - Processing file /home/airflow/.local/lib/python3.6/site-packages/airflow/example_dags/example_latest_only.py for tasks to queue
[2024-04-30 16:41:25,066] {logging_mixin.py:104} INFO - [2024-04-30 16:41:25,065] {dagbag.py:451} INFO - Filling up the DagBag from /home/airflow/.local/lib/python3.6/site-packages/airflow/example_dags/example_latest_only.py
[2024-04-30 16:41:25,076] {scheduler_job.py:639} INFO - DAG(s) dict_keys(['latest_only']) retrieved from /home/airflow/.local/lib/python3.6/site-packages/airflow/example_dags/example_latest_only.py
[2024-04-30 16:41:25,097] {logging_mixin.py:104} INFO - [2024-04-30 16:41:25,097] {dag.py:1824} INFO - Sync 1 DAGs
[2024-04-30 16:41:25,112] {logging_mixin.py:104} INFO - [2024-04-30 16:41:25,112] {dag.py:2280} INFO - Setting next_dagrun for latest_only to 2024-04-28 00:00:00+00:00
[2024-04-30 16:41:25,123] {scheduler_job.py:190} INFO - Processing /home/airflow/.local/lib/python3.6/site-packages/airflow/example_dags/example_latest_only.py took 0.063 seconds
[2024-04-30 17:02:16,987] {scheduler_job.py:182} INFO - Started process (PID=2150) to work on /home/airflow/.local/lib/python3.6/site-packages/airflow/example_dags/example_latest_only.py
[2024-04-30 17:02:17,181] {scheduler_job.py:629} INFO - Processing file /home/airflow/.local/lib/python3.6/site-packages/airflow/example_dags/example_latest_only.py for tasks to queue
[2024-04-30 17:02:17,230] {logging_mixin.py:104} INFO - [2024-04-30 17:02:17,230] {dagbag.py:451} INFO - Filling up the DagBag from /home/airflow/.local/lib/python3.6/site-packages/airflow/example_dags/example_latest_only.py
[2024-04-30 17:02:17,413] {scheduler_job.py:639} INFO - DAG(s) dict_keys(['latest_only']) retrieved from /home/airflow/.local/lib/python3.6/site-packages/airflow/example_dags/example_latest_only.py
[2024-04-30 17:02:18,224] {logging_mixin.py:104} INFO - [2024-04-30 17:02:18,224] {dag.py:1824} INFO - Sync 1 DAGs
[2024-04-30 17:02:18,521] {logging_mixin.py:104} INFO - [2024-04-30 17:02:18,520] {dag.py:2280} INFO - Setting next_dagrun for latest_only to 2024-04-28 00:00:00+00:00
[2024-04-30 17:02:18,690] {scheduler_job.py:190} INFO - Processing /home/airflow/.local/lib/python3.6/site-packages/airflow/example_dags/example_latest_only.py took 1.712 seconds
