[2024-04-30 16:09:35,927] {scheduler_job.py:182} INFO - Started process (PID=48) to work on /home/airflow/.local/lib/python3.6/site-packages/airflow/example_dags/example_xcom.py
[2024-04-30 16:09:35,930] {scheduler_job.py:629} INFO - Processing file /home/airflow/.local/lib/python3.6/site-packages/airflow/example_dags/example_xcom.py for tasks to queue
[2024-04-30 16:09:35,941] {logging_mixin.py:104} INFO - [2024-04-30 16:09:35,934] {dagbag.py:451} INFO - Filling up the DagBag from /home/airflow/.local/lib/python3.6/site-packages/airflow/example_dags/example_xcom.py
[2024-04-30 16:09:36,009] {scheduler_job.py:639} INFO - DAG(s) dict_keys(['example_xcom']) retrieved from /home/airflow/.local/lib/python3.6/site-packages/airflow/example_dags/example_xcom.py
[2024-04-30 16:09:36,086] {logging_mixin.py:104} INFO - [2024-04-30 16:09:36,086] {dag.py:1824} INFO - Sync 1 DAGs
[2024-04-30 16:09:36,146] {logging_mixin.py:104} INFO - [2024-04-30 16:09:36,145] {dag.py:2280} INFO - Setting next_dagrun for example_xcom to None
[2024-04-30 16:09:36,197] {scheduler_job.py:190} INFO - Processing /home/airflow/.local/lib/python3.6/site-packages/airflow/example_dags/example_xcom.py took 0.289 seconds
[2024-04-30 16:10:06,911] {scheduler_job.py:182} INFO - Started process (PID=121) to work on /home/airflow/.local/lib/python3.6/site-packages/airflow/example_dags/example_xcom.py
[2024-04-30 16:10:06,938] {scheduler_job.py:629} INFO - Processing file /home/airflow/.local/lib/python3.6/site-packages/airflow/example_dags/example_xcom.py for tasks to queue
[2024-04-30 16:10:06,950] {logging_mixin.py:104} INFO - [2024-04-30 16:10:06,949] {dagbag.py:451} INFO - Filling up the DagBag from /home/airflow/.local/lib/python3.6/site-packages/airflow/example_dags/example_xcom.py
[2024-04-30 16:10:07,036] {scheduler_job.py:639} INFO - DAG(s) dict_keys(['example_xcom']) retrieved from /home/airflow/.local/lib/python3.6/site-packages/airflow/example_dags/example_xcom.py
[2024-04-30 16:10:07,160] {logging_mixin.py:104} INFO - [2024-04-30 16:10:07,159] {dag.py:1824} INFO - Sync 1 DAGs
[2024-04-30 16:10:07,236] {logging_mixin.py:104} INFO - [2024-04-30 16:10:07,236] {dag.py:2280} INFO - Setting next_dagrun for example_xcom to None
[2024-04-30 16:10:07,295] {scheduler_job.py:190} INFO - Processing /home/airflow/.local/lib/python3.6/site-packages/airflow/example_dags/example_xcom.py took 0.395 seconds
[2024-04-30 16:10:37,898] {scheduler_job.py:182} INFO - Started process (PID=153) to work on /home/airflow/.local/lib/python3.6/site-packages/airflow/example_dags/example_xcom.py
[2024-04-30 16:10:37,902] {scheduler_job.py:629} INFO - Processing file /home/airflow/.local/lib/python3.6/site-packages/airflow/example_dags/example_xcom.py for tasks to queue
[2024-04-30 16:10:37,904] {logging_mixin.py:104} INFO - [2024-04-30 16:10:37,904] {dagbag.py:451} INFO - Filling up the DagBag from /home/airflow/.local/lib/python3.6/site-packages/airflow/example_dags/example_xcom.py
[2024-04-30 16:10:37,942] {scheduler_job.py:639} INFO - DAG(s) dict_keys(['example_xcom']) retrieved from /home/airflow/.local/lib/python3.6/site-packages/airflow/example_dags/example_xcom.py
[2024-04-30 16:10:38,009] {logging_mixin.py:104} INFO - [2024-04-30 16:10:38,009] {dag.py:1824} INFO - Sync 1 DAGs
[2024-04-30 16:10:38,057] {logging_mixin.py:104} INFO - [2024-04-30 16:10:38,056] {dag.py:2280} INFO - Setting next_dagrun for example_xcom to None
[2024-04-30 16:10:38,098] {scheduler_job.py:190} INFO - Processing /home/airflow/.local/lib/python3.6/site-packages/airflow/example_dags/example_xcom.py took 0.206 seconds
[2024-04-30 16:11:25,338] {scheduler_job.py:182} INFO - Started process (PID=218) to work on /home/airflow/.local/lib/python3.6/site-packages/airflow/example_dags/example_xcom.py
[2024-04-30 16:11:25,349] {scheduler_job.py:629} INFO - Processing file /home/airflow/.local/lib/python3.6/site-packages/airflow/example_dags/example_xcom.py for tasks to queue
[2024-04-30 16:11:25,353] {logging_mixin.py:104} INFO - [2024-04-30 16:11:25,353] {dagbag.py:451} INFO - Filling up the DagBag from /home/airflow/.local/lib/python3.6/site-packages/airflow/example_dags/example_xcom.py
[2024-04-30 16:11:25,453] {scheduler_job.py:639} INFO - DAG(s) dict_keys(['example_xcom']) retrieved from /home/airflow/.local/lib/python3.6/site-packages/airflow/example_dags/example_xcom.py
[2024-04-30 16:11:25,571] {logging_mixin.py:104} INFO - [2024-04-30 16:11:25,571] {dag.py:1824} INFO - Sync 1 DAGs
[2024-04-30 16:11:25,645] {logging_mixin.py:104} INFO - [2024-04-30 16:11:25,644] {dag.py:2280} INFO - Setting next_dagrun for example_xcom to None
[2024-04-30 16:11:25,694] {scheduler_job.py:190} INFO - Processing /home/airflow/.local/lib/python3.6/site-packages/airflow/example_dags/example_xcom.py took 0.388 seconds
[2024-04-30 16:11:56,338] {scheduler_job.py:182} INFO - Started process (PID=262) to work on /home/airflow/.local/lib/python3.6/site-packages/airflow/example_dags/example_xcom.py
[2024-04-30 16:11:56,339] {scheduler_job.py:629} INFO - Processing file /home/airflow/.local/lib/python3.6/site-packages/airflow/example_dags/example_xcom.py for tasks to queue
[2024-04-30 16:11:56,340] {logging_mixin.py:104} INFO - [2024-04-30 16:11:56,340] {dagbag.py:451} INFO - Filling up the DagBag from /home/airflow/.local/lib/python3.6/site-packages/airflow/example_dags/example_xcom.py
[2024-04-30 16:11:56,355] {scheduler_job.py:639} INFO - DAG(s) dict_keys(['example_xcom']) retrieved from /home/airflow/.local/lib/python3.6/site-packages/airflow/example_dags/example_xcom.py
[2024-04-30 16:11:56,432] {logging_mixin.py:104} INFO - [2024-04-30 16:11:56,432] {dag.py:1824} INFO - Sync 1 DAGs
[2024-04-30 16:11:56,564] {logging_mixin.py:104} INFO - [2024-04-30 16:11:56,563] {dag.py:2280} INFO - Setting next_dagrun for example_xcom to None
[2024-04-30 16:11:56,614] {scheduler_job.py:190} INFO - Processing /home/airflow/.local/lib/python3.6/site-packages/airflow/example_dags/example_xcom.py took 0.280 seconds
[2024-04-30 16:12:27,455] {scheduler_job.py:182} INFO - Started process (PID=293) to work on /home/airflow/.local/lib/python3.6/site-packages/airflow/example_dags/example_xcom.py
[2024-04-30 16:12:27,459] {scheduler_job.py:629} INFO - Processing file /home/airflow/.local/lib/python3.6/site-packages/airflow/example_dags/example_xcom.py for tasks to queue
[2024-04-30 16:12:27,466] {logging_mixin.py:104} INFO - [2024-04-30 16:12:27,466] {dagbag.py:451} INFO - Filling up the DagBag from /home/airflow/.local/lib/python3.6/site-packages/airflow/example_dags/example_xcom.py
[2024-04-30 16:12:27,512] {scheduler_job.py:639} INFO - DAG(s) dict_keys(['example_xcom']) retrieved from /home/airflow/.local/lib/python3.6/site-packages/airflow/example_dags/example_xcom.py
[2024-04-30 16:12:27,589] {logging_mixin.py:104} INFO - [2024-04-30 16:12:27,589] {dag.py:1824} INFO - Sync 1 DAGs
[2024-04-30 16:12:27,643] {logging_mixin.py:104} INFO - [2024-04-30 16:12:27,643] {dag.py:2280} INFO - Setting next_dagrun for example_xcom to None
[2024-04-30 16:12:27,673] {scheduler_job.py:190} INFO - Processing /home/airflow/.local/lib/python3.6/site-packages/airflow/example_dags/example_xcom.py took 0.227 seconds
[2024-04-30 16:12:58,421] {scheduler_job.py:182} INFO - Started process (PID=327) to work on /home/airflow/.local/lib/python3.6/site-packages/airflow/example_dags/example_xcom.py
[2024-04-30 16:12:58,422] {scheduler_job.py:629} INFO - Processing file /home/airflow/.local/lib/python3.6/site-packages/airflow/example_dags/example_xcom.py for tasks to queue
[2024-04-30 16:12:58,423] {logging_mixin.py:104} INFO - [2024-04-30 16:12:58,423] {dagbag.py:451} INFO - Filling up the DagBag from /home/airflow/.local/lib/python3.6/site-packages/airflow/example_dags/example_xcom.py
[2024-04-30 16:12:58,436] {scheduler_job.py:639} INFO - DAG(s) dict_keys(['example_xcom']) retrieved from /home/airflow/.local/lib/python3.6/site-packages/airflow/example_dags/example_xcom.py
[2024-04-30 16:12:58,461] {logging_mixin.py:104} INFO - [2024-04-30 16:12:58,461] {dag.py:1824} INFO - Sync 1 DAGs
[2024-04-30 16:12:58,478] {logging_mixin.py:104} INFO - [2024-04-30 16:12:58,477] {dag.py:2280} INFO - Setting next_dagrun for example_xcom to None
[2024-04-30 16:12:58,506] {scheduler_job.py:190} INFO - Processing /home/airflow/.local/lib/python3.6/site-packages/airflow/example_dags/example_xcom.py took 0.088 seconds
[2024-04-30 16:13:28,687] {scheduler_job.py:182} INFO - Started process (PID=357) to work on /home/airflow/.local/lib/python3.6/site-packages/airflow/example_dags/example_xcom.py
[2024-04-30 16:13:28,691] {scheduler_job.py:629} INFO - Processing file /home/airflow/.local/lib/python3.6/site-packages/airflow/example_dags/example_xcom.py for tasks to queue
[2024-04-30 16:13:28,695] {logging_mixin.py:104} INFO - [2024-04-30 16:13:28,693] {dagbag.py:451} INFO - Filling up the DagBag from /home/airflow/.local/lib/python3.6/site-packages/airflow/example_dags/example_xcom.py
[2024-04-30 16:13:28,735] {scheduler_job.py:639} INFO - DAG(s) dict_keys(['example_xcom']) retrieved from /home/airflow/.local/lib/python3.6/site-packages/airflow/example_dags/example_xcom.py
[2024-04-30 16:13:28,794] {logging_mixin.py:104} INFO - [2024-04-30 16:13:28,794] {dag.py:1824} INFO - Sync 1 DAGs
[2024-04-30 16:13:28,823] {logging_mixin.py:104} INFO - [2024-04-30 16:13:28,822] {dag.py:2280} INFO - Setting next_dagrun for example_xcom to None
[2024-04-30 16:13:28,854] {scheduler_job.py:190} INFO - Processing /home/airflow/.local/lib/python3.6/site-packages/airflow/example_dags/example_xcom.py took 0.171 seconds
[2024-04-30 16:13:59,155] {scheduler_job.py:182} INFO - Started process (PID=405) to work on /home/airflow/.local/lib/python3.6/site-packages/airflow/example_dags/example_xcom.py
[2024-04-30 16:13:59,159] {scheduler_job.py:629} INFO - Processing file /home/airflow/.local/lib/python3.6/site-packages/airflow/example_dags/example_xcom.py for tasks to queue
[2024-04-30 16:13:59,170] {logging_mixin.py:104} INFO - [2024-04-30 16:13:59,169] {dagbag.py:451} INFO - Filling up the DagBag from /home/airflow/.local/lib/python3.6/site-packages/airflow/example_dags/example_xcom.py
[2024-04-30 16:13:59,227] {scheduler_job.py:639} INFO - DAG(s) dict_keys(['example_xcom']) retrieved from /home/airflow/.local/lib/python3.6/site-packages/airflow/example_dags/example_xcom.py
[2024-04-30 16:13:59,270] {logging_mixin.py:104} INFO - [2024-04-30 16:13:59,270] {dag.py:1824} INFO - Sync 1 DAGs
[2024-04-30 16:13:59,299] {logging_mixin.py:104} INFO - [2024-04-30 16:13:59,299] {dag.py:2280} INFO - Setting next_dagrun for example_xcom to None
[2024-04-30 16:13:59,346] {scheduler_job.py:190} INFO - Processing /home/airflow/.local/lib/python3.6/site-packages/airflow/example_dags/example_xcom.py took 0.197 seconds
[2024-04-30 16:14:29,689] {scheduler_job.py:182} INFO - Started process (PID=437) to work on /home/airflow/.local/lib/python3.6/site-packages/airflow/example_dags/example_xcom.py
[2024-04-30 16:14:29,691] {scheduler_job.py:629} INFO - Processing file /home/airflow/.local/lib/python3.6/site-packages/airflow/example_dags/example_xcom.py for tasks to queue
[2024-04-30 16:14:29,693] {logging_mixin.py:104} INFO - [2024-04-30 16:14:29,692] {dagbag.py:451} INFO - Filling up the DagBag from /home/airflow/.local/lib/python3.6/site-packages/airflow/example_dags/example_xcom.py
[2024-04-30 16:14:29,705] {scheduler_job.py:639} INFO - DAG(s) dict_keys(['example_xcom']) retrieved from /home/airflow/.local/lib/python3.6/site-packages/airflow/example_dags/example_xcom.py
[2024-04-30 16:14:29,729] {logging_mixin.py:104} INFO - [2024-04-30 16:14:29,729] {dag.py:1824} INFO - Sync 1 DAGs
[2024-04-30 16:14:29,745] {logging_mixin.py:104} INFO - [2024-04-30 16:14:29,745] {dag.py:2280} INFO - Setting next_dagrun for example_xcom to None
[2024-04-30 16:14:29,758] {scheduler_job.py:190} INFO - Processing /home/airflow/.local/lib/python3.6/site-packages/airflow/example_dags/example_xcom.py took 0.073 seconds
[2024-04-30 16:15:00,006] {scheduler_job.py:182} INFO - Started process (PID=470) to work on /home/airflow/.local/lib/python3.6/site-packages/airflow/example_dags/example_xcom.py
[2024-04-30 16:15:00,012] {scheduler_job.py:629} INFO - Processing file /home/airflow/.local/lib/python3.6/site-packages/airflow/example_dags/example_xcom.py for tasks to queue
[2024-04-30 16:15:00,016] {logging_mixin.py:104} INFO - [2024-04-30 16:15:00,016] {dagbag.py:451} INFO - Filling up the DagBag from /home/airflow/.local/lib/python3.6/site-packages/airflow/example_dags/example_xcom.py
[2024-04-30 16:15:00,041] {scheduler_job.py:639} INFO - DAG(s) dict_keys(['example_xcom']) retrieved from /home/airflow/.local/lib/python3.6/site-packages/airflow/example_dags/example_xcom.py
[2024-04-30 16:15:00,086] {logging_mixin.py:104} INFO - [2024-04-30 16:15:00,086] {dag.py:1824} INFO - Sync 1 DAGs
[2024-04-30 16:15:00,119] {logging_mixin.py:104} INFO - [2024-04-30 16:15:00,119] {dag.py:2280} INFO - Setting next_dagrun for example_xcom to None
[2024-04-30 16:15:00,139] {scheduler_job.py:190} INFO - Processing /home/airflow/.local/lib/python3.6/site-packages/airflow/example_dags/example_xcom.py took 0.139 seconds
[2024-04-30 16:15:31,082] {scheduler_job.py:182} INFO - Started process (PID=502) to work on /home/airflow/.local/lib/python3.6/site-packages/airflow/example_dags/example_xcom.py
[2024-04-30 16:15:31,083] {scheduler_job.py:629} INFO - Processing file /home/airflow/.local/lib/python3.6/site-packages/airflow/example_dags/example_xcom.py for tasks to queue
[2024-04-30 16:15:31,084] {logging_mixin.py:104} INFO - [2024-04-30 16:15:31,084] {dagbag.py:451} INFO - Filling up the DagBag from /home/airflow/.local/lib/python3.6/site-packages/airflow/example_dags/example_xcom.py
[2024-04-30 16:15:31,097] {scheduler_job.py:639} INFO - DAG(s) dict_keys(['example_xcom']) retrieved from /home/airflow/.local/lib/python3.6/site-packages/airflow/example_dags/example_xcom.py
[2024-04-30 16:15:31,119] {logging_mixin.py:104} INFO - [2024-04-30 16:15:31,118] {dag.py:1824} INFO - Sync 1 DAGs
[2024-04-30 16:15:31,137] {logging_mixin.py:104} INFO - [2024-04-30 16:15:31,136] {dag.py:2280} INFO - Setting next_dagrun for example_xcom to None
[2024-04-30 16:15:31,147] {scheduler_job.py:190} INFO - Processing /home/airflow/.local/lib/python3.6/site-packages/airflow/example_dags/example_xcom.py took 0.069 seconds
[2024-04-30 16:16:01,847] {scheduler_job.py:182} INFO - Started process (PID=534) to work on /home/airflow/.local/lib/python3.6/site-packages/airflow/example_dags/example_xcom.py
[2024-04-30 16:16:01,849] {scheduler_job.py:629} INFO - Processing file /home/airflow/.local/lib/python3.6/site-packages/airflow/example_dags/example_xcom.py for tasks to queue
[2024-04-30 16:16:01,851] {logging_mixin.py:104} INFO - [2024-04-30 16:16:01,851] {dagbag.py:451} INFO - Filling up the DagBag from /home/airflow/.local/lib/python3.6/site-packages/airflow/example_dags/example_xcom.py
[2024-04-30 16:16:01,869] {scheduler_job.py:639} INFO - DAG(s) dict_keys(['example_xcom']) retrieved from /home/airflow/.local/lib/python3.6/site-packages/airflow/example_dags/example_xcom.py
[2024-04-30 16:16:01,895] {logging_mixin.py:104} INFO - [2024-04-30 16:16:01,895] {dag.py:1824} INFO - Sync 1 DAGs
[2024-04-30 16:16:01,915] {logging_mixin.py:104} INFO - [2024-04-30 16:16:01,915] {dag.py:2280} INFO - Setting next_dagrun for example_xcom to None
[2024-04-30 16:16:01,928] {scheduler_job.py:190} INFO - Processing /home/airflow/.local/lib/python3.6/site-packages/airflow/example_dags/example_xcom.py took 0.085 seconds
[2024-04-30 16:16:32,234] {scheduler_job.py:182} INFO - Started process (PID=566) to work on /home/airflow/.local/lib/python3.6/site-packages/airflow/example_dags/example_xcom.py
[2024-04-30 16:16:32,238] {scheduler_job.py:629} INFO - Processing file /home/airflow/.local/lib/python3.6/site-packages/airflow/example_dags/example_xcom.py for tasks to queue
[2024-04-30 16:16:32,239] {logging_mixin.py:104} INFO - [2024-04-30 16:16:32,239] {dagbag.py:451} INFO - Filling up the DagBag from /home/airflow/.local/lib/python3.6/site-packages/airflow/example_dags/example_xcom.py
[2024-04-30 16:16:32,277] {scheduler_job.py:639} INFO - DAG(s) dict_keys(['example_xcom']) retrieved from /home/airflow/.local/lib/python3.6/site-packages/airflow/example_dags/example_xcom.py
[2024-04-30 16:16:32,349] {logging_mixin.py:104} INFO - [2024-04-30 16:16:32,349] {dag.py:1824} INFO - Sync 1 DAGs
[2024-04-30 16:16:32,384] {logging_mixin.py:104} INFO - [2024-04-30 16:16:32,384] {dag.py:2280} INFO - Setting next_dagrun for example_xcom to None
[2024-04-30 16:16:32,418] {scheduler_job.py:190} INFO - Processing /home/airflow/.local/lib/python3.6/site-packages/airflow/example_dags/example_xcom.py took 0.190 seconds
[2024-04-30 16:17:03,280] {scheduler_job.py:182} INFO - Started process (PID=598) to work on /home/airflow/.local/lib/python3.6/site-packages/airflow/example_dags/example_xcom.py
[2024-04-30 16:17:03,281] {scheduler_job.py:629} INFO - Processing file /home/airflow/.local/lib/python3.6/site-packages/airflow/example_dags/example_xcom.py for tasks to queue
[2024-04-30 16:17:03,282] {logging_mixin.py:104} INFO - [2024-04-30 16:17:03,282] {dagbag.py:451} INFO - Filling up the DagBag from /home/airflow/.local/lib/python3.6/site-packages/airflow/example_dags/example_xcom.py
[2024-04-30 16:17:03,296] {scheduler_job.py:639} INFO - DAG(s) dict_keys(['example_xcom']) retrieved from /home/airflow/.local/lib/python3.6/site-packages/airflow/example_dags/example_xcom.py
[2024-04-30 16:17:03,321] {logging_mixin.py:104} INFO - [2024-04-30 16:17:03,321] {dag.py:1824} INFO - Sync 1 DAGs
[2024-04-30 16:17:03,345] {logging_mixin.py:104} INFO - [2024-04-30 16:17:03,345] {dag.py:2280} INFO - Setting next_dagrun for example_xcom to None
[2024-04-30 16:17:03,359] {scheduler_job.py:190} INFO - Processing /home/airflow/.local/lib/python3.6/site-packages/airflow/example_dags/example_xcom.py took 0.083 seconds
[2024-04-30 16:17:34,026] {scheduler_job.py:182} INFO - Started process (PID=630) to work on /home/airflow/.local/lib/python3.6/site-packages/airflow/example_dags/example_xcom.py
[2024-04-30 16:17:34,027] {scheduler_job.py:629} INFO - Processing file /home/airflow/.local/lib/python3.6/site-packages/airflow/example_dags/example_xcom.py for tasks to queue
[2024-04-30 16:17:34,028] {logging_mixin.py:104} INFO - [2024-04-30 16:17:34,027] {dagbag.py:451} INFO - Filling up the DagBag from /home/airflow/.local/lib/python3.6/site-packages/airflow/example_dags/example_xcom.py
[2024-04-30 16:17:34,042] {scheduler_job.py:639} INFO - DAG(s) dict_keys(['example_xcom']) retrieved from /home/airflow/.local/lib/python3.6/site-packages/airflow/example_dags/example_xcom.py
[2024-04-30 16:17:34,064] {logging_mixin.py:104} INFO - [2024-04-30 16:17:34,064] {dag.py:1824} INFO - Sync 1 DAGs
[2024-04-30 16:17:34,080] {logging_mixin.py:104} INFO - [2024-04-30 16:17:34,079] {dag.py:2280} INFO - Setting next_dagrun for example_xcom to None
[2024-04-30 16:17:34,094] {scheduler_job.py:190} INFO - Processing /home/airflow/.local/lib/python3.6/site-packages/airflow/example_dags/example_xcom.py took 0.071 seconds
[2024-04-30 16:18:05,002] {scheduler_job.py:182} INFO - Started process (PID=662) to work on /home/airflow/.local/lib/python3.6/site-packages/airflow/example_dags/example_xcom.py
[2024-04-30 16:18:05,004] {scheduler_job.py:629} INFO - Processing file /home/airflow/.local/lib/python3.6/site-packages/airflow/example_dags/example_xcom.py for tasks to queue
[2024-04-30 16:18:05,005] {logging_mixin.py:104} INFO - [2024-04-30 16:18:05,005] {dagbag.py:451} INFO - Filling up the DagBag from /home/airflow/.local/lib/python3.6/site-packages/airflow/example_dags/example_xcom.py
[2024-04-30 16:18:05,017] {scheduler_job.py:639} INFO - DAG(s) dict_keys(['example_xcom']) retrieved from /home/airflow/.local/lib/python3.6/site-packages/airflow/example_dags/example_xcom.py
[2024-04-30 16:18:05,040] {logging_mixin.py:104} INFO - [2024-04-30 16:18:05,040] {dag.py:1824} INFO - Sync 1 DAGs
[2024-04-30 16:18:05,056] {logging_mixin.py:104} INFO - [2024-04-30 16:18:05,056] {dag.py:2280} INFO - Setting next_dagrun for example_xcom to None
[2024-04-30 16:18:05,069] {scheduler_job.py:190} INFO - Processing /home/airflow/.local/lib/python3.6/site-packages/airflow/example_dags/example_xcom.py took 0.070 seconds
[2024-04-30 16:18:35,317] {scheduler_job.py:182} INFO - Started process (PID=694) to work on /home/airflow/.local/lib/python3.6/site-packages/airflow/example_dags/example_xcom.py
[2024-04-30 16:18:35,319] {scheduler_job.py:629} INFO - Processing file /home/airflow/.local/lib/python3.6/site-packages/airflow/example_dags/example_xcom.py for tasks to queue
[2024-04-30 16:18:35,320] {logging_mixin.py:104} INFO - [2024-04-30 16:18:35,319] {dagbag.py:451} INFO - Filling up the DagBag from /home/airflow/.local/lib/python3.6/site-packages/airflow/example_dags/example_xcom.py
[2024-04-30 16:18:35,331] {scheduler_job.py:639} INFO - DAG(s) dict_keys(['example_xcom']) retrieved from /home/airflow/.local/lib/python3.6/site-packages/airflow/example_dags/example_xcom.py
[2024-04-30 16:18:35,351] {logging_mixin.py:104} INFO - [2024-04-30 16:18:35,351] {dag.py:1824} INFO - Sync 1 DAGs
[2024-04-30 16:18:35,369] {logging_mixin.py:104} INFO - [2024-04-30 16:18:35,369] {dag.py:2280} INFO - Setting next_dagrun for example_xcom to None
[2024-04-30 16:18:35,382] {scheduler_job.py:190} INFO - Processing /home/airflow/.local/lib/python3.6/site-packages/airflow/example_dags/example_xcom.py took 0.068 seconds
[2024-04-30 16:19:05,863] {scheduler_job.py:182} INFO - Started process (PID=726) to work on /home/airflow/.local/lib/python3.6/site-packages/airflow/example_dags/example_xcom.py
[2024-04-30 16:19:05,864] {scheduler_job.py:629} INFO - Processing file /home/airflow/.local/lib/python3.6/site-packages/airflow/example_dags/example_xcom.py for tasks to queue
[2024-04-30 16:19:05,865] {logging_mixin.py:104} INFO - [2024-04-30 16:19:05,865] {dagbag.py:451} INFO - Filling up the DagBag from /home/airflow/.local/lib/python3.6/site-packages/airflow/example_dags/example_xcom.py
[2024-04-30 16:19:05,876] {scheduler_job.py:639} INFO - DAG(s) dict_keys(['example_xcom']) retrieved from /home/airflow/.local/lib/python3.6/site-packages/airflow/example_dags/example_xcom.py
[2024-04-30 16:19:05,899] {logging_mixin.py:104} INFO - [2024-04-30 16:19:05,898] {dag.py:1824} INFO - Sync 1 DAGs
[2024-04-30 16:19:05,915] {logging_mixin.py:104} INFO - [2024-04-30 16:19:05,915] {dag.py:2280} INFO - Setting next_dagrun for example_xcom to None
[2024-04-30 16:19:05,927] {scheduler_job.py:190} INFO - Processing /home/airflow/.local/lib/python3.6/site-packages/airflow/example_dags/example_xcom.py took 0.067 seconds
[2024-04-30 16:19:36,297] {scheduler_job.py:182} INFO - Started process (PID=758) to work on /home/airflow/.local/lib/python3.6/site-packages/airflow/example_dags/example_xcom.py
[2024-04-30 16:19:36,298] {scheduler_job.py:629} INFO - Processing file /home/airflow/.local/lib/python3.6/site-packages/airflow/example_dags/example_xcom.py for tasks to queue
[2024-04-30 16:19:36,299] {logging_mixin.py:104} INFO - [2024-04-30 16:19:36,299] {dagbag.py:451} INFO - Filling up the DagBag from /home/airflow/.local/lib/python3.6/site-packages/airflow/example_dags/example_xcom.py
[2024-04-30 16:19:36,310] {scheduler_job.py:639} INFO - DAG(s) dict_keys(['example_xcom']) retrieved from /home/airflow/.local/lib/python3.6/site-packages/airflow/example_dags/example_xcom.py
[2024-04-30 16:19:36,331] {logging_mixin.py:104} INFO - [2024-04-30 16:19:36,331] {dag.py:1824} INFO - Sync 1 DAGs
[2024-04-30 16:19:36,348] {logging_mixin.py:104} INFO - [2024-04-30 16:19:36,348] {dag.py:2280} INFO - Setting next_dagrun for example_xcom to None
[2024-04-30 16:19:36,359] {scheduler_job.py:190} INFO - Processing /home/airflow/.local/lib/python3.6/site-packages/airflow/example_dags/example_xcom.py took 0.065 seconds
[2024-04-30 16:20:06,704] {scheduler_job.py:182} INFO - Started process (PID=790) to work on /home/airflow/.local/lib/python3.6/site-packages/airflow/example_dags/example_xcom.py
[2024-04-30 16:20:06,705] {scheduler_job.py:629} INFO - Processing file /home/airflow/.local/lib/python3.6/site-packages/airflow/example_dags/example_xcom.py for tasks to queue
[2024-04-30 16:20:06,706] {logging_mixin.py:104} INFO - [2024-04-30 16:20:06,706] {dagbag.py:451} INFO - Filling up the DagBag from /home/airflow/.local/lib/python3.6/site-packages/airflow/example_dags/example_xcom.py
[2024-04-30 16:20:06,721] {scheduler_job.py:639} INFO - DAG(s) dict_keys(['example_xcom']) retrieved from /home/airflow/.local/lib/python3.6/site-packages/airflow/example_dags/example_xcom.py
[2024-04-30 16:20:06,744] {logging_mixin.py:104} INFO - [2024-04-30 16:20:06,743] {dag.py:1824} INFO - Sync 1 DAGs
[2024-04-30 16:20:06,762] {logging_mixin.py:104} INFO - [2024-04-30 16:20:06,762] {dag.py:2280} INFO - Setting next_dagrun for example_xcom to None
[2024-04-30 16:20:06,773] {scheduler_job.py:190} INFO - Processing /home/airflow/.local/lib/python3.6/site-packages/airflow/example_dags/example_xcom.py took 0.073 seconds
[2024-04-30 16:20:37,213] {scheduler_job.py:182} INFO - Started process (PID=822) to work on /home/airflow/.local/lib/python3.6/site-packages/airflow/example_dags/example_xcom.py
[2024-04-30 16:20:37,215] {scheduler_job.py:629} INFO - Processing file /home/airflow/.local/lib/python3.6/site-packages/airflow/example_dags/example_xcom.py for tasks to queue
[2024-04-30 16:20:37,216] {logging_mixin.py:104} INFO - [2024-04-30 16:20:37,216] {dagbag.py:451} INFO - Filling up the DagBag from /home/airflow/.local/lib/python3.6/site-packages/airflow/example_dags/example_xcom.py
[2024-04-30 16:20:37,232] {scheduler_job.py:639} INFO - DAG(s) dict_keys(['example_xcom']) retrieved from /home/airflow/.local/lib/python3.6/site-packages/airflow/example_dags/example_xcom.py
[2024-04-30 16:20:37,258] {logging_mixin.py:104} INFO - [2024-04-30 16:20:37,258] {dag.py:1824} INFO - Sync 1 DAGs
[2024-04-30 16:20:37,278] {logging_mixin.py:104} INFO - [2024-04-30 16:20:37,278] {dag.py:2280} INFO - Setting next_dagrun for example_xcom to None
[2024-04-30 16:20:37,289] {scheduler_job.py:190} INFO - Processing /home/airflow/.local/lib/python3.6/site-packages/airflow/example_dags/example_xcom.py took 0.083 seconds
[2024-04-30 16:21:07,694] {scheduler_job.py:182} INFO - Started process (PID=854) to work on /home/airflow/.local/lib/python3.6/site-packages/airflow/example_dags/example_xcom.py
[2024-04-30 16:21:07,696] {scheduler_job.py:629} INFO - Processing file /home/airflow/.local/lib/python3.6/site-packages/airflow/example_dags/example_xcom.py for tasks to queue
[2024-04-30 16:21:07,697] {logging_mixin.py:104} INFO - [2024-04-30 16:21:07,697] {dagbag.py:451} INFO - Filling up the DagBag from /home/airflow/.local/lib/python3.6/site-packages/airflow/example_dags/example_xcom.py
[2024-04-30 16:21:07,712] {scheduler_job.py:639} INFO - DAG(s) dict_keys(['example_xcom']) retrieved from /home/airflow/.local/lib/python3.6/site-packages/airflow/example_dags/example_xcom.py
[2024-04-30 16:21:07,737] {logging_mixin.py:104} INFO - [2024-04-30 16:21:07,737] {dag.py:1824} INFO - Sync 1 DAGs
[2024-04-30 16:21:07,756] {logging_mixin.py:104} INFO - [2024-04-30 16:21:07,756] {dag.py:2280} INFO - Setting next_dagrun for example_xcom to None
[2024-04-30 16:21:07,766] {scheduler_job.py:190} INFO - Processing /home/airflow/.local/lib/python3.6/site-packages/airflow/example_dags/example_xcom.py took 0.075 seconds
[2024-04-30 16:21:38,300] {scheduler_job.py:182} INFO - Started process (PID=886) to work on /home/airflow/.local/lib/python3.6/site-packages/airflow/example_dags/example_xcom.py
[2024-04-30 16:21:38,302] {scheduler_job.py:629} INFO - Processing file /home/airflow/.local/lib/python3.6/site-packages/airflow/example_dags/example_xcom.py for tasks to queue
[2024-04-30 16:21:38,303] {logging_mixin.py:104} INFO - [2024-04-30 16:21:38,303] {dagbag.py:451} INFO - Filling up the DagBag from /home/airflow/.local/lib/python3.6/site-packages/airflow/example_dags/example_xcom.py
[2024-04-30 16:21:38,314] {scheduler_job.py:639} INFO - DAG(s) dict_keys(['example_xcom']) retrieved from /home/airflow/.local/lib/python3.6/site-packages/airflow/example_dags/example_xcom.py
[2024-04-30 16:21:38,334] {logging_mixin.py:104} INFO - [2024-04-30 16:21:38,334] {dag.py:1824} INFO - Sync 1 DAGs
[2024-04-30 16:21:38,347] {logging_mixin.py:104} INFO - [2024-04-30 16:21:38,347] {dag.py:2280} INFO - Setting next_dagrun for example_xcom to None
[2024-04-30 16:21:38,357] {scheduler_job.py:190} INFO - Processing /home/airflow/.local/lib/python3.6/site-packages/airflow/example_dags/example_xcom.py took 0.060 seconds
[2024-04-30 16:22:08,857] {scheduler_job.py:182} INFO - Started process (PID=918) to work on /home/airflow/.local/lib/python3.6/site-packages/airflow/example_dags/example_xcom.py
[2024-04-30 16:22:08,859] {scheduler_job.py:629} INFO - Processing file /home/airflow/.local/lib/python3.6/site-packages/airflow/example_dags/example_xcom.py for tasks to queue
[2024-04-30 16:22:08,859] {logging_mixin.py:104} INFO - [2024-04-30 16:22:08,859] {dagbag.py:451} INFO - Filling up the DagBag from /home/airflow/.local/lib/python3.6/site-packages/airflow/example_dags/example_xcom.py
[2024-04-30 16:22:08,871] {scheduler_job.py:639} INFO - DAG(s) dict_keys(['example_xcom']) retrieved from /home/airflow/.local/lib/python3.6/site-packages/airflow/example_dags/example_xcom.py
[2024-04-30 16:22:08,893] {logging_mixin.py:104} INFO - [2024-04-30 16:22:08,893] {dag.py:1824} INFO - Sync 1 DAGs
[2024-04-30 16:22:08,906] {logging_mixin.py:104} INFO - [2024-04-30 16:22:08,906] {dag.py:2280} INFO - Setting next_dagrun for example_xcom to None
[2024-04-30 16:22:08,917] {scheduler_job.py:190} INFO - Processing /home/airflow/.local/lib/python3.6/site-packages/airflow/example_dags/example_xcom.py took 0.063 seconds
[2024-04-30 16:22:39,494] {scheduler_job.py:182} INFO - Started process (PID=950) to work on /home/airflow/.local/lib/python3.6/site-packages/airflow/example_dags/example_xcom.py
[2024-04-30 16:22:39,496] {scheduler_job.py:629} INFO - Processing file /home/airflow/.local/lib/python3.6/site-packages/airflow/example_dags/example_xcom.py for tasks to queue
[2024-04-30 16:22:39,498] {logging_mixin.py:104} INFO - [2024-04-30 16:22:39,498] {dagbag.py:451} INFO - Filling up the DagBag from /home/airflow/.local/lib/python3.6/site-packages/airflow/example_dags/example_xcom.py
[2024-04-30 16:22:39,515] {scheduler_job.py:639} INFO - DAG(s) dict_keys(['example_xcom']) retrieved from /home/airflow/.local/lib/python3.6/site-packages/airflow/example_dags/example_xcom.py
[2024-04-30 16:22:39,541] {logging_mixin.py:104} INFO - [2024-04-30 16:22:39,541] {dag.py:1824} INFO - Sync 1 DAGs
[2024-04-30 16:22:39,560] {logging_mixin.py:104} INFO - [2024-04-30 16:22:39,560] {dag.py:2280} INFO - Setting next_dagrun for example_xcom to None
[2024-04-30 16:22:39,571] {scheduler_job.py:190} INFO - Processing /home/airflow/.local/lib/python3.6/site-packages/airflow/example_dags/example_xcom.py took 0.081 seconds
[2024-04-30 16:23:10,033] {scheduler_job.py:182} INFO - Started process (PID=982) to work on /home/airflow/.local/lib/python3.6/site-packages/airflow/example_dags/example_xcom.py
[2024-04-30 16:23:10,035] {scheduler_job.py:629} INFO - Processing file /home/airflow/.local/lib/python3.6/site-packages/airflow/example_dags/example_xcom.py for tasks to queue
[2024-04-30 16:23:10,036] {logging_mixin.py:104} INFO - [2024-04-30 16:23:10,036] {dagbag.py:451} INFO - Filling up the DagBag from /home/airflow/.local/lib/python3.6/site-packages/airflow/example_dags/example_xcom.py
[2024-04-30 16:23:10,050] {scheduler_job.py:639} INFO - DAG(s) dict_keys(['example_xcom']) retrieved from /home/airflow/.local/lib/python3.6/site-packages/airflow/example_dags/example_xcom.py
[2024-04-30 16:23:10,077] {logging_mixin.py:104} INFO - [2024-04-30 16:23:10,077] {dag.py:1824} INFO - Sync 1 DAGs
[2024-04-30 16:23:10,098] {logging_mixin.py:104} INFO - [2024-04-30 16:23:10,098] {dag.py:2280} INFO - Setting next_dagrun for example_xcom to None
[2024-04-30 16:23:10,115] {scheduler_job.py:190} INFO - Processing /home/airflow/.local/lib/python3.6/site-packages/airflow/example_dags/example_xcom.py took 0.086 seconds
[2024-04-30 16:23:40,543] {scheduler_job.py:182} INFO - Started process (PID=1014) to work on /home/airflow/.local/lib/python3.6/site-packages/airflow/example_dags/example_xcom.py
[2024-04-30 16:23:40,544] {scheduler_job.py:629} INFO - Processing file /home/airflow/.local/lib/python3.6/site-packages/airflow/example_dags/example_xcom.py for tasks to queue
[2024-04-30 16:23:40,545] {logging_mixin.py:104} INFO - [2024-04-30 16:23:40,545] {dagbag.py:451} INFO - Filling up the DagBag from /home/airflow/.local/lib/python3.6/site-packages/airflow/example_dags/example_xcom.py
[2024-04-30 16:23:40,557] {scheduler_job.py:639} INFO - DAG(s) dict_keys(['example_xcom']) retrieved from /home/airflow/.local/lib/python3.6/site-packages/airflow/example_dags/example_xcom.py
[2024-04-30 16:23:40,579] {logging_mixin.py:104} INFO - [2024-04-30 16:23:40,579] {dag.py:1824} INFO - Sync 1 DAGs
[2024-04-30 16:23:40,594] {logging_mixin.py:104} INFO - [2024-04-30 16:23:40,593] {dag.py:2280} INFO - Setting next_dagrun for example_xcom to None
[2024-04-30 16:23:40,604] {scheduler_job.py:190} INFO - Processing /home/airflow/.local/lib/python3.6/site-packages/airflow/example_dags/example_xcom.py took 0.066 seconds
[2024-04-30 16:24:11,214] {scheduler_job.py:182} INFO - Started process (PID=1046) to work on /home/airflow/.local/lib/python3.6/site-packages/airflow/example_dags/example_xcom.py
[2024-04-30 16:24:11,215] {scheduler_job.py:629} INFO - Processing file /home/airflow/.local/lib/python3.6/site-packages/airflow/example_dags/example_xcom.py for tasks to queue
[2024-04-30 16:24:11,216] {logging_mixin.py:104} INFO - [2024-04-30 16:24:11,216] {dagbag.py:451} INFO - Filling up the DagBag from /home/airflow/.local/lib/python3.6/site-packages/airflow/example_dags/example_xcom.py
[2024-04-30 16:24:11,229] {scheduler_job.py:639} INFO - DAG(s) dict_keys(['example_xcom']) retrieved from /home/airflow/.local/lib/python3.6/site-packages/airflow/example_dags/example_xcom.py
[2024-04-30 16:24:11,252] {logging_mixin.py:104} INFO - [2024-04-30 16:24:11,251] {dag.py:1824} INFO - Sync 1 DAGs
[2024-04-30 16:24:11,267] {logging_mixin.py:104} INFO - [2024-04-30 16:24:11,267] {dag.py:2280} INFO - Setting next_dagrun for example_xcom to None
[2024-04-30 16:24:11,278] {scheduler_job.py:190} INFO - Processing /home/airflow/.local/lib/python3.6/site-packages/airflow/example_dags/example_xcom.py took 0.067 seconds
[2024-04-30 16:24:41,692] {scheduler_job.py:182} INFO - Started process (PID=1078) to work on /home/airflow/.local/lib/python3.6/site-packages/airflow/example_dags/example_xcom.py
[2024-04-30 16:24:41,693] {scheduler_job.py:629} INFO - Processing file /home/airflow/.local/lib/python3.6/site-packages/airflow/example_dags/example_xcom.py for tasks to queue
[2024-04-30 16:24:41,694] {logging_mixin.py:104} INFO - [2024-04-30 16:24:41,694] {dagbag.py:451} INFO - Filling up the DagBag from /home/airflow/.local/lib/python3.6/site-packages/airflow/example_dags/example_xcom.py
[2024-04-30 16:24:41,707] {scheduler_job.py:639} INFO - DAG(s) dict_keys(['example_xcom']) retrieved from /home/airflow/.local/lib/python3.6/site-packages/airflow/example_dags/example_xcom.py
[2024-04-30 16:24:41,731] {logging_mixin.py:104} INFO - [2024-04-30 16:24:41,731] {dag.py:1824} INFO - Sync 1 DAGs
[2024-04-30 16:24:41,747] {logging_mixin.py:104} INFO - [2024-04-30 16:24:41,747] {dag.py:2280} INFO - Setting next_dagrun for example_xcom to None
[2024-04-30 16:24:41,758] {scheduler_job.py:190} INFO - Processing /home/airflow/.local/lib/python3.6/site-packages/airflow/example_dags/example_xcom.py took 0.069 seconds
[2024-04-30 16:25:12,434] {scheduler_job.py:182} INFO - Started process (PID=1110) to work on /home/airflow/.local/lib/python3.6/site-packages/airflow/example_dags/example_xcom.py
[2024-04-30 16:25:12,435] {scheduler_job.py:629} INFO - Processing file /home/airflow/.local/lib/python3.6/site-packages/airflow/example_dags/example_xcom.py for tasks to queue
[2024-04-30 16:25:12,436] {logging_mixin.py:104} INFO - [2024-04-30 16:25:12,436] {dagbag.py:451} INFO - Filling up the DagBag from /home/airflow/.local/lib/python3.6/site-packages/airflow/example_dags/example_xcom.py
[2024-04-30 16:25:12,449] {scheduler_job.py:639} INFO - DAG(s) dict_keys(['example_xcom']) retrieved from /home/airflow/.local/lib/python3.6/site-packages/airflow/example_dags/example_xcom.py
[2024-04-30 16:25:12,473] {logging_mixin.py:104} INFO - [2024-04-30 16:25:12,472] {dag.py:1824} INFO - Sync 1 DAGs
[2024-04-30 16:25:12,509] {logging_mixin.py:104} INFO - [2024-04-30 16:25:12,508] {dag.py:2280} INFO - Setting next_dagrun for example_xcom to None
[2024-04-30 16:25:12,544] {scheduler_job.py:190} INFO - Processing /home/airflow/.local/lib/python3.6/site-packages/airflow/example_dags/example_xcom.py took 0.114 seconds
[2024-04-30 16:25:43,068] {scheduler_job.py:182} INFO - Started process (PID=1142) to work on /home/airflow/.local/lib/python3.6/site-packages/airflow/example_dags/example_xcom.py
[2024-04-30 16:25:43,069] {scheduler_job.py:629} INFO - Processing file /home/airflow/.local/lib/python3.6/site-packages/airflow/example_dags/example_xcom.py for tasks to queue
[2024-04-30 16:25:43,071] {logging_mixin.py:104} INFO - [2024-04-30 16:25:43,071] {dagbag.py:451} INFO - Filling up the DagBag from /home/airflow/.local/lib/python3.6/site-packages/airflow/example_dags/example_xcom.py
[2024-04-30 16:25:43,083] {scheduler_job.py:639} INFO - DAG(s) dict_keys(['example_xcom']) retrieved from /home/airflow/.local/lib/python3.6/site-packages/airflow/example_dags/example_xcom.py
[2024-04-30 16:25:43,105] {logging_mixin.py:104} INFO - [2024-04-30 16:25:43,105] {dag.py:1824} INFO - Sync 1 DAGs
[2024-04-30 16:25:43,120] {logging_mixin.py:104} INFO - [2024-04-30 16:25:43,120] {dag.py:2280} INFO - Setting next_dagrun for example_xcom to None
[2024-04-30 16:25:43,131] {scheduler_job.py:190} INFO - Processing /home/airflow/.local/lib/python3.6/site-packages/airflow/example_dags/example_xcom.py took 0.066 seconds
[2024-04-30 16:26:13,520] {scheduler_job.py:182} INFO - Started process (PID=1174) to work on /home/airflow/.local/lib/python3.6/site-packages/airflow/example_dags/example_xcom.py
[2024-04-30 16:26:13,521] {scheduler_job.py:629} INFO - Processing file /home/airflow/.local/lib/python3.6/site-packages/airflow/example_dags/example_xcom.py for tasks to queue
[2024-04-30 16:26:13,522] {logging_mixin.py:104} INFO - [2024-04-30 16:26:13,522] {dagbag.py:451} INFO - Filling up the DagBag from /home/airflow/.local/lib/python3.6/site-packages/airflow/example_dags/example_xcom.py
[2024-04-30 16:26:13,534] {scheduler_job.py:639} INFO - DAG(s) dict_keys(['example_xcom']) retrieved from /home/airflow/.local/lib/python3.6/site-packages/airflow/example_dags/example_xcom.py
[2024-04-30 16:26:13,553] {logging_mixin.py:104} INFO - [2024-04-30 16:26:13,553] {dag.py:1824} INFO - Sync 1 DAGs
[2024-04-30 16:26:13,567] {logging_mixin.py:104} INFO - [2024-04-30 16:26:13,567] {dag.py:2280} INFO - Setting next_dagrun for example_xcom to None
[2024-04-30 16:26:13,578] {scheduler_job.py:190} INFO - Processing /home/airflow/.local/lib/python3.6/site-packages/airflow/example_dags/example_xcom.py took 0.061 seconds
[2024-04-30 16:26:44,074] {scheduler_job.py:182} INFO - Started process (PID=1206) to work on /home/airflow/.local/lib/python3.6/site-packages/airflow/example_dags/example_xcom.py
[2024-04-30 16:26:44,077] {scheduler_job.py:629} INFO - Processing file /home/airflow/.local/lib/python3.6/site-packages/airflow/example_dags/example_xcom.py for tasks to queue
[2024-04-30 16:26:44,078] {logging_mixin.py:104} INFO - [2024-04-30 16:26:44,078] {dagbag.py:451} INFO - Filling up the DagBag from /home/airflow/.local/lib/python3.6/site-packages/airflow/example_dags/example_xcom.py
[2024-04-30 16:26:44,089] {scheduler_job.py:639} INFO - DAG(s) dict_keys(['example_xcom']) retrieved from /home/airflow/.local/lib/python3.6/site-packages/airflow/example_dags/example_xcom.py
[2024-04-30 16:26:44,108] {logging_mixin.py:104} INFO - [2024-04-30 16:26:44,108] {dag.py:1824} INFO - Sync 1 DAGs
[2024-04-30 16:26:44,122] {logging_mixin.py:104} INFO - [2024-04-30 16:26:44,122] {dag.py:2280} INFO - Setting next_dagrun for example_xcom to None
[2024-04-30 16:26:44,143] {scheduler_job.py:190} INFO - Processing /home/airflow/.local/lib/python3.6/site-packages/airflow/example_dags/example_xcom.py took 0.073 seconds
[2024-04-30 16:27:14,511] {scheduler_job.py:182} INFO - Started process (PID=1238) to work on /home/airflow/.local/lib/python3.6/site-packages/airflow/example_dags/example_xcom.py
[2024-04-30 16:27:14,512] {scheduler_job.py:629} INFO - Processing file /home/airflow/.local/lib/python3.6/site-packages/airflow/example_dags/example_xcom.py for tasks to queue
[2024-04-30 16:27:14,513] {logging_mixin.py:104} INFO - [2024-04-30 16:27:14,513] {dagbag.py:451} INFO - Filling up the DagBag from /home/airflow/.local/lib/python3.6/site-packages/airflow/example_dags/example_xcom.py
[2024-04-30 16:27:14,524] {scheduler_job.py:639} INFO - DAG(s) dict_keys(['example_xcom']) retrieved from /home/airflow/.local/lib/python3.6/site-packages/airflow/example_dags/example_xcom.py
[2024-04-30 16:27:14,545] {logging_mixin.py:104} INFO - [2024-04-30 16:27:14,545] {dag.py:1824} INFO - Sync 1 DAGs
[2024-04-30 16:27:14,561] {logging_mixin.py:104} INFO - [2024-04-30 16:27:14,561] {dag.py:2280} INFO - Setting next_dagrun for example_xcom to None
[2024-04-30 16:27:14,574] {scheduler_job.py:190} INFO - Processing /home/airflow/.local/lib/python3.6/site-packages/airflow/example_dags/example_xcom.py took 0.066 seconds
[2024-04-30 16:27:45,044] {scheduler_job.py:182} INFO - Started process (PID=1270) to work on /home/airflow/.local/lib/python3.6/site-packages/airflow/example_dags/example_xcom.py
[2024-04-30 16:27:45,045] {scheduler_job.py:629} INFO - Processing file /home/airflow/.local/lib/python3.6/site-packages/airflow/example_dags/example_xcom.py for tasks to queue
[2024-04-30 16:27:45,046] {logging_mixin.py:104} INFO - [2024-04-30 16:27:45,046] {dagbag.py:451} INFO - Filling up the DagBag from /home/airflow/.local/lib/python3.6/site-packages/airflow/example_dags/example_xcom.py
[2024-04-30 16:27:45,057] {scheduler_job.py:639} INFO - DAG(s) dict_keys(['example_xcom']) retrieved from /home/airflow/.local/lib/python3.6/site-packages/airflow/example_dags/example_xcom.py
[2024-04-30 16:27:45,078] {logging_mixin.py:104} INFO - [2024-04-30 16:27:45,078] {dag.py:1824} INFO - Sync 1 DAGs
[2024-04-30 16:27:45,093] {logging_mixin.py:104} INFO - [2024-04-30 16:27:45,093] {dag.py:2280} INFO - Setting next_dagrun for example_xcom to None
[2024-04-30 16:27:45,116] {scheduler_job.py:190} INFO - Processing /home/airflow/.local/lib/python3.6/site-packages/airflow/example_dags/example_xcom.py took 0.075 seconds
[2024-04-30 16:28:15,609] {scheduler_job.py:182} INFO - Started process (PID=1302) to work on /home/airflow/.local/lib/python3.6/site-packages/airflow/example_dags/example_xcom.py
[2024-04-30 16:28:15,610] {scheduler_job.py:629} INFO - Processing file /home/airflow/.local/lib/python3.6/site-packages/airflow/example_dags/example_xcom.py for tasks to queue
[2024-04-30 16:28:15,611] {logging_mixin.py:104} INFO - [2024-04-30 16:28:15,611] {dagbag.py:451} INFO - Filling up the DagBag from /home/airflow/.local/lib/python3.6/site-packages/airflow/example_dags/example_xcom.py
[2024-04-30 16:28:15,623] {scheduler_job.py:639} INFO - DAG(s) dict_keys(['example_xcom']) retrieved from /home/airflow/.local/lib/python3.6/site-packages/airflow/example_dags/example_xcom.py
[2024-04-30 16:28:15,648] {logging_mixin.py:104} INFO - [2024-04-30 16:28:15,648] {dag.py:1824} INFO - Sync 1 DAGs
[2024-04-30 16:28:15,670] {logging_mixin.py:104} INFO - [2024-04-30 16:28:15,670] {dag.py:2280} INFO - Setting next_dagrun for example_xcom to None
[2024-04-30 16:28:15,683] {scheduler_job.py:190} INFO - Processing /home/airflow/.local/lib/python3.6/site-packages/airflow/example_dags/example_xcom.py took 0.077 seconds
[2024-04-30 16:28:46,122] {scheduler_job.py:182} INFO - Started process (PID=1334) to work on /home/airflow/.local/lib/python3.6/site-packages/airflow/example_dags/example_xcom.py
[2024-04-30 16:28:46,124] {scheduler_job.py:629} INFO - Processing file /home/airflow/.local/lib/python3.6/site-packages/airflow/example_dags/example_xcom.py for tasks to queue
[2024-04-30 16:28:46,125] {logging_mixin.py:104} INFO - [2024-04-30 16:28:46,125] {dagbag.py:451} INFO - Filling up the DagBag from /home/airflow/.local/lib/python3.6/site-packages/airflow/example_dags/example_xcom.py
[2024-04-30 16:28:46,136] {scheduler_job.py:639} INFO - DAG(s) dict_keys(['example_xcom']) retrieved from /home/airflow/.local/lib/python3.6/site-packages/airflow/example_dags/example_xcom.py
[2024-04-30 16:28:46,155] {logging_mixin.py:104} INFO - [2024-04-30 16:28:46,155] {dag.py:1824} INFO - Sync 1 DAGs
[2024-04-30 16:28:46,171] {logging_mixin.py:104} INFO - [2024-04-30 16:28:46,170] {dag.py:2280} INFO - Setting next_dagrun for example_xcom to None
[2024-04-30 16:28:46,193] {scheduler_job.py:190} INFO - Processing /home/airflow/.local/lib/python3.6/site-packages/airflow/example_dags/example_xcom.py took 0.074 seconds
[2024-04-30 16:29:16,708] {scheduler_job.py:182} INFO - Started process (PID=1366) to work on /home/airflow/.local/lib/python3.6/site-packages/airflow/example_dags/example_xcom.py
[2024-04-30 16:29:16,710] {scheduler_job.py:629} INFO - Processing file /home/airflow/.local/lib/python3.6/site-packages/airflow/example_dags/example_xcom.py for tasks to queue
[2024-04-30 16:29:16,712] {logging_mixin.py:104} INFO - [2024-04-30 16:29:16,712] {dagbag.py:451} INFO - Filling up the DagBag from /home/airflow/.local/lib/python3.6/site-packages/airflow/example_dags/example_xcom.py
[2024-04-30 16:29:16,730] {scheduler_job.py:639} INFO - DAG(s) dict_keys(['example_xcom']) retrieved from /home/airflow/.local/lib/python3.6/site-packages/airflow/example_dags/example_xcom.py
[2024-04-30 16:29:16,751] {logging_mixin.py:104} INFO - [2024-04-30 16:29:16,750] {dag.py:1824} INFO - Sync 1 DAGs
[2024-04-30 16:29:16,765] {logging_mixin.py:104} INFO - [2024-04-30 16:29:16,765] {dag.py:2280} INFO - Setting next_dagrun for example_xcom to None
[2024-04-30 16:29:16,776] {scheduler_job.py:190} INFO - Processing /home/airflow/.local/lib/python3.6/site-packages/airflow/example_dags/example_xcom.py took 0.075 seconds
[2024-04-30 16:29:47,267] {scheduler_job.py:182} INFO - Started process (PID=1398) to work on /home/airflow/.local/lib/python3.6/site-packages/airflow/example_dags/example_xcom.py
[2024-04-30 16:29:47,269] {scheduler_job.py:629} INFO - Processing file /home/airflow/.local/lib/python3.6/site-packages/airflow/example_dags/example_xcom.py for tasks to queue
[2024-04-30 16:29:47,269] {logging_mixin.py:104} INFO - [2024-04-30 16:29:47,269] {dagbag.py:451} INFO - Filling up the DagBag from /home/airflow/.local/lib/python3.6/site-packages/airflow/example_dags/example_xcom.py
[2024-04-30 16:29:47,280] {scheduler_job.py:639} INFO - DAG(s) dict_keys(['example_xcom']) retrieved from /home/airflow/.local/lib/python3.6/site-packages/airflow/example_dags/example_xcom.py
[2024-04-30 16:29:47,301] {logging_mixin.py:104} INFO - [2024-04-30 16:29:47,301] {dag.py:1824} INFO - Sync 1 DAGs
[2024-04-30 16:29:47,316] {logging_mixin.py:104} INFO - [2024-04-30 16:29:47,316] {dag.py:2280} INFO - Setting next_dagrun for example_xcom to None
[2024-04-30 16:29:47,328] {scheduler_job.py:190} INFO - Processing /home/airflow/.local/lib/python3.6/site-packages/airflow/example_dags/example_xcom.py took 0.063 seconds
[2024-04-30 16:30:17,799] {scheduler_job.py:182} INFO - Started process (PID=1430) to work on /home/airflow/.local/lib/python3.6/site-packages/airflow/example_dags/example_xcom.py
[2024-04-30 16:30:17,800] {scheduler_job.py:629} INFO - Processing file /home/airflow/.local/lib/python3.6/site-packages/airflow/example_dags/example_xcom.py for tasks to queue
[2024-04-30 16:30:17,802] {logging_mixin.py:104} INFO - [2024-04-30 16:30:17,801] {dagbag.py:451} INFO - Filling up the DagBag from /home/airflow/.local/lib/python3.6/site-packages/airflow/example_dags/example_xcom.py
[2024-04-30 16:30:17,816] {scheduler_job.py:639} INFO - DAG(s) dict_keys(['example_xcom']) retrieved from /home/airflow/.local/lib/python3.6/site-packages/airflow/example_dags/example_xcom.py
[2024-04-30 16:30:17,840] {logging_mixin.py:104} INFO - [2024-04-30 16:30:17,840] {dag.py:1824} INFO - Sync 1 DAGs
[2024-04-30 16:30:17,860] {logging_mixin.py:104} INFO - [2024-04-30 16:30:17,860] {dag.py:2280} INFO - Setting next_dagrun for example_xcom to None
[2024-04-30 16:30:17,871] {scheduler_job.py:190} INFO - Processing /home/airflow/.local/lib/python3.6/site-packages/airflow/example_dags/example_xcom.py took 0.077 seconds
[2024-04-30 16:30:48,635] {scheduler_job.py:182} INFO - Started process (PID=1462) to work on /home/airflow/.local/lib/python3.6/site-packages/airflow/example_dags/example_xcom.py
[2024-04-30 16:30:48,638] {scheduler_job.py:629} INFO - Processing file /home/airflow/.local/lib/python3.6/site-packages/airflow/example_dags/example_xcom.py for tasks to queue
[2024-04-30 16:30:48,640] {logging_mixin.py:104} INFO - [2024-04-30 16:30:48,640] {dagbag.py:451} INFO - Filling up the DagBag from /home/airflow/.local/lib/python3.6/site-packages/airflow/example_dags/example_xcom.py
[2024-04-30 16:30:48,659] {scheduler_job.py:639} INFO - DAG(s) dict_keys(['example_xcom']) retrieved from /home/airflow/.local/lib/python3.6/site-packages/airflow/example_dags/example_xcom.py
[2024-04-30 16:30:48,699] {logging_mixin.py:104} INFO - [2024-04-30 16:30:48,699] {dag.py:1824} INFO - Sync 1 DAGs
[2024-04-30 16:30:48,732] {logging_mixin.py:104} INFO - [2024-04-30 16:30:48,732] {dag.py:2280} INFO - Setting next_dagrun for example_xcom to None
[2024-04-30 16:30:48,754] {scheduler_job.py:190} INFO - Processing /home/airflow/.local/lib/python3.6/site-packages/airflow/example_dags/example_xcom.py took 0.123 seconds
[2024-04-30 16:31:19,280] {scheduler_job.py:182} INFO - Started process (PID=1494) to work on /home/airflow/.local/lib/python3.6/site-packages/airflow/example_dags/example_xcom.py
[2024-04-30 16:31:19,283] {scheduler_job.py:629} INFO - Processing file /home/airflow/.local/lib/python3.6/site-packages/airflow/example_dags/example_xcom.py for tasks to queue
[2024-04-30 16:31:19,284] {logging_mixin.py:104} INFO - [2024-04-30 16:31:19,284] {dagbag.py:451} INFO - Filling up the DagBag from /home/airflow/.local/lib/python3.6/site-packages/airflow/example_dags/example_xcom.py
[2024-04-30 16:31:19,308] {scheduler_job.py:639} INFO - DAG(s) dict_keys(['example_xcom']) retrieved from /home/airflow/.local/lib/python3.6/site-packages/airflow/example_dags/example_xcom.py
[2024-04-30 16:31:19,350] {logging_mixin.py:104} INFO - [2024-04-30 16:31:19,350] {dag.py:1824} INFO - Sync 1 DAGs
[2024-04-30 16:31:19,381] {logging_mixin.py:104} INFO - [2024-04-30 16:31:19,381] {dag.py:2280} INFO - Setting next_dagrun for example_xcom to None
[2024-04-30 16:31:19,405] {scheduler_job.py:190} INFO - Processing /home/airflow/.local/lib/python3.6/site-packages/airflow/example_dags/example_xcom.py took 0.133 seconds
[2024-04-30 16:31:49,662] {scheduler_job.py:182} INFO - Started process (PID=1526) to work on /home/airflow/.local/lib/python3.6/site-packages/airflow/example_dags/example_xcom.py
[2024-04-30 16:31:49,664] {scheduler_job.py:629} INFO - Processing file /home/airflow/.local/lib/python3.6/site-packages/airflow/example_dags/example_xcom.py for tasks to queue
[2024-04-30 16:31:49,666] {logging_mixin.py:104} INFO - [2024-04-30 16:31:49,665] {dagbag.py:451} INFO - Filling up the DagBag from /home/airflow/.local/lib/python3.6/site-packages/airflow/example_dags/example_xcom.py
[2024-04-30 16:31:49,680] {scheduler_job.py:639} INFO - DAG(s) dict_keys(['example_xcom']) retrieved from /home/airflow/.local/lib/python3.6/site-packages/airflow/example_dags/example_xcom.py
[2024-04-30 16:31:49,714] {logging_mixin.py:104} INFO - [2024-04-30 16:31:49,714] {dag.py:1824} INFO - Sync 1 DAGs
[2024-04-30 16:31:49,748] {logging_mixin.py:104} INFO - [2024-04-30 16:31:49,748] {dag.py:2280} INFO - Setting next_dagrun for example_xcom to None
[2024-04-30 16:31:49,771] {scheduler_job.py:190} INFO - Processing /home/airflow/.local/lib/python3.6/site-packages/airflow/example_dags/example_xcom.py took 0.114 seconds
[2024-04-30 16:32:20,699] {scheduler_job.py:182} INFO - Started process (PID=1558) to work on /home/airflow/.local/lib/python3.6/site-packages/airflow/example_dags/example_xcom.py
[2024-04-30 16:32:20,701] {scheduler_job.py:629} INFO - Processing file /home/airflow/.local/lib/python3.6/site-packages/airflow/example_dags/example_xcom.py for tasks to queue
[2024-04-30 16:32:20,702] {logging_mixin.py:104} INFO - [2024-04-30 16:32:20,702] {dagbag.py:451} INFO - Filling up the DagBag from /home/airflow/.local/lib/python3.6/site-packages/airflow/example_dags/example_xcom.py
[2024-04-30 16:32:20,714] {scheduler_job.py:639} INFO - DAG(s) dict_keys(['example_xcom']) retrieved from /home/airflow/.local/lib/python3.6/site-packages/airflow/example_dags/example_xcom.py
[2024-04-30 16:32:20,736] {logging_mixin.py:104} INFO - [2024-04-30 16:32:20,736] {dag.py:1824} INFO - Sync 1 DAGs
[2024-04-30 16:32:20,752] {logging_mixin.py:104} INFO - [2024-04-30 16:32:20,752] {dag.py:2280} INFO - Setting next_dagrun for example_xcom to None
[2024-04-30 16:32:20,764] {scheduler_job.py:190} INFO - Processing /home/airflow/.local/lib/python3.6/site-packages/airflow/example_dags/example_xcom.py took 0.070 seconds
[2024-04-30 16:32:51,247] {scheduler_job.py:182} INFO - Started process (PID=1590) to work on /home/airflow/.local/lib/python3.6/site-packages/airflow/example_dags/example_xcom.py
[2024-04-30 16:32:51,249] {scheduler_job.py:629} INFO - Processing file /home/airflow/.local/lib/python3.6/site-packages/airflow/example_dags/example_xcom.py for tasks to queue
[2024-04-30 16:32:51,251] {logging_mixin.py:104} INFO - [2024-04-30 16:32:51,251] {dagbag.py:451} INFO - Filling up the DagBag from /home/airflow/.local/lib/python3.6/site-packages/airflow/example_dags/example_xcom.py
[2024-04-30 16:32:51,265] {scheduler_job.py:639} INFO - DAG(s) dict_keys(['example_xcom']) retrieved from /home/airflow/.local/lib/python3.6/site-packages/airflow/example_dags/example_xcom.py
[2024-04-30 16:32:51,288] {logging_mixin.py:104} INFO - [2024-04-30 16:32:51,287] {dag.py:1824} INFO - Sync 1 DAGs
[2024-04-30 16:32:51,310] {logging_mixin.py:104} INFO - [2024-04-30 16:32:51,310] {dag.py:2280} INFO - Setting next_dagrun for example_xcom to None
[2024-04-30 16:32:51,321] {scheduler_job.py:190} INFO - Processing /home/airflow/.local/lib/python3.6/site-packages/airflow/example_dags/example_xcom.py took 0.081 seconds
[2024-04-30 16:33:21,810] {scheduler_job.py:182} INFO - Started process (PID=1622) to work on /home/airflow/.local/lib/python3.6/site-packages/airflow/example_dags/example_xcom.py
[2024-04-30 16:33:21,811] {scheduler_job.py:629} INFO - Processing file /home/airflow/.local/lib/python3.6/site-packages/airflow/example_dags/example_xcom.py for tasks to queue
[2024-04-30 16:33:21,812] {logging_mixin.py:104} INFO - [2024-04-30 16:33:21,812] {dagbag.py:451} INFO - Filling up the DagBag from /home/airflow/.local/lib/python3.6/site-packages/airflow/example_dags/example_xcom.py
[2024-04-30 16:33:21,825] {scheduler_job.py:639} INFO - DAG(s) dict_keys(['example_xcom']) retrieved from /home/airflow/.local/lib/python3.6/site-packages/airflow/example_dags/example_xcom.py
[2024-04-30 16:33:21,850] {logging_mixin.py:104} INFO - [2024-04-30 16:33:21,850] {dag.py:1824} INFO - Sync 1 DAGs
[2024-04-30 16:33:21,876] {logging_mixin.py:104} INFO - [2024-04-30 16:33:21,876] {dag.py:2280} INFO - Setting next_dagrun for example_xcom to None
[2024-04-30 16:33:21,889] {scheduler_job.py:190} INFO - Processing /home/airflow/.local/lib/python3.6/site-packages/airflow/example_dags/example_xcom.py took 0.083 seconds
[2024-04-30 16:33:52,439] {scheduler_job.py:182} INFO - Started process (PID=1654) to work on /home/airflow/.local/lib/python3.6/site-packages/airflow/example_dags/example_xcom.py
[2024-04-30 16:33:52,441] {scheduler_job.py:629} INFO - Processing file /home/airflow/.local/lib/python3.6/site-packages/airflow/example_dags/example_xcom.py for tasks to queue
[2024-04-30 16:33:52,442] {logging_mixin.py:104} INFO - [2024-04-30 16:33:52,442] {dagbag.py:451} INFO - Filling up the DagBag from /home/airflow/.local/lib/python3.6/site-packages/airflow/example_dags/example_xcom.py
[2024-04-30 16:33:52,456] {scheduler_job.py:639} INFO - DAG(s) dict_keys(['example_xcom']) retrieved from /home/airflow/.local/lib/python3.6/site-packages/airflow/example_dags/example_xcom.py
[2024-04-30 16:33:52,477] {logging_mixin.py:104} INFO - [2024-04-30 16:33:52,477] {dag.py:1824} INFO - Sync 1 DAGs
[2024-04-30 16:33:52,492] {logging_mixin.py:104} INFO - [2024-04-30 16:33:52,491] {dag.py:2280} INFO - Setting next_dagrun for example_xcom to None
[2024-04-30 16:33:52,503] {scheduler_job.py:190} INFO - Processing /home/airflow/.local/lib/python3.6/site-packages/airflow/example_dags/example_xcom.py took 0.068 seconds
[2024-04-30 16:34:23,037] {scheduler_job.py:182} INFO - Started process (PID=1686) to work on /home/airflow/.local/lib/python3.6/site-packages/airflow/example_dags/example_xcom.py
[2024-04-30 16:34:23,039] {scheduler_job.py:629} INFO - Processing file /home/airflow/.local/lib/python3.6/site-packages/airflow/example_dags/example_xcom.py for tasks to queue
[2024-04-30 16:34:23,040] {logging_mixin.py:104} INFO - [2024-04-30 16:34:23,040] {dagbag.py:451} INFO - Filling up the DagBag from /home/airflow/.local/lib/python3.6/site-packages/airflow/example_dags/example_xcom.py
[2024-04-30 16:34:23,051] {scheduler_job.py:639} INFO - DAG(s) dict_keys(['example_xcom']) retrieved from /home/airflow/.local/lib/python3.6/site-packages/airflow/example_dags/example_xcom.py
[2024-04-30 16:34:23,072] {logging_mixin.py:104} INFO - [2024-04-30 16:34:23,072] {dag.py:1824} INFO - Sync 1 DAGs
[2024-04-30 16:34:23,086] {logging_mixin.py:104} INFO - [2024-04-30 16:34:23,086] {dag.py:2280} INFO - Setting next_dagrun for example_xcom to None
[2024-04-30 16:34:23,097] {scheduler_job.py:190} INFO - Processing /home/airflow/.local/lib/python3.6/site-packages/airflow/example_dags/example_xcom.py took 0.063 seconds
[2024-04-30 16:34:53,720] {scheduler_job.py:182} INFO - Started process (PID=1718) to work on /home/airflow/.local/lib/python3.6/site-packages/airflow/example_dags/example_xcom.py
[2024-04-30 16:34:53,721] {scheduler_job.py:629} INFO - Processing file /home/airflow/.local/lib/python3.6/site-packages/airflow/example_dags/example_xcom.py for tasks to queue
[2024-04-30 16:34:53,722] {logging_mixin.py:104} INFO - [2024-04-30 16:34:53,722] {dagbag.py:451} INFO - Filling up the DagBag from /home/airflow/.local/lib/python3.6/site-packages/airflow/example_dags/example_xcom.py
[2024-04-30 16:34:53,733] {scheduler_job.py:639} INFO - DAG(s) dict_keys(['example_xcom']) retrieved from /home/airflow/.local/lib/python3.6/site-packages/airflow/example_dags/example_xcom.py
[2024-04-30 16:34:53,754] {logging_mixin.py:104} INFO - [2024-04-30 16:34:53,754] {dag.py:1824} INFO - Sync 1 DAGs
[2024-04-30 16:34:53,766] {logging_mixin.py:104} INFO - [2024-04-30 16:34:53,766] {dag.py:2280} INFO - Setting next_dagrun for example_xcom to None
[2024-04-30 16:34:53,774] {scheduler_job.py:190} INFO - Processing /home/airflow/.local/lib/python3.6/site-packages/airflow/example_dags/example_xcom.py took 0.058 seconds
[2024-04-30 16:35:24,305] {scheduler_job.py:182} INFO - Started process (PID=1750) to work on /home/airflow/.local/lib/python3.6/site-packages/airflow/example_dags/example_xcom.py
[2024-04-30 16:35:24,307] {scheduler_job.py:629} INFO - Processing file /home/airflow/.local/lib/python3.6/site-packages/airflow/example_dags/example_xcom.py for tasks to queue
[2024-04-30 16:35:24,307] {logging_mixin.py:104} INFO - [2024-04-30 16:35:24,307] {dagbag.py:451} INFO - Filling up the DagBag from /home/airflow/.local/lib/python3.6/site-packages/airflow/example_dags/example_xcom.py
[2024-04-30 16:35:24,318] {scheduler_job.py:639} INFO - DAG(s) dict_keys(['example_xcom']) retrieved from /home/airflow/.local/lib/python3.6/site-packages/airflow/example_dags/example_xcom.py
[2024-04-30 16:35:24,337] {logging_mixin.py:104} INFO - [2024-04-30 16:35:24,336] {dag.py:1824} INFO - Sync 1 DAGs
[2024-04-30 16:35:24,351] {logging_mixin.py:104} INFO - [2024-04-30 16:35:24,351] {dag.py:2280} INFO - Setting next_dagrun for example_xcom to None
[2024-04-30 16:35:24,362] {scheduler_job.py:190} INFO - Processing /home/airflow/.local/lib/python3.6/site-packages/airflow/example_dags/example_xcom.py took 0.060 seconds
[2024-04-30 16:35:54,807] {scheduler_job.py:182} INFO - Started process (PID=1782) to work on /home/airflow/.local/lib/python3.6/site-packages/airflow/example_dags/example_xcom.py
[2024-04-30 16:35:54,808] {scheduler_job.py:629} INFO - Processing file /home/airflow/.local/lib/python3.6/site-packages/airflow/example_dags/example_xcom.py for tasks to queue
[2024-04-30 16:35:54,809] {logging_mixin.py:104} INFO - [2024-04-30 16:35:54,809] {dagbag.py:451} INFO - Filling up the DagBag from /home/airflow/.local/lib/python3.6/site-packages/airflow/example_dags/example_xcom.py
[2024-04-30 16:35:54,821] {scheduler_job.py:639} INFO - DAG(s) dict_keys(['example_xcom']) retrieved from /home/airflow/.local/lib/python3.6/site-packages/airflow/example_dags/example_xcom.py
[2024-04-30 16:35:54,842] {logging_mixin.py:104} INFO - [2024-04-30 16:35:54,842] {dag.py:1824} INFO - Sync 1 DAGs
[2024-04-30 16:35:54,860] {logging_mixin.py:104} INFO - [2024-04-30 16:35:54,860] {dag.py:2280} INFO - Setting next_dagrun for example_xcom to None
[2024-04-30 16:35:54,872] {scheduler_job.py:190} INFO - Processing /home/airflow/.local/lib/python3.6/site-packages/airflow/example_dags/example_xcom.py took 0.068 seconds
[2024-04-30 16:36:25,379] {scheduler_job.py:182} INFO - Started process (PID=1814) to work on /home/airflow/.local/lib/python3.6/site-packages/airflow/example_dags/example_xcom.py
[2024-04-30 16:36:25,380] {scheduler_job.py:629} INFO - Processing file /home/airflow/.local/lib/python3.6/site-packages/airflow/example_dags/example_xcom.py for tasks to queue
[2024-04-30 16:36:25,381] {logging_mixin.py:104} INFO - [2024-04-30 16:36:25,381] {dagbag.py:451} INFO - Filling up the DagBag from /home/airflow/.local/lib/python3.6/site-packages/airflow/example_dags/example_xcom.py
[2024-04-30 16:36:25,392] {scheduler_job.py:639} INFO - DAG(s) dict_keys(['example_xcom']) retrieved from /home/airflow/.local/lib/python3.6/site-packages/airflow/example_dags/example_xcom.py
[2024-04-30 16:36:25,413] {logging_mixin.py:104} INFO - [2024-04-30 16:36:25,413] {dag.py:1824} INFO - Sync 1 DAGs
[2024-04-30 16:36:25,427] {logging_mixin.py:104} INFO - [2024-04-30 16:36:25,427] {dag.py:2280} INFO - Setting next_dagrun for example_xcom to None
[2024-04-30 16:36:25,439] {scheduler_job.py:190} INFO - Processing /home/airflow/.local/lib/python3.6/site-packages/airflow/example_dags/example_xcom.py took 0.063 seconds
[2024-04-30 16:36:55,913] {scheduler_job.py:182} INFO - Started process (PID=1846) to work on /home/airflow/.local/lib/python3.6/site-packages/airflow/example_dags/example_xcom.py
[2024-04-30 16:36:55,915] {scheduler_job.py:629} INFO - Processing file /home/airflow/.local/lib/python3.6/site-packages/airflow/example_dags/example_xcom.py for tasks to queue
[2024-04-30 16:36:55,916] {logging_mixin.py:104} INFO - [2024-04-30 16:36:55,916] {dagbag.py:451} INFO - Filling up the DagBag from /home/airflow/.local/lib/python3.6/site-packages/airflow/example_dags/example_xcom.py
[2024-04-30 16:36:55,931] {scheduler_job.py:639} INFO - DAG(s) dict_keys(['example_xcom']) retrieved from /home/airflow/.local/lib/python3.6/site-packages/airflow/example_dags/example_xcom.py
[2024-04-30 16:36:55,954] {logging_mixin.py:104} INFO - [2024-04-30 16:36:55,954] {dag.py:1824} INFO - Sync 1 DAGs
[2024-04-30 16:36:55,969] {logging_mixin.py:104} INFO - [2024-04-30 16:36:55,969] {dag.py:2280} INFO - Setting next_dagrun for example_xcom to None
[2024-04-30 16:36:55,978] {scheduler_job.py:190} INFO - Processing /home/airflow/.local/lib/python3.6/site-packages/airflow/example_dags/example_xcom.py took 0.068 seconds
[2024-04-30 16:37:26,507] {scheduler_job.py:182} INFO - Started process (PID=1878) to work on /home/airflow/.local/lib/python3.6/site-packages/airflow/example_dags/example_xcom.py
[2024-04-30 16:37:26,509] {scheduler_job.py:629} INFO - Processing file /home/airflow/.local/lib/python3.6/site-packages/airflow/example_dags/example_xcom.py for tasks to queue
[2024-04-30 16:37:26,510] {logging_mixin.py:104} INFO - [2024-04-30 16:37:26,510] {dagbag.py:451} INFO - Filling up the DagBag from /home/airflow/.local/lib/python3.6/site-packages/airflow/example_dags/example_xcom.py
[2024-04-30 16:37:26,523] {scheduler_job.py:639} INFO - DAG(s) dict_keys(['example_xcom']) retrieved from /home/airflow/.local/lib/python3.6/site-packages/airflow/example_dags/example_xcom.py
[2024-04-30 16:37:26,544] {logging_mixin.py:104} INFO - [2024-04-30 16:37:26,544] {dag.py:1824} INFO - Sync 1 DAGs
[2024-04-30 16:37:26,559] {logging_mixin.py:104} INFO - [2024-04-30 16:37:26,559] {dag.py:2280} INFO - Setting next_dagrun for example_xcom to None
[2024-04-30 16:37:26,569] {scheduler_job.py:190} INFO - Processing /home/airflow/.local/lib/python3.6/site-packages/airflow/example_dags/example_xcom.py took 0.066 seconds
[2024-04-30 16:37:56,930] {scheduler_job.py:182} INFO - Started process (PID=1910) to work on /home/airflow/.local/lib/python3.6/site-packages/airflow/example_dags/example_xcom.py
[2024-04-30 16:37:56,931] {scheduler_job.py:629} INFO - Processing file /home/airflow/.local/lib/python3.6/site-packages/airflow/example_dags/example_xcom.py for tasks to queue
[2024-04-30 16:37:56,932] {logging_mixin.py:104} INFO - [2024-04-30 16:37:56,932] {dagbag.py:451} INFO - Filling up the DagBag from /home/airflow/.local/lib/python3.6/site-packages/airflow/example_dags/example_xcom.py
[2024-04-30 16:37:56,947] {scheduler_job.py:639} INFO - DAG(s) dict_keys(['example_xcom']) retrieved from /home/airflow/.local/lib/python3.6/site-packages/airflow/example_dags/example_xcom.py
[2024-04-30 16:37:56,967] {logging_mixin.py:104} INFO - [2024-04-30 16:37:56,967] {dag.py:1824} INFO - Sync 1 DAGs
[2024-04-30 16:37:56,982] {logging_mixin.py:104} INFO - [2024-04-30 16:37:56,982] {dag.py:2280} INFO - Setting next_dagrun for example_xcom to None
[2024-04-30 16:37:56,992] {scheduler_job.py:190} INFO - Processing /home/airflow/.local/lib/python3.6/site-packages/airflow/example_dags/example_xcom.py took 0.066 seconds
[2024-04-30 16:38:27,455] {scheduler_job.py:182} INFO - Started process (PID=1942) to work on /home/airflow/.local/lib/python3.6/site-packages/airflow/example_dags/example_xcom.py
[2024-04-30 16:38:27,457] {scheduler_job.py:629} INFO - Processing file /home/airflow/.local/lib/python3.6/site-packages/airflow/example_dags/example_xcom.py for tasks to queue
[2024-04-30 16:38:27,458] {logging_mixin.py:104} INFO - [2024-04-30 16:38:27,458] {dagbag.py:451} INFO - Filling up the DagBag from /home/airflow/.local/lib/python3.6/site-packages/airflow/example_dags/example_xcom.py
[2024-04-30 16:38:27,469] {scheduler_job.py:639} INFO - DAG(s) dict_keys(['example_xcom']) retrieved from /home/airflow/.local/lib/python3.6/site-packages/airflow/example_dags/example_xcom.py
[2024-04-30 16:38:27,489] {logging_mixin.py:104} INFO - [2024-04-30 16:38:27,489] {dag.py:1824} INFO - Sync 1 DAGs
[2024-04-30 16:38:27,504] {logging_mixin.py:104} INFO - [2024-04-30 16:38:27,504] {dag.py:2280} INFO - Setting next_dagrun for example_xcom to None
[2024-04-30 16:38:27,515] {scheduler_job.py:190} INFO - Processing /home/airflow/.local/lib/python3.6/site-packages/airflow/example_dags/example_xcom.py took 0.063 seconds
[2024-04-30 16:38:58,023] {scheduler_job.py:182} INFO - Started process (PID=1974) to work on /home/airflow/.local/lib/python3.6/site-packages/airflow/example_dags/example_xcom.py
[2024-04-30 16:38:58,024] {scheduler_job.py:629} INFO - Processing file /home/airflow/.local/lib/python3.6/site-packages/airflow/example_dags/example_xcom.py for tasks to queue
[2024-04-30 16:38:58,025] {logging_mixin.py:104} INFO - [2024-04-30 16:38:58,025] {dagbag.py:451} INFO - Filling up the DagBag from /home/airflow/.local/lib/python3.6/site-packages/airflow/example_dags/example_xcom.py
[2024-04-30 16:38:58,039] {scheduler_job.py:639} INFO - DAG(s) dict_keys(['example_xcom']) retrieved from /home/airflow/.local/lib/python3.6/site-packages/airflow/example_dags/example_xcom.py
[2024-04-30 16:38:58,060] {logging_mixin.py:104} INFO - [2024-04-30 16:38:58,060] {dag.py:1824} INFO - Sync 1 DAGs
[2024-04-30 16:38:58,077] {logging_mixin.py:104} INFO - [2024-04-30 16:38:58,076] {dag.py:2280} INFO - Setting next_dagrun for example_xcom to None
[2024-04-30 16:38:58,090] {scheduler_job.py:190} INFO - Processing /home/airflow/.local/lib/python3.6/site-packages/airflow/example_dags/example_xcom.py took 0.071 seconds
[2024-04-30 16:39:28,554] {scheduler_job.py:182} INFO - Started process (PID=2006) to work on /home/airflow/.local/lib/python3.6/site-packages/airflow/example_dags/example_xcom.py
[2024-04-30 16:39:28,556] {scheduler_job.py:629} INFO - Processing file /home/airflow/.local/lib/python3.6/site-packages/airflow/example_dags/example_xcom.py for tasks to queue
[2024-04-30 16:39:28,558] {logging_mixin.py:104} INFO - [2024-04-30 16:39:28,558] {dagbag.py:451} INFO - Filling up the DagBag from /home/airflow/.local/lib/python3.6/site-packages/airflow/example_dags/example_xcom.py
[2024-04-30 16:39:28,567] {scheduler_job.py:639} INFO - DAG(s) dict_keys(['example_xcom']) retrieved from /home/airflow/.local/lib/python3.6/site-packages/airflow/example_dags/example_xcom.py
[2024-04-30 16:39:28,589] {logging_mixin.py:104} INFO - [2024-04-30 16:39:28,589] {dag.py:1824} INFO - Sync 1 DAGs
[2024-04-30 16:39:28,606] {logging_mixin.py:104} INFO - [2024-04-30 16:39:28,606] {dag.py:2280} INFO - Setting next_dagrun for example_xcom to None
[2024-04-30 16:39:28,618] {scheduler_job.py:190} INFO - Processing /home/airflow/.local/lib/python3.6/site-packages/airflow/example_dags/example_xcom.py took 0.067 seconds
[2024-04-30 16:39:59,211] {scheduler_job.py:182} INFO - Started process (PID=2038) to work on /home/airflow/.local/lib/python3.6/site-packages/airflow/example_dags/example_xcom.py
[2024-04-30 16:39:59,213] {scheduler_job.py:629} INFO - Processing file /home/airflow/.local/lib/python3.6/site-packages/airflow/example_dags/example_xcom.py for tasks to queue
[2024-04-30 16:39:59,213] {logging_mixin.py:104} INFO - [2024-04-30 16:39:59,213] {dagbag.py:451} INFO - Filling up the DagBag from /home/airflow/.local/lib/python3.6/site-packages/airflow/example_dags/example_xcom.py
[2024-04-30 16:39:59,225] {scheduler_job.py:639} INFO - DAG(s) dict_keys(['example_xcom']) retrieved from /home/airflow/.local/lib/python3.6/site-packages/airflow/example_dags/example_xcom.py
[2024-04-30 16:39:59,247] {logging_mixin.py:104} INFO - [2024-04-30 16:39:59,246] {dag.py:1824} INFO - Sync 1 DAGs
[2024-04-30 16:39:59,261] {logging_mixin.py:104} INFO - [2024-04-30 16:39:59,261] {dag.py:2280} INFO - Setting next_dagrun for example_xcom to None
[2024-04-30 16:39:59,273] {scheduler_job.py:190} INFO - Processing /home/airflow/.local/lib/python3.6/site-packages/airflow/example_dags/example_xcom.py took 0.065 seconds
[2024-04-30 16:40:29,562] {scheduler_job.py:182} INFO - Started process (PID=2070) to work on /home/airflow/.local/lib/python3.6/site-packages/airflow/example_dags/example_xcom.py
[2024-04-30 16:40:29,563] {scheduler_job.py:629} INFO - Processing file /home/airflow/.local/lib/python3.6/site-packages/airflow/example_dags/example_xcom.py for tasks to queue
[2024-04-30 16:40:29,564] {logging_mixin.py:104} INFO - [2024-04-30 16:40:29,564] {dagbag.py:451} INFO - Filling up the DagBag from /home/airflow/.local/lib/python3.6/site-packages/airflow/example_dags/example_xcom.py
[2024-04-30 16:40:29,577] {scheduler_job.py:639} INFO - DAG(s) dict_keys(['example_xcom']) retrieved from /home/airflow/.local/lib/python3.6/site-packages/airflow/example_dags/example_xcom.py
[2024-04-30 16:40:29,598] {logging_mixin.py:104} INFO - [2024-04-30 16:40:29,598] {dag.py:1824} INFO - Sync 1 DAGs
[2024-04-30 16:40:29,613] {logging_mixin.py:104} INFO - [2024-04-30 16:40:29,613] {dag.py:2280} INFO - Setting next_dagrun for example_xcom to None
[2024-04-30 16:40:29,622] {scheduler_job.py:190} INFO - Processing /home/airflow/.local/lib/python3.6/site-packages/airflow/example_dags/example_xcom.py took 0.065 seconds
[2024-04-30 16:41:00,157] {scheduler_job.py:182} INFO - Started process (PID=2102) to work on /home/airflow/.local/lib/python3.6/site-packages/airflow/example_dags/example_xcom.py
[2024-04-30 16:41:00,158] {scheduler_job.py:629} INFO - Processing file /home/airflow/.local/lib/python3.6/site-packages/airflow/example_dags/example_xcom.py for tasks to queue
[2024-04-30 16:41:00,159] {logging_mixin.py:104} INFO - [2024-04-30 16:41:00,159] {dagbag.py:451} INFO - Filling up the DagBag from /home/airflow/.local/lib/python3.6/site-packages/airflow/example_dags/example_xcom.py
[2024-04-30 16:41:00,170] {scheduler_job.py:639} INFO - DAG(s) dict_keys(['example_xcom']) retrieved from /home/airflow/.local/lib/python3.6/site-packages/airflow/example_dags/example_xcom.py
[2024-04-30 16:41:00,191] {logging_mixin.py:104} INFO - [2024-04-30 16:41:00,191] {dag.py:1824} INFO - Sync 1 DAGs
[2024-04-30 16:41:00,207] {logging_mixin.py:104} INFO - [2024-04-30 16:41:00,206] {dag.py:2280} INFO - Setting next_dagrun for example_xcom to None
[2024-04-30 16:41:00,217] {scheduler_job.py:190} INFO - Processing /home/airflow/.local/lib/python3.6/site-packages/airflow/example_dags/example_xcom.py took 0.063 seconds
[2024-04-30 16:41:30,797] {scheduler_job.py:182} INFO - Started process (PID=2134) to work on /home/airflow/.local/lib/python3.6/site-packages/airflow/example_dags/example_xcom.py
[2024-04-30 16:41:30,799] {scheduler_job.py:629} INFO - Processing file /home/airflow/.local/lib/python3.6/site-packages/airflow/example_dags/example_xcom.py for tasks to queue
[2024-04-30 16:41:30,800] {logging_mixin.py:104} INFO - [2024-04-30 16:41:30,799] {dagbag.py:451} INFO - Filling up the DagBag from /home/airflow/.local/lib/python3.6/site-packages/airflow/example_dags/example_xcom.py
[2024-04-30 16:41:30,814] {scheduler_job.py:639} INFO - DAG(s) dict_keys(['example_xcom']) retrieved from /home/airflow/.local/lib/python3.6/site-packages/airflow/example_dags/example_xcom.py
[2024-04-30 16:41:30,836] {logging_mixin.py:104} INFO - [2024-04-30 16:41:30,836] {dag.py:1824} INFO - Sync 1 DAGs
[2024-04-30 16:41:30,851] {logging_mixin.py:104} INFO - [2024-04-30 16:41:30,851] {dag.py:2280} INFO - Setting next_dagrun for example_xcom to None
[2024-04-30 16:41:30,861] {scheduler_job.py:190} INFO - Processing /home/airflow/.local/lib/python3.6/site-packages/airflow/example_dags/example_xcom.py took 0.067 seconds
