[2024-04-30 16:09:36,827] {scheduler_job.py:182} INFO - Started process (PID=58) to work on /home/airflow/.local/lib/python3.6/site-packages/airflow/example_dags/example_trigger_controller_dag.py
[2024-04-30 16:09:36,836] {scheduler_job.py:629} INFO - Processing file /home/airflow/.local/lib/python3.6/site-packages/airflow/example_dags/example_trigger_controller_dag.py for tasks to queue
[2024-04-30 16:09:36,839] {logging_mixin.py:104} INFO - [2024-04-30 16:09:36,839] {dagbag.py:451} INFO - Filling up the DagBag from /home/airflow/.local/lib/python3.6/site-packages/airflow/example_dags/example_trigger_controller_dag.py
[2024-04-30 16:09:36,875] {scheduler_job.py:639} INFO - DAG(s) dict_keys(['example_trigger_controller_dag']) retrieved from /home/airflow/.local/lib/python3.6/site-packages/airflow/example_dags/example_trigger_controller_dag.py
[2024-04-30 16:09:36,966] {logging_mixin.py:104} INFO - [2024-04-30 16:09:36,965] {dag.py:1824} INFO - Sync 1 DAGs
[2024-04-30 16:09:37,002] {logging_mixin.py:104} INFO - [2024-04-30 16:09:37,002] {dag.py:2280} INFO - Setting next_dagrun for example_trigger_controller_dag to 2024-04-28 00:00:00+00:00
[2024-04-30 16:09:37,041] {scheduler_job.py:190} INFO - Processing /home/airflow/.local/lib/python3.6/site-packages/airflow/example_dags/example_trigger_controller_dag.py took 0.232 seconds
[2024-04-30 16:10:07,770] {scheduler_job.py:182} INFO - Started process (PID=125) to work on /home/airflow/.local/lib/python3.6/site-packages/airflow/example_dags/example_trigger_controller_dag.py
[2024-04-30 16:10:07,774] {scheduler_job.py:629} INFO - Processing file /home/airflow/.local/lib/python3.6/site-packages/airflow/example_dags/example_trigger_controller_dag.py for tasks to queue
[2024-04-30 16:10:07,776] {logging_mixin.py:104} INFO - [2024-04-30 16:10:07,775] {dagbag.py:451} INFO - Filling up the DagBag from /home/airflow/.local/lib/python3.6/site-packages/airflow/example_dags/example_trigger_controller_dag.py
[2024-04-30 16:10:07,814] {scheduler_job.py:639} INFO - DAG(s) dict_keys(['example_trigger_controller_dag']) retrieved from /home/airflow/.local/lib/python3.6/site-packages/airflow/example_dags/example_trigger_controller_dag.py
[2024-04-30 16:10:07,872] {logging_mixin.py:104} INFO - [2024-04-30 16:10:07,872] {dag.py:1824} INFO - Sync 1 DAGs
[2024-04-30 16:10:07,908] {logging_mixin.py:104} INFO - [2024-04-30 16:10:07,907] {dag.py:2280} INFO - Setting next_dagrun for example_trigger_controller_dag to 2024-04-28 00:00:00+00:00
[2024-04-30 16:10:07,932] {scheduler_job.py:190} INFO - Processing /home/airflow/.local/lib/python3.6/site-packages/airflow/example_dags/example_trigger_controller_dag.py took 0.170 seconds
[2024-04-30 16:10:38,383] {scheduler_job.py:182} INFO - Started process (PID=157) to work on /home/airflow/.local/lib/python3.6/site-packages/airflow/example_dags/example_trigger_controller_dag.py
[2024-04-30 16:10:38,389] {scheduler_job.py:629} INFO - Processing file /home/airflow/.local/lib/python3.6/site-packages/airflow/example_dags/example_trigger_controller_dag.py for tasks to queue
[2024-04-30 16:10:38,393] {logging_mixin.py:104} INFO - [2024-04-30 16:10:38,393] {dagbag.py:451} INFO - Filling up the DagBag from /home/airflow/.local/lib/python3.6/site-packages/airflow/example_dags/example_trigger_controller_dag.py
[2024-04-30 16:10:38,424] {scheduler_job.py:639} INFO - DAG(s) dict_keys(['example_trigger_controller_dag']) retrieved from /home/airflow/.local/lib/python3.6/site-packages/airflow/example_dags/example_trigger_controller_dag.py
[2024-04-30 16:10:38,492] {logging_mixin.py:104} INFO - [2024-04-30 16:10:38,491] {dag.py:1824} INFO - Sync 1 DAGs
[2024-04-30 16:10:38,556] {logging_mixin.py:104} INFO - [2024-04-30 16:10:38,553] {dag.py:2280} INFO - Setting next_dagrun for example_trigger_controller_dag to 2024-04-28 00:00:00+00:00
[2024-04-30 16:10:38,583] {scheduler_job.py:190} INFO - Processing /home/airflow/.local/lib/python3.6/site-packages/airflow/example_dags/example_trigger_controller_dag.py took 0.209 seconds
[2024-04-30 16:11:26,397] {scheduler_job.py:182} INFO - Started process (PID=222) to work on /home/airflow/.local/lib/python3.6/site-packages/airflow/example_dags/example_trigger_controller_dag.py
[2024-04-30 16:11:26,408] {scheduler_job.py:629} INFO - Processing file /home/airflow/.local/lib/python3.6/site-packages/airflow/example_dags/example_trigger_controller_dag.py for tasks to queue
[2024-04-30 16:11:26,412] {logging_mixin.py:104} INFO - [2024-04-30 16:11:26,411] {dagbag.py:451} INFO - Filling up the DagBag from /home/airflow/.local/lib/python3.6/site-packages/airflow/example_dags/example_trigger_controller_dag.py
[2024-04-30 16:11:26,483] {scheduler_job.py:639} INFO - DAG(s) dict_keys(['example_trigger_controller_dag']) retrieved from /home/airflow/.local/lib/python3.6/site-packages/airflow/example_dags/example_trigger_controller_dag.py
[2024-04-30 16:11:26,585] {logging_mixin.py:104} INFO - [2024-04-30 16:11:26,585] {dag.py:1824} INFO - Sync 1 DAGs
[2024-04-30 16:11:26,685] {logging_mixin.py:104} INFO - [2024-04-30 16:11:26,685] {dag.py:2280} INFO - Setting next_dagrun for example_trigger_controller_dag to 2024-04-28 00:00:00+00:00
[2024-04-30 16:11:26,790] {scheduler_job.py:190} INFO - Processing /home/airflow/.local/lib/python3.6/site-packages/airflow/example_dags/example_trigger_controller_dag.py took 0.399 seconds
[2024-04-30 16:11:57,006] {scheduler_job.py:182} INFO - Started process (PID=266) to work on /home/airflow/.local/lib/python3.6/site-packages/airflow/example_dags/example_trigger_controller_dag.py
[2024-04-30 16:11:57,009] {scheduler_job.py:629} INFO - Processing file /home/airflow/.local/lib/python3.6/site-packages/airflow/example_dags/example_trigger_controller_dag.py for tasks to queue
[2024-04-30 16:11:57,013] {logging_mixin.py:104} INFO - [2024-04-30 16:11:57,013] {dagbag.py:451} INFO - Filling up the DagBag from /home/airflow/.local/lib/python3.6/site-packages/airflow/example_dags/example_trigger_controller_dag.py
[2024-04-30 16:11:57,047] {scheduler_job.py:639} INFO - DAG(s) dict_keys(['example_trigger_controller_dag']) retrieved from /home/airflow/.local/lib/python3.6/site-packages/airflow/example_dags/example_trigger_controller_dag.py
[2024-04-30 16:11:57,157] {logging_mixin.py:104} INFO - [2024-04-30 16:11:57,157] {dag.py:1824} INFO - Sync 1 DAGs
[2024-04-30 16:11:57,190] {logging_mixin.py:104} INFO - [2024-04-30 16:11:57,190] {dag.py:2280} INFO - Setting next_dagrun for example_trigger_controller_dag to 2024-04-28 00:00:00+00:00
[2024-04-30 16:11:57,206] {scheduler_job.py:190} INFO - Processing /home/airflow/.local/lib/python3.6/site-packages/airflow/example_dags/example_trigger_controller_dag.py took 0.206 seconds
[2024-04-30 16:12:27,957] {scheduler_job.py:182} INFO - Started process (PID=297) to work on /home/airflow/.local/lib/python3.6/site-packages/airflow/example_dags/example_trigger_controller_dag.py
[2024-04-30 16:12:27,965] {scheduler_job.py:629} INFO - Processing file /home/airflow/.local/lib/python3.6/site-packages/airflow/example_dags/example_trigger_controller_dag.py for tasks to queue
[2024-04-30 16:12:27,969] {logging_mixin.py:104} INFO - [2024-04-30 16:12:27,968] {dagbag.py:451} INFO - Filling up the DagBag from /home/airflow/.local/lib/python3.6/site-packages/airflow/example_dags/example_trigger_controller_dag.py
[2024-04-30 16:12:28,033] {scheduler_job.py:639} INFO - DAG(s) dict_keys(['example_trigger_controller_dag']) retrieved from /home/airflow/.local/lib/python3.6/site-packages/airflow/example_dags/example_trigger_controller_dag.py
[2024-04-30 16:12:28,336] {logging_mixin.py:104} INFO - [2024-04-30 16:12:28,336] {dag.py:1824} INFO - Sync 1 DAGs
[2024-04-30 16:12:28,404] {logging_mixin.py:104} INFO - [2024-04-30 16:12:28,404] {dag.py:2280} INFO - Setting next_dagrun for example_trigger_controller_dag to 2024-04-28 00:00:00+00:00
[2024-04-30 16:12:28,448] {scheduler_job.py:190} INFO - Processing /home/airflow/.local/lib/python3.6/site-packages/airflow/example_dags/example_trigger_controller_dag.py took 0.511 seconds
[2024-04-30 16:12:58,542] {scheduler_job.py:182} INFO - Started process (PID=329) to work on /home/airflow/.local/lib/python3.6/site-packages/airflow/example_dags/example_trigger_controller_dag.py
[2024-04-30 16:12:58,544] {scheduler_job.py:629} INFO - Processing file /home/airflow/.local/lib/python3.6/site-packages/airflow/example_dags/example_trigger_controller_dag.py for tasks to queue
[2024-04-30 16:12:58,544] {logging_mixin.py:104} INFO - [2024-04-30 16:12:58,544] {dagbag.py:451} INFO - Filling up the DagBag from /home/airflow/.local/lib/python3.6/site-packages/airflow/example_dags/example_trigger_controller_dag.py
[2024-04-30 16:12:58,556] {scheduler_job.py:639} INFO - DAG(s) dict_keys(['example_trigger_controller_dag']) retrieved from /home/airflow/.local/lib/python3.6/site-packages/airflow/example_dags/example_trigger_controller_dag.py
[2024-04-30 16:12:58,577] {logging_mixin.py:104} INFO - [2024-04-30 16:12:58,577] {dag.py:1824} INFO - Sync 1 DAGs
[2024-04-30 16:12:58,599] {logging_mixin.py:104} INFO - [2024-04-30 16:12:58,598] {dag.py:2280} INFO - Setting next_dagrun for example_trigger_controller_dag to 2024-04-28 00:00:00+00:00
[2024-04-30 16:12:58,610] {scheduler_job.py:190} INFO - Processing /home/airflow/.local/lib/python3.6/site-packages/airflow/example_dags/example_trigger_controller_dag.py took 0.072 seconds
[2024-04-30 16:13:28,936] {scheduler_job.py:182} INFO - Started process (PID=361) to work on /home/airflow/.local/lib/python3.6/site-packages/airflow/example_dags/example_trigger_controller_dag.py
[2024-04-30 16:13:28,938] {scheduler_job.py:629} INFO - Processing file /home/airflow/.local/lib/python3.6/site-packages/airflow/example_dags/example_trigger_controller_dag.py for tasks to queue
[2024-04-30 16:13:28,939] {logging_mixin.py:104} INFO - [2024-04-30 16:13:28,939] {dagbag.py:451} INFO - Filling up the DagBag from /home/airflow/.local/lib/python3.6/site-packages/airflow/example_dags/example_trigger_controller_dag.py
[2024-04-30 16:13:28,955] {scheduler_job.py:639} INFO - DAG(s) dict_keys(['example_trigger_controller_dag']) retrieved from /home/airflow/.local/lib/python3.6/site-packages/airflow/example_dags/example_trigger_controller_dag.py
[2024-04-30 16:13:28,986] {logging_mixin.py:104} INFO - [2024-04-30 16:13:28,985] {dag.py:1824} INFO - Sync 1 DAGs
[2024-04-30 16:13:29,030] {logging_mixin.py:104} INFO - [2024-04-30 16:13:29,030] {dag.py:2280} INFO - Setting next_dagrun for example_trigger_controller_dag to 2024-04-28 00:00:00+00:00
[2024-04-30 16:13:29,053] {scheduler_job.py:190} INFO - Processing /home/airflow/.local/lib/python3.6/site-packages/airflow/example_dags/example_trigger_controller_dag.py took 0.121 seconds
[2024-04-30 16:13:59,768] {scheduler_job.py:182} INFO - Started process (PID=409) to work on /home/airflow/.local/lib/python3.6/site-packages/airflow/example_dags/example_trigger_controller_dag.py
[2024-04-30 16:13:59,771] {scheduler_job.py:629} INFO - Processing file /home/airflow/.local/lib/python3.6/site-packages/airflow/example_dags/example_trigger_controller_dag.py for tasks to queue
[2024-04-30 16:13:59,773] {logging_mixin.py:104} INFO - [2024-04-30 16:13:59,772] {dagbag.py:451} INFO - Filling up the DagBag from /home/airflow/.local/lib/python3.6/site-packages/airflow/example_dags/example_trigger_controller_dag.py
[2024-04-30 16:13:59,796] {scheduler_job.py:639} INFO - DAG(s) dict_keys(['example_trigger_controller_dag']) retrieved from /home/airflow/.local/lib/python3.6/site-packages/airflow/example_dags/example_trigger_controller_dag.py
[2024-04-30 16:13:59,836] {logging_mixin.py:104} INFO - [2024-04-30 16:13:59,836] {dag.py:1824} INFO - Sync 1 DAGs
[2024-04-30 16:13:59,871] {logging_mixin.py:104} INFO - [2024-04-30 16:13:59,870] {dag.py:2280} INFO - Setting next_dagrun for example_trigger_controller_dag to 2024-04-28 00:00:00+00:00
[2024-04-30 16:13:59,889] {scheduler_job.py:190} INFO - Processing /home/airflow/.local/lib/python3.6/site-packages/airflow/example_dags/example_trigger_controller_dag.py took 0.128 seconds
[2024-04-30 16:14:30,788] {scheduler_job.py:182} INFO - Started process (PID=441) to work on /home/airflow/.local/lib/python3.6/site-packages/airflow/example_dags/example_trigger_controller_dag.py
[2024-04-30 16:14:30,790] {scheduler_job.py:629} INFO - Processing file /home/airflow/.local/lib/python3.6/site-packages/airflow/example_dags/example_trigger_controller_dag.py for tasks to queue
[2024-04-30 16:14:30,791] {logging_mixin.py:104} INFO - [2024-04-30 16:14:30,791] {dagbag.py:451} INFO - Filling up the DagBag from /home/airflow/.local/lib/python3.6/site-packages/airflow/example_dags/example_trigger_controller_dag.py
[2024-04-30 16:14:30,805] {scheduler_job.py:639} INFO - DAG(s) dict_keys(['example_trigger_controller_dag']) retrieved from /home/airflow/.local/lib/python3.6/site-packages/airflow/example_dags/example_trigger_controller_dag.py
[2024-04-30 16:14:30,828] {logging_mixin.py:104} INFO - [2024-04-30 16:14:30,828] {dag.py:1824} INFO - Sync 1 DAGs
[2024-04-30 16:14:30,846] {logging_mixin.py:104} INFO - [2024-04-30 16:14:30,846] {dag.py:2280} INFO - Setting next_dagrun for example_trigger_controller_dag to 2024-04-28 00:00:00+00:00
[2024-04-30 16:14:30,856] {scheduler_job.py:190} INFO - Processing /home/airflow/.local/lib/python3.6/site-packages/airflow/example_dags/example_trigger_controller_dag.py took 0.072 seconds
[2024-04-30 16:15:01,217] {scheduler_job.py:182} INFO - Started process (PID=473) to work on /home/airflow/.local/lib/python3.6/site-packages/airflow/example_dags/example_trigger_controller_dag.py
[2024-04-30 16:15:01,219] {scheduler_job.py:629} INFO - Processing file /home/airflow/.local/lib/python3.6/site-packages/airflow/example_dags/example_trigger_controller_dag.py for tasks to queue
[2024-04-30 16:15:01,220] {logging_mixin.py:104} INFO - [2024-04-30 16:15:01,220] {dagbag.py:451} INFO - Filling up the DagBag from /home/airflow/.local/lib/python3.6/site-packages/airflow/example_dags/example_trigger_controller_dag.py
[2024-04-30 16:15:01,231] {scheduler_job.py:639} INFO - DAG(s) dict_keys(['example_trigger_controller_dag']) retrieved from /home/airflow/.local/lib/python3.6/site-packages/airflow/example_dags/example_trigger_controller_dag.py
[2024-04-30 16:15:01,252] {logging_mixin.py:104} INFO - [2024-04-30 16:15:01,251] {dag.py:1824} INFO - Sync 1 DAGs
[2024-04-30 16:15:01,268] {logging_mixin.py:104} INFO - [2024-04-30 16:15:01,268] {dag.py:2280} INFO - Setting next_dagrun for example_trigger_controller_dag to 2024-04-28 00:00:00+00:00
[2024-04-30 16:15:01,289] {scheduler_job.py:190} INFO - Processing /home/airflow/.local/lib/python3.6/site-packages/airflow/example_dags/example_trigger_controller_dag.py took 0.076 seconds
[2024-04-30 16:15:32,177] {scheduler_job.py:182} INFO - Started process (PID=505) to work on /home/airflow/.local/lib/python3.6/site-packages/airflow/example_dags/example_trigger_controller_dag.py
[2024-04-30 16:15:32,178] {scheduler_job.py:629} INFO - Processing file /home/airflow/.local/lib/python3.6/site-packages/airflow/example_dags/example_trigger_controller_dag.py for tasks to queue
[2024-04-30 16:15:32,179] {logging_mixin.py:104} INFO - [2024-04-30 16:15:32,179] {dagbag.py:451} INFO - Filling up the DagBag from /home/airflow/.local/lib/python3.6/site-packages/airflow/example_dags/example_trigger_controller_dag.py
[2024-04-30 16:15:32,190] {scheduler_job.py:639} INFO - DAG(s) dict_keys(['example_trigger_controller_dag']) retrieved from /home/airflow/.local/lib/python3.6/site-packages/airflow/example_dags/example_trigger_controller_dag.py
[2024-04-30 16:15:32,256] {logging_mixin.py:104} INFO - [2024-04-30 16:15:32,256] {dag.py:1824} INFO - Sync 1 DAGs
[2024-04-30 16:15:32,286] {logging_mixin.py:104} INFO - [2024-04-30 16:15:32,286] {dag.py:2280} INFO - Setting next_dagrun for example_trigger_controller_dag to 2024-04-28 00:00:00+00:00
[2024-04-30 16:15:32,322] {scheduler_job.py:190} INFO - Processing /home/airflow/.local/lib/python3.6/site-packages/airflow/example_dags/example_trigger_controller_dag.py took 0.148 seconds
[2024-04-30 16:16:02,966] {scheduler_job.py:182} INFO - Started process (PID=537) to work on /home/airflow/.local/lib/python3.6/site-packages/airflow/example_dags/example_trigger_controller_dag.py
[2024-04-30 16:16:02,967] {scheduler_job.py:629} INFO - Processing file /home/airflow/.local/lib/python3.6/site-packages/airflow/example_dags/example_trigger_controller_dag.py for tasks to queue
[2024-04-30 16:16:02,968] {logging_mixin.py:104} INFO - [2024-04-30 16:16:02,968] {dagbag.py:451} INFO - Filling up the DagBag from /home/airflow/.local/lib/python3.6/site-packages/airflow/example_dags/example_trigger_controller_dag.py
[2024-04-30 16:16:02,980] {scheduler_job.py:639} INFO - DAG(s) dict_keys(['example_trigger_controller_dag']) retrieved from /home/airflow/.local/lib/python3.6/site-packages/airflow/example_dags/example_trigger_controller_dag.py
[2024-04-30 16:16:03,111] {logging_mixin.py:104} INFO - [2024-04-30 16:16:03,110] {dag.py:1824} INFO - Sync 1 DAGs
[2024-04-30 16:16:03,234] {logging_mixin.py:104} INFO - [2024-04-30 16:16:03,233] {dag.py:2280} INFO - Setting next_dagrun for example_trigger_controller_dag to 2024-04-28 00:00:00+00:00
[2024-04-30 16:16:03,267] {scheduler_job.py:190} INFO - Processing /home/airflow/.local/lib/python3.6/site-packages/airflow/example_dags/example_trigger_controller_dag.py took 0.305 seconds
[2024-04-30 16:16:33,496] {scheduler_job.py:182} INFO - Started process (PID=569) to work on /home/airflow/.local/lib/python3.6/site-packages/airflow/example_dags/example_trigger_controller_dag.py
[2024-04-30 16:16:33,498] {scheduler_job.py:629} INFO - Processing file /home/airflow/.local/lib/python3.6/site-packages/airflow/example_dags/example_trigger_controller_dag.py for tasks to queue
[2024-04-30 16:16:33,499] {logging_mixin.py:104} INFO - [2024-04-30 16:16:33,499] {dagbag.py:451} INFO - Filling up the DagBag from /home/airflow/.local/lib/python3.6/site-packages/airflow/example_dags/example_trigger_controller_dag.py
[2024-04-30 16:16:33,513] {scheduler_job.py:639} INFO - DAG(s) dict_keys(['example_trigger_controller_dag']) retrieved from /home/airflow/.local/lib/python3.6/site-packages/airflow/example_dags/example_trigger_controller_dag.py
[2024-04-30 16:16:33,539] {logging_mixin.py:104} INFO - [2024-04-30 16:16:33,539] {dag.py:1824} INFO - Sync 1 DAGs
[2024-04-30 16:16:33,605] {logging_mixin.py:104} INFO - [2024-04-30 16:16:33,605] {dag.py:2280} INFO - Setting next_dagrun for example_trigger_controller_dag to 2024-04-28 00:00:00+00:00
[2024-04-30 16:16:33,627] {scheduler_job.py:190} INFO - Processing /home/airflow/.local/lib/python3.6/site-packages/airflow/example_dags/example_trigger_controller_dag.py took 0.135 seconds
[2024-04-30 16:17:04,408] {scheduler_job.py:182} INFO - Started process (PID=601) to work on /home/airflow/.local/lib/python3.6/site-packages/airflow/example_dags/example_trigger_controller_dag.py
[2024-04-30 16:17:04,409] {scheduler_job.py:629} INFO - Processing file /home/airflow/.local/lib/python3.6/site-packages/airflow/example_dags/example_trigger_controller_dag.py for tasks to queue
[2024-04-30 16:17:04,411] {logging_mixin.py:104} INFO - [2024-04-30 16:17:04,410] {dagbag.py:451} INFO - Filling up the DagBag from /home/airflow/.local/lib/python3.6/site-packages/airflow/example_dags/example_trigger_controller_dag.py
[2024-04-30 16:17:04,423] {scheduler_job.py:639} INFO - DAG(s) dict_keys(['example_trigger_controller_dag']) retrieved from /home/airflow/.local/lib/python3.6/site-packages/airflow/example_dags/example_trigger_controller_dag.py
[2024-04-30 16:17:04,444] {logging_mixin.py:104} INFO - [2024-04-30 16:17:04,444] {dag.py:1824} INFO - Sync 1 DAGs
[2024-04-30 16:17:04,459] {logging_mixin.py:104} INFO - [2024-04-30 16:17:04,459] {dag.py:2280} INFO - Setting next_dagrun for example_trigger_controller_dag to 2024-04-28 00:00:00+00:00
[2024-04-30 16:17:04,469] {scheduler_job.py:190} INFO - Processing /home/airflow/.local/lib/python3.6/site-packages/airflow/example_dags/example_trigger_controller_dag.py took 0.064 seconds
[2024-04-30 16:17:35,144] {scheduler_job.py:182} INFO - Started process (PID=633) to work on /home/airflow/.local/lib/python3.6/site-packages/airflow/example_dags/example_trigger_controller_dag.py
[2024-04-30 16:17:35,146] {scheduler_job.py:629} INFO - Processing file /home/airflow/.local/lib/python3.6/site-packages/airflow/example_dags/example_trigger_controller_dag.py for tasks to queue
[2024-04-30 16:17:35,147] {logging_mixin.py:104} INFO - [2024-04-30 16:17:35,147] {dagbag.py:451} INFO - Filling up the DagBag from /home/airflow/.local/lib/python3.6/site-packages/airflow/example_dags/example_trigger_controller_dag.py
[2024-04-30 16:17:35,166] {scheduler_job.py:639} INFO - DAG(s) dict_keys(['example_trigger_controller_dag']) retrieved from /home/airflow/.local/lib/python3.6/site-packages/airflow/example_dags/example_trigger_controller_dag.py
[2024-04-30 16:17:35,202] {logging_mixin.py:104} INFO - [2024-04-30 16:17:35,201] {dag.py:1824} INFO - Sync 1 DAGs
[2024-04-30 16:17:35,229] {logging_mixin.py:104} INFO - [2024-04-30 16:17:35,228] {dag.py:2280} INFO - Setting next_dagrun for example_trigger_controller_dag to 2024-04-28 00:00:00+00:00
[2024-04-30 16:17:35,241] {scheduler_job.py:190} INFO - Processing /home/airflow/.local/lib/python3.6/site-packages/airflow/example_dags/example_trigger_controller_dag.py took 0.102 seconds
[2024-04-30 16:18:06,104] {scheduler_job.py:182} INFO - Started process (PID=665) to work on /home/airflow/.local/lib/python3.6/site-packages/airflow/example_dags/example_trigger_controller_dag.py
[2024-04-30 16:18:06,105] {scheduler_job.py:629} INFO - Processing file /home/airflow/.local/lib/python3.6/site-packages/airflow/example_dags/example_trigger_controller_dag.py for tasks to queue
[2024-04-30 16:18:06,106] {logging_mixin.py:104} INFO - [2024-04-30 16:18:06,106] {dagbag.py:451} INFO - Filling up the DagBag from /home/airflow/.local/lib/python3.6/site-packages/airflow/example_dags/example_trigger_controller_dag.py
[2024-04-30 16:18:06,116] {scheduler_job.py:639} INFO - DAG(s) dict_keys(['example_trigger_controller_dag']) retrieved from /home/airflow/.local/lib/python3.6/site-packages/airflow/example_dags/example_trigger_controller_dag.py
[2024-04-30 16:18:06,136] {logging_mixin.py:104} INFO - [2024-04-30 16:18:06,136] {dag.py:1824} INFO - Sync 1 DAGs
[2024-04-30 16:18:06,149] {logging_mixin.py:104} INFO - [2024-04-30 16:18:06,149] {dag.py:2280} INFO - Setting next_dagrun for example_trigger_controller_dag to 2024-04-28 00:00:00+00:00
[2024-04-30 16:18:06,160] {scheduler_job.py:190} INFO - Processing /home/airflow/.local/lib/python3.6/site-packages/airflow/example_dags/example_trigger_controller_dag.py took 0.060 seconds
[2024-04-30 16:18:36,428] {scheduler_job.py:182} INFO - Started process (PID=697) to work on /home/airflow/.local/lib/python3.6/site-packages/airflow/example_dags/example_trigger_controller_dag.py
[2024-04-30 16:18:36,429] {scheduler_job.py:629} INFO - Processing file /home/airflow/.local/lib/python3.6/site-packages/airflow/example_dags/example_trigger_controller_dag.py for tasks to queue
[2024-04-30 16:18:36,430] {logging_mixin.py:104} INFO - [2024-04-30 16:18:36,430] {dagbag.py:451} INFO - Filling up the DagBag from /home/airflow/.local/lib/python3.6/site-packages/airflow/example_dags/example_trigger_controller_dag.py
[2024-04-30 16:18:36,441] {scheduler_job.py:639} INFO - DAG(s) dict_keys(['example_trigger_controller_dag']) retrieved from /home/airflow/.local/lib/python3.6/site-packages/airflow/example_dags/example_trigger_controller_dag.py
[2024-04-30 16:18:36,461] {logging_mixin.py:104} INFO - [2024-04-30 16:18:36,461] {dag.py:1824} INFO - Sync 1 DAGs
[2024-04-30 16:18:36,476] {logging_mixin.py:104} INFO - [2024-04-30 16:18:36,476] {dag.py:2280} INFO - Setting next_dagrun for example_trigger_controller_dag to 2024-04-28 00:00:00+00:00
[2024-04-30 16:18:36,487] {scheduler_job.py:190} INFO - Processing /home/airflow/.local/lib/python3.6/site-packages/airflow/example_dags/example_trigger_controller_dag.py took 0.062 seconds
[2024-04-30 16:19:06,973] {scheduler_job.py:182} INFO - Started process (PID=729) to work on /home/airflow/.local/lib/python3.6/site-packages/airflow/example_dags/example_trigger_controller_dag.py
[2024-04-30 16:19:06,974] {scheduler_job.py:629} INFO - Processing file /home/airflow/.local/lib/python3.6/site-packages/airflow/example_dags/example_trigger_controller_dag.py for tasks to queue
[2024-04-30 16:19:06,975] {logging_mixin.py:104} INFO - [2024-04-30 16:19:06,975] {dagbag.py:451} INFO - Filling up the DagBag from /home/airflow/.local/lib/python3.6/site-packages/airflow/example_dags/example_trigger_controller_dag.py
[2024-04-30 16:19:06,988] {scheduler_job.py:639} INFO - DAG(s) dict_keys(['example_trigger_controller_dag']) retrieved from /home/airflow/.local/lib/python3.6/site-packages/airflow/example_dags/example_trigger_controller_dag.py
[2024-04-30 16:19:07,010] {logging_mixin.py:104} INFO - [2024-04-30 16:19:07,010] {dag.py:1824} INFO - Sync 1 DAGs
[2024-04-30 16:19:07,026] {logging_mixin.py:104} INFO - [2024-04-30 16:19:07,026] {dag.py:2280} INFO - Setting next_dagrun for example_trigger_controller_dag to 2024-04-28 00:00:00+00:00
[2024-04-30 16:19:07,038] {scheduler_job.py:190} INFO - Processing /home/airflow/.local/lib/python3.6/site-packages/airflow/example_dags/example_trigger_controller_dag.py took 0.070 seconds
[2024-04-30 16:19:37,395] {scheduler_job.py:182} INFO - Started process (PID=761) to work on /home/airflow/.local/lib/python3.6/site-packages/airflow/example_dags/example_trigger_controller_dag.py
[2024-04-30 16:19:37,397] {scheduler_job.py:629} INFO - Processing file /home/airflow/.local/lib/python3.6/site-packages/airflow/example_dags/example_trigger_controller_dag.py for tasks to queue
[2024-04-30 16:19:37,398] {logging_mixin.py:104} INFO - [2024-04-30 16:19:37,398] {dagbag.py:451} INFO - Filling up the DagBag from /home/airflow/.local/lib/python3.6/site-packages/airflow/example_dags/example_trigger_controller_dag.py
[2024-04-30 16:19:37,409] {scheduler_job.py:639} INFO - DAG(s) dict_keys(['example_trigger_controller_dag']) retrieved from /home/airflow/.local/lib/python3.6/site-packages/airflow/example_dags/example_trigger_controller_dag.py
[2024-04-30 16:19:37,429] {logging_mixin.py:104} INFO - [2024-04-30 16:19:37,429] {dag.py:1824} INFO - Sync 1 DAGs
[2024-04-30 16:19:37,445] {logging_mixin.py:104} INFO - [2024-04-30 16:19:37,445] {dag.py:2280} INFO - Setting next_dagrun for example_trigger_controller_dag to 2024-04-28 00:00:00+00:00
[2024-04-30 16:19:37,456] {scheduler_job.py:190} INFO - Processing /home/airflow/.local/lib/python3.6/site-packages/airflow/example_dags/example_trigger_controller_dag.py took 0.065 seconds
[2024-04-30 16:20:07,811] {scheduler_job.py:182} INFO - Started process (PID=793) to work on /home/airflow/.local/lib/python3.6/site-packages/airflow/example_dags/example_trigger_controller_dag.py
[2024-04-30 16:20:07,812] {scheduler_job.py:629} INFO - Processing file /home/airflow/.local/lib/python3.6/site-packages/airflow/example_dags/example_trigger_controller_dag.py for tasks to queue
[2024-04-30 16:20:07,813] {logging_mixin.py:104} INFO - [2024-04-30 16:20:07,813] {dagbag.py:451} INFO - Filling up the DagBag from /home/airflow/.local/lib/python3.6/site-packages/airflow/example_dags/example_trigger_controller_dag.py
[2024-04-30 16:20:07,825] {scheduler_job.py:639} INFO - DAG(s) dict_keys(['example_trigger_controller_dag']) retrieved from /home/airflow/.local/lib/python3.6/site-packages/airflow/example_dags/example_trigger_controller_dag.py
[2024-04-30 16:20:07,847] {logging_mixin.py:104} INFO - [2024-04-30 16:20:07,847] {dag.py:1824} INFO - Sync 1 DAGs
[2024-04-30 16:20:07,862] {logging_mixin.py:104} INFO - [2024-04-30 16:20:07,862] {dag.py:2280} INFO - Setting next_dagrun for example_trigger_controller_dag to 2024-04-28 00:00:00+00:00
[2024-04-30 16:20:07,873] {scheduler_job.py:190} INFO - Processing /home/airflow/.local/lib/python3.6/site-packages/airflow/example_dags/example_trigger_controller_dag.py took 0.066 seconds
[2024-04-30 16:20:38,321] {scheduler_job.py:182} INFO - Started process (PID=825) to work on /home/airflow/.local/lib/python3.6/site-packages/airflow/example_dags/example_trigger_controller_dag.py
[2024-04-30 16:20:38,323] {scheduler_job.py:629} INFO - Processing file /home/airflow/.local/lib/python3.6/site-packages/airflow/example_dags/example_trigger_controller_dag.py for tasks to queue
[2024-04-30 16:20:38,324] {logging_mixin.py:104} INFO - [2024-04-30 16:20:38,323] {dagbag.py:451} INFO - Filling up the DagBag from /home/airflow/.local/lib/python3.6/site-packages/airflow/example_dags/example_trigger_controller_dag.py
[2024-04-30 16:20:38,339] {scheduler_job.py:639} INFO - DAG(s) dict_keys(['example_trigger_controller_dag']) retrieved from /home/airflow/.local/lib/python3.6/site-packages/airflow/example_dags/example_trigger_controller_dag.py
[2024-04-30 16:20:38,363] {logging_mixin.py:104} INFO - [2024-04-30 16:20:38,363] {dag.py:1824} INFO - Sync 1 DAGs
[2024-04-30 16:20:38,381] {logging_mixin.py:104} INFO - [2024-04-30 16:20:38,381] {dag.py:2280} INFO - Setting next_dagrun for example_trigger_controller_dag to 2024-04-28 00:00:00+00:00
[2024-04-30 16:20:38,392] {scheduler_job.py:190} INFO - Processing /home/airflow/.local/lib/python3.6/site-packages/airflow/example_dags/example_trigger_controller_dag.py took 0.074 seconds
[2024-04-30 16:21:08,820] {scheduler_job.py:182} INFO - Started process (PID=857) to work on /home/airflow/.local/lib/python3.6/site-packages/airflow/example_dags/example_trigger_controller_dag.py
[2024-04-30 16:21:08,821] {scheduler_job.py:629} INFO - Processing file /home/airflow/.local/lib/python3.6/site-packages/airflow/example_dags/example_trigger_controller_dag.py for tasks to queue
[2024-04-30 16:21:08,822] {logging_mixin.py:104} INFO - [2024-04-30 16:21:08,822] {dagbag.py:451} INFO - Filling up the DagBag from /home/airflow/.local/lib/python3.6/site-packages/airflow/example_dags/example_trigger_controller_dag.py
[2024-04-30 16:21:08,833] {scheduler_job.py:639} INFO - DAG(s) dict_keys(['example_trigger_controller_dag']) retrieved from /home/airflow/.local/lib/python3.6/site-packages/airflow/example_dags/example_trigger_controller_dag.py
[2024-04-30 16:21:08,853] {logging_mixin.py:104} INFO - [2024-04-30 16:21:08,853] {dag.py:1824} INFO - Sync 1 DAGs
[2024-04-30 16:21:08,869] {logging_mixin.py:104} INFO - [2024-04-30 16:21:08,868] {dag.py:2280} INFO - Setting next_dagrun for example_trigger_controller_dag to 2024-04-28 00:00:00+00:00
[2024-04-30 16:21:08,879] {scheduler_job.py:190} INFO - Processing /home/airflow/.local/lib/python3.6/site-packages/airflow/example_dags/example_trigger_controller_dag.py took 0.063 seconds
[2024-04-30 16:21:39,396] {scheduler_job.py:182} INFO - Started process (PID=889) to work on /home/airflow/.local/lib/python3.6/site-packages/airflow/example_dags/example_trigger_controller_dag.py
[2024-04-30 16:21:39,398] {scheduler_job.py:629} INFO - Processing file /home/airflow/.local/lib/python3.6/site-packages/airflow/example_dags/example_trigger_controller_dag.py for tasks to queue
[2024-04-30 16:21:39,399] {logging_mixin.py:104} INFO - [2024-04-30 16:21:39,399] {dagbag.py:451} INFO - Filling up the DagBag from /home/airflow/.local/lib/python3.6/site-packages/airflow/example_dags/example_trigger_controller_dag.py
[2024-04-30 16:21:39,409] {scheduler_job.py:639} INFO - DAG(s) dict_keys(['example_trigger_controller_dag']) retrieved from /home/airflow/.local/lib/python3.6/site-packages/airflow/example_dags/example_trigger_controller_dag.py
[2024-04-30 16:21:39,430] {logging_mixin.py:104} INFO - [2024-04-30 16:21:39,430] {dag.py:1824} INFO - Sync 1 DAGs
[2024-04-30 16:21:39,446] {logging_mixin.py:104} INFO - [2024-04-30 16:21:39,446] {dag.py:2280} INFO - Setting next_dagrun for example_trigger_controller_dag to 2024-04-28 00:00:00+00:00
[2024-04-30 16:21:39,456] {scheduler_job.py:190} INFO - Processing /home/airflow/.local/lib/python3.6/site-packages/airflow/example_dags/example_trigger_controller_dag.py took 0.063 seconds
[2024-04-30 16:22:09,961] {scheduler_job.py:182} INFO - Started process (PID=921) to work on /home/airflow/.local/lib/python3.6/site-packages/airflow/example_dags/example_trigger_controller_dag.py
[2024-04-30 16:22:09,963] {scheduler_job.py:629} INFO - Processing file /home/airflow/.local/lib/python3.6/site-packages/airflow/example_dags/example_trigger_controller_dag.py for tasks to queue
[2024-04-30 16:22:09,964] {logging_mixin.py:104} INFO - [2024-04-30 16:22:09,963] {dagbag.py:451} INFO - Filling up the DagBag from /home/airflow/.local/lib/python3.6/site-packages/airflow/example_dags/example_trigger_controller_dag.py
[2024-04-30 16:22:09,976] {scheduler_job.py:639} INFO - DAG(s) dict_keys(['example_trigger_controller_dag']) retrieved from /home/airflow/.local/lib/python3.6/site-packages/airflow/example_dags/example_trigger_controller_dag.py
[2024-04-30 16:22:09,997] {logging_mixin.py:104} INFO - [2024-04-30 16:22:09,997] {dag.py:1824} INFO - Sync 1 DAGs
[2024-04-30 16:22:10,013] {logging_mixin.py:104} INFO - [2024-04-30 16:22:10,013] {dag.py:2280} INFO - Setting next_dagrun for example_trigger_controller_dag to 2024-04-28 00:00:00+00:00
[2024-04-30 16:22:10,024] {scheduler_job.py:190} INFO - Processing /home/airflow/.local/lib/python3.6/site-packages/airflow/example_dags/example_trigger_controller_dag.py took 0.066 seconds
[2024-04-30 16:22:40,610] {scheduler_job.py:182} INFO - Started process (PID=953) to work on /home/airflow/.local/lib/python3.6/site-packages/airflow/example_dags/example_trigger_controller_dag.py
[2024-04-30 16:22:40,614] {scheduler_job.py:629} INFO - Processing file /home/airflow/.local/lib/python3.6/site-packages/airflow/example_dags/example_trigger_controller_dag.py for tasks to queue
[2024-04-30 16:22:40,615] {logging_mixin.py:104} INFO - [2024-04-30 16:22:40,615] {dagbag.py:451} INFO - Filling up the DagBag from /home/airflow/.local/lib/python3.6/site-packages/airflow/example_dags/example_trigger_controller_dag.py
[2024-04-30 16:22:40,628] {scheduler_job.py:639} INFO - DAG(s) dict_keys(['example_trigger_controller_dag']) retrieved from /home/airflow/.local/lib/python3.6/site-packages/airflow/example_dags/example_trigger_controller_dag.py
[2024-04-30 16:22:40,655] {logging_mixin.py:104} INFO - [2024-04-30 16:22:40,654] {dag.py:1824} INFO - Sync 1 DAGs
[2024-04-30 16:22:40,669] {logging_mixin.py:104} INFO - [2024-04-30 16:22:40,669] {dag.py:2280} INFO - Setting next_dagrun for example_trigger_controller_dag to 2024-04-28 00:00:00+00:00
[2024-04-30 16:22:40,683] {scheduler_job.py:190} INFO - Processing /home/airflow/.local/lib/python3.6/site-packages/airflow/example_dags/example_trigger_controller_dag.py took 0.078 seconds
[2024-04-30 16:23:11,151] {scheduler_job.py:182} INFO - Started process (PID=985) to work on /home/airflow/.local/lib/python3.6/site-packages/airflow/example_dags/example_trigger_controller_dag.py
[2024-04-30 16:23:11,153] {scheduler_job.py:629} INFO - Processing file /home/airflow/.local/lib/python3.6/site-packages/airflow/example_dags/example_trigger_controller_dag.py for tasks to queue
[2024-04-30 16:23:11,154] {logging_mixin.py:104} INFO - [2024-04-30 16:23:11,154] {dagbag.py:451} INFO - Filling up the DagBag from /home/airflow/.local/lib/python3.6/site-packages/airflow/example_dags/example_trigger_controller_dag.py
[2024-04-30 16:23:11,167] {scheduler_job.py:639} INFO - DAG(s) dict_keys(['example_trigger_controller_dag']) retrieved from /home/airflow/.local/lib/python3.6/site-packages/airflow/example_dags/example_trigger_controller_dag.py
[2024-04-30 16:23:11,194] {logging_mixin.py:104} INFO - [2024-04-30 16:23:11,194] {dag.py:1824} INFO - Sync 1 DAGs
[2024-04-30 16:23:11,209] {logging_mixin.py:104} INFO - [2024-04-30 16:23:11,209] {dag.py:2280} INFO - Setting next_dagrun for example_trigger_controller_dag to 2024-04-28 00:00:00+00:00
[2024-04-30 16:23:11,221] {scheduler_job.py:190} INFO - Processing /home/airflow/.local/lib/python3.6/site-packages/airflow/example_dags/example_trigger_controller_dag.py took 0.074 seconds
[2024-04-30 16:23:41,645] {scheduler_job.py:182} INFO - Started process (PID=1017) to work on /home/airflow/.local/lib/python3.6/site-packages/airflow/example_dags/example_trigger_controller_dag.py
[2024-04-30 16:23:41,646] {scheduler_job.py:629} INFO - Processing file /home/airflow/.local/lib/python3.6/site-packages/airflow/example_dags/example_trigger_controller_dag.py for tasks to queue
[2024-04-30 16:23:41,648] {logging_mixin.py:104} INFO - [2024-04-30 16:23:41,647] {dagbag.py:451} INFO - Filling up the DagBag from /home/airflow/.local/lib/python3.6/site-packages/airflow/example_dags/example_trigger_controller_dag.py
[2024-04-30 16:23:41,664] {scheduler_job.py:639} INFO - DAG(s) dict_keys(['example_trigger_controller_dag']) retrieved from /home/airflow/.local/lib/python3.6/site-packages/airflow/example_dags/example_trigger_controller_dag.py
[2024-04-30 16:23:41,686] {logging_mixin.py:104} INFO - [2024-04-30 16:23:41,686] {dag.py:1824} INFO - Sync 1 DAGs
[2024-04-30 16:23:41,701] {logging_mixin.py:104} INFO - [2024-04-30 16:23:41,701] {dag.py:2280} INFO - Setting next_dagrun for example_trigger_controller_dag to 2024-04-28 00:00:00+00:00
[2024-04-30 16:23:41,724] {scheduler_job.py:190} INFO - Processing /home/airflow/.local/lib/python3.6/site-packages/airflow/example_dags/example_trigger_controller_dag.py took 0.083 seconds
[2024-04-30 16:24:12,313] {scheduler_job.py:182} INFO - Started process (PID=1049) to work on /home/airflow/.local/lib/python3.6/site-packages/airflow/example_dags/example_trigger_controller_dag.py
[2024-04-30 16:24:12,314] {scheduler_job.py:629} INFO - Processing file /home/airflow/.local/lib/python3.6/site-packages/airflow/example_dags/example_trigger_controller_dag.py for tasks to queue
[2024-04-30 16:24:12,315] {logging_mixin.py:104} INFO - [2024-04-30 16:24:12,315] {dagbag.py:451} INFO - Filling up the DagBag from /home/airflow/.local/lib/python3.6/site-packages/airflow/example_dags/example_trigger_controller_dag.py
[2024-04-30 16:24:12,328] {scheduler_job.py:639} INFO - DAG(s) dict_keys(['example_trigger_controller_dag']) retrieved from /home/airflow/.local/lib/python3.6/site-packages/airflow/example_dags/example_trigger_controller_dag.py
[2024-04-30 16:24:12,347] {logging_mixin.py:104} INFO - [2024-04-30 16:24:12,347] {dag.py:1824} INFO - Sync 1 DAGs
[2024-04-30 16:24:12,366] {logging_mixin.py:104} INFO - [2024-04-30 16:24:12,365] {dag.py:2280} INFO - Setting next_dagrun for example_trigger_controller_dag to 2024-04-28 00:00:00+00:00
[2024-04-30 16:24:12,377] {scheduler_job.py:190} INFO - Processing /home/airflow/.local/lib/python3.6/site-packages/airflow/example_dags/example_trigger_controller_dag.py took 0.068 seconds
[2024-04-30 16:24:42,799] {scheduler_job.py:182} INFO - Started process (PID=1081) to work on /home/airflow/.local/lib/python3.6/site-packages/airflow/example_dags/example_trigger_controller_dag.py
[2024-04-30 16:24:42,801] {scheduler_job.py:629} INFO - Processing file /home/airflow/.local/lib/python3.6/site-packages/airflow/example_dags/example_trigger_controller_dag.py for tasks to queue
[2024-04-30 16:24:42,802] {logging_mixin.py:104} INFO - [2024-04-30 16:24:42,802] {dagbag.py:451} INFO - Filling up the DagBag from /home/airflow/.local/lib/python3.6/site-packages/airflow/example_dags/example_trigger_controller_dag.py
[2024-04-30 16:24:42,816] {scheduler_job.py:639} INFO - DAG(s) dict_keys(['example_trigger_controller_dag']) retrieved from /home/airflow/.local/lib/python3.6/site-packages/airflow/example_dags/example_trigger_controller_dag.py
[2024-04-30 16:24:42,840] {logging_mixin.py:104} INFO - [2024-04-30 16:24:42,839] {dag.py:1824} INFO - Sync 1 DAGs
[2024-04-30 16:24:42,855] {logging_mixin.py:104} INFO - [2024-04-30 16:24:42,855] {dag.py:2280} INFO - Setting next_dagrun for example_trigger_controller_dag to 2024-04-28 00:00:00+00:00
[2024-04-30 16:24:42,865] {scheduler_job.py:190} INFO - Processing /home/airflow/.local/lib/python3.6/site-packages/airflow/example_dags/example_trigger_controller_dag.py took 0.069 seconds
[2024-04-30 16:25:13,588] {scheduler_job.py:182} INFO - Started process (PID=1113) to work on /home/airflow/.local/lib/python3.6/site-packages/airflow/example_dags/example_trigger_controller_dag.py
[2024-04-30 16:25:13,589] {scheduler_job.py:629} INFO - Processing file /home/airflow/.local/lib/python3.6/site-packages/airflow/example_dags/example_trigger_controller_dag.py for tasks to queue
[2024-04-30 16:25:13,590] {logging_mixin.py:104} INFO - [2024-04-30 16:25:13,590] {dagbag.py:451} INFO - Filling up the DagBag from /home/airflow/.local/lib/python3.6/site-packages/airflow/example_dags/example_trigger_controller_dag.py
[2024-04-30 16:25:13,605] {scheduler_job.py:639} INFO - DAG(s) dict_keys(['example_trigger_controller_dag']) retrieved from /home/airflow/.local/lib/python3.6/site-packages/airflow/example_dags/example_trigger_controller_dag.py
[2024-04-30 16:25:13,626] {logging_mixin.py:104} INFO - [2024-04-30 16:25:13,626] {dag.py:1824} INFO - Sync 1 DAGs
[2024-04-30 16:25:13,641] {logging_mixin.py:104} INFO - [2024-04-30 16:25:13,641] {dag.py:2280} INFO - Setting next_dagrun for example_trigger_controller_dag to 2024-04-28 00:00:00+00:00
[2024-04-30 16:25:13,651] {scheduler_job.py:190} INFO - Processing /home/airflow/.local/lib/python3.6/site-packages/airflow/example_dags/example_trigger_controller_dag.py took 0.067 seconds
[2024-04-30 16:25:44,171] {scheduler_job.py:182} INFO - Started process (PID=1145) to work on /home/airflow/.local/lib/python3.6/site-packages/airflow/example_dags/example_trigger_controller_dag.py
[2024-04-30 16:25:44,173] {scheduler_job.py:629} INFO - Processing file /home/airflow/.local/lib/python3.6/site-packages/airflow/example_dags/example_trigger_controller_dag.py for tasks to queue
[2024-04-30 16:25:44,174] {logging_mixin.py:104} INFO - [2024-04-30 16:25:44,174] {dagbag.py:451} INFO - Filling up the DagBag from /home/airflow/.local/lib/python3.6/site-packages/airflow/example_dags/example_trigger_controller_dag.py
[2024-04-30 16:25:44,185] {scheduler_job.py:639} INFO - DAG(s) dict_keys(['example_trigger_controller_dag']) retrieved from /home/airflow/.local/lib/python3.6/site-packages/airflow/example_dags/example_trigger_controller_dag.py
[2024-04-30 16:25:44,206] {logging_mixin.py:104} INFO - [2024-04-30 16:25:44,206] {dag.py:1824} INFO - Sync 1 DAGs
[2024-04-30 16:25:44,221] {logging_mixin.py:104} INFO - [2024-04-30 16:25:44,221] {dag.py:2280} INFO - Setting next_dagrun for example_trigger_controller_dag to 2024-04-28 00:00:00+00:00
[2024-04-30 16:25:44,241] {scheduler_job.py:190} INFO - Processing /home/airflow/.local/lib/python3.6/site-packages/airflow/example_dags/example_trigger_controller_dag.py took 0.073 seconds
[2024-04-30 16:26:14,614] {scheduler_job.py:182} INFO - Started process (PID=1177) to work on /home/airflow/.local/lib/python3.6/site-packages/airflow/example_dags/example_trigger_controller_dag.py
[2024-04-30 16:26:14,615] {scheduler_job.py:629} INFO - Processing file /home/airflow/.local/lib/python3.6/site-packages/airflow/example_dags/example_trigger_controller_dag.py for tasks to queue
[2024-04-30 16:26:14,616] {logging_mixin.py:104} INFO - [2024-04-30 16:26:14,615] {dagbag.py:451} INFO - Filling up the DagBag from /home/airflow/.local/lib/python3.6/site-packages/airflow/example_dags/example_trigger_controller_dag.py
[2024-04-30 16:26:14,626] {scheduler_job.py:639} INFO - DAG(s) dict_keys(['example_trigger_controller_dag']) retrieved from /home/airflow/.local/lib/python3.6/site-packages/airflow/example_dags/example_trigger_controller_dag.py
[2024-04-30 16:26:14,644] {logging_mixin.py:104} INFO - [2024-04-30 16:26:14,644] {dag.py:1824} INFO - Sync 1 DAGs
[2024-04-30 16:26:14,662] {logging_mixin.py:104} INFO - [2024-04-30 16:26:14,662] {dag.py:2280} INFO - Setting next_dagrun for example_trigger_controller_dag to 2024-04-28 00:00:00+00:00
[2024-04-30 16:26:14,672] {scheduler_job.py:190} INFO - Processing /home/airflow/.local/lib/python3.6/site-packages/airflow/example_dags/example_trigger_controller_dag.py took 0.062 seconds
[2024-04-30 16:26:45,194] {scheduler_job.py:182} INFO - Started process (PID=1209) to work on /home/airflow/.local/lib/python3.6/site-packages/airflow/example_dags/example_trigger_controller_dag.py
[2024-04-30 16:26:45,200] {scheduler_job.py:629} INFO - Processing file /home/airflow/.local/lib/python3.6/site-packages/airflow/example_dags/example_trigger_controller_dag.py for tasks to queue
[2024-04-30 16:26:45,201] {logging_mixin.py:104} INFO - [2024-04-30 16:26:45,201] {dagbag.py:451} INFO - Filling up the DagBag from /home/airflow/.local/lib/python3.6/site-packages/airflow/example_dags/example_trigger_controller_dag.py
[2024-04-30 16:26:45,214] {scheduler_job.py:639} INFO - DAG(s) dict_keys(['example_trigger_controller_dag']) retrieved from /home/airflow/.local/lib/python3.6/site-packages/airflow/example_dags/example_trigger_controller_dag.py
[2024-04-30 16:26:45,234] {logging_mixin.py:104} INFO - [2024-04-30 16:26:45,234] {dag.py:1824} INFO - Sync 1 DAGs
[2024-04-30 16:26:45,251] {logging_mixin.py:104} INFO - [2024-04-30 16:26:45,251] {dag.py:2280} INFO - Setting next_dagrun for example_trigger_controller_dag to 2024-04-28 00:00:00+00:00
[2024-04-30 16:26:45,263] {scheduler_job.py:190} INFO - Processing /home/airflow/.local/lib/python3.6/site-packages/airflow/example_dags/example_trigger_controller_dag.py took 0.072 seconds
[2024-04-30 16:27:15,623] {scheduler_job.py:182} INFO - Started process (PID=1241) to work on /home/airflow/.local/lib/python3.6/site-packages/airflow/example_dags/example_trigger_controller_dag.py
[2024-04-30 16:27:15,625] {scheduler_job.py:629} INFO - Processing file /home/airflow/.local/lib/python3.6/site-packages/airflow/example_dags/example_trigger_controller_dag.py for tasks to queue
[2024-04-30 16:27:15,626] {logging_mixin.py:104} INFO - [2024-04-30 16:27:15,626] {dagbag.py:451} INFO - Filling up the DagBag from /home/airflow/.local/lib/python3.6/site-packages/airflow/example_dags/example_trigger_controller_dag.py
[2024-04-30 16:27:15,636] {scheduler_job.py:639} INFO - DAG(s) dict_keys(['example_trigger_controller_dag']) retrieved from /home/airflow/.local/lib/python3.6/site-packages/airflow/example_dags/example_trigger_controller_dag.py
[2024-04-30 16:27:15,655] {logging_mixin.py:104} INFO - [2024-04-30 16:27:15,655] {dag.py:1824} INFO - Sync 1 DAGs
[2024-04-30 16:27:15,671] {logging_mixin.py:104} INFO - [2024-04-30 16:27:15,671] {dag.py:2280} INFO - Setting next_dagrun for example_trigger_controller_dag to 2024-04-28 00:00:00+00:00
[2024-04-30 16:27:15,680] {scheduler_job.py:190} INFO - Processing /home/airflow/.local/lib/python3.6/site-packages/airflow/example_dags/example_trigger_controller_dag.py took 0.060 seconds
[2024-04-30 16:27:46,147] {scheduler_job.py:182} INFO - Started process (PID=1273) to work on /home/airflow/.local/lib/python3.6/site-packages/airflow/example_dags/example_trigger_controller_dag.py
[2024-04-30 16:27:46,148] {scheduler_job.py:629} INFO - Processing file /home/airflow/.local/lib/python3.6/site-packages/airflow/example_dags/example_trigger_controller_dag.py for tasks to queue
[2024-04-30 16:27:46,148] {logging_mixin.py:104} INFO - [2024-04-30 16:27:46,148] {dagbag.py:451} INFO - Filling up the DagBag from /home/airflow/.local/lib/python3.6/site-packages/airflow/example_dags/example_trigger_controller_dag.py
[2024-04-30 16:27:46,157] {scheduler_job.py:639} INFO - DAG(s) dict_keys(['example_trigger_controller_dag']) retrieved from /home/airflow/.local/lib/python3.6/site-packages/airflow/example_dags/example_trigger_controller_dag.py
[2024-04-30 16:27:46,174] {logging_mixin.py:104} INFO - [2024-04-30 16:27:46,174] {dag.py:1824} INFO - Sync 1 DAGs
[2024-04-30 16:27:46,187] {logging_mixin.py:104} INFO - [2024-04-30 16:27:46,187] {dag.py:2280} INFO - Setting next_dagrun for example_trigger_controller_dag to 2024-04-28 00:00:00+00:00
[2024-04-30 16:27:46,196] {scheduler_job.py:190} INFO - Processing /home/airflow/.local/lib/python3.6/site-packages/airflow/example_dags/example_trigger_controller_dag.py took 0.053 seconds
[2024-04-30 16:28:16,717] {scheduler_job.py:182} INFO - Started process (PID=1305) to work on /home/airflow/.local/lib/python3.6/site-packages/airflow/example_dags/example_trigger_controller_dag.py
[2024-04-30 16:28:16,718] {scheduler_job.py:629} INFO - Processing file /home/airflow/.local/lib/python3.6/site-packages/airflow/example_dags/example_trigger_controller_dag.py for tasks to queue
[2024-04-30 16:28:16,719] {logging_mixin.py:104} INFO - [2024-04-30 16:28:16,719] {dagbag.py:451} INFO - Filling up the DagBag from /home/airflow/.local/lib/python3.6/site-packages/airflow/example_dags/example_trigger_controller_dag.py
[2024-04-30 16:28:16,731] {scheduler_job.py:639} INFO - DAG(s) dict_keys(['example_trigger_controller_dag']) retrieved from /home/airflow/.local/lib/python3.6/site-packages/airflow/example_dags/example_trigger_controller_dag.py
[2024-04-30 16:28:16,753] {logging_mixin.py:104} INFO - [2024-04-30 16:28:16,753] {dag.py:1824} INFO - Sync 1 DAGs
[2024-04-30 16:28:16,768] {logging_mixin.py:104} INFO - [2024-04-30 16:28:16,768] {dag.py:2280} INFO - Setting next_dagrun for example_trigger_controller_dag to 2024-04-28 00:00:00+00:00
[2024-04-30 16:28:16,779] {scheduler_job.py:190} INFO - Processing /home/airflow/.local/lib/python3.6/site-packages/airflow/example_dags/example_trigger_controller_dag.py took 0.065 seconds
[2024-04-30 16:28:47,252] {scheduler_job.py:182} INFO - Started process (PID=1337) to work on /home/airflow/.local/lib/python3.6/site-packages/airflow/example_dags/example_trigger_controller_dag.py
[2024-04-30 16:28:47,254] {scheduler_job.py:629} INFO - Processing file /home/airflow/.local/lib/python3.6/site-packages/airflow/example_dags/example_trigger_controller_dag.py for tasks to queue
[2024-04-30 16:28:47,254] {logging_mixin.py:104} INFO - [2024-04-30 16:28:47,254] {dagbag.py:451} INFO - Filling up the DagBag from /home/airflow/.local/lib/python3.6/site-packages/airflow/example_dags/example_trigger_controller_dag.py
[2024-04-30 16:28:47,266] {scheduler_job.py:639} INFO - DAG(s) dict_keys(['example_trigger_controller_dag']) retrieved from /home/airflow/.local/lib/python3.6/site-packages/airflow/example_dags/example_trigger_controller_dag.py
[2024-04-30 16:28:47,285] {logging_mixin.py:104} INFO - [2024-04-30 16:28:47,284] {dag.py:1824} INFO - Sync 1 DAGs
[2024-04-30 16:28:47,298] {logging_mixin.py:104} INFO - [2024-04-30 16:28:47,298] {dag.py:2280} INFO - Setting next_dagrun for example_trigger_controller_dag to 2024-04-28 00:00:00+00:00
[2024-04-30 16:28:47,319] {scheduler_job.py:190} INFO - Processing /home/airflow/.local/lib/python3.6/site-packages/airflow/example_dags/example_trigger_controller_dag.py took 0.071 seconds
[2024-04-30 16:29:17,814] {scheduler_job.py:182} INFO - Started process (PID=1369) to work on /home/airflow/.local/lib/python3.6/site-packages/airflow/example_dags/example_trigger_controller_dag.py
[2024-04-30 16:29:17,816] {scheduler_job.py:629} INFO - Processing file /home/airflow/.local/lib/python3.6/site-packages/airflow/example_dags/example_trigger_controller_dag.py for tasks to queue
[2024-04-30 16:29:17,817] {logging_mixin.py:104} INFO - [2024-04-30 16:29:17,817] {dagbag.py:451} INFO - Filling up the DagBag from /home/airflow/.local/lib/python3.6/site-packages/airflow/example_dags/example_trigger_controller_dag.py
[2024-04-30 16:29:17,832] {scheduler_job.py:639} INFO - DAG(s) dict_keys(['example_trigger_controller_dag']) retrieved from /home/airflow/.local/lib/python3.6/site-packages/airflow/example_dags/example_trigger_controller_dag.py
[2024-04-30 16:29:17,859] {logging_mixin.py:104} INFO - [2024-04-30 16:29:17,859] {dag.py:1824} INFO - Sync 1 DAGs
[2024-04-30 16:29:17,880] {logging_mixin.py:104} INFO - [2024-04-30 16:29:17,879] {dag.py:2280} INFO - Setting next_dagrun for example_trigger_controller_dag to 2024-04-28 00:00:00+00:00
[2024-04-30 16:29:17,891] {scheduler_job.py:190} INFO - Processing /home/airflow/.local/lib/python3.6/site-packages/airflow/example_dags/example_trigger_controller_dag.py took 0.083 seconds
[2024-04-30 16:29:48,359] {scheduler_job.py:182} INFO - Started process (PID=1401) to work on /home/airflow/.local/lib/python3.6/site-packages/airflow/example_dags/example_trigger_controller_dag.py
[2024-04-30 16:29:48,360] {scheduler_job.py:629} INFO - Processing file /home/airflow/.local/lib/python3.6/site-packages/airflow/example_dags/example_trigger_controller_dag.py for tasks to queue
[2024-04-30 16:29:48,361] {logging_mixin.py:104} INFO - [2024-04-30 16:29:48,361] {dagbag.py:451} INFO - Filling up the DagBag from /home/airflow/.local/lib/python3.6/site-packages/airflow/example_dags/example_trigger_controller_dag.py
[2024-04-30 16:29:48,371] {scheduler_job.py:639} INFO - DAG(s) dict_keys(['example_trigger_controller_dag']) retrieved from /home/airflow/.local/lib/python3.6/site-packages/airflow/example_dags/example_trigger_controller_dag.py
[2024-04-30 16:29:48,389] {logging_mixin.py:104} INFO - [2024-04-30 16:29:48,389] {dag.py:1824} INFO - Sync 1 DAGs
[2024-04-30 16:29:48,402] {logging_mixin.py:104} INFO - [2024-04-30 16:29:48,402] {dag.py:2280} INFO - Setting next_dagrun for example_trigger_controller_dag to 2024-04-28 00:00:00+00:00
[2024-04-30 16:29:48,411] {scheduler_job.py:190} INFO - Processing /home/airflow/.local/lib/python3.6/site-packages/airflow/example_dags/example_trigger_controller_dag.py took 0.055 seconds
[2024-04-30 16:30:18,930] {scheduler_job.py:182} INFO - Started process (PID=1433) to work on /home/airflow/.local/lib/python3.6/site-packages/airflow/example_dags/example_trigger_controller_dag.py
[2024-04-30 16:30:18,931] {scheduler_job.py:629} INFO - Processing file /home/airflow/.local/lib/python3.6/site-packages/airflow/example_dags/example_trigger_controller_dag.py for tasks to queue
[2024-04-30 16:30:18,932] {logging_mixin.py:104} INFO - [2024-04-30 16:30:18,932] {dagbag.py:451} INFO - Filling up the DagBag from /home/airflow/.local/lib/python3.6/site-packages/airflow/example_dags/example_trigger_controller_dag.py
[2024-04-30 16:30:18,945] {scheduler_job.py:639} INFO - DAG(s) dict_keys(['example_trigger_controller_dag']) retrieved from /home/airflow/.local/lib/python3.6/site-packages/airflow/example_dags/example_trigger_controller_dag.py
[2024-04-30 16:30:18,965] {logging_mixin.py:104} INFO - [2024-04-30 16:30:18,965] {dag.py:1824} INFO - Sync 1 DAGs
[2024-04-30 16:30:18,980] {logging_mixin.py:104} INFO - [2024-04-30 16:30:18,980] {dag.py:2280} INFO - Setting next_dagrun for example_trigger_controller_dag to 2024-04-28 00:00:00+00:00
[2024-04-30 16:30:19,000] {scheduler_job.py:190} INFO - Processing /home/airflow/.local/lib/python3.6/site-packages/airflow/example_dags/example_trigger_controller_dag.py took 0.074 seconds
[2024-04-30 16:30:49,803] {scheduler_job.py:182} INFO - Started process (PID=1465) to work on /home/airflow/.local/lib/python3.6/site-packages/airflow/example_dags/example_trigger_controller_dag.py
[2024-04-30 16:30:49,805] {scheduler_job.py:629} INFO - Processing file /home/airflow/.local/lib/python3.6/site-packages/airflow/example_dags/example_trigger_controller_dag.py for tasks to queue
[2024-04-30 16:30:49,806] {logging_mixin.py:104} INFO - [2024-04-30 16:30:49,806] {dagbag.py:451} INFO - Filling up the DagBag from /home/airflow/.local/lib/python3.6/site-packages/airflow/example_dags/example_trigger_controller_dag.py
[2024-04-30 16:30:49,821] {scheduler_job.py:639} INFO - DAG(s) dict_keys(['example_trigger_controller_dag']) retrieved from /home/airflow/.local/lib/python3.6/site-packages/airflow/example_dags/example_trigger_controller_dag.py
[2024-04-30 16:30:49,852] {logging_mixin.py:104} INFO - [2024-04-30 16:30:49,852] {dag.py:1824} INFO - Sync 1 DAGs
[2024-04-30 16:30:49,883] {logging_mixin.py:104} INFO - [2024-04-30 16:30:49,883] {dag.py:2280} INFO - Setting next_dagrun for example_trigger_controller_dag to 2024-04-28 00:00:00+00:00
[2024-04-30 16:30:49,901] {scheduler_job.py:190} INFO - Processing /home/airflow/.local/lib/python3.6/site-packages/airflow/example_dags/example_trigger_controller_dag.py took 0.102 seconds
[2024-04-30 16:31:20,487] {scheduler_job.py:182} INFO - Started process (PID=1497) to work on /home/airflow/.local/lib/python3.6/site-packages/airflow/example_dags/example_trigger_controller_dag.py
[2024-04-30 16:31:20,489] {scheduler_job.py:629} INFO - Processing file /home/airflow/.local/lib/python3.6/site-packages/airflow/example_dags/example_trigger_controller_dag.py for tasks to queue
[2024-04-30 16:31:20,491] {logging_mixin.py:104} INFO - [2024-04-30 16:31:20,491] {dagbag.py:451} INFO - Filling up the DagBag from /home/airflow/.local/lib/python3.6/site-packages/airflow/example_dags/example_trigger_controller_dag.py
[2024-04-30 16:31:20,517] {scheduler_job.py:639} INFO - DAG(s) dict_keys(['example_trigger_controller_dag']) retrieved from /home/airflow/.local/lib/python3.6/site-packages/airflow/example_dags/example_trigger_controller_dag.py
[2024-04-30 16:31:20,556] {logging_mixin.py:104} INFO - [2024-04-30 16:31:20,555] {dag.py:1824} INFO - Sync 1 DAGs
[2024-04-30 16:31:20,584] {logging_mixin.py:104} INFO - [2024-04-30 16:31:20,584] {dag.py:2280} INFO - Setting next_dagrun for example_trigger_controller_dag to 2024-04-28 00:00:00+00:00
[2024-04-30 16:31:20,607] {scheduler_job.py:190} INFO - Processing /home/airflow/.local/lib/python3.6/site-packages/airflow/example_dags/example_trigger_controller_dag.py took 0.125 seconds
[2024-04-30 16:31:50,825] {scheduler_job.py:182} INFO - Started process (PID=1529) to work on /home/airflow/.local/lib/python3.6/site-packages/airflow/example_dags/example_trigger_controller_dag.py
[2024-04-30 16:31:50,830] {scheduler_job.py:629} INFO - Processing file /home/airflow/.local/lib/python3.6/site-packages/airflow/example_dags/example_trigger_controller_dag.py for tasks to queue
[2024-04-30 16:31:50,831] {logging_mixin.py:104} INFO - [2024-04-30 16:31:50,831] {dagbag.py:451} INFO - Filling up the DagBag from /home/airflow/.local/lib/python3.6/site-packages/airflow/example_dags/example_trigger_controller_dag.py
[2024-04-30 16:31:50,851] {scheduler_job.py:639} INFO - DAG(s) dict_keys(['example_trigger_controller_dag']) retrieved from /home/airflow/.local/lib/python3.6/site-packages/airflow/example_dags/example_trigger_controller_dag.py
[2024-04-30 16:31:50,884] {logging_mixin.py:104} INFO - [2024-04-30 16:31:50,883] {dag.py:1824} INFO - Sync 1 DAGs
[2024-04-30 16:31:50,905] {logging_mixin.py:104} INFO - [2024-04-30 16:31:50,904] {dag.py:2280} INFO - Setting next_dagrun for example_trigger_controller_dag to 2024-04-28 00:00:00+00:00
[2024-04-30 16:31:50,918] {scheduler_job.py:190} INFO - Processing /home/airflow/.local/lib/python3.6/site-packages/airflow/example_dags/example_trigger_controller_dag.py took 0.098 seconds
[2024-04-30 16:32:21,798] {scheduler_job.py:182} INFO - Started process (PID=1561) to work on /home/airflow/.local/lib/python3.6/site-packages/airflow/example_dags/example_trigger_controller_dag.py
[2024-04-30 16:32:21,799] {scheduler_job.py:629} INFO - Processing file /home/airflow/.local/lib/python3.6/site-packages/airflow/example_dags/example_trigger_controller_dag.py for tasks to queue
[2024-04-30 16:32:21,800] {logging_mixin.py:104} INFO - [2024-04-30 16:32:21,800] {dagbag.py:451} INFO - Filling up the DagBag from /home/airflow/.local/lib/python3.6/site-packages/airflow/example_dags/example_trigger_controller_dag.py
[2024-04-30 16:32:21,810] {scheduler_job.py:639} INFO - DAG(s) dict_keys(['example_trigger_controller_dag']) retrieved from /home/airflow/.local/lib/python3.6/site-packages/airflow/example_dags/example_trigger_controller_dag.py
[2024-04-30 16:32:21,830] {logging_mixin.py:104} INFO - [2024-04-30 16:32:21,830] {dag.py:1824} INFO - Sync 1 DAGs
[2024-04-30 16:32:21,845] {logging_mixin.py:104} INFO - [2024-04-30 16:32:21,844] {dag.py:2280} INFO - Setting next_dagrun for example_trigger_controller_dag to 2024-04-28 00:00:00+00:00
[2024-04-30 16:32:21,853] {scheduler_job.py:190} INFO - Processing /home/airflow/.local/lib/python3.6/site-packages/airflow/example_dags/example_trigger_controller_dag.py took 0.059 seconds
[2024-04-30 16:32:52,379] {scheduler_job.py:182} INFO - Started process (PID=1593) to work on /home/airflow/.local/lib/python3.6/site-packages/airflow/example_dags/example_trigger_controller_dag.py
[2024-04-30 16:32:52,380] {scheduler_job.py:629} INFO - Processing file /home/airflow/.local/lib/python3.6/site-packages/airflow/example_dags/example_trigger_controller_dag.py for tasks to queue
[2024-04-30 16:32:52,381] {logging_mixin.py:104} INFO - [2024-04-30 16:32:52,380] {dagbag.py:451} INFO - Filling up the DagBag from /home/airflow/.local/lib/python3.6/site-packages/airflow/example_dags/example_trigger_controller_dag.py
[2024-04-30 16:32:52,391] {scheduler_job.py:639} INFO - DAG(s) dict_keys(['example_trigger_controller_dag']) retrieved from /home/airflow/.local/lib/python3.6/site-packages/airflow/example_dags/example_trigger_controller_dag.py
[2024-04-30 16:32:52,409] {logging_mixin.py:104} INFO - [2024-04-30 16:32:52,409] {dag.py:1824} INFO - Sync 1 DAGs
[2024-04-30 16:32:52,422] {logging_mixin.py:104} INFO - [2024-04-30 16:32:52,422] {dag.py:2280} INFO - Setting next_dagrun for example_trigger_controller_dag to 2024-04-28 00:00:00+00:00
[2024-04-30 16:32:52,433] {scheduler_job.py:190} INFO - Processing /home/airflow/.local/lib/python3.6/site-packages/airflow/example_dags/example_trigger_controller_dag.py took 0.058 seconds
[2024-04-30 16:33:22,951] {scheduler_job.py:182} INFO - Started process (PID=1625) to work on /home/airflow/.local/lib/python3.6/site-packages/airflow/example_dags/example_trigger_controller_dag.py
[2024-04-30 16:33:22,952] {scheduler_job.py:629} INFO - Processing file /home/airflow/.local/lib/python3.6/site-packages/airflow/example_dags/example_trigger_controller_dag.py for tasks to queue
[2024-04-30 16:33:22,953] {logging_mixin.py:104} INFO - [2024-04-30 16:33:22,953] {dagbag.py:451} INFO - Filling up the DagBag from /home/airflow/.local/lib/python3.6/site-packages/airflow/example_dags/example_trigger_controller_dag.py
[2024-04-30 16:33:22,970] {scheduler_job.py:639} INFO - DAG(s) dict_keys(['example_trigger_controller_dag']) retrieved from /home/airflow/.local/lib/python3.6/site-packages/airflow/example_dags/example_trigger_controller_dag.py
[2024-04-30 16:33:22,992] {logging_mixin.py:104} INFO - [2024-04-30 16:33:22,992] {dag.py:1824} INFO - Sync 1 DAGs
[2024-04-30 16:33:23,006] {logging_mixin.py:104} INFO - [2024-04-30 16:33:23,006] {dag.py:2280} INFO - Setting next_dagrun for example_trigger_controller_dag to 2024-04-28 00:00:00+00:00
[2024-04-30 16:33:23,016] {scheduler_job.py:190} INFO - Processing /home/airflow/.local/lib/python3.6/site-packages/airflow/example_dags/example_trigger_controller_dag.py took 0.071 seconds
[2024-04-30 16:33:53,548] {scheduler_job.py:182} INFO - Started process (PID=1657) to work on /home/airflow/.local/lib/python3.6/site-packages/airflow/example_dags/example_trigger_controller_dag.py
[2024-04-30 16:33:53,550] {scheduler_job.py:629} INFO - Processing file /home/airflow/.local/lib/python3.6/site-packages/airflow/example_dags/example_trigger_controller_dag.py for tasks to queue
[2024-04-30 16:33:53,551] {logging_mixin.py:104} INFO - [2024-04-30 16:33:53,551] {dagbag.py:451} INFO - Filling up the DagBag from /home/airflow/.local/lib/python3.6/site-packages/airflow/example_dags/example_trigger_controller_dag.py
[2024-04-30 16:33:53,562] {scheduler_job.py:639} INFO - DAG(s) dict_keys(['example_trigger_controller_dag']) retrieved from /home/airflow/.local/lib/python3.6/site-packages/airflow/example_dags/example_trigger_controller_dag.py
[2024-04-30 16:33:53,581] {logging_mixin.py:104} INFO - [2024-04-30 16:33:53,581] {dag.py:1824} INFO - Sync 1 DAGs
[2024-04-30 16:33:53,594] {logging_mixin.py:104} INFO - [2024-04-30 16:33:53,594] {dag.py:2280} INFO - Setting next_dagrun for example_trigger_controller_dag to 2024-04-28 00:00:00+00:00
[2024-04-30 16:33:53,603] {scheduler_job.py:190} INFO - Processing /home/airflow/.local/lib/python3.6/site-packages/airflow/example_dags/example_trigger_controller_dag.py took 0.059 seconds
[2024-04-30 16:34:24,134] {scheduler_job.py:182} INFO - Started process (PID=1689) to work on /home/airflow/.local/lib/python3.6/site-packages/airflow/example_dags/example_trigger_controller_dag.py
[2024-04-30 16:34:24,135] {scheduler_job.py:629} INFO - Processing file /home/airflow/.local/lib/python3.6/site-packages/airflow/example_dags/example_trigger_controller_dag.py for tasks to queue
[2024-04-30 16:34:24,136] {logging_mixin.py:104} INFO - [2024-04-30 16:34:24,136] {dagbag.py:451} INFO - Filling up the DagBag from /home/airflow/.local/lib/python3.6/site-packages/airflow/example_dags/example_trigger_controller_dag.py
[2024-04-30 16:34:24,146] {scheduler_job.py:639} INFO - DAG(s) dict_keys(['example_trigger_controller_dag']) retrieved from /home/airflow/.local/lib/python3.6/site-packages/airflow/example_dags/example_trigger_controller_dag.py
[2024-04-30 16:34:24,167] {logging_mixin.py:104} INFO - [2024-04-30 16:34:24,167] {dag.py:1824} INFO - Sync 1 DAGs
[2024-04-30 16:34:24,181] {logging_mixin.py:104} INFO - [2024-04-30 16:34:24,181] {dag.py:2280} INFO - Setting next_dagrun for example_trigger_controller_dag to 2024-04-28 00:00:00+00:00
[2024-04-30 16:34:24,191] {scheduler_job.py:190} INFO - Processing /home/airflow/.local/lib/python3.6/site-packages/airflow/example_dags/example_trigger_controller_dag.py took 0.061 seconds
[2024-04-30 16:34:54,809] {scheduler_job.py:182} INFO - Started process (PID=1721) to work on /home/airflow/.local/lib/python3.6/site-packages/airflow/example_dags/example_trigger_controller_dag.py
[2024-04-30 16:34:54,810] {scheduler_job.py:629} INFO - Processing file /home/airflow/.local/lib/python3.6/site-packages/airflow/example_dags/example_trigger_controller_dag.py for tasks to queue
[2024-04-30 16:34:54,811] {logging_mixin.py:104} INFO - [2024-04-30 16:34:54,811] {dagbag.py:451} INFO - Filling up the DagBag from /home/airflow/.local/lib/python3.6/site-packages/airflow/example_dags/example_trigger_controller_dag.py
[2024-04-30 16:34:54,821] {scheduler_job.py:639} INFO - DAG(s) dict_keys(['example_trigger_controller_dag']) retrieved from /home/airflow/.local/lib/python3.6/site-packages/airflow/example_dags/example_trigger_controller_dag.py
[2024-04-30 16:34:54,841] {logging_mixin.py:104} INFO - [2024-04-30 16:34:54,841] {dag.py:1824} INFO - Sync 1 DAGs
[2024-04-30 16:34:54,854] {logging_mixin.py:104} INFO - [2024-04-30 16:34:54,854] {dag.py:2280} INFO - Setting next_dagrun for example_trigger_controller_dag to 2024-04-28 00:00:00+00:00
[2024-04-30 16:34:54,864] {scheduler_job.py:190} INFO - Processing /home/airflow/.local/lib/python3.6/site-packages/airflow/example_dags/example_trigger_controller_dag.py took 0.058 seconds
[2024-04-30 16:35:25,393] {scheduler_job.py:182} INFO - Started process (PID=1753) to work on /home/airflow/.local/lib/python3.6/site-packages/airflow/example_dags/example_trigger_controller_dag.py
[2024-04-30 16:35:25,394] {scheduler_job.py:629} INFO - Processing file /home/airflow/.local/lib/python3.6/site-packages/airflow/example_dags/example_trigger_controller_dag.py for tasks to queue
[2024-04-30 16:35:25,395] {logging_mixin.py:104} INFO - [2024-04-30 16:35:25,395] {dagbag.py:451} INFO - Filling up the DagBag from /home/airflow/.local/lib/python3.6/site-packages/airflow/example_dags/example_trigger_controller_dag.py
[2024-04-30 16:35:25,407] {scheduler_job.py:639} INFO - DAG(s) dict_keys(['example_trigger_controller_dag']) retrieved from /home/airflow/.local/lib/python3.6/site-packages/airflow/example_dags/example_trigger_controller_dag.py
[2024-04-30 16:35:25,427] {logging_mixin.py:104} INFO - [2024-04-30 16:35:25,427] {dag.py:1824} INFO - Sync 1 DAGs
[2024-04-30 16:35:25,442] {logging_mixin.py:104} INFO - [2024-04-30 16:35:25,442] {dag.py:2280} INFO - Setting next_dagrun for example_trigger_controller_dag to 2024-04-28 00:00:00+00:00
[2024-04-30 16:35:25,451] {scheduler_job.py:190} INFO - Processing /home/airflow/.local/lib/python3.6/site-packages/airflow/example_dags/example_trigger_controller_dag.py took 0.062 seconds
[2024-04-30 16:35:55,912] {scheduler_job.py:182} INFO - Started process (PID=1785) to work on /home/airflow/.local/lib/python3.6/site-packages/airflow/example_dags/example_trigger_controller_dag.py
[2024-04-30 16:35:55,914] {scheduler_job.py:629} INFO - Processing file /home/airflow/.local/lib/python3.6/site-packages/airflow/example_dags/example_trigger_controller_dag.py for tasks to queue
[2024-04-30 16:35:55,914] {logging_mixin.py:104} INFO - [2024-04-30 16:35:55,914] {dagbag.py:451} INFO - Filling up the DagBag from /home/airflow/.local/lib/python3.6/site-packages/airflow/example_dags/example_trigger_controller_dag.py
[2024-04-30 16:35:55,925] {scheduler_job.py:639} INFO - DAG(s) dict_keys(['example_trigger_controller_dag']) retrieved from /home/airflow/.local/lib/python3.6/site-packages/airflow/example_dags/example_trigger_controller_dag.py
[2024-04-30 16:35:55,944] {logging_mixin.py:104} INFO - [2024-04-30 16:35:55,944] {dag.py:1824} INFO - Sync 1 DAGs
[2024-04-30 16:35:55,959] {logging_mixin.py:104} INFO - [2024-04-30 16:35:55,959] {dag.py:2280} INFO - Setting next_dagrun for example_trigger_controller_dag to 2024-04-28 00:00:00+00:00
[2024-04-30 16:35:55,970] {scheduler_job.py:190} INFO - Processing /home/airflow/.local/lib/python3.6/site-packages/airflow/example_dags/example_trigger_controller_dag.py took 0.061 seconds
[2024-04-30 16:36:26,495] {scheduler_job.py:182} INFO - Started process (PID=1817) to work on /home/airflow/.local/lib/python3.6/site-packages/airflow/example_dags/example_trigger_controller_dag.py
[2024-04-30 16:36:26,496] {scheduler_job.py:629} INFO - Processing file /home/airflow/.local/lib/python3.6/site-packages/airflow/example_dags/example_trigger_controller_dag.py for tasks to queue
[2024-04-30 16:36:26,497] {logging_mixin.py:104} INFO - [2024-04-30 16:36:26,496] {dagbag.py:451} INFO - Filling up the DagBag from /home/airflow/.local/lib/python3.6/site-packages/airflow/example_dags/example_trigger_controller_dag.py
[2024-04-30 16:36:26,507] {scheduler_job.py:639} INFO - DAG(s) dict_keys(['example_trigger_controller_dag']) retrieved from /home/airflow/.local/lib/python3.6/site-packages/airflow/example_dags/example_trigger_controller_dag.py
[2024-04-30 16:36:26,527] {logging_mixin.py:104} INFO - [2024-04-30 16:36:26,527] {dag.py:1824} INFO - Sync 1 DAGs
[2024-04-30 16:36:26,542] {logging_mixin.py:104} INFO - [2024-04-30 16:36:26,542] {dag.py:2280} INFO - Setting next_dagrun for example_trigger_controller_dag to 2024-04-28 00:00:00+00:00
[2024-04-30 16:36:26,552] {scheduler_job.py:190} INFO - Processing /home/airflow/.local/lib/python3.6/site-packages/airflow/example_dags/example_trigger_controller_dag.py took 0.061 seconds
[2024-04-30 16:36:57,035] {scheduler_job.py:182} INFO - Started process (PID=1849) to work on /home/airflow/.local/lib/python3.6/site-packages/airflow/example_dags/example_trigger_controller_dag.py
[2024-04-30 16:36:57,037] {scheduler_job.py:629} INFO - Processing file /home/airflow/.local/lib/python3.6/site-packages/airflow/example_dags/example_trigger_controller_dag.py for tasks to queue
[2024-04-30 16:36:57,038] {logging_mixin.py:104} INFO - [2024-04-30 16:36:57,037] {dagbag.py:451} INFO - Filling up the DagBag from /home/airflow/.local/lib/python3.6/site-packages/airflow/example_dags/example_trigger_controller_dag.py
[2024-04-30 16:36:57,047] {scheduler_job.py:639} INFO - DAG(s) dict_keys(['example_trigger_controller_dag']) retrieved from /home/airflow/.local/lib/python3.6/site-packages/airflow/example_dags/example_trigger_controller_dag.py
[2024-04-30 16:36:57,068] {logging_mixin.py:104} INFO - [2024-04-30 16:36:57,068] {dag.py:1824} INFO - Sync 1 DAGs
[2024-04-30 16:36:57,083] {logging_mixin.py:104} INFO - [2024-04-30 16:36:57,083] {dag.py:2280} INFO - Setting next_dagrun for example_trigger_controller_dag to 2024-04-28 00:00:00+00:00
[2024-04-30 16:36:57,104] {scheduler_job.py:190} INFO - Processing /home/airflow/.local/lib/python3.6/site-packages/airflow/example_dags/example_trigger_controller_dag.py took 0.071 seconds
[2024-04-30 16:37:27,622] {scheduler_job.py:182} INFO - Started process (PID=1881) to work on /home/airflow/.local/lib/python3.6/site-packages/airflow/example_dags/example_trigger_controller_dag.py
[2024-04-30 16:37:27,624] {scheduler_job.py:629} INFO - Processing file /home/airflow/.local/lib/python3.6/site-packages/airflow/example_dags/example_trigger_controller_dag.py for tasks to queue
[2024-04-30 16:37:27,624] {logging_mixin.py:104} INFO - [2024-04-30 16:37:27,624] {dagbag.py:451} INFO - Filling up the DagBag from /home/airflow/.local/lib/python3.6/site-packages/airflow/example_dags/example_trigger_controller_dag.py
[2024-04-30 16:37:27,636] {scheduler_job.py:639} INFO - DAG(s) dict_keys(['example_trigger_controller_dag']) retrieved from /home/airflow/.local/lib/python3.6/site-packages/airflow/example_dags/example_trigger_controller_dag.py
[2024-04-30 16:37:27,655] {logging_mixin.py:104} INFO - [2024-04-30 16:37:27,655] {dag.py:1824} INFO - Sync 1 DAGs
[2024-04-30 16:37:27,669] {logging_mixin.py:104} INFO - [2024-04-30 16:37:27,669] {dag.py:2280} INFO - Setting next_dagrun for example_trigger_controller_dag to 2024-04-28 00:00:00+00:00
[2024-04-30 16:37:27,679] {scheduler_job.py:190} INFO - Processing /home/airflow/.local/lib/python3.6/site-packages/airflow/example_dags/example_trigger_controller_dag.py took 0.061 seconds
[2024-04-30 16:37:58,028] {scheduler_job.py:182} INFO - Started process (PID=1913) to work on /home/airflow/.local/lib/python3.6/site-packages/airflow/example_dags/example_trigger_controller_dag.py
[2024-04-30 16:37:58,030] {scheduler_job.py:629} INFO - Processing file /home/airflow/.local/lib/python3.6/site-packages/airflow/example_dags/example_trigger_controller_dag.py for tasks to queue
[2024-04-30 16:37:58,031] {logging_mixin.py:104} INFO - [2024-04-30 16:37:58,031] {dagbag.py:451} INFO - Filling up the DagBag from /home/airflow/.local/lib/python3.6/site-packages/airflow/example_dags/example_trigger_controller_dag.py
[2024-04-30 16:37:58,046] {scheduler_job.py:639} INFO - DAG(s) dict_keys(['example_trigger_controller_dag']) retrieved from /home/airflow/.local/lib/python3.6/site-packages/airflow/example_dags/example_trigger_controller_dag.py
[2024-04-30 16:37:58,071] {logging_mixin.py:104} INFO - [2024-04-30 16:37:58,071] {dag.py:1824} INFO - Sync 1 DAGs
[2024-04-30 16:37:58,090] {logging_mixin.py:104} INFO - [2024-04-30 16:37:58,090] {dag.py:2280} INFO - Setting next_dagrun for example_trigger_controller_dag to 2024-04-28 00:00:00+00:00
[2024-04-30 16:37:58,102] {scheduler_job.py:190} INFO - Processing /home/airflow/.local/lib/python3.6/site-packages/airflow/example_dags/example_trigger_controller_dag.py took 0.078 seconds
[2024-04-30 16:38:28,572] {scheduler_job.py:182} INFO - Started process (PID=1945) to work on /home/airflow/.local/lib/python3.6/site-packages/airflow/example_dags/example_trigger_controller_dag.py
[2024-04-30 16:38:28,574] {scheduler_job.py:629} INFO - Processing file /home/airflow/.local/lib/python3.6/site-packages/airflow/example_dags/example_trigger_controller_dag.py for tasks to queue
[2024-04-30 16:38:28,575] {logging_mixin.py:104} INFO - [2024-04-30 16:38:28,575] {dagbag.py:451} INFO - Filling up the DagBag from /home/airflow/.local/lib/python3.6/site-packages/airflow/example_dags/example_trigger_controller_dag.py
[2024-04-30 16:38:28,585] {scheduler_job.py:639} INFO - DAG(s) dict_keys(['example_trigger_controller_dag']) retrieved from /home/airflow/.local/lib/python3.6/site-packages/airflow/example_dags/example_trigger_controller_dag.py
[2024-04-30 16:38:28,604] {logging_mixin.py:104} INFO - [2024-04-30 16:38:28,604] {dag.py:1824} INFO - Sync 1 DAGs
[2024-04-30 16:38:28,620] {logging_mixin.py:104} INFO - [2024-04-30 16:38:28,620] {dag.py:2280} INFO - Setting next_dagrun for example_trigger_controller_dag to 2024-04-28 00:00:00+00:00
[2024-04-30 16:38:28,632] {scheduler_job.py:190} INFO - Processing /home/airflow/.local/lib/python3.6/site-packages/airflow/example_dags/example_trigger_controller_dag.py took 0.063 seconds
[2024-04-30 16:38:59,173] {scheduler_job.py:182} INFO - Started process (PID=1977) to work on /home/airflow/.local/lib/python3.6/site-packages/airflow/example_dags/example_trigger_controller_dag.py
[2024-04-30 16:38:59,174] {scheduler_job.py:629} INFO - Processing file /home/airflow/.local/lib/python3.6/site-packages/airflow/example_dags/example_trigger_controller_dag.py for tasks to queue
[2024-04-30 16:38:59,175] {logging_mixin.py:104} INFO - [2024-04-30 16:38:59,175] {dagbag.py:451} INFO - Filling up the DagBag from /home/airflow/.local/lib/python3.6/site-packages/airflow/example_dags/example_trigger_controller_dag.py
[2024-04-30 16:38:59,188] {scheduler_job.py:639} INFO - DAG(s) dict_keys(['example_trigger_controller_dag']) retrieved from /home/airflow/.local/lib/python3.6/site-packages/airflow/example_dags/example_trigger_controller_dag.py
[2024-04-30 16:38:59,208] {logging_mixin.py:104} INFO - [2024-04-30 16:38:59,208] {dag.py:1824} INFO - Sync 1 DAGs
[2024-04-30 16:38:59,222] {logging_mixin.py:104} INFO - [2024-04-30 16:38:59,221] {dag.py:2280} INFO - Setting next_dagrun for example_trigger_controller_dag to 2024-04-28 00:00:00+00:00
[2024-04-30 16:38:59,231] {scheduler_job.py:190} INFO - Processing /home/airflow/.local/lib/python3.6/site-packages/airflow/example_dags/example_trigger_controller_dag.py took 0.061 seconds
[2024-04-30 16:39:29,662] {scheduler_job.py:182} INFO - Started process (PID=2009) to work on /home/airflow/.local/lib/python3.6/site-packages/airflow/example_dags/example_trigger_controller_dag.py
[2024-04-30 16:39:29,663] {scheduler_job.py:629} INFO - Processing file /home/airflow/.local/lib/python3.6/site-packages/airflow/example_dags/example_trigger_controller_dag.py for tasks to queue
[2024-04-30 16:39:29,664] {logging_mixin.py:104} INFO - [2024-04-30 16:39:29,664] {dagbag.py:451} INFO - Filling up the DagBag from /home/airflow/.local/lib/python3.6/site-packages/airflow/example_dags/example_trigger_controller_dag.py
[2024-04-30 16:39:29,675] {scheduler_job.py:639} INFO - DAG(s) dict_keys(['example_trigger_controller_dag']) retrieved from /home/airflow/.local/lib/python3.6/site-packages/airflow/example_dags/example_trigger_controller_dag.py
[2024-04-30 16:39:29,695] {logging_mixin.py:104} INFO - [2024-04-30 16:39:29,695] {dag.py:1824} INFO - Sync 1 DAGs
[2024-04-30 16:39:29,708] {logging_mixin.py:104} INFO - [2024-04-30 16:39:29,708] {dag.py:2280} INFO - Setting next_dagrun for example_trigger_controller_dag to 2024-04-28 00:00:00+00:00
[2024-04-30 16:39:29,719] {scheduler_job.py:190} INFO - Processing /home/airflow/.local/lib/python3.6/site-packages/airflow/example_dags/example_trigger_controller_dag.py took 0.060 seconds
[2024-04-30 16:40:00,315] {scheduler_job.py:182} INFO - Started process (PID=2041) to work on /home/airflow/.local/lib/python3.6/site-packages/airflow/example_dags/example_trigger_controller_dag.py
[2024-04-30 16:40:00,316] {scheduler_job.py:629} INFO - Processing file /home/airflow/.local/lib/python3.6/site-packages/airflow/example_dags/example_trigger_controller_dag.py for tasks to queue
[2024-04-30 16:40:00,317] {logging_mixin.py:104} INFO - [2024-04-30 16:40:00,317] {dagbag.py:451} INFO - Filling up the DagBag from /home/airflow/.local/lib/python3.6/site-packages/airflow/example_dags/example_trigger_controller_dag.py
[2024-04-30 16:40:00,327] {scheduler_job.py:639} INFO - DAG(s) dict_keys(['example_trigger_controller_dag']) retrieved from /home/airflow/.local/lib/python3.6/site-packages/airflow/example_dags/example_trigger_controller_dag.py
[2024-04-30 16:40:00,345] {logging_mixin.py:104} INFO - [2024-04-30 16:40:00,345] {dag.py:1824} INFO - Sync 1 DAGs
[2024-04-30 16:40:00,358] {logging_mixin.py:104} INFO - [2024-04-30 16:40:00,358] {dag.py:2280} INFO - Setting next_dagrun for example_trigger_controller_dag to 2024-04-28 00:00:00+00:00
[2024-04-30 16:40:00,378] {scheduler_job.py:190} INFO - Processing /home/airflow/.local/lib/python3.6/site-packages/airflow/example_dags/example_trigger_controller_dag.py took 0.066 seconds
[2024-04-30 16:40:30,683] {scheduler_job.py:182} INFO - Started process (PID=2073) to work on /home/airflow/.local/lib/python3.6/site-packages/airflow/example_dags/example_trigger_controller_dag.py
[2024-04-30 16:40:30,684] {scheduler_job.py:629} INFO - Processing file /home/airflow/.local/lib/python3.6/site-packages/airflow/example_dags/example_trigger_controller_dag.py for tasks to queue
[2024-04-30 16:40:30,685] {logging_mixin.py:104} INFO - [2024-04-30 16:40:30,685] {dagbag.py:451} INFO - Filling up the DagBag from /home/airflow/.local/lib/python3.6/site-packages/airflow/example_dags/example_trigger_controller_dag.py
[2024-04-30 16:40:30,696] {scheduler_job.py:639} INFO - DAG(s) dict_keys(['example_trigger_controller_dag']) retrieved from /home/airflow/.local/lib/python3.6/site-packages/airflow/example_dags/example_trigger_controller_dag.py
[2024-04-30 16:40:30,715] {logging_mixin.py:104} INFO - [2024-04-30 16:40:30,715] {dag.py:1824} INFO - Sync 1 DAGs
[2024-04-30 16:40:30,729] {logging_mixin.py:104} INFO - [2024-04-30 16:40:30,729] {dag.py:2280} INFO - Setting next_dagrun for example_trigger_controller_dag to 2024-04-28 00:00:00+00:00
[2024-04-30 16:40:30,739] {scheduler_job.py:190} INFO - Processing /home/airflow/.local/lib/python3.6/site-packages/airflow/example_dags/example_trigger_controller_dag.py took 0.060 seconds
[2024-04-30 16:41:01,257] {scheduler_job.py:182} INFO - Started process (PID=2105) to work on /home/airflow/.local/lib/python3.6/site-packages/airflow/example_dags/example_trigger_controller_dag.py
[2024-04-30 16:41:01,259] {scheduler_job.py:629} INFO - Processing file /home/airflow/.local/lib/python3.6/site-packages/airflow/example_dags/example_trigger_controller_dag.py for tasks to queue
[2024-04-30 16:41:01,260] {logging_mixin.py:104} INFO - [2024-04-30 16:41:01,259] {dagbag.py:451} INFO - Filling up the DagBag from /home/airflow/.local/lib/python3.6/site-packages/airflow/example_dags/example_trigger_controller_dag.py
[2024-04-30 16:41:01,270] {scheduler_job.py:639} INFO - DAG(s) dict_keys(['example_trigger_controller_dag']) retrieved from /home/airflow/.local/lib/python3.6/site-packages/airflow/example_dags/example_trigger_controller_dag.py
[2024-04-30 16:41:01,288] {logging_mixin.py:104} INFO - [2024-04-30 16:41:01,288] {dag.py:1824} INFO - Sync 1 DAGs
[2024-04-30 16:41:01,301] {logging_mixin.py:104} INFO - [2024-04-30 16:41:01,301] {dag.py:2280} INFO - Setting next_dagrun for example_trigger_controller_dag to 2024-04-28 00:00:00+00:00
[2024-04-30 16:41:01,310] {scheduler_job.py:190} INFO - Processing /home/airflow/.local/lib/python3.6/site-packages/airflow/example_dags/example_trigger_controller_dag.py took 0.056 seconds
[2024-04-30 16:41:31,911] {scheduler_job.py:182} INFO - Started process (PID=2137) to work on /home/airflow/.local/lib/python3.6/site-packages/airflow/example_dags/example_trigger_controller_dag.py
[2024-04-30 16:41:31,913] {scheduler_job.py:629} INFO - Processing file /home/airflow/.local/lib/python3.6/site-packages/airflow/example_dags/example_trigger_controller_dag.py for tasks to queue
[2024-04-30 16:41:31,914] {logging_mixin.py:104} INFO - [2024-04-30 16:41:31,913] {dagbag.py:451} INFO - Filling up the DagBag from /home/airflow/.local/lib/python3.6/site-packages/airflow/example_dags/example_trigger_controller_dag.py
[2024-04-30 16:41:31,925] {scheduler_job.py:639} INFO - DAG(s) dict_keys(['example_trigger_controller_dag']) retrieved from /home/airflow/.local/lib/python3.6/site-packages/airflow/example_dags/example_trigger_controller_dag.py
[2024-04-30 16:41:31,944] {logging_mixin.py:104} INFO - [2024-04-30 16:41:31,944] {dag.py:1824} INFO - Sync 1 DAGs
[2024-04-30 16:41:31,958] {logging_mixin.py:104} INFO - [2024-04-30 16:41:31,958] {dag.py:2280} INFO - Setting next_dagrun for example_trigger_controller_dag to 2024-04-28 00:00:00+00:00
[2024-04-30 16:41:31,971] {scheduler_job.py:190} INFO - Processing /home/airflow/.local/lib/python3.6/site-packages/airflow/example_dags/example_trigger_controller_dag.py took 0.063 seconds
