[2024-04-30 16:09:41,826] {scheduler_job.py:182} INFO - Started process (PID=75) to work on /home/airflow/.local/lib/python3.6/site-packages/airflow/example_dags/tutorial_etl_dag.py
[2024-04-30 16:09:41,835] {scheduler_job.py:629} INFO - Processing file /home/airflow/.local/lib/python3.6/site-packages/airflow/example_dags/tutorial_etl_dag.py for tasks to queue
[2024-04-30 16:09:41,844] {logging_mixin.py:104} INFO - [2024-04-30 16:09:41,844] {dagbag.py:451} INFO - Filling up the DagBag from /home/airflow/.local/lib/python3.6/site-packages/airflow/example_dags/tutorial_etl_dag.py
[2024-04-30 16:09:41,891] {scheduler_job.py:639} INFO - DAG(s) dict_keys(['tutorial_etl_dag']) retrieved from /home/airflow/.local/lib/python3.6/site-packages/airflow/example_dags/tutorial_etl_dag.py
[2024-04-30 16:09:41,967] {logging_mixin.py:104} INFO - [2024-04-30 16:09:41,961] {dag.py:1824} INFO - Sync 1 DAGs
[2024-04-30 16:09:42,025] {logging_mixin.py:104} INFO - [2024-04-30 16:09:42,025] {dag.py:2280} INFO - Setting next_dagrun for tutorial_etl_dag to None
[2024-04-30 16:09:42,101] {scheduler_job.py:190} INFO - Processing /home/airflow/.local/lib/python3.6/site-packages/airflow/example_dags/tutorial_etl_dag.py took 0.287 seconds
[2024-04-30 16:10:13,086] {scheduler_job.py:182} INFO - Started process (PID=142) to work on /home/airflow/.local/lib/python3.6/site-packages/airflow/example_dags/tutorial_etl_dag.py
[2024-04-30 16:10:13,090] {scheduler_job.py:629} INFO - Processing file /home/airflow/.local/lib/python3.6/site-packages/airflow/example_dags/tutorial_etl_dag.py for tasks to queue
[2024-04-30 16:10:13,102] {logging_mixin.py:104} INFO - [2024-04-30 16:10:13,102] {dagbag.py:451} INFO - Filling up the DagBag from /home/airflow/.local/lib/python3.6/site-packages/airflow/example_dags/tutorial_etl_dag.py
[2024-04-30 16:10:13,168] {scheduler_job.py:639} INFO - DAG(s) dict_keys(['tutorial_etl_dag']) retrieved from /home/airflow/.local/lib/python3.6/site-packages/airflow/example_dags/tutorial_etl_dag.py
[2024-04-30 16:10:13,303] {logging_mixin.py:104} INFO - [2024-04-30 16:10:13,303] {dag.py:1824} INFO - Sync 1 DAGs
[2024-04-30 16:10:13,400] {logging_mixin.py:104} INFO - [2024-04-30 16:10:13,400] {dag.py:2280} INFO - Setting next_dagrun for tutorial_etl_dag to None
[2024-04-30 16:10:13,465] {scheduler_job.py:190} INFO - Processing /home/airflow/.local/lib/python3.6/site-packages/airflow/example_dags/tutorial_etl_dag.py took 0.398 seconds
[2024-04-30 16:10:44,235] {scheduler_job.py:182} INFO - Started process (PID=171) to work on /home/airflow/.local/lib/python3.6/site-packages/airflow/example_dags/tutorial_etl_dag.py
[2024-04-30 16:10:44,269] {scheduler_job.py:629} INFO - Processing file /home/airflow/.local/lib/python3.6/site-packages/airflow/example_dags/tutorial_etl_dag.py for tasks to queue
[2024-04-30 16:10:44,288] {logging_mixin.py:104} INFO - [2024-04-30 16:10:44,288] {dagbag.py:451} INFO - Filling up the DagBag from /home/airflow/.local/lib/python3.6/site-packages/airflow/example_dags/tutorial_etl_dag.py
[2024-04-30 16:10:44,407] {scheduler_job.py:639} INFO - DAG(s) dict_keys(['tutorial_etl_dag']) retrieved from /home/airflow/.local/lib/python3.6/site-packages/airflow/example_dags/tutorial_etl_dag.py
[2024-04-30 16:10:44,556] {logging_mixin.py:104} INFO - [2024-04-30 16:10:44,556] {dag.py:1824} INFO - Sync 1 DAGs
[2024-04-30 16:10:44,652] {logging_mixin.py:104} INFO - [2024-04-30 16:10:44,652] {dag.py:2280} INFO - Setting next_dagrun for tutorial_etl_dag to None
[2024-04-30 16:10:44,737] {scheduler_job.py:190} INFO - Processing /home/airflow/.local/lib/python3.6/site-packages/airflow/example_dags/tutorial_etl_dag.py took 0.514 seconds
[2024-04-30 16:11:27,582] {scheduler_job.py:182} INFO - Started process (PID=226) to work on /home/airflow/.local/lib/python3.6/site-packages/airflow/example_dags/tutorial_etl_dag.py
[2024-04-30 16:11:27,592] {scheduler_job.py:629} INFO - Processing file /home/airflow/.local/lib/python3.6/site-packages/airflow/example_dags/tutorial_etl_dag.py for tasks to queue
[2024-04-30 16:11:27,608] {logging_mixin.py:104} INFO - [2024-04-30 16:11:27,608] {dagbag.py:451} INFO - Filling up the DagBag from /home/airflow/.local/lib/python3.6/site-packages/airflow/example_dags/tutorial_etl_dag.py
[2024-04-30 16:11:27,716] {scheduler_job.py:639} INFO - DAG(s) dict_keys(['tutorial_etl_dag']) retrieved from /home/airflow/.local/lib/python3.6/site-packages/airflow/example_dags/tutorial_etl_dag.py
[2024-04-30 16:11:27,821] {logging_mixin.py:104} INFO - [2024-04-30 16:11:27,820] {dag.py:1824} INFO - Sync 1 DAGs
[2024-04-30 16:11:27,919] {logging_mixin.py:104} INFO - [2024-04-30 16:11:27,918] {dag.py:2280} INFO - Setting next_dagrun for tutorial_etl_dag to None
[2024-04-30 16:11:27,975] {scheduler_job.py:190} INFO - Processing /home/airflow/.local/lib/python3.6/site-packages/airflow/example_dags/tutorial_etl_dag.py took 0.409 seconds
[2024-04-30 16:11:58,178] {scheduler_job.py:182} INFO - Started process (PID=267) to work on /home/airflow/.local/lib/python3.6/site-packages/airflow/example_dags/tutorial_etl_dag.py
[2024-04-30 16:11:58,180] {scheduler_job.py:629} INFO - Processing file /home/airflow/.local/lib/python3.6/site-packages/airflow/example_dags/tutorial_etl_dag.py for tasks to queue
[2024-04-30 16:11:58,181] {logging_mixin.py:104} INFO - [2024-04-30 16:11:58,181] {dagbag.py:451} INFO - Filling up the DagBag from /home/airflow/.local/lib/python3.6/site-packages/airflow/example_dags/tutorial_etl_dag.py
[2024-04-30 16:11:58,200] {scheduler_job.py:639} INFO - DAG(s) dict_keys(['tutorial_etl_dag']) retrieved from /home/airflow/.local/lib/python3.6/site-packages/airflow/example_dags/tutorial_etl_dag.py
[2024-04-30 16:11:58,268] {logging_mixin.py:104} INFO - [2024-04-30 16:11:58,268] {dag.py:1824} INFO - Sync 1 DAGs
[2024-04-30 16:11:58,360] {logging_mixin.py:104} INFO - [2024-04-30 16:11:58,359] {dag.py:2280} INFO - Setting next_dagrun for tutorial_etl_dag to None
[2024-04-30 16:11:58,385] {scheduler_job.py:190} INFO - Processing /home/airflow/.local/lib/python3.6/site-packages/airflow/example_dags/tutorial_etl_dag.py took 0.212 seconds
[2024-04-30 16:12:28,738] {scheduler_job.py:182} INFO - Started process (PID=299) to work on /home/airflow/.local/lib/python3.6/site-packages/airflow/example_dags/tutorial_etl_dag.py
[2024-04-30 16:12:28,748] {scheduler_job.py:629} INFO - Processing file /home/airflow/.local/lib/python3.6/site-packages/airflow/example_dags/tutorial_etl_dag.py for tasks to queue
[2024-04-30 16:12:28,762] {logging_mixin.py:104} INFO - [2024-04-30 16:12:28,761] {dagbag.py:451} INFO - Filling up the DagBag from /home/airflow/.local/lib/python3.6/site-packages/airflow/example_dags/tutorial_etl_dag.py
[2024-04-30 16:12:29,145] {scheduler_job.py:639} INFO - DAG(s) dict_keys(['tutorial_etl_dag']) retrieved from /home/airflow/.local/lib/python3.6/site-packages/airflow/example_dags/tutorial_etl_dag.py
[2024-04-30 16:12:29,867] {logging_mixin.py:104} INFO - [2024-04-30 16:12:29,867] {dag.py:1824} INFO - Sync 1 DAGs
[2024-04-30 16:12:30,236] {logging_mixin.py:104} INFO - [2024-04-30 16:12:30,235] {dag.py:2280} INFO - Setting next_dagrun for tutorial_etl_dag to None
[2024-04-30 16:12:30,270] {scheduler_job.py:190} INFO - Processing /home/airflow/.local/lib/python3.6/site-packages/airflow/example_dags/tutorial_etl_dag.py took 1.558 seconds
[2024-04-30 16:13:00,576] {scheduler_job.py:182} INFO - Started process (PID=330) to work on /home/airflow/.local/lib/python3.6/site-packages/airflow/example_dags/tutorial_etl_dag.py
[2024-04-30 16:13:00,578] {scheduler_job.py:629} INFO - Processing file /home/airflow/.local/lib/python3.6/site-packages/airflow/example_dags/tutorial_etl_dag.py for tasks to queue
[2024-04-30 16:13:00,580] {logging_mixin.py:104} INFO - [2024-04-30 16:13:00,579] {dagbag.py:451} INFO - Filling up the DagBag from /home/airflow/.local/lib/python3.6/site-packages/airflow/example_dags/tutorial_etl_dag.py
[2024-04-30 16:13:00,595] {scheduler_job.py:639} INFO - DAG(s) dict_keys(['tutorial_etl_dag']) retrieved from /home/airflow/.local/lib/python3.6/site-packages/airflow/example_dags/tutorial_etl_dag.py
[2024-04-30 16:13:00,622] {logging_mixin.py:104} INFO - [2024-04-30 16:13:00,622] {dag.py:1824} INFO - Sync 1 DAGs
[2024-04-30 16:13:00,647] {logging_mixin.py:104} INFO - [2024-04-30 16:13:00,647] {dag.py:2280} INFO - Setting next_dagrun for tutorial_etl_dag to None
[2024-04-30 16:13:00,659] {scheduler_job.py:190} INFO - Processing /home/airflow/.local/lib/python3.6/site-packages/airflow/example_dags/tutorial_etl_dag.py took 0.087 seconds
[2024-04-30 16:13:31,030] {scheduler_job.py:182} INFO - Started process (PID=362) to work on /home/airflow/.local/lib/python3.6/site-packages/airflow/example_dags/tutorial_etl_dag.py
[2024-04-30 16:13:31,032] {scheduler_job.py:629} INFO - Processing file /home/airflow/.local/lib/python3.6/site-packages/airflow/example_dags/tutorial_etl_dag.py for tasks to queue
[2024-04-30 16:13:31,033] {logging_mixin.py:104} INFO - [2024-04-30 16:13:31,032] {dagbag.py:451} INFO - Filling up the DagBag from /home/airflow/.local/lib/python3.6/site-packages/airflow/example_dags/tutorial_etl_dag.py
[2024-04-30 16:13:31,053] {scheduler_job.py:639} INFO - DAG(s) dict_keys(['tutorial_etl_dag']) retrieved from /home/airflow/.local/lib/python3.6/site-packages/airflow/example_dags/tutorial_etl_dag.py
[2024-04-30 16:13:31,077] {logging_mixin.py:104} INFO - [2024-04-30 16:13:31,077] {dag.py:1824} INFO - Sync 1 DAGs
[2024-04-30 16:13:31,097] {logging_mixin.py:104} INFO - [2024-04-30 16:13:31,097] {dag.py:2280} INFO - Setting next_dagrun for tutorial_etl_dag to None
[2024-04-30 16:13:31,118] {scheduler_job.py:190} INFO - Processing /home/airflow/.local/lib/python3.6/site-packages/airflow/example_dags/tutorial_etl_dag.py took 0.092 seconds
[2024-04-30 16:14:01,939] {scheduler_job.py:182} INFO - Started process (PID=410) to work on /home/airflow/.local/lib/python3.6/site-packages/airflow/example_dags/tutorial_etl_dag.py
[2024-04-30 16:14:01,941] {scheduler_job.py:629} INFO - Processing file /home/airflow/.local/lib/python3.6/site-packages/airflow/example_dags/tutorial_etl_dag.py for tasks to queue
[2024-04-30 16:14:01,941] {logging_mixin.py:104} INFO - [2024-04-30 16:14:01,941] {dagbag.py:451} INFO - Filling up the DagBag from /home/airflow/.local/lib/python3.6/site-packages/airflow/example_dags/tutorial_etl_dag.py
[2024-04-30 16:14:01,955] {scheduler_job.py:639} INFO - DAG(s) dict_keys(['tutorial_etl_dag']) retrieved from /home/airflow/.local/lib/python3.6/site-packages/airflow/example_dags/tutorial_etl_dag.py
[2024-04-30 16:14:01,986] {logging_mixin.py:104} INFO - [2024-04-30 16:14:01,985] {dag.py:1824} INFO - Sync 1 DAGs
[2024-04-30 16:14:02,001] {logging_mixin.py:104} INFO - [2024-04-30 16:14:02,001] {dag.py:2280} INFO - Setting next_dagrun for tutorial_etl_dag to None
[2024-04-30 16:14:02,015] {scheduler_job.py:190} INFO - Processing /home/airflow/.local/lib/python3.6/site-packages/airflow/example_dags/tutorial_etl_dag.py took 0.079 seconds
[2024-04-30 16:14:33,004] {scheduler_job.py:182} INFO - Started process (PID=442) to work on /home/airflow/.local/lib/python3.6/site-packages/airflow/example_dags/tutorial_etl_dag.py
[2024-04-30 16:14:33,006] {scheduler_job.py:629} INFO - Processing file /home/airflow/.local/lib/python3.6/site-packages/airflow/example_dags/tutorial_etl_dag.py for tasks to queue
[2024-04-30 16:14:33,007] {logging_mixin.py:104} INFO - [2024-04-30 16:14:33,006] {dagbag.py:451} INFO - Filling up the DagBag from /home/airflow/.local/lib/python3.6/site-packages/airflow/example_dags/tutorial_etl_dag.py
[2024-04-30 16:14:33,018] {scheduler_job.py:639} INFO - DAG(s) dict_keys(['tutorial_etl_dag']) retrieved from /home/airflow/.local/lib/python3.6/site-packages/airflow/example_dags/tutorial_etl_dag.py
[2024-04-30 16:14:33,042] {logging_mixin.py:104} INFO - [2024-04-30 16:14:33,042] {dag.py:1824} INFO - Sync 1 DAGs
[2024-04-30 16:14:33,057] {logging_mixin.py:104} INFO - [2024-04-30 16:14:33,057] {dag.py:2280} INFO - Setting next_dagrun for tutorial_etl_dag to None
[2024-04-30 16:14:33,069] {scheduler_job.py:190} INFO - Processing /home/airflow/.local/lib/python3.6/site-packages/airflow/example_dags/tutorial_etl_dag.py took 0.067 seconds
[2024-04-30 16:15:03,336] {scheduler_job.py:182} INFO - Started process (PID=474) to work on /home/airflow/.local/lib/python3.6/site-packages/airflow/example_dags/tutorial_etl_dag.py
[2024-04-30 16:15:03,338] {scheduler_job.py:629} INFO - Processing file /home/airflow/.local/lib/python3.6/site-packages/airflow/example_dags/tutorial_etl_dag.py for tasks to queue
[2024-04-30 16:15:03,339] {logging_mixin.py:104} INFO - [2024-04-30 16:15:03,339] {dagbag.py:451} INFO - Filling up the DagBag from /home/airflow/.local/lib/python3.6/site-packages/airflow/example_dags/tutorial_etl_dag.py
[2024-04-30 16:15:03,354] {scheduler_job.py:639} INFO - DAG(s) dict_keys(['tutorial_etl_dag']) retrieved from /home/airflow/.local/lib/python3.6/site-packages/airflow/example_dags/tutorial_etl_dag.py
[2024-04-30 16:15:03,378] {logging_mixin.py:104} INFO - [2024-04-30 16:15:03,378] {dag.py:1824} INFO - Sync 1 DAGs
[2024-04-30 16:15:03,393] {logging_mixin.py:104} INFO - [2024-04-30 16:15:03,393] {dag.py:2280} INFO - Setting next_dagrun for tutorial_etl_dag to None
[2024-04-30 16:15:03,410] {scheduler_job.py:190} INFO - Processing /home/airflow/.local/lib/python3.6/site-packages/airflow/example_dags/tutorial_etl_dag.py took 0.078 seconds
[2024-04-30 16:15:34,363] {scheduler_job.py:182} INFO - Started process (PID=506) to work on /home/airflow/.local/lib/python3.6/site-packages/airflow/example_dags/tutorial_etl_dag.py
[2024-04-30 16:15:34,365] {scheduler_job.py:629} INFO - Processing file /home/airflow/.local/lib/python3.6/site-packages/airflow/example_dags/tutorial_etl_dag.py for tasks to queue
[2024-04-30 16:15:34,366] {logging_mixin.py:104} INFO - [2024-04-30 16:15:34,365] {dagbag.py:451} INFO - Filling up the DagBag from /home/airflow/.local/lib/python3.6/site-packages/airflow/example_dags/tutorial_etl_dag.py
[2024-04-30 16:15:34,380] {scheduler_job.py:639} INFO - DAG(s) dict_keys(['tutorial_etl_dag']) retrieved from /home/airflow/.local/lib/python3.6/site-packages/airflow/example_dags/tutorial_etl_dag.py
[2024-04-30 16:15:34,414] {logging_mixin.py:104} INFO - [2024-04-30 16:15:34,414] {dag.py:1824} INFO - Sync 1 DAGs
[2024-04-30 16:15:34,431] {logging_mixin.py:104} INFO - [2024-04-30 16:15:34,431] {dag.py:2280} INFO - Setting next_dagrun for tutorial_etl_dag to None
[2024-04-30 16:15:34,443] {scheduler_job.py:190} INFO - Processing /home/airflow/.local/lib/python3.6/site-packages/airflow/example_dags/tutorial_etl_dag.py took 0.083 seconds
[2024-04-30 16:16:05,308] {scheduler_job.py:182} INFO - Started process (PID=539) to work on /home/airflow/.local/lib/python3.6/site-packages/airflow/example_dags/tutorial_etl_dag.py
[2024-04-30 16:16:05,310] {scheduler_job.py:629} INFO - Processing file /home/airflow/.local/lib/python3.6/site-packages/airflow/example_dags/tutorial_etl_dag.py for tasks to queue
[2024-04-30 16:16:05,311] {logging_mixin.py:104} INFO - [2024-04-30 16:16:05,311] {dagbag.py:451} INFO - Filling up the DagBag from /home/airflow/.local/lib/python3.6/site-packages/airflow/example_dags/tutorial_etl_dag.py
[2024-04-30 16:16:05,326] {scheduler_job.py:639} INFO - DAG(s) dict_keys(['tutorial_etl_dag']) retrieved from /home/airflow/.local/lib/python3.6/site-packages/airflow/example_dags/tutorial_etl_dag.py
[2024-04-30 16:16:05,348] {logging_mixin.py:104} INFO - [2024-04-30 16:16:05,348] {dag.py:1824} INFO - Sync 1 DAGs
[2024-04-30 16:16:05,365] {logging_mixin.py:104} INFO - [2024-04-30 16:16:05,365] {dag.py:2280} INFO - Setting next_dagrun for tutorial_etl_dag to None
[2024-04-30 16:16:05,376] {scheduler_job.py:190} INFO - Processing /home/airflow/.local/lib/python3.6/site-packages/airflow/example_dags/tutorial_etl_dag.py took 0.072 seconds
[2024-04-30 16:16:35,658] {scheduler_job.py:182} INFO - Started process (PID=571) to work on /home/airflow/.local/lib/python3.6/site-packages/airflow/example_dags/tutorial_etl_dag.py
[2024-04-30 16:16:35,659] {scheduler_job.py:629} INFO - Processing file /home/airflow/.local/lib/python3.6/site-packages/airflow/example_dags/tutorial_etl_dag.py for tasks to queue
[2024-04-30 16:16:35,660] {logging_mixin.py:104} INFO - [2024-04-30 16:16:35,660] {dagbag.py:451} INFO - Filling up the DagBag from /home/airflow/.local/lib/python3.6/site-packages/airflow/example_dags/tutorial_etl_dag.py
[2024-04-30 16:16:35,674] {scheduler_job.py:639} INFO - DAG(s) dict_keys(['tutorial_etl_dag']) retrieved from /home/airflow/.local/lib/python3.6/site-packages/airflow/example_dags/tutorial_etl_dag.py
[2024-04-30 16:16:35,694] {logging_mixin.py:104} INFO - [2024-04-30 16:16:35,694] {dag.py:1824} INFO - Sync 1 DAGs
[2024-04-30 16:16:35,709] {logging_mixin.py:104} INFO - [2024-04-30 16:16:35,709] {dag.py:2280} INFO - Setting next_dagrun for tutorial_etl_dag to None
[2024-04-30 16:16:35,722] {scheduler_job.py:190} INFO - Processing /home/airflow/.local/lib/python3.6/site-packages/airflow/example_dags/tutorial_etl_dag.py took 0.067 seconds
[2024-04-30 16:17:06,525] {scheduler_job.py:182} INFO - Started process (PID=603) to work on /home/airflow/.local/lib/python3.6/site-packages/airflow/example_dags/tutorial_etl_dag.py
[2024-04-30 16:17:06,527] {scheduler_job.py:629} INFO - Processing file /home/airflow/.local/lib/python3.6/site-packages/airflow/example_dags/tutorial_etl_dag.py for tasks to queue
[2024-04-30 16:17:06,527] {logging_mixin.py:104} INFO - [2024-04-30 16:17:06,527] {dagbag.py:451} INFO - Filling up the DagBag from /home/airflow/.local/lib/python3.6/site-packages/airflow/example_dags/tutorial_etl_dag.py
[2024-04-30 16:17:06,540] {scheduler_job.py:639} INFO - DAG(s) dict_keys(['tutorial_etl_dag']) retrieved from /home/airflow/.local/lib/python3.6/site-packages/airflow/example_dags/tutorial_etl_dag.py
[2024-04-30 16:17:06,559] {logging_mixin.py:104} INFO - [2024-04-30 16:17:06,559] {dag.py:1824} INFO - Sync 1 DAGs
[2024-04-30 16:17:06,574] {logging_mixin.py:104} INFO - [2024-04-30 16:17:06,574] {dag.py:2280} INFO - Setting next_dagrun for tutorial_etl_dag to None
[2024-04-30 16:17:06,586] {scheduler_job.py:190} INFO - Processing /home/airflow/.local/lib/python3.6/site-packages/airflow/example_dags/tutorial_etl_dag.py took 0.064 seconds
[2024-04-30 16:17:37,322] {scheduler_job.py:182} INFO - Started process (PID=635) to work on /home/airflow/.local/lib/python3.6/site-packages/airflow/example_dags/tutorial_etl_dag.py
[2024-04-30 16:17:37,323] {scheduler_job.py:629} INFO - Processing file /home/airflow/.local/lib/python3.6/site-packages/airflow/example_dags/tutorial_etl_dag.py for tasks to queue
[2024-04-30 16:17:37,325] {logging_mixin.py:104} INFO - [2024-04-30 16:17:37,325] {dagbag.py:451} INFO - Filling up the DagBag from /home/airflow/.local/lib/python3.6/site-packages/airflow/example_dags/tutorial_etl_dag.py
[2024-04-30 16:17:37,359] {scheduler_job.py:639} INFO - DAG(s) dict_keys(['tutorial_etl_dag']) retrieved from /home/airflow/.local/lib/python3.6/site-packages/airflow/example_dags/tutorial_etl_dag.py
[2024-04-30 16:17:37,400] {logging_mixin.py:104} INFO - [2024-04-30 16:17:37,400] {dag.py:1824} INFO - Sync 1 DAGs
[2024-04-30 16:17:37,466] {logging_mixin.py:104} INFO - [2024-04-30 16:17:37,466] {dag.py:2280} INFO - Setting next_dagrun for tutorial_etl_dag to None
[2024-04-30 16:17:37,490] {scheduler_job.py:190} INFO - Processing /home/airflow/.local/lib/python3.6/site-packages/airflow/example_dags/tutorial_etl_dag.py took 0.174 seconds
[2024-04-30 16:18:08,195] {scheduler_job.py:182} INFO - Started process (PID=667) to work on /home/airflow/.local/lib/python3.6/site-packages/airflow/example_dags/tutorial_etl_dag.py
[2024-04-30 16:18:08,197] {scheduler_job.py:629} INFO - Processing file /home/airflow/.local/lib/python3.6/site-packages/airflow/example_dags/tutorial_etl_dag.py for tasks to queue
[2024-04-30 16:18:08,197] {logging_mixin.py:104} INFO - [2024-04-30 16:18:08,197] {dagbag.py:451} INFO - Filling up the DagBag from /home/airflow/.local/lib/python3.6/site-packages/airflow/example_dags/tutorial_etl_dag.py
[2024-04-30 16:18:08,209] {scheduler_job.py:639} INFO - DAG(s) dict_keys(['tutorial_etl_dag']) retrieved from /home/airflow/.local/lib/python3.6/site-packages/airflow/example_dags/tutorial_etl_dag.py
[2024-04-30 16:18:08,227] {logging_mixin.py:104} INFO - [2024-04-30 16:18:08,227] {dag.py:1824} INFO - Sync 1 DAGs
[2024-04-30 16:18:08,244] {logging_mixin.py:104} INFO - [2024-04-30 16:18:08,244] {dag.py:2280} INFO - Setting next_dagrun for tutorial_etl_dag to None
[2024-04-30 16:18:08,257] {scheduler_job.py:190} INFO - Processing /home/airflow/.local/lib/python3.6/site-packages/airflow/example_dags/tutorial_etl_dag.py took 0.065 seconds
[2024-04-30 16:18:38,519] {scheduler_job.py:182} INFO - Started process (PID=699) to work on /home/airflow/.local/lib/python3.6/site-packages/airflow/example_dags/tutorial_etl_dag.py
[2024-04-30 16:18:38,520] {scheduler_job.py:629} INFO - Processing file /home/airflow/.local/lib/python3.6/site-packages/airflow/example_dags/tutorial_etl_dag.py for tasks to queue
[2024-04-30 16:18:38,521] {logging_mixin.py:104} INFO - [2024-04-30 16:18:38,521] {dagbag.py:451} INFO - Filling up the DagBag from /home/airflow/.local/lib/python3.6/site-packages/airflow/example_dags/tutorial_etl_dag.py
[2024-04-30 16:18:38,533] {scheduler_job.py:639} INFO - DAG(s) dict_keys(['tutorial_etl_dag']) retrieved from /home/airflow/.local/lib/python3.6/site-packages/airflow/example_dags/tutorial_etl_dag.py
[2024-04-30 16:18:38,576] {logging_mixin.py:104} INFO - [2024-04-30 16:18:38,576] {dag.py:1824} INFO - Sync 1 DAGs
[2024-04-30 16:18:38,618] {logging_mixin.py:104} INFO - [2024-04-30 16:18:38,618] {dag.py:2280} INFO - Setting next_dagrun for tutorial_etl_dag to None
[2024-04-30 16:18:38,641] {scheduler_job.py:190} INFO - Processing /home/airflow/.local/lib/python3.6/site-packages/airflow/example_dags/tutorial_etl_dag.py took 0.125 seconds
[2024-04-30 16:19:09,074] {scheduler_job.py:182} INFO - Started process (PID=731) to work on /home/airflow/.local/lib/python3.6/site-packages/airflow/example_dags/tutorial_etl_dag.py
[2024-04-30 16:19:09,075] {scheduler_job.py:629} INFO - Processing file /home/airflow/.local/lib/python3.6/site-packages/airflow/example_dags/tutorial_etl_dag.py for tasks to queue
[2024-04-30 16:19:09,076] {logging_mixin.py:104} INFO - [2024-04-30 16:19:09,076] {dagbag.py:451} INFO - Filling up the DagBag from /home/airflow/.local/lib/python3.6/site-packages/airflow/example_dags/tutorial_etl_dag.py
[2024-04-30 16:19:09,088] {scheduler_job.py:639} INFO - DAG(s) dict_keys(['tutorial_etl_dag']) retrieved from /home/airflow/.local/lib/python3.6/site-packages/airflow/example_dags/tutorial_etl_dag.py
[2024-04-30 16:19:09,108] {logging_mixin.py:104} INFO - [2024-04-30 16:19:09,108] {dag.py:1824} INFO - Sync 1 DAGs
[2024-04-30 16:19:09,125] {logging_mixin.py:104} INFO - [2024-04-30 16:19:09,125] {dag.py:2280} INFO - Setting next_dagrun for tutorial_etl_dag to None
[2024-04-30 16:19:09,136] {scheduler_job.py:190} INFO - Processing /home/airflow/.local/lib/python3.6/site-packages/airflow/example_dags/tutorial_etl_dag.py took 0.065 seconds
[2024-04-30 16:19:39,502] {scheduler_job.py:182} INFO - Started process (PID=763) to work on /home/airflow/.local/lib/python3.6/site-packages/airflow/example_dags/tutorial_etl_dag.py
[2024-04-30 16:19:39,503] {scheduler_job.py:629} INFO - Processing file /home/airflow/.local/lib/python3.6/site-packages/airflow/example_dags/tutorial_etl_dag.py for tasks to queue
[2024-04-30 16:19:39,504] {logging_mixin.py:104} INFO - [2024-04-30 16:19:39,504] {dagbag.py:451} INFO - Filling up the DagBag from /home/airflow/.local/lib/python3.6/site-packages/airflow/example_dags/tutorial_etl_dag.py
[2024-04-30 16:19:39,518] {scheduler_job.py:639} INFO - DAG(s) dict_keys(['tutorial_etl_dag']) retrieved from /home/airflow/.local/lib/python3.6/site-packages/airflow/example_dags/tutorial_etl_dag.py
[2024-04-30 16:19:39,544] {logging_mixin.py:104} INFO - [2024-04-30 16:19:39,544] {dag.py:1824} INFO - Sync 1 DAGs
[2024-04-30 16:19:39,560] {logging_mixin.py:104} INFO - [2024-04-30 16:19:39,560] {dag.py:2280} INFO - Setting next_dagrun for tutorial_etl_dag to None
[2024-04-30 16:19:39,571] {scheduler_job.py:190} INFO - Processing /home/airflow/.local/lib/python3.6/site-packages/airflow/example_dags/tutorial_etl_dag.py took 0.072 seconds
[2024-04-30 16:20:09,919] {scheduler_job.py:182} INFO - Started process (PID=795) to work on /home/airflow/.local/lib/python3.6/site-packages/airflow/example_dags/tutorial_etl_dag.py
[2024-04-30 16:20:09,920] {scheduler_job.py:629} INFO - Processing file /home/airflow/.local/lib/python3.6/site-packages/airflow/example_dags/tutorial_etl_dag.py for tasks to queue
[2024-04-30 16:20:09,921] {logging_mixin.py:104} INFO - [2024-04-30 16:20:09,921] {dagbag.py:451} INFO - Filling up the DagBag from /home/airflow/.local/lib/python3.6/site-packages/airflow/example_dags/tutorial_etl_dag.py
[2024-04-30 16:20:09,935] {scheduler_job.py:639} INFO - DAG(s) dict_keys(['tutorial_etl_dag']) retrieved from /home/airflow/.local/lib/python3.6/site-packages/airflow/example_dags/tutorial_etl_dag.py
[2024-04-30 16:20:09,955] {logging_mixin.py:104} INFO - [2024-04-30 16:20:09,954] {dag.py:1824} INFO - Sync 1 DAGs
[2024-04-30 16:20:09,977] {logging_mixin.py:104} INFO - [2024-04-30 16:20:09,977] {dag.py:2280} INFO - Setting next_dagrun for tutorial_etl_dag to None
[2024-04-30 16:20:09,988] {scheduler_job.py:190} INFO - Processing /home/airflow/.local/lib/python3.6/site-packages/airflow/example_dags/tutorial_etl_dag.py took 0.072 seconds
[2024-04-30 16:20:40,428] {scheduler_job.py:182} INFO - Started process (PID=827) to work on /home/airflow/.local/lib/python3.6/site-packages/airflow/example_dags/tutorial_etl_dag.py
[2024-04-30 16:20:40,429] {scheduler_job.py:629} INFO - Processing file /home/airflow/.local/lib/python3.6/site-packages/airflow/example_dags/tutorial_etl_dag.py for tasks to queue
[2024-04-30 16:20:40,430] {logging_mixin.py:104} INFO - [2024-04-30 16:20:40,430] {dagbag.py:451} INFO - Filling up the DagBag from /home/airflow/.local/lib/python3.6/site-packages/airflow/example_dags/tutorial_etl_dag.py
[2024-04-30 16:20:40,442] {scheduler_job.py:639} INFO - DAG(s) dict_keys(['tutorial_etl_dag']) retrieved from /home/airflow/.local/lib/python3.6/site-packages/airflow/example_dags/tutorial_etl_dag.py
[2024-04-30 16:20:40,460] {logging_mixin.py:104} INFO - [2024-04-30 16:20:40,460] {dag.py:1824} INFO - Sync 1 DAGs
[2024-04-30 16:20:40,476] {logging_mixin.py:104} INFO - [2024-04-30 16:20:40,476] {dag.py:2280} INFO - Setting next_dagrun for tutorial_etl_dag to None
[2024-04-30 16:20:40,486] {scheduler_job.py:190} INFO - Processing /home/airflow/.local/lib/python3.6/site-packages/airflow/example_dags/tutorial_etl_dag.py took 0.062 seconds
[2024-04-30 16:21:10,919] {scheduler_job.py:182} INFO - Started process (PID=859) to work on /home/airflow/.local/lib/python3.6/site-packages/airflow/example_dags/tutorial_etl_dag.py
[2024-04-30 16:21:10,921] {scheduler_job.py:629} INFO - Processing file /home/airflow/.local/lib/python3.6/site-packages/airflow/example_dags/tutorial_etl_dag.py for tasks to queue
[2024-04-30 16:21:10,922] {logging_mixin.py:104} INFO - [2024-04-30 16:21:10,922] {dagbag.py:451} INFO - Filling up the DagBag from /home/airflow/.local/lib/python3.6/site-packages/airflow/example_dags/tutorial_etl_dag.py
[2024-04-30 16:21:10,936] {scheduler_job.py:639} INFO - DAG(s) dict_keys(['tutorial_etl_dag']) retrieved from /home/airflow/.local/lib/python3.6/site-packages/airflow/example_dags/tutorial_etl_dag.py
[2024-04-30 16:21:10,955] {logging_mixin.py:104} INFO - [2024-04-30 16:21:10,954] {dag.py:1824} INFO - Sync 1 DAGs
[2024-04-30 16:21:10,969] {logging_mixin.py:104} INFO - [2024-04-30 16:21:10,969] {dag.py:2280} INFO - Setting next_dagrun for tutorial_etl_dag to None
[2024-04-30 16:21:10,981] {scheduler_job.py:190} INFO - Processing /home/airflow/.local/lib/python3.6/site-packages/airflow/example_dags/tutorial_etl_dag.py took 0.066 seconds
[2024-04-30 16:21:41,511] {scheduler_job.py:182} INFO - Started process (PID=891) to work on /home/airflow/.local/lib/python3.6/site-packages/airflow/example_dags/tutorial_etl_dag.py
[2024-04-30 16:21:41,513] {scheduler_job.py:629} INFO - Processing file /home/airflow/.local/lib/python3.6/site-packages/airflow/example_dags/tutorial_etl_dag.py for tasks to queue
[2024-04-30 16:21:41,514] {logging_mixin.py:104} INFO - [2024-04-30 16:21:41,514] {dagbag.py:451} INFO - Filling up the DagBag from /home/airflow/.local/lib/python3.6/site-packages/airflow/example_dags/tutorial_etl_dag.py
[2024-04-30 16:21:41,526] {scheduler_job.py:639} INFO - DAG(s) dict_keys(['tutorial_etl_dag']) retrieved from /home/airflow/.local/lib/python3.6/site-packages/airflow/example_dags/tutorial_etl_dag.py
[2024-04-30 16:21:41,547] {logging_mixin.py:104} INFO - [2024-04-30 16:21:41,547] {dag.py:1824} INFO - Sync 1 DAGs
[2024-04-30 16:21:41,562] {logging_mixin.py:104} INFO - [2024-04-30 16:21:41,562] {dag.py:2280} INFO - Setting next_dagrun for tutorial_etl_dag to None
[2024-04-30 16:21:41,573] {scheduler_job.py:190} INFO - Processing /home/airflow/.local/lib/python3.6/site-packages/airflow/example_dags/tutorial_etl_dag.py took 0.065 seconds
[2024-04-30 16:22:12,071] {scheduler_job.py:182} INFO - Started process (PID=923) to work on /home/airflow/.local/lib/python3.6/site-packages/airflow/example_dags/tutorial_etl_dag.py
[2024-04-30 16:22:12,073] {scheduler_job.py:629} INFO - Processing file /home/airflow/.local/lib/python3.6/site-packages/airflow/example_dags/tutorial_etl_dag.py for tasks to queue
[2024-04-30 16:22:12,074] {logging_mixin.py:104} INFO - [2024-04-30 16:22:12,074] {dagbag.py:451} INFO - Filling up the DagBag from /home/airflow/.local/lib/python3.6/site-packages/airflow/example_dags/tutorial_etl_dag.py
[2024-04-30 16:22:12,088] {scheduler_job.py:639} INFO - DAG(s) dict_keys(['tutorial_etl_dag']) retrieved from /home/airflow/.local/lib/python3.6/site-packages/airflow/example_dags/tutorial_etl_dag.py
[2024-04-30 16:22:12,109] {logging_mixin.py:104} INFO - [2024-04-30 16:22:12,109] {dag.py:1824} INFO - Sync 1 DAGs
[2024-04-30 16:22:12,123] {logging_mixin.py:104} INFO - [2024-04-30 16:22:12,123] {dag.py:2280} INFO - Setting next_dagrun for tutorial_etl_dag to None
[2024-04-30 16:22:12,134] {scheduler_job.py:190} INFO - Processing /home/airflow/.local/lib/python3.6/site-packages/airflow/example_dags/tutorial_etl_dag.py took 0.067 seconds
[2024-04-30 16:22:42,735] {scheduler_job.py:182} INFO - Started process (PID=955) to work on /home/airflow/.local/lib/python3.6/site-packages/airflow/example_dags/tutorial_etl_dag.py
[2024-04-30 16:22:42,736] {scheduler_job.py:629} INFO - Processing file /home/airflow/.local/lib/python3.6/site-packages/airflow/example_dags/tutorial_etl_dag.py for tasks to queue
[2024-04-30 16:22:42,737] {logging_mixin.py:104} INFO - [2024-04-30 16:22:42,737] {dagbag.py:451} INFO - Filling up the DagBag from /home/airflow/.local/lib/python3.6/site-packages/airflow/example_dags/tutorial_etl_dag.py
[2024-04-30 16:22:42,750] {scheduler_job.py:639} INFO - DAG(s) dict_keys(['tutorial_etl_dag']) retrieved from /home/airflow/.local/lib/python3.6/site-packages/airflow/example_dags/tutorial_etl_dag.py
[2024-04-30 16:22:42,775] {logging_mixin.py:104} INFO - [2024-04-30 16:22:42,775] {dag.py:1824} INFO - Sync 1 DAGs
[2024-04-30 16:22:42,791] {logging_mixin.py:104} INFO - [2024-04-30 16:22:42,790] {dag.py:2280} INFO - Setting next_dagrun for tutorial_etl_dag to None
[2024-04-30 16:22:42,806] {scheduler_job.py:190} INFO - Processing /home/airflow/.local/lib/python3.6/site-packages/airflow/example_dags/tutorial_etl_dag.py took 0.078 seconds
[2024-04-30 16:23:13,275] {scheduler_job.py:182} INFO - Started process (PID=987) to work on /home/airflow/.local/lib/python3.6/site-packages/airflow/example_dags/tutorial_etl_dag.py
[2024-04-30 16:23:13,278] {scheduler_job.py:629} INFO - Processing file /home/airflow/.local/lib/python3.6/site-packages/airflow/example_dags/tutorial_etl_dag.py for tasks to queue
[2024-04-30 16:23:13,281] {logging_mixin.py:104} INFO - [2024-04-30 16:23:13,280] {dagbag.py:451} INFO - Filling up the DagBag from /home/airflow/.local/lib/python3.6/site-packages/airflow/example_dags/tutorial_etl_dag.py
[2024-04-30 16:23:13,295] {scheduler_job.py:639} INFO - DAG(s) dict_keys(['tutorial_etl_dag']) retrieved from /home/airflow/.local/lib/python3.6/site-packages/airflow/example_dags/tutorial_etl_dag.py
[2024-04-30 16:23:13,323] {logging_mixin.py:104} INFO - [2024-04-30 16:23:13,323] {dag.py:1824} INFO - Sync 1 DAGs
[2024-04-30 16:23:13,340] {logging_mixin.py:104} INFO - [2024-04-30 16:23:13,340] {dag.py:2280} INFO - Setting next_dagrun for tutorial_etl_dag to None
[2024-04-30 16:23:13,354] {scheduler_job.py:190} INFO - Processing /home/airflow/.local/lib/python3.6/site-packages/airflow/example_dags/tutorial_etl_dag.py took 0.084 seconds
[2024-04-30 16:23:43,774] {scheduler_job.py:182} INFO - Started process (PID=1019) to work on /home/airflow/.local/lib/python3.6/site-packages/airflow/example_dags/tutorial_etl_dag.py
[2024-04-30 16:23:43,775] {scheduler_job.py:629} INFO - Processing file /home/airflow/.local/lib/python3.6/site-packages/airflow/example_dags/tutorial_etl_dag.py for tasks to queue
[2024-04-30 16:23:43,776] {logging_mixin.py:104} INFO - [2024-04-30 16:23:43,776] {dagbag.py:451} INFO - Filling up the DagBag from /home/airflow/.local/lib/python3.6/site-packages/airflow/example_dags/tutorial_etl_dag.py
[2024-04-30 16:23:43,788] {scheduler_job.py:639} INFO - DAG(s) dict_keys(['tutorial_etl_dag']) retrieved from /home/airflow/.local/lib/python3.6/site-packages/airflow/example_dags/tutorial_etl_dag.py
[2024-04-30 16:23:43,814] {logging_mixin.py:104} INFO - [2024-04-30 16:23:43,814] {dag.py:1824} INFO - Sync 1 DAGs
[2024-04-30 16:23:43,829] {logging_mixin.py:104} INFO - [2024-04-30 16:23:43,829] {dag.py:2280} INFO - Setting next_dagrun for tutorial_etl_dag to None
[2024-04-30 16:23:43,840] {scheduler_job.py:190} INFO - Processing /home/airflow/.local/lib/python3.6/site-packages/airflow/example_dags/tutorial_etl_dag.py took 0.071 seconds
[2024-04-30 16:24:14,436] {scheduler_job.py:182} INFO - Started process (PID=1051) to work on /home/airflow/.local/lib/python3.6/site-packages/airflow/example_dags/tutorial_etl_dag.py
[2024-04-30 16:24:14,437] {scheduler_job.py:629} INFO - Processing file /home/airflow/.local/lib/python3.6/site-packages/airflow/example_dags/tutorial_etl_dag.py for tasks to queue
[2024-04-30 16:24:14,438] {logging_mixin.py:104} INFO - [2024-04-30 16:24:14,438] {dagbag.py:451} INFO - Filling up the DagBag from /home/airflow/.local/lib/python3.6/site-packages/airflow/example_dags/tutorial_etl_dag.py
[2024-04-30 16:24:14,453] {scheduler_job.py:639} INFO - DAG(s) dict_keys(['tutorial_etl_dag']) retrieved from /home/airflow/.local/lib/python3.6/site-packages/airflow/example_dags/tutorial_etl_dag.py
[2024-04-30 16:24:14,473] {logging_mixin.py:104} INFO - [2024-04-30 16:24:14,473] {dag.py:1824} INFO - Sync 1 DAGs
[2024-04-30 16:24:14,487] {logging_mixin.py:104} INFO - [2024-04-30 16:24:14,486] {dag.py:2280} INFO - Setting next_dagrun for tutorial_etl_dag to None
[2024-04-30 16:24:14,498] {scheduler_job.py:190} INFO - Processing /home/airflow/.local/lib/python3.6/site-packages/airflow/example_dags/tutorial_etl_dag.py took 0.066 seconds
[2024-04-30 16:24:44,908] {scheduler_job.py:182} INFO - Started process (PID=1083) to work on /home/airflow/.local/lib/python3.6/site-packages/airflow/example_dags/tutorial_etl_dag.py
[2024-04-30 16:24:44,912] {scheduler_job.py:629} INFO - Processing file /home/airflow/.local/lib/python3.6/site-packages/airflow/example_dags/tutorial_etl_dag.py for tasks to queue
[2024-04-30 16:24:44,913] {logging_mixin.py:104} INFO - [2024-04-30 16:24:44,913] {dagbag.py:451} INFO - Filling up the DagBag from /home/airflow/.local/lib/python3.6/site-packages/airflow/example_dags/tutorial_etl_dag.py
[2024-04-30 16:24:44,931] {scheduler_job.py:639} INFO - DAG(s) dict_keys(['tutorial_etl_dag']) retrieved from /home/airflow/.local/lib/python3.6/site-packages/airflow/example_dags/tutorial_etl_dag.py
[2024-04-30 16:24:44,952] {logging_mixin.py:104} INFO - [2024-04-30 16:24:44,952] {dag.py:1824} INFO - Sync 1 DAGs
[2024-04-30 16:24:44,966] {logging_mixin.py:104} INFO - [2024-04-30 16:24:44,966] {dag.py:2280} INFO - Setting next_dagrun for tutorial_etl_dag to None
[2024-04-30 16:24:44,979] {scheduler_job.py:190} INFO - Processing /home/airflow/.local/lib/python3.6/site-packages/airflow/example_dags/tutorial_etl_dag.py took 0.077 seconds
[2024-04-30 16:25:15,708] {scheduler_job.py:182} INFO - Started process (PID=1115) to work on /home/airflow/.local/lib/python3.6/site-packages/airflow/example_dags/tutorial_etl_dag.py
[2024-04-30 16:25:15,709] {scheduler_job.py:629} INFO - Processing file /home/airflow/.local/lib/python3.6/site-packages/airflow/example_dags/tutorial_etl_dag.py for tasks to queue
[2024-04-30 16:25:15,710] {logging_mixin.py:104} INFO - [2024-04-30 16:25:15,710] {dagbag.py:451} INFO - Filling up the DagBag from /home/airflow/.local/lib/python3.6/site-packages/airflow/example_dags/tutorial_etl_dag.py
[2024-04-30 16:25:15,725] {scheduler_job.py:639} INFO - DAG(s) dict_keys(['tutorial_etl_dag']) retrieved from /home/airflow/.local/lib/python3.6/site-packages/airflow/example_dags/tutorial_etl_dag.py
[2024-04-30 16:25:15,747] {logging_mixin.py:104} INFO - [2024-04-30 16:25:15,747] {dag.py:1824} INFO - Sync 1 DAGs
[2024-04-30 16:25:15,764] {logging_mixin.py:104} INFO - [2024-04-30 16:25:15,763] {dag.py:2280} INFO - Setting next_dagrun for tutorial_etl_dag to None
[2024-04-30 16:25:15,774] {scheduler_job.py:190} INFO - Processing /home/airflow/.local/lib/python3.6/site-packages/airflow/example_dags/tutorial_etl_dag.py took 0.069 seconds
[2024-04-30 16:25:46,285] {scheduler_job.py:182} INFO - Started process (PID=1147) to work on /home/airflow/.local/lib/python3.6/site-packages/airflow/example_dags/tutorial_etl_dag.py
[2024-04-30 16:25:46,286] {scheduler_job.py:629} INFO - Processing file /home/airflow/.local/lib/python3.6/site-packages/airflow/example_dags/tutorial_etl_dag.py for tasks to queue
[2024-04-30 16:25:46,287] {logging_mixin.py:104} INFO - [2024-04-30 16:25:46,287] {dagbag.py:451} INFO - Filling up the DagBag from /home/airflow/.local/lib/python3.6/site-packages/airflow/example_dags/tutorial_etl_dag.py
[2024-04-30 16:25:46,301] {scheduler_job.py:639} INFO - DAG(s) dict_keys(['tutorial_etl_dag']) retrieved from /home/airflow/.local/lib/python3.6/site-packages/airflow/example_dags/tutorial_etl_dag.py
[2024-04-30 16:25:46,323] {logging_mixin.py:104} INFO - [2024-04-30 16:25:46,322] {dag.py:1824} INFO - Sync 1 DAGs
[2024-04-30 16:25:46,338] {logging_mixin.py:104} INFO - [2024-04-30 16:25:46,337] {dag.py:2280} INFO - Setting next_dagrun for tutorial_etl_dag to None
[2024-04-30 16:25:46,352] {scheduler_job.py:190} INFO - Processing /home/airflow/.local/lib/python3.6/site-packages/airflow/example_dags/tutorial_etl_dag.py took 0.070 seconds
[2024-04-30 16:26:16,709] {scheduler_job.py:182} INFO - Started process (PID=1179) to work on /home/airflow/.local/lib/python3.6/site-packages/airflow/example_dags/tutorial_etl_dag.py
[2024-04-30 16:26:16,710] {scheduler_job.py:629} INFO - Processing file /home/airflow/.local/lib/python3.6/site-packages/airflow/example_dags/tutorial_etl_dag.py for tasks to queue
[2024-04-30 16:26:16,711] {logging_mixin.py:104} INFO - [2024-04-30 16:26:16,711] {dagbag.py:451} INFO - Filling up the DagBag from /home/airflow/.local/lib/python3.6/site-packages/airflow/example_dags/tutorial_etl_dag.py
[2024-04-30 16:26:16,726] {scheduler_job.py:639} INFO - DAG(s) dict_keys(['tutorial_etl_dag']) retrieved from /home/airflow/.local/lib/python3.6/site-packages/airflow/example_dags/tutorial_etl_dag.py
[2024-04-30 16:26:16,748] {logging_mixin.py:104} INFO - [2024-04-30 16:26:16,748] {dag.py:1824} INFO - Sync 1 DAGs
[2024-04-30 16:26:16,764] {logging_mixin.py:104} INFO - [2024-04-30 16:26:16,763] {dag.py:2280} INFO - Setting next_dagrun for tutorial_etl_dag to None
[2024-04-30 16:26:16,774] {scheduler_job.py:190} INFO - Processing /home/airflow/.local/lib/python3.6/site-packages/airflow/example_dags/tutorial_etl_dag.py took 0.069 seconds
[2024-04-30 16:26:47,316] {scheduler_job.py:182} INFO - Started process (PID=1211) to work on /home/airflow/.local/lib/python3.6/site-packages/airflow/example_dags/tutorial_etl_dag.py
[2024-04-30 16:26:47,319] {scheduler_job.py:629} INFO - Processing file /home/airflow/.local/lib/python3.6/site-packages/airflow/example_dags/tutorial_etl_dag.py for tasks to queue
[2024-04-30 16:26:47,320] {logging_mixin.py:104} INFO - [2024-04-30 16:26:47,320] {dagbag.py:451} INFO - Filling up the DagBag from /home/airflow/.local/lib/python3.6/site-packages/airflow/example_dags/tutorial_etl_dag.py
[2024-04-30 16:26:47,331] {scheduler_job.py:639} INFO - DAG(s) dict_keys(['tutorial_etl_dag']) retrieved from /home/airflow/.local/lib/python3.6/site-packages/airflow/example_dags/tutorial_etl_dag.py
[2024-04-30 16:26:47,348] {logging_mixin.py:104} INFO - [2024-04-30 16:26:47,348] {dag.py:1824} INFO - Sync 1 DAGs
[2024-04-30 16:26:47,361] {logging_mixin.py:104} INFO - [2024-04-30 16:26:47,361] {dag.py:2280} INFO - Setting next_dagrun for tutorial_etl_dag to None
[2024-04-30 16:26:47,370] {scheduler_job.py:190} INFO - Processing /home/airflow/.local/lib/python3.6/site-packages/airflow/example_dags/tutorial_etl_dag.py took 0.057 seconds
[2024-04-30 16:27:17,715] {scheduler_job.py:182} INFO - Started process (PID=1243) to work on /home/airflow/.local/lib/python3.6/site-packages/airflow/example_dags/tutorial_etl_dag.py
[2024-04-30 16:27:17,718] {scheduler_job.py:629} INFO - Processing file /home/airflow/.local/lib/python3.6/site-packages/airflow/example_dags/tutorial_etl_dag.py for tasks to queue
[2024-04-30 16:27:17,719] {logging_mixin.py:104} INFO - [2024-04-30 16:27:17,719] {dagbag.py:451} INFO - Filling up the DagBag from /home/airflow/.local/lib/python3.6/site-packages/airflow/example_dags/tutorial_etl_dag.py
[2024-04-30 16:27:17,741] {scheduler_job.py:639} INFO - DAG(s) dict_keys(['tutorial_etl_dag']) retrieved from /home/airflow/.local/lib/python3.6/site-packages/airflow/example_dags/tutorial_etl_dag.py
[2024-04-30 16:27:17,770] {logging_mixin.py:104} INFO - [2024-04-30 16:27:17,770] {dag.py:1824} INFO - Sync 1 DAGs
[2024-04-30 16:27:17,789] {logging_mixin.py:104} INFO - [2024-04-30 16:27:17,789] {dag.py:2280} INFO - Setting next_dagrun for tutorial_etl_dag to None
[2024-04-30 16:27:17,800] {scheduler_job.py:190} INFO - Processing /home/airflow/.local/lib/python3.6/site-packages/airflow/example_dags/tutorial_etl_dag.py took 0.089 seconds
[2024-04-30 16:27:48,238] {scheduler_job.py:182} INFO - Started process (PID=1275) to work on /home/airflow/.local/lib/python3.6/site-packages/airflow/example_dags/tutorial_etl_dag.py
[2024-04-30 16:27:48,239] {scheduler_job.py:629} INFO - Processing file /home/airflow/.local/lib/python3.6/site-packages/airflow/example_dags/tutorial_etl_dag.py for tasks to queue
[2024-04-30 16:27:48,240] {logging_mixin.py:104} INFO - [2024-04-30 16:27:48,240] {dagbag.py:451} INFO - Filling up the DagBag from /home/airflow/.local/lib/python3.6/site-packages/airflow/example_dags/tutorial_etl_dag.py
[2024-04-30 16:27:48,252] {scheduler_job.py:639} INFO - DAG(s) dict_keys(['tutorial_etl_dag']) retrieved from /home/airflow/.local/lib/python3.6/site-packages/airflow/example_dags/tutorial_etl_dag.py
[2024-04-30 16:27:48,268] {logging_mixin.py:104} INFO - [2024-04-30 16:27:48,268] {dag.py:1824} INFO - Sync 1 DAGs
[2024-04-30 16:27:48,281] {logging_mixin.py:104} INFO - [2024-04-30 16:27:48,281] {dag.py:2280} INFO - Setting next_dagrun for tutorial_etl_dag to None
[2024-04-30 16:27:48,291] {scheduler_job.py:190} INFO - Processing /home/airflow/.local/lib/python3.6/site-packages/airflow/example_dags/tutorial_etl_dag.py took 0.056 seconds
[2024-04-30 16:28:18,852] {scheduler_job.py:182} INFO - Started process (PID=1307) to work on /home/airflow/.local/lib/python3.6/site-packages/airflow/example_dags/tutorial_etl_dag.py
[2024-04-30 16:28:18,854] {scheduler_job.py:629} INFO - Processing file /home/airflow/.local/lib/python3.6/site-packages/airflow/example_dags/tutorial_etl_dag.py for tasks to queue
[2024-04-30 16:28:18,854] {logging_mixin.py:104} INFO - [2024-04-30 16:28:18,854] {dagbag.py:451} INFO - Filling up the DagBag from /home/airflow/.local/lib/python3.6/site-packages/airflow/example_dags/tutorial_etl_dag.py
[2024-04-30 16:28:18,866] {scheduler_job.py:639} INFO - DAG(s) dict_keys(['tutorial_etl_dag']) retrieved from /home/airflow/.local/lib/python3.6/site-packages/airflow/example_dags/tutorial_etl_dag.py
[2024-04-30 16:28:18,884] {logging_mixin.py:104} INFO - [2024-04-30 16:28:18,884] {dag.py:1824} INFO - Sync 1 DAGs
[2024-04-30 16:28:18,900] {logging_mixin.py:104} INFO - [2024-04-30 16:28:18,900] {dag.py:2280} INFO - Setting next_dagrun for tutorial_etl_dag to None
[2024-04-30 16:28:18,921] {scheduler_job.py:190} INFO - Processing /home/airflow/.local/lib/python3.6/site-packages/airflow/example_dags/tutorial_etl_dag.py took 0.072 seconds
[2024-04-30 16:28:49,356] {scheduler_job.py:182} INFO - Started process (PID=1339) to work on /home/airflow/.local/lib/python3.6/site-packages/airflow/example_dags/tutorial_etl_dag.py
[2024-04-30 16:28:49,357] {scheduler_job.py:629} INFO - Processing file /home/airflow/.local/lib/python3.6/site-packages/airflow/example_dags/tutorial_etl_dag.py for tasks to queue
[2024-04-30 16:28:49,358] {logging_mixin.py:104} INFO - [2024-04-30 16:28:49,358] {dagbag.py:451} INFO - Filling up the DagBag from /home/airflow/.local/lib/python3.6/site-packages/airflow/example_dags/tutorial_etl_dag.py
[2024-04-30 16:28:49,376] {scheduler_job.py:639} INFO - DAG(s) dict_keys(['tutorial_etl_dag']) retrieved from /home/airflow/.local/lib/python3.6/site-packages/airflow/example_dags/tutorial_etl_dag.py
[2024-04-30 16:28:49,400] {logging_mixin.py:104} INFO - [2024-04-30 16:28:49,400] {dag.py:1824} INFO - Sync 1 DAGs
[2024-04-30 16:28:49,417] {logging_mixin.py:104} INFO - [2024-04-30 16:28:49,416] {dag.py:2280} INFO - Setting next_dagrun for tutorial_etl_dag to None
[2024-04-30 16:28:49,434] {scheduler_job.py:190} INFO - Processing /home/airflow/.local/lib/python3.6/site-packages/airflow/example_dags/tutorial_etl_dag.py took 0.082 seconds
[2024-04-30 16:29:19,948] {scheduler_job.py:182} INFO - Started process (PID=1371) to work on /home/airflow/.local/lib/python3.6/site-packages/airflow/example_dags/tutorial_etl_dag.py
[2024-04-30 16:29:19,949] {scheduler_job.py:629} INFO - Processing file /home/airflow/.local/lib/python3.6/site-packages/airflow/example_dags/tutorial_etl_dag.py for tasks to queue
[2024-04-30 16:29:19,949] {logging_mixin.py:104} INFO - [2024-04-30 16:29:19,949] {dagbag.py:451} INFO - Filling up the DagBag from /home/airflow/.local/lib/python3.6/site-packages/airflow/example_dags/tutorial_etl_dag.py
[2024-04-30 16:29:19,961] {scheduler_job.py:639} INFO - DAG(s) dict_keys(['tutorial_etl_dag']) retrieved from /home/airflow/.local/lib/python3.6/site-packages/airflow/example_dags/tutorial_etl_dag.py
[2024-04-30 16:29:19,979] {logging_mixin.py:104} INFO - [2024-04-30 16:29:19,979] {dag.py:1824} INFO - Sync 1 DAGs
[2024-04-30 16:29:20,000] {logging_mixin.py:104} INFO - [2024-04-30 16:29:19,999] {dag.py:2280} INFO - Setting next_dagrun for tutorial_etl_dag to None
[2024-04-30 16:29:20,011] {scheduler_job.py:190} INFO - Processing /home/airflow/.local/lib/python3.6/site-packages/airflow/example_dags/tutorial_etl_dag.py took 0.066 seconds
[2024-04-30 16:29:50,460] {scheduler_job.py:182} INFO - Started process (PID=1403) to work on /home/airflow/.local/lib/python3.6/site-packages/airflow/example_dags/tutorial_etl_dag.py
[2024-04-30 16:29:50,461] {scheduler_job.py:629} INFO - Processing file /home/airflow/.local/lib/python3.6/site-packages/airflow/example_dags/tutorial_etl_dag.py for tasks to queue
[2024-04-30 16:29:50,462] {logging_mixin.py:104} INFO - [2024-04-30 16:29:50,462] {dagbag.py:451} INFO - Filling up the DagBag from /home/airflow/.local/lib/python3.6/site-packages/airflow/example_dags/tutorial_etl_dag.py
[2024-04-30 16:29:50,475] {scheduler_job.py:639} INFO - DAG(s) dict_keys(['tutorial_etl_dag']) retrieved from /home/airflow/.local/lib/python3.6/site-packages/airflow/example_dags/tutorial_etl_dag.py
[2024-04-30 16:29:50,493] {logging_mixin.py:104} INFO - [2024-04-30 16:29:50,493] {dag.py:1824} INFO - Sync 1 DAGs
[2024-04-30 16:29:50,507] {logging_mixin.py:104} INFO - [2024-04-30 16:29:50,507] {dag.py:2280} INFO - Setting next_dagrun for tutorial_etl_dag to None
[2024-04-30 16:29:50,517] {scheduler_job.py:190} INFO - Processing /home/airflow/.local/lib/python3.6/site-packages/airflow/example_dags/tutorial_etl_dag.py took 0.060 seconds
[2024-04-30 16:30:21,057] {scheduler_job.py:182} INFO - Started process (PID=1435) to work on /home/airflow/.local/lib/python3.6/site-packages/airflow/example_dags/tutorial_etl_dag.py
[2024-04-30 16:30:21,058] {scheduler_job.py:629} INFO - Processing file /home/airflow/.local/lib/python3.6/site-packages/airflow/example_dags/tutorial_etl_dag.py for tasks to queue
[2024-04-30 16:30:21,059] {logging_mixin.py:104} INFO - [2024-04-30 16:30:21,059] {dagbag.py:451} INFO - Filling up the DagBag from /home/airflow/.local/lib/python3.6/site-packages/airflow/example_dags/tutorial_etl_dag.py
[2024-04-30 16:30:21,071] {scheduler_job.py:639} INFO - DAG(s) dict_keys(['tutorial_etl_dag']) retrieved from /home/airflow/.local/lib/python3.6/site-packages/airflow/example_dags/tutorial_etl_dag.py
[2024-04-30 16:30:21,091] {logging_mixin.py:104} INFO - [2024-04-30 16:30:21,091] {dag.py:1824} INFO - Sync 1 DAGs
[2024-04-30 16:30:21,105] {logging_mixin.py:104} INFO - [2024-04-30 16:30:21,105] {dag.py:2280} INFO - Setting next_dagrun for tutorial_etl_dag to None
[2024-04-30 16:30:21,116] {scheduler_job.py:190} INFO - Processing /home/airflow/.local/lib/python3.6/site-packages/airflow/example_dags/tutorial_etl_dag.py took 0.062 seconds
[2024-04-30 16:30:51,955] {scheduler_job.py:182} INFO - Started process (PID=1467) to work on /home/airflow/.local/lib/python3.6/site-packages/airflow/example_dags/tutorial_etl_dag.py
[2024-04-30 16:30:51,957] {scheduler_job.py:629} INFO - Processing file /home/airflow/.local/lib/python3.6/site-packages/airflow/example_dags/tutorial_etl_dag.py for tasks to queue
[2024-04-30 16:30:51,958] {logging_mixin.py:104} INFO - [2024-04-30 16:30:51,958] {dagbag.py:451} INFO - Filling up the DagBag from /home/airflow/.local/lib/python3.6/site-packages/airflow/example_dags/tutorial_etl_dag.py
[2024-04-30 16:30:51,979] {scheduler_job.py:639} INFO - DAG(s) dict_keys(['tutorial_etl_dag']) retrieved from /home/airflow/.local/lib/python3.6/site-packages/airflow/example_dags/tutorial_etl_dag.py
[2024-04-30 16:30:52,011] {logging_mixin.py:104} INFO - [2024-04-30 16:30:52,011] {dag.py:1824} INFO - Sync 1 DAGs
[2024-04-30 16:30:52,033] {logging_mixin.py:104} INFO - [2024-04-30 16:30:52,033] {dag.py:2280} INFO - Setting next_dagrun for tutorial_etl_dag to None
[2024-04-30 16:30:52,049] {scheduler_job.py:190} INFO - Processing /home/airflow/.local/lib/python3.6/site-packages/airflow/example_dags/tutorial_etl_dag.py took 0.098 seconds
[2024-04-30 16:31:22,657] {scheduler_job.py:182} INFO - Started process (PID=1499) to work on /home/airflow/.local/lib/python3.6/site-packages/airflow/example_dags/tutorial_etl_dag.py
[2024-04-30 16:31:22,659] {scheduler_job.py:629} INFO - Processing file /home/airflow/.local/lib/python3.6/site-packages/airflow/example_dags/tutorial_etl_dag.py for tasks to queue
[2024-04-30 16:31:22,660] {logging_mixin.py:104} INFO - [2024-04-30 16:31:22,660] {dagbag.py:451} INFO - Filling up the DagBag from /home/airflow/.local/lib/python3.6/site-packages/airflow/example_dags/tutorial_etl_dag.py
[2024-04-30 16:31:22,679] {scheduler_job.py:639} INFO - DAG(s) dict_keys(['tutorial_etl_dag']) retrieved from /home/airflow/.local/lib/python3.6/site-packages/airflow/example_dags/tutorial_etl_dag.py
[2024-04-30 16:31:22,707] {logging_mixin.py:104} INFO - [2024-04-30 16:31:22,707] {dag.py:1824} INFO - Sync 1 DAGs
[2024-04-30 16:31:22,729] {logging_mixin.py:104} INFO - [2024-04-30 16:31:22,729] {dag.py:2280} INFO - Setting next_dagrun for tutorial_etl_dag to None
[2024-04-30 16:31:22,743] {scheduler_job.py:190} INFO - Processing /home/airflow/.local/lib/python3.6/site-packages/airflow/example_dags/tutorial_etl_dag.py took 0.091 seconds
[2024-04-30 16:31:52,965] {scheduler_job.py:182} INFO - Started process (PID=1531) to work on /home/airflow/.local/lib/python3.6/site-packages/airflow/example_dags/tutorial_etl_dag.py
[2024-04-30 16:31:52,968] {scheduler_job.py:629} INFO - Processing file /home/airflow/.local/lib/python3.6/site-packages/airflow/example_dags/tutorial_etl_dag.py for tasks to queue
[2024-04-30 16:31:52,970] {logging_mixin.py:104} INFO - [2024-04-30 16:31:52,969] {dagbag.py:451} INFO - Filling up the DagBag from /home/airflow/.local/lib/python3.6/site-packages/airflow/example_dags/tutorial_etl_dag.py
[2024-04-30 16:31:53,010] {scheduler_job.py:639} INFO - DAG(s) dict_keys(['tutorial_etl_dag']) retrieved from /home/airflow/.local/lib/python3.6/site-packages/airflow/example_dags/tutorial_etl_dag.py
[2024-04-30 16:31:53,046] {logging_mixin.py:104} INFO - [2024-04-30 16:31:53,046] {dag.py:1824} INFO - Sync 1 DAGs
[2024-04-30 16:31:53,070] {logging_mixin.py:104} INFO - [2024-04-30 16:31:53,070] {dag.py:2280} INFO - Setting next_dagrun for tutorial_etl_dag to None
[2024-04-30 16:31:53,093] {scheduler_job.py:190} INFO - Processing /home/airflow/.local/lib/python3.6/site-packages/airflow/example_dags/tutorial_etl_dag.py took 0.134 seconds
[2024-04-30 16:32:23,899] {scheduler_job.py:182} INFO - Started process (PID=1563) to work on /home/airflow/.local/lib/python3.6/site-packages/airflow/example_dags/tutorial_etl_dag.py
[2024-04-30 16:32:23,901] {scheduler_job.py:629} INFO - Processing file /home/airflow/.local/lib/python3.6/site-packages/airflow/example_dags/tutorial_etl_dag.py for tasks to queue
[2024-04-30 16:32:23,902] {logging_mixin.py:104} INFO - [2024-04-30 16:32:23,902] {dagbag.py:451} INFO - Filling up the DagBag from /home/airflow/.local/lib/python3.6/site-packages/airflow/example_dags/tutorial_etl_dag.py
[2024-04-30 16:32:23,924] {scheduler_job.py:639} INFO - DAG(s) dict_keys(['tutorial_etl_dag']) retrieved from /home/airflow/.local/lib/python3.6/site-packages/airflow/example_dags/tutorial_etl_dag.py
[2024-04-30 16:32:23,948] {logging_mixin.py:104} INFO - [2024-04-30 16:32:23,948] {dag.py:1824} INFO - Sync 1 DAGs
[2024-04-30 16:32:23,968] {logging_mixin.py:104} INFO - [2024-04-30 16:32:23,968] {dag.py:2280} INFO - Setting next_dagrun for tutorial_etl_dag to None
[2024-04-30 16:32:23,981] {scheduler_job.py:190} INFO - Processing /home/airflow/.local/lib/python3.6/site-packages/airflow/example_dags/tutorial_etl_dag.py took 0.085 seconds
[2024-04-30 16:32:54,466] {scheduler_job.py:182} INFO - Started process (PID=1595) to work on /home/airflow/.local/lib/python3.6/site-packages/airflow/example_dags/tutorial_etl_dag.py
[2024-04-30 16:32:54,467] {scheduler_job.py:629} INFO - Processing file /home/airflow/.local/lib/python3.6/site-packages/airflow/example_dags/tutorial_etl_dag.py for tasks to queue
[2024-04-30 16:32:54,468] {logging_mixin.py:104} INFO - [2024-04-30 16:32:54,468] {dagbag.py:451} INFO - Filling up the DagBag from /home/airflow/.local/lib/python3.6/site-packages/airflow/example_dags/tutorial_etl_dag.py
[2024-04-30 16:32:54,482] {scheduler_job.py:639} INFO - DAG(s) dict_keys(['tutorial_etl_dag']) retrieved from /home/airflow/.local/lib/python3.6/site-packages/airflow/example_dags/tutorial_etl_dag.py
[2024-04-30 16:32:54,502] {logging_mixin.py:104} INFO - [2024-04-30 16:32:54,502] {dag.py:1824} INFO - Sync 1 DAGs
[2024-04-30 16:32:54,515] {logging_mixin.py:104} INFO - [2024-04-30 16:32:54,515] {dag.py:2280} INFO - Setting next_dagrun for tutorial_etl_dag to None
[2024-04-30 16:32:54,526] {scheduler_job.py:190} INFO - Processing /home/airflow/.local/lib/python3.6/site-packages/airflow/example_dags/tutorial_etl_dag.py took 0.063 seconds
[2024-04-30 16:33:25,053] {scheduler_job.py:182} INFO - Started process (PID=1627) to work on /home/airflow/.local/lib/python3.6/site-packages/airflow/example_dags/tutorial_etl_dag.py
[2024-04-30 16:33:25,055] {scheduler_job.py:629} INFO - Processing file /home/airflow/.local/lib/python3.6/site-packages/airflow/example_dags/tutorial_etl_dag.py for tasks to queue
[2024-04-30 16:33:25,056] {logging_mixin.py:104} INFO - [2024-04-30 16:33:25,055] {dagbag.py:451} INFO - Filling up the DagBag from /home/airflow/.local/lib/python3.6/site-packages/airflow/example_dags/tutorial_etl_dag.py
[2024-04-30 16:33:25,068] {scheduler_job.py:639} INFO - DAG(s) dict_keys(['tutorial_etl_dag']) retrieved from /home/airflow/.local/lib/python3.6/site-packages/airflow/example_dags/tutorial_etl_dag.py
[2024-04-30 16:33:25,086] {logging_mixin.py:104} INFO - [2024-04-30 16:33:25,086] {dag.py:1824} INFO - Sync 1 DAGs
[2024-04-30 16:33:25,099] {logging_mixin.py:104} INFO - [2024-04-30 16:33:25,099] {dag.py:2280} INFO - Setting next_dagrun for tutorial_etl_dag to None
[2024-04-30 16:33:25,110] {scheduler_job.py:190} INFO - Processing /home/airflow/.local/lib/python3.6/site-packages/airflow/example_dags/tutorial_etl_dag.py took 0.059 seconds
[2024-04-30 16:33:55,667] {scheduler_job.py:182} INFO - Started process (PID=1659) to work on /home/airflow/.local/lib/python3.6/site-packages/airflow/example_dags/tutorial_etl_dag.py
[2024-04-30 16:33:55,668] {scheduler_job.py:629} INFO - Processing file /home/airflow/.local/lib/python3.6/site-packages/airflow/example_dags/tutorial_etl_dag.py for tasks to queue
[2024-04-30 16:33:55,669] {logging_mixin.py:104} INFO - [2024-04-30 16:33:55,668] {dagbag.py:451} INFO - Filling up the DagBag from /home/airflow/.local/lib/python3.6/site-packages/airflow/example_dags/tutorial_etl_dag.py
[2024-04-30 16:33:55,682] {scheduler_job.py:639} INFO - DAG(s) dict_keys(['tutorial_etl_dag']) retrieved from /home/airflow/.local/lib/python3.6/site-packages/airflow/example_dags/tutorial_etl_dag.py
[2024-04-30 16:33:55,701] {logging_mixin.py:104} INFO - [2024-04-30 16:33:55,700] {dag.py:1824} INFO - Sync 1 DAGs
[2024-04-30 16:33:55,715] {logging_mixin.py:104} INFO - [2024-04-30 16:33:55,715] {dag.py:2280} INFO - Setting next_dagrun for tutorial_etl_dag to None
[2024-04-30 16:33:55,725] {scheduler_job.py:190} INFO - Processing /home/airflow/.local/lib/python3.6/site-packages/airflow/example_dags/tutorial_etl_dag.py took 0.061 seconds
[2024-04-30 16:34:26,241] {scheduler_job.py:182} INFO - Started process (PID=1691) to work on /home/airflow/.local/lib/python3.6/site-packages/airflow/example_dags/tutorial_etl_dag.py
[2024-04-30 16:34:26,242] {scheduler_job.py:629} INFO - Processing file /home/airflow/.local/lib/python3.6/site-packages/airflow/example_dags/tutorial_etl_dag.py for tasks to queue
[2024-04-30 16:34:26,242] {logging_mixin.py:104} INFO - [2024-04-30 16:34:26,242] {dagbag.py:451} INFO - Filling up the DagBag from /home/airflow/.local/lib/python3.6/site-packages/airflow/example_dags/tutorial_etl_dag.py
[2024-04-30 16:34:26,254] {scheduler_job.py:639} INFO - DAG(s) dict_keys(['tutorial_etl_dag']) retrieved from /home/airflow/.local/lib/python3.6/site-packages/airflow/example_dags/tutorial_etl_dag.py
[2024-04-30 16:34:26,272] {logging_mixin.py:104} INFO - [2024-04-30 16:34:26,272] {dag.py:1824} INFO - Sync 1 DAGs
[2024-04-30 16:34:26,285] {logging_mixin.py:104} INFO - [2024-04-30 16:34:26,285] {dag.py:2280} INFO - Setting next_dagrun for tutorial_etl_dag to None
[2024-04-30 16:34:26,295] {scheduler_job.py:190} INFO - Processing /home/airflow/.local/lib/python3.6/site-packages/airflow/example_dags/tutorial_etl_dag.py took 0.058 seconds
[2024-04-30 16:34:56,928] {scheduler_job.py:182} INFO - Started process (PID=1723) to work on /home/airflow/.local/lib/python3.6/site-packages/airflow/example_dags/tutorial_etl_dag.py
[2024-04-30 16:34:56,929] {scheduler_job.py:629} INFO - Processing file /home/airflow/.local/lib/python3.6/site-packages/airflow/example_dags/tutorial_etl_dag.py for tasks to queue
[2024-04-30 16:34:56,930] {logging_mixin.py:104} INFO - [2024-04-30 16:34:56,930] {dagbag.py:451} INFO - Filling up the DagBag from /home/airflow/.local/lib/python3.6/site-packages/airflow/example_dags/tutorial_etl_dag.py
[2024-04-30 16:34:56,941] {scheduler_job.py:639} INFO - DAG(s) dict_keys(['tutorial_etl_dag']) retrieved from /home/airflow/.local/lib/python3.6/site-packages/airflow/example_dags/tutorial_etl_dag.py
[2024-04-30 16:34:56,958] {logging_mixin.py:104} INFO - [2024-04-30 16:34:56,958] {dag.py:1824} INFO - Sync 1 DAGs
[2024-04-30 16:34:56,971] {logging_mixin.py:104} INFO - [2024-04-30 16:34:56,971] {dag.py:2280} INFO - Setting next_dagrun for tutorial_etl_dag to None
[2024-04-30 16:34:56,981] {scheduler_job.py:190} INFO - Processing /home/airflow/.local/lib/python3.6/site-packages/airflow/example_dags/tutorial_etl_dag.py took 0.057 seconds
[2024-04-30 16:35:27,488] {scheduler_job.py:182} INFO - Started process (PID=1755) to work on /home/airflow/.local/lib/python3.6/site-packages/airflow/example_dags/tutorial_etl_dag.py
[2024-04-30 16:35:27,490] {scheduler_job.py:629} INFO - Processing file /home/airflow/.local/lib/python3.6/site-packages/airflow/example_dags/tutorial_etl_dag.py for tasks to queue
[2024-04-30 16:35:27,491] {logging_mixin.py:104} INFO - [2024-04-30 16:35:27,491] {dagbag.py:451} INFO - Filling up the DagBag from /home/airflow/.local/lib/python3.6/site-packages/airflow/example_dags/tutorial_etl_dag.py
[2024-04-30 16:35:27,509] {scheduler_job.py:639} INFO - DAG(s) dict_keys(['tutorial_etl_dag']) retrieved from /home/airflow/.local/lib/python3.6/site-packages/airflow/example_dags/tutorial_etl_dag.py
[2024-04-30 16:35:27,532] {logging_mixin.py:104} INFO - [2024-04-30 16:35:27,532] {dag.py:1824} INFO - Sync 1 DAGs
[2024-04-30 16:35:27,546] {logging_mixin.py:104} INFO - [2024-04-30 16:35:27,546] {dag.py:2280} INFO - Setting next_dagrun for tutorial_etl_dag to None
[2024-04-30 16:35:27,555] {scheduler_job.py:190} INFO - Processing /home/airflow/.local/lib/python3.6/site-packages/airflow/example_dags/tutorial_etl_dag.py took 0.071 seconds
[2024-04-30 16:35:58,006] {scheduler_job.py:182} INFO - Started process (PID=1787) to work on /home/airflow/.local/lib/python3.6/site-packages/airflow/example_dags/tutorial_etl_dag.py
[2024-04-30 16:35:58,007] {scheduler_job.py:629} INFO - Processing file /home/airflow/.local/lib/python3.6/site-packages/airflow/example_dags/tutorial_etl_dag.py for tasks to queue
[2024-04-30 16:35:58,008] {logging_mixin.py:104} INFO - [2024-04-30 16:35:58,008] {dagbag.py:451} INFO - Filling up the DagBag from /home/airflow/.local/lib/python3.6/site-packages/airflow/example_dags/tutorial_etl_dag.py
[2024-04-30 16:35:58,023] {scheduler_job.py:639} INFO - DAG(s) dict_keys(['tutorial_etl_dag']) retrieved from /home/airflow/.local/lib/python3.6/site-packages/airflow/example_dags/tutorial_etl_dag.py
[2024-04-30 16:35:58,049] {logging_mixin.py:104} INFO - [2024-04-30 16:35:58,049] {dag.py:1824} INFO - Sync 1 DAGs
[2024-04-30 16:35:58,067] {logging_mixin.py:104} INFO - [2024-04-30 16:35:58,067] {dag.py:2280} INFO - Setting next_dagrun for tutorial_etl_dag to None
[2024-04-30 16:35:58,079] {scheduler_job.py:190} INFO - Processing /home/airflow/.local/lib/python3.6/site-packages/airflow/example_dags/tutorial_etl_dag.py took 0.076 seconds
[2024-04-30 16:36:28,617] {scheduler_job.py:182} INFO - Started process (PID=1819) to work on /home/airflow/.local/lib/python3.6/site-packages/airflow/example_dags/tutorial_etl_dag.py
[2024-04-30 16:36:28,619] {scheduler_job.py:629} INFO - Processing file /home/airflow/.local/lib/python3.6/site-packages/airflow/example_dags/tutorial_etl_dag.py for tasks to queue
[2024-04-30 16:36:28,621] {logging_mixin.py:104} INFO - [2024-04-30 16:36:28,621] {dagbag.py:451} INFO - Filling up the DagBag from /home/airflow/.local/lib/python3.6/site-packages/airflow/example_dags/tutorial_etl_dag.py
[2024-04-30 16:36:28,633] {scheduler_job.py:639} INFO - DAG(s) dict_keys(['tutorial_etl_dag']) retrieved from /home/airflow/.local/lib/python3.6/site-packages/airflow/example_dags/tutorial_etl_dag.py
[2024-04-30 16:36:28,652] {logging_mixin.py:104} INFO - [2024-04-30 16:36:28,652] {dag.py:1824} INFO - Sync 1 DAGs
[2024-04-30 16:36:28,667] {logging_mixin.py:104} INFO - [2024-04-30 16:36:28,667] {dag.py:2280} INFO - Setting next_dagrun for tutorial_etl_dag to None
[2024-04-30 16:36:28,676] {scheduler_job.py:190} INFO - Processing /home/airflow/.local/lib/python3.6/site-packages/airflow/example_dags/tutorial_etl_dag.py took 0.063 seconds
[2024-04-30 16:36:59,191] {scheduler_job.py:182} INFO - Started process (PID=1851) to work on /home/airflow/.local/lib/python3.6/site-packages/airflow/example_dags/tutorial_etl_dag.py
[2024-04-30 16:36:59,192] {scheduler_job.py:629} INFO - Processing file /home/airflow/.local/lib/python3.6/site-packages/airflow/example_dags/tutorial_etl_dag.py for tasks to queue
[2024-04-30 16:36:59,193] {logging_mixin.py:104} INFO - [2024-04-30 16:36:59,193] {dagbag.py:451} INFO - Filling up the DagBag from /home/airflow/.local/lib/python3.6/site-packages/airflow/example_dags/tutorial_etl_dag.py
[2024-04-30 16:36:59,204] {scheduler_job.py:639} INFO - DAG(s) dict_keys(['tutorial_etl_dag']) retrieved from /home/airflow/.local/lib/python3.6/site-packages/airflow/example_dags/tutorial_etl_dag.py
[2024-04-30 16:36:59,223] {logging_mixin.py:104} INFO - [2024-04-30 16:36:59,223] {dag.py:1824} INFO - Sync 1 DAGs
[2024-04-30 16:36:59,238] {logging_mixin.py:104} INFO - [2024-04-30 16:36:59,237] {dag.py:2280} INFO - Setting next_dagrun for tutorial_etl_dag to None
[2024-04-30 16:36:59,248] {scheduler_job.py:190} INFO - Processing /home/airflow/.local/lib/python3.6/site-packages/airflow/example_dags/tutorial_etl_dag.py took 0.059 seconds
[2024-04-30 16:37:29,727] {scheduler_job.py:182} INFO - Started process (PID=1883) to work on /home/airflow/.local/lib/python3.6/site-packages/airflow/example_dags/tutorial_etl_dag.py
[2024-04-30 16:37:29,728] {scheduler_job.py:629} INFO - Processing file /home/airflow/.local/lib/python3.6/site-packages/airflow/example_dags/tutorial_etl_dag.py for tasks to queue
[2024-04-30 16:37:29,729] {logging_mixin.py:104} INFO - [2024-04-30 16:37:29,729] {dagbag.py:451} INFO - Filling up the DagBag from /home/airflow/.local/lib/python3.6/site-packages/airflow/example_dags/tutorial_etl_dag.py
[2024-04-30 16:37:29,744] {scheduler_job.py:639} INFO - DAG(s) dict_keys(['tutorial_etl_dag']) retrieved from /home/airflow/.local/lib/python3.6/site-packages/airflow/example_dags/tutorial_etl_dag.py
[2024-04-30 16:37:29,764] {logging_mixin.py:104} INFO - [2024-04-30 16:37:29,764] {dag.py:1824} INFO - Sync 1 DAGs
[2024-04-30 16:37:29,779] {logging_mixin.py:104} INFO - [2024-04-30 16:37:29,779] {dag.py:2280} INFO - Setting next_dagrun for tutorial_etl_dag to None
[2024-04-30 16:37:29,790] {scheduler_job.py:190} INFO - Processing /home/airflow/.local/lib/python3.6/site-packages/airflow/example_dags/tutorial_etl_dag.py took 0.066 seconds
[2024-04-30 16:38:00,147] {scheduler_job.py:182} INFO - Started process (PID=1915) to work on /home/airflow/.local/lib/python3.6/site-packages/airflow/example_dags/tutorial_etl_dag.py
[2024-04-30 16:38:00,148] {scheduler_job.py:629} INFO - Processing file /home/airflow/.local/lib/python3.6/site-packages/airflow/example_dags/tutorial_etl_dag.py for tasks to queue
[2024-04-30 16:38:00,149] {logging_mixin.py:104} INFO - [2024-04-30 16:38:00,149] {dagbag.py:451} INFO - Filling up the DagBag from /home/airflow/.local/lib/python3.6/site-packages/airflow/example_dags/tutorial_etl_dag.py
[2024-04-30 16:38:00,161] {scheduler_job.py:639} INFO - DAG(s) dict_keys(['tutorial_etl_dag']) retrieved from /home/airflow/.local/lib/python3.6/site-packages/airflow/example_dags/tutorial_etl_dag.py
[2024-04-30 16:38:00,180] {logging_mixin.py:104} INFO - [2024-04-30 16:38:00,179] {dag.py:1824} INFO - Sync 1 DAGs
[2024-04-30 16:38:00,192] {logging_mixin.py:104} INFO - [2024-04-30 16:38:00,192] {dag.py:2280} INFO - Setting next_dagrun for tutorial_etl_dag to None
[2024-04-30 16:38:00,202] {scheduler_job.py:190} INFO - Processing /home/airflow/.local/lib/python3.6/site-packages/airflow/example_dags/tutorial_etl_dag.py took 0.058 seconds
[2024-04-30 16:38:30,693] {scheduler_job.py:182} INFO - Started process (PID=1947) to work on /home/airflow/.local/lib/python3.6/site-packages/airflow/example_dags/tutorial_etl_dag.py
[2024-04-30 16:38:30,694] {scheduler_job.py:629} INFO - Processing file /home/airflow/.local/lib/python3.6/site-packages/airflow/example_dags/tutorial_etl_dag.py for tasks to queue
[2024-04-30 16:38:30,694] {logging_mixin.py:104} INFO - [2024-04-30 16:38:30,694] {dagbag.py:451} INFO - Filling up the DagBag from /home/airflow/.local/lib/python3.6/site-packages/airflow/example_dags/tutorial_etl_dag.py
[2024-04-30 16:38:30,706] {scheduler_job.py:639} INFO - DAG(s) dict_keys(['tutorial_etl_dag']) retrieved from /home/airflow/.local/lib/python3.6/site-packages/airflow/example_dags/tutorial_etl_dag.py
[2024-04-30 16:38:30,724] {logging_mixin.py:104} INFO - [2024-04-30 16:38:30,724] {dag.py:1824} INFO - Sync 1 DAGs
[2024-04-30 16:38:30,740] {logging_mixin.py:104} INFO - [2024-04-30 16:38:30,740] {dag.py:2280} INFO - Setting next_dagrun for tutorial_etl_dag to None
[2024-04-30 16:38:30,750] {scheduler_job.py:190} INFO - Processing /home/airflow/.local/lib/python3.6/site-packages/airflow/example_dags/tutorial_etl_dag.py took 0.061 seconds
[2024-04-30 16:39:01,296] {scheduler_job.py:182} INFO - Started process (PID=1979) to work on /home/airflow/.local/lib/python3.6/site-packages/airflow/example_dags/tutorial_etl_dag.py
[2024-04-30 16:39:01,297] {scheduler_job.py:629} INFO - Processing file /home/airflow/.local/lib/python3.6/site-packages/airflow/example_dags/tutorial_etl_dag.py for tasks to queue
[2024-04-30 16:39:01,298] {logging_mixin.py:104} INFO - [2024-04-30 16:39:01,298] {dagbag.py:451} INFO - Filling up the DagBag from /home/airflow/.local/lib/python3.6/site-packages/airflow/example_dags/tutorial_etl_dag.py
[2024-04-30 16:39:01,312] {scheduler_job.py:639} INFO - DAG(s) dict_keys(['tutorial_etl_dag']) retrieved from /home/airflow/.local/lib/python3.6/site-packages/airflow/example_dags/tutorial_etl_dag.py
[2024-04-30 16:39:01,333] {logging_mixin.py:104} INFO - [2024-04-30 16:39:01,333] {dag.py:1824} INFO - Sync 1 DAGs
[2024-04-30 16:39:01,350] {logging_mixin.py:104} INFO - [2024-04-30 16:39:01,350] {dag.py:2280} INFO - Setting next_dagrun for tutorial_etl_dag to None
[2024-04-30 16:39:01,359] {scheduler_job.py:190} INFO - Processing /home/airflow/.local/lib/python3.6/site-packages/airflow/example_dags/tutorial_etl_dag.py took 0.067 seconds
[2024-04-30 16:39:31,748] {scheduler_job.py:182} INFO - Started process (PID=2011) to work on /home/airflow/.local/lib/python3.6/site-packages/airflow/example_dags/tutorial_etl_dag.py
[2024-04-30 16:39:31,750] {scheduler_job.py:629} INFO - Processing file /home/airflow/.local/lib/python3.6/site-packages/airflow/example_dags/tutorial_etl_dag.py for tasks to queue
[2024-04-30 16:39:31,750] {logging_mixin.py:104} INFO - [2024-04-30 16:39:31,750] {dagbag.py:451} INFO - Filling up the DagBag from /home/airflow/.local/lib/python3.6/site-packages/airflow/example_dags/tutorial_etl_dag.py
[2024-04-30 16:39:31,762] {scheduler_job.py:639} INFO - DAG(s) dict_keys(['tutorial_etl_dag']) retrieved from /home/airflow/.local/lib/python3.6/site-packages/airflow/example_dags/tutorial_etl_dag.py
[2024-04-30 16:39:31,779] {logging_mixin.py:104} INFO - [2024-04-30 16:39:31,779] {dag.py:1824} INFO - Sync 1 DAGs
[2024-04-30 16:39:31,793] {logging_mixin.py:104} INFO - [2024-04-30 16:39:31,793] {dag.py:2280} INFO - Setting next_dagrun for tutorial_etl_dag to None
[2024-04-30 16:39:31,802] {scheduler_job.py:190} INFO - Processing /home/airflow/.local/lib/python3.6/site-packages/airflow/example_dags/tutorial_etl_dag.py took 0.057 seconds
[2024-04-30 16:40:02,382] {scheduler_job.py:182} INFO - Started process (PID=2043) to work on /home/airflow/.local/lib/python3.6/site-packages/airflow/example_dags/tutorial_etl_dag.py
[2024-04-30 16:40:02,384] {scheduler_job.py:629} INFO - Processing file /home/airflow/.local/lib/python3.6/site-packages/airflow/example_dags/tutorial_etl_dag.py for tasks to queue
[2024-04-30 16:40:02,385] {logging_mixin.py:104} INFO - [2024-04-30 16:40:02,384] {dagbag.py:451} INFO - Filling up the DagBag from /home/airflow/.local/lib/python3.6/site-packages/airflow/example_dags/tutorial_etl_dag.py
[2024-04-30 16:40:02,397] {scheduler_job.py:639} INFO - DAG(s) dict_keys(['tutorial_etl_dag']) retrieved from /home/airflow/.local/lib/python3.6/site-packages/airflow/example_dags/tutorial_etl_dag.py
[2024-04-30 16:40:02,416] {logging_mixin.py:104} INFO - [2024-04-30 16:40:02,416] {dag.py:1824} INFO - Sync 1 DAGs
[2024-04-30 16:40:02,430] {logging_mixin.py:104} INFO - [2024-04-30 16:40:02,430] {dag.py:2280} INFO - Setting next_dagrun for tutorial_etl_dag to None
[2024-04-30 16:40:02,440] {scheduler_job.py:190} INFO - Processing /home/airflow/.local/lib/python3.6/site-packages/airflow/example_dags/tutorial_etl_dag.py took 0.061 seconds
[2024-04-30 16:40:32,800] {scheduler_job.py:182} INFO - Started process (PID=2075) to work on /home/airflow/.local/lib/python3.6/site-packages/airflow/example_dags/tutorial_etl_dag.py
[2024-04-30 16:40:32,803] {scheduler_job.py:629} INFO - Processing file /home/airflow/.local/lib/python3.6/site-packages/airflow/example_dags/tutorial_etl_dag.py for tasks to queue
[2024-04-30 16:40:32,804] {logging_mixin.py:104} INFO - [2024-04-30 16:40:32,804] {dagbag.py:451} INFO - Filling up the DagBag from /home/airflow/.local/lib/python3.6/site-packages/airflow/example_dags/tutorial_etl_dag.py
[2024-04-30 16:40:32,833] {scheduler_job.py:639} INFO - DAG(s) dict_keys(['tutorial_etl_dag']) retrieved from /home/airflow/.local/lib/python3.6/site-packages/airflow/example_dags/tutorial_etl_dag.py
[2024-04-30 16:40:32,858] {logging_mixin.py:104} INFO - [2024-04-30 16:40:32,858] {dag.py:1824} INFO - Sync 1 DAGs
[2024-04-30 16:40:32,876] {logging_mixin.py:104} INFO - [2024-04-30 16:40:32,876] {dag.py:2280} INFO - Setting next_dagrun for tutorial_etl_dag to None
[2024-04-30 16:40:32,886] {scheduler_job.py:190} INFO - Processing /home/airflow/.local/lib/python3.6/site-packages/airflow/example_dags/tutorial_etl_dag.py took 0.090 seconds
[2024-04-30 16:41:03,367] {scheduler_job.py:182} INFO - Started process (PID=2107) to work on /home/airflow/.local/lib/python3.6/site-packages/airflow/example_dags/tutorial_etl_dag.py
[2024-04-30 16:41:03,368] {scheduler_job.py:629} INFO - Processing file /home/airflow/.local/lib/python3.6/site-packages/airflow/example_dags/tutorial_etl_dag.py for tasks to queue
[2024-04-30 16:41:03,369] {logging_mixin.py:104} INFO - [2024-04-30 16:41:03,369] {dagbag.py:451} INFO - Filling up the DagBag from /home/airflow/.local/lib/python3.6/site-packages/airflow/example_dags/tutorial_etl_dag.py
[2024-04-30 16:41:03,382] {scheduler_job.py:639} INFO - DAG(s) dict_keys(['tutorial_etl_dag']) retrieved from /home/airflow/.local/lib/python3.6/site-packages/airflow/example_dags/tutorial_etl_dag.py
[2024-04-30 16:41:03,400] {logging_mixin.py:104} INFO - [2024-04-30 16:41:03,400] {dag.py:1824} INFO - Sync 1 DAGs
[2024-04-30 16:41:03,414] {logging_mixin.py:104} INFO - [2024-04-30 16:41:03,414] {dag.py:2280} INFO - Setting next_dagrun for tutorial_etl_dag to None
[2024-04-30 16:41:03,435] {scheduler_job.py:190} INFO - Processing /home/airflow/.local/lib/python3.6/site-packages/airflow/example_dags/tutorial_etl_dag.py took 0.071 seconds
[2024-04-30 16:41:34,032] {scheduler_job.py:182} INFO - Started process (PID=2139) to work on /home/airflow/.local/lib/python3.6/site-packages/airflow/example_dags/tutorial_etl_dag.py
[2024-04-30 16:41:34,035] {scheduler_job.py:629} INFO - Processing file /home/airflow/.local/lib/python3.6/site-packages/airflow/example_dags/tutorial_etl_dag.py for tasks to queue
[2024-04-30 16:41:34,036] {logging_mixin.py:104} INFO - [2024-04-30 16:41:34,035] {dagbag.py:451} INFO - Filling up the DagBag from /home/airflow/.local/lib/python3.6/site-packages/airflow/example_dags/tutorial_etl_dag.py
[2024-04-30 16:41:34,050] {scheduler_job.py:639} INFO - DAG(s) dict_keys(['tutorial_etl_dag']) retrieved from /home/airflow/.local/lib/python3.6/site-packages/airflow/example_dags/tutorial_etl_dag.py
[2024-04-30 16:41:34,069] {logging_mixin.py:104} INFO - [2024-04-30 16:41:34,069] {dag.py:1824} INFO - Sync 1 DAGs
[2024-04-30 16:41:34,084] {logging_mixin.py:104} INFO - [2024-04-30 16:41:34,084] {dag.py:2280} INFO - Setting next_dagrun for tutorial_etl_dag to None
[2024-04-30 16:41:34,094] {scheduler_job.py:190} INFO - Processing /home/airflow/.local/lib/python3.6/site-packages/airflow/example_dags/tutorial_etl_dag.py took 0.065 seconds
