[2024-04-30 16:09:39,009] {scheduler_job.py:182} INFO - Started process (PID=67) to work on /home/airflow/.local/lib/python3.6/site-packages/airflow/example_dags/tutorial.py
[2024-04-30 16:09:39,012] {scheduler_job.py:629} INFO - Processing file /home/airflow/.local/lib/python3.6/site-packages/airflow/example_dags/tutorial.py for tasks to queue
[2024-04-30 16:09:39,028] {logging_mixin.py:104} INFO - [2024-04-30 16:09:39,028] {dagbag.py:451} INFO - Filling up the DagBag from /home/airflow/.local/lib/python3.6/site-packages/airflow/example_dags/tutorial.py
[2024-04-30 16:09:39,084] {scheduler_job.py:639} INFO - DAG(s) dict_keys(['tutorial']) retrieved from /home/airflow/.local/lib/python3.6/site-packages/airflow/example_dags/tutorial.py
[2024-04-30 16:09:39,499] {logging_mixin.py:104} INFO - [2024-04-30 16:09:39,498] {dag.py:1824} INFO - Sync 1 DAGs
[2024-04-30 16:09:39,589] {logging_mixin.py:104} INFO - [2024-04-30 16:09:39,589] {dag.py:2280} INFO - Setting next_dagrun for tutorial to 2024-04-28 00:00:00+00:00
[2024-04-30 16:09:39,659] {scheduler_job.py:190} INFO - Processing /home/airflow/.local/lib/python3.6/site-packages/airflow/example_dags/tutorial.py took 0.657 seconds
[2024-04-30 16:10:09,946] {scheduler_job.py:182} INFO - Started process (PID=134) to work on /home/airflow/.local/lib/python3.6/site-packages/airflow/example_dags/tutorial.py
[2024-04-30 16:10:09,948] {scheduler_job.py:629} INFO - Processing file /home/airflow/.local/lib/python3.6/site-packages/airflow/example_dags/tutorial.py for tasks to queue
[2024-04-30 16:10:09,949] {logging_mixin.py:104} INFO - [2024-04-30 16:10:09,949] {dagbag.py:451} INFO - Filling up the DagBag from /home/airflow/.local/lib/python3.6/site-packages/airflow/example_dags/tutorial.py
[2024-04-30 16:10:09,968] {scheduler_job.py:639} INFO - DAG(s) dict_keys(['tutorial']) retrieved from /home/airflow/.local/lib/python3.6/site-packages/airflow/example_dags/tutorial.py
[2024-04-30 16:10:10,007] {logging_mixin.py:104} INFO - [2024-04-30 16:10:10,007] {dag.py:1824} INFO - Sync 1 DAGs
[2024-04-30 16:10:10,033] {logging_mixin.py:104} INFO - [2024-04-30 16:10:10,033] {dag.py:2280} INFO - Setting next_dagrun for tutorial to 2024-04-28 00:00:00+00:00
[2024-04-30 16:10:10,049] {scheduler_job.py:190} INFO - Processing /home/airflow/.local/lib/python3.6/site-packages/airflow/example_dags/tutorial.py took 0.111 seconds
[2024-04-30 16:10:41,646] {scheduler_job.py:182} INFO - Started process (PID=166) to work on /home/airflow/.local/lib/python3.6/site-packages/airflow/example_dags/tutorial.py
[2024-04-30 16:10:41,660] {scheduler_job.py:629} INFO - Processing file /home/airflow/.local/lib/python3.6/site-packages/airflow/example_dags/tutorial.py for tasks to queue
[2024-04-30 16:10:41,664] {logging_mixin.py:104} INFO - [2024-04-30 16:10:41,664] {dagbag.py:451} INFO - Filling up the DagBag from /home/airflow/.local/lib/python3.6/site-packages/airflow/example_dags/tutorial.py
[2024-04-30 16:10:41,749] {scheduler_job.py:639} INFO - DAG(s) dict_keys(['tutorial']) retrieved from /home/airflow/.local/lib/python3.6/site-packages/airflow/example_dags/tutorial.py
[2024-04-30 16:10:41,870] {logging_mixin.py:104} INFO - [2024-04-30 16:10:41,870] {dag.py:1824} INFO - Sync 1 DAGs
[2024-04-30 16:10:41,967] {logging_mixin.py:104} INFO - [2024-04-30 16:10:41,967] {dag.py:2280} INFO - Setting next_dagrun for tutorial to 2024-04-28 00:00:00+00:00
[2024-04-30 16:10:42,050] {scheduler_job.py:190} INFO - Processing /home/airflow/.local/lib/python3.6/site-packages/airflow/example_dags/tutorial.py took 0.411 seconds
[2024-04-30 16:11:22,550] {scheduler_job.py:182} INFO - Started process (PID=204) to work on /home/airflow/.local/lib/python3.6/site-packages/airflow/example_dags/tutorial.py
[2024-04-30 16:11:22,558] {scheduler_job.py:629} INFO - Processing file /home/airflow/.local/lib/python3.6/site-packages/airflow/example_dags/tutorial.py for tasks to queue
[2024-04-30 16:11:22,563] {logging_mixin.py:104} INFO - [2024-04-30 16:11:22,563] {dagbag.py:451} INFO - Filling up the DagBag from /home/airflow/.local/lib/python3.6/site-packages/airflow/example_dags/tutorial.py
[2024-04-30 16:11:22,606] {scheduler_job.py:639} INFO - DAG(s) dict_keys(['tutorial']) retrieved from /home/airflow/.local/lib/python3.6/site-packages/airflow/example_dags/tutorial.py
[2024-04-30 16:11:22,755] {logging_mixin.py:104} INFO - [2024-04-30 16:11:22,755] {dag.py:1824} INFO - Sync 1 DAGs
[2024-04-30 16:11:22,848] {logging_mixin.py:104} INFO - [2024-04-30 16:11:22,848] {dag.py:2280} INFO - Setting next_dagrun for tutorial to 2024-04-28 00:00:00+00:00
[2024-04-30 16:11:22,889] {scheduler_job.py:190} INFO - Processing /home/airflow/.local/lib/python3.6/site-packages/airflow/example_dags/tutorial.py took 0.347 seconds
[2024-04-30 16:11:52,977] {scheduler_job.py:182} INFO - Started process (PID=254) to work on /home/airflow/.local/lib/python3.6/site-packages/airflow/example_dags/tutorial.py
[2024-04-30 16:11:52,983] {scheduler_job.py:629} INFO - Processing file /home/airflow/.local/lib/python3.6/site-packages/airflow/example_dags/tutorial.py for tasks to queue
[2024-04-30 16:11:52,989] {logging_mixin.py:104} INFO - [2024-04-30 16:11:52,989] {dagbag.py:451} INFO - Filling up the DagBag from /home/airflow/.local/lib/python3.6/site-packages/airflow/example_dags/tutorial.py
[2024-04-30 16:11:53,019] {scheduler_job.py:639} INFO - DAG(s) dict_keys(['tutorial']) retrieved from /home/airflow/.local/lib/python3.6/site-packages/airflow/example_dags/tutorial.py
[2024-04-30 16:11:53,060] {logging_mixin.py:104} INFO - [2024-04-30 16:11:53,059] {dag.py:1824} INFO - Sync 1 DAGs
[2024-04-30 16:11:53,087] {logging_mixin.py:104} INFO - [2024-04-30 16:11:53,087] {dag.py:2280} INFO - Setting next_dagrun for tutorial to 2024-04-28 00:00:00+00:00
[2024-04-30 16:11:53,104] {scheduler_job.py:190} INFO - Processing /home/airflow/.local/lib/python3.6/site-packages/airflow/example_dags/tutorial.py took 0.134 seconds
[2024-04-30 16:12:23,894] {scheduler_job.py:182} INFO - Started process (PID=286) to work on /home/airflow/.local/lib/python3.6/site-packages/airflow/example_dags/tutorial.py
[2024-04-30 16:12:23,906] {scheduler_job.py:629} INFO - Processing file /home/airflow/.local/lib/python3.6/site-packages/airflow/example_dags/tutorial.py for tasks to queue
[2024-04-30 16:12:23,912] {logging_mixin.py:104} INFO - [2024-04-30 16:12:23,912] {dagbag.py:451} INFO - Filling up the DagBag from /home/airflow/.local/lib/python3.6/site-packages/airflow/example_dags/tutorial.py
[2024-04-30 16:12:23,936] {scheduler_job.py:639} INFO - DAG(s) dict_keys(['tutorial']) retrieved from /home/airflow/.local/lib/python3.6/site-packages/airflow/example_dags/tutorial.py
[2024-04-30 16:12:23,988] {logging_mixin.py:104} INFO - [2024-04-30 16:12:23,988] {dag.py:1824} INFO - Sync 1 DAGs
[2024-04-30 16:12:24,013] {logging_mixin.py:104} INFO - [2024-04-30 16:12:24,013] {dag.py:2280} INFO - Setting next_dagrun for tutorial to 2024-04-28 00:00:00+00:00
[2024-04-30 16:12:24,046] {scheduler_job.py:190} INFO - Processing /home/airflow/.local/lib/python3.6/site-packages/airflow/example_dags/tutorial.py took 0.160 seconds
[2024-04-30 16:12:54,682] {scheduler_job.py:182} INFO - Started process (PID=318) to work on /home/airflow/.local/lib/python3.6/site-packages/airflow/example_dags/tutorial.py
[2024-04-30 16:12:54,685] {scheduler_job.py:629} INFO - Processing file /home/airflow/.local/lib/python3.6/site-packages/airflow/example_dags/tutorial.py for tasks to queue
[2024-04-30 16:12:54,690] {logging_mixin.py:104} INFO - [2024-04-30 16:12:54,689] {dagbag.py:451} INFO - Filling up the DagBag from /home/airflow/.local/lib/python3.6/site-packages/airflow/example_dags/tutorial.py
[2024-04-30 16:12:54,735] {scheduler_job.py:639} INFO - DAG(s) dict_keys(['tutorial']) retrieved from /home/airflow/.local/lib/python3.6/site-packages/airflow/example_dags/tutorial.py
[2024-04-30 16:12:54,806] {logging_mixin.py:104} INFO - [2024-04-30 16:12:54,806] {dag.py:1824} INFO - Sync 1 DAGs
[2024-04-30 16:12:54,865] {logging_mixin.py:104} INFO - [2024-04-30 16:12:54,864] {dag.py:2280} INFO - Setting next_dagrun for tutorial to 2024-04-28 00:00:00+00:00
[2024-04-30 16:12:54,899] {scheduler_job.py:190} INFO - Processing /home/airflow/.local/lib/python3.6/site-packages/airflow/example_dags/tutorial.py took 0.224 seconds
[2024-04-30 16:13:25,241] {scheduler_job.py:182} INFO - Started process (PID=350) to work on /home/airflow/.local/lib/python3.6/site-packages/airflow/example_dags/tutorial.py
[2024-04-30 16:13:25,244] {scheduler_job.py:629} INFO - Processing file /home/airflow/.local/lib/python3.6/site-packages/airflow/example_dags/tutorial.py for tasks to queue
[2024-04-30 16:13:25,246] {logging_mixin.py:104} INFO - [2024-04-30 16:13:25,245] {dagbag.py:451} INFO - Filling up the DagBag from /home/airflow/.local/lib/python3.6/site-packages/airflow/example_dags/tutorial.py
[2024-04-30 16:13:25,264] {scheduler_job.py:639} INFO - DAG(s) dict_keys(['tutorial']) retrieved from /home/airflow/.local/lib/python3.6/site-packages/airflow/example_dags/tutorial.py
[2024-04-30 16:13:25,630] {logging_mixin.py:104} INFO - [2024-04-30 16:13:25,630] {dag.py:1824} INFO - Sync 1 DAGs
[2024-04-30 16:13:25,664] {logging_mixin.py:104} INFO - [2024-04-30 16:13:25,663] {dag.py:2280} INFO - Setting next_dagrun for tutorial to 2024-04-28 00:00:00+00:00
[2024-04-30 16:13:25,685] {scheduler_job.py:190} INFO - Processing /home/airflow/.local/lib/python3.6/site-packages/airflow/example_dags/tutorial.py took 0.451 seconds
[2024-04-30 16:13:55,723] {scheduler_job.py:182} INFO - Started process (PID=398) to work on /home/airflow/.local/lib/python3.6/site-packages/airflow/example_dags/tutorial.py
[2024-04-30 16:13:55,724] {scheduler_job.py:629} INFO - Processing file /home/airflow/.local/lib/python3.6/site-packages/airflow/example_dags/tutorial.py for tasks to queue
[2024-04-30 16:13:55,726] {logging_mixin.py:104} INFO - [2024-04-30 16:13:55,725] {dagbag.py:451} INFO - Filling up the DagBag from /home/airflow/.local/lib/python3.6/site-packages/airflow/example_dags/tutorial.py
[2024-04-30 16:13:55,738] {scheduler_job.py:639} INFO - DAG(s) dict_keys(['tutorial']) retrieved from /home/airflow/.local/lib/python3.6/site-packages/airflow/example_dags/tutorial.py
[2024-04-30 16:13:55,761] {logging_mixin.py:104} INFO - [2024-04-30 16:13:55,760] {dag.py:1824} INFO - Sync 1 DAGs
[2024-04-30 16:13:55,777] {logging_mixin.py:104} INFO - [2024-04-30 16:13:55,777] {dag.py:2280} INFO - Setting next_dagrun for tutorial to 2024-04-28 00:00:00+00:00
[2024-04-30 16:13:55,789] {scheduler_job.py:190} INFO - Processing /home/airflow/.local/lib/python3.6/site-packages/airflow/example_dags/tutorial.py took 0.071 seconds
[2024-04-30 16:14:26,084] {scheduler_job.py:182} INFO - Started process (PID=428) to work on /home/airflow/.local/lib/python3.6/site-packages/airflow/example_dags/tutorial.py
[2024-04-30 16:14:26,086] {scheduler_job.py:629} INFO - Processing file /home/airflow/.local/lib/python3.6/site-packages/airflow/example_dags/tutorial.py for tasks to queue
[2024-04-30 16:14:26,087] {logging_mixin.py:104} INFO - [2024-04-30 16:14:26,087] {dagbag.py:451} INFO - Filling up the DagBag from /home/airflow/.local/lib/python3.6/site-packages/airflow/example_dags/tutorial.py
[2024-04-30 16:14:26,096] {scheduler_job.py:639} INFO - DAG(s) dict_keys(['tutorial']) retrieved from /home/airflow/.local/lib/python3.6/site-packages/airflow/example_dags/tutorial.py
[2024-04-30 16:14:26,162] {logging_mixin.py:104} INFO - [2024-04-30 16:14:26,162] {dag.py:1824} INFO - Sync 1 DAGs
[2024-04-30 16:14:26,181] {logging_mixin.py:104} INFO - [2024-04-30 16:14:26,181] {dag.py:2280} INFO - Setting next_dagrun for tutorial to 2024-04-28 00:00:00+00:00
[2024-04-30 16:14:26,193] {scheduler_job.py:190} INFO - Processing /home/airflow/.local/lib/python3.6/site-packages/airflow/example_dags/tutorial.py took 0.113 seconds
[2024-04-30 16:14:57,359] {scheduler_job.py:182} INFO - Started process (PID=460) to work on /home/airflow/.local/lib/python3.6/site-packages/airflow/example_dags/tutorial.py
[2024-04-30 16:14:57,361] {scheduler_job.py:629} INFO - Processing file /home/airflow/.local/lib/python3.6/site-packages/airflow/example_dags/tutorial.py for tasks to queue
[2024-04-30 16:14:57,363] {logging_mixin.py:104} INFO - [2024-04-30 16:14:57,363] {dagbag.py:451} INFO - Filling up the DagBag from /home/airflow/.local/lib/python3.6/site-packages/airflow/example_dags/tutorial.py
[2024-04-30 16:14:57,384] {scheduler_job.py:639} INFO - DAG(s) dict_keys(['tutorial']) retrieved from /home/airflow/.local/lib/python3.6/site-packages/airflow/example_dags/tutorial.py
[2024-04-30 16:14:57,421] {logging_mixin.py:104} INFO - [2024-04-30 16:14:57,421] {dag.py:1824} INFO - Sync 1 DAGs
[2024-04-30 16:14:57,448] {logging_mixin.py:104} INFO - [2024-04-30 16:14:57,447] {dag.py:2280} INFO - Setting next_dagrun for tutorial to 2024-04-28 00:00:00+00:00
[2024-04-30 16:14:57,467] {scheduler_job.py:190} INFO - Processing /home/airflow/.local/lib/python3.6/site-packages/airflow/example_dags/tutorial.py took 0.118 seconds
[2024-04-30 16:15:28,405] {scheduler_job.py:182} INFO - Started process (PID=494) to work on /home/airflow/.local/lib/python3.6/site-packages/airflow/example_dags/tutorial.py
[2024-04-30 16:15:28,407] {scheduler_job.py:629} INFO - Processing file /home/airflow/.local/lib/python3.6/site-packages/airflow/example_dags/tutorial.py for tasks to queue
[2024-04-30 16:15:28,408] {logging_mixin.py:104} INFO - [2024-04-30 16:15:28,408] {dagbag.py:451} INFO - Filling up the DagBag from /home/airflow/.local/lib/python3.6/site-packages/airflow/example_dags/tutorial.py
[2024-04-30 16:15:28,419] {scheduler_job.py:639} INFO - DAG(s) dict_keys(['tutorial']) retrieved from /home/airflow/.local/lib/python3.6/site-packages/airflow/example_dags/tutorial.py
[2024-04-30 16:15:28,446] {logging_mixin.py:104} INFO - [2024-04-30 16:15:28,446] {dag.py:1824} INFO - Sync 1 DAGs
[2024-04-30 16:15:28,463] {logging_mixin.py:104} INFO - [2024-04-30 16:15:28,462] {dag.py:2280} INFO - Setting next_dagrun for tutorial to 2024-04-28 00:00:00+00:00
[2024-04-30 16:15:28,472] {scheduler_job.py:190} INFO - Processing /home/airflow/.local/lib/python3.6/site-packages/airflow/example_dags/tutorial.py took 0.071 seconds
[2024-04-30 16:15:59,043] {scheduler_job.py:182} INFO - Started process (PID=526) to work on /home/airflow/.local/lib/python3.6/site-packages/airflow/example_dags/tutorial.py
[2024-04-30 16:15:59,044] {scheduler_job.py:629} INFO - Processing file /home/airflow/.local/lib/python3.6/site-packages/airflow/example_dags/tutorial.py for tasks to queue
[2024-04-30 16:15:59,045] {logging_mixin.py:104} INFO - [2024-04-30 16:15:59,045] {dagbag.py:451} INFO - Filling up the DagBag from /home/airflow/.local/lib/python3.6/site-packages/airflow/example_dags/tutorial.py
[2024-04-30 16:15:59,056] {scheduler_job.py:639} INFO - DAG(s) dict_keys(['tutorial']) retrieved from /home/airflow/.local/lib/python3.6/site-packages/airflow/example_dags/tutorial.py
[2024-04-30 16:15:59,080] {logging_mixin.py:104} INFO - [2024-04-30 16:15:59,080] {dag.py:1824} INFO - Sync 1 DAGs
[2024-04-30 16:15:59,097] {logging_mixin.py:104} INFO - [2024-04-30 16:15:59,097] {dag.py:2280} INFO - Setting next_dagrun for tutorial to 2024-04-28 00:00:00+00:00
[2024-04-30 16:15:59,108] {scheduler_job.py:190} INFO - Processing /home/airflow/.local/lib/python3.6/site-packages/airflow/example_dags/tutorial.py took 0.069 seconds
[2024-04-30 16:16:29,571] {scheduler_job.py:182} INFO - Started process (PID=558) to work on /home/airflow/.local/lib/python3.6/site-packages/airflow/example_dags/tutorial.py
[2024-04-30 16:16:29,574] {scheduler_job.py:629} INFO - Processing file /home/airflow/.local/lib/python3.6/site-packages/airflow/example_dags/tutorial.py for tasks to queue
[2024-04-30 16:16:29,575] {logging_mixin.py:104} INFO - [2024-04-30 16:16:29,575] {dagbag.py:451} INFO - Filling up the DagBag from /home/airflow/.local/lib/python3.6/site-packages/airflow/example_dags/tutorial.py
[2024-04-30 16:16:29,586] {scheduler_job.py:639} INFO - DAG(s) dict_keys(['tutorial']) retrieved from /home/airflow/.local/lib/python3.6/site-packages/airflow/example_dags/tutorial.py
[2024-04-30 16:16:29,622] {logging_mixin.py:104} INFO - [2024-04-30 16:16:29,621] {dag.py:1824} INFO - Sync 1 DAGs
[2024-04-30 16:16:29,643] {logging_mixin.py:104} INFO - [2024-04-30 16:16:29,643] {dag.py:2280} INFO - Setting next_dagrun for tutorial to 2024-04-28 00:00:00+00:00
[2024-04-30 16:16:29,659] {scheduler_job.py:190} INFO - Processing /home/airflow/.local/lib/python3.6/site-packages/airflow/example_dags/tutorial.py took 0.093 seconds
[2024-04-30 16:16:59,941] {scheduler_job.py:182} INFO - Started process (PID=590) to work on /home/airflow/.local/lib/python3.6/site-packages/airflow/example_dags/tutorial.py
[2024-04-30 16:16:59,942] {scheduler_job.py:629} INFO - Processing file /home/airflow/.local/lib/python3.6/site-packages/airflow/example_dags/tutorial.py for tasks to queue
[2024-04-30 16:16:59,943] {logging_mixin.py:104} INFO - [2024-04-30 16:16:59,943] {dagbag.py:451} INFO - Filling up the DagBag from /home/airflow/.local/lib/python3.6/site-packages/airflow/example_dags/tutorial.py
[2024-04-30 16:16:59,954] {scheduler_job.py:639} INFO - DAG(s) dict_keys(['tutorial']) retrieved from /home/airflow/.local/lib/python3.6/site-packages/airflow/example_dags/tutorial.py
[2024-04-30 16:16:59,974] {logging_mixin.py:104} INFO - [2024-04-30 16:16:59,974] {dag.py:1824} INFO - Sync 1 DAGs
[2024-04-30 16:16:59,989] {logging_mixin.py:104} INFO - [2024-04-30 16:16:59,989] {dag.py:2280} INFO - Setting next_dagrun for tutorial to 2024-04-28 00:00:00+00:00
[2024-04-30 16:17:00,000] {scheduler_job.py:190} INFO - Processing /home/airflow/.local/lib/python3.6/site-packages/airflow/example_dags/tutorial.py took 0.062 seconds
[2024-04-30 16:17:30,702] {scheduler_job.py:182} INFO - Started process (PID=622) to work on /home/airflow/.local/lib/python3.6/site-packages/airflow/example_dags/tutorial.py
[2024-04-30 16:17:30,704] {scheduler_job.py:629} INFO - Processing file /home/airflow/.local/lib/python3.6/site-packages/airflow/example_dags/tutorial.py for tasks to queue
[2024-04-30 16:17:30,705] {logging_mixin.py:104} INFO - [2024-04-30 16:17:30,705] {dagbag.py:451} INFO - Filling up the DagBag from /home/airflow/.local/lib/python3.6/site-packages/airflow/example_dags/tutorial.py
[2024-04-30 16:17:30,714] {scheduler_job.py:639} INFO - DAG(s) dict_keys(['tutorial']) retrieved from /home/airflow/.local/lib/python3.6/site-packages/airflow/example_dags/tutorial.py
[2024-04-30 16:17:30,736] {logging_mixin.py:104} INFO - [2024-04-30 16:17:30,736] {dag.py:1824} INFO - Sync 1 DAGs
[2024-04-30 16:17:30,751] {logging_mixin.py:104} INFO - [2024-04-30 16:17:30,751] {dag.py:2280} INFO - Setting next_dagrun for tutorial to 2024-04-28 00:00:00+00:00
[2024-04-30 16:17:30,762] {scheduler_job.py:190} INFO - Processing /home/airflow/.local/lib/python3.6/site-packages/airflow/example_dags/tutorial.py took 0.063 seconds
[2024-04-30 16:18:01,731] {scheduler_job.py:182} INFO - Started process (PID=654) to work on /home/airflow/.local/lib/python3.6/site-packages/airflow/example_dags/tutorial.py
[2024-04-30 16:18:01,733] {scheduler_job.py:629} INFO - Processing file /home/airflow/.local/lib/python3.6/site-packages/airflow/example_dags/tutorial.py for tasks to queue
[2024-04-30 16:18:01,733] {logging_mixin.py:104} INFO - [2024-04-30 16:18:01,733] {dagbag.py:451} INFO - Filling up the DagBag from /home/airflow/.local/lib/python3.6/site-packages/airflow/example_dags/tutorial.py
[2024-04-30 16:18:01,743] {scheduler_job.py:639} INFO - DAG(s) dict_keys(['tutorial']) retrieved from /home/airflow/.local/lib/python3.6/site-packages/airflow/example_dags/tutorial.py
[2024-04-30 16:18:01,766] {logging_mixin.py:104} INFO - [2024-04-30 16:18:01,766] {dag.py:1824} INFO - Sync 1 DAGs
[2024-04-30 16:18:01,782] {logging_mixin.py:104} INFO - [2024-04-30 16:18:01,782] {dag.py:2280} INFO - Setting next_dagrun for tutorial to 2024-04-28 00:00:00+00:00
[2024-04-30 16:18:01,802] {scheduler_job.py:190} INFO - Processing /home/airflow/.local/lib/python3.6/site-packages/airflow/example_dags/tutorial.py took 0.074 seconds
[2024-04-30 16:18:32,064] {scheduler_job.py:182} INFO - Started process (PID=686) to work on /home/airflow/.local/lib/python3.6/site-packages/airflow/example_dags/tutorial.py
[2024-04-30 16:18:32,065] {scheduler_job.py:629} INFO - Processing file /home/airflow/.local/lib/python3.6/site-packages/airflow/example_dags/tutorial.py for tasks to queue
[2024-04-30 16:18:32,066] {logging_mixin.py:104} INFO - [2024-04-30 16:18:32,066] {dagbag.py:451} INFO - Filling up the DagBag from /home/airflow/.local/lib/python3.6/site-packages/airflow/example_dags/tutorial.py
[2024-04-30 16:18:32,076] {scheduler_job.py:639} INFO - DAG(s) dict_keys(['tutorial']) retrieved from /home/airflow/.local/lib/python3.6/site-packages/airflow/example_dags/tutorial.py
[2024-04-30 16:18:32,098] {logging_mixin.py:104} INFO - [2024-04-30 16:18:32,098] {dag.py:1824} INFO - Sync 1 DAGs
[2024-04-30 16:18:32,113] {logging_mixin.py:104} INFO - [2024-04-30 16:18:32,113] {dag.py:2280} INFO - Setting next_dagrun for tutorial to 2024-04-28 00:00:00+00:00
[2024-04-30 16:18:32,124] {scheduler_job.py:190} INFO - Processing /home/airflow/.local/lib/python3.6/site-packages/airflow/example_dags/tutorial.py took 0.063 seconds
[2024-04-30 16:19:02,602] {scheduler_job.py:182} INFO - Started process (PID=718) to work on /home/airflow/.local/lib/python3.6/site-packages/airflow/example_dags/tutorial.py
[2024-04-30 16:19:02,603] {scheduler_job.py:629} INFO - Processing file /home/airflow/.local/lib/python3.6/site-packages/airflow/example_dags/tutorial.py for tasks to queue
[2024-04-30 16:19:02,604] {logging_mixin.py:104} INFO - [2024-04-30 16:19:02,604] {dagbag.py:451} INFO - Filling up the DagBag from /home/airflow/.local/lib/python3.6/site-packages/airflow/example_dags/tutorial.py
[2024-04-30 16:19:02,614] {scheduler_job.py:639} INFO - DAG(s) dict_keys(['tutorial']) retrieved from /home/airflow/.local/lib/python3.6/site-packages/airflow/example_dags/tutorial.py
[2024-04-30 16:19:02,635] {logging_mixin.py:104} INFO - [2024-04-30 16:19:02,634] {dag.py:1824} INFO - Sync 1 DAGs
[2024-04-30 16:19:02,650] {logging_mixin.py:104} INFO - [2024-04-30 16:19:02,650] {dag.py:2280} INFO - Setting next_dagrun for tutorial to 2024-04-28 00:00:00+00:00
[2024-04-30 16:19:02,661] {scheduler_job.py:190} INFO - Processing /home/airflow/.local/lib/python3.6/site-packages/airflow/example_dags/tutorial.py took 0.062 seconds
[2024-04-30 16:19:33,057] {scheduler_job.py:182} INFO - Started process (PID=750) to work on /home/airflow/.local/lib/python3.6/site-packages/airflow/example_dags/tutorial.py
[2024-04-30 16:19:33,058] {scheduler_job.py:629} INFO - Processing file /home/airflow/.local/lib/python3.6/site-packages/airflow/example_dags/tutorial.py for tasks to queue
[2024-04-30 16:19:33,059] {logging_mixin.py:104} INFO - [2024-04-30 16:19:33,059] {dagbag.py:451} INFO - Filling up the DagBag from /home/airflow/.local/lib/python3.6/site-packages/airflow/example_dags/tutorial.py
[2024-04-30 16:19:33,068] {scheduler_job.py:639} INFO - DAG(s) dict_keys(['tutorial']) retrieved from /home/airflow/.local/lib/python3.6/site-packages/airflow/example_dags/tutorial.py
[2024-04-30 16:19:33,089] {logging_mixin.py:104} INFO - [2024-04-30 16:19:33,089] {dag.py:1824} INFO - Sync 1 DAGs
[2024-04-30 16:19:33,104] {logging_mixin.py:104} INFO - [2024-04-30 16:19:33,104] {dag.py:2280} INFO - Setting next_dagrun for tutorial to 2024-04-28 00:00:00+00:00
[2024-04-30 16:19:33,113] {scheduler_job.py:190} INFO - Processing /home/airflow/.local/lib/python3.6/site-packages/airflow/example_dags/tutorial.py took 0.060 seconds
[2024-04-30 16:20:03,442] {scheduler_job.py:182} INFO - Started process (PID=782) to work on /home/airflow/.local/lib/python3.6/site-packages/airflow/example_dags/tutorial.py
[2024-04-30 16:20:03,443] {scheduler_job.py:629} INFO - Processing file /home/airflow/.local/lib/python3.6/site-packages/airflow/example_dags/tutorial.py for tasks to queue
[2024-04-30 16:20:03,444] {logging_mixin.py:104} INFO - [2024-04-30 16:20:03,444] {dagbag.py:451} INFO - Filling up the DagBag from /home/airflow/.local/lib/python3.6/site-packages/airflow/example_dags/tutorial.py
[2024-04-30 16:20:03,453] {scheduler_job.py:639} INFO - DAG(s) dict_keys(['tutorial']) retrieved from /home/airflow/.local/lib/python3.6/site-packages/airflow/example_dags/tutorial.py
[2024-04-30 16:20:03,475] {logging_mixin.py:104} INFO - [2024-04-30 16:20:03,475] {dag.py:1824} INFO - Sync 1 DAGs
[2024-04-30 16:20:03,492] {logging_mixin.py:104} INFO - [2024-04-30 16:20:03,491] {dag.py:2280} INFO - Setting next_dagrun for tutorial to 2024-04-28 00:00:00+00:00
[2024-04-30 16:20:03,503] {scheduler_job.py:190} INFO - Processing /home/airflow/.local/lib/python3.6/site-packages/airflow/example_dags/tutorial.py took 0.063 seconds
[2024-04-30 16:20:33,968] {scheduler_job.py:182} INFO - Started process (PID=814) to work on /home/airflow/.local/lib/python3.6/site-packages/airflow/example_dags/tutorial.py
[2024-04-30 16:20:33,969] {scheduler_job.py:629} INFO - Processing file /home/airflow/.local/lib/python3.6/site-packages/airflow/example_dags/tutorial.py for tasks to queue
[2024-04-30 16:20:33,970] {logging_mixin.py:104} INFO - [2024-04-30 16:20:33,970] {dagbag.py:451} INFO - Filling up the DagBag from /home/airflow/.local/lib/python3.6/site-packages/airflow/example_dags/tutorial.py
[2024-04-30 16:20:33,979] {scheduler_job.py:639} INFO - DAG(s) dict_keys(['tutorial']) retrieved from /home/airflow/.local/lib/python3.6/site-packages/airflow/example_dags/tutorial.py
[2024-04-30 16:20:34,001] {logging_mixin.py:104} INFO - [2024-04-30 16:20:34,001] {dag.py:1824} INFO - Sync 1 DAGs
[2024-04-30 16:20:34,018] {logging_mixin.py:104} INFO - [2024-04-30 16:20:34,018] {dag.py:2280} INFO - Setting next_dagrun for tutorial to 2024-04-28 00:00:00+00:00
[2024-04-30 16:20:34,029] {scheduler_job.py:190} INFO - Processing /home/airflow/.local/lib/python3.6/site-packages/airflow/example_dags/tutorial.py took 0.064 seconds
[2024-04-30 16:21:04,449] {scheduler_job.py:182} INFO - Started process (PID=846) to work on /home/airflow/.local/lib/python3.6/site-packages/airflow/example_dags/tutorial.py
[2024-04-30 16:21:04,450] {scheduler_job.py:629} INFO - Processing file /home/airflow/.local/lib/python3.6/site-packages/airflow/example_dags/tutorial.py for tasks to queue
[2024-04-30 16:21:04,451] {logging_mixin.py:104} INFO - [2024-04-30 16:21:04,451] {dagbag.py:451} INFO - Filling up the DagBag from /home/airflow/.local/lib/python3.6/site-packages/airflow/example_dags/tutorial.py
[2024-04-30 16:21:04,460] {scheduler_job.py:639} INFO - DAG(s) dict_keys(['tutorial']) retrieved from /home/airflow/.local/lib/python3.6/site-packages/airflow/example_dags/tutorial.py
[2024-04-30 16:21:04,483] {logging_mixin.py:104} INFO - [2024-04-30 16:21:04,483] {dag.py:1824} INFO - Sync 1 DAGs
[2024-04-30 16:21:04,500] {logging_mixin.py:104} INFO - [2024-04-30 16:21:04,500] {dag.py:2280} INFO - Setting next_dagrun for tutorial to 2024-04-28 00:00:00+00:00
[2024-04-30 16:21:04,511] {scheduler_job.py:190} INFO - Processing /home/airflow/.local/lib/python3.6/site-packages/airflow/example_dags/tutorial.py took 0.065 seconds
[2024-04-30 16:21:34,958] {scheduler_job.py:182} INFO - Started process (PID=878) to work on /home/airflow/.local/lib/python3.6/site-packages/airflow/example_dags/tutorial.py
[2024-04-30 16:21:34,960] {scheduler_job.py:629} INFO - Processing file /home/airflow/.local/lib/python3.6/site-packages/airflow/example_dags/tutorial.py for tasks to queue
[2024-04-30 16:21:34,961] {logging_mixin.py:104} INFO - [2024-04-30 16:21:34,961] {dagbag.py:451} INFO - Filling up the DagBag from /home/airflow/.local/lib/python3.6/site-packages/airflow/example_dags/tutorial.py
[2024-04-30 16:21:34,970] {scheduler_job.py:639} INFO - DAG(s) dict_keys(['tutorial']) retrieved from /home/airflow/.local/lib/python3.6/site-packages/airflow/example_dags/tutorial.py
[2024-04-30 16:21:34,992] {logging_mixin.py:104} INFO - [2024-04-30 16:21:34,992] {dag.py:1824} INFO - Sync 1 DAGs
[2024-04-30 16:21:35,009] {logging_mixin.py:104} INFO - [2024-04-30 16:21:35,008] {dag.py:2280} INFO - Setting next_dagrun for tutorial to 2024-04-28 00:00:00+00:00
[2024-04-30 16:21:35,019] {scheduler_job.py:190} INFO - Processing /home/airflow/.local/lib/python3.6/site-packages/airflow/example_dags/tutorial.py took 0.064 seconds
[2024-04-30 16:22:05,522] {scheduler_job.py:182} INFO - Started process (PID=910) to work on /home/airflow/.local/lib/python3.6/site-packages/airflow/example_dags/tutorial.py
[2024-04-30 16:22:05,524] {scheduler_job.py:629} INFO - Processing file /home/airflow/.local/lib/python3.6/site-packages/airflow/example_dags/tutorial.py for tasks to queue
[2024-04-30 16:22:05,524] {logging_mixin.py:104} INFO - [2024-04-30 16:22:05,524] {dagbag.py:451} INFO - Filling up the DagBag from /home/airflow/.local/lib/python3.6/site-packages/airflow/example_dags/tutorial.py
[2024-04-30 16:22:05,535] {scheduler_job.py:639} INFO - DAG(s) dict_keys(['tutorial']) retrieved from /home/airflow/.local/lib/python3.6/site-packages/airflow/example_dags/tutorial.py
[2024-04-30 16:22:05,558] {logging_mixin.py:104} INFO - [2024-04-30 16:22:05,558] {dag.py:1824} INFO - Sync 1 DAGs
[2024-04-30 16:22:05,573] {logging_mixin.py:104} INFO - [2024-04-30 16:22:05,573] {dag.py:2280} INFO - Setting next_dagrun for tutorial to 2024-04-28 00:00:00+00:00
[2024-04-30 16:22:05,585] {scheduler_job.py:190} INFO - Processing /home/airflow/.local/lib/python3.6/site-packages/airflow/example_dags/tutorial.py took 0.065 seconds
[2024-04-30 16:22:36,168] {scheduler_job.py:182} INFO - Started process (PID=942) to work on /home/airflow/.local/lib/python3.6/site-packages/airflow/example_dags/tutorial.py
[2024-04-30 16:22:36,169] {scheduler_job.py:629} INFO - Processing file /home/airflow/.local/lib/python3.6/site-packages/airflow/example_dags/tutorial.py for tasks to queue
[2024-04-30 16:22:36,170] {logging_mixin.py:104} INFO - [2024-04-30 16:22:36,170] {dagbag.py:451} INFO - Filling up the DagBag from /home/airflow/.local/lib/python3.6/site-packages/airflow/example_dags/tutorial.py
[2024-04-30 16:22:36,183] {scheduler_job.py:639} INFO - DAG(s) dict_keys(['tutorial']) retrieved from /home/airflow/.local/lib/python3.6/site-packages/airflow/example_dags/tutorial.py
[2024-04-30 16:22:36,209] {logging_mixin.py:104} INFO - [2024-04-30 16:22:36,209] {dag.py:1824} INFO - Sync 1 DAGs
[2024-04-30 16:22:36,227] {logging_mixin.py:104} INFO - [2024-04-30 16:22:36,227] {dag.py:2280} INFO - Setting next_dagrun for tutorial to 2024-04-28 00:00:00+00:00
[2024-04-30 16:22:36,238] {scheduler_job.py:190} INFO - Processing /home/airflow/.local/lib/python3.6/site-packages/airflow/example_dags/tutorial.py took 0.072 seconds
[2024-04-30 16:23:06,856] {scheduler_job.py:182} INFO - Started process (PID=974) to work on /home/airflow/.local/lib/python3.6/site-packages/airflow/example_dags/tutorial.py
[2024-04-30 16:23:06,858] {scheduler_job.py:629} INFO - Processing file /home/airflow/.local/lib/python3.6/site-packages/airflow/example_dags/tutorial.py for tasks to queue
[2024-04-30 16:23:06,860] {logging_mixin.py:104} INFO - [2024-04-30 16:23:06,859] {dagbag.py:451} INFO - Filling up the DagBag from /home/airflow/.local/lib/python3.6/site-packages/airflow/example_dags/tutorial.py
[2024-04-30 16:23:06,872] {scheduler_job.py:639} INFO - DAG(s) dict_keys(['tutorial']) retrieved from /home/airflow/.local/lib/python3.6/site-packages/airflow/example_dags/tutorial.py
[2024-04-30 16:23:06,895] {logging_mixin.py:104} INFO - [2024-04-30 16:23:06,894] {dag.py:1824} INFO - Sync 1 DAGs
[2024-04-30 16:23:06,913] {logging_mixin.py:104} INFO - [2024-04-30 16:23:06,913] {dag.py:2280} INFO - Setting next_dagrun for tutorial to 2024-04-28 00:00:00+00:00
[2024-04-30 16:23:06,924] {scheduler_job.py:190} INFO - Processing /home/airflow/.local/lib/python3.6/site-packages/airflow/example_dags/tutorial.py took 0.071 seconds
[2024-04-30 16:23:37,257] {scheduler_job.py:182} INFO - Started process (PID=1006) to work on /home/airflow/.local/lib/python3.6/site-packages/airflow/example_dags/tutorial.py
[2024-04-30 16:23:37,258] {scheduler_job.py:629} INFO - Processing file /home/airflow/.local/lib/python3.6/site-packages/airflow/example_dags/tutorial.py for tasks to queue
[2024-04-30 16:23:37,259] {logging_mixin.py:104} INFO - [2024-04-30 16:23:37,259] {dagbag.py:451} INFO - Filling up the DagBag from /home/airflow/.local/lib/python3.6/site-packages/airflow/example_dags/tutorial.py
[2024-04-30 16:23:37,268] {scheduler_job.py:639} INFO - DAG(s) dict_keys(['tutorial']) retrieved from /home/airflow/.local/lib/python3.6/site-packages/airflow/example_dags/tutorial.py
[2024-04-30 16:23:37,294] {logging_mixin.py:104} INFO - [2024-04-30 16:23:37,294] {dag.py:1824} INFO - Sync 1 DAGs
[2024-04-30 16:23:37,314] {logging_mixin.py:104} INFO - [2024-04-30 16:23:37,313] {dag.py:2280} INFO - Setting next_dagrun for tutorial to 2024-04-28 00:00:00+00:00
[2024-04-30 16:23:37,326] {scheduler_job.py:190} INFO - Processing /home/airflow/.local/lib/python3.6/site-packages/airflow/example_dags/tutorial.py took 0.073 seconds
[2024-04-30 16:24:07,944] {scheduler_job.py:182} INFO - Started process (PID=1038) to work on /home/airflow/.local/lib/python3.6/site-packages/airflow/example_dags/tutorial.py
[2024-04-30 16:24:07,945] {scheduler_job.py:629} INFO - Processing file /home/airflow/.local/lib/python3.6/site-packages/airflow/example_dags/tutorial.py for tasks to queue
[2024-04-30 16:24:07,946] {logging_mixin.py:104} INFO - [2024-04-30 16:24:07,946] {dagbag.py:451} INFO - Filling up the DagBag from /home/airflow/.local/lib/python3.6/site-packages/airflow/example_dags/tutorial.py
[2024-04-30 16:24:07,955] {scheduler_job.py:639} INFO - DAG(s) dict_keys(['tutorial']) retrieved from /home/airflow/.local/lib/python3.6/site-packages/airflow/example_dags/tutorial.py
[2024-04-30 16:24:07,976] {logging_mixin.py:104} INFO - [2024-04-30 16:24:07,976] {dag.py:1824} INFO - Sync 1 DAGs
[2024-04-30 16:24:07,994] {logging_mixin.py:104} INFO - [2024-04-30 16:24:07,994] {dag.py:2280} INFO - Setting next_dagrun for tutorial to 2024-04-28 00:00:00+00:00
[2024-04-30 16:24:08,009] {scheduler_job.py:190} INFO - Processing /home/airflow/.local/lib/python3.6/site-packages/airflow/example_dags/tutorial.py took 0.069 seconds
[2024-04-30 16:24:38,441] {scheduler_job.py:182} INFO - Started process (PID=1070) to work on /home/airflow/.local/lib/python3.6/site-packages/airflow/example_dags/tutorial.py
[2024-04-30 16:24:38,443] {scheduler_job.py:629} INFO - Processing file /home/airflow/.local/lib/python3.6/site-packages/airflow/example_dags/tutorial.py for tasks to queue
[2024-04-30 16:24:38,443] {logging_mixin.py:104} INFO - [2024-04-30 16:24:38,443] {dagbag.py:451} INFO - Filling up the DagBag from /home/airflow/.local/lib/python3.6/site-packages/airflow/example_dags/tutorial.py
[2024-04-30 16:24:38,455] {scheduler_job.py:639} INFO - DAG(s) dict_keys(['tutorial']) retrieved from /home/airflow/.local/lib/python3.6/site-packages/airflow/example_dags/tutorial.py
[2024-04-30 16:24:38,480] {logging_mixin.py:104} INFO - [2024-04-30 16:24:38,480] {dag.py:1824} INFO - Sync 1 DAGs
[2024-04-30 16:24:38,499] {logging_mixin.py:104} INFO - [2024-04-30 16:24:38,499] {dag.py:2280} INFO - Setting next_dagrun for tutorial to 2024-04-28 00:00:00+00:00
[2024-04-30 16:24:38,509] {scheduler_job.py:190} INFO - Processing /home/airflow/.local/lib/python3.6/site-packages/airflow/example_dags/tutorial.py took 0.071 seconds
[2024-04-30 16:25:09,158] {scheduler_job.py:182} INFO - Started process (PID=1102) to work on /home/airflow/.local/lib/python3.6/site-packages/airflow/example_dags/tutorial.py
[2024-04-30 16:25:09,159] {scheduler_job.py:629} INFO - Processing file /home/airflow/.local/lib/python3.6/site-packages/airflow/example_dags/tutorial.py for tasks to queue
[2024-04-30 16:25:09,160] {logging_mixin.py:104} INFO - [2024-04-30 16:25:09,160] {dagbag.py:451} INFO - Filling up the DagBag from /home/airflow/.local/lib/python3.6/site-packages/airflow/example_dags/tutorial.py
[2024-04-30 16:25:09,174] {scheduler_job.py:639} INFO - DAG(s) dict_keys(['tutorial']) retrieved from /home/airflow/.local/lib/python3.6/site-packages/airflow/example_dags/tutorial.py
[2024-04-30 16:25:09,197] {logging_mixin.py:104} INFO - [2024-04-30 16:25:09,197] {dag.py:1824} INFO - Sync 1 DAGs
[2024-04-30 16:25:09,214] {logging_mixin.py:104} INFO - [2024-04-30 16:25:09,214] {dag.py:2280} INFO - Setting next_dagrun for tutorial to 2024-04-28 00:00:00+00:00
[2024-04-30 16:25:09,225] {scheduler_job.py:190} INFO - Processing /home/airflow/.local/lib/python3.6/site-packages/airflow/example_dags/tutorial.py took 0.070 seconds
[2024-04-30 16:25:39,804] {scheduler_job.py:182} INFO - Started process (PID=1134) to work on /home/airflow/.local/lib/python3.6/site-packages/airflow/example_dags/tutorial.py
[2024-04-30 16:25:39,806] {scheduler_job.py:629} INFO - Processing file /home/airflow/.local/lib/python3.6/site-packages/airflow/example_dags/tutorial.py for tasks to queue
[2024-04-30 16:25:39,807] {logging_mixin.py:104} INFO - [2024-04-30 16:25:39,807] {dagbag.py:451} INFO - Filling up the DagBag from /home/airflow/.local/lib/python3.6/site-packages/airflow/example_dags/tutorial.py
[2024-04-30 16:25:39,818] {scheduler_job.py:639} INFO - DAG(s) dict_keys(['tutorial']) retrieved from /home/airflow/.local/lib/python3.6/site-packages/airflow/example_dags/tutorial.py
[2024-04-30 16:25:39,841] {logging_mixin.py:104} INFO - [2024-04-30 16:25:39,841] {dag.py:1824} INFO - Sync 1 DAGs
[2024-04-30 16:25:39,865] {logging_mixin.py:104} INFO - [2024-04-30 16:25:39,864] {dag.py:2280} INFO - Setting next_dagrun for tutorial to 2024-04-28 00:00:00+00:00
[2024-04-30 16:25:39,874] {scheduler_job.py:190} INFO - Processing /home/airflow/.local/lib/python3.6/site-packages/airflow/example_dags/tutorial.py took 0.072 seconds
[2024-04-30 16:26:10,267] {scheduler_job.py:182} INFO - Started process (PID=1166) to work on /home/airflow/.local/lib/python3.6/site-packages/airflow/example_dags/tutorial.py
[2024-04-30 16:26:10,268] {scheduler_job.py:629} INFO - Processing file /home/airflow/.local/lib/python3.6/site-packages/airflow/example_dags/tutorial.py for tasks to queue
[2024-04-30 16:26:10,269] {logging_mixin.py:104} INFO - [2024-04-30 16:26:10,269] {dagbag.py:451} INFO - Filling up the DagBag from /home/airflow/.local/lib/python3.6/site-packages/airflow/example_dags/tutorial.py
[2024-04-30 16:26:10,280] {scheduler_job.py:639} INFO - DAG(s) dict_keys(['tutorial']) retrieved from /home/airflow/.local/lib/python3.6/site-packages/airflow/example_dags/tutorial.py
[2024-04-30 16:26:10,303] {logging_mixin.py:104} INFO - [2024-04-30 16:26:10,303] {dag.py:1824} INFO - Sync 1 DAGs
[2024-04-30 16:26:10,318] {logging_mixin.py:104} INFO - [2024-04-30 16:26:10,317] {dag.py:2280} INFO - Setting next_dagrun for tutorial to 2024-04-28 00:00:00+00:00
[2024-04-30 16:26:10,329] {scheduler_job.py:190} INFO - Processing /home/airflow/.local/lib/python3.6/site-packages/airflow/example_dags/tutorial.py took 0.065 seconds
[2024-04-30 16:26:40,701] {scheduler_job.py:182} INFO - Started process (PID=1198) to work on /home/airflow/.local/lib/python3.6/site-packages/airflow/example_dags/tutorial.py
[2024-04-30 16:26:40,704] {scheduler_job.py:629} INFO - Processing file /home/airflow/.local/lib/python3.6/site-packages/airflow/example_dags/tutorial.py for tasks to queue
[2024-04-30 16:26:40,705] {logging_mixin.py:104} INFO - [2024-04-30 16:26:40,705] {dagbag.py:451} INFO - Filling up the DagBag from /home/airflow/.local/lib/python3.6/site-packages/airflow/example_dags/tutorial.py
[2024-04-30 16:26:40,713] {scheduler_job.py:639} INFO - DAG(s) dict_keys(['tutorial']) retrieved from /home/airflow/.local/lib/python3.6/site-packages/airflow/example_dags/tutorial.py
[2024-04-30 16:26:40,734] {logging_mixin.py:104} INFO - [2024-04-30 16:26:40,734] {dag.py:1824} INFO - Sync 1 DAGs
[2024-04-30 16:26:40,750] {logging_mixin.py:104} INFO - [2024-04-30 16:26:40,749] {dag.py:2280} INFO - Setting next_dagrun for tutorial to 2024-04-28 00:00:00+00:00
[2024-04-30 16:26:40,760] {scheduler_job.py:190} INFO - Processing /home/airflow/.local/lib/python3.6/site-packages/airflow/example_dags/tutorial.py took 0.062 seconds
[2024-04-30 16:27:11,253] {scheduler_job.py:182} INFO - Started process (PID=1230) to work on /home/airflow/.local/lib/python3.6/site-packages/airflow/example_dags/tutorial.py
[2024-04-30 16:27:11,255] {scheduler_job.py:629} INFO - Processing file /home/airflow/.local/lib/python3.6/site-packages/airflow/example_dags/tutorial.py for tasks to queue
[2024-04-30 16:27:11,256] {logging_mixin.py:104} INFO - [2024-04-30 16:27:11,255] {dagbag.py:451} INFO - Filling up the DagBag from /home/airflow/.local/lib/python3.6/site-packages/airflow/example_dags/tutorial.py
[2024-04-30 16:27:11,265] {scheduler_job.py:639} INFO - DAG(s) dict_keys(['tutorial']) retrieved from /home/airflow/.local/lib/python3.6/site-packages/airflow/example_dags/tutorial.py
[2024-04-30 16:27:11,288] {logging_mixin.py:104} INFO - [2024-04-30 16:27:11,287] {dag.py:1824} INFO - Sync 1 DAGs
[2024-04-30 16:27:11,303] {logging_mixin.py:104} INFO - [2024-04-30 16:27:11,303] {dag.py:2280} INFO - Setting next_dagrun for tutorial to 2024-04-28 00:00:00+00:00
[2024-04-30 16:27:11,313] {scheduler_job.py:190} INFO - Processing /home/airflow/.local/lib/python3.6/site-packages/airflow/example_dags/tutorial.py took 0.063 seconds
[2024-04-30 16:27:41,764] {scheduler_job.py:182} INFO - Started process (PID=1262) to work on /home/airflow/.local/lib/python3.6/site-packages/airflow/example_dags/tutorial.py
[2024-04-30 16:27:41,765] {scheduler_job.py:629} INFO - Processing file /home/airflow/.local/lib/python3.6/site-packages/airflow/example_dags/tutorial.py for tasks to queue
[2024-04-30 16:27:41,766] {logging_mixin.py:104} INFO - [2024-04-30 16:27:41,765] {dagbag.py:451} INFO - Filling up the DagBag from /home/airflow/.local/lib/python3.6/site-packages/airflow/example_dags/tutorial.py
[2024-04-30 16:27:41,775] {scheduler_job.py:639} INFO - DAG(s) dict_keys(['tutorial']) retrieved from /home/airflow/.local/lib/python3.6/site-packages/airflow/example_dags/tutorial.py
[2024-04-30 16:27:41,797] {logging_mixin.py:104} INFO - [2024-04-30 16:27:41,797] {dag.py:1824} INFO - Sync 1 DAGs
[2024-04-30 16:27:41,812] {logging_mixin.py:104} INFO - [2024-04-30 16:27:41,812] {dag.py:2280} INFO - Setting next_dagrun for tutorial to 2024-04-28 00:00:00+00:00
[2024-04-30 16:27:41,823] {scheduler_job.py:190} INFO - Processing /home/airflow/.local/lib/python3.6/site-packages/airflow/example_dags/tutorial.py took 0.063 seconds
[2024-04-30 16:28:12,276] {scheduler_job.py:182} INFO - Started process (PID=1294) to work on /home/airflow/.local/lib/python3.6/site-packages/airflow/example_dags/tutorial.py
[2024-04-30 16:28:12,277] {scheduler_job.py:629} INFO - Processing file /home/airflow/.local/lib/python3.6/site-packages/airflow/example_dags/tutorial.py for tasks to queue
[2024-04-30 16:28:12,278] {logging_mixin.py:104} INFO - [2024-04-30 16:28:12,278] {dagbag.py:451} INFO - Filling up the DagBag from /home/airflow/.local/lib/python3.6/site-packages/airflow/example_dags/tutorial.py
[2024-04-30 16:28:12,289] {scheduler_job.py:639} INFO - DAG(s) dict_keys(['tutorial']) retrieved from /home/airflow/.local/lib/python3.6/site-packages/airflow/example_dags/tutorial.py
[2024-04-30 16:28:12,319] {logging_mixin.py:104} INFO - [2024-04-30 16:28:12,319] {dag.py:1824} INFO - Sync 1 DAGs
[2024-04-30 16:28:12,333] {logging_mixin.py:104} INFO - [2024-04-30 16:28:12,333] {dag.py:2280} INFO - Setting next_dagrun for tutorial to 2024-04-28 00:00:00+00:00
[2024-04-30 16:28:12,343] {scheduler_job.py:190} INFO - Processing /home/airflow/.local/lib/python3.6/site-packages/airflow/example_dags/tutorial.py took 0.070 seconds
[2024-04-30 16:28:42,875] {scheduler_job.py:182} INFO - Started process (PID=1326) to work on /home/airflow/.local/lib/python3.6/site-packages/airflow/example_dags/tutorial.py
[2024-04-30 16:28:42,876] {scheduler_job.py:629} INFO - Processing file /home/airflow/.local/lib/python3.6/site-packages/airflow/example_dags/tutorial.py for tasks to queue
[2024-04-30 16:28:42,877] {logging_mixin.py:104} INFO - [2024-04-30 16:28:42,877] {dagbag.py:451} INFO - Filling up the DagBag from /home/airflow/.local/lib/python3.6/site-packages/airflow/example_dags/tutorial.py
[2024-04-30 16:28:42,886] {scheduler_job.py:639} INFO - DAG(s) dict_keys(['tutorial']) retrieved from /home/airflow/.local/lib/python3.6/site-packages/airflow/example_dags/tutorial.py
[2024-04-30 16:28:42,908] {logging_mixin.py:104} INFO - [2024-04-30 16:28:42,908] {dag.py:1824} INFO - Sync 1 DAGs
[2024-04-30 16:28:42,923] {logging_mixin.py:104} INFO - [2024-04-30 16:28:42,923] {dag.py:2280} INFO - Setting next_dagrun for tutorial to 2024-04-28 00:00:00+00:00
[2024-04-30 16:28:42,934] {scheduler_job.py:190} INFO - Processing /home/airflow/.local/lib/python3.6/site-packages/airflow/example_dags/tutorial.py took 0.062 seconds
[2024-04-30 16:29:13,414] {scheduler_job.py:182} INFO - Started process (PID=1358) to work on /home/airflow/.local/lib/python3.6/site-packages/airflow/example_dags/tutorial.py
[2024-04-30 16:29:13,416] {scheduler_job.py:629} INFO - Processing file /home/airflow/.local/lib/python3.6/site-packages/airflow/example_dags/tutorial.py for tasks to queue
[2024-04-30 16:29:13,416] {logging_mixin.py:104} INFO - [2024-04-30 16:29:13,416] {dagbag.py:451} INFO - Filling up the DagBag from /home/airflow/.local/lib/python3.6/site-packages/airflow/example_dags/tutorial.py
[2024-04-30 16:29:13,426] {scheduler_job.py:639} INFO - DAG(s) dict_keys(['tutorial']) retrieved from /home/airflow/.local/lib/python3.6/site-packages/airflow/example_dags/tutorial.py
[2024-04-30 16:29:13,447] {logging_mixin.py:104} INFO - [2024-04-30 16:29:13,447] {dag.py:1824} INFO - Sync 1 DAGs
[2024-04-30 16:29:13,463] {logging_mixin.py:104} INFO - [2024-04-30 16:29:13,463] {dag.py:2280} INFO - Setting next_dagrun for tutorial to 2024-04-28 00:00:00+00:00
[2024-04-30 16:29:13,477] {scheduler_job.py:190} INFO - Processing /home/airflow/.local/lib/python3.6/site-packages/airflow/example_dags/tutorial.py took 0.065 seconds
[2024-04-30 16:29:44,039] {scheduler_job.py:182} INFO - Started process (PID=1390) to work on /home/airflow/.local/lib/python3.6/site-packages/airflow/example_dags/tutorial.py
[2024-04-30 16:29:44,040] {scheduler_job.py:629} INFO - Processing file /home/airflow/.local/lib/python3.6/site-packages/airflow/example_dags/tutorial.py for tasks to queue
[2024-04-30 16:29:44,041] {logging_mixin.py:104} INFO - [2024-04-30 16:29:44,041] {dagbag.py:451} INFO - Filling up the DagBag from /home/airflow/.local/lib/python3.6/site-packages/airflow/example_dags/tutorial.py
[2024-04-30 16:29:44,051] {scheduler_job.py:639} INFO - DAG(s) dict_keys(['tutorial']) retrieved from /home/airflow/.local/lib/python3.6/site-packages/airflow/example_dags/tutorial.py
[2024-04-30 16:29:44,072] {logging_mixin.py:104} INFO - [2024-04-30 16:29:44,072] {dag.py:1824} INFO - Sync 1 DAGs
[2024-04-30 16:29:44,089] {logging_mixin.py:104} INFO - [2024-04-30 16:29:44,089] {dag.py:2280} INFO - Setting next_dagrun for tutorial to 2024-04-28 00:00:00+00:00
[2024-04-30 16:29:44,099] {scheduler_job.py:190} INFO - Processing /home/airflow/.local/lib/python3.6/site-packages/airflow/example_dags/tutorial.py took 0.064 seconds
[2024-04-30 16:30:14,469] {scheduler_job.py:182} INFO - Started process (PID=1422) to work on /home/airflow/.local/lib/python3.6/site-packages/airflow/example_dags/tutorial.py
[2024-04-30 16:30:14,470] {scheduler_job.py:629} INFO - Processing file /home/airflow/.local/lib/python3.6/site-packages/airflow/example_dags/tutorial.py for tasks to queue
[2024-04-30 16:30:14,471] {logging_mixin.py:104} INFO - [2024-04-30 16:30:14,471] {dagbag.py:451} INFO - Filling up the DagBag from /home/airflow/.local/lib/python3.6/site-packages/airflow/example_dags/tutorial.py
[2024-04-30 16:30:14,484] {scheduler_job.py:639} INFO - DAG(s) dict_keys(['tutorial']) retrieved from /home/airflow/.local/lib/python3.6/site-packages/airflow/example_dags/tutorial.py
[2024-04-30 16:30:14,505] {logging_mixin.py:104} INFO - [2024-04-30 16:30:14,505] {dag.py:1824} INFO - Sync 1 DAGs
[2024-04-30 16:30:14,519] {logging_mixin.py:104} INFO - [2024-04-30 16:30:14,519] {dag.py:2280} INFO - Setting next_dagrun for tutorial to 2024-04-28 00:00:00+00:00
[2024-04-30 16:30:14,529] {scheduler_job.py:190} INFO - Processing /home/airflow/.local/lib/python3.6/site-packages/airflow/example_dags/tutorial.py took 0.063 seconds
[2024-04-30 16:30:45,365] {scheduler_job.py:182} INFO - Started process (PID=1454) to work on /home/airflow/.local/lib/python3.6/site-packages/airflow/example_dags/tutorial.py
[2024-04-30 16:30:45,367] {scheduler_job.py:629} INFO - Processing file /home/airflow/.local/lib/python3.6/site-packages/airflow/example_dags/tutorial.py for tasks to queue
[2024-04-30 16:30:45,368] {logging_mixin.py:104} INFO - [2024-04-30 16:30:45,367] {dagbag.py:451} INFO - Filling up the DagBag from /home/airflow/.local/lib/python3.6/site-packages/airflow/example_dags/tutorial.py
[2024-04-30 16:30:45,378] {scheduler_job.py:639} INFO - DAG(s) dict_keys(['tutorial']) retrieved from /home/airflow/.local/lib/python3.6/site-packages/airflow/example_dags/tutorial.py
[2024-04-30 16:30:45,403] {logging_mixin.py:104} INFO - [2024-04-30 16:30:45,403] {dag.py:1824} INFO - Sync 1 DAGs
[2024-04-30 16:30:45,427] {logging_mixin.py:104} INFO - [2024-04-30 16:30:45,427] {dag.py:2280} INFO - Setting next_dagrun for tutorial to 2024-04-28 00:00:00+00:00
[2024-04-30 16:30:45,440] {scheduler_job.py:190} INFO - Processing /home/airflow/.local/lib/python3.6/site-packages/airflow/example_dags/tutorial.py took 0.080 seconds
[2024-04-30 16:31:16,042] {scheduler_job.py:182} INFO - Started process (PID=1486) to work on /home/airflow/.local/lib/python3.6/site-packages/airflow/example_dags/tutorial.py
[2024-04-30 16:31:16,045] {scheduler_job.py:629} INFO - Processing file /home/airflow/.local/lib/python3.6/site-packages/airflow/example_dags/tutorial.py for tasks to queue
[2024-04-30 16:31:16,048] {logging_mixin.py:104} INFO - [2024-04-30 16:31:16,048] {dagbag.py:451} INFO - Filling up the DagBag from /home/airflow/.local/lib/python3.6/site-packages/airflow/example_dags/tutorial.py
[2024-04-30 16:31:16,078] {scheduler_job.py:639} INFO - DAG(s) dict_keys(['tutorial']) retrieved from /home/airflow/.local/lib/python3.6/site-packages/airflow/example_dags/tutorial.py
[2024-04-30 16:31:16,146] {logging_mixin.py:104} INFO - [2024-04-30 16:31:16,146] {dag.py:1824} INFO - Sync 1 DAGs
[2024-04-30 16:31:16,193] {logging_mixin.py:104} INFO - [2024-04-30 16:31:16,193] {dag.py:2280} INFO - Setting next_dagrun for tutorial to 2024-04-28 00:00:00+00:00
[2024-04-30 16:31:16,231] {scheduler_job.py:190} INFO - Processing /home/airflow/.local/lib/python3.6/site-packages/airflow/example_dags/tutorial.py took 0.202 seconds
[2024-04-30 16:31:46,975] {scheduler_job.py:182} INFO - Started process (PID=1518) to work on /home/airflow/.local/lib/python3.6/site-packages/airflow/example_dags/tutorial.py
[2024-04-30 16:31:46,978] {scheduler_job.py:629} INFO - Processing file /home/airflow/.local/lib/python3.6/site-packages/airflow/example_dags/tutorial.py for tasks to queue
[2024-04-30 16:31:46,979] {logging_mixin.py:104} INFO - [2024-04-30 16:31:46,979] {dagbag.py:451} INFO - Filling up the DagBag from /home/airflow/.local/lib/python3.6/site-packages/airflow/example_dags/tutorial.py
[2024-04-30 16:31:46,989] {scheduler_job.py:639} INFO - DAG(s) dict_keys(['tutorial']) retrieved from /home/airflow/.local/lib/python3.6/site-packages/airflow/example_dags/tutorial.py
[2024-04-30 16:31:47,013] {logging_mixin.py:104} INFO - [2024-04-30 16:31:47,013] {dag.py:1824} INFO - Sync 1 DAGs
[2024-04-30 16:31:47,032] {logging_mixin.py:104} INFO - [2024-04-30 16:31:47,032] {dag.py:2280} INFO - Setting next_dagrun for tutorial to 2024-04-28 00:00:00+00:00
[2024-04-30 16:31:47,043] {scheduler_job.py:190} INFO - Processing /home/airflow/.local/lib/python3.6/site-packages/airflow/example_dags/tutorial.py took 0.071 seconds
[2024-04-30 16:32:17,341] {scheduler_job.py:182} INFO - Started process (PID=1550) to work on /home/airflow/.local/lib/python3.6/site-packages/airflow/example_dags/tutorial.py
[2024-04-30 16:32:17,343] {scheduler_job.py:629} INFO - Processing file /home/airflow/.local/lib/python3.6/site-packages/airflow/example_dags/tutorial.py for tasks to queue
[2024-04-30 16:32:17,344] {logging_mixin.py:104} INFO - [2024-04-30 16:32:17,344] {dagbag.py:451} INFO - Filling up the DagBag from /home/airflow/.local/lib/python3.6/site-packages/airflow/example_dags/tutorial.py
[2024-04-30 16:32:17,355] {scheduler_job.py:639} INFO - DAG(s) dict_keys(['tutorial']) retrieved from /home/airflow/.local/lib/python3.6/site-packages/airflow/example_dags/tutorial.py
[2024-04-30 16:32:17,378] {logging_mixin.py:104} INFO - [2024-04-30 16:32:17,378] {dag.py:1824} INFO - Sync 1 DAGs
[2024-04-30 16:32:17,394] {logging_mixin.py:104} INFO - [2024-04-30 16:32:17,394] {dag.py:2280} INFO - Setting next_dagrun for tutorial to 2024-04-28 00:00:00+00:00
[2024-04-30 16:32:17,405] {scheduler_job.py:190} INFO - Processing /home/airflow/.local/lib/python3.6/site-packages/airflow/example_dags/tutorial.py took 0.067 seconds
[2024-04-30 16:32:47,923] {scheduler_job.py:182} INFO - Started process (PID=1582) to work on /home/airflow/.local/lib/python3.6/site-packages/airflow/example_dags/tutorial.py
[2024-04-30 16:32:47,924] {scheduler_job.py:629} INFO - Processing file /home/airflow/.local/lib/python3.6/site-packages/airflow/example_dags/tutorial.py for tasks to queue
[2024-04-30 16:32:47,925] {logging_mixin.py:104} INFO - [2024-04-30 16:32:47,925] {dagbag.py:451} INFO - Filling up the DagBag from /home/airflow/.local/lib/python3.6/site-packages/airflow/example_dags/tutorial.py
[2024-04-30 16:32:47,937] {scheduler_job.py:639} INFO - DAG(s) dict_keys(['tutorial']) retrieved from /home/airflow/.local/lib/python3.6/site-packages/airflow/example_dags/tutorial.py
[2024-04-30 16:32:47,959] {logging_mixin.py:104} INFO - [2024-04-30 16:32:47,959] {dag.py:1824} INFO - Sync 1 DAGs
[2024-04-30 16:32:47,974] {logging_mixin.py:104} INFO - [2024-04-30 16:32:47,974] {dag.py:2280} INFO - Setting next_dagrun for tutorial to 2024-04-28 00:00:00+00:00
[2024-04-30 16:32:47,984] {scheduler_job.py:190} INFO - Processing /home/airflow/.local/lib/python3.6/site-packages/airflow/example_dags/tutorial.py took 0.065 seconds
[2024-04-30 16:33:18,578] {scheduler_job.py:182} INFO - Started process (PID=1614) to work on /home/airflow/.local/lib/python3.6/site-packages/airflow/example_dags/tutorial.py
[2024-04-30 16:33:18,579] {scheduler_job.py:629} INFO - Processing file /home/airflow/.local/lib/python3.6/site-packages/airflow/example_dags/tutorial.py for tasks to queue
[2024-04-30 16:33:18,580] {logging_mixin.py:104} INFO - [2024-04-30 16:33:18,580] {dagbag.py:451} INFO - Filling up the DagBag from /home/airflow/.local/lib/python3.6/site-packages/airflow/example_dags/tutorial.py
[2024-04-30 16:33:18,589] {scheduler_job.py:639} INFO - DAG(s) dict_keys(['tutorial']) retrieved from /home/airflow/.local/lib/python3.6/site-packages/airflow/example_dags/tutorial.py
[2024-04-30 16:33:18,611] {logging_mixin.py:104} INFO - [2024-04-30 16:33:18,611] {dag.py:1824} INFO - Sync 1 DAGs
[2024-04-30 16:33:18,626] {logging_mixin.py:104} INFO - [2024-04-30 16:33:18,626] {dag.py:2280} INFO - Setting next_dagrun for tutorial to 2024-04-28 00:00:00+00:00
[2024-04-30 16:33:18,636] {scheduler_job.py:190} INFO - Processing /home/airflow/.local/lib/python3.6/site-packages/airflow/example_dags/tutorial.py took 0.060 seconds
[2024-04-30 16:33:49,121] {scheduler_job.py:182} INFO - Started process (PID=1646) to work on /home/airflow/.local/lib/python3.6/site-packages/airflow/example_dags/tutorial.py
[2024-04-30 16:33:49,122] {scheduler_job.py:629} INFO - Processing file /home/airflow/.local/lib/python3.6/site-packages/airflow/example_dags/tutorial.py for tasks to queue
[2024-04-30 16:33:49,123] {logging_mixin.py:104} INFO - [2024-04-30 16:33:49,122] {dagbag.py:451} INFO - Filling up the DagBag from /home/airflow/.local/lib/python3.6/site-packages/airflow/example_dags/tutorial.py
[2024-04-30 16:33:49,132] {scheduler_job.py:639} INFO - DAG(s) dict_keys(['tutorial']) retrieved from /home/airflow/.local/lib/python3.6/site-packages/airflow/example_dags/tutorial.py
[2024-04-30 16:33:49,154] {logging_mixin.py:104} INFO - [2024-04-30 16:33:49,154] {dag.py:1824} INFO - Sync 1 DAGs
[2024-04-30 16:33:49,170] {logging_mixin.py:104} INFO - [2024-04-30 16:33:49,170] {dag.py:2280} INFO - Setting next_dagrun for tutorial to 2024-04-28 00:00:00+00:00
[2024-04-30 16:33:49,180] {scheduler_job.py:190} INFO - Processing /home/airflow/.local/lib/python3.6/site-packages/airflow/example_dags/tutorial.py took 0.062 seconds
[2024-04-30 16:34:19,781] {scheduler_job.py:182} INFO - Started process (PID=1678) to work on /home/airflow/.local/lib/python3.6/site-packages/airflow/example_dags/tutorial.py
[2024-04-30 16:34:19,783] {scheduler_job.py:629} INFO - Processing file /home/airflow/.local/lib/python3.6/site-packages/airflow/example_dags/tutorial.py for tasks to queue
[2024-04-30 16:34:19,784] {logging_mixin.py:104} INFO - [2024-04-30 16:34:19,783] {dagbag.py:451} INFO - Filling up the DagBag from /home/airflow/.local/lib/python3.6/site-packages/airflow/example_dags/tutorial.py
[2024-04-30 16:34:19,793] {scheduler_job.py:639} INFO - DAG(s) dict_keys(['tutorial']) retrieved from /home/airflow/.local/lib/python3.6/site-packages/airflow/example_dags/tutorial.py
[2024-04-30 16:34:19,815] {logging_mixin.py:104} INFO - [2024-04-30 16:34:19,815] {dag.py:1824} INFO - Sync 1 DAGs
[2024-04-30 16:34:19,831] {logging_mixin.py:104} INFO - [2024-04-30 16:34:19,830] {dag.py:2280} INFO - Setting next_dagrun for tutorial to 2024-04-28 00:00:00+00:00
[2024-04-30 16:34:19,842] {scheduler_job.py:190} INFO - Processing /home/airflow/.local/lib/python3.6/site-packages/airflow/example_dags/tutorial.py took 0.063 seconds
[2024-04-30 16:34:50,407] {scheduler_job.py:182} INFO - Started process (PID=1710) to work on /home/airflow/.local/lib/python3.6/site-packages/airflow/example_dags/tutorial.py
[2024-04-30 16:34:50,408] {scheduler_job.py:629} INFO - Processing file /home/airflow/.local/lib/python3.6/site-packages/airflow/example_dags/tutorial.py for tasks to queue
[2024-04-30 16:34:50,409] {logging_mixin.py:104} INFO - [2024-04-30 16:34:50,409] {dagbag.py:451} INFO - Filling up the DagBag from /home/airflow/.local/lib/python3.6/site-packages/airflow/example_dags/tutorial.py
[2024-04-30 16:34:50,419] {scheduler_job.py:639} INFO - DAG(s) dict_keys(['tutorial']) retrieved from /home/airflow/.local/lib/python3.6/site-packages/airflow/example_dags/tutorial.py
[2024-04-30 16:34:50,440] {logging_mixin.py:104} INFO - [2024-04-30 16:34:50,440] {dag.py:1824} INFO - Sync 1 DAGs
[2024-04-30 16:34:50,455] {logging_mixin.py:104} INFO - [2024-04-30 16:34:50,454] {dag.py:2280} INFO - Setting next_dagrun for tutorial to 2024-04-28 00:00:00+00:00
[2024-04-30 16:34:50,465] {scheduler_job.py:190} INFO - Processing /home/airflow/.local/lib/python3.6/site-packages/airflow/example_dags/tutorial.py took 0.061 seconds
[2024-04-30 16:35:21,002] {scheduler_job.py:182} INFO - Started process (PID=1742) to work on /home/airflow/.local/lib/python3.6/site-packages/airflow/example_dags/tutorial.py
[2024-04-30 16:35:21,003] {scheduler_job.py:629} INFO - Processing file /home/airflow/.local/lib/python3.6/site-packages/airflow/example_dags/tutorial.py for tasks to queue
[2024-04-30 16:35:21,004] {logging_mixin.py:104} INFO - [2024-04-30 16:35:21,004] {dagbag.py:451} INFO - Filling up the DagBag from /home/airflow/.local/lib/python3.6/site-packages/airflow/example_dags/tutorial.py
[2024-04-30 16:35:21,013] {scheduler_job.py:639} INFO - DAG(s) dict_keys(['tutorial']) retrieved from /home/airflow/.local/lib/python3.6/site-packages/airflow/example_dags/tutorial.py
[2024-04-30 16:35:21,033] {logging_mixin.py:104} INFO - [2024-04-30 16:35:21,033] {dag.py:1824} INFO - Sync 1 DAGs
[2024-04-30 16:35:21,049] {logging_mixin.py:104} INFO - [2024-04-30 16:35:21,049] {dag.py:2280} INFO - Setting next_dagrun for tutorial to 2024-04-28 00:00:00+00:00
[2024-04-30 16:35:21,058] {scheduler_job.py:190} INFO - Processing /home/airflow/.local/lib/python3.6/site-packages/airflow/example_dags/tutorial.py took 0.059 seconds
[2024-04-30 16:35:51,510] {scheduler_job.py:182} INFO - Started process (PID=1774) to work on /home/airflow/.local/lib/python3.6/site-packages/airflow/example_dags/tutorial.py
[2024-04-30 16:35:51,511] {scheduler_job.py:629} INFO - Processing file /home/airflow/.local/lib/python3.6/site-packages/airflow/example_dags/tutorial.py for tasks to queue
[2024-04-30 16:35:51,512] {logging_mixin.py:104} INFO - [2024-04-30 16:35:51,512] {dagbag.py:451} INFO - Filling up the DagBag from /home/airflow/.local/lib/python3.6/site-packages/airflow/example_dags/tutorial.py
[2024-04-30 16:35:51,522] {scheduler_job.py:639} INFO - DAG(s) dict_keys(['tutorial']) retrieved from /home/airflow/.local/lib/python3.6/site-packages/airflow/example_dags/tutorial.py
[2024-04-30 16:35:51,543] {logging_mixin.py:104} INFO - [2024-04-30 16:35:51,543] {dag.py:1824} INFO - Sync 1 DAGs
[2024-04-30 16:35:51,558] {logging_mixin.py:104} INFO - [2024-04-30 16:35:51,558] {dag.py:2280} INFO - Setting next_dagrun for tutorial to 2024-04-28 00:00:00+00:00
[2024-04-30 16:35:51,568] {scheduler_job.py:190} INFO - Processing /home/airflow/.local/lib/python3.6/site-packages/airflow/example_dags/tutorial.py took 0.062 seconds
[2024-04-30 16:36:22,034] {scheduler_job.py:182} INFO - Started process (PID=1806) to work on /home/airflow/.local/lib/python3.6/site-packages/airflow/example_dags/tutorial.py
[2024-04-30 16:36:22,035] {scheduler_job.py:629} INFO - Processing file /home/airflow/.local/lib/python3.6/site-packages/airflow/example_dags/tutorial.py for tasks to queue
[2024-04-30 16:36:22,035] {logging_mixin.py:104} INFO - [2024-04-30 16:36:22,035] {dagbag.py:451} INFO - Filling up the DagBag from /home/airflow/.local/lib/python3.6/site-packages/airflow/example_dags/tutorial.py
[2024-04-30 16:36:22,044] {scheduler_job.py:639} INFO - DAG(s) dict_keys(['tutorial']) retrieved from /home/airflow/.local/lib/python3.6/site-packages/airflow/example_dags/tutorial.py
[2024-04-30 16:36:22,067] {logging_mixin.py:104} INFO - [2024-04-30 16:36:22,067] {dag.py:1824} INFO - Sync 1 DAGs
[2024-04-30 16:36:22,082] {logging_mixin.py:104} INFO - [2024-04-30 16:36:22,082] {dag.py:2280} INFO - Setting next_dagrun for tutorial to 2024-04-28 00:00:00+00:00
[2024-04-30 16:36:22,092] {scheduler_job.py:190} INFO - Processing /home/airflow/.local/lib/python3.6/site-packages/airflow/example_dags/tutorial.py took 0.061 seconds
[2024-04-30 16:36:52,584] {scheduler_job.py:182} INFO - Started process (PID=1838) to work on /home/airflow/.local/lib/python3.6/site-packages/airflow/example_dags/tutorial.py
[2024-04-30 16:36:52,586] {scheduler_job.py:629} INFO - Processing file /home/airflow/.local/lib/python3.6/site-packages/airflow/example_dags/tutorial.py for tasks to queue
[2024-04-30 16:36:52,587] {logging_mixin.py:104} INFO - [2024-04-30 16:36:52,587] {dagbag.py:451} INFO - Filling up the DagBag from /home/airflow/.local/lib/python3.6/site-packages/airflow/example_dags/tutorial.py
[2024-04-30 16:36:52,596] {scheduler_job.py:639} INFO - DAG(s) dict_keys(['tutorial']) retrieved from /home/airflow/.local/lib/python3.6/site-packages/airflow/example_dags/tutorial.py
[2024-04-30 16:36:52,618] {logging_mixin.py:104} INFO - [2024-04-30 16:36:52,618] {dag.py:1824} INFO - Sync 1 DAGs
[2024-04-30 16:36:52,633] {logging_mixin.py:104} INFO - [2024-04-30 16:36:52,633] {dag.py:2280} INFO - Setting next_dagrun for tutorial to 2024-04-28 00:00:00+00:00
[2024-04-30 16:36:52,644] {scheduler_job.py:190} INFO - Processing /home/airflow/.local/lib/python3.6/site-packages/airflow/example_dags/tutorial.py took 0.062 seconds
[2024-04-30 16:37:23,249] {scheduler_job.py:182} INFO - Started process (PID=1870) to work on /home/airflow/.local/lib/python3.6/site-packages/airflow/example_dags/tutorial.py
[2024-04-30 16:37:23,250] {scheduler_job.py:629} INFO - Processing file /home/airflow/.local/lib/python3.6/site-packages/airflow/example_dags/tutorial.py for tasks to queue
[2024-04-30 16:37:23,250] {logging_mixin.py:104} INFO - [2024-04-30 16:37:23,250] {dagbag.py:451} INFO - Filling up the DagBag from /home/airflow/.local/lib/python3.6/site-packages/airflow/example_dags/tutorial.py
[2024-04-30 16:37:23,260] {scheduler_job.py:639} INFO - DAG(s) dict_keys(['tutorial']) retrieved from /home/airflow/.local/lib/python3.6/site-packages/airflow/example_dags/tutorial.py
[2024-04-30 16:37:23,282] {logging_mixin.py:104} INFO - [2024-04-30 16:37:23,282] {dag.py:1824} INFO - Sync 1 DAGs
[2024-04-30 16:37:23,297] {logging_mixin.py:104} INFO - [2024-04-30 16:37:23,297] {dag.py:2280} INFO - Setting next_dagrun for tutorial to 2024-04-28 00:00:00+00:00
[2024-04-30 16:37:23,307] {scheduler_job.py:190} INFO - Processing /home/airflow/.local/lib/python3.6/site-packages/airflow/example_dags/tutorial.py took 0.061 seconds
[2024-04-30 16:37:53,674] {scheduler_job.py:182} INFO - Started process (PID=1902) to work on /home/airflow/.local/lib/python3.6/site-packages/airflow/example_dags/tutorial.py
[2024-04-30 16:37:53,675] {scheduler_job.py:629} INFO - Processing file /home/airflow/.local/lib/python3.6/site-packages/airflow/example_dags/tutorial.py for tasks to queue
[2024-04-30 16:37:53,676] {logging_mixin.py:104} INFO - [2024-04-30 16:37:53,676] {dagbag.py:451} INFO - Filling up the DagBag from /home/airflow/.local/lib/python3.6/site-packages/airflow/example_dags/tutorial.py
[2024-04-30 16:37:53,687] {scheduler_job.py:639} INFO - DAG(s) dict_keys(['tutorial']) retrieved from /home/airflow/.local/lib/python3.6/site-packages/airflow/example_dags/tutorial.py
[2024-04-30 16:37:53,709] {logging_mixin.py:104} INFO - [2024-04-30 16:37:53,709] {dag.py:1824} INFO - Sync 1 DAGs
[2024-04-30 16:37:53,725] {logging_mixin.py:104} INFO - [2024-04-30 16:37:53,725] {dag.py:2280} INFO - Setting next_dagrun for tutorial to 2024-04-28 00:00:00+00:00
[2024-04-30 16:37:53,736] {scheduler_job.py:190} INFO - Processing /home/airflow/.local/lib/python3.6/site-packages/airflow/example_dags/tutorial.py took 0.066 seconds
[2024-04-30 16:38:24,132] {scheduler_job.py:182} INFO - Started process (PID=1934) to work on /home/airflow/.local/lib/python3.6/site-packages/airflow/example_dags/tutorial.py
[2024-04-30 16:38:24,133] {scheduler_job.py:629} INFO - Processing file /home/airflow/.local/lib/python3.6/site-packages/airflow/example_dags/tutorial.py for tasks to queue
[2024-04-30 16:38:24,133] {logging_mixin.py:104} INFO - [2024-04-30 16:38:24,133] {dagbag.py:451} INFO - Filling up the DagBag from /home/airflow/.local/lib/python3.6/site-packages/airflow/example_dags/tutorial.py
[2024-04-30 16:38:24,143] {scheduler_job.py:639} INFO - DAG(s) dict_keys(['tutorial']) retrieved from /home/airflow/.local/lib/python3.6/site-packages/airflow/example_dags/tutorial.py
[2024-04-30 16:38:24,164] {logging_mixin.py:104} INFO - [2024-04-30 16:38:24,164] {dag.py:1824} INFO - Sync 1 DAGs
[2024-04-30 16:38:24,179] {logging_mixin.py:104} INFO - [2024-04-30 16:38:24,179] {dag.py:2280} INFO - Setting next_dagrun for tutorial to 2024-04-28 00:00:00+00:00
[2024-04-30 16:38:24,190] {scheduler_job.py:190} INFO - Processing /home/airflow/.local/lib/python3.6/site-packages/airflow/example_dags/tutorial.py took 0.061 seconds
[2024-04-30 16:38:54,697] {scheduler_job.py:182} INFO - Started process (PID=1966) to work on /home/airflow/.local/lib/python3.6/site-packages/airflow/example_dags/tutorial.py
[2024-04-30 16:38:54,698] {scheduler_job.py:629} INFO - Processing file /home/airflow/.local/lib/python3.6/site-packages/airflow/example_dags/tutorial.py for tasks to queue
[2024-04-30 16:38:54,699] {logging_mixin.py:104} INFO - [2024-04-30 16:38:54,699] {dagbag.py:451} INFO - Filling up the DagBag from /home/airflow/.local/lib/python3.6/site-packages/airflow/example_dags/tutorial.py
[2024-04-30 16:38:54,708] {scheduler_job.py:639} INFO - DAG(s) dict_keys(['tutorial']) retrieved from /home/airflow/.local/lib/python3.6/site-packages/airflow/example_dags/tutorial.py
[2024-04-30 16:38:54,731] {logging_mixin.py:104} INFO - [2024-04-30 16:38:54,731] {dag.py:1824} INFO - Sync 1 DAGs
[2024-04-30 16:38:54,746] {logging_mixin.py:104} INFO - [2024-04-30 16:38:54,746] {dag.py:2280} INFO - Setting next_dagrun for tutorial to 2024-04-28 00:00:00+00:00
[2024-04-30 16:38:54,756] {scheduler_job.py:190} INFO - Processing /home/airflow/.local/lib/python3.6/site-packages/airflow/example_dags/tutorial.py took 0.062 seconds
[2024-04-30 16:39:25,279] {scheduler_job.py:182} INFO - Started process (PID=1998) to work on /home/airflow/.local/lib/python3.6/site-packages/airflow/example_dags/tutorial.py
[2024-04-30 16:39:25,280] {scheduler_job.py:629} INFO - Processing file /home/airflow/.local/lib/python3.6/site-packages/airflow/example_dags/tutorial.py for tasks to queue
[2024-04-30 16:39:25,280] {logging_mixin.py:104} INFO - [2024-04-30 16:39:25,280] {dagbag.py:451} INFO - Filling up the DagBag from /home/airflow/.local/lib/python3.6/site-packages/airflow/example_dags/tutorial.py
[2024-04-30 16:39:25,290] {scheduler_job.py:639} INFO - DAG(s) dict_keys(['tutorial']) retrieved from /home/airflow/.local/lib/python3.6/site-packages/airflow/example_dags/tutorial.py
[2024-04-30 16:39:25,312] {logging_mixin.py:104} INFO - [2024-04-30 16:39:25,312] {dag.py:1824} INFO - Sync 1 DAGs
[2024-04-30 16:39:25,327] {logging_mixin.py:104} INFO - [2024-04-30 16:39:25,327] {dag.py:2280} INFO - Setting next_dagrun for tutorial to 2024-04-28 00:00:00+00:00
[2024-04-30 16:39:25,337] {scheduler_job.py:190} INFO - Processing /home/airflow/.local/lib/python3.6/site-packages/airflow/example_dags/tutorial.py took 0.061 seconds
[2024-04-30 16:39:55,891] {scheduler_job.py:182} INFO - Started process (PID=2030) to work on /home/airflow/.local/lib/python3.6/site-packages/airflow/example_dags/tutorial.py
[2024-04-30 16:39:55,892] {scheduler_job.py:629} INFO - Processing file /home/airflow/.local/lib/python3.6/site-packages/airflow/example_dags/tutorial.py for tasks to queue
[2024-04-30 16:39:55,893] {logging_mixin.py:104} INFO - [2024-04-30 16:39:55,893] {dagbag.py:451} INFO - Filling up the DagBag from /home/airflow/.local/lib/python3.6/site-packages/airflow/example_dags/tutorial.py
[2024-04-30 16:39:55,905] {scheduler_job.py:639} INFO - DAG(s) dict_keys(['tutorial']) retrieved from /home/airflow/.local/lib/python3.6/site-packages/airflow/example_dags/tutorial.py
[2024-04-30 16:39:55,928] {logging_mixin.py:104} INFO - [2024-04-30 16:39:55,928] {dag.py:1824} INFO - Sync 1 DAGs
[2024-04-30 16:39:55,943] {logging_mixin.py:104} INFO - [2024-04-30 16:39:55,943] {dag.py:2280} INFO - Setting next_dagrun for tutorial to 2024-04-28 00:00:00+00:00
[2024-04-30 16:39:55,955] {scheduler_job.py:190} INFO - Processing /home/airflow/.local/lib/python3.6/site-packages/airflow/example_dags/tutorial.py took 0.067 seconds
[2024-04-30 16:40:26,318] {scheduler_job.py:182} INFO - Started process (PID=2062) to work on /home/airflow/.local/lib/python3.6/site-packages/airflow/example_dags/tutorial.py
[2024-04-30 16:40:26,319] {scheduler_job.py:629} INFO - Processing file /home/airflow/.local/lib/python3.6/site-packages/airflow/example_dags/tutorial.py for tasks to queue
[2024-04-30 16:40:26,320] {logging_mixin.py:104} INFO - [2024-04-30 16:40:26,320] {dagbag.py:451} INFO - Filling up the DagBag from /home/airflow/.local/lib/python3.6/site-packages/airflow/example_dags/tutorial.py
[2024-04-30 16:40:26,330] {scheduler_job.py:639} INFO - DAG(s) dict_keys(['tutorial']) retrieved from /home/airflow/.local/lib/python3.6/site-packages/airflow/example_dags/tutorial.py
[2024-04-30 16:40:26,352] {logging_mixin.py:104} INFO - [2024-04-30 16:40:26,352] {dag.py:1824} INFO - Sync 1 DAGs
[2024-04-30 16:40:26,367] {logging_mixin.py:104} INFO - [2024-04-30 16:40:26,367] {dag.py:2280} INFO - Setting next_dagrun for tutorial to 2024-04-28 00:00:00+00:00
[2024-04-30 16:40:26,378] {scheduler_job.py:190} INFO - Processing /home/airflow/.local/lib/python3.6/site-packages/airflow/example_dags/tutorial.py took 0.062 seconds
[2024-04-30 16:40:56,819] {scheduler_job.py:182} INFO - Started process (PID=2094) to work on /home/airflow/.local/lib/python3.6/site-packages/airflow/example_dags/tutorial.py
[2024-04-30 16:40:56,820] {scheduler_job.py:629} INFO - Processing file /home/airflow/.local/lib/python3.6/site-packages/airflow/example_dags/tutorial.py for tasks to queue
[2024-04-30 16:40:56,821] {logging_mixin.py:104} INFO - [2024-04-30 16:40:56,821] {dagbag.py:451} INFO - Filling up the DagBag from /home/airflow/.local/lib/python3.6/site-packages/airflow/example_dags/tutorial.py
[2024-04-30 16:40:56,829] {scheduler_job.py:639} INFO - DAG(s) dict_keys(['tutorial']) retrieved from /home/airflow/.local/lib/python3.6/site-packages/airflow/example_dags/tutorial.py
[2024-04-30 16:40:56,848] {logging_mixin.py:104} INFO - [2024-04-30 16:40:56,848] {dag.py:1824} INFO - Sync 1 DAGs
[2024-04-30 16:40:56,863] {logging_mixin.py:104} INFO - [2024-04-30 16:40:56,863] {dag.py:2280} INFO - Setting next_dagrun for tutorial to 2024-04-28 00:00:00+00:00
[2024-04-30 16:40:56,872] {scheduler_job.py:190} INFO - Processing /home/airflow/.local/lib/python3.6/site-packages/airflow/example_dags/tutorial.py took 0.056 seconds
[2024-04-30 16:41:27,451] {scheduler_job.py:182} INFO - Started process (PID=2126) to work on /home/airflow/.local/lib/python3.6/site-packages/airflow/example_dags/tutorial.py
[2024-04-30 16:41:27,452] {scheduler_job.py:629} INFO - Processing file /home/airflow/.local/lib/python3.6/site-packages/airflow/example_dags/tutorial.py for tasks to queue
[2024-04-30 16:41:27,453] {logging_mixin.py:104} INFO - [2024-04-30 16:41:27,453] {dagbag.py:451} INFO - Filling up the DagBag from /home/airflow/.local/lib/python3.6/site-packages/airflow/example_dags/tutorial.py
[2024-04-30 16:41:27,462] {scheduler_job.py:639} INFO - DAG(s) dict_keys(['tutorial']) retrieved from /home/airflow/.local/lib/python3.6/site-packages/airflow/example_dags/tutorial.py
[2024-04-30 16:41:27,484] {logging_mixin.py:104} INFO - [2024-04-30 16:41:27,484] {dag.py:1824} INFO - Sync 1 DAGs
[2024-04-30 16:41:27,500] {logging_mixin.py:104} INFO - [2024-04-30 16:41:27,500] {dag.py:2280} INFO - Setting next_dagrun for tutorial to 2024-04-28 00:00:00+00:00
[2024-04-30 16:41:27,510] {scheduler_job.py:190} INFO - Processing /home/airflow/.local/lib/python3.6/site-packages/airflow/example_dags/tutorial.py took 0.062 seconds
