[2024-05-02 07:36:50,538] {taskinstance.py:877} INFO - Dependencies all met for <TaskInstance: json_file_chain.step3_Decidewhichtask 2024-05-01T07:36:33.282126+00:00 [queued]>
[2024-05-02 07:36:50,578] {taskinstance.py:877} INFO - Dependencies all met for <TaskInstance: json_file_chain.step3_Decidewhichtask 2024-05-01T07:36:33.282126+00:00 [queued]>
[2024-05-02 07:36:50,581] {taskinstance.py:1068} INFO - 
--------------------------------------------------------------------------------
[2024-05-02 07:36:50,583] {taskinstance.py:1069} INFO - Starting attempt 1 of 1
[2024-05-02 07:36:50,584] {taskinstance.py:1070} INFO - 
--------------------------------------------------------------------------------
[2024-05-02 07:36:50,617] {taskinstance.py:1089} INFO - Executing <Task(BranchPythonOperator): step3_Decidewhichtask> on 2024-05-01T07:36:33.282126+00:00
[2024-05-02 07:36:50,655] {standard_task_runner.py:76} INFO - Running: ['airflow', 'tasks', 'run', 'json_file_chain', 'step3_Decidewhichtask', '2024-05-01T07:36:33.282126+00:00', '--job-id', '14138', '--pool', 'default_pool', '--raw', '--subdir', 'DAGS_FOLDER/json_file_chain.py', '--cfg-path', '/tmp/tmpf5wbvwu8', '--error-file', '/tmp/tmps7ugl6a1']
[2024-05-02 07:36:50,657] {standard_task_runner.py:77} INFO - Job 14138: Subtask step3_Decidewhichtask
[2024-05-02 07:36:50,645] {standard_task_runner.py:52} INFO - Started process 181 to run task
[2024-05-02 07:36:51,040] {logging_mixin.py:104} INFO - Running <TaskInstance: json_file_chain.step3_Decidewhichtask 2024-05-01T07:36:33.282126+00:00 [running]> on host c6f0c13ba6da
[2024-05-02 07:36:51,408] {taskinstance.py:1283} INFO - Exporting the following env vars:
AIRFLOW_CTX_DAG_OWNER=airflow
AIRFLOW_CTX_DAG_ID=json_file_chain
AIRFLOW_CTX_TASK_ID=step3_Decidewhichtask
AIRFLOW_CTX_EXECUTION_DATE=2024-05-01T07:36:33.282126+00:00
AIRFLOW_CTX_DAG_RUN_ID=scheduled__2024-05-01T07:36:33.282126+00:00
[2024-05-02 07:36:51,462] {python.py:118} INFO - Done. Returned value was: step3_dummy_dispari
[2024-05-02 07:36:51,471] {skipmixin.py:124} INFO - Following branch step3_dummy_dispari
[2024-05-02 07:36:51,512] {skipmixin.py:155} INFO - Skipping tasks ['step3_dummy_pari']
[2024-05-02 07:36:51,787] {taskinstance.py:1192} INFO - Marking task as SUCCESS. dag_id=json_file_chain, task_id=step3_Decidewhichtask, execution_date=20240501T073633, start_date=20240502T073650, end_date=20240502T073651
[2024-05-02 07:36:51,905] {taskinstance.py:1246} INFO - 1 downstream tasks scheduled from follow-on schedule check
[2024-05-02 07:36:51,966] {local_task_job.py:146} INFO - Task exited with return code 0
