[2024-04-24 22:11:41,228] {taskinstance.py:877} INFO - Dependencies all met for <TaskInstance: json_file.step2_JsonRead 2024-04-24T22:11:37.614747+00:00 [queued]>
[2024-04-24 22:11:41,279] {taskinstance.py:877} INFO - Dependencies all met for <TaskInstance: json_file.step2_JsonRead 2024-04-24T22:11:37.614747+00:00 [queued]>
[2024-04-24 22:11:41,280] {taskinstance.py:1068} INFO - 
--------------------------------------------------------------------------------
[2024-04-24 22:11:41,280] {taskinstance.py:1069} INFO - Starting attempt 1 of 1
[2024-04-24 22:11:41,281] {taskinstance.py:1070} INFO - 
--------------------------------------------------------------------------------
[2024-04-24 22:11:41,297] {taskinstance.py:1089} INFO - Executing <Task(PythonOperator): step2_JsonRead> on 2024-04-24T22:11:37.614747+00:00
[2024-04-24 22:11:41,309] {standard_task_runner.py:52} INFO - Started process 455 to run task
[2024-04-24 22:11:41,317] {standard_task_runner.py:76} INFO - Running: ['airflow', 'tasks', 'run', 'json_file', 'step2_JsonRead', '2024-04-24T22:11:37.614747+00:00', '--job-id', '14002', '--pool', 'default_pool', '--raw', '--subdir', 'DAGS_FOLDER/json_file.py', '--cfg-path', '/tmp/tmp9sy19da0', '--error-file', '/tmp/tmpw56_2bxd']
[2024-04-24 22:11:41,319] {standard_task_runner.py:77} INFO - Job 14002: Subtask step2_JsonRead
[2024-04-24 22:11:41,419] {logging_mixin.py:104} INFO - Running <TaskInstance: json_file.step2_JsonRead 2024-04-24T22:11:37.614747+00:00 [running]> on host c6f0c13ba6da
[2024-04-24 22:11:41,510] {taskinstance.py:1283} INFO - Exporting the following env vars:
AIRFLOW_CTX_DAG_OWNER=airflow
AIRFLOW_CTX_DAG_ID=json_file
AIRFLOW_CTX_TASK_ID=step2_JsonRead
AIRFLOW_CTX_EXECUTION_DATE=2024-04-24T22:11:37.614747+00:00
AIRFLOW_CTX_DAG_RUN_ID=manual__2024-04-24T22:11:37.614747+00:00
[2024-04-24 22:11:41,512] {python.py:118} INFO - Done. Returned value was: echo 'step2'
[2024-04-24 22:11:41,568] {taskinstance.py:1192} INFO - Marking task as SUCCESS. dag_id=json_file, task_id=step2_JsonRead, execution_date=20240424T221137, start_date=20240424T221141, end_date=20240424T221141
[2024-04-24 22:11:41,636] {taskinstance.py:1246} INFO - 1 downstream tasks scheduled from follow-on schedule check
[2024-04-24 22:11:41,658] {local_task_job.py:146} INFO - Task exited with return code 0
