[2024-04-24 22:09:32,553] {taskinstance.py:877} INFO - Dependencies all met for <TaskInstance: json_file.step2_BashCommand 2024-04-24T22:09:28.564939+00:00 [queued]>
[2024-04-24 22:09:32,578] {taskinstance.py:877} INFO - Dependencies all met for <TaskInstance: json_file.step2_BashCommand 2024-04-24T22:09:28.564939+00:00 [queued]>
[2024-04-24 22:09:32,578] {taskinstance.py:1068} INFO - 
--------------------------------------------------------------------------------
[2024-04-24 22:09:32,579] {taskinstance.py:1069} INFO - Starting attempt 1 of 1
[2024-04-24 22:09:32,579] {taskinstance.py:1070} INFO - 
--------------------------------------------------------------------------------
[2024-04-24 22:09:32,594] {taskinstance.py:1089} INFO - Executing <Task(BashOperator): step2_BashCommand> on 2024-04-24T22:09:28.564939+00:00
[2024-04-24 22:09:32,601] {standard_task_runner.py:52} INFO - Started process 440 to run task
[2024-04-24 22:09:32,609] {standard_task_runner.py:76} INFO - Running: ['airflow', 'tasks', 'run', 'json_file', 'step2_BashCommand', '2024-04-24T22:09:28.564939+00:00', '--job-id', '13994', '--pool', 'default_pool', '--raw', '--subdir', 'DAGS_FOLDER/json_file.py', '--cfg-path', '/tmp/tmp56sa6xie', '--error-file', '/tmp/tmp48j53cop']
[2024-04-24 22:09:32,610] {standard_task_runner.py:77} INFO - Job 13994: Subtask step2_BashCommand
[2024-04-24 22:09:32,679] {logging_mixin.py:104} INFO - Running <TaskInstance: json_file.step2_BashCommand 2024-04-24T22:09:28.564939+00:00 [running]> on host c6f0c13ba6da
[2024-04-24 22:09:32,844] {taskinstance.py:1283} INFO - Exporting the following env vars:
AIRFLOW_CTX_DAG_OWNER=airflow
AIRFLOW_CTX_DAG_ID=json_file
AIRFLOW_CTX_TASK_ID=step2_BashCommand
AIRFLOW_CTX_EXECUTION_DATE=2024-04-24T22:09:28.564939+00:00
AIRFLOW_CTX_DAG_RUN_ID=manual__2024-04-24T22:09:28.564939+00:00
[2024-04-24 22:09:32,845] {bash.py:135} INFO - Tmp dir root location: 
 /tmp
[2024-04-24 22:09:32,862] {bash.py:158} INFO - Running command: echo 'step2'
[2024-04-24 22:09:32,913] {bash.py:169} INFO - Output:
[2024-04-24 22:09:32,964] {bash.py:173} INFO - step2
[2024-04-24 22:09:32,967] {bash.py:177} INFO - Command exited with return code 0
[2024-04-24 22:09:33,093] {taskinstance.py:1192} INFO - Marking task as SUCCESS. dag_id=json_file, task_id=step2_BashCommand, execution_date=20240424T220928, start_date=20240424T220932, end_date=20240424T220933
[2024-04-24 22:09:33,202] {taskinstance.py:1246} INFO - 1 downstream tasks scheduled from follow-on schedule check
[2024-04-24 22:09:33,230] {local_task_job.py:146} INFO - Task exited with return code 0
