[2024-05-02 07:36:47,220] {taskinstance.py:877} INFO - Dependencies all met for <TaskInstance: json_file_chain.step1_BashCommand 2024-05-01T07:36:33.282126+00:00 [queued]>
[2024-05-02 07:36:47,262] {taskinstance.py:877} INFO - Dependencies all met for <TaskInstance: json_file_chain.step1_BashCommand 2024-05-01T07:36:33.282126+00:00 [queued]>
[2024-05-02 07:36:47,263] {taskinstance.py:1068} INFO - 
--------------------------------------------------------------------------------
[2024-05-02 07:36:47,265] {taskinstance.py:1069} INFO - Starting attempt 1 of 1
[2024-05-02 07:36:47,266] {taskinstance.py:1070} INFO - 
--------------------------------------------------------------------------------
[2024-05-02 07:36:47,300] {taskinstance.py:1089} INFO - Executing <Task(BashOperator): step1_BashCommand> on 2024-05-01T07:36:33.282126+00:00
[2024-05-02 07:36:47,341] {standard_task_runner.py:76} INFO - Running: ['airflow', 'tasks', 'run', 'json_file_chain', 'step1_BashCommand', '2024-05-01T07:36:33.282126+00:00', '--job-id', '14128', '--pool', 'default_pool', '--raw', '--subdir', 'DAGS_FOLDER/json_file_chain.py', '--cfg-path', '/tmp/tmp3z47viwz', '--error-file', '/tmp/tmp89_ei5es']
[2024-05-02 07:36:47,342] {standard_task_runner.py:77} INFO - Job 14128: Subtask step1_BashCommand
[2024-05-02 07:36:47,320] {standard_task_runner.py:52} INFO - Started process 155 to run task
[2024-05-02 07:36:47,547] {logging_mixin.py:104} INFO - Running <TaskInstance: json_file_chain.step1_BashCommand 2024-05-01T07:36:33.282126+00:00 [running]> on host c6f0c13ba6da
[2024-05-02 07:36:47,756] {taskinstance.py:1283} INFO - Exporting the following env vars:
AIRFLOW_CTX_DAG_OWNER=airflow
AIRFLOW_CTX_DAG_ID=json_file_chain
AIRFLOW_CTX_TASK_ID=step1_BashCommand
AIRFLOW_CTX_EXECUTION_DATE=2024-05-01T07:36:33.282126+00:00
AIRFLOW_CTX_DAG_RUN_ID=scheduled__2024-05-01T07:36:33.282126+00:00
[2024-05-02 07:36:47,766] {bash.py:135} INFO - Tmp dir root location: 
 /tmp
[2024-05-02 07:36:47,773] {bash.py:158} INFO - Running command: echo 'step1'
[2024-05-02 07:36:47,886] {bash.py:169} INFO - Output:
[2024-05-02 07:36:47,911] {bash.py:173} INFO - step1
[2024-05-02 07:36:47,919] {bash.py:177} INFO - Command exited with return code 0
[2024-05-02 07:36:48,319] {taskinstance.py:1192} INFO - Marking task as SUCCESS. dag_id=json_file_chain, task_id=step1_BashCommand, execution_date=20240501T073633, start_date=20240502T073647, end_date=20240502T073648
[2024-05-02 07:36:48,438] {taskinstance.py:1246} INFO - 1 downstream tasks scheduled from follow-on schedule check
[2024-05-02 07:36:48,477] {local_task_job.py:146} INFO - Task exited with return code 0
