[2024-05-02 10:22:27,883] {taskinstance.py:877} INFO - Dependencies all met for <TaskInstance: json_file_chain.step1_BashCommand 2024-05-02T10:22:24.896613+00:00 [queued]>
[2024-05-02 10:22:27,905] {taskinstance.py:877} INFO - Dependencies all met for <TaskInstance: json_file_chain.step1_BashCommand 2024-05-02T10:22:24.896613+00:00 [queued]>
[2024-05-02 10:22:27,906] {taskinstance.py:1068} INFO - 
--------------------------------------------------------------------------------
[2024-05-02 10:22:27,907] {taskinstance.py:1069} INFO - Starting attempt 1 of 1
[2024-05-02 10:22:27,907] {taskinstance.py:1070} INFO - 
--------------------------------------------------------------------------------
[2024-05-02 10:22:27,921] {taskinstance.py:1089} INFO - Executing <Task(BashOperator): step1_BashCommand> on 2024-05-02T10:22:24.896613+00:00
[2024-05-02 10:22:27,925] {standard_task_runner.py:52} INFO - Started process 256 to run task
[2024-05-02 10:22:27,933] {standard_task_runner.py:76} INFO - Running: ['airflow', 'tasks', 'run', 'json_file_chain', 'step1_BashCommand', '2024-05-02T10:22:24.896613+00:00', '--job-id', '14171', '--pool', 'default_pool', '--raw', '--subdir', 'DAGS_FOLDER/json_file_chain.py', '--cfg-path', '/tmp/tmpk94gomrs', '--error-file', '/tmp/tmpu_tecjg3']
[2024-05-02 10:22:27,934] {standard_task_runner.py:77} INFO - Job 14171: Subtask step1_BashCommand
[2024-05-02 10:22:27,992] {logging_mixin.py:104} INFO - Running <TaskInstance: json_file_chain.step1_BashCommand 2024-05-02T10:22:24.896613+00:00 [running]> on host c6f0c13ba6da
[2024-05-02 10:22:28,067] {taskinstance.py:1283} INFO - Exporting the following env vars:
AIRFLOW_CTX_DAG_OWNER=airflow
AIRFLOW_CTX_DAG_ID=json_file_chain
AIRFLOW_CTX_TASK_ID=step1_BashCommand
AIRFLOW_CTX_EXECUTION_DATE=2024-05-02T10:22:24.896613+00:00
AIRFLOW_CTX_DAG_RUN_ID=manual__2024-05-02T10:22:24.896613+00:00
[2024-05-02 10:22:28,069] {bash.py:135} INFO - Tmp dir root location: 
 /tmp
[2024-05-02 10:22:28,072] {bash.py:158} INFO - Running command: echo 'step1'
[2024-05-02 10:22:28,086] {bash.py:169} INFO - Output:
[2024-05-02 10:22:28,097] {bash.py:173} INFO - step1
[2024-05-02 10:22:28,098] {bash.py:177} INFO - Command exited with return code 0
[2024-05-02 10:22:28,130] {taskinstance.py:1192} INFO - Marking task as SUCCESS. dag_id=json_file_chain, task_id=step1_BashCommand, execution_date=20240502T102224, start_date=20240502T102227, end_date=20240502T102228
[2024-05-02 10:22:28,165] {taskinstance.py:1246} INFO - 1 downstream tasks scheduled from follow-on schedule check
[2024-05-02 10:22:28,189] {local_task_job.py:146} INFO - Task exited with return code 0
