[2024-05-02 07:51:07,065] {taskinstance.py:877} INFO - Dependencies all met for <TaskInstance: json_file_chain.step2_BashCommand 2024-05-02T07:51:03.396226+00:00 [queued]>
[2024-05-02 07:51:07,088] {taskinstance.py:877} INFO - Dependencies all met for <TaskInstance: json_file_chain.step2_BashCommand 2024-05-02T07:51:03.396226+00:00 [queued]>
[2024-05-02 07:51:07,088] {taskinstance.py:1068} INFO - 
--------------------------------------------------------------------------------
[2024-05-02 07:51:07,089] {taskinstance.py:1069} INFO - Starting attempt 1 of 1
[2024-05-02 07:51:07,089] {taskinstance.py:1070} INFO - 
--------------------------------------------------------------------------------
[2024-05-02 07:51:07,102] {taskinstance.py:1089} INFO - Executing <Task(BashOperator): step2_BashCommand> on 2024-05-02T07:51:03.396226+00:00
[2024-05-02 07:51:07,108] {standard_task_runner.py:52} INFO - Started process 213 to run task
[2024-05-02 07:51:07,114] {standard_task_runner.py:76} INFO - Running: ['airflow', 'tasks', 'run', 'json_file_chain', 'step2_BashCommand', '2024-05-02T07:51:03.396226+00:00', '--job-id', '14152', '--pool', 'default_pool', '--raw', '--subdir', 'DAGS_FOLDER/json_file_chain.py', '--cfg-path', '/tmp/tmpi5bhxhex', '--error-file', '/tmp/tmptuupf_fa']
[2024-05-02 07:51:07,115] {standard_task_runner.py:77} INFO - Job 14152: Subtask step2_BashCommand
[2024-05-02 07:51:07,175] {logging_mixin.py:104} INFO - Running <TaskInstance: json_file_chain.step2_BashCommand 2024-05-02T07:51:03.396226+00:00 [running]> on host c6f0c13ba6da
[2024-05-02 07:51:07,296] {taskinstance.py:1283} INFO - Exporting the following env vars:
AIRFLOW_CTX_DAG_OWNER=airflow
AIRFLOW_CTX_DAG_ID=json_file_chain
AIRFLOW_CTX_TASK_ID=step2_BashCommand
AIRFLOW_CTX_EXECUTION_DATE=2024-05-02T07:51:03.396226+00:00
AIRFLOW_CTX_DAG_RUN_ID=manual__2024-05-02T07:51:03.396226+00:00
[2024-05-02 07:51:07,297] {bash.py:135} INFO - Tmp dir root location: 
 /tmp
[2024-05-02 07:51:07,301] {bash.py:158} INFO - Running command: echo 'step2'
[2024-05-02 07:51:07,350] {bash.py:169} INFO - Output:
[2024-05-02 07:51:07,368] {bash.py:173} INFO - step2
[2024-05-02 07:51:07,370] {bash.py:177} INFO - Command exited with return code 0
[2024-05-02 07:51:07,469] {taskinstance.py:1192} INFO - Marking task as SUCCESS. dag_id=json_file_chain, task_id=step2_BashCommand, execution_date=20240502T075103, start_date=20240502T075107, end_date=20240502T075107
[2024-05-02 07:51:07,556] {taskinstance.py:1246} INFO - 1 downstream tasks scheduled from follow-on schedule check
[2024-05-02 07:51:07,570] {local_task_job.py:146} INFO - Task exited with return code 0
