[2024-05-02 10:32:23,061] {taskinstance.py:877} INFO - Dependencies all met for <TaskInstance: json_file_chain.step1_Decidewhichtask 2024-05-02T10:32:18.089424+00:00 [queued]>
[2024-05-02 10:32:23,092] {taskinstance.py:877} INFO - Dependencies all met for <TaskInstance: json_file_chain.step1_Decidewhichtask 2024-05-02T10:32:18.089424+00:00 [queued]>
[2024-05-02 10:32:23,093] {taskinstance.py:1068} INFO - 
--------------------------------------------------------------------------------
[2024-05-02 10:32:23,093] {taskinstance.py:1069} INFO - Starting attempt 1 of 1
[2024-05-02 10:32:23,094] {taskinstance.py:1070} INFO - 
--------------------------------------------------------------------------------
[2024-05-02 10:32:23,119] {taskinstance.py:1089} INFO - Executing <Task(BranchPythonOperator): step1_Decidewhichtask> on 2024-05-02T10:32:18.089424+00:00
[2024-05-02 10:32:23,128] {standard_task_runner.py:52} INFO - Started process 280 to run task
[2024-05-02 10:32:23,190] {standard_task_runner.py:76} INFO - Running: ['airflow', 'tasks', 'run', 'json_file_chain', 'step1_Decidewhichtask', '2024-05-02T10:32:18.089424+00:00', '--job-id', '14181', '--pool', 'default_pool', '--raw', '--subdir', 'DAGS_FOLDER/json_file_chain.py', '--cfg-path', '/tmp/tmp610bzauj', '--error-file', '/tmp/tmppaav2axp']
[2024-05-02 10:32:23,202] {standard_task_runner.py:77} INFO - Job 14181: Subtask step1_Decidewhichtask
[2024-05-02 10:32:23,368] {logging_mixin.py:104} INFO - Running <TaskInstance: json_file_chain.step1_Decidewhichtask 2024-05-02T10:32:18.089424+00:00 [running]> on host c6f0c13ba6da
[2024-05-02 10:32:23,434] {taskinstance.py:1283} INFO - Exporting the following env vars:
AIRFLOW_CTX_DAG_OWNER=airflow
AIRFLOW_CTX_DAG_ID=json_file_chain
AIRFLOW_CTX_TASK_ID=step1_Decidewhichtask
AIRFLOW_CTX_EXECUTION_DATE=2024-05-02T10:32:18.089424+00:00
AIRFLOW_CTX_DAG_RUN_ID=manual__2024-05-02T10:32:18.089424+00:00
[2024-05-02 10:32:23,457] {python.py:118} INFO - Done. Returned value was: step1_dummy_dispari
[2024-05-02 10:32:23,458] {skipmixin.py:124} INFO - Following branch step1_dummy_dispari
[2024-05-02 10:32:23,477] {skipmixin.py:155} INFO - Skipping tasks ['step1_dummy_pari']
[2024-05-02 10:32:23,565] {taskinstance.py:1192} INFO - Marking task as SUCCESS. dag_id=json_file_chain, task_id=step1_Decidewhichtask, execution_date=20240502T103218, start_date=20240502T103223, end_date=20240502T103223
[2024-05-02 10:32:23,611] {taskinstance.py:1246} INFO - 1 downstream tasks scheduled from follow-on schedule check
[2024-05-02 10:32:23,660] {local_task_job.py:146} INFO - Task exited with return code 0
