[2024-05-02 11:04:23,227] {taskinstance.py:877} INFO - Dependencies all met for <TaskInstance: json_file.step2_JsonRead 2024-05-02T11:04:20.702296+00:00 [queued]>
[2024-05-02 11:04:23,334] {taskinstance.py:877} INFO - Dependencies all met for <TaskInstance: json_file.step2_JsonRead 2024-05-02T11:04:20.702296+00:00 [queued]>
[2024-05-02 11:04:23,336] {taskinstance.py:1068} INFO - 
--------------------------------------------------------------------------------
[2024-05-02 11:04:23,340] {taskinstance.py:1069} INFO - Starting attempt 1 of 1
[2024-05-02 11:04:23,341] {taskinstance.py:1070} INFO - 
--------------------------------------------------------------------------------
[2024-05-02 11:04:23,368] {taskinstance.py:1089} INFO - Executing <Task(PythonOperator): step2_JsonRead> on 2024-05-02T11:04:20.702296+00:00
[2024-05-02 11:04:23,451] {standard_task_runner.py:76} INFO - Running: ['airflow', 'tasks', 'run', 'json_file', 'step2_JsonRead', '2024-05-02T11:04:20.702296+00:00', '--job-id', '14216', '--pool', 'default_pool', '--raw', '--subdir', 'DAGS_FOLDER/json_file.py', '--cfg-path', '/tmp/tmp51u_3zdn', '--error-file', '/tmp/tmpy7o6js_k']
[2024-05-02 11:04:23,466] {standard_task_runner.py:77} INFO - Job 14216: Subtask step2_JsonRead
[2024-05-02 11:04:23,393] {standard_task_runner.py:52} INFO - Started process 362 to run task
[2024-05-02 11:04:23,756] {logging_mixin.py:104} INFO - Running <TaskInstance: json_file.step2_JsonRead 2024-05-02T11:04:20.702296+00:00 [running]> on host c6f0c13ba6da
[2024-05-02 11:04:23,940] {taskinstance.py:1283} INFO - Exporting the following env vars:
AIRFLOW_CTX_DAG_OWNER=airflow
AIRFLOW_CTX_DAG_ID=json_file
AIRFLOW_CTX_TASK_ID=step2_JsonRead
AIRFLOW_CTX_EXECUTION_DATE=2024-05-02T11:04:20.702296+00:00
AIRFLOW_CTX_DAG_RUN_ID=manual__2024-05-02T11:04:20.702296+00:00
[2024-05-02 11:04:23,944] {python.py:118} INFO - Done. Returned value was: echo 'step2'
[2024-05-02 11:04:24,071] {taskinstance.py:1192} INFO - Marking task as SUCCESS. dag_id=json_file, task_id=step2_JsonRead, execution_date=20240502T110420, start_date=20240502T110423, end_date=20240502T110424
[2024-05-02 11:04:24,150] {taskinstance.py:1246} INFO - 1 downstream tasks scheduled from follow-on schedule check
[2024-05-02 11:04:24,195] {local_task_job.py:146} INFO - Task exited with return code 0
