[2024-04-30 16:13:40,649] {taskinstance.py:877} INFO - Dependencies all met for <TaskInstance: json_file.step2_Decidewhichtask 2024-04-30T16:13:32.443971+00:00 [queued]>
[2024-04-30 16:13:40,737] {taskinstance.py:877} INFO - Dependencies all met for <TaskInstance: json_file.step2_Decidewhichtask 2024-04-30T16:13:32.443971+00:00 [queued]>
[2024-04-30 16:13:40,752] {taskinstance.py:1068} INFO - 
--------------------------------------------------------------------------------
[2024-04-30 16:13:40,753] {taskinstance.py:1069} INFO - Starting attempt 1 of 1
[2024-04-30 16:13:40,754] {taskinstance.py:1070} INFO - 
--------------------------------------------------------------------------------
[2024-04-30 16:13:40,793] {taskinstance.py:1089} INFO - Executing <Task(BranchPythonOperator): step2_Decidewhichtask> on 2024-04-30T16:13:32.443971+00:00
[2024-04-30 16:13:40,814] {standard_task_runner.py:76} INFO - Running: ['airflow', 'tasks', 'run', 'json_file', 'step2_Decidewhichtask', '2024-04-30T16:13:32.443971+00:00', '--job-id', '14116', '--pool', 'default_pool', '--raw', '--subdir', 'DAGS_FOLDER/json_file.py', '--cfg-path', '/tmp/tmp55859qf1', '--error-file', '/tmp/tmpwd7fab9_']
[2024-04-30 16:13:40,815] {standard_task_runner.py:77} INFO - Job 14116: Subtask step2_Decidewhichtask
[2024-04-30 16:13:40,803] {standard_task_runner.py:52} INFO - Started process 131 to run task
[2024-04-30 16:13:41,072] {logging_mixin.py:104} INFO - Running <TaskInstance: json_file.step2_Decidewhichtask 2024-04-30T16:13:32.443971+00:00 [running]> on host c6f0c13ba6da
[2024-04-30 16:13:41,369] {taskinstance.py:1283} INFO - Exporting the following env vars:
AIRFLOW_CTX_DAG_OWNER=airflow
AIRFLOW_CTX_DAG_ID=json_file
AIRFLOW_CTX_TASK_ID=step2_Decidewhichtask
AIRFLOW_CTX_EXECUTION_DATE=2024-04-30T16:13:32.443971+00:00
AIRFLOW_CTX_DAG_RUN_ID=manual__2024-04-30T16:13:32.443971+00:00
[2024-04-30 16:13:41,397] {python.py:118} INFO - Done. Returned value was: step2_dummy_pari
[2024-04-30 16:13:41,400] {skipmixin.py:124} INFO - Following branch step2_dummy_pari
[2024-04-30 16:13:41,422] {skipmixin.py:155} INFO - Skipping tasks ['step2_dummy_dispari']
[2024-04-30 16:13:41,663] {taskinstance.py:1192} INFO - Marking task as SUCCESS. dag_id=json_file, task_id=step2_Decidewhichtask, execution_date=20240430T161332, start_date=20240430T161340, end_date=20240430T161341
[2024-04-30 16:13:41,768] {taskinstance.py:1246} INFO - 1 downstream tasks scheduled from follow-on schedule check
[2024-04-30 16:13:41,822] {local_task_job.py:146} INFO - Task exited with return code 0
