[2024-04-26 07:51:03,061] {taskinstance.py:877} INFO - Dependencies all met for <TaskInstance: json_file.step3_BashCommand 2024-04-26T07:50:59.390908+00:00 [queued]>
[2024-04-26 07:51:03,088] {taskinstance.py:877} INFO - Dependencies all met for <TaskInstance: json_file.step3_BashCommand 2024-04-26T07:50:59.390908+00:00 [queued]>
[2024-04-26 07:51:03,091] {taskinstance.py:1068} INFO - 
--------------------------------------------------------------------------------
[2024-04-26 07:51:03,092] {taskinstance.py:1069} INFO - Starting attempt 1 of 1
[2024-04-26 07:51:03,093] {taskinstance.py:1070} INFO - 
--------------------------------------------------------------------------------
[2024-04-26 07:51:03,119] {taskinstance.py:1089} INFO - Executing <Task(BashOperator): step3_BashCommand> on 2024-04-26T07:50:59.390908+00:00
[2024-04-26 07:51:03,134] {standard_task_runner.py:76} INFO - Running: ['airflow', 'tasks', 'run', 'json_file', 'step3_BashCommand', '2024-04-26T07:50:59.390908+00:00', '--job-id', '14041', '--pool', 'default_pool', '--raw', '--subdir', 'DAGS_FOLDER/json_file.py', '--cfg-path', '/tmp/tmpcqyquwm3', '--error-file', '/tmp/tmpxj7vbj9h']
[2024-04-26 07:51:03,128] {standard_task_runner.py:52} INFO - Started process 81 to run task
[2024-04-26 07:51:03,135] {standard_task_runner.py:77} INFO - Job 14041: Subtask step3_BashCommand
[2024-04-26 07:51:03,252] {logging_mixin.py:104} INFO - Running <TaskInstance: json_file.step3_BashCommand 2024-04-26T07:50:59.390908+00:00 [running]> on host c6f0c13ba6da
[2024-04-26 07:51:03,341] {taskinstance.py:1283} INFO - Exporting the following env vars:
AIRFLOW_CTX_DAG_OWNER=airflow
AIRFLOW_CTX_DAG_ID=json_file
AIRFLOW_CTX_TASK_ID=step3_BashCommand
AIRFLOW_CTX_EXECUTION_DATE=2024-04-26T07:50:59.390908+00:00
AIRFLOW_CTX_DAG_RUN_ID=manual__2024-04-26T07:50:59.390908+00:00
[2024-04-26 07:51:03,343] {bash.py:135} INFO - Tmp dir root location: 
 /tmp
[2024-04-26 07:51:03,349] {bash.py:158} INFO - Running command: echo 'step3'
[2024-04-26 07:51:03,366] {bash.py:169} INFO - Output:
[2024-04-26 07:51:03,374] {bash.py:173} INFO - step3
[2024-04-26 07:51:03,375] {bash.py:177} INFO - Command exited with return code 0
[2024-04-26 07:51:03,416] {taskinstance.py:1192} INFO - Marking task as SUCCESS. dag_id=json_file, task_id=step3_BashCommand, execution_date=20240426T075059, start_date=20240426T075103, end_date=20240426T075103
[2024-04-26 07:51:03,467] {taskinstance.py:1246} INFO - 1 downstream tasks scheduled from follow-on schedule check
[2024-04-26 07:51:03,514] {local_task_job.py:146} INFO - Task exited with return code 0
